   3.3333333333333335E-003   1.1000000000000001        5.8352269636822118     
   6.6666666666666671E-003   1.1018664951367834        5.9384921369283168     
   1.0000000000000000E-002   1.1037321715671113        6.0418554915364862     
   1.3333333333333334E-002   1.1055962109436406        6.1452753135829656     
   1.6666666666666666E-002   1.1074577956370937        6.2487094349694479     
   2.0000000000000000E-002   1.1093161090948975        6.3521152181523464     
   2.3333333333333334E-002   1.1111703361993523        6.4554495415408502     
   2.6666666666666668E-002   1.1130196636251668        6.5586687856937482     
   3.0000000000000002E-002   1.1148632801962117        6.6617288204487135     
   3.3333333333333333E-002   1.1167003772413262        6.7645849931181301     
   3.6666666666666667E-002   1.1185301489490302        6.8671921178886111     
   4.0000000000000001E-002   1.1203517927209781        6.9695044665609389     
   4.3333333333333335E-002   1.1221645095240054        7.0714757607690544     
   4.6666666666666669E-002   1.1239675042406114        7.1730591658160598     
   5.0000000000000003E-002   1.1257599860177243        7.2742072862650753     
   5.3333333333333337E-002   1.1275411686135943        7.3748721634216929     
   5.6666666666666671E-002   1.1293102707426663        7.4750052748433840     
   6.0000000000000005E-002   1.1310665164182769        7.5745575360086610     
   6.3333333333333339E-002   1.1328091352930285        7.6734793042760367     
   6.6666666666666666E-002   1.1345373629966886        7.7717203852592096     
   6.9999999999999993E-002   1.1362504414714678        7.8692300417404057     
   7.3333333333333320E-002   1.1379476193045295        7.9659570052386579     
   7.6666666666666647E-002   1.1396281520575833        8.0618494903439100     
   7.9999999999999974E-002   1.1412913025934222        8.1568552119213873     
   8.3333333333333301E-002   1.1429363413992533        8.2509214052820070     
   8.6666666666666628E-002   1.1445625469066874        8.3439948494077960     
   8.9999999999999955E-002   1.1461692058082422        8.4360218933105351     
   9.3333333333333282E-002   1.1477556133702229        8.5269484855927598     
   9.6666666666666609E-002   1.1493210737418418        8.6167202072686369     
   9.9999999999999936E-002   1.1508649002604407        8.7052823078909221     
  0.10333333333333326        1.1523864157526849        8.7925797450174894     
  0.10666666666666659        1.1538849528315924        8.8785572270375130     
  0.10999999999999992        1.1553598541892738        8.9631592593634988     
  0.11333333333333324        1.1568104728852475        9.0463301939803937     
  0.11666666666666657        1.1582361726302102        9.1280142823279213     
  0.11999999999999990        1.1596363280651336        9.2081557314758822     
  0.12333333333333323        1.1610103250355686        9.2866987635361724     
  0.12666666666666657        1.1623575608610328        9.3635876782379608     
  0.12999999999999989        1.1636774445993667        9.4387669185752809     
  0.13333333333333322        1.1649693973059403        9.5121811394189493     
  0.13666666666666655        1.1662328522875967        9.5837752789666446     
  0.13999999999999987        1.1674672553512235        9.6534946328877407     
  0.14333333333333320        1.1686720650468398        9.7212849310010157     
  0.14666666666666653        1.1698467529050933        9.7870924163065336     
  0.14999999999999986        1.1709908036690662        9.8508639261754443     
  0.15333333333333318        1.1721037155202816        9.9125469754840108     
  0.15666666666666651        1.1731850002988198        9.9720898414630863     
  0.15999999999999984        1.1742341837174401        10.029441650017093     
  0.16333333333333316        1.1752508055696191        10.084552463252813     
  0.16666666666666649        1.1762344199314130        10.137373367943720     
  0.16999999999999982        1.1771845953570537        10.187856564642749     
  0.17333333333333314        1.1781009150681963        10.235955457144575     
  0.17666666666666647        1.1789829771367304        10.281624741988178     
  0.17999999999999980        1.1798303946610806        10.324820497681076     
  0.18333333333333313        1.1806427959359134        10.365500273319022     
  0.18666666666666645        1.1814198246151790        10.403623176269246     
  0.18999999999999978        1.1821611398684184        10.439149958580591     
  0.19333333333333311        1.1828664165302603        10.472043101781429     
  0.19666666666666643        1.1835353452430513        10.502266899725930     
  0.19999999999999976        1.1841676325925496        10.529787539149632     
  0.20333333333333309        1.1847630012366268        10.554573177599018     
  0.20666666666666642        1.1853211900269183        10.576594018404478     
  0.20999999999999974        1.1858419541233720        10.595822382373118     
  0.21333333333333307        1.1863250651016441        10.612232775886937     
  0.21666666666666640        1.1867703110532928        10.625801955102553     
  0.21999999999999972        1.1871774966787279        10.636508985961513     
  0.22333333333333305        1.1875464433728762        10.644335299735284     
  0.22666666666666638        1.1878769893035244        10.649264743844711     
  0.22999999999999970        1.1881689894823024        10.651283627712449     
  0.23333333333333303        1.1884223158282810        10.650380763426535     
  0.23666666666666636        1.1886368572241526        10.646547501014252     
  0.23999999999999969        1.1888125195649701        10.639777758148186     
  0.24333333333333301        1.1889492257994252        10.630068044130310     
  0.24666666666666634        1.1890469159636452        10.617417478024715     
  0.24999999999999967        1.1891055472074954        10.601827800835311     
  0.25333333333333302        1.1891250938133746        10.583303381651739     
  0.25666666666666638        1.1891055472074954        10.561851217713420     
  0.25999999999999973        1.1890469159636452        10.537480928369696     
  0.26333333333333309        1.1889492257994252        10.510204742941330     
  0.26666666666666644        1.1888125195649701        10.480037482516702     
  0.26999999999999980        1.1886368572241526        10.446996535743413     
  0.27333333333333315        1.1884223158282812        10.411101828703435     
  0.27666666666666651        1.1881689894823024        10.372375788986339     
  0.27999999999999986        1.1878769893035244        10.330843304101728     
  0.28333333333333321        1.1875464433728764        10.286531674396226     
  0.28666666666666657        1.1871774966787279        10.239470560665088     
  0.28999999999999992        1.1867703110532928        10.189691926671355     
  0.29333333333333328        1.1863250651016444        10.137229976806074     
  0.29666666666666663        1.1858419541233720        10.082121089144453     
  0.29999999999999999        1.1853211900269183        10.024403744169932     
  0.30333333333333334        1.1847630012366268        9.9641184494557038     
  0.30666666666666670        1.1841676325925499        9.9013076606076975     
  0.31000000000000005        1.1835353452430513        9.8360156987859568     
  0.31333333333333341        1.1828664165302603        9.7682886651330794     
  0.31666666666666676        1.1821611398684184        9.6981743524464381     
  0.32000000000000012        1.1814198246151792        9.6257221544391154     
  0.32333333333333347        1.1806427959359134        9.5509829729387725     
  0.32666666666666683        1.1798303946610806        9.4740091233772841     
  0.33000000000000018        1.1789829771367304        9.3948542389247667     
  0.33333333333333354        1.1781009150681963        9.3135731736211422     
  0.33666666666666689        1.1771845953570539        9.2302219048552612     
  0.34000000000000025        1.1762344199314130        9.1448574355375261     
  0.34333333333333360        1.1752508055696191        9.0575376963054026     
  0.34666666666666696        1.1742341837174399        8.9683214480930147     
  0.35000000000000031        1.1731850002988198        8.8772681853873152     
  0.35333333333333367        1.1721037155202816        8.7844380404812021     
  0.35666666666666702        1.1709908036690662        8.6898916890227156     
  0.36000000000000038        1.1698467529050933        8.5936902571449938     
  0.36333333333333373        1.1686720650468396        8.4958952304477275     
  0.36666666666666708        1.1674672553512235        8.3965683650845389     
  0.37000000000000044        1.1662328522875967        8.2957716011947902     
  0.37333333333333379        1.1649693973059401        8.1935669789008649     
  0.37666666666666715        1.1636774445993667        8.0900165570741525     
  0.38000000000000050        1.1623575608610326        7.9851823350547138     
  0.38333333333333386        1.1610103250355683        7.8791261774915249     
  0.38666666666666721        1.1596363280651334        7.7719097424505792     
  0.39000000000000057        1.1582361726302099        7.6635944129202613     
  0.39333333333333392        1.1568104728852473        7.5542412318239611     
  0.39666666666666728        1.1553598541892738        7.4439108406316414     
  0.40000000000000063        1.1538849528315922        7.3326634216434554     
  0.40333333333333399        1.1523864157526846        7.2205586440010290     
  0.40666666666666734        1.1508649002604405        7.1076556134634750     
  0.41000000000000070        1.1493210737418416        6.9940128259695342     
  0.41333333333333405        1.1477556133702227        6.8796881249894826     
  0.41666666666666741        1.1461692058082418        6.7647386626555832     
  0.42000000000000076        1.1445625469066871        6.6492208646444153     
  0.42333333333333412        1.1429363413992530        6.5331903987701754     
  0.42666666666666747        1.1412913025934219        6.4167021472348269     
  0.43000000000000083        1.1396281520575831        6.2998101824678452     
  0.43333333333333418        1.1379476193045290        6.1825677464771527     
  0.43666666666666754        1.1362504414714674        6.0650272336214659     
  0.44000000000000089        1.1345373629966882        5.9472401767046552     
  0.44333333333333425        1.1328091352930281        5.8292572362833699     
  0.44666666666666760        1.1310665164182765        5.7111281930712599     
  0.45000000000000095        1.1293102707426659        5.5929019433154679     
  0.45333333333333431        1.1275411686135939        5.4746264970151461     
  0.45666666666666766        1.1257599860177239        5.3563489788456451     
  0.46000000000000102        1.1239675042406110        5.2381156316476387     
  0.46333333333333437        1.1221645095240047        5.1199718223363471     
  0.46666666666666773        1.1203517927209774        5.0019620500829873     
  0.47000000000000108        1.1185301489490296        4.8841299566179508     
  0.47333333333333444        1.1167003772413258        4.7665183385037260     
  0.47666666666666779        1.1148632801962111        4.6491691612242079     
  0.48000000000000115        1.1130196636251664        4.5321235749371604     
  0.48333333333333450        1.1111703361993517        4.4154219317359580     
  0.48666666666666786        1.1093161090948969        4.2991038042683023     
  0.49000000000000121        1.1074577956370930        4.1832080055602514     
  0.49333333333333457        1.1055962109436399        4.0677726098957123     
  0.49666666666666792        1.1037321715671107        3.9528349746041314     
  0.50000000000000122        1.1018664951367827        3.8384317626106763     
  0.50333333333333452        1.0999999999999994        3.7245989656073357     
  0.50666666666666782        1.0981335048632161        3.6113719277055387     
  0.51000000000000112        1.0962678284328882        3.4987853694348994     
  0.51333333333333442        1.0944037890563589        3.3868734119564317     
  0.51666666666666772        1.0925422043629061        3.2756696013624995     
  0.52000000000000102        1.0906838909051020        3.1652069329399040     
  0.52333333333333432        1.0888296638006474        3.0555178752771393     
  0.52666666666666762        1.0869803363748327        2.9466343941009443     
  0.53000000000000091        1.0851367198037880        2.8385879757325561     
  0.53333333333333421        1.0832996227586735        2.7314096500581861     
  0.53666666666666751        1.0814698510509695        2.6251300129135213     
  0.54000000000000081        1.0796482072790217        2.5197792477870973     
  0.54333333333333411        1.0778354904759944        2.4153871467519443     
  0.54666666666666741        1.0760324957593883        2.3119831305403666     
  0.55000000000000071        1.0742400139822754        2.2095962676818108     
  0.55333333333333401        1.0724588313864054        2.1082552926287930     
  0.55666666666666731        1.0706897292573336        2.0079886228010824     
  0.56000000000000061        1.0689334835817230        1.9088243744836531     
  0.56333333333333391        1.0671908647069712        1.8107903775190002     
  0.56666666666666721        1.0654626370033113        1.7139141887399745     
  0.57000000000000051        1.0637495585285321        1.6182231040940023     
  0.57333333333333381        1.0620523806954705        1.5237441694156031     
  0.57666666666666710        1.0603718479424167        1.4305041898087196     
  0.58000000000000040        1.0587086974065776        1.3385297376060521     
  0.58333333333333370        1.0570636586007467        1.2478471588780755     
  0.58666666666666700        1.0554374530933126        1.1584825784690753     
  0.59000000000000030        1.0538307941917577        1.0704619035438590     
  0.59333333333333360        1.0522443866297770       0.98381082563320787     
  0.59666666666666690        1.0506789262581582       0.89855482117204177     
  0.60000000000000020        1.0491350997395592       0.81471915052961696     
  0.60333333333333350        1.0476135842473153       0.73232885553605409     
  0.60666666666666680        1.0461150471684075       0.65140875551512045     
  0.61000000000000010        1.0446401458107262       0.57198344183865402     
  0.61333333333333340        1.0431895271147527       0.49407727102278282     
  0.61666666666666670        1.0417638273697900       0.41771435639189447     
  0.62000000000000000        1.0403636719348666       0.34291855834133855     
  0.62333333333333329        1.0389896749644316       0.26971347323480238     
  0.62666666666666659        1.0376424391389674       0.19812242097778224     
  0.62999999999999989        1.0363225554006334       0.12816843131324387     
  0.63333333333333319        1.0350306026940599        5.9874228890758795E-002
  0.63666666666666649        1.0337671477124035       -6.7377828349929466E-003
  0.63999999999999979        1.0325327446487766       -7.1645538815825541E-002
  0.64333333333333309        1.0313279349531606      -0.13482733066629932     
  0.64666666666666639        1.0301532470949069      -0.19626182589544378     
  0.64999999999999969        1.0290091963309340      -0.25592808804006467     
  0.65333333333333299        1.0278962844797186      -0.31380559762211013     
  0.65666666666666629        1.0268149997011804      -0.36987427384875698     
  0.65999999999999959        1.0257658162825602      -0.42411449697040693     
  0.66333333333333289        1.0247491944303813      -0.47650713120863419     
  0.66666666666666619        1.0237655800685872      -0.52703354816324743     
  0.66999999999999948        1.0228154046429465      -0.57567565060500303     
  0.67333333333333278        1.0218990849318041      -0.62241589655850782     
  0.67666666666666608        1.0210170228632698      -0.66723732357758558     
  0.67999999999999938        1.0201696053389195      -0.71012357311426988     
  0.68333333333333268        1.0193572040640870      -0.75105891488150900     
  0.68666666666666598        1.0185801753848212      -0.79002827110859686     
  0.68999999999999928        1.0178388601315820      -0.82701724058855497     
  0.69333333333333258        1.0171335834697401      -0.86201212241673353     
  0.69666666666666588        1.0164646547569489      -0.89499993932030930     
  0.69999999999999918        1.0158323674074505      -0.92596846047983239     
  0.70333333333333248        1.0152369987633734      -0.95490622374536871     
  0.70666666666666578        1.0146788099730821      -0.98180255715148290     
  0.70999999999999908        1.0141580458766282       -1.0066475996384505     
  0.71333333333333238        1.0136749348983560       -1.0294323208891780     
  0.71666666666666567        1.0132296889467074       -1.0501485401955537     
  0.71999999999999897        1.0128225033212725       -1.0687889442708491     
  0.72333333333333227        1.0124535566271240       -1.0853471039297948     
  0.72666666666666557        1.0121230106964758       -1.0998174895620112     
  0.72999999999999887        1.0118310105176980       -1.1121954853297442     
  0.73333333333333217        1.0115776841717192       -1.1224774020262911     
  0.73666666666666547        1.0113631427758476       -1.1306604885367826     
  0.73999999999999877        1.0111874804350303       -1.1367429418495869     
  0.74333333333333207        1.0110507742005750       -1.1407239155723730     
  0.74666666666666537        1.0109530840363550       -1.1426035269135588     
  0.74999999999999867        1.0108944527925048       -1.1423828620968091     
  0.75333333333333197        1.0108749061866256       -1.1400639801827401     
  0.75666666666666527        1.0108944527925048       -1.1356499152794191     
  0.75999999999999857        1.0109530840363550       -1.1291446771300386     
  0.76333333333333186        1.0110507742005750       -1.1205532500736786     
  0.76666666666666516        1.0111874804350300       -1.1098815903818993     
  0.76999999999999846        1.0113631427758476       -1.0971366219813767     
  0.77333333333333176        1.0115776841717190       -1.0823262305798100     
  0.77666666666666506        1.0118310105176977       -1.0654592562191512     
  0.77999999999999836        1.0121230106964756       -1.0465454842875481     
  0.78333333333333166        1.0124535566271238       -1.0255956350273554     
  0.78666666666666496        1.0128225033212721       -1.0026213515838567     
  0.78999999999999826        1.0132296889467072      -0.97763518664480775     
  0.79333333333333156        1.0136749348983556      -0.95065058772741851     
  0.79666666666666486        1.0141580458766279      -0.92168188117450778     
  0.79999999999999816        1.0146788099730817      -0.89074425492745346     
  0.80333333333333146        1.0152369987633729      -0.85785374014770543     
  0.80666666666666476        1.0158323674074501      -0.82302719176388095     
  0.80999999999999805        1.0164646547569485      -0.78628226802519385     
  0.81333333333333135        1.0171335834697395      -0.74763740914553944     
  0.81666666666666465        1.0178388601315813      -0.70711181512633658     
  0.81999999999999795        1.0185801753848205      -0.66472542284841840     
  0.82333333333333125        1.0193572040640864      -0.62049888252611463     
  0.82666666666666455        1.0201696053389191      -0.57445353361826501     
  0.82999999999999785        1.0210170228632691      -0.52661138029254950     
  0.83333333333333115        1.0218990849318033      -0.47699506654030854     
  0.83666666666666445        1.0228154046429458      -0.42562785103988565     
  0.83999999999999775        1.0237655800685865      -0.37253358186622254     
  0.84333333333333105        1.0247491944303804      -0.31773667114439819     
  0.84666666666666435        1.0257658162825594      -0.26126206974407890     
  0.84999999999999765        1.0268149997011795      -0.20313524211034897     
  0.85333333333333095        1.0278962844797177      -0.14338214132526481     
  0.85666666666666424        1.0290091963309331       -8.2029184492344989E-002
  0.85999999999999754        1.0301532470949060       -1.9103228533831298E-002
  0.86333333333333084        1.0313279349531594        4.5368453511710406E-002
  0.86666666666666414        1.0325327446487755       0.11135819560723230     
  0.86999999999999744        1.0337671477124024       0.17883796116893227     
  0.87333333333333074        1.0350306026940588       0.24777936477440565     
  0.87666666666666404        1.0363225554006323       0.31815369305291274     
  0.87999999999999734        1.0376424391389663       0.38993192468771526     
  0.88333333333333064        1.0389896749644305       0.46308474946449368     
  0.88666666666666394        1.0403636719348655       0.53758258630413791     
  0.88999999999999724        1.0417638273697889       0.61339560022262563     
  0.89333333333333054        1.0431895271147513       0.69049371816548133     
  0.89666666666666384        1.0446401458107251       0.76884664366895794     
  0.89999999999999714        1.0461150471684064       0.84842387030466504     
  0.90333333333333043        1.0476135842473140       0.92919469386985754     
  0.90666666666666373        1.0491350997395581        1.0111282232899406     
  0.90999999999999703        1.0506789262581568        1.0941933902051038     
  0.91333333333333033        1.0522443866297757        1.1783589572183311     
  0.91666666666666363        1.0538307941917566        1.2635935247863364     
  0.91999999999999693        1.0554374530933113        1.3498655367410755     
  0.92333333333333023        1.0570636586007454        1.4371432844340015     
  0.92666666666666353        1.0587086974065762        1.5253949095003085     
  0.92999999999999683        1.0603718479424153        1.6145884052461699     
  0.93333333333333013        1.0620523806954691        1.7046916166661765     
  0.93666666666666343        1.0637495585285306        1.7956722391044249     
  0.93999999999999673        1.0654626370033098        1.8874978155764970     
  0.94333333333333003        1.0671908647069699        1.9801357327758420     
  0.94666666666666333        1.0689334835817215        2.0735532157923360     
  0.94999999999999662        1.0706897292573321        2.1677173215762275     
  0.95333333333332992        1.0724588313864041        2.2625949311854372     
  0.95666666666666322        1.0742400139822739        2.3581527408592513     
  0.95999999999999652        1.0760324957593868        2.4543572519666488     
  0.96333333333332982        1.0778354904759930        2.5511747598818033     
  0.96666666666666312        1.0796482072790203        2.6485713418448609     
  0.96999999999999642        1.0814698510509679        2.7465128438706050     
  0.97333333333332972        1.0832996227586720        2.8449648667724317     
  0.97666666666666302        1.0851367198037867        2.9438927513739350     
  0.97999999999999632        1.0869803363748312        3.0432615629851214     
  0.98333333333332962        1.0888296638006458        3.1430360752250408     
  0.98666666666666292        1.0906838909051004        3.2431807532768908     
  0.98999999999999622        1.0925422043629045        3.3436597366668170     
  0.99333333333332952        1.0944037890563574        3.4444368216613257     
  0.99666666666666281        1.0962678284328866        3.5454754433835594     
  0.99999999999999611        1.0981335048632146        3.6467386577519170     
   1.0033333333333294        1.0999999999999979        3.7481891233494533     
   1.0066666666666628        1.1018664951367811        3.8497890833361770     
   1.0099999999999962        1.1037321715671093        3.9515003475201760     
   1.0133333333333296        1.1055962109436386        4.0532842747071642     
   1.0166666666666631        1.1074577956370915        4.1551017554517937     
   1.0199999999999965        1.1093161090948955        4.2569131953366117     
   1.0233333333333299        1.1111703361993504        4.3586784989082661     
   1.0266666666666633        1.1130196636251650        4.4603570544026461     
   1.0299999999999967        1.1148632801962097        4.5619077193931608     
   1.0333333333333301        1.1167003772413244        4.6632888074983576     
   1.0366666666666635        1.1185301489490285        4.7644580762865347     
   1.0399999999999969        1.1203517927209763        4.8653727165160889     
   1.0433333333333303        1.1221645095240036        4.9659893428513042     
   1.0466666666666637        1.1239675042406099        5.0662639861929781     
   1.0499999999999972        1.1257599860177228        5.1661520877632228     
   1.0533333333333306        1.1275411686135928        5.2656084950827564     
   1.0566666666666640        1.1293102707426648        5.3645874599773240     
   1.0599999999999974        1.1310665164182756        5.4630426387476980     
   1.0633333333333308        1.1328091352930272        5.5609270946348461     
   1.0666666666666642        1.1345373629966873        5.6581933027082290     
   1.0699999999999976        1.1362504414714665        5.7547931573005746     
   1.0733333333333310        1.1379476193045281        5.8506779821077428     
   1.0766666666666644        1.1396281520575822        5.9457985430660116     
   1.0799999999999979        1.1412913025934210        6.0401050641126215     
   1.0833333333333313        1.1429363413992524        6.1335472459273905     
   1.0866666666666647        1.1445625469066865        6.2260742877454085     
   1.0899999999999981        1.1461692058082413        6.3176349123212194     
   1.0933333333333315        1.1477556133702220        6.4081773941145039     
   1.0966666666666649        1.1493210737418409        6.4976495907570060     
   1.0999999999999983        1.1508649002604399        6.5859989778480603     
   1.1033333333333317        1.1523864157526840        6.6731726871138530     
   1.1066666666666651        1.1538849528315918        6.7591175479521457     
   1.1099999999999985        1.1553598541892731        6.8437801323699636     
   1.1133333333333320        1.1568104728852469        6.9271068033072618     
   1.1166666666666654        1.1582361726302095        7.0090437663237815     
   1.1199999999999988        1.1596363280651329        7.0895371246107386     
   1.1233333333333322        1.1610103250355681        7.1685329372721487     
   1.1266666666666656        1.1623575608610324        7.2459772808037020     
   1.1299999999999990        1.1636774445993663        7.3218163136800865     
   1.1333333333333324        1.1649693973059398        7.3959963439435077     
   1.1366666666666658        1.1662328522875964        7.4684638996689117     
   1.1399999999999992        1.1674672553512233        7.5391658021634917     
   1.1433333333333326        1.1686720650468394        7.6080492417401109     
   1.1466666666666661        1.1698467529050931        7.6750618558867796     
   1.1499999999999995        1.1709908036690659        7.7401518096370463     
   1.1533333333333329        1.1721037155202814        7.8032678779291800     
   1.1566666666666663        1.1731850002988196        7.8643595297256557     
   1.1599999999999997        1.1742341837174399        7.9233770136485546     
   1.1633333333333331        1.1752508055696191        7.9802714448717937     
   1.1666666666666665        1.1762344199314130        8.0349948929969059     
   1.1699999999999999        1.1771845953570537        8.0875004706260736     
   1.1733333333333333        1.1781009150681963        8.1377424223341901     
   1.1766666666666667        1.1789829771367304        8.1856762137314512     
   1.1800000000000002        1.1798303946610806        8.2312586202985436     
   1.1833333333333336        1.1806427959359134        8.2744478156687542     
   1.1866666666666670        1.1814198246151792        8.3152034590256303     
   1.1900000000000004        1.1821611398684184        8.3534867812799245     
   1.1933333333333338        1.1828664165302603        8.3892606696873919     
   1.1966666666666672        1.1835353452430515        8.4224897505678609     
   1.2000000000000006        1.1841676325925499        8.4531404697872308     
   1.2033333333333340        1.1847630012366270        8.4811811706672060     
   1.2066666666666674        1.1853211900269183        8.5065821689920789     
   1.2100000000000009        1.1858419541233722        8.5293158247895455     
   1.2133333333333343        1.1863250651016444        8.5493566105704097     
   1.2166666666666677        1.1867703110532930        8.5666811757241881     
   1.2200000000000011        1.1871774966787279        8.5812684067787171     
   1.2233333333333345        1.1875464433728764        8.5930994832482934     
   1.2266666666666679        1.1878769893035246        8.6021579288093655     
   1.2300000000000013        1.1881689894823024        8.6084296575626329     
   1.2333333333333347        1.1884223158282812        8.6119030151587008     
   1.2366666666666681        1.1886368572241526        8.6125688145862913     
   1.2400000000000015        1.1888125195649701        8.6104203664447123     
   1.2433333333333350        1.1889492257994252        8.6054535035452524     
   1.2466666666666684        1.1890469159636452        8.5976665997120456     
   1.2500000000000018        1.1891055472074954        8.5870605826778146     
   1.2533333333333352        1.1891250938133746        8.5736389409970144     
   1.2566666666666686        1.1891055472074954        8.5574077249256106     
   1.2600000000000020        1.1890469159636452        8.5383755412444824     
   1.2633333333333354        1.1889492257994250        8.5165535420309073     
   1.2666666666666688        1.1888125195649699        8.4919554074106109     
   1.2700000000000022        1.1886368572241524        8.4645973223496629     
   1.2733333333333356        1.1884223158282810        8.4344979475739663     
   1.2766666666666691        1.1881689894823022        8.4016783847292178     
   1.2800000000000025        1.1878769893035241        8.3661621359215026     
   1.2833333333333359        1.1875464433728760        8.3279750578028295     
   1.2866666666666693        1.1871774966787276        8.2871453103902208     
   1.2900000000000027        1.1867703110532926        8.2437033008298801     
   1.2933333333333361        1.1863250651016439        8.1976816223392852     
   1.2966666666666695        1.1858419541233718        8.1491149885798055     
   1.3000000000000029        1.1853211900269178        8.0980401637311061     
   1.3033333333333363        1.1847630012366264        8.0444958885552129     
   1.3066666666666698        1.1841676325925492        7.9885228027527582     
   1.3100000000000032        1.1835353452430508        7.9301633639269786     
   1.3133333333333366        1.1828664165302596        7.8694617634822608     
   1.3166666666666700        1.1821611398684178        7.8064638397930848     
   1.3200000000000034        1.1814198246151784        7.7412169889859017     
   1.3233333333333368        1.1806427959359125        7.6737700736823111     
   1.3266666666666702        1.1798303946610798        7.6041733300542349     
   1.3300000000000036        1.1789829771367295        7.5324782735434175     
   1.3333333333333370        1.1781009150681954        7.4587376035965338     
   1.3366666666666704        1.1771845953570528        7.3830051077645082     
   1.3400000000000039        1.1762344199314119        7.3053355655101662     
   1.3433333333333373        1.1752508055696180        7.2257846520618072     
   1.3466666666666707        1.1742341837174388        7.1444088426426564     
   1.3500000000000041        1.1731850002988187        7.0612653173965558     
   1.3533333333333375        1.1721037155202803        6.9764118673188484     
   1.3566666666666709        1.1709908036690648        6.8899068014899090     
   1.3600000000000043        1.1698467529050920        6.8018088558941487     
   1.3633333333333377        1.1686720650468383        6.7121771040937688     
   1.3666666666666711        1.1674672553512222        6.6210708700100396     
   1.3700000000000045        1.1662328522875951        6.5285496430487662     
   1.3733333333333380        1.1649693973059387        6.4346729957896880     
   1.3766666666666714        1.1636774445993652        6.3395005044409025     
   1.3800000000000048        1.1623575608610310        6.2430916722425129     
   1.3833333333333382        1.1610103250355666        6.1455058559838500     
   1.3866666666666716        1.1596363280651316        6.0468021957809022     
   1.3900000000000050        1.1582361726302079        5.9470395482410972     
   1.3933333333333384        1.1568104728852453        5.8462764231245457     
   1.3966666666666718        1.1553598541892716        5.7445709235913966     
   1.4000000000000052        1.1538849528315902        5.6419806901075011     
   1.4033333333333387        1.1523864157526824        5.5385628480619715     
   1.4066666666666721        1.1508649002604383        5.4343739591332003     
   1.4100000000000055        1.1493210737418393        5.3294699764222964     
   1.4133333333333389        1.1477556133702205        5.2239062033572337     
   1.4166666666666723        1.1461692058082396        5.1177372563546335     
   1.4200000000000057        1.1445625469066847        5.0110170312115967     
   1.4233333333333391        1.1429363413992506        4.9037986731852854     
   1.4266666666666725        1.1412913025934193        4.7961345507050357     
   1.4300000000000059        1.1396281520575804        4.6880762326487480     
   1.4333333333333393        1.1379476193045264        4.5796744691040105     
   1.4366666666666728        1.1362504414714647        4.4709791755230643     
   1.4400000000000062        1.1345373629966855        4.3620394201715031     
   1.4433333333333396        1.1328091352930254        4.2529034147607065     
   1.4466666666666730        1.1310665164182736        4.1436185081467203     
   1.4500000000000064        1.1293102707426630        4.0342311829704522     
   1.4533333333333398        1.1275411686135910        3.9247870551077453     
   1.4566666666666732        1.1257599860177208        3.8153308757929176     
   1.4600000000000066        1.1239675042406079        3.7059065362738228     
   1.4633333333333400        1.1221645095240016        3.5965570748531310     
   1.4666666666666734        1.1203517927209743        3.4873246861675105     
   1.4700000000000069        1.1185301489490265        3.3782507325534850     
   1.4733333333333403        1.1167003772413224        3.2693757573477082     
   1.4766666666666737        1.1148632801962077        3.1607394999677827     
   1.4800000000000071        1.1130196636251630        3.0523809126199208     
   1.4833333333333405        1.1111703361993484        2.9443381784795375     
   1.4866666666666739        1.1093161090948935        2.8366487311919792     
   1.4900000000000073        1.1074577956370895        2.7293492755415185     
   1.4933333333333407        1.1055962109436366        2.6224758091388884     
   1.4966666666666741        1.1037321715671073        2.5160636449793965     
   1.5000000000000075        1.1018664951367791        2.4101474347266953     
   1.5033333333333410        1.0999999999999959        2.3047611925798313     
   1.5066666666666744        1.0981335048632126        2.1999383195846205     
   1.5100000000000078        1.0962678284328844        2.0957116282540302     
   1.5133333333333412        1.0944037890563552        1.9921133673660181     
   1.5166666666666746        1.0925422043629023        1.8891752468110858     
   1.5200000000000080        1.0906838909050982        1.7869284623665778     
   1.5233333333333414        1.0888296638006434        1.6854037202785808     
   1.5266666666666748        1.0869803363748287        1.5846312615373050     
   1.5300000000000082        1.0851367198037840        1.4846408857362510     
   1.5333333333333417        1.0832996227586693        1.3854619744105361     
   1.5366666666666751        1.0814698510509655        1.2871235137544195     
   1.5400000000000085        1.0796482072790177        1.1896541166231165     
   1.5433333333333419        1.0778354904759904        1.0930820437293511     
   1.5466666666666753        1.0760324957593841       0.99743522394968243     
   1.5500000000000087        1.0742400139822712       0.90274127366110568     
   1.5533333333333421        1.0724588313864012       0.80902751503387760     
   1.5566666666666755        1.0706897292573292       0.71632099321101661     
   1.5600000000000089        1.0689334835817186       0.62464849231096953     
   1.5633333333333423        1.0671908647069670       0.53403655019461149     
   1.5666666666666758        1.0654626370033069       0.44451147194346208     
   1.5700000000000092        1.0637495585285277       0.35609934200090970     
   1.5733333333333426        1.0620523806954663       0.26882603493391327     
   1.5766666666666760        1.0603718479424122       0.18271722477765520     
   1.5800000000000094        1.0587086974065734        9.7798392931295053E-002
   1.5833333333333428        1.0570636586007423        1.4094834577911951E-002
   1.5866666666666762        1.0554374530933082       -6.8368336392529525E-002
   1.5900000000000096        1.0538307941917533      -0.14956618397326632     
   1.5933333333333430        1.0522443866297726      -0.22947394815448013     
   1.5966666666666764        1.0506789262581537      -0.30806704456599382     
   1.6000000000000099        1.0491350997395550      -0.38532106564868340     
   1.6033333333333433        1.0476135842473109      -0.46121178334939616     
   1.6066666666666767        1.0461150471684033      -0.53571515332829656     
   1.6100000000000101        1.0446401458107220      -0.60880732066275700     
   1.6133333333333435        1.0431895271147482      -0.68046462702621402     
   1.6166666666666769        1.0417638273697858      -0.75066361931541747     
   1.6200000000000103        1.0403636719348623      -0.81938105969407060     
   1.6233333333333437        1.0389896749644274      -0.88659393701585099     
   1.6266666666666771        1.0376424391389631      -0.95227947958465375     
   1.6300000000000106        1.0363225554006292       -1.0164151692049022     
   1.6333333333333440        1.0350306026940559       -1.0789787564697282     
   1.6366666666666774        1.0337671477123995       -1.1399482772303537     
   1.6400000000000108        1.0325327446487726       -1.1993020701848864     
   1.6433333333333442        1.0313279349531566       -1.2570187955207193     
   1.6466666666666776        1.0301532470949029       -1.3130774545399544     
   1.6500000000000110        1.0290091963309302       -1.3674574101934238     
   1.6533333333333444        1.0278962844797150       -1.4201384084448154     
   1.6566666666666778        1.0268149997011768       -1.4711006003827602     
   1.6600000000000112        1.0257658162825567       -1.5203245649951718     
   1.6633333333333447        1.0247491944303777       -1.5677913325172566     
   1.6666666666666781        1.0237655800685839       -1.6134824082614763     
   1.6700000000000115        1.0228154046429432       -1.6573797968352055     
   1.6733333333333449        1.0218990849318008       -1.6994660266499750     
   1.6766666666666783        1.0210170228632667       -1.7397241746238568     
   1.6800000000000117        1.0201696053389167       -1.7781378909775314     
   1.6833333333333451        1.0193572040640841       -1.8146914240232410     
   1.6866666666666785        1.0185801753848183       -1.8493696448453465     
   1.6900000000000119        1.0178388601315793       -1.8821580717708741     
   1.6933333333333453        1.0171335834697375       -1.9130428945288485     
   1.6966666666666788        1.0164646547569465       -1.9420109979975142     
   1.7000000000000122        1.0158323674074481       -1.9690499854401771     
   1.7033333333333456        1.0152369987633711       -1.9941482011314959     
   1.7066666666666790        1.0146788099730799       -2.0172947522784201     
   1.7100000000000124        1.0141580458766262       -2.0384795301422707     
   1.7133333333333458        1.0136749348983543       -2.0576932302715050     
   1.7166666666666792        1.0132296889467058       -2.0749273717581476     
   1.7200000000000126        1.0128225033212710       -2.0901743154345271     
   1.7233333333333460        1.0124535566271224       -2.1034272809313359     
   1.7266666666666795        1.0121230106964745       -2.1146803625226420     
   1.7300000000000129        1.0118310105176966       -2.1239285436886504     
   1.7333333333333463        1.0115776841717181       -2.1311677103320412     
   1.7366666666666797        1.0113631427758469       -2.1363946625898338     
   1.7400000000000131        1.0111874804350296       -2.1396071251885838     
   1.7433333333333465        1.0110507742005745       -2.1408037562970188     
   1.7466666666666799        1.0109530840363548       -2.1399841548367360     
   1.7500000000000133        1.0108944527925046       -2.1371488662185789     
   1.7533333333333467        1.0108749061866256       -2.1322993864788238     
   1.7566666666666801        1.0108944527925048       -2.1254381647968721     
   1.7600000000000136        1.0109530840363552       -2.1165686043827527     
   1.7633333333333470        1.0110507742005754       -2.1056950617306178     
   1.7666666666666804        1.0111874804350307       -2.0928228442408758     
   1.7700000000000138        1.0113631427758485       -2.0779582062214610     
   1.7733333333333472        1.0115776841717201       -2.0611083432856190     
   1.7766666666666806        1.0118310105176989       -2.0422813851704058     
   1.7800000000000140        1.0121230106964769       -2.0214863870074655     
   1.7833333333333474        1.0124535566271253       -1.9987333190839343     
   1.7866666666666808        1.0128225033212739       -1.9740330551380327     
   1.7900000000000142        1.0132296889467092       -1.9473973592399623     
   1.7933333333333477        1.0136749348983578       -1.9188388713150375     
   1.7966666666666811        1.0141580458766302       -1.8883710913710536     
   1.8000000000000145        1.0146788099730844       -1.8560083624978427     
   1.8033333333333479        1.0152369987633758       -1.8217658527112852     
   1.8066666666666813        1.0158323674074530       -1.7856595357190244     
   1.8100000000000147        1.0164646547569516       -1.7477061706891253     
   1.8133333333333481        1.0171335834697428       -1.7079232811065137     
   1.8166666666666815        1.0178388601315849       -1.6663291328054735     
   1.8200000000000149        1.0185801753848245       -1.6229427112692150     
   1.8233333333333483        1.0193572040640904       -1.5777836982899855     
   1.8266666666666818        1.0201696053389233       -1.5308724480848130     
   1.8300000000000152        1.0210170228632736       -1.4822299629640834     
   1.8333333333333486        1.0218990849318079       -1.4318778686502294     
   1.8366666666666820        1.0228154046429505       -1.3798383893452981     
   1.8400000000000154        1.0237655800685916       -1.3261343226454974     
   1.8433333333333488        1.0247491944303855       -1.2707890144011105     
   1.8466666666666822        1.0257658162825649       -1.2138263336187867     
   1.8500000000000156        1.0268149997011853       -1.1552706475029120     
   1.8533333333333490        1.0278962844797237       -1.0951467967301221     
   1.8566666666666825        1.0290091963309393       -1.0334800710501775     
   1.8600000000000159        1.0301532470949122      -0.97029618530349082     
   1.8633333333333493        1.0313279349531661      -0.90562125594299547     
   1.8666666666666827        1.0325327446487824      -0.83948177814571512     
   1.8700000000000161        1.0337671477124093      -0.77190460359529223     
   1.8733333333333495        1.0350306026940659      -0.70291691901407782     
   1.8766666666666829        1.0363225554006397      -0.63254622551914830     
   1.8800000000000163        1.0376424391389738      -0.56082031887304262     
   1.8833333333333497        1.0389896749644383      -0.48776727069525216     
   1.8866666666666831        1.0403636719348734      -0.41341541069710280     
   1.8900000000000166        1.0417638273697969      -0.33779330999727830     
   1.8933333333333500        1.0431895271147595      -0.26092976557117903     
   1.8966666666666834        1.0446401458107335      -0.18285378588228365     
   1.9000000000000168        1.0461150471684151      -0.10359457773907944     
   1.9033333333333502        1.0476135842473229       -2.3181534415789420E-002
   1.9066666666666836        1.0491350997395670        5.8355774929263020E-002
   1.9100000000000170        1.0506789262581662       0.14098761450962533     
   1.9133333333333504        1.0522443866297850       0.22468408981718879     
   1.9166666666666838        1.0538307941917662       0.30941515416158949     
   1.9200000000000172        1.0554374530933210       0.39515061382872435     
   1.9233333333333507        1.0570636586007551       0.48186013185118837     
   1.9266666666666841        1.0587086974065865       0.56951323038742474     
   1.9300000000000175        1.0603718479424253       0.65807929171205315     
   1.9333333333333509        1.0620523806954796       0.74752755782529134     
   1.9366666666666843        1.0637495585285413       0.83782712869355203     
   1.9400000000000177        1.0654626370033204       0.92894695913968062     
   1.9433333333333511        1.0671908647069808        1.0208558544052562     
   1.9466666666666845        1.0689334835817326        1.1135224644131740     
   1.9500000000000179        1.0706897292573432        1.2069152767635443     
   1.9533333333333514        1.0724588313864152        1.3010026085009840     
   1.9566666666666848        1.0742400139822854        1.3957525966962523     
   1.9600000000000182        1.0760324957593983        1.4911331878903895     
   1.9633333333333516        1.0778354904760046        1.5871121264545660     
   1.9666666666666850        1.0796482072790321        1.6836569419230998     
   1.9700000000000184        1.0814698510509799        1.7807349353628417     
   1.9733333333333518        1.0832996227586840        1.8783131648465448     
   1.9766666666666852        1.0851367198037987        1.9763584301024300     
   1.9800000000000186        1.0869803363748436        2.0748372564174677     
   1.9833333333333520        1.0888296638006583        2.1737158778762034     
   1.9866666666666855        1.0906838909051131        2.2729602200216434     
   1.9900000000000189        1.0925422043629172        2.3725358820294988     
   1.9933333333333523        1.0944037890563700        2.4724081184914497     
   1.9966666666666857        1.0962678284328995        2.5725418209073139     
   2.0000000000000191        1.0981335048632275        2.6729014989907780     
   2.0033333333333525        1.1000000000000107        2.7734512618970903     
   2.0066666666666859        1.1018664951367940        2.8741547994852246     
   2.0100000000000193        1.1037321715671222        2.9749753637311174     
   2.0133333333333527        1.1055962109436515        3.0758757504119369     
   2.0166666666666861        1.1074577956371043        3.1768182811851724     
   2.0200000000000196        1.1093161090949084        3.2777647861890369     
   2.0233333333333530        1.1111703361993632        3.3786765872943429     
   2.0266666666666864        1.1130196636251779        3.4795144821398956     
   2.0300000000000198        1.1148632801962226        3.5802387290864934     
   2.0333333333333532        1.1167003772413371        3.6808090332260734     
   2.0366666666666866        1.1185301489490411        3.7811845335843799     
   2.0400000000000200        1.1203517927209889        3.8813237916565662     
   2.0433333333333534        1.1221645095240163        3.9811847814159513     
   2.0466666666666868        1.1239675042406223        4.0807248809360885     
   2.0500000000000203        1.1257599860177352        4.1799008657662613     
   2.0533333333333537        1.1275411686136052        4.2786689041990371     
   2.0566666666666871        1.1293102707426770        4.3769845545676596     
   2.0600000000000205        1.1310665164182876        4.4748027647082003     
   2.0633333333333539        1.1328091352930392        4.5720778737186771     
   2.0666666666666873        1.1345373629966993        4.6687636161441191     
   2.0700000000000207        1.1362504414714785        4.7648131287113751     
   2.0733333333333541        1.1379476193045399        4.8601789597332363     
   2.0766666666666875        1.1396281520575937        4.9548130812947386     
   2.0800000000000209        1.1412913025934326        5.0486669043283436     
   2.0833333333333544        1.1429363413992637        5.1416912966765826     
   2.0866666666666878        1.1445625469066976        5.2338366042328861     
   2.0900000000000212        1.1461692058082522        5.3250526752415954     
   2.0933333333333546        1.1477556133702331        5.4152888878282504     
   2.0966666666666880        1.1493210737418518        5.5044941808202514     
   2.1000000000000214        1.1508649002604505        5.5926170879063530     
   2.1033333333333548        1.1523864157526946        5.6796057751706011     
   2.1066666666666882        1.1538849528316022        5.7654080820231419     
   2.1100000000000216        1.1553598541892833        5.8499715655364755     
   2.1133333333333550        1.1568104728852568        5.9332435481803474     
   2.1166666666666885        1.1582361726302193        6.0151711689336809     
   2.1200000000000219        1.1596363280651427        6.0957014377355287     
   2.1233333333333553        1.1610103250355774        6.1747812932207076     
   2.1266666666666887        1.1623575608610417        6.2523576636687732     
   2.1300000000000221        1.1636774445993754        6.3283775310774075     
   2.1333333333333555        1.1649693973059487        6.4027879982543183     
   2.1366666666666889        1.1662328522876051        6.4755363588032564     
   2.1400000000000223        1.1674672553512317        6.5465701698623464     
   2.1433333333333557        1.1686720650468478        6.6158373274352584     
   2.1466666666666891        1.1698467529051013        6.6832861441375595     
   2.1500000000000226        1.1709908036690737        6.7488654291640087     
   2.1533333333333560        1.1721037155202891        6.8125245702648645     
   2.1566666666666894        1.1731850002988271        6.8742136175031838     
   2.1600000000000228        1.1742341837174470        6.9338833685497869     
   2.1633333333333562        1.1752508055696260        6.9914854552564920     
   2.1666666666666896        1.1762344199314196        7.0469724312350799     
   2.1700000000000230        1.1771845953570603        7.1002978601563225     
   2.1733333333333564        1.1781009150682025        7.1514164044708837     
   2.1766666666666898        1.1789829771367364        7.2002839142441175     
   2.1800000000000233        1.1798303946610864        7.2468575157870454     
   2.1833333333333567        1.1806427959359189        7.2910956997583005     
   2.1866666666666901        1.1814198246151844        7.3329584084057142     
   2.1900000000000235        1.1821611398684235        7.3724071216117846     
   2.1933333333333569        1.1828664165302651        7.4094049414044356     
   2.1966666666666903        1.1835353452430559        7.4439166745941714     
   2.2000000000000237        1.1841676325925541        7.4759089131989267     
   2.2033333333333571        1.1847630012366310        7.5053501123217776     
   2.2066666666666905        1.1853211900269220        7.5322106651511112     
   2.2100000000000239        1.1858419541233756        7.5564629747597891     
   2.2133333333333574        1.1863250651016477        7.5780815223888709     
   2.2166666666666908        1.1867703110532959        7.5970429319120383     
   2.2200000000000242        1.1871774966787305        7.6133260301899499     
   2.2233333333333576        1.1875464433728788        7.6269119030376755     
   2.2266666666666910        1.1878769893035268        7.6377839465453352     
   2.2300000000000244        1.1881689894823044        7.6459279135098290     
   2.2333333333333578        1.1884223158282827        7.6513319547551584     
   2.2366666666666912        1.1886368572241541        7.6539866551399527     
   2.2400000000000246        1.1888125195649712        7.6538850640736351     
   2.2433333333333580        1.1889492257994261        7.6510227203859866     
   2.2466666666666915        1.1890469159636459        7.6453976714198824     
   2.2500000000000249        1.1891055472074958        7.6370104862428025     
   2.2533333333333583        1.1891250938133746        7.6258642628990412     
   2.2566666666666917        1.1891055472074952        7.6119646296516068     
   2.2600000000000251        1.1890469159636445        7.5953197401902903     
   2.2633333333333585        1.1889492257994243        7.5759402628102777     
   2.2666666666666919        1.1888125195649688        7.5538393635928092     
   2.2700000000000253        1.1886368572241510        7.5290326836475305     
   2.2733333333333587        1.1884223158282794        7.5015383105028866     
   2.2766666666666922        1.1881689894823004        7.4713767437576530     
   2.2800000000000256        1.1878769893035221        7.4385708551328875     
   2.2833333333333590        1.1875464433728737        7.4031458430882369     
   2.2866666666666924        1.1871774966787247        7.3651291821904072     
   2.2900000000000258        1.1867703110532895        7.3245505674451952     
   2.2933333333333592        1.1863250651016406        7.2814418538246510     
   2.2966666666666926        1.1858419541233682        7.2358369912420253     
   2.3000000000000260        1.1853211900269141        7.1877719552447594     
   2.3033333333333594        1.1847630012366224        7.1372846737127356     
   2.3066666666666928        1.1841676325925450        7.0844149498636950     
   2.3100000000000263        1.1835353452430462        7.0292043818807963     
   2.3133333333333597        1.1828664165302549        6.9716962794883850     
   2.3166666666666931        1.1821611398684126        6.9119355778107181     
   2.3200000000000265        1.1814198246151733        6.8499687488562948     
   2.3233333333333599        1.1806427959359069        6.7858437109744187     
   2.3266666666666933        1.1798303946610740        6.7196097366348120     
   2.3300000000000267        1.1789829771367235        6.6513173588812506     
   2.3333333333333601        1.1781009150681891        6.5810182768101386     
   2.3366666666666935        1.1771845953570463        6.5087652604215087     
   2.3400000000000269        1.1762344199314052        6.4346120551861619     
   2.3433333333333604        1.1752508055696111        6.3586132866654603     
   2.3466666666666938        1.1742341837174317        6.2808243655131113     
   2.3500000000000272        1.1731850002988111        6.2013013931784382     
   2.3533333333333606        1.1721037155202727        6.1201010686194044     
   2.3566666666666940        1.1709908036690571        6.0372805963218887     
   2.3600000000000274        1.1698467529050840        5.9528975959074915     
   2.3633333333333608        1.1686720650468301        5.8670100135981516     
   2.3666666666666942        1.1674672553512135        5.7796760357897305     
   2.3700000000000276        1.1662328522875864        5.6909540049703713     
   2.3733333333333611        1.1649693973059299        5.6009023382025003     
   2.3766666666666945        1.1636774445993561        5.5095794483691822     
   2.3800000000000279        1.1623575608610217        5.4170436683677847     
   2.3833333333333613        1.1610103250355572        5.3233531784149717     
   2.3866666666666947        1.1596363280651221        5.2285659366085717     
   2.3900000000000281        1.1582361726301984        5.1327396128731726     
   2.3933333333333615        1.1568104728852355        5.0359315263972562     
   2.3966666666666949        1.1553598541892616        4.9381985866515139     
   2.4000000000000283        1.1538849528315800        4.8395972380591985     
   2.4033333333333617        1.1523864157526720        4.7401834083719034     
   2.4066666666666952        1.1508649002604279        4.6400124607863633     
   2.4100000000000286        1.1493210737418287        4.5391391498208451     
   2.4133333333333620        1.1477556133702096        4.4376175809535656     
   2.4166666666666954        1.1461692058082287        4.3355011740097025     
   2.4200000000000288        1.1445625469066736        4.2328426302683901     
   2.4233333333333622        1.1429363413992393        4.1296939032475288     
   2.4266666666666956        1.1412913025934079        4.0261061731098255     
   2.4300000000000290        1.1396281520575688        3.9221298246219729     
   2.4333333333333624        1.1379476193045148        3.8178144285863622     
   2.4366666666666958        1.1362504414714532        3.7132087266544542     
   2.4400000000000293        1.1345373629966737        3.6083606194207314     
   2.4433333333333627        1.1328091352930134        3.5033171576872268     
   2.4466666666666961        1.1310665164182616        3.3981245367805544     
   2.4500000000000295        1.1293102707426508        3.2928280937961052     
   2.4533333333333629        1.1275411686135788        3.1874723076376914     
   2.4566666666666963        1.1257599860177085        3.0821008017154639     
   2.4600000000000297        1.1239675042405957        2.9767563491603228     
   2.4633333333333631        1.1221645095239894        2.8714808804088423     
   2.4666666666666965        1.1203517927209619        2.7663154930102900     
   2.4700000000000299        1.1185301489490140        2.6613004635042352     
   2.4733333333333634        1.1167003772413100        2.5564752612160713     
   2.4766666666666968        1.1148632801961951        2.4518785638166607     
   2.4800000000000302        1.1130196636251504        2.3475482744920764     
   2.4833333333333636        1.1111703361993357        2.2435215405691467     
   2.4866666666666970        1.1093161090948809        2.1398347734442873     
   2.4900000000000304        1.1074577956370768        2.0365236696633597     
   2.4933333333333638        1.1055962109436237        1.9336232330026908     
   2.4966666666666972        1.1037321715670945        1.8311677974035199     
   2.5000000000000306        1.1018664951367663        1.7291910506145003     
   2.5033333333333641        1.0999999999999830        1.6277260584002782     
   2.5066666666666975        1.0981335048631997        1.5268052891768309     
   2.5100000000000309        1.0962678284328717        1.4264606389385646     
   2.5133333333333643        1.0944037890563423        1.3267234563454047     
   2.5166666666666977        1.0925422043628894        1.2276245678425284     
   2.5200000000000311        1.0906838909050853        1.1291943026894604     
   2.5233333333333645        1.0888296638006307        1.0314625177798884     
   2.5266666666666979        1.0869803363748161       0.93445862213788833     
   2.5300000000000313        1.0851367198037714       0.83821160098139902     
   2.5333333333333647        1.0832996227586569       0.74275003924800509     
   2.5366666666666982        1.0814698510509528       0.64810214448365233     
   2.5400000000000316        1.0796482072790052       0.55429576899959043     
   2.5433333333333650        1.0778354904759779       0.46135843120782327     
   2.5466666666666984        1.0760324957593717       0.36931733605081324     
   2.5500000000000318        1.0742400139822590       0.27819939444614855     
   2.5533333333333652        1.0724588313863890       0.18803124167187327     
   2.5566666666666986        1.0706897292573172        9.8839254624118356E-002
   2.5600000000000320        1.0689334835817064        1.0649567882935623E-002
   2.5633333333333654        1.0671908647069550       -7.6511911471366975E-002
   2.5666666666666988        1.0654626370032949      -0.16261949034499715     
   2.5700000000000323        1.0637495585285159      -0.24764767746751651     
   2.5733333333333657        1.0620523806954545      -0.33157117262175828     
   2.5766666666666991        1.0603718479424007      -0.41436485730326078     
   2.5800000000000325        1.0587086974065618      -0.49600378684130708     
   2.5833333333333659        1.0570636586007309      -0.57646318400750984     
   2.5866666666666993        1.0554374530932971      -0.65571843413321829     
   2.5900000000000327        1.0538307941917424      -0.73374508175103426     
   2.5933333333333661        1.0522443866297617      -0.81051882877084769     
   2.5966666666666995        1.0506789262581431      -0.88601553419507351     
   2.6000000000000330        1.0491350997395443      -0.96021121537274157     
   2.6033333333333664        1.0476135842473004       -1.0330820507863676     
   2.6066666666666998        1.0461150471683929       -1.1046043843604880     
   2.6100000000000332        1.0446401458107120       -1.1747547312752371     
   2.6133333333333666        1.0431895271147382       -1.2435097852632508     
   2.6166666666667000        1.0417638273697760       -1.3108464273624303     
   2.6200000000000334        1.0403636719348528       -1.3767417360927021     
   2.6233333333333668        1.0389896749644181       -1.4411729990188127     
   2.6266666666667002        1.0376424391389538       -1.5041177256568616     
   2.6300000000000336        1.0363225554006203       -1.5655536616767416     
   2.6333333333333671        1.0350306026940470       -1.6254588043483367     
   2.6366666666667005        1.0337671477123909       -1.6838114191735118     
   2.6400000000000339        1.0325327446487642       -1.7405900576427362     
   2.6433333333333673        1.0313279349531483       -1.7957735760491815     
   2.6466666666667007        1.0301532470948949       -1.8493411552898855     
   2.6500000000000341        1.0290091963309225       -1.9012723215789427     
   2.6533333333333675        1.0278962844797073       -1.9515469679937143     
   2.6566666666667009        1.0268149997011695       -2.0001453767717661     
   2.6600000000000343        1.0257658162825494       -2.0470482422722824     
   2.6633333333333677        1.0247491944303708       -2.0922366945129176     
   2.6666666666667012        1.0237655800685772       -2.1356923231902982     
   2.6700000000000346        1.0228154046429367       -2.1773972020891796     
   2.6733333333333680        1.0218990849317946       -2.2173339137840866     
   2.6766666666667014        1.0210170228632609       -2.2554855745345406     
   2.6800000000000348        1.0201696053389109       -2.2918358592741224     
   2.6833333333333682        1.0193572040640786       -2.3263690265921766     
   2.6866666666667016        1.0185801753848132       -2.3590699436067473     
   2.6900000000000350        1.0178388601315742       -2.3899241106267066     
   2.6933333333333684        1.0171335834697326       -2.4189176855015111     
   2.6966666666667019        1.0164646547569420       -2.4460375075577954     
   2.7000000000000353        1.0158323674074439       -2.4712711210228488     
   2.7033333333333687        1.0152369987633671       -2.4946067978368052     
   2.7066666666667021        1.0146788099730761       -2.5160335597575449     
   2.7100000000000355        1.0141580458766228       -2.5355411996644839     
   2.7133333333333689        1.0136749348983509       -2.5531203019707660     
   2.7166666666667023        1.0132296889467027       -2.5687622620563957     
   2.7200000000000357        1.0128225033212681       -2.5824593046391180     
   2.7233333333333691        1.0124535566271202       -2.5942045010036887     
   2.7266666666667025        1.0121230106964725       -2.6039917850152525     
   2.7300000000000360        1.0118310105176949       -2.6118159678470896     
   2.7333333333333694        1.0115776841717166       -2.6176727513590432     
   2.7366666666667028        1.0113631427758456       -2.6215587400680582     
   2.7400000000000362        1.0111874804350285       -2.6234714516587645     
   2.7433333333333696        1.0110507742005739       -2.6234093259880522     
   2.7466666666667030        1.0109530840363541       -2.6213717325444099     
   2.7500000000000364        1.0108944527925043       -2.6173589763293297     
   2.7533333333333698        1.0108749061866256       -2.6113723021352442     
   2.7566666666667032        1.0108944527925052       -2.6034138972014151     
   2.7600000000000366        1.0109530840363559       -2.5934868922362955     
   2.7633333333333701        1.0110507742005763       -2.5815953608024214     
   2.7666666666667035        1.0111874804350318       -2.5677443170666958     
   2.7700000000000369        1.0113631427758498       -2.5519397119265288     
   2.7733333333333703        1.0115776841717217       -2.5341884275292763     
   2.7766666666667037        1.0118310105177009       -2.5144982702093155     
   2.7800000000000371        1.0121230106964791       -2.4928779618744703     
   2.7833333333333705        1.0124535566271278       -2.4693371298795697     
   2.7866666666667039        1.0128225033212768       -2.4438862954320388     
   2.7900000000000373        1.0132296889467121       -2.4165368605801936     
   2.7933333333333707        1.0136749348983611       -2.3873010938411903     
   2.7966666666667042        1.0141580458766337       -2.3561921145311158     
   2.8000000000000376        1.0146788099730879       -2.3232238758648660     
   2.8033333333333710        1.0152369987633798       -2.2884111468987651     
   2.8066666666667044        1.0158323674074574       -2.2517694933930130     
   2.8100000000000378        1.0164646547569562       -2.2133152576754860     
   2.8133333333333712        1.0171335834697477       -2.1730655375919432     
   2.8166666666667046        1.0178388601315900       -2.1310381646312093     
   2.8200000000000380        1.0185801753848296       -2.0872516813163804     
   2.8233333333333714        1.0193572040640959       -2.0417253179558403     
   2.8266666666667049        1.0201696053389289       -1.9944789688496072     
   2.8300000000000383        1.0210170228632796       -1.9455331680478718     
   2.8333333333333717        1.0218990849318141       -1.8949090647600246     
   2.8366666666667051        1.0228154046429569       -1.8426283985124428     
   2.8400000000000385        1.0237655800685983       -1.7887134741538675     
   2.8433333333333719        1.0247491944303924       -1.7331871368067981     
   2.8466666666667053        1.0257658162825720       -1.6760727468621859     
   2.8500000000000387        1.0268149997011926       -1.6173941551143713     
   2.8533333333333721        1.0278962844797312       -1.5571756781306092     
   2.8566666666667055        1.0290091963309469       -1.4954420739486582     
   2.8600000000000390        1.0301532470949202       -1.4322185181927825     
   2.8633333333333724        1.0313279349531741       -1.3675305806965703     
   2.8666666666667058        1.0325327446487909       -1.3014042027173536     
   2.8700000000000392        1.0337671477124182       -1.2338656748247778     
   2.8733333333333726        1.0350306026940748       -1.1649416155413654     
   2.8766666666667060        1.0363225554006488       -1.0946589508103219     
   2.8800000000000394        1.0376424391389829       -1.0230448943612913     
   2.8833333333333728        1.0389896749644478      -0.95012692904045981     
   2.8866666666667062        1.0403636719348830      -0.87593278916787054     
   2.8900000000000396        1.0417638273698069      -0.80049044397911640     
   2.8933333333333731        1.0431895271147695      -0.72382808220532113     
   2.8966666666667065        1.0446401458107437      -0.64597409783923998     
   2.9000000000000399        1.0461150471684253      -0.56695707713165522     
   2.9033333333333733        1.0476135842473335      -0.48680578685617976     
   2.9066666666667067        1.0491350997395776      -0.40554916387665241     
   2.9100000000000401        1.0506789262581770      -0.32321630604518564     
   2.9133333333333735        1.0522443866297961      -0.23983646445499440     
   2.9166666666667069        1.0538307941917773      -0.15543903706561460     
   2.9200000000000403        1.0554374530933321       -7.0053563714387423E-002
   2.9233333333333738        1.0570636586007667        1.6290277478287495E-002
   2.9266666666667072        1.0587086974065980       0.10356267230662977     
   2.9300000000000406        1.0603718479424371       0.19173367128284807     
   2.9333333333333740        1.0620523806954913       0.28077318905333731     
   2.9366666666667074        1.0637495585285532       0.37065100244045068     
   2.9400000000000408        1.0654626370033324       0.46133674712761003     
   2.9433333333333742        1.0671908647069930       0.55279991301068121     
   2.9466666666667076        1.0689334835817446       0.64500983824329461     
   2.9500000000000410        1.0706897292573556       0.73793570200966607     
   2.9533333333333744        1.0724588313864276       0.83154651606227614     
   2.9566666666667079        1.0742400139822978       0.92581111506823444     
   2.9600000000000413        1.0760324957594107        1.0206981458117845     
   2.9633333333333747        1.0778354904760172        1.1161760553064304     
   2.9666666666667081        1.0796482072790445        1.2122130778743352     
   2.9700000000000415        1.0814698510509928        1.3087772212561664     
   2.9733333333333749        1.0832996227586966        1.4058362518187140     
   2.9766666666667083        1.0851367198038115        1.5033576789334366     
   2.9800000000000417        1.0869803363748562        1.6013087386024727     
   2.9833333333333751        1.0888296638006711        1.6996563764150032     
   2.9866666666667085        1.0906838909051257        1.7983672299199198     
   2.9900000000000420        1.0925422043629300        1.8974076105068636     
   2.9933333333333754        1.0944037890563829        1.9967434848906185     
   2.9966666666667088        1.0962678284329124        2.0963404562999535     
   3.0000000000000422        1.0981335048632404        2.1961637454747693     
