   3.3333333333333335E-003   1.1000000000000001        5.8352269636822118     
   6.6666666666666671E-003   1.1020942419883357        5.9525218944107241     
   1.0000000000000000E-002   1.1041875653729201        6.0699772583570395     
   1.3333333333333334E-002   1.1062790519529315        6.1875488885437164     
   1.6666666666666666E-002   1.1083677843332316        6.3051920385114242     
   2.0000000000000000E-002   1.1104528463267656        6.4228613541820714     
   2.3333333333333334E-002   1.1125333233564305        6.5405108463553203     
   2.6666666666666668E-002   1.1146083028562412        6.6580938640172684     
   3.0000000000000002E-002   1.1166768746716103        6.7755630686440425     
   3.3333333333333333E-002   1.1187381314585725        6.8928704096879656     
   3.6666666666666667E-002   1.1207911690817760        7.0099671014375406     
   4.0000000000000001E-002   1.1228350870110657        7.1268036014461931     
   4.3333333333333335E-002   1.1248689887164856        7.2433295907273587     
   4.6666666666666669E-002   1.1268919820615266        7.3594939559159229     
   5.0000000000000003E-002   1.1289031796944473        7.4752447735975176     
   5.3333333333333337E-002   1.1309016994374947        7.5905292970081000     
   5.6666666666666671E-002   1.1328866646738585        7.7052939453063471     
   6.0000000000000005E-002   1.1348572047321817        7.8194842956201098     
   6.3333333333333339E-002   1.1368124552684680        7.9330450780671011     
   6.6666666666666666E-002   1.1387515586452104        8.0459201739466177     
   6.9999999999999993E-002   1.1406736643075801        8.1580526172953380     
   7.3333333333333320E-002   1.1425779291565075        8.2693845999954956     
   7.6666666666666647E-002   1.1444635179184928        8.3798574806170780     
   7.9999999999999974E-002   1.1463296035119863        8.4894117971688896     
   8.3333333333333301E-002   1.1481753674101716        8.5979872839237892     
   8.6666666666666628E-002   1.1500000000000001        8.7055228924743329     
   8.9999999999999955E-002   1.1518027009373131        8.8119568171627520     
   9.3333333333333282E-002   1.1535826794978998        8.9172265250171669     
   9.6666666666666609E-002   1.1553391549243346        9.0212687903112858     
   9.9999999999999936E-002   1.1570713567684432        9.1240197338497495     
  0.10333333333333326        1.1587785252292475        9.2254148670639964     
  0.10666666666666659        1.1604599114862375        9.3253891409854219     
  0.10999999999999992        1.1621147780278311        9.4238770001433991     
  0.11333333333333324        1.1637423989748690        9.5208124414139554     
  0.11666666666666657        1.1653420603990106        9.6161290778241106     
  0.11999999999999990        1.1669130606358860        9.7097602072924207     
  0.12333333333333323        1.1684547105928689        9.8016388862630563     
  0.12666666666666657        1.1699663340513367        9.8916980081650934     
  0.12999999999999989        1.1714472679632804        9.9798703866023555     
  0.13333333333333322        1.1728968627421412        10.066088843153519     
  0.13666666666666655        1.1743144825477394        10.150286299633631     
  0.13999999999999987        1.1756995055651758        10.232395874641677     
  0.14333333333333320        1.1770513242775791        10.312350984190214     
  0.14666666666666653        1.1783693457325841        10.390085446185761     
  0.14999999999999986        1.1796529918024197        10.465533588500547     
  0.15333333333333318        1.1809016994374948        10.538630360349012     
  0.15666666666666651        1.1821149209133706        10.609311446655614     
  0.15999999999999984        1.1832921240710101        10.677513385074622     
  0.16333333333333316        1.1844327925502016        10.743173685297458     
  0.16666666666666649        1.1855364260160508        10.806230950259236     
  0.16999999999999982        1.1866025403784439        10.866624998834077     
  0.17333333333333314        1.1876306680043864        10.924296989587948     
  0.17666666666666647        1.1886203579231216        10.979189545138848     
  0.17999999999999980        1.1895711760239414        11.031246876657617     
  0.18333333333333313        1.1904827052466020        11.080414908028038     
  0.18666666666666645        1.1913545457642603        11.126641399172767     
  0.18999999999999978        1.1921863151588501        11.169876068042457     
  0.19333333333333311        1.1929776485888253        11.210070710758574     
  0.19666666666666643        1.1937281989491892        11.247179319396633     
  0.19999999999999976        1.1944376370237482        11.281158196896063     
  0.20333333333333309        1.1951056516295155        11.311966068584978     
  0.20666666666666642        1.1957319497532068        11.339564189813812     
  0.20999999999999974        1.1963162566797658        11.363916449200602     
  0.21333333333333307        1.1968583161128632        11.384989467002333     
  0.21666666666666640        1.1973578902873161        11.402752688142161     
  0.21999999999999972        1.1978147600733806        11.417178469440756     
  0.22333333333333305        1.1982287250728689        11.428242160620869     
  0.22666666666666638        1.1985996037070505        11.435922178679293     
  0.22999999999999970        1.1989272332962990        11.440200075247184     
  0.23333333333333303        1.1992114701314480        11.441060596589598     
  0.23666666666666636        1.1994521895368275        11.438491735928139     
  0.23999999999999969        1.1996492859249506        11.432484777804664     
  0.24333333333333301        1.1998026728428273        11.423034334241368     
  0.24666666666666634        1.1999122830098861        11.410138372491183     
  0.24999999999999967        1.1999780683474848        11.393798234212539     
  0.25333333333333302        1.2000000000000002        11.374018645944448     
  0.25666666666666638        1.1999780683474848        11.350807720800095     
  0.25999999999999973        1.1999122830098861        11.324176951340437     
  0.26333333333333309        1.1998026728428273        11.294141193633232     
  0.26666666666666644        1.1996492859249506        11.260718642546099     
  0.26999999999999980        1.1994521895368275        11.223930798365837     
  0.27333333333333315        1.1992114701314480        11.183802424879183     
  0.27666666666666651        1.1989272332962990        11.140361499091636     
  0.27999999999999986        1.1985996037070508        11.093639152802076     
  0.28333333333333321        1.1982287250728691        11.043669606289722     
  0.28666666666666657        1.1978147600733808        10.990490094407688     
  0.28999999999999992        1.1973578902873161        10.934140785412438     
  0.29333333333333328        1.1968583161128632        10.874664692891919     
  0.29666666666666663        1.1963162566797660        10.812107581185039     
  0.29999999999999999        1.1957319497532068        10.746517864713992     
  0.30333333333333334        1.1951056516295155        10.677946501675242     
  0.30666666666666670        1.1944376370237482        10.606446882557089     
  0.31000000000000005        1.1937281989491892        10.532074713971218     
  0.31333333333333341        1.1929776485888253        10.454887898300555     
  0.31666666666666676        1.1921863151588501        10.374946409678968     
  0.32000000000000012        1.1913545457642603        10.292312166827072     
  0.32333333333333347        1.1904827052466020        10.207048903274488     
  0.32666666666666683        1.1895711760239414        10.119222035501705     
  0.33000000000000018        1.1886203579231216        10.028898529533832     
  0.33333333333333354        1.1876306680043864        9.9361467665152858     
  0.33666666666666689        1.1866025403784439        9.8410364077875876     
  0.34000000000000025        1.1855364260160508        9.7436382599829034     
  0.34333333333333360        1.1844327925502016        9.6440241406338441     
  0.34666666666666696        1.1832921240710099        9.5422667447851399     
  0.35000000000000031        1.1821149209133703        9.4384395130755951     
  0.35333333333333367        1.1809016994374948        9.3326165017391816     
  0.35666666666666702        1.1796529918024197        9.2248722549531248     
  0.36000000000000038        1.1783693457325839        9.1152816799372225     
  0.36333333333333373        1.1770513242775789        9.0039199251841353     
  0.36666666666666708        1.1756995055651756        8.8908622621743518     
  0.37000000000000044        1.1743144825477394        8.7761839709023128     
  0.37333333333333379        1.1728968627421410        8.6599602295121230     
  0.37666666666666715        1.1714472679632804        8.5422660083128346     
  0.38000000000000050        1.1699663340513364        8.4231759684135508     
  0.38333333333333386        1.1684547105928687        8.3027643651903738     
  0.38666666666666721        1.1669130606358857        8.1811049567663989     
  0.39000000000000057        1.1653420603990103        8.0582709176581222     
  0.39333333333333392        1.1637423989748688        7.9343347577120245     
  0.39666666666666728        1.1621147780278309        7.8093682464269119     
  0.40000000000000063        1.1604599114862373        7.6834423427301033     
  0.40333333333333399        1.1587785252292471        7.5566271302488417     
  0.40666666666666734        1.1570713567684430        7.4289917580920868     
  0.41000000000000070        1.1553391549243341        7.3006043871334816     
  0.41333333333333405        1.1535826794978994        7.1715321417626150     
  0.41666666666666741        1.1518027009373129        7.0418410670490355     
  0.42000000000000076        1.1499999999999997        6.9115960912429388     
  0.42333333333333412        1.1481753674101713        6.7808609935166224     
  0.42666666666666747        1.1463296035119859        6.6496983768321956     
  0.43000000000000083        1.1444635179184923        6.5181696458052549     
  0.43333333333333418        1.1425779291565070        6.3863349894177013     
  0.43666666666666754        1.1406736643075797        6.2542533684201214     
  0.44000000000000089        1.1387515586452099        6.1219825072512792     
  0.44333333333333425        1.1368124552684673        5.9895788902912352     
  0.44666666666666760        1.1348572047321812        5.8570977622556493     
  0.45000000000000095        1.1328866646738578        5.7245931325299857     
  0.45333333333333431        1.1309016994374943        5.5921177832363762     
  0.45666666666666766        1.1289031796944466        5.4597232808194427     
  0.46000000000000102        1.1268919820615262        5.3274599909341642     
  0.46333333333333437        1.1248689887164849        5.1953770964147319     
  0.46666666666666773        1.1228350870110650        5.0635226181022874     
  0.47000000000000108        1.1207911690817753        4.9319434383075951     
  0.47333333333333444        1.1187381314585718        4.8006853266854215     
  0.47666666666666779        1.1166768746716096        4.6697929682978616     
  0.48000000000000115        1.1146083028562406        4.5393099936457517     
  0.48333333333333450        1.1125333233564298        4.4092790104496142     
  0.48666666666666786        1.1104528463267647        4.2797416369650056     
  0.49000000000000121        1.1083677843332309        4.1507385366206506     
  0.49333333333333457        1.1062790519529306        4.0223094537720332     
  0.49666666666666792        1.1041875653729192        3.8944932503683747     
  0.50000000000000122        1.1020942419883351        3.7673279433354114     
  0.50333333333333452        1.0999999999999994        3.6408507424826304     
  0.50666666666666782        1.0979057580116636        3.5150980887491072     
  0.51000000000000112        1.0958124346270794        3.3901056926085635     
  0.51333333333333442        1.0937209480470680        3.2659085724601438     
  0.51666666666666772        1.0916322156667679        3.1425410928386412     
  0.52000000000000102        1.0895471536732342        3.0200370022837895     
  0.52333333333333432        1.0874666766435690        2.8984294707157474     
  0.52666666666666762        1.0853916971437583        2.7777511261701151     
  0.53000000000000091        1.0833231253283893        2.6580340907530502     
  0.53333333333333421        1.0812618685414270        2.5393100156839274     
  0.53666666666666751        1.0792088309182235        2.4216101152995884     
  0.54000000000000081        1.0771649129889340        2.3049651999016030     
  0.54333333333333411        1.0751310112835142        2.1894057073340831     
  0.54666666666666741        1.0731080179384731        2.0749617331873855     
  0.55000000000000071        1.0710968203055524        1.9616630595286886     
  0.55333333333333401        1.0690983005625050        1.8495391820682205     
  0.55666666666666731        1.0671133353261413        1.7386193356756878     
  0.56000000000000061        1.0651427952678181        1.6289325181689660     
  0.56333333333333391        1.0631875447315320        1.5205075123029430     
  0.56666666666666721        1.0612484413547894        1.4133729058934805     
  0.57000000000000051        1.0593263356924199        1.3075571100181076     
  0.57333333333333381        1.0574220708434925        1.2030883752408918     
  0.57666666666666710        1.0555364820815070        1.0999948058166864     
  0.58000000000000040        1.0536703964880136       0.99830437183512022     
  0.58333333333333370        1.0518246325898284       0.89804491927245056     
  0.58666666666666700        1.0499999999999998       0.79924417792519653     
  0.59000000000000030        1.0481972990626869       0.70192976720658073     
  0.59333333333333360        1.0464173205021003       0.60612919979289892     
  0.59666666666666690        1.0446608450756656       0.51186988311434578     
  0.60000000000000020        1.0429286432315568       0.41917911869077396     
  0.60333333333333350        1.0412214747707527       0.32808409932029947     
  0.60666666666666680        1.0395400885137625       0.23861190413481709     
  0.61000000000000010        1.0378852219721690       0.15078949154404933     
  0.61333333333333340        1.0362576010251310        6.4643690095923412E-002
  0.61666666666666670        1.0346579396009894       -1.9798812711463696E-002
  0.62000000000000000        1.0330869393641142      -0.10251148362454164     
  0.62333333333333329        1.0315452894071311      -0.18346795878669719     
  0.62666666666666659        1.0300336659486635      -0.26264206079258601     
  0.62999999999999989        1.0285527320367198      -0.34000781758197302     
  0.63333333333333319        1.0271031372578590      -0.41553948310338074     
  0.63666666666666649        1.0256855174522608      -0.48921155967160185     
  0.63999999999999979        1.0243004944348244      -0.56099882193619033     
  0.64333333333333309        1.0229486757224213      -0.63087634237170220     
  0.64666666666666639        1.0216306542674163      -0.69881951819414845     
  0.64999999999999969        1.0203470081975805      -0.76480409960180973     
  0.65333333333333299        1.0190983005625054      -0.82880621923294906     
  0.65666666666666629        1.0178850790866298      -0.89080242272728705     
  0.65999999999999959        1.0167078759289903      -0.95076970027258345     
  0.66333333333333289        1.0155672074497988       -1.0086855190129682     
  0.66666666666666619        1.0144635739839496       -1.0645278561910909     
  0.66999999999999948        1.0133974596215563       -1.1182752328918062     
  0.67333333333333278        1.0123693319956137       -1.1699067482516992     
  0.67666666666666608        1.0113796420768788       -1.2194021139954490     
  0.67999999999999938        1.0104288239760588       -1.2667416891573759     
  0.68333333333333268        1.0095172947533984       -1.3119065148443596     
  0.68666666666666598        1.0086454542357401       -1.3548783488952887     
  0.68999999999999928        1.0078136848411501       -1.3956397002905969     
  0.69333333333333258        1.0070223514111751       -1.4341738631659224     
  0.69666666666666588        1.0062718010508109       -1.4704649502841958     
  0.69999999999999918        1.0055623629762520       -1.5044979258211824     
  0.70333333333333248        1.0048943483704849       -1.5362586373222813     
  0.70666666666666578        1.0042680502467936       -1.5657338466899284     
  0.70999999999999908        1.0036837433202344       -1.5929112600650006     
  0.71333333333333238        1.0031416838871370       -1.6177795564691495     
  0.71666666666666567        1.0026421097126841       -1.6403284150799766     
  0.71999999999999897        1.0021852399266196       -1.6605485410160712     
  0.72333333333333227        1.0017712749271313       -1.6784316895150972     
  0.72666666666666557        1.0014003962929496       -1.6939706883948786     
  0.72999999999999887        1.0010727667037014       -1.7071594586945402     
  0.73333333333333217        1.0007885298685524       -1.7179930334007705     
  0.73666666666666547        1.0005478104631729       -1.7264675741726110     
  0.73999999999999877        1.0003507140750496       -1.7325803859872644     
  0.74333333333333207        1.0001973271571729       -1.7363299296383519     
  0.74666666666666537        1.0000877169901141       -1.7377158320285120     
  0.74999999999999867        1.0000219316525154       -1.7367388942074016     
  0.75333333333333197        1.0000000000000000       -1.7334010971175264     
  0.75666666666666527        1.0000219316525154       -1.7277056050200643     
  0.75999999999999857        1.0000877169901141       -1.7196567665841747     
  0.76333333333333186        1.0001973271571729       -1.7092601136338303     
  0.76666666666666516        1.0003507140750496       -1.6965223575572435     
  0.76999999999999846        1.0005478104631726       -1.6814513833945097     
  0.77333333333333176        1.0007885298685522       -1.6640562416302946     
  0.77666666666666506        1.0010727667037012       -1.6443471377283256     
  0.77999999999999836        1.0014003962929494       -1.6223354194553181     
  0.78333333333333166        1.0017712749271310       -1.5980335620515378     
  0.78666666666666496        1.0021852399266193       -1.5714551513152482     
  0.78999999999999826        1.0026421097126839       -1.5426148646771387     
  0.79333333333333156        1.0031416838871365       -1.5115284503500370     
  0.79666666666666486        1.0036837433202339       -1.4782127046470583     
  0.79999999999999816        1.0042680502467929       -1.4426854475695814     
  0.80333333333333146        1.0048943483704844       -1.4049654967729737     
  0.80666666666666476        1.0055623629762516       -1.3650726400251261     
  0.80999999999999805        1.0062718010508105       -1.3230276062781525     
  0.81333333333333135        1.0070223514111745       -1.2788520354793529     
  0.81666666666666465        1.0078136848411494       -1.2325684472515266     
  0.81999999999999795        1.0086454542357395       -1.1842002085768901     
  0.82333333333333125        1.0095172947533975       -1.1337715006218687     
  0.82666666666666455        1.0104288239760582       -1.0813072848420324     
  0.82999999999999785        1.0113796420768779       -1.0268332685090271     
  0.83333333333333115        1.0123693319956131      -0.97037586980110868     
  0.83666666666666445        1.0133974596215554      -0.91196218260032758     
  0.83999999999999775        1.0144635739839487      -0.85161994113818518     
  0.84333333333333105        1.0155672074497977      -0.78937748463127499     
  0.84666666666666435        1.0167078759289894      -0.72526372204595269     
  0.84999999999999765        1.0178850790866287      -0.65930809712999838     
  0.85333333333333095        1.0190983005625043      -0.59154055384505388     
  0.85666666666666424        1.0203470081975796      -0.52199150233175562     
  0.85999999999999754        1.0216306542674152      -0.45069178553464789     
  0.86333333333333084        1.0229486757224202      -0.37767264660999572     
  0.86666666666666414        1.0243004944348233      -0.30296569723547145     
  0.86999999999999744        1.0256855174522594      -0.22660288693482539     
  0.87333333333333074        1.0271031372578578      -0.14861647352608309     
  0.87666666666666404        1.0285527320367185       -6.9038994795589684E-002
  0.87999999999999734        1.0300336659486624        1.2096758505406868E-002
  0.88333333333333064        1.0315452894071300        9.4757768250943758E-002
  0.88666666666666394        1.0330869393641129       0.17891081303339734     
  0.88999999999999724        1.0346579396009883       0.26452249068131051     
  0.89333333333333054        1.0362576010251296       0.35155923913105713     
  0.89666666666666384        1.0378852219721677       0.43998735558781388     
  0.89999999999999714        1.0395400885137611       0.52977301391782428     
  0.90333333333333043        1.0412214747707513       0.62088228022136993     
  0.90666666666666373        1.0429286432315554       0.71328112654171116     
  0.90999999999999703        1.0446608450756640       0.80693544267306516     
  0.91333333333333033        1.0464173205020988       0.90181104603656892     
  0.91666666666666363        1.0481972990626853       0.99787368960041256     
  0.91999999999999693        1.0499999999999985        1.0950890678269301     
  0.92333333333333023        1.0518246325898268        1.1934228206359354     
  0.92666666666666353        1.0536703964880121        1.2928405353804220     
  0.92999999999999683        1.0555364820815056        1.3933077468368888     
  0.93333333333333013        1.0574220708434909        1.4947899352193550     
  0.93666666666666343        1.0593263356924183        1.5972525222326135     
  0.93999999999999673        1.0612484413547878        1.7006608651859592     
  0.94333333333333003        1.0631875447315302        1.8049802491960270     
  0.94666666666666333        1.0651427952678165        1.9101758775123343     
  0.94999999999999662        1.0671133353261397        2.0162128600065294     
  0.95333333333332992        1.0690983005625032        2.1230561998718778     
  0.95666666666666322        1.0710968203055509        2.2306707785855844     
  0.95999999999999652        1.0731080179384713        2.3390213391933390     
  0.96333333333332982        1.0751310112835124        2.4480724679809343     
  0.96666666666666312        1.0771649129889322        2.5577885746043889     
  0.96999999999999642        1.0792088309182220        2.6681338707560287     
  0.97333333333332972        1.0812618685414253        2.7790723474500765     
  0.97666666666666302        1.0833231253283877        2.8905677510178092     
  0.97999999999999632        1.0853916971437567        3.0025835579079936     
  0.98333333333332962        1.0874666766435672        3.1150829483952176     
  0.98666666666666292        1.0895471536732324        3.2280287793045672     
  0.98999999999999622        1.0916322156667662        3.3413835558672162     
  0.99333333333332952        1.0937209480470664        3.4551094028285232     
  0.99666666666666281        1.0958124346270777        3.5691680349353847     
  0.99999999999999611        1.0979057580116620        3.6835207269370738     
   1.0033333333333294        1.0999999999999976        3.7981282832388095     
   1.0066666666666628        1.1020942419883333        3.9129510073543874     
   1.0099999999999962        1.1041875653729176        4.0279486713097619     
   1.0133333333333296        1.1062790519529291        4.1430804851554779     
   1.0166666666666631        1.1083677843332294        4.2583050667517810     
   1.0199999999999965        1.1104528463267631        4.3735804119957615     
   1.0233333333333299        1.1125333233564283        4.4888638656652100     
   1.0266666666666633        1.1146083028562390        4.6041120930589683     
   1.0299999999999967        1.1166768746716083        4.7192810526185358     
   1.0333333333333301        1.1187381314585705        4.8343259697196972     
   1.0366666666666635        1.1207911690817740        4.9492013118273830     
   1.0399999999999969        1.1228350870110637        5.0638607652099541     
   1.0433333333333303        1.1248689887164838        5.1782572134124729     
   1.0466666666666637        1.1268919820615249        5.2923427176904978     
   1.0499999999999972        1.1289031796944455        5.4060684996077386     
   1.0533333333333306        1.1309016994374932        5.5193849260017078     
   1.0566666666666640        1.1328866646738567        5.6322414965217069     
   1.0599999999999974        1.1348572047321801        5.7445868339423649     
   1.0633333333333308        1.1368124552684664        5.8563686774544594     
   1.0666666666666642        1.1387515586452088        5.9675338791320236     
   1.0699999999999976        1.1406736643075788        6.0780284037704435     
   1.0733333333333310        1.1425779291565059        6.1877973322857613     
   1.0766666666666644        1.1444635179184917        6.2967848688591053     
   1.0799999999999979        1.1463296035119850        6.4049343520021607     
   1.0833333333333313        1.1481753674101705        6.5121882697121771     
   1.0866666666666647        1.1499999999999990        6.6184882788733148     
   1.0899999999999981        1.1518027009373120        6.7237752290512747     
   1.0933333333333315        1.1535826794978987        6.8279891908144323     
   1.0966666666666649        1.1553391549243335        6.9310694887008282     
   1.0999999999999983        1.1570713567684423        7.0329547389350608     
   1.1033333333333317        1.1587785252292466        7.1335828919818480     
   1.1066666666666651        1.1604599114862368        7.2328912800049414     
   1.1099999999999985        1.1621147780278305        7.3308166692806687     
   1.1133333333333320        1.1637423989748683        7.4272953175939831     
   1.1166666666666654        1.1653420603990099        7.5222630366235128     
   1.1199999999999988        1.1669130606358853        7.6156552592982045     
   1.1233333333333322        1.1684547105928684        7.7074071120844811     
   1.1266666666666656        1.1699663340513362        7.7974534921372154     
   1.1299999999999990        1.1714472679632799        7.8857291492218939     
   1.1333333333333324        1.1728968627421408        7.9721687722887795     
   1.1366666666666658        1.1743144825477392        8.0567070805522487     
   1.1399999999999992        1.1756995055651753        8.1392789189011676     
   1.1433333333333326        1.1770513242775786        8.2198193574381850     
   1.1466666666666661        1.1783693457325839        8.2982637949175349     
   1.1499999999999995        1.1796529918024194        8.3745480658237792     
   1.1533333333333329        1.1809016994374946        8.4486085508061404     
   1.1566666666666663        1.1821149209133703        8.5203822901560446     
   1.1599999999999997        1.1832921240710099        8.5898070999899385     
   1.1633333333333331        1.1844327925502016        8.6568216907740414     
   1.1666666666666665        1.1855364260160508        8.7213657878037427     
   1.1699999999999999        1.1866025403784439        8.7833802532283727     
   1.1733333333333333        1.1876306680043864        8.8428072091908145     
   1.1766666666666667        1.1886203579231216        8.8995901616328634     
   1.1800000000000002        1.1895711760239414        8.9536741243003419     
   1.1833333333333336        1.1904827052466020        9.0050057424673771     
   1.1866666666666670        1.1913545457642603        9.0535334158871024     
   1.1900000000000004        1.1921863151588503        9.0992074204666569     
   1.1933333333333338        1.1929776485888253        9.1419800281575156     
   1.1966666666666672        1.1937281989491895        9.1818056245485931     
   1.2000000000000006        1.1944376370237484        9.2186408236480339     
   1.2033333333333340        1.1951056516295155        9.2524445793431394     
   1.2066666666666674        1.1957319497532071        9.2831782930319040     
   1.2100000000000009        1.1963162566797660        9.3108059169293167     
   1.2133333333333343        1.1968583161128634        9.3352940525630839     
   1.2166666666666677        1.1973578902873163        9.3566120439882781     
   1.2200000000000011        1.1978147600733808        9.3747320652692068     
   1.2233333333333345        1.1982287250728691        9.3896292017975060     
   1.2266666666666679        1.1985996037070508        9.4012815250401847     
   1.2300000000000013        1.1989272332962990        9.4096701603383313     
   1.2333333333333347        1.1992114701314480        9.4147793474071602     
   1.2366666666666681        1.1994521895368275        9.4165964932203678     
   1.2400000000000015        1.1996492859249506        9.4151122169966275     
   1.2433333333333350        1.1998026728428273        9.4103203870426348     
   1.2466666666666684        1.1999122830098861        9.4022181492460533     
   1.2500000000000018        1.1999780683474848        9.3908059470516267     
   1.2533333333333352        1.2000000000000002        9.3760875327955198     
   1.2566666666666686        1.1999780683474848        9.3580699703152295     
   1.2600000000000020        1.1999122830098858        9.3367636287954934     
   1.2633333333333354        1.1998026728428273        9.3121821678547700     
   1.2666666666666688        1.1996492859249506        9.2843425139193165     
   1.2700000000000022        1.1994521895368273        9.2532648279766132     
   1.2733333333333356        1.1992114701314478        9.2189724648414746     
   1.2766666666666691        1.1989272332962988        9.1814919241102846     
   1.2800000000000025        1.1985996037070503        9.1408527930201124     
   1.2833333333333359        1.1982287250728687        9.0970876814673467     
   1.2866666666666693        1.1978147600733804        9.0502321494788642     
   1.2900000000000027        1.1973578902873159        9.0003246274636943     
   1.2933333333333361        1.1968583161128628        8.9474063296058723     
   1.2966666666666695        1.1963162566797656        8.8915211607903224     
   1.3000000000000029        1.1957319497532064        8.8327156174806802     
   1.3033333333333363        1.1951056516295149        8.7710386829939839     
   1.3066666666666698        1.1944376370237477        8.7065417176380588     
   1.3100000000000032        1.1937281989491886        8.6392783441969865     
   1.3133333333333366        1.1929776485888246        8.5693043292658988     
   1.3166666666666700        1.1921863151588494        8.4966774609478684     
   1.3200000000000034        1.1913545457642594        8.4214574234360970     
   1.3233333333333368        1.1904827052466012        8.3437056690094522     
   1.3266666666666702        1.1895711760239405        8.2634852879725305     
   1.3300000000000036        1.1886203579231207        8.1808608770708897     
   1.3333333333333370        1.1876306680043855        8.0958984069083026     
   1.3366666666666704        1.1866025403784428        8.0086650888863957     
   1.3400000000000039        1.1855364260160497        7.9192292421772148     
   1.3433333333333373        1.1844327925502005        7.8276601612272678     
   1.3466666666666707        1.1832921240710088        7.7340279842767465     
   1.3500000000000041        1.1821149209133692        7.6384035633603027     
   1.3533333333333375        1.1809016994374935        7.5408583362361563     
   1.3566666666666709        1.1796529918024183        7.4414642006696115     
   1.3600000000000043        1.1783693457325826        7.3402933914728923     
   1.3633333333333377        1.1770513242775773        7.2374183606794382     
   1.3666666666666711        1.1756995055651740        7.1329116612041892     
   1.3700000000000045        1.1743144825477378        7.0268458343143525     
   1.3733333333333380        1.1728968627421394        6.9192933012072819     
   1.3766666666666714        1.1714472679632786        6.8103262589634266     
   1.3800000000000048        1.1699663340513347        6.7000165811129024     
   1.3833333333333382        1.1684547105928669        6.5884357230253761     
   1.3866666666666716        1.1669130606358837        6.4756546323032582     
   1.3900000000000050        1.1653420603990083        6.3617436643292677     
   1.3933333333333384        1.1637423989748665        6.2467725030904502     
   1.3966666666666718        1.1621147780278287        6.1308100873727067     
   1.4000000000000052        1.1604599114862351        6.0139245423919103     
   1.4033333333333387        1.1587785252292446        5.8961831169014678     
   1.4066666666666721        1.1570713567684405        5.7776521257899152     
   1.4100000000000055        1.1553391549243317        5.6583968981575019     
   1.4133333333333389        1.1535826794978969        5.5384817308375993     
   1.4166666666666723        1.1518027009373102        5.4179698473057494     
   1.4200000000000057        1.1499999999999970        5.2969233618988971     
   1.4233333333333391        1.1481753674101685        5.1754032492472959     
   1.4266666666666725        1.1463296035119830        5.0534693188035948     
   1.4300000000000059        1.1444635179184894        4.9311801943370384     
   1.4333333333333393        1.1425779291565039        4.8085932982451904     
   1.4366666666666728        1.1406736643075766        4.6857648405220758     
   1.4400000000000062        1.1387515586452068        4.5627498122092067     
   1.4433333333333396        1.1368124552684642        4.4396019831450850     
   1.4466666666666730        1.1348572047321779        4.3163739038195175     
   1.4500000000000064        1.1328866646738547        4.1931169111307298     
   1.4533333333333398        1.1309016994374910        4.0698811378367719     
   1.4566666666666732        1.1289031796944433        3.9467155254872379     
   1.4600000000000066        1.1268919820615226        3.8236678406169182     
   1.4633333333333400        1.1248689887164816        3.7007846939802840     
   1.4666666666666734        1.1228350870110615        3.5781115626034321     
   1.4700000000000069        1.1207911690817718        3.4556928144295651     
   1.4733333333333403        1.1187381314585683        3.3335717353336807     
   1.4766666666666737        1.1166768746716060        3.2117905582836661     
   1.4800000000000071        1.1146083028562368        3.0903904944262117     
   1.4833333333333405        1.1125333233564261        2.9694117658790775     
   1.4866666666666739        1.1104528463267609        2.8488936400136811     
   1.4900000000000073        1.1083677843332271        2.7288744650168399     
   1.4933333333333407        1.1062790519529269        2.6093917065237822     
   1.4966666666666741        1.1041875653729154        2.4904819851202888     
   1.5000000000000075        1.1020942419883311        2.3721811145165455     
   1.5033333333333410        1.0999999999999954        2.2545241402012053     
   1.5066666666666744        1.0979057580116596        2.1375453783900231     
   1.5100000000000078        1.0958124346270752        2.0212784550896852     
   1.5133333333333412        1.0937209480470638        1.9057563451037645     
   1.5166666666666746        1.0916322156667635        1.7910114108144612     
   1.5200000000000080        1.0895471536732297        1.6770754405804871     
   1.5233333333333414        1.0874666766435646        1.5639796865981417     
   1.5266666666666748        1.0853916971437538        1.4517549020797433     
   1.5300000000000082        1.0833231253283848        1.3404313776101711     
   1.5333333333333417        1.0812618685414226        1.2300389765495792     
   1.5366666666666751        1.0792088309182191        1.1206071693570887     
   1.5400000000000085        1.0771649129889294        1.0121650667170612     
   1.5433333333333419        1.0751310112835095       0.90474145135675055     
   1.5466666666666753        1.0731080179384684       0.79836480845070934     
   1.5500000000000087        1.0710968203055478       0.69306335451435497     
   1.5533333333333421        1.0690983005625001       0.58886506469572186     
   1.5566666666666755        1.0671133353261366       0.48579769838114739     
   1.5600000000000089        1.0651427952678134       0.38388882303755956     
   1.5633333333333423        1.0631875447315271       0.28316583622030539     
   1.5666666666666758        1.0612484413547845       0.18365598568251612     
   1.5700000000000092        1.0593263356924147        8.5386387528133559E-002
   1.5733333333333426        1.0574220708434876       -1.1615957642230246E-002
   1.5766666666666760        1.0555364820815021      -0.10732415063725785     
   1.5800000000000094        1.0536703964880088      -0.20171138167043953     
   1.5833333333333428        1.0518246325898233      -0.29475092047670232     
   1.5866666666666762        1.0499999999999949      -0.38641610857450231     
   1.5900000000000096        1.0481972990626820      -0.47668035369197459     
   1.5933333333333430        1.0464173205020952      -0.56551712636809615     
   1.5966666666666764        1.0446608450756605      -0.65289995873386153     
   1.6000000000000099        1.0429286432315519      -0.73880244547153495     
   1.6033333333333433        1.0412214747707478      -0.82319824694306154     
   1.6066666666666767        1.0395400885137576      -0.90606109447218730     
   1.6100000000000101        1.0378852219721642      -0.98736479775781805     
   1.6133333333333435        1.0362576010251261       -1.0670832543894564     
   1.6166666666666769        1.0346579396009847       -1.1451904614283159     
   1.6200000000000103        1.0330869393641096       -1.2216605290113336     
   1.6233333333333437        1.0315452894071264       -1.2964676959277399     
   1.6266666666666771        1.0300336659486589       -1.3695863471114518     
   1.6300000000000106        1.0285527320367152       -1.4409910329856610     
   1.6333333333333440        1.0271031372578543       -1.5106564905887556     
   1.6366666666666774        1.0256855174522561       -1.5785576664045116     
   1.6400000000000108        1.0243004944348200       -1.6446697408126862     
   1.6433333333333442        1.0229486757224169       -1.7089681540694612     
   1.6466666666666776        1.0216306542674118       -1.7714286337212788     
   1.6500000000000110        1.0203470081975763       -1.8320272233491872     
   1.6533333333333444        1.0190983005625012       -1.8907403125351430     
   1.6566666666666778        1.0178850790866256       -1.9475446679359800     
   1.6600000000000112        1.0167078759289863       -2.0024174653457170     
   1.6633333333333447        1.0155672074497948       -2.0553363226215851     
   1.6666666666666781        1.0144635739839458       -2.1062793333450500     
   1.6700000000000115        1.0133974596215527       -2.1552251010846253     
   1.6733333333333449        1.0123693319956102       -2.2021527741238720     
   1.6766666666666783        1.0113796420768753       -2.2470420805146816     
   1.6800000000000117        1.0104288239760555       -2.2898733633135335     
   1.6833333333333451        1.0095172947533950       -2.3306276158559704     
   1.6866666666666785        1.0086454542357370       -2.3692865169237285     
   1.6900000000000119        1.0078136848411472       -2.4058324656574288     
   1.6933333333333453        1.0070223514111722       -2.4402486160681849     
   1.6966666666666788        1.0062718010508083       -2.4725189110015879     
   1.7000000000000122        1.0055623629762493       -2.5026281154088896     
   1.7033333333333456        1.0048943483704824       -2.5305618487821309     
   1.7066666666666790        1.0042680502467911       -2.5563066166124910     
   1.7100000000000124        1.0036837433202321       -2.5798498407343882     
   1.7133333333333458        1.0031416838871350       -2.6011798884220942     
   1.7166666666666792        1.0026421097126823       -2.6202861001101829     
   1.7200000000000126        1.0021852399266178       -2.6371588156145296     
   1.7233333333333460        1.0017712749271297       -2.6517893987366952     
   1.7266666666666795        1.0014003962929483       -2.6641702601414590     
   1.7300000000000129        1.0010727667037000       -2.6742948784040967     
   1.7333333333333463        1.0007885298685513       -2.6821578191324673     
   1.7366666666666797        1.0005478104631718       -2.6877547520770451     
   1.7400000000000131        1.0003507140750489       -2.6910824661512041     
   1.7433333333333465        1.0001973271571725       -2.6921388822933667     
   1.7466666666666799        1.0000877169901139       -2.6909230641123667     
   1.7500000000000133        1.0000219316525154       -2.6874352262676156     
   1.7533333333333467        1.0000000000000000       -2.6816767405461821     
   1.7566666666666801        1.0000219316525156       -2.6736501396090615     
   1.7600000000000136        1.0000877169901146       -2.6633591183904168     
   1.7633333333333470        1.0001973271571734       -2.6508085331437048     
   1.7666666666666804        1.0003507140750503       -2.6360043981400847     
   1.7700000000000138        1.0005478104631735       -2.6189538800349705     
   1.7733333333333472        1.0007885298685533       -2.5996652899296850     
   1.7766666666666806        1.0010727667037025       -2.5781480731653068     
   1.7800000000000140        1.0014003962929510       -2.5544127968966861     
   1.7833333333333474        1.0017712749271328       -2.5284711355040801     
   1.7866666666666808        1.0021852399266213       -2.5003358539101037     
   1.7900000000000142        1.0026421097126861       -2.4700207888784735     
   1.7933333333333477        1.0031416838871392       -2.4375408283801971     
   1.7966666666666811        1.0036837433202366       -2.4029118891209711     
   1.8000000000000145        1.0042680502467960       -2.3661508923313574     
   1.8033333333333479        1.0048943483704875       -2.3272757379286286     
   1.8066666666666813        1.0055623629762549       -2.2863052771652699     
   1.8100000000000147        1.0062718010508140       -2.2432592838855920     
   1.8133333333333481        1.0070223514111782       -2.1981584245167163     
   1.8166666666666815        1.0078136848411536       -2.1510242269247652     
   1.8200000000000149        1.0086454542357437       -2.1018790482711607     
   1.8233333333333483        1.0095172947534021       -2.0507460420065562     
   1.8266666666666818        1.0104288239760628       -1.9976491241430281     
   1.8300000000000152        1.0113796420768830       -1.9426129389459101     
   1.8333333333333486        1.0123693319956182       -1.8856628241887192     
   1.8366666666666820        1.0133974596215609       -1.8268247761138339     
   1.8400000000000154        1.0144635739839543       -1.7661254142422131     
   1.8433333333333488        1.0155672074498037       -1.7035919461735378     
   1.8466666666666822        1.0167078759289954       -1.6392521325173970     
   1.8500000000000156        1.0178850790866352       -1.5731342520931069     
   1.8533333333333490        1.0190983005625109       -1.5052670675336457     
   1.8566666666666825        1.0203470081975863       -1.4356797914254038     
   1.8600000000000159        1.0216306542674221       -1.3644020531119714     
   1.8633333333333493        1.0229486757224273       -1.2914638662857598     
   1.8666666666666827        1.0243004944348308       -1.2168955974867497     
   1.8700000000000161        1.0256855174522672       -1.1407279356224203     
   1.8733333333333495        1.0271031372578658       -1.0629918626177983     
   1.8766666666666829        1.0285527320367267      -0.98371862529878462     
   1.8800000000000163        1.0300336659486706      -0.90293970860585304     
   1.8833333333333497        1.0315452894071386      -0.82068681022946455     
   1.8866666666666831        1.0330869393641218      -0.73699181675184477     
   1.8900000000000166        1.0346579396009972      -0.65188678137336098     
   1.8933333333333500        1.0362576010251390      -0.56540390329541845     
   1.8966666666666834        1.0378852219721770      -0.47757550882468963     
   1.9000000000000168        1.0395400885137709      -0.38843403425713796     
   1.9033333333333502        1.0412214747707611      -0.29801201059317306     
   1.9066666666666836        1.0429286432315654      -0.20634205012860959     
   1.9100000000000170        1.0446608450756745      -0.11345683495948747     
   1.9133333333333504        1.0464173205021092       -1.9389107431630203E-002
   1.9166666666666838        1.0481972990626962        7.5828337440747157E-002
   1.9200000000000172        1.0500000000000094       0.17216265756949506     
   1.9233333333333507        1.0518246325898379       0.26958096738956355     
   1.9266666666666841        1.0536703964880234       0.36805033945386206     
   1.9300000000000175        1.0555364820815170       0.46753780402840739     
   1.9333333333333509        1.0574220708435027       0.56801034669644423     
   1.9366666666666843        1.0593263356924301       0.66943490398665662     
   1.9400000000000177        1.0612484413547998       0.77177835704706765     
   1.9433333333333511        1.0631875447315424       0.87500752339244181     
   1.9466666666666845        1.0651427952678290       0.97908914675939196     
   1.9500000000000179        1.0671133353261522        1.0839898851095644     
   1.9533333333333514        1.0690983005625159        1.1896762968276997     
   1.9566666666666848        1.0710968203055635        1.2961148251671066     
   1.9600000000000182        1.0731080179384844        1.4032717810019302     
   1.9633333333333516        1.0751310112835255        1.5111133239510910     
   1.9666666666666850        1.0771649129889456        1.6196054419456856     
   1.9700000000000184        1.0792088309182353        1.7287139293169731     
   1.9733333333333518        1.0812618685414388        1.8384043634892651     
   1.9766666666666852        1.0833231253284012        1.9486420803673321     
   1.9800000000000186        1.0853916971437705        2.0593921485149256     
   1.9833333333333520        1.0874666766435812        2.1706193422267468     
   1.9866666666666855        1.0895471536732464        2.2822881136029576     
   1.9900000000000189        1.0916322156667804        2.3943625637411663     
   1.9933333333333523        1.0937209480470806        2.5068064131674443     
   1.9966666666666857        1.0958124346270921        2.6195829716341961     
   2.0000000000000191        1.0979057580116764        2.7326551074188199     
   2.0033333333333525        1.1000000000000121        2.8459852162634882     
   2.0066666666666859        1.1020942419883479        2.9595351901024887     
   2.0100000000000193        1.1041875653729323        3.0732663857296578     
   2.0133333333333527        1.1062790519529435        3.1871395935644813     
   2.0166666666666861        1.1083677843332438        3.3011150066811017     
   2.0200000000000196        1.1104528463267775        3.4151521902702426     
   2.0233333333333530        1.1125333233564427        3.5292100517094256     
   2.0266666666666864        1.1146083028562535        3.6432468114219181     
   2.0300000000000198        1.1166768746716225        3.7572199747098005     
   2.0333333333333532        1.1187381314585847        3.8710863047507029     
   2.0366666666666866        1.1207911690817882        3.9848017969520408     
   2.0400000000000200        1.1228350870110779        4.0983216548598627     
   2.0433333333333534        1.1248689887164978        4.2116002678224911     
   2.0466666666666868        1.1268919820615388        4.3245911906114252     
   2.0500000000000203        1.1289031796944595        4.4372471252034638     
   2.0533333333333537        1.1309016994375070        4.5495199049292054     
   2.0566666666666871        1.1328866646738704        4.6613604811930296     
   2.0600000000000205        1.1348572047321936        4.7727189129684886     
   2.0633333333333539        1.1368124552684800        4.8835443592720722     
   2.0666666666666873        1.1387515586452224        4.9937850748147126     
   2.0700000000000207        1.1406736643075921        5.1033884090270689     
   2.0733333333333541        1.1425779291565192        5.2123008086495215     
   2.0766666666666875        1.1444635179185045        5.3204678240715229     
   2.0800000000000209        1.1463296035119979        5.4278341195975575     
   2.0833333333333544        1.1481753674101831        5.5343434878085427     
   2.0866666666666878        1.1500000000000115        5.6399388681769462     
   2.0900000000000212        1.1518027009373244        5.7445623700830275     
   2.0933333333333546        1.1535826794979109        5.8481553003665878     
   2.0966666666666880        1.1553391549243457        5.9506581955343991     
   2.1000000000000214        1.1570713567684543        6.0520108587282069     
   2.1033333333333548        1.1587785252292584        6.1521524015411062     
   2.1066666666666882        1.1604599114862484        6.2510212907517335     
   2.1100000000000216        1.1621147780278418        6.3485554000264077     
   2.1133333333333550        1.1637423989748796        6.4446920666181358     
   2.1166666666666885        1.1653420603990210        6.5393681530695789     
   2.1200000000000219        1.1669130606358962        6.6325201139037615     
   2.1233333333333553        1.1684547105928791        6.7240840672618729     
   2.1266666666666887        1.1699663340513464        6.8139958714225397     
   2.1300000000000221        1.1714472679632901        6.9021912061107598     
   2.1333333333333555        1.1728968627421508        6.9886056584777858     
   2.1366666666666889        1.1743144825477490        7.0731748136063182     
   2.1400000000000223        1.1756995055651849        7.1558343493673009     
   2.1433333333333557        1.1770513242775880        7.2365201354269741     
   2.1466666666666891        1.1783693457325928        7.3151683361744952     
   2.1500000000000226        1.1796529918024283        7.3917155173134033     
   2.1533333333333560        1.1809016994375032        7.4660987558317018     
   2.1566666666666894        1.1821149209133786        7.5382557530394978     
   2.1600000000000228        1.1832921240710179        7.6081249503363297     
   2.1633333333333562        1.1844327925502094        7.6756456473455206     
   2.1666666666666896        1.1855364260160584        7.7407581220289501     
   2.1700000000000230        1.1866025403784513        7.8034037523733550     
   2.1733333333333564        1.1876306680043935        7.8635251392180221     
   2.1766666666666898        1.1886203579231283        7.9210662297754517     
   2.1800000000000233        1.1895711760239478        7.9759724413791853     
   2.1833333333333567        1.1904827052466083        8.0281907849786478     
   2.1866666666666901        1.1913545457642662        8.0776699878885818     
   2.1900000000000235        1.1921863151588559        8.1243606152914811     
   2.1933333333333569        1.1929776485888306        8.1682151899839344     
   2.1966666666666903        1.1937281989491944        8.2091883098547189     
   2.2000000000000237        1.1944376370237531        8.2472367625810925     
   2.2033333333333571        1.1951056516295200        8.2823196370322432     
   2.2066666666666905        1.1957319497532113        8.3143984308741548     
   2.2100000000000239        1.1963162566797700        8.3434371538786198     
   2.2133333333333574        1.1968583161128670        8.3694024264514653     
   2.2166666666666908        1.1973578902873196        8.3922635729094353     
   2.2200000000000242        1.1978147600733839        8.4119927090537168     
   2.2233333333333576        1.1982287250728718        8.4285648236095447     
   2.2266666666666910        1.1985996037070532        8.4419578531252064     
   2.2300000000000244        1.1989272332963012        8.4521527499510061     
   2.2333333333333578        1.1992114701314498        8.4591335429489671     
   2.2366666666666912        1.1994521895368291        8.4628873906157782     
   2.2400000000000246        1.1996492859249519        8.4634046263366365     
   2.2433333333333580        1.1998026728428282        8.4606787955243021     
   2.2466666666666915        1.1999122830098867        8.4547066844362035     
   2.2500000000000249        1.1999780683474850        8.4454883405026102     
   2.2533333333333583        1.2000000000000002        8.4330270840406278     
   2.2566666666666917        1.1999780683474843        8.4173295112707009     
   2.2600000000000251        1.1999122830098854        8.3984054885961097     
   2.2633333333333585        1.1998026728428264        8.3762681381488147     
   2.2666666666666919        1.1996492859249492        8.3509338146491352     
   2.2700000000000253        1.1994521895368258        8.3224220736695855     
   2.2733333333333587        1.1992114701314460        8.2907556314360313     
   2.2766666666666922        1.1989272332962966        8.2559603163412980     
   2.2800000000000256        1.1985996037070481        8.2180650123868197     
   2.2833333333333590        1.1982287250728660        8.1771015948065919     
   2.2866666666666924        1.1978147600733773        8.1331048581660959     
   2.2900000000000258        1.1973578902873125        8.0861124372626687     
   2.2933333333333592        1.1968583161128592        8.0361647211881202     
   2.2966666666666926        1.1963162566797616        7.9833047609441969     
   2.3000000000000260        1.1957319497532022        7.9275781710293174     
   2.3033333333333594        1.1951056516295104        7.8690330254403911     
   2.3066666666666928        1.1944376370237428        7.8077197485551508     
   2.3100000000000263        1.1937281989491835        7.7436910013794007     
   2.3133333333333597        1.1929776485888193        7.6770015636593039     
   2.3166666666666931        1.1921863151588439        7.6077082123712030     
   2.3200000000000265        1.1913545457642536        7.5358695971108496     
   2.3233333333333599        1.1904827052465949        7.4615461129092733     
   2.3266666666666933        1.1895711760239340        7.3847997710059463     
   2.3300000000000267        1.1886203579231138        7.3056940681084042     
   2.3333333333333601        1.1876306680043784        7.2242938546648157     
   2.3366666666666935        1.1866025403784357        7.1406652026685258     
   2.3400000000000269        1.1855364260160421        7.0548752735044378     
   2.3433333333333604        1.1844327925501927        6.9669921863349611     
   2.3466666666666938        1.1832921240710008        6.8770848875078290     
   2.3500000000000272        1.1821149209133608        6.7852230214516744     
   2.3533333333333606        1.1809016994374848        6.6914768035051866     
   2.3566666666666940        1.1796529918024095        6.5959168951045717     
   2.3600000000000274        1.1783693457325735        6.4986142817308110     
   2.3633333333333608        1.1770513242775682        6.3996401539936825     
   2.3666666666666942        1.1756995055651644        6.2990657922030087     
   2.3700000000000276        1.1743144825477281        6.1969624547511017     
   2.3733333333333611        1.1728968627421295        6.0934012706016309     
   2.3766666666666945        1.1714472679632684        5.9884531361524420     
   2.3800000000000279        1.1699663340513242        5.8821886167095778     
   2.3833333333333613        1.1684547105928562        5.7746778527815970     
   2.3866666666666947        1.1669130606358731        5.6659904713731999     
   2.3900000000000281        1.1653420603989975        5.5561955024282383     
   2.3933333333333615        1.1637423989748557        5.4453613005436718     
   2.3966666666666949        1.1621147780278174        5.3335554720472995     
   2.4000000000000283        1.1604599114862235        5.2208448075048581     
   2.4033333333333617        1.1587785252292331        5.1072952196953105     
   2.4066666666666952        1.1570713567684288        4.9929716870672358     
   2.4100000000000286        1.1553391549243197        4.8779382026646303     
   2.4133333333333620        1.1535826794978847        4.7622577284868903     
   2.4166666666666954        1.1518027009372978        4.6459921552254180     
   2.4200000000000288        1.1499999999999846        4.5292022672985190     
   2.4233333333333622        1.1481753674101558        4.4119477130862821     
   2.4266666666666956        1.1463296035119703        4.2942869802497521     
   2.4300000000000290        1.1444635179184766        4.1762773760010079     
   2.4333333333333624        1.1425779291564910        4.0579750121766862     
   2.4366666666666958        1.1406736643075635        3.9394347949526334     
   2.4400000000000293        1.1387515586451935        3.8207104190260472     
   2.4433333333333627        1.1368124552684509        3.7018543660799734     
   2.4466666666666961        1.1348572047321646        3.5829179073359700     
   2.4500000000000295        1.1328866646738411        3.4639511099925175     
   2.4533333333333629        1.1309016994374774        3.3450028473403308     
   2.4566666666666963        1.1289031796944295        3.2261208123398633     
   2.4600000000000297        1.1268919820615089        3.1073515344426421     
   2.4633333333333631        1.1248689887164676        2.9887403994345907     
   2.4666666666666965        1.1228350870110475        2.8703316720780214     
   2.4700000000000299        1.1207911690817578        2.7521685213276066     
   2.4733333333333634        1.1187381314585543        2.6342930478962661     
   2.4766666666666968        1.1166768746715918        2.5167463139474480     
   2.4800000000000302        1.1146083028562226        2.3995683746923953     
   2.4833333333333636        1.1125333233564119        2.2827983116733845     
   2.4866666666666970        1.1104528463267467        2.1664742675171182     
   2.4900000000000304        1.1083677843332127        2.0506334819466536     
   2.4933333333333638        1.1062790519529124        1.9353123288442109     
   2.4966666666666972        1.1041875653729010        1.8205463541623037     
   2.5000000000000306        1.1020942419883166        1.7063703144860554     
   2.5033333333333641        1.0999999999999810        1.5928182160550377     
   2.5066666666666975        1.0979057580116451        1.4799233540589889     
   2.5100000000000309        1.0958124346270610        1.3677183520282343     
   2.5133333333333643        1.0937209480470496        1.2562352011455726     
   2.5166666666666977        1.0916322156667493        1.1455052993137065     
   2.5200000000000311        1.0895471536732155        1.0355594898184493     
   2.5233333333333645        1.0874666766435503       0.92642809943497695     
   2.5266666666666979        1.0853916971437396       0.81814097583153689     
   2.5300000000000313        1.0833231253283706       0.71072752413156148     
   2.5333333333333647        1.0812618685414084       0.60421674250238000     
   2.5366666666666982        1.0792088309182051       0.49863725664573810     
   2.5400000000000316        1.0771649129889154       0.39401735307179042     
   2.5433333333333650        1.0751310112834955       0.29038501104600373     
   2.5466666666666984        1.0731080179384545       0.18776793310427475     
   2.5500000000000318        1.0710968203055340        8.6193574039314158E-002
   2.5533333333333652        1.0690983005624863       -1.4310831732631146E-002
   2.5566666666666986        1.0671133353261231      -0.11371824450805482     
   2.5600000000000320        1.0651427952677996      -0.21200179541318659     
   2.5633333333333654        1.0631875447315138      -0.30913476437147192     
   2.5666666666666988        1.0612484413547711      -0.40509055998604904     
   2.5700000000000323        1.0593263356924016      -0.49984270139362269     
   2.5733333333333657        1.0574220708434745      -0.59336480214118603     
   2.5766666666666991        1.0555364820814892      -0.68563055612880852     
   2.5800000000000325        1.0536703964879959      -0.77661372565648090     
   2.5833333333333659        1.0518246325898108      -0.86628813160552942     
   2.5866666666666993        1.0499999999999823      -0.95462764577897974     
   2.5900000000000327        1.0481972990626696       -1.0416061854182939     
   2.5933333333333661        1.0464173205020830       -1.1271977099076795     
   2.5966666666666995        1.0446608450756487       -1.2113762196697810     
   2.6000000000000330        1.0429286432315399       -1.2941157572507243     
   2.6033333333333664        1.0412214747707362       -1.3753904105846788     
   2.6066666666666998        1.0395400885137460       -1.4551743184224668     
   2.6100000000000332        1.0378852219721528       -1.5334416779006279     
   2.6133333333333666        1.0362576010251150       -1.6101667542216656     
   2.6166666666667000        1.0346579396009739       -1.6853238924082952     
   2.6200000000000334        1.0330869393640987       -1.7588875310884617     
   2.6233333333333668        1.0315452894071160       -1.8308322182601420     
   2.6266666666667002        1.0300336659486484       -1.9011326289789643     
   2.6300000000000336        1.0285527320367052       -1.9697635849038830     
   2.6333333333333671        1.0271031372578445       -2.0367000756302085     
   2.6366666666667005        1.0256855174522466       -2.1019172817318599     
   2.6400000000000339        1.0243004944348106       -2.1653905994286839     
   2.6433333333333673        1.0229486757224078       -2.2270956667877631     
   2.6466666666667007        1.0216306542674027       -2.2870083913617125     
   2.6500000000000341        1.0203470081975676       -2.3451049791604945     
   2.6533333333333675        1.0190983005624927       -2.4013619648479572     
   2.6566666666667009        1.0178850790866174       -2.4557562430479738     
   2.6600000000000343        1.0167078759289783       -2.5082651006406196     
   2.6633333333333677        1.0155672074497870       -2.5588662499233612     
   2.6666666666667012        1.0144635739839383       -2.6075378625077863     
   2.6700000000000346        1.0133974596215454       -2.6542586038185636     
   2.6733333333333680        1.0123693319956033       -2.6990076680573898     
   2.6766666666667014        1.0113796420768686       -2.7417648134917432     
   2.6800000000000348        1.0104288239760491       -2.7825103979255643     
   2.6833333333333682        1.0095172947533888       -2.8212254142070026     
   2.6866666666667016        1.0086454542357310       -2.8578915256270356     
   2.6900000000000350        1.0078136848411416       -2.8924911010616694     
   2.6933333333333684        1.0070223514111667       -2.9250072497107684     
   2.6966666666667019        1.0062718010508032       -2.9554238552863978     
   2.7000000000000353        1.0055623629762447       -2.9837256095057509     
   2.7033333333333687        1.0048943483704780       -3.0098980447444901     
   2.7066666666667021        1.0042680502467869       -3.0339275657099498     
   2.7100000000000355        1.0036837433202284       -3.0558014799963527     
   2.7133333333333689        1.0031416838871314       -3.0755080273886661     
   2.7166666666667023        1.0026421097126790       -3.0930364077859598     
   2.7200000000000357        1.0021852399266149       -3.1083768076211395     
   2.7233333333333691        1.0017712749271270       -3.1215204246595798     
   2.7266666666667025        1.0014003962929459       -3.1324594910661334     
   2.7300000000000360        1.0010727667036980       -3.1411872946372026     
   2.7333333333333694        1.0007885298685495       -3.1476981981027974     
   2.7366666666667028        1.0005478104631704       -3.1519876564114706     
   2.7400000000000362        1.0003507140750476       -3.1540522319205819     
   2.7433333333333696        1.0001973271571716       -3.1538896074232077     
   2.7466666666667030        1.0000877169901132       -3.1514985969534086     
   2.7500000000000364        1.0000219316525150       -3.1468791543208878     
   2.7533333333333698        1.0000000000000000       -3.1400323793376774     
   2.7566666666667032        1.0000219316525158       -3.1309605217088632     
   2.7600000000000366        1.0000877169901152       -3.1196669825711689     
   2.7633333333333701        1.0001973271571742       -3.1061563136736057     
   2.7666666666667035        1.0003507140750516       -3.0904342142053172     
   2.7700000000000369        1.0005478104631751       -3.0725075252869782     
   2.7733333333333703        1.0007885298685553       -3.0523842221523534     
   2.7766666666667037        1.0010727667037045       -3.0300734040577839     
   2.7800000000000371        1.0014003962929534       -3.0055852819670750     
   2.7833333333333705        1.0017712749271355       -2.9789311640701261     
   2.7866666666667039        1.0021852399266242       -2.9501234392024491     
   2.7900000000000373        1.0026421097126894       -2.9191755582427601     
   2.7933333333333707        1.0031416838871428       -2.8861020135743547     
   2.7966666666667042        1.0036837433202406       -2.8509183167039991     
   2.8000000000000376        1.0042680502468002       -2.8136409741405988     
   2.8033333333333710        1.0048943483704920       -2.7742874616422890     
   2.8066666666667044        1.0055623629762598       -2.7328761969475255     
   2.8100000000000378        1.0062718010508191       -2.6894265111117939     
   2.8133333333333712        1.0070223514111836       -2.6439586185762893     
   2.8166666666667046        1.0078136848411592       -2.5964935861000065     
   2.8200000000000380        1.0086454542357497       -2.5470533006900977     
   2.8233333333333714        1.0095172947534081       -2.4956604366686199     
   2.8266666666667049        1.0104288239760693       -2.4423384220161939     
   2.8300000000000383        1.0113796420768897       -2.3871114041348469     
   2.8333333333333717        1.0123693319956253       -2.3300042151731626     
   2.8366666666667051        1.0133974596215680       -2.2710423370571551     
   2.8400000000000385        1.0144635739839618       -2.2102518663702000     
   2.8433333333333719        1.0155672074498114       -2.1476594792241062     
   2.8466666666667053        1.0167078759290034       -2.0832923962616969     
   2.8500000000000387        1.0178850790866434       -2.0171783479293159     
   2.8533333333333721        1.0190983005625196       -1.9493455401548512     
   2.8566666666667055        1.0203470081975949       -1.8798226205632635     
   2.8600000000000390        1.0216306542674312       -1.8086386453582584     
   2.8633333333333724        1.0229486757224366       -1.7358230469942557     
   2.8666666666667058        1.0243004944348404       -1.6614056027579807     
   2.8700000000000392        1.0256855174522772       -1.5854164043744856     
   2.8733333333333726        1.0271031372578756       -1.5078858287465022     
   2.8766666666667060        1.0285527320367371       -1.4288445099306037     
   2.8800000000000394        1.0300336659486811       -1.3483233124479830     
   2.8833333333333728        1.0315452894071493       -1.2663533060207204     
   2.8866666666667062        1.0330869393641327       -1.1829657418193165     
   2.8900000000000396        1.0346579396010085       -1.0981920302993364     
   2.8933333333333731        1.0362576010251503       -1.0120637206997847     
   2.8966666666667065        1.0378852219721886      -0.92461248226800308     
   2.9000000000000399        1.0395400885137824      -0.83587008726999290     
   2.9033333333333733        1.0412214747707731      -0.74586839583756148     
   2.9066666666667067        1.0429286432315774      -0.65463934269751700     
   2.9100000000000401        1.0446608450756867      -0.56221492582062649     
   2.9133333333333735        1.0464173205021217      -0.46862719702205968     
   2.9166666666667069        1.0481972990627086      -0.37390825453735432     
   2.9200000000000403        1.0500000000000218      -0.27809023759211232     
   2.9233333333333738        1.0518246325898508      -0.18120532297622843     
   2.9266666666667072        1.0536703964880363       -8.3285723627352967E-002
   2.9300000000000406        1.0555364820815303        1.5636310778802377E-002
   2.9333333333333740        1.0574220708435158       0.11552849123945173     
   2.9366666666667074        1.0593263356924434       0.21635848485262993     
   2.9400000000000408        1.0612484413548133       0.31809390828293210     
   2.9433333333333742        1.0631875447315562       0.42070231929323326     
   2.9466666666667076        1.0651427952678425       0.52415120637634838     
   2.9500000000000410        1.0671133353261661       0.62840797652706371     
   2.9533333333333744        1.0690983005625299       0.73343994120102474     
   2.9566666666667079        1.0710968203055777       0.83921430051357604     
   2.9600000000000413        1.0731080179384984       0.94569812573719625     
   2.9633333333333747        1.0751310112835397        1.0528583401632581     
   2.9666666666667081        1.0771649129889598        1.1606616983990239     
   2.9700000000000415        1.0792088309182497        1.2690747641779632     
   2.9733333333333749        1.0812618685414532        1.3780638867670334     
   2.9766666666667083        1.0833231253284157        1.4875951760612212     
   2.9800000000000417        1.0853916971437847        1.5976344764614814     
   2.9833333333333751        1.0874666766435956        1.7081473396391667     
   2.9866666666667085        1.0895471536732608        1.8190989962954480     
   2.9900000000000420        1.0916322156667948        1.9304543270315162     
   2.9933333333333754        1.0937209480470949        2.0421778324508515     
   2.9966666666667088        1.0958124346271065        2.1542336026217308     
   3.0000000000000422        1.0979057580116907        2.2665852860339224     
