   3.3333333333333335E-003   1.1000000000000001        5.8352269636822118     
   6.6666666666666671E-003   1.1037241474074964        6.0530966460158302     
   1.0000000000000000E-002   1.1074466612808556        6.2719327175377613     
   1.3333333333333334E-002   1.1111659088024626        6.4917085544137310     
   1.6666666666666666E-002   1.1148802585874320        6.7123962452981027     
   2.0000000000000000E-002   1.1185880813991880        6.9339663660368975     
   2.3333333333333334E-002   1.1222877508641003        7.1563877483711336     
   2.6666666666666668E-002   1.1259776441848666        7.3796272430113667     
   3.0000000000000002E-002   1.1296561428523242        7.6036494775185481     
   3.3333333333333333E-002   1.1333216333553822        7.8284166094967853     
   3.6666666666666667E-002   1.1369725078887600        8.0538880756781346     
   4.0000000000000001E-002   1.1406071650582252        8.2800203375606110     
   4.3333333333333335E-002   1.1442240105830166        8.5067666243447757     
   4.6666666666666669E-002   1.1478214579951489        8.7340766740039690     
   5.0000000000000003E-002   1.1513979293352907        8.9618964734158855     
   5.3333333333333337E-002   1.1549518558449083        9.1901679985794900     
   5.6666666666666671E-002   1.1584816786543768        9.4188289560398335     
   6.0000000000000005E-002   1.1619858494667499        9.6478125267433654     
   6.3333333333333339E-002   1.1654628312368953        9.8770471136478033     
   6.6666666666666666E-002   1.1689110988456934        10.106456094511209     
   6.9999999999999993E-002   1.1723291397690048        10.335957581384541     
   7.3333333333333320E-002   1.1757154547411131        10.565464188429168     
   7.6666666666666647E-002   1.1790685584123526        10.794882809773876     
   7.9999999999999974E-002   1.1823869800006321        11.024114409214370     
   8.3333333333333301E-002   1.1856692639365682        11.253053823639407     
   8.6666666666666628E-002   1.1889139705019462        11.481589582141101     
   8.9999999999999955E-002   1.1921196764612279        11.709603742830486     
   9.3333333333333282E-002   1.1952849756858299        11.936971749431468     
   9.6666666666666609E-002   1.1984084797708980        12.163562309764989     
   9.9999999999999936E-002   1.2014888186443082        12.389237298259680     
  0.10333333333333326        1.2045246411676240        12.613851684632381     
  0.10666666666666659        1.2075146157287520        12.837253490871994     
  0.10999999999999992        1.2104574308260301        13.059283778629398     
  0.11333333333333324        1.2133517956434958        13.279776669065035     
  0.11666666666666657        1.2161964406170802        13.498559397131906     
  0.11999999999999990        1.2189901179914819        13.715452402174202     
  0.12333333333333323        1.2217316023674722        13.930269456599319     
  0.12666666666666657        1.2244196912393970        14.142817834233941     
  0.12999999999999989        1.2270532055226351        14.352898519800723     
  0.13333333333333322        1.2296309900707831        14.560306460752566     
  0.13666666666666655        1.2321519141823420        14.764830862476272     
  0.13999999999999987        1.2346148720966788        14.966255527625282     
  0.14333333333333320        1.2370187834790509        15.164359240065828     
  0.14666666666666653        1.2393625938944759        15.358916193620756     
  0.14999999999999986        1.2416452752702420        15.549696465474549     
  0.15333333333333318        1.2438658263468545        15.736466533760765     
  0.15666666666666651        1.2460232731172212        15.918989838495612     
  0.15999999999999984        1.2481166692538845        16.097027384646939     
  0.16333333333333316        1.2501450965241112        16.270338385744353     
  0.16666666666666649        1.2521076651926606        16.438680946043355     
  0.16999999999999982        1.2540035144120514        16.601812778860889     
  0.17333333333333314        1.2558318126001571        16.759491958304022     
  0.17666666666666647        1.2575917578049669        16.911477701224094     
  0.17999999999999980        1.2592825780563470        17.057531175847373     
  0.18333333333333313        1.2609035317046533        17.197416333169304     
  0.18666666666666645        1.2624539077460424        17.330900756852220     
  0.18999999999999978        1.2639330261343422        17.457756527046985     
  0.19333333333333311        1.2653402380793424        17.577761093266997     
  0.19666666666666643        1.2666749263313750        17.690698151186648     
  0.19999999999999976        1.2679365054520608        17.796358518018128     
  0.20333333333333309        1.2691244220711020        17.894541000946422     
  0.20666666666666642        1.2702381551290085        17.985053252973721     
  0.20999999999999974        1.2712772161056516        18.067712610447316     
  0.21333333333333307        1.2722411492345458        18.142346906520348     
  0.21666666666666640        1.2731295317027627        18.208795254824530     
  0.21999999999999972        1.2739419738363902        18.266908797720941     
  0.22333333333333305        1.2746781192714569        18.316551413639001     
  0.22666666666666638        1.2753376451102456        18.357600378214176     
  0.22999999999999970        1.2759202620629253        18.389946974191389     
  0.23333333333333303        1.2764257145744453        18.413497045374431     
  0.23666666666666636        1.2768537809366287        18.428171490262553     
  0.23999999999999969        1.2772042733854210        18.433906691429879     
  0.24333333333333301        1.2774770381832505        18.430654877159679     
  0.24666666666666634        1.2776719556864620        18.418384412342071     
  0.24999999999999967        1.2777889403977962        18.397080016177362     
  0.25333333333333302        1.2778279410038926        18.366742904787543     
  0.25666666666666638        1.2777889403977962        18.327390857422376     
  0.25999999999999973        1.2776719556864620        18.279058205547575     
  0.26333333333333309        1.2774770381832505        18.221795744710708     
  0.26666666666666644        1.2772042733854212        18.155670569693026     
  0.26999999999999980        1.2768537809366287        18.080765834060401     
  0.27333333333333315        1.2764257145744455        17.997180435822631     
  0.27666666666666651        1.2759202620629255        17.905028631483823     
  0.27999999999999986        1.2753376451102456        17.804439581318039     
  0.28333333333333321        1.2746781192714571        17.695556829221580     
  0.28666666666666657        1.2739419738363902        17.578537720974495     
  0.28999999999999992        1.2731295317027629        17.453552765182508     
  0.29333333333333328        1.2722411492345460        17.320784941561332     
  0.29666666666666663        1.2712772161056516        17.180428961567156     
  0.29999999999999999        1.2702381551290085        17.032690486663348     
  0.30333333333333334        1.2691244220711022        16.877785309745093     
  0.30666666666666670        1.2679365054520610        16.715938505418016     
  0.31000000000000005        1.2666749263313750        16.547383554942343     
  0.31333333333333341        1.2653402380793426        16.372361451713321     
  0.31666666666666676        1.2639330261343422        16.191119793149610     
  0.32000000000000012        1.2624539077460424        16.003911864809133     
  0.32333333333333347        1.2609035317046533        15.810995722444659     
  0.32666666666666683        1.2592825780563470        15.612633277556728     
  0.33000000000000018        1.2575917578049669        15.409089391799141     
  0.33333333333333354        1.2558318126001571        15.200630985348134     
  0.33666666666666689        1.2540035144120514        14.987526164064885     
  0.34000000000000025        1.2521076651926606        14.770043369964972     
  0.34333333333333360        1.2501450965241112        14.548450559166447     
  0.34666666666666696        1.2481166692538843        14.323014411120154     
  0.35000000000000031        1.2460232731172212        14.093999572542623     
  0.35333333333333367        1.2438658263468545        13.861667939072751     
  0.35666666666666702        1.2416452752702418        13.626277977269098     
  0.36000000000000038        1.2393625938944759        13.388084089154304     
  0.36333333333333373        1.2370187834790507        13.147336021105469     
  0.36666666666666708        1.2346148720966788        12.904278318488108     
  0.37000000000000044        1.2321519141823418        12.659149827036259     
  0.37333333333333379        1.2296309900707829        12.412183241604186     
  0.37666666666666715        1.2270532055226349        12.163604702549302     
  0.38000000000000050        1.2244196912393968        11.913633439663279     
  0.38333333333333386        1.2217316023674718        11.662481463244605     
  0.38666666666666721        1.2189901179914815        11.410353301606412     
  0.39000000000000057        1.2161964406170800        11.157445784039272     
  0.39333333333333392        1.2133517956434954        10.903947867999523     
  0.39666666666666728        1.2104574308260299        10.650040509072761     
  0.40000000000000063        1.2075146157287515        10.395896572066276     
  0.40333333333333399        1.2045246411676236        10.141680781418309     
  0.40666666666666734        1.2014888186443076        9.8875497089691571     
  0.41000000000000070        1.1984084797708976        9.6336517970268130     
  0.41333333333333405        1.1952849756858293        9.3801274145679994     
  0.41666666666666741        1.1921196764612272        9.1271089443523579     
  0.42000000000000076        1.1889139705019456        8.8747208986838100     
  0.42333333333333412        1.1856692639365676        8.6230800615326544     
  0.42666666666666747        1.1823869800006315        8.3722956547310368     
  0.43000000000000083        1.1790685584123517        8.1224695259713577     
  0.43333333333333418        1.1757154547411122        7.8736963563710107     
  0.43666666666666754        1.1723291397690039        7.6260638854148732     
  0.44000000000000089        1.1689110988456926        7.3796531511492098     
  0.44333333333333425        1.1654628312368944        7.1345387435721292     
  0.44666666666666760        1.1619858494667490        6.8907890692490668     
  0.45000000000000095        1.1584816786543759        6.6484666252710714     
  0.45333333333333431        1.1549518558449074        6.4076282807705605     
  0.45666666666666766        1.1513979293352896        6.1683255643101287     
  0.46000000000000102        1.1478214579951478        5.9306049555647764     
  0.46333333333333437        1.1442240105830155        5.6945081798247044     
  0.46666666666666773        1.1406071650582241        5.4600725039531586     
  0.47000000000000108        1.1369725078887589        5.2273310325414855     
  0.47333333333333444        1.1333216333553811        4.9963130031092771     
  0.47666666666666779        1.1296561428523231        4.7670440793019226     
  0.48000000000000115        1.1259776441848655        4.5395466411387266     
  0.48333333333333450        1.1222877508640989        4.3138400714621428     
  0.48666666666666786        1.1185880813991866        4.0899410378325172     
  0.49000000000000121        1.1148802585874307        3.8678637692006714     
  0.49333333333333457        1.1111659088024612        3.6476203267751699     
  0.49666666666666792        1.1074466612808542        3.4292208685785686     
  0.50000000000000122        1.1037241474074950        3.2126739072601831     
  0.50333333333333452        1.0999999999999988        2.9979865607996001     
  0.50666666666666782        1.0962758525925025        2.7851647957961521     
  0.51000000000000112        1.0925533387191433        2.5742136630948762     
  0.51333333333333442        1.0888340911975363        2.3651375255486951     
  0.51666666666666772        1.0851197414125671        2.1579402777599772     
  0.52000000000000102        1.0814119186008111        1.9526255576823650     
  0.52333333333333432        1.0777122491358988        1.7491969499963347     
  0.52666666666666762        1.0740223558151325        1.5476581811981998     
  0.53000000000000091        1.0703438571476749        1.3480133063646393     
  0.53333333333333421        1.0666783666446171        1.1502668875713591     
  0.53666666666666751        1.0630274921112390       0.95442416395660090     
  0.54000000000000081        1.0593928349417741       0.76049121342876114     
  0.54333333333333411        1.0557759894169827       0.56847510602022222     
  0.54666666666666741        1.0521785420048504       0.37838404889112315     
  0.55000000000000071        1.0486020706647088       0.19022752298238518     
  0.55333333333333401        1.0450481441550910        4.0164113122085846E-003
  0.55666666666666731        1.0415183213456227      -0.18023688109854180     
  0.56000000000000061        1.0380141505332496      -0.36251831569789322     
  0.56333333333333391        1.0345371687631042      -0.54281211730886725     
  0.56666666666666721        1.0310889011543061      -0.72110067952239387     
  0.57000000000000051        1.0276708602309950      -0.89736447864359603     
  0.57333333333333381        1.0242845452588867       -1.0715819962740174     
  0.57666666666666710        1.0209314415876471       -1.2437296506271238     
  0.58000000000000040        1.0176130199993676       -1.4137817366903922     
  0.58333333333333370        1.0143307360634315       -1.5817103753610451     
  0.58666666666666700        1.0110860294980535       -1.7474854716959651     
  0.59000000000000030        1.0078803235387719       -1.9110746824279190     
  0.59333333333333360        1.0047150243141700       -2.0724433929095296     
  0.59666666666666690        1.0015915202291019       -2.2315547036536851     
  0.60000000000000020       0.99851118135569183       -2.3674304139497728     
  0.60333333333333350       0.99547535883237592       -2.4799824204056682     
  0.60666666666666680       0.99248538427124799       -2.5918190119098448     
  0.61000000000000010       0.98954256917396988       -2.7028555620940207     
  0.61333333333333340       0.98664820435650435       -2.8130053055536792     
  0.61666666666666670       0.98380355938291975       -2.9221794161535524     
  0.62000000000000000       0.98100988200851824       -3.0302870968221316     
  0.62333333333333329       0.97826839763252793       -3.1372356810400546     
  0.62666666666666659       0.97558030876060309       -3.2429307461712806     
  0.62999999999999989       0.97294679447736510       -3.3472762387263222     
  0.63333333333333319       0.97036900992921693       -3.4501746115825775     
  0.63666666666666649       0.96784808581765824       -3.5515269731186137     
  0.63999999999999979       0.96538512790332143       -3.6512332481477845     
  0.64333333333333309       0.96298121652094937       -3.7491923504612368     
  0.64666666666666639       0.96063740610552439       -3.8453023667130748     
  0.64999999999999969       0.95835472472975813       -3.9394607513001541     
  0.65333333333333299       0.95613417365314579       -4.0315645318075681     
  0.65666666666666629       0.95397672688277901       -4.1215105245081505     
  0.65999999999999959       0.95188333074611586       -4.2091955593210262     
  0.66333333333333289       0.94985490347588919       -4.2945167135520244     
  0.66666666666666619       0.94789233480733970       -4.3773715536564355     
  0.66999999999999948       0.94599648558794902       -4.4576583841855513     
  0.67333333333333278       0.94416818739984332       -4.5352765030007536     
  0.67666666666666608       0.94240824219503361       -4.6101264617658559     
  0.67999999999999938       0.94071742194365338       -4.6821103306588370     
  0.68333333333333268       0.93909646829534710       -4.7511319661802558     
  0.68666666666666598       0.93754609225395802       -4.8170972808775936     
  0.68999999999999928       0.93606697386565818       -4.8799145137533282     
  0.69333333333333258       0.93465976192065792       -4.9394945000808521     
  0.69666666666666588       0.93332507366862538       -4.9957509393165545     
  0.69999999999999918       0.93206349454793946       -5.0486006597698392     
  0.70333333333333248       0.93087557792889830       -5.0979638786749097     
  0.70666666666666578       0.92976184487099189       -5.1437644563010485     
  0.70999999999999908       0.92872278389434881       -5.1859301427402258     
  0.71333333333333238       0.92775885076545450       -5.2243928160242712     
  0.71666666666666567       0.92687046829723763       -5.2590887102473252     
  0.71999999999999897       0.92605802616361022       -5.2899586324040095     
  0.72333333333333227       0.92532188072854327       -5.3169481666986860     
  0.72666666666666557       0.92466235488975479       -5.3400078651368990     
  0.72999999999999887       0.92407973793707487       -5.3590934232760024     
  0.73333333333333217       0.92357428542555486       -5.3741658400875210     
  0.73666666666666547       0.92314621906337158       -5.3851915609686722     
  0.73999999999999877       0.92279572661457920       -5.3921426030341442     
  0.74333333333333207       0.92252296181674964       -5.3949966619203042     
  0.74666666666666537       0.92232804431353832       -5.3937371994426133     
  0.74999999999999867       0.92221105960220406       -5.3883535115613608     
  0.75333333333333197       0.92217205899610766       -5.3788407762302208     
  0.75666666666666527       0.92221105960220395       -5.3652000808257521     
  0.75999999999999857       0.92232804431353821       -5.3474384289820556     
  0.76333333333333186       0.92252296181674953       -5.3255687267829481     
  0.76666666666666516       0.92279572661457898       -5.2996097483921556     
  0.76999999999999846       0.92314621906337124       -5.2695860813300195     
  0.77333333333333176       0.92357428542555453       -5.2355280517307428     
  0.77666666666666506       0.92407973793707443       -5.1974716300370503     
  0.77999999999999836       0.92466235488975423       -5.1554583177074065     
  0.78333333333333166       0.92532188072854282       -5.1095350156244947     
  0.78666666666666496       0.92605802616360955       -5.0597538750002187     
  0.78999999999999826       0.92687046829723696       -5.0061721316723435     
  0.79333333333333156       0.92775885076545372       -4.9488519247796576     
  0.79666666666666486       0.92872278389434793       -4.8878601008852263     
  0.79999999999999816       0.92976184487099101       -4.8232680046909513     
  0.80333333333333146       0.93087557792889741       -4.7551512575501906     
  0.80666666666666476       0.93206349454793846       -4.6835895250382720     
  0.80999999999999805       0.93332507366862427       -4.6086662748837028     
  0.81333333333333135       0.93465976192065692       -4.5304685265945093     
  0.81666666666666465       0.93606697386565696       -4.4490865941355313     
  0.81999999999999795       0.93754609225395680       -4.3646138230226414     
  0.82333333333333125       0.93909646829534588       -4.2771463232003057     
  0.82666666666666455       0.94071742194365204       -4.1867826990580719     
  0.82999999999999785       0.94240824219503216       -4.0936237779221258     
  0.83333333333333115       0.94416818739984187       -3.9977723383283541     
  0.83666666666666445       0.94599648558794747       -3.8993328393454907     
  0.83999999999999775       0.94789233480733803       -3.7984111521706909     
  0.84333333333333105       0.94985490347588752       -3.6951142951666425     
  0.84666666666666435       0.95188333074611420       -3.5895501734488406     
  0.84999999999999765       0.95397672688277724       -3.4818273240659812     
  0.85333333333333095       0.95613417365314390       -3.3720546677454259     
  0.85666666666666424       0.95835472472975636       -3.2603412681004635     
  0.85999999999999754       0.96063740610552251       -3.1467960991177879     
  0.86333333333333084       0.96298121652094737       -3.0315278216622890     
  0.86666666666666414       0.96538512790331943       -2.9146445696539884     
  0.86999999999999744       0.96784808581765613       -2.7962537464880475     
  0.87333333333333074       0.97036900992921493       -2.6764618321849252     
  0.87666666666666404       0.97294679447736288       -2.5553742016750443     
  0.87999999999999734       0.97558030876060087       -2.4330949545395537     
  0.88333333333333064       0.97826839763252571       -2.3097267564496344     
  0.88666666666666394       0.98100988200851602       -2.1853706924681195     
  0.88999999999999724       0.98380355938291753       -2.0601261323031825     
  0.89333333333333054       0.98664820435650191       -1.9340906075320692     
  0.89666666666666384       0.98954256917396743       -1.8073597007452478     
  0.89999999999999714       0.99248538427124555       -1.6800269464979809     
  0.90333333333333043       0.99547535883237359       -1.5521837438969714     
  0.90666666666666373       0.99851118135568928       -1.4239192805951544     
  0.90999999999999703        1.0015915202290993       -1.2726745131050146     
  0.91333333333333033        1.0047150243141674       -1.0986319311492545     
  0.91666666666666363        1.0078803235387694      -0.92282322331273292     
  0.91999999999999693        1.0110860294980508      -0.74529755045287094     
  0.92333333333333023        1.0143307360634288      -0.56610194347182363     
  0.92666666666666353        1.0176130199993649      -0.38528131667365123     
  0.92999999999999683        1.0209314415876445      -0.20287849017571774     
  0.93333333333333013        1.0242845452588840       -1.8934221184615914E-002
  0.93666666666666343        1.0276708602309921       0.16651275604624186     
  0.93999999999999673        1.0310889011543034       0.35342568175000522     
  0.94333333333333003        1.0345371687631013       0.54176971383121575     
  0.94666666666666333        1.0380141505332470       0.73151186284931469     
  0.94999999999999662        1.0415183213456198       0.92262091893294640     
  0.95333333333332992        1.0450481441550881        1.1150673707423000     
  0.95666666666666322        1.0486020706647059        1.3088233165801941     
  0.95999999999999652        1.0521785420048475        1.5038623677378409     
  0.96333333333332982        1.0557759894169798        1.7001595441457482     
  0.96666666666666312        1.0593928349417709        1.8976911623862476     
  0.96999999999999642        1.0630274921112361        2.0964347161116343     
  0.97333333333332972        1.0666783666446140        2.2963687489010369     
  0.97666666666666302        1.0703438571476720        2.4974727195805104     
  0.97999999999999632        1.0740223558151296        2.6997268600247586     
  0.98333333333332962        1.0777122491358957        2.9031120254559037     
  0.98666666666666292        1.0814119186008080        3.1076095372547443     
  0.98999999999999622        1.0851197414125640        3.3132010183038942     
  0.99333333333332952        1.0888340911975334        3.5198682208897409     
  0.99666666666666281        1.0925533387191402        3.7275928472025606     
  0.99999999999999611        1.0962758525924994        3.9363563624899616     
   1.0033333333333294        1.0999999999999959        4.1461398009407278     
   1.0066666666666628        1.1037241474074921        4.3569235644020523     
   1.0099999999999962        1.1074466612808513        4.5686872140646262     
   1.0133333333333296        1.1111659088024584        4.7814092552870253     
   1.0166666666666631        1.1148802585874280        4.9950669157728171     
   1.0199999999999965        1.1185880813991840        5.2096359173620570     
   1.0233333333333299        1.1222877508640963        5.4250902417520885     
   1.0266666666666633        1.1259776441848628        5.6414018905217844     
   1.0299999999999967        1.1296561428523204        5.8585406398977717     
   1.0333333333333301        1.1333216333553784        6.0764737907719892     
   1.0366666666666635        1.1369725078887565        6.2951659145543379     
   1.0399999999999969        1.1406071650582219        6.5145785955253990     
   1.0433333333333303        1.1442240105830133        6.7346701704386875     
   1.0466666666666637        1.1478214579951456        6.9553954662115647     
   1.0499999999999972        1.1513979293352874        7.1767055366367591     
   1.0533333333333306        1.1549518558449055        7.3985473991426609     
   1.0566666666666640        1.1584816786543739        7.6208637727293347     
   1.0599999999999974        1.1619858494667470        7.8435928183077861     
   1.0633333333333308        1.1654628312368926        8.0666678827703500     
   1.0666666666666642        1.1689110988456908        8.2900172482220515     
   1.0699999999999976        1.1723291397690021        8.5135638879017694     
   1.0733333333333310        1.1757154547411106        8.7372252304192060     
   1.0766666666666644        1.1790685584123501        8.9609129340273306     
   1.0799999999999979        1.1823869800006299        9.1845326727378609     
   1.0833333333333313        1.1856692639365662        9.4079839361687725     
   1.0866666666666647        1.1889139705019443        9.6311598450864935     
   1.0899999999999981        1.1921196764612261        9.8539469846685552     
   1.0933333333333315        1.1952849756858281        10.076225257564593     
   1.0966666666666649        1.1984084797708965        10.297867758872847     
   1.0999999999999983        1.2014888186443065        10.518740675172696     
   1.1033333333333317        1.2045246411676225        10.738703209762141     
   1.1066666666666651        1.2075146157287506        10.957607536237809     
   1.1099999999999985        1.2104574308260287        11.175298782525589     
   1.1133333333333320        1.2133517956434945        11.391615047417975     
   1.1166666666666654        1.2161964406170791        11.606387451600405     
   1.1199999999999988        1.2189901179914808        11.819440225051741     
   1.1233333333333322        1.2217316023674711        12.030590832581046     
   1.1266666666666656        1.2244196912393961        12.239650139115779     
   1.1299999999999990        1.2270532055226342        12.446422616182168     
   1.1333333333333324        1.2296309900707825        12.650706590819794     
   1.1366666666666658        1.2321519141823414        12.852294537945157     
   1.1399999999999992        1.2346148720966783        13.050973416929255     
   1.1433333333333326        1.2370187834790505        13.246525052876525     
   1.1466666666666661        1.2393625938944755        13.438726562794040     
   1.1499999999999995        1.2416452752702418        13.627350826517521     
   1.1533333333333329        1.2438658263468543        13.812167001919564     
   1.1566666666666663        1.2460232731172209        13.992941083566906     
   1.1599999999999997        1.2481166692538843        14.169436503619668     
   1.1633333333333331        1.2501450965241112        14.341414773380944     
   1.1666666666666665        1.2521076651926606        14.508636163513303     
   1.1699999999999999        1.2540035144120512        14.670860420542009     
   1.1733333333333333        1.2558318126001571        14.827847516869577     
   1.1766666666666667        1.2575917578049669        14.979358431136347     
   1.1800000000000002        1.2592825780563470        15.125155955380883     
   1.1833333333333336        1.2609035317046533        15.265005525089018     
   1.1866666666666670        1.2624539077460426        15.398676067873804     
   1.1900000000000004        1.2639330261343424        15.525940866208307     
   1.1933333333333338        1.2653402380793426        15.646578429341954     
   1.1966666666666672        1.2666749263313752        15.760373369273040     
   1.2000000000000006        1.2679365054520610        15.867117275433626     
   1.2033333333333340        1.2691244220711022        15.966609582566974     
   1.2066666666666674        1.2702381551290087        16.058658426150018     
   1.2100000000000009        1.2712772161056518        16.143081479635597     
   1.2133333333333343        1.2722411492345462        16.219706767764329     
   1.2166666666666677        1.2731295317027629        16.288373450225315     
   1.2200000000000011        1.2739419738363904        16.348932570032712     
   1.2233333333333345        1.2746781192714574        16.401247761127063     
   1.2266666666666679        1.2753376451102458        16.445195909912318     
   1.2300000000000013        1.2759202620629255        16.480667765695820     
   1.2333333333333347        1.2764257145744455        16.507568495308877     
   1.2366666666666681        1.2768537809366289        16.525818177550565     
   1.2400000000000015        1.2772042733854212        16.535352233507854     
   1.2433333333333350        1.2774770381832508        16.536121789263539     
   1.2466666666666684        1.2776719556864620        16.528093967998899     
   1.2500000000000018        1.2777889403977962        16.511252109032032     
   1.2533333333333352        1.2778279410038926        16.485595911892226     
   1.2566666666666686        1.2777889403977962        16.451141504115320     
   1.2600000000000020        1.2776719556864617        16.407921432045093     
   1.2633333333333354        1.2774770381832505        16.355984574534546     
   1.2666666666666688        1.2772042733854208        16.295395980051847     
   1.2700000000000022        1.2768537809366285        16.226236628303241     
   1.2733333333333356        1.2764257145744451        16.148603118077489     
   1.2766666666666691        1.2759202620629251        16.062607283593344     
   1.2800000000000025        1.2753376451102452        15.968375742179953     
   1.2833333333333359        1.2746781192714565        15.866049376639371     
   1.2866666666666693        1.2739419738363897        15.755782756119869     
   1.2900000000000027        1.2731295317027622        15.637743499767780     
   1.2933333333333361        1.2722411492345453        15.512111587816930     
   1.2966666666666695        1.2712772161056509        15.379078625114932     
   1.3000000000000029        1.2702381551290076        15.238847062373157     
   1.3033333333333363        1.2691244220711011        15.091629380658132     
   1.3066666666666698        1.2679365054520599        14.937647244816224     
   1.3100000000000032        1.2666749263313739        14.777130631639210     
   1.3133333333333366        1.2653402380793413        14.610316938637425     
   1.3166666666666700        1.2639330261343411        14.437450079287764     
   1.3200000000000034        1.2624539077460410        14.258779570571681     
   1.3233333333333368        1.2609035317046517        14.074559618511415     
   1.3266666666666702        1.2592825780563455        13.885048207257151     
   1.3300000000000036        1.2575917578049651        13.690506197076116     
   1.3333333333333370        1.2558318126001553        13.491196436350419     
   1.3366666666666704        1.2540035144120494        13.287382892408010     
   1.3400000000000039        1.2521076651926588        13.079329805696721     
   1.3433333333333373        1.2501450965241092        12.867300871467581     
   1.3466666666666707        1.2481166692538823        12.651558452767071     
   1.3500000000000041        1.2460232731172189        12.432362828153394     
   1.3533333333333375        1.2438658263468521        12.209971477153996     
   1.3566666666666709        1.2416452752702394        11.984638406075957     
   1.3600000000000043        1.2393625938944732        11.756613516371395     
   1.3633333333333377        1.2370187834790480        11.526142017352280     
   1.3666666666666711        1.2346148720966759        11.293463884647247     
   1.3700000000000045        1.2321519141823389        11.058813365399093     
   1.3733333333333380        1.2296309900707800        10.822418530823123     
   1.3766666666666714        1.2270532055226318        10.584500876382304     
   1.3800000000000048        1.2244196912393934        10.345274969491317     
   1.3833333333333382        1.2217316023674683        10.104948144338431     
   1.3866666666666716        1.2189901179914777        9.8637202431151358     
   1.3900000000000050        1.2161964406170762        9.6217834026687026     
   1.3933333333333384        1.2133517956434914        9.3793218853440887     
   1.3966666666666718        1.2104574308260256        9.1365119525611558     
   1.4000000000000052        1.2075146157287475        8.8935217794767372     
   1.4033333333333387        1.2045246411676191        8.6505114089155146     
   1.4066666666666721        1.2014888186443033        8.4076327426116446     
   1.4100000000000055        1.1984084797708929        8.1650295676889453     
   1.4133333333333389        1.1952849756858246        7.9228376162186320     
   1.4166666666666723        1.1921196764612225        7.6811846556273622     
   1.4200000000000057        1.1889139705019407        7.4401906076874482     
   1.4233333333333391        1.1856692639365627        7.1999676937991302     
   1.4266666666666725        1.1823869800006264        6.9606206042746441     
   1.4300000000000059        1.1790685584123466        6.7222466893507615     
   1.4333333333333393        1.1757154547411068        6.4849361696903349     
   1.4366666666666728        1.1723291397689986        6.2487723641819759     
   1.4400000000000062        1.1689110988456872        6.0138319329084799     
   1.4433333333333396        1.1654628312368889        5.7801851332274365     
   1.4466666666666730        1.1619858494667432        5.5478960869899074     
   1.4500000000000064        1.1584816786543701        5.3170230570130279     
   1.4533333333333398        1.1549518558449015        5.0876187310192353     
   1.4566666666666732        1.1513979293352836        4.8597305113562657     
   1.4600000000000066        1.1478214579951418        4.6334008089163250     
   1.4633333333333400        1.1442240105830093        4.4086673397804086     
   1.4666666666666734        1.1406071650582179        4.1855634232209731     
   1.4700000000000069        1.1369725078887527        3.9641182798038552     
   1.4733333333333403        1.1333216333553746        3.7443573284366076     
   1.4766666666666737        1.1296561428523164        3.5263024813146284     
   1.4800000000000071        1.1259776441848588        3.3099724358175906     
   1.4833333333333405        1.1222877508640923        3.0953829625063203     
   1.4866666666666739        1.1185880813991800        2.8825471884642417     
   1.4900000000000073        1.1148802585874240        2.6714758753154424     
   1.4933333333333407        1.1111659088024544        2.4621776913362505     
   1.4966666666666741        1.1074466612808473        2.2546594771548123     
   1.5000000000000075        1.1037241474074881        2.0489265046064102     
   1.5033333333333410        1.0999999999999917        1.8449827283792275     
   1.5066666666666744        1.0962758525924952        1.6428310301465101     
   1.5100000000000078        1.0925533387191360        1.4424734549361182     
   1.5133333333333412        1.0888340911975289        1.2439114395382920     
   1.5166666666666746        1.0851197414125593        1.0471460327957411     
   1.5200000000000080        1.0814119186008033       0.85217810765819213     
   1.5233333333333414        1.0777122491358910       0.65900856491587401     
   1.5266666666666748        1.0740223558151247       0.46763852855339089     
   1.5300000000000082        1.0703438571476669       0.27806953268752749     
   1.5333333333333417        1.0666783666446089        9.0303700069049836E-002
   1.5366666666666751        1.0630274921112310       -9.5656087858659977E-002
   1.5400000000000085        1.0593928349417658      -0.27980602934343646     
   1.5433333333333419        1.0557759894169745      -0.46214124914579086     
   1.5466666666666753        1.0521785420048422      -0.64265565379313261     
   1.5500000000000087        1.0486020706647003      -0.82134179526433726     
   1.5533333333333421        1.0450481441550825      -0.99819074310859779     
   1.5566666666666755        1.0415183213456141       -1.1731919650107905     
   1.5600000000000089        1.0380141505332410       -1.3463332158263686     
   1.5633333333333423        1.0345371687630955       -1.5176004351212002     
   1.5666666666666758        1.0310889011542974       -1.6869776532656271     
   1.5700000000000092        1.0276708602309861       -1.8544469061470288     
   1.5733333333333426        1.0242845452588780       -2.0199881585800838     
   1.5766666666666760        1.0209314415876385       -2.1835792365100071     
   1.5800000000000094        1.0176130199993589       -2.3451957681184066     
   1.5833333333333428        1.0143307360634226       -2.5048111339564381     
   1.5866666666666762        1.0110860294980446       -2.6623964262426476     
   1.5900000000000096        1.0078803235387632       -2.8179204174745109     
   1.5933333333333430        1.0047150243141612       -2.9713495385123254     
   1.5966666666666764        1.0015915202290930       -3.1226478663006509     
   1.6000000000000099       0.99851118135568306       -3.2508381087041349     
   1.6033333333333433       0.99547535883236726       -3.3558330043045652     
   1.6066666666666767       0.99248538427123922       -3.4602416186491398     
   1.6100000000000101       0.98954256917396122       -3.5639800380293458     
   1.6133333333333435       0.98664820435649569       -3.6669621470431109     
   1.6166666666666769       0.98380355938291131       -3.7690997082647280     
   1.6200000000000103       0.98100988200850980       -3.8703024534236379     
   1.6233333333333437       0.97826839763251949       -3.9704781862935716     
   1.6266666666666771       0.97558030876059476       -4.0695328974382408     
   1.6300000000000106       0.97294679447735677       -4.1673708908996137     
   1.6333333333333440       0.97036900992920883       -4.2638949228509198     
   1.6366666666666774       0.96784808581765014       -4.3590063521683842     
   1.6400000000000108       0.96538512790331343       -4.4526053028039705     
   1.6433333333333442       0.96298121652094149       -4.5445908377666004     
   1.6466666666666776       0.96063740610551662       -4.6348611444416674     
   1.6500000000000110       0.95835472472975070       -4.7233137308986608     
   1.6533333333333444       0.95613417365313835       -4.8098456327553247     
   1.6566666666666778       0.95397672688277180       -4.8943536300839234     
   1.6600000000000112       0.95188333074610876       -4.9767344737624208     
   1.6633333333333447       0.94985490347588208       -5.0568851205905876     
   1.6666666666666781       0.94789233480733293       -5.1347029764094696     
   1.6700000000000115       0.94599648558794247       -5.2100861463831913     
   1.6733333333333449       0.94416818739983688       -5.2829336915246410     
   1.6766666666666783       0.94240824219502739       -5.3531458904737867     
   1.6800000000000117       0.94071742194364738       -5.4206245054675994     
   1.6833333333333451       0.93909646829534132       -5.4852730513770416     
   1.6866666666666785       0.93754609225395236       -5.5469970666284789     
   1.6900000000000119       0.93606697386565274       -5.6057043847756836     
   1.6933333333333453       0.93465976192065281       -5.6613054054447849     
   1.6966666666666788       0.93332507366862039       -5.7137133633391777     
   1.7000000000000122       0.93206349454793480       -5.7628445939645170     
   1.7033333333333456       0.93087557792889386       -5.8086187947165140     
   1.7066666666666790       0.92976184487098767       -5.8509592799669861     
   1.7100000000000124       0.92872278389434482       -5.8897932287859200     
   1.7133333333333458       0.92775885076545084       -5.9250519239507913     
   1.7166666666666792       0.92687046829723418       -5.9566709809181884     
   1.7200000000000126       0.92605802616360711       -5.9845905654670490     
   1.7233333333333460       0.92532188072854049       -6.0087555987686709     
   1.7266666666666795       0.92466235488975224       -6.0291159486938080     
   1.7300000000000129       0.92407973793707265       -6.0456266062335562     
   1.7333333333333463       0.92357428542555298       -6.0582478459862177     
   1.7366666666666797       0.92314621906336991       -6.0669453697475602     
   1.7400000000000131       0.92279572661457787       -6.0716904323351750     
   1.7433333333333465       0.92252296181674875       -6.0724599488795707     
   1.7466666666666799       0.92232804431353765       -6.0692365829226151     
   1.7500000000000133       0.92221105960220373       -6.0620088147787694     
   1.7533333333333467       0.92217205899610766       -6.0507709897341329     
   1.7566666666666801       0.92221105960220429       -6.0355233457817157     
   1.7600000000000136       0.92232804431353888       -6.0162720207178406     
   1.7633333333333470       0.92252296181675053       -5.9930290385526508     
   1.7666666666666804       0.92279572661458031       -5.9658122753160772     
   1.7700000000000138       0.92314621906337302       -5.9346454044685437     
   1.7733333333333472       0.92357428542555664       -5.8995578222515341     
   1.7766666666666806       0.92407973793707698       -5.8605845534357508     
   1.7800000000000140       0.92466235488975712       -5.8177661380434822     
   1.7833333333333474       0.92532188072854604       -5.7711484997347444     
   1.7866666666666808       0.92605802616361321       -5.7207827966540670     
   1.7900000000000142       0.92687046829724096       -5.6667252556342946     
   1.7933333333333477       0.92775885076545817       -5.6090369907457962     
   1.7966666666666811       0.92872278389435281       -5.5477838072622232     
   1.8000000000000145       0.92976184487099622       -5.4830359921875900     
   1.8033333333333479       0.93087557792890296       -5.4148680925530934     
   1.8066666666666813       0.93206349454794446       -5.3433586827454409     
   1.8100000000000147       0.93332507366863071       -5.2685901221709237     
   1.8133333333333481       0.93465976192066369       -5.1906483045919165     
   1.8166666666666815       0.93606697386566418       -5.1096224004931665     
   1.8200000000000149       0.93754609225396446       -5.0256045938461167     
   1.8233333333333483       0.93909646829535387       -4.9386898146393161     
   1.8266666666666818       0.94071742194366048       -4.8489754685328608     
   1.8300000000000152       0.94240824219504105       -4.7565611649747987     
   1.8333333333333486       0.94416818739985109       -4.6615484450881093     
   1.8366666666666820       0.94599648558795724       -4.5640405105989048     
   1.8400000000000154       0.94789233480734825       -4.4641419550304828     
   1.8433333333333488       0.94985490347589796       -4.3619584983341086     
   1.8466666666666822       0.95188333074612508       -4.2575967260675993     
   1.8500000000000156       0.95397672688278867       -4.1511638341667956     
   1.8533333333333490       0.95613417365315567       -4.0427673802837987     
   1.8566666666666825       0.95835472472976857       -3.9325150425910422     
   1.8600000000000159       0.96063740610553494       -3.8205143868716434     
   1.8633333333333493       0.96298121652096036       -3.7068726426353336     
   1.8666666666666827       0.96538512790333275       -3.5916964889168255     
   1.8700000000000161       0.96784808581766990       -3.4750918503296022     
   1.8733333333333495       0.97036900992922903       -3.3571637038644138     
   1.8766666666666829       0.97294679447737753       -3.2380158968385904     
   1.8800000000000163       0.97558030876061586       -3.1177509763201372     
   1.8833333333333497       0.97826839763254103       -2.9964700302705056     
   1.8866666666666831       0.98100988200853179       -2.8742725405722545     
   1.8900000000000166       0.98380355938293362       -2.7512562480328633     
   1.8933333333333500       0.98664820435651845       -2.6275170293844963     
   1.8966666666666834       0.98954256917398442       -2.5031487862321402     
   1.9000000000000168       0.99248538427126276       -2.3782433458384769     
   1.9033333333333502       0.99547535883239113       -2.2528903735749863     
   1.9066666666666836       0.99851118135570727       -2.1271772968139158     
   1.9100000000000170        1.0015915202291177       -1.9785432851727136     
   1.9133333333333504        1.0047150243141862       -1.8071690148327830     
   1.9166666666666838        1.0078803235387883       -1.6340843341939197     
   1.9200000000000172        1.0110860294980704       -1.4593365373280718     
   1.9233333333333507        1.0143307360634486       -1.2829707618334503     
   1.9266666666666841        1.0176130199993849       -1.1050300023140884     
   1.9300000000000175        1.0209314415876649      -0.92555513295585368     
   1.9333333333333509        1.0242845452589047      -0.74458493900954825     
   1.9366666666666843        1.0276708602310132      -0.56215615699920307     
   1.9400000000000177        1.0310889011543247      -0.37830352348411478     
   1.9433333333333511        1.0345371687631231      -0.19305983221430909     
   1.9466666666666845        1.0380141505332687       -6.4559995333441011E-003
   1.9500000000000179        1.0415183213456420       0.18147886210358835     
   1.9533333333333514        1.0450481441551107       0.37071736261254418     
   1.9566666666666848        1.0486020706647285       0.56123374486562816     
   1.9600000000000182        1.0521785420048706       0.75300378746304597     
   1.9633333333333516        1.0557759894170031       0.94600469976256019     
   1.9666666666666850        1.0593928349417945        1.1402150092232857     
   1.9700000000000184        1.0630274921112599        1.3356144411074025     
   1.9733333333333518        1.0666783666446380        1.5321837905731288     
   1.9766666666666852        1.0703438571476962        1.7299047871838724     
   1.9800000000000186        1.0740223558151543        1.9287599518519705     
   1.9833333333333520        1.0777122491359206        2.1287324462330859     
   1.9866666666666855        1.0814119186008331        2.3298059145872148     
   1.9900000000000189        1.0851197414125890        2.5319643181260010     
   1.9933333333333523        1.0888340911975587        2.7351917618745119     
   1.9966666666666857        1.0925533387191657        2.9394723140869239     
   2.0000000000000191        1.0962758525925251        3.1447898182728395     
   2.0033333333333525        1.1000000000000214        3.3511276979117928     
   2.0066666666666859        1.1037241474075179        3.5584687539602062     
   2.0100000000000193        1.1074466612808771        3.7667949552862399     
   2.0133333333333527        1.1111659088024841        3.9760872222053849     
   2.0166666666666861        1.1148802585874538        4.1863252033313669     
   2.0200000000000196        1.1185880813992095        4.3974870460054571     
   2.0233333333333530        1.1222877508641220        4.6095491606205599     
   2.0266666666666864        1.1259776441848883        4.8224859792155650     
   2.0300000000000198        1.1296561428523459        5.0362697087805763     
   2.0333333333333532        1.1333216333554039        5.2508700797833807     
   2.0366666666666866        1.1369725078887818        5.4662540905031145     
   2.0400000000000200        1.1406071650582470        5.6823857478377251     
   2.0433333333333534        1.1442240105830384        5.8992258053365951     
   2.0466666666666868        1.1478214579951707        6.1167314992991937     
   2.0500000000000203        1.1513979293353123        6.3348562838738669     
   2.0533333333333537        1.1549518558449299        6.5535495661868453     
   2.0566666666666871        1.1584816786543983        6.7727564426305591     
   2.0600000000000205        1.1619858494667712        6.9924174375404489     
   2.0633333333333539        1.1654628312369166        7.2124682455910891     
   2.0666666666666873        1.1689110988457148        7.4328394793428130     
   2.0700000000000207        1.1723291397690259        7.6534564234703222     
   2.0733333333333541        1.1757154547411339        7.8742387973014809     
   2.0766666666666875        1.1790685584123732        8.0951005273880288     
   2.0800000000000209        1.1823869800006528        8.3159495319181644     
   2.0833333333333544        1.1856692639365889        8.5366875188622391     
   2.0866666666666878        1.1889139705019667        8.7572097998166054     
   2.0900000000000212        1.1921196764612481        8.9774051215735113     
   2.0933333333333546        1.1952849756858499        9.1971555174974444     
   2.0966666666666880        1.1984084797709178        9.4163361808271180     
   2.1000000000000214        1.2014888186443278        9.6348153620463499     
   2.1033333333333548        1.2045246411676434        9.8524542924744374     
   2.1066666666666882        1.2075146157287713        10.069107136216726     
   2.1100000000000216        1.2104574308260492        10.284620972584756     
   2.1133333333333550        1.2133517956435145        10.498835811045183     
   2.1166666666666885        1.2161964406170986        10.711584640681535     
   2.1200000000000219        1.2189901179914999        10.922693516056183     
   2.1233333333333553        1.2217316023674900        11.131981681237010     
   2.1266666666666887        1.2244196912394147        11.339261733605792     
   2.1300000000000221        1.2270532055226524        11.544339828891584     
   2.1333333333333555        1.2296309900708002        11.747015928672635     
   2.1366666666666889        1.2321519141823587        11.947084091364157     
   2.1400000000000223        1.2346148720966952        12.144332807458447     
   2.1433333333333557        1.2370187834790669        12.338545379507149     
   2.1466666666666891        1.2393625938944917        12.529500347035921     
   2.1500000000000226        1.2416452752702574        12.716971956260183     
   2.1533333333333560        1.2438658263468694        12.900730674129173     
   2.1566666666666894        1.2460232731172358        13.080543745866365     
   2.1600000000000228        1.2481166692538985        13.256175794801239     
   2.1633333333333562        1.2501450965241250        13.427389462902344     
   2.1666666666666896        1.2521076651926739        13.593946090029240     
   2.1700000000000230        1.2540035144120643        13.755606429525043     
   2.1733333333333564        1.2558318126001695        13.912131397375211     
   2.1766666666666898        1.2575917578049789        14.063282851768800     
   2.1800000000000233        1.2592825780563586        14.208824399516770     
   2.1833333333333567        1.2609035317046644        14.348522225417547     
   2.1866666666666901        1.2624539077460530        14.482145940313112     
   2.1900000000000235        1.2639330261343524        14.609469443258545     
   2.1933333333333569        1.2653402380793521        14.730271792935985     
   2.1966666666666903        1.2666749263313843        14.844338083187459     
   2.2000000000000237        1.2679365054520697        14.951460317322475     
   2.2033333333333571        1.2691244220711102        15.051438275681548     
   2.2066666666666905        1.2702381551290163        15.144080370808812     
   2.2100000000000239        1.2712772161056589        15.229204484508344     
   2.2133333333333574        1.2722411492345527        15.306638781034820     
   2.2166666666666908        1.2731295317027689        15.376222490698032     
   2.2200000000000242        1.2739419738363957        15.437806658247633     
   2.2233333333333576        1.2746781192714620        15.491254850548074     
   2.2266666666666910        1.2753376451102501        15.536443818254027     
   2.2300000000000244        1.2759202620629293        15.573264106453120     
   2.2333333333333578        1.2764257145744489        15.601620609554523     
   2.2366666666666912        1.2768537809366316        15.621433066064219     
   2.2400000000000246        1.2772042733854234        15.632636489300923     
   2.2433333333333580        1.2774770381832523        15.635181530562615     
   2.2466666666666915        1.2776719556864631        15.629034771751021     
   2.2500000000000249        1.2777889403977967        15.614178944993299     
   2.2533333333333583        1.2778279410038926        15.590613077361278     
   2.2566666666666917        1.2777889403977956        15.558352559372009     
   2.2600000000000251        1.2776719556864609        15.517429136554059     
   2.2633333333333585        1.2774770381832488        15.467890823971468     
   2.2666666666666919        1.2772042733854188        15.409801744210986     
   2.2700000000000253        1.2768537809366258        15.343241889941176     
   2.2733333333333587        1.2764257145744420        15.268306812748923     
   2.2766666666666922        1.2759202620629213        15.185107240532313     
   2.2800000000000256        1.2753376451102409        15.093768626278987     
   2.2833333333333590        1.2746781192714518        14.994430631577059     
   2.2866666666666924        1.2739419738363842        14.887246548686488     
   2.2900000000000258        1.2731295317027562        14.772382665436856     
   2.2933333333333592        1.2722411492345389        14.650017577608418     
   2.2966666666666926        1.2712772161056440        14.520341453794870     
   2.3000000000000260        1.2702381551290001        14.383555258032265     
   2.3033333333333594        1.2691244220710931        14.239869935710402     
   2.3066666666666928        1.2679365054520515        14.089505568456305     
   2.3100000000000263        1.2666749263313650        13.932690503795957     
   2.3133333333333597        1.2653402380793317        13.769660465458648     
   2.3166666666666931        1.2639330261343309        13.600657650189584     
   2.3200000000000265        1.2624539077460306        13.425929816883540     
   2.3233333333333599        1.2609035317046406        13.245729373745803     
   2.3266666666666933        1.2592825780563339        13.060312469031585     
   2.3300000000000267        1.2575917578049531        12.869938090711770     
   2.3333333333333601        1.2558318126001429        12.674867180170681     
   2.3366666666666935        1.2540035144120365        12.475361764757489     
   2.3400000000000269        1.2521076651926453        12.271684113699301     
   2.3433333333333604        1.2501450965240952        12.064095921539861     
   2.3466666666666938        1.2481166692538679        11.852857522901351     
   2.3500000000000272        1.2460232731172041        11.638227141982217     
   2.3533333333333606        1.2438658263468370        11.420460179806108     
   2.3566666666666940        1.2416452752702238        11.199808541831098     
   2.3600000000000274        1.2393625938944572        10.976520008119484     
   2.3633333333333608        1.2370187834790316        10.750837647860243     
   2.3666666666666942        1.2346148720966590        10.522999279634304     
   2.3700000000000276        1.2321519141823216        10.293236978419676     
   2.3733333333333611        1.2296309900707623        10.061776629953917     
   2.3766666666666945        1.2270532055226138        9.8288375327083219     
   2.3800000000000279        1.2244196912393750        9.5946320473830760     
   2.3833333333333613        1.2217316023674496        9.3593652935113596     
   2.3866666666666947        1.2189901179914588        9.1232348924589033     
   2.3900000000000281        1.2161964406170567        8.8864307558332722     
   2.3933333333333615        1.2133517956434718        8.6491349180670412     
   2.3966666666666949        1.2104574308260057        8.4115214117182244     
   2.4000000000000283        1.2075146157287271        8.1737561838368542     
   2.4033333333333617        1.2045246411675985        7.9359970515784815     
   2.4066666666666952        1.2014888186442823        7.6983936951057474     
   2.4100000000000286        1.1984084797708718        7.4610876857035882     
   2.4133333333333620        1.1952849756858031        7.2242125469453420     
   2.4166666666666954        1.1921196764612008        6.9878938466812057     
   2.4200000000000288        1.1889139705019187        6.7522493175788867     
   2.4233333333333622        1.1856692639365403        6.5173890039250582     
   2.4266666666666956        1.1823869800006037        6.2834154323958904     
   2.4300000000000290        1.1790685584123237        6.0504238045216656     
   2.4333333333333624        1.1757154547410837        5.8185022086050164     
   2.4366666666666958        1.1723291397689752        5.5877318489002796     
   2.4400000000000293        1.1689110988456635        5.3581872899235590     
   2.4433333333333627        1.1654628312368651        5.1299367138358711     
   2.4466666666666961        1.1619858494667192        4.9030421889236342     
   2.4500000000000295        1.1584816786543459        4.6775599472922380     
   2.4533333333333629        1.1549518558448773        4.4535406699835969     
   2.4566666666666963        1.1513979293352592        4.2310297778313375     
   2.4600000000000297        1.1478214579951171        4.0100677264713305     
   2.4633333333333631        1.1442240105829846        3.7906903040325948     
   2.4666666666666965        1.1406071650581930        3.5729289301411087     
   2.4700000000000299        1.1369725078887276        3.3568109549771190     
   2.4733333333333634        1.1333216333553495        3.1423599572322858     
   2.4766666666666968        1.1296561428522913        2.9295960399178100     
   2.4800000000000302        1.1259776441848335        2.7185361230755793     
   2.4833333333333636        1.1222877508640670        2.5091942325424670     
   2.4866666666666970        1.1185880813991544        2.3015817840111903     
   2.4900000000000304        1.1148802585873985        2.0957078617201899     
   2.4933333333333638        1.1111659088024288        1.8915794911890258     
   2.4966666666666972        1.1074466612808218        1.6892019054939087     
   2.5000000000000306        1.1037241474074626        1.4885788046512163     
   2.5033333333333641        1.0999999999999661        1.2897126077438117     
   2.5066666666666975        1.0962758525924696        1.0926046974863521     
   2.5100000000000309        1.0925533387191104       0.89725565698092291     
   2.5133333333333643        1.0888340911975034       0.70366549846412296     
   2.5166666666666977        1.0851197414125340       0.51183388389025331     
   2.5200000000000311        1.0814119186007780       0.32176033723305492     
   2.5233333333333645        1.0777122491358657       0.13344444842133082     
   2.5266666666666979        1.0740223558150994       -5.3113931149708901E-002
   2.5300000000000313        1.0703438571476418      -0.23791450156712565     
   2.5333333333333647        1.0666783666445838      -0.42095633582800945     
   2.5366666666666982        1.0630274921112060      -0.60223770975268942     
   2.5400000000000316        1.0593928349417410      -0.78175594038197593     
   2.5433333333333650        1.0557759894169496      -0.95950723285263251     
   2.5466666666666984        1.0521785420048175       -1.1354865357449340     
   2.5500000000000318        1.0486020706646759       -1.3096874048995188     
   2.5533333333333652        1.0450481441550579       -1.4821018757056850     
   2.5566666666666986        1.0415183213455901       -1.6527203438727138     
   2.5600000000000320        1.0380141505332168       -1.8215314547061920     
   2.5633333333333654        1.0345371687630718       -1.9885220009227420     
   2.5666666666666988        1.0310889011542737       -2.1536768290525408     
   2.5700000000000323        1.0276708602309628       -2.3169787544911671     
   2.5733333333333657        1.0242845452588545       -2.4784084852800001     
   2.5766666666666991        1.0209314415876156       -2.6379445547079667     
   2.5800000000000325        1.0176130199993358       -2.7955632628440710     
   2.5833333333333659        1.0143307360634002       -2.9512386271227342     
   2.5866666666666993        1.0110860294980224       -3.1049423421192603     
   2.5900000000000327        1.0078803235387412       -3.2566437486618507     
   2.5933333333333661        1.0047150243141394       -3.4063098124381423     
   2.5966666666666995        1.0015915202290717       -3.5539051122597360     
   2.6000000000000330       0.99851118135566186       -3.6784528254597841     
   2.6033333333333664       0.99547535883234661       -3.7798661282707746     
   2.6066666666666998       0.99248538427121868       -3.8807544926667341     
   2.6100000000000332       0.98954256917394123       -3.9810343807534037     
   2.6133333333333666       0.98664820435647571       -4.0806200229535534     
   2.6166666666667000       0.98380355938289199       -4.1794234983116221     
   2.6200000000000334       0.98100988200849060       -4.2773548263177172     
   2.6233333333333668       0.97826839763250095       -4.3743220704503329     
   2.6266666666667002       0.97558030876057633       -4.4702314535830165     
   2.6300000000000336       0.97294679447733889       -4.5649874853392802     
   2.6333333333333671       0.97036900992919106       -4.6584931014166298     
   2.6366666666667005       0.96784808581763304       -4.7506498148321521     
   2.6400000000000339       0.96538512790329656       -4.8413578789707570     
   2.6433333333333673       0.96298121652092528       -4.9305164622419326     
   2.6466666666667007       0.96063740610550052       -5.0180238340737064     
   2.6500000000000341       0.95835472472973526       -5.1037775618920280     
   2.6533333333333675       0.95613417365312314       -5.1876747186531222     
   2.6566666666667009       0.95397672688275725       -5.2696121004126146     
   2.6600000000000343       0.95188333074609444       -5.3494864533335580     
   2.6633333333333677       0.94985490347586854       -5.4271947094515500     
   2.6666666666667012       0.94789233480731949       -5.5026342304350102     
   2.6700000000000346       0.94599648558792970       -5.5757030584974876     
   2.6733333333333680       0.94416818739982444       -5.6463001735435805     
   2.6766666666667014       0.94240824219501551       -5.7143257555551124     
   2.6800000000000348       0.94071742194363583       -5.7796814511564163     
   2.6833333333333682       0.93909646829533044       -5.8422706432325944     
   2.6866666666667016       0.93754609225394181       -5.9019987224177459     
   2.6900000000000350       0.93606697386564286       -5.9587733592178935     
   2.6933333333333684       0.93465976192064326       -6.0125047754908527     
   2.6966666666667019       0.93332507366861150       -6.0631060139685680     
   2.7000000000000353       0.93206349454792625       -6.1104932044819860     
   2.7033333333333687       0.93087557792888598       -6.1545858255300212     
   2.7066666666667021       0.92976184487098024       -6.1953069598278487     
   2.7100000000000355       0.92872278389433793       -6.2325835424714233     
   2.7133333333333689       0.92775885076544440       -6.2663466003692818     
   2.7166666666667023       0.92687046829722841       -6.2965314816158555     
   2.7200000000000357       0.92605802616360167       -6.3230780735156795     
   2.7233333333333691       0.92532188072853572       -6.3459310080128413     
   2.7266666666667025       0.92466235488974791       -6.3650398533361283     
   2.7300000000000360       0.92407973793706888       -6.3803592907360134     
   2.7333333333333694       0.92357428542554976       -6.3918492752657592     
   2.7366666666667028       0.92314621906336725       -6.3994751796437779     
   2.7400000000000362       0.92279572661457576       -6.4032079203279846     
   2.7433333333333696       0.92252296181674709       -6.4030240650346606     
   2.7466666666667030       0.92232804431353654       -6.3989059210426653     
   2.7500000000000364       0.92221105960220306       -6.3908416037383793     
   2.7533333333333698       0.92217205899610766       -6.3788250849765848     
   2.7566666666667032       0.92221105960220484       -6.3628562209560044     
   2.7600000000000366       0.92232804431353999       -6.3429407594345131     
   2.7633333333333701       0.92252296181675220       -6.3190903262373608     
   2.7666666666667035       0.92279572661458253       -6.2913223911401968     
   2.7700000000000369       0.92314621906337568       -6.2596602133364314     
   2.7733333333333703       0.92357428542555986       -6.2241327668245630     
   2.7766666666667037       0.92407973793708076       -6.1847746461737811     
   2.7800000000000371       0.92466235488976145       -6.1416259532448452     
   2.7833333333333705       0.92532188072855082       -6.0947321655564890     
   2.7866666666667039       0.92605802616361854       -6.0441439870947740     
   2.7900000000000373       0.92687046829724684       -5.9899171824625750     
   2.7933333333333707       0.92775885076546460       -5.9321123953579811     
   2.7966666666667042       0.92872278389435969       -5.8707949524538945     
   2.8000000000000376       0.92976184487100377       -5.8060346538239420     
   2.8033333333333710       0.93087557792891085       -5.7379055511243005     
   2.8066666666667044       0.93206349454795301       -5.6664857147937227     
   2.8100000000000378       0.93332507366863959       -5.5918569915771448     
   2.8133333333333712       0.93465976192067313       -5.5141047537101349     
   2.8166666666667046       0.93606697386567406       -5.4333176411227759     
   2.8200000000000380       0.93754609225397489       -5.3495872980319001     
   2.8233333333333714       0.93909646829536475       -5.2630081052909077     
   2.8266666666667049       0.94071742194367203       -5.1736769098558026     
   2.8300000000000383       0.94240824219505281       -5.0816927527068030     
   2.8333333333333717       0.94416818739986363       -4.9871565965345548     
   2.8366666666667051       0.94599648558797000       -4.8901710544633561     
   2.8400000000000385       0.94789233480736157       -4.7908401210362133     
   2.8433333333333719       0.94985490347591162       -4.6892689066344388     
   2.8466666666667053       0.95188333074613940       -4.5855633764433028     
   2.8500000000000387       0.95397672688280322       -4.4798300950102909     
   2.8533333333333721       0.95613417365317088       -4.3721759773705484     
   2.8566666666667055       0.95835472472978400       -4.2627080476400172     
   2.8600000000000390       0.96063740610555104       -4.1515332058973078     
   2.8633333333333724       0.96298121652097657       -4.0387580040951248     
   2.8666666666667058       0.96538512790334963       -3.9244884316586810     
   2.8700000000000392       0.96784808581768744       -3.8088297113455329     
   2.8733333333333726       0.97036900992924680       -3.6918861058568426     
   2.8766666666667060       0.97294679447739585       -3.5737607356071863     
   2.8800000000000394       0.97558030876063428       -3.4545554079782113     
   2.8833333333333728       0.97826839763256013       -3.3343704583004561     
   2.8866666666667062       0.98100988200855099       -3.2133046027310814     
   2.8900000000000396       0.98380355938295350       -3.0914548031191091     
   2.8933333333333731       0.98664820435653833       -2.9689161438795639     
   2.8966666666667065       0.98954256917400485       -2.8457817208290139     
   2.9000000000000399       0.99248538427128341       -2.7221425418726248     
   2.9033333333333733       0.99547535883241234       -2.5980874393721853     
   2.9066666666667067       0.99851118135572858       -2.4737029939712993     
   2.9100000000000401        1.0015915202291394       -2.3264275147891214     
   2.9133333333333735        1.0047150243142080       -2.1564408037077589     
   2.9166666666667069        1.0078803235388107       -1.9847718210101024     
   2.9200000000000403        1.0110860294980928       -1.8114669588392807     
   2.9233333333333738        1.0143307360634715       -1.6365704390758984     
   2.9266666666667072        1.0176130199994080       -1.4601243268615591     
   2.9300000000000406        1.0209314415876882       -1.2821685532391494     
   2.9333333333333740        1.0242845452589282       -1.1027409467214739     
   2.9366666666667074        1.0276708602310372      -0.92187727360660077     
   2.9400000000000408        1.0310889011543485      -0.73961128686908528     
   2.9433333333333742        1.0345371687631475      -0.55597478346679752     
   2.9466666666667076        1.0380141505332929      -0.37099766991826671     
   2.9500000000000410        1.0415183213456667      -0.18470803601780039     
   2.9533333333333744        1.0450481441551351        2.8677634264361817E-003
   2.9566666666667079        1.0486020706647536       0.19170501893338845     
   2.9600000000000413        1.0521785420048955       0.38178056885298689     
   2.9633333333333747        1.0557759894170284       0.57307269410435335     
   2.9666666666667081        1.0593928349418196       0.76556100520374859     
   2.9700000000000415        1.0630274921112854       0.95922632162728982     
   2.9733333333333749        1.0666783666446633        1.1540505435403858     
   2.9766666666667083        1.0703438571477220        1.3500165159201987     
   2.9800000000000417        1.0740223558151796        1.5471078850884441     
   2.9833333333333751        1.0777122491359463        1.7453089476719517     
   2.9866666666667085        1.0814119186008586        1.9446044920059478     
   2.9900000000000420        1.0851197414126148        2.1449796320012200     
   2.9933333333333754        1.0888340911975842        2.3464196335024896     
   2.9966666666667088        1.0925533387191917        2.5489097331788173     
   3.0000000000000422        1.0962758525925507        2.7524349500022014     
