   5.0000000000000001E-003   1.1000000000000001        5.8323487343096145     
   1.0000000000000000E-002   1.1003954380280720        5.8393861366325028     
   1.4999999999999999E-002   1.1007904858065523        5.8464004909341307     
   2.0000000000000000E-002   1.1011847534709778        5.8533679976410182     
   2.5000000000000001E-002   1.1015778519267645        5.8602649438945891     
   3.0000000000000002E-002   1.1019693932331958        5.8670677263994193     
   3.5000000000000003E-002   1.1023589909862737        5.8737528743496075     
   4.0000000000000001E-002   1.1027462607000527        5.8802970724138364     
   4.4999999999999998E-002   1.1031308201860808        5.8866771837588079     
   4.9999999999999996E-002   1.1035122899305736        5.8928702730898630     
   5.4999999999999993E-002   1.1038902934689490        5.8988536296863341     
   5.9999999999999991E-002   1.1042644577573510        5.9046047904083636     
   6.4999999999999988E-002   1.1046344135408011        5.9101015626508966     
   6.9999999999999993E-002   1.1049997957176059        5.9153220472193047     
   7.4999999999999997E-002   1.1053602436996699        5.9202446611003827     
   8.0000000000000002E-002   1.1057154017683526        5.9248481601013614     
   8.5000000000000006E-002   1.1060649194255185        5.9291116613283572     
   9.0000000000000011E-002   1.1064084517394384        5.9330146654752234     
   9.5000000000000015E-002   1.1067456596851930        5.9365370788923784     
  0.10000000000000002        1.1070762104792515        5.9396592354047950     
  0.10500000000000002        1.1073997779078886        5.9423619178472213     
  0.11000000000000003        1.1077160426491164        5.9446263792839833     
  0.11500000000000003        1.1080246925878185        5.9464343638805888     
  0.12000000000000004        1.1083254231237696        5.9477681273929583     
  0.12500000000000003        1.1086179374722378        5.9486104572404868     
  0.13000000000000003        1.1089019469568773        5.9489446921282205     
  0.13500000000000004        1.1091771712946155        5.9487547411834703     
  0.14000000000000004        1.1094433388722589        5.9480251025718616     
  0.14500000000000005        1.1097001870145438        5.9467408815581111     
  0.15000000000000005        1.1099474622433629        5.9448878079764471     
  0.15500000000000005        1.1101849205279197        5.9424522530764454     
  0.16000000000000006        1.1104123275255557        5.9394212457098670     
  0.16500000000000006        1.1106294588130194        5.9357824878249685     
  0.17000000000000007        1.1108361001079450        5.9315243692353814     
  0.17500000000000007        1.1110320474803221        5.9266359816311001     
  0.18000000000000008        1.1112171075537514        5.9211071318007997     
  0.18500000000000008        1.1113910976962829        5.9149283540348963     
  0.19000000000000009        1.1115538462006522        5.9080909216807989     
  0.19500000000000009        1.1117051924537340        5.9005868578224980     
  0.20000000000000009        1.1118449870950493        5.8924089450589090     
  0.20500000000000010        1.1119730921641642        5.8835507343559756     
  0.21000000000000010        1.1120893812368420        5.8740065529505552     
  0.21500000000000011        1.1121937395498076        5.8637715112848277     
  0.22000000000000011        1.1122860641140058        5.8528415089527472     
  0.22500000000000012        1.1123662638162379        5.8412132396418510     
  0.23000000000000012        1.1124342595090804        5.8288841950558217     
  0.23500000000000013        1.1124899840889939        5.8158526678058875     
  0.24000000000000013        1.1125333825625454        5.8021177532609070     
  0.24500000000000013        1.1125644121006815        5.7876793503490269     
  0.25000000000000011        1.1125830420809941        5.7725381613057607     
  0.25500000000000012        1.1125892541179419        5.7566956903661506     
  0.26000000000000012        1.1125830420809941        5.7401542414011208     
  0.26500000000000012        1.1125644121006815        5.7229169145006233     
  0.27000000000000013        1.1125333825625454        5.7049876015088508     
  0.27500000000000013        1.1124899840889939        5.6863709805192180     
  0.28000000000000014        1.1124342595090804        5.6670725093394232     
  0.28500000000000014        1.1123662638162379        5.6470984179393904     
  0.29000000000000015        1.1122860641140058        5.6264556998971420     
  0.29500000000000015        1.1121937395498076        5.6051521028604325     
  0.30000000000000016        1.1120893812368420        5.5831961180436984     
  0.30500000000000016        1.1119730921641642        5.5605969687827468     
  0.31000000000000016        1.1118449870950493        5.5373645981711395     
  0.31500000000000017        1.1117051924537340        5.5135096558046550     
  0.32000000000000017        1.1115538462006522        5.4890434836619963     
  0.32500000000000018        1.1113910976962829        5.4639781011514135     
  0.33000000000000018        1.1112171075537514        5.4383261893553252     
  0.33500000000000019        1.1110320474803221        5.4121010745053901     
  0.34000000000000019        1.1108361001079450        5.3853167107230773     
  0.34500000000000020        1.1106294588130194        5.3579876620610225     
  0.35000000000000020        1.1104123275255557        5.3301290838822259     
  0.35500000000000020        1.1101849205279197        5.3017567036144326     
  0.36000000000000021        1.1099474622433629        5.2728868009186147     
  0.36500000000000021        1.1097001870145438        5.2435361873101591     
  0.37000000000000022        1.1094433388722589        5.2137221852725508     
  0.37500000000000022        1.1091771712946155        5.1834626069033352     
  0.38000000000000023        1.1089019469568773        5.1527757321321612     
  0.38500000000000023        1.1086179374722378        5.1216802865511557     
  0.39000000000000024        1.1083254231237696        5.0901954188971290     
  0.39500000000000024        1.1080246925878185        5.0583406782254388     
  0.40000000000000024        1.1077160426491164        5.0261359908144350     
  0.40500000000000025        1.1073997779078886        4.9936016368391805     
  0.41000000000000025        1.1070762104792515        4.9607582268522847     
  0.41500000000000026        1.1067456596851930        4.9276266781091929     
  0.42000000000000026        1.1064084517394384        4.8942281907738527     
  0.42500000000000027        1.1060649194255185        4.8605842240405108     
  0.43000000000000027        1.1057154017683526        4.8267164722055593     
  0.43500000000000028        1.1053602436996699        4.7926468407226475     
  0.44000000000000028        1.1049997957176059        4.7583974222731333     
  0.44500000000000028        1.1046344135408011        4.7239904728823365     
  0.45000000000000029        1.1042644577573510        4.6894483881112263     
  0.45500000000000029        1.1038902934689487        4.6547936793513083     
  0.46000000000000030        1.1035122899305736        4.6200489502497106     
  0.46500000000000030        1.1031308201860808        4.5852368732895128     
  0.47000000000000031        1.1027462607000527        4.5503801665495027     
  0.47500000000000031        1.1023589909862737        4.5155015706656734     
  0.48000000000000032        1.1019693932331958        4.4806238260157762     
  0.48500000000000032        1.1015778519267645        4.4457696501466142     
  0.49000000000000032        1.1011847534709778        4.4109617154626877     
  0.49500000000000033        1.1007904858065523        4.3762226271932283     
  0.50000000000000033        1.1003954380280720        4.3415749016535479     
  0.50500000000000034        1.1000000000000001        4.3070409448154425     
  0.51000000000000034        1.0996045619719281        4.2726430311999133     
  0.51500000000000035        1.0992095141934479        4.2384032831049154     
  0.52000000000000035        1.0988152465290224        4.2043436501791609     
  0.52500000000000036        1.0984221480732357        4.1704858893523493     
  0.53000000000000036        1.0980306067668044        4.1368515451312451     
  0.53500000000000036        1.0976410090137263        4.1034619302699760     
  0.54000000000000037        1.0972537392999475        4.0703381068224269     
  0.54500000000000037        1.0968691798139194        4.0375008675832751     
  0.55000000000000038        1.0964877100694266        4.0049707179244436     
  0.55500000000000038        1.0961097065310512        3.9727678580321695     
  0.56000000000000039        1.0957355422426491        3.9409121655500310     
  0.56500000000000039        1.0953655864591991        3.9094231786325806     
  0.57000000000000040        1.0950002042823943        3.8783200794137396     
  0.57500000000000040        1.0946397563003303        3.8476216778938528     
  0.58000000000000040        1.0942845982316476        3.8173463962489622     
  0.58500000000000041        1.0939350805744814        3.7875122535657715     
  0.59000000000000041        1.0935915482605618        3.7581368510053443     
  0.59500000000000042        1.0932543403148072        3.7292373573985134     
  0.60000000000000042        1.0929237895207486        3.7008304952761462     
  0.60500000000000043        1.0926002220921116        3.6729325273367968     
  0.61000000000000043        1.0922839573508838        3.6455592433550104     
  0.61500000000000044        1.0919753074121816        3.6187259475326186     
  0.62000000000000044        1.0916745768762306        3.5924474462963074     
  0.62500000000000044        1.0913820625277624        3.5667380365442138     
  0.63000000000000045        1.0910980530431229        3.5416114943444685     
  0.63500000000000045        1.0908228287053847        3.5170810640888561     
  0.64000000000000046        1.0905566611277411        3.4931594481046715     
  0.64500000000000046        1.0902998129854564        3.4698587967279613     
  0.65000000000000047        1.0900525377566372        3.4471906988414491     
  0.65500000000000047        1.0898150794720805        3.4251661728806226     
  0.66000000000000048        1.0895876724744444        3.4037956583112519     
  0.66500000000000048        1.0893705411869807        3.3830890075819107     
  0.67000000000000048        1.0891638998920552        3.3630554785549354     
  0.67500000000000049        1.0889679525196780        3.3437037274195585     
  0.68000000000000049        1.0887828924462488        3.3250418020903667     
  0.68500000000000050        1.0886089023037173        3.3070771360949762     
  0.69000000000000050        1.0884461537993479        3.2898165429540205     
  0.69500000000000051        1.0882948075462662        3.2732662110570985     
  0.70000000000000051        1.0881550129049509        3.2574316990375181     
  0.70500000000000052        1.0880269078358360        3.2423179316494979     
  0.71000000000000052        1.0879106187631582        3.2279291961500793     
  0.71500000000000052        1.0878062604501926        3.2142691391890930     
  0.72000000000000053        1.0877139358859944        3.2013407642092426     
  0.72500000000000053        1.0876337361837622        3.1891464293588498     
  0.73000000000000054        1.0875657404909198        3.1776878459190181     
  0.73500000000000054        1.0875100159110063        3.1669660772469457     
  0.74000000000000055        1.0874666174374548        3.1569815382369582     
  0.74500000000000055        1.0874355878993187        3.1477339952997712     
  0.75000000000000056        1.0874169579190061        3.1392225668611302     
  0.75500000000000056        1.0874107458820583        3.1314457243798031     
  0.76000000000000056        1.0874169579190061        3.1244012938847514     
  0.76500000000000057        1.0874355878993187        3.1180864580310872     
  0.77000000000000057        1.0874666174374548        3.1124977586737672     
  0.77500000000000058        1.0875100159110063        3.1076310999577186     
  0.78000000000000058        1.0875657404909198        3.1034817519224864     
  0.78500000000000059        1.0876337361837622        3.1000443546191940     
  0.79000000000000059        1.0877139358859944        3.0973129227374736     
  0.79500000000000060        1.0878062604501926        3.0952808507388245     
  0.80000000000000060        1.0879106187631582        3.0939409184934403     
  0.80500000000000060        1.0880269078358360        3.0932852974164775     
  0.81000000000000061        1.0881550129049511        3.0933055570995101     
  0.81500000000000061        1.0882948075462662        3.0939926724327780     
  0.82000000000000062        1.0884461537993479        3.0953370312132833     
  0.82500000000000062        1.0886089023037173        3.0973284422335943     
  0.83000000000000063        1.0887828924462488        3.0999561438456404     
  0.83500000000000063        1.0889679525196780        3.1032088129941870     
  0.84000000000000064        1.0891638998920552        3.1070745747134918     
  0.84500000000000064        1.0893705411869807        3.1115410120813110     
  0.85000000000000064        1.0895876724744444        3.1165951766235187     
  0.85500000000000065        1.0898150794720805        3.1222235991631018     
  0.86000000000000065        1.0900525377566372        3.1284123011063558     
  0.86500000000000066        1.0902998129854564        3.1351468061597978     
  0.87000000000000066        1.0905566611277413        3.1424121524706186     
  0.87500000000000067        1.0908228287053847        3.1501929051835704     
  0.88000000000000067        1.0910980530431229        3.1584731694074599     
  0.88500000000000068        1.0913820625277624        3.1672366035835746     
  0.89000000000000068        1.0916745768762306        3.1764664332493746     
  0.89500000000000068        1.0919753074121816        3.1861454651898184     
  0.90000000000000069        1.0922839573508838        3.1962561019692202     
  0.90500000000000069        1.0926002220921118        3.2067803568364077     
  0.91000000000000070        1.0929237895207486        3.2176998689956995     
  0.91500000000000070        1.0932543403148074        3.2289959192367443     
  0.92000000000000071        1.0935915482605618        3.2406494459155146     
  0.92500000000000071        1.0939350805744816        3.2526410612794225     
  0.93000000000000071        1.0942845982316476        3.2649510681288629     
  0.93500000000000072        1.0946397563003303        3.2775594768080483     
  0.94000000000000072        1.0950002042823943        3.2904460225172674     
  0.94500000000000073        1.0953655864591991        3.3035901829391201     
  0.95000000000000073        1.0957355422426491        3.3169711961707442     
  0.95500000000000074        1.0961097065310514        3.3305680789542422     
  0.96000000000000074        1.0964877100694266        3.3443596451968935     
  0.96500000000000075        1.0968691798139196        3.3583245247729701     
  0.97000000000000075        1.0972537392999475        3.3724411825978740     
  0.97500000000000075        1.0976410090137265        3.3866879379663959     
  0.98000000000000076        1.0980306067668044        3.4010429841445733     
  0.98500000000000076        1.0984221480732357        3.4154844082060292     
  0.99000000000000077        1.0988152465290224        3.4299902111020155     
  0.99500000000000077        1.0992095141934481        3.4445383279542199     
   1.0000000000000007        1.0996045619719281        3.4591066485588975     
   1.0050000000000006        1.1000000000000001        3.4736730380900709     
   1.0100000000000005        1.1003954380280720        3.4882153579889308     
   1.0150000000000003        1.1007904858065523        3.5027114870258065     
   1.0200000000000002        1.1011847534709778        3.5171393425201569     
   1.0250000000000001        1.1015778519267645        3.5314769017036123     
   1.0300000000000000        1.1019693932331958        3.5457022232095428     
   1.0349999999999999        1.1023589909862737        3.5597934686723263     
   1.0399999999999998        1.1027462607000527        3.5737289244181816     
   1.0449999999999997        1.1031308201860808        3.5874870232285234     
   1.0499999999999996        1.1035122899305736        3.6010463661558876     
   1.0549999999999995        1.1038902934689487        3.6143857443712166     
   1.0599999999999994        1.1042644577573510        3.6274841610205049     
   1.0649999999999993        1.1046344135408011        3.6403208530674340     
   1.0699999999999992        1.1049997957176059        3.6528753130980114     
   1.0749999999999991        1.1053602436996699        3.6651273110616560     
   1.0799999999999990        1.1057154017683526        3.6770569159226754     
   1.0849999999999989        1.1060649194255185        3.6886445171944997     
   1.0899999999999987        1.1064084517394381        3.6998708463286505     
   1.0949999999999986        1.1067456596851928        3.7107169979290262     
   1.0999999999999985        1.1070762104792515        3.7211644507614108     
   1.1049999999999984        1.1073997779078883        3.7311950885272456     
   1.1099999999999983        1.1077160426491162        3.7407912203700389     
   1.1149999999999982        1.1080246925878185        3.7499356010818481     
   1.1199999999999981        1.1083254231237694        3.7586114509768551     
   1.1249999999999980        1.1086179374722378        3.7668024753987153     
   1.1299999999999979        1.1089019469568773        3.7744928838273628     
   1.1349999999999978        1.1091771712946152        3.7816674085514759     
   1.1399999999999977        1.1094433388722589        3.7883113228717895     
   1.1449999999999976        1.1097001870145438        3.7944104588009457     
   1.1499999999999975        1.1099474622433629        3.7999512242254063     
   1.1549999999999974        1.1101849205279195        3.8049206194951299     
   1.1599999999999973        1.1104123275255555        3.8093062534070796     
   1.1649999999999971        1.1106294588130194        3.8130963585489397     
   1.1699999999999970        1.1108361001079448        3.8162798059703729     
   1.1749999999999969        1.1110320474803219        3.8188461191494252     
   1.1799999999999968        1.1112171075537514        3.8207854872229503     
   1.1849999999999967        1.1113910976962829        3.8220887774505101     
   1.1899999999999966        1.1115538462006520        3.8227475468831296     
   1.1949999999999965        1.1117051924537340        3.8227540532085618     
   1.1999999999999964        1.1118449870950491        3.8221012647469763     
   1.2049999999999963        1.1119730921641640        3.8207828695722919     
   1.2099999999999962        1.1120893812368418        3.8187932837359266     
   1.2149999999999961        1.1121937395498076        3.8161276585716375     
   1.2199999999999960        1.1122860641140058        3.8127818870621883     
   1.2249999999999959        1.1123662638162377        3.8087526092505093     
   1.2299999999999958        1.1124342595090804        3.8040372166799363     
   1.2349999999999957        1.1124899840889939        3.7986338558507429     
   1.2399999999999956        1.1125333825625454        3.7925414306821188     
   1.2449999999999954        1.1125644121006815        3.7857596039713117     
   1.2499999999999953        1.1125830420809941        3.7782887978438660     
   1.2549999999999952        1.1125892541179419        3.7701301931915694     
   1.2599999999999951        1.1125830420809941        3.7612857280970071     
   1.2649999999999950        1.1125644121006817        3.7517580952462195     
   1.2699999999999949        1.1125333825625456        3.7415507383334279     
   1.2749999999999948        1.1124899840889939        3.7306678474642223     
   1.2799999999999947        1.1124342595090804        3.7191143535664191     
   1.2849999999999946        1.1123662638162379        3.7068959218194917     
   1.2899999999999945        1.1122860641140058        3.6940189441167579     
   1.2949999999999944        1.1121937395498078        3.6804905305763214     
   1.2999999999999943        1.1120893812368420        3.6663185001188716     
   1.3049999999999942        1.1119730921641642        3.6515113701334028     
   1.3099999999999941        1.1118449870950493        3.6360783452528707     
   1.3149999999999940        1.1117051924537342        3.6200293052649224     
   1.3199999999999938        1.1115538462006525        3.6033747921839323     
   1.3249999999999937        1.1113910976962831        3.5861259965126489     
   1.3299999999999936        1.1112171075537516        3.5682947427235039     
   1.3349999999999935        1.1110320474803224        3.5498934739905810     
   1.3399999999999934        1.1108361001079452        3.5309352362055053     
   1.3449999999999933        1.1106294588130197        3.5114336613108024     
   1.3499999999999932        1.1104123275255560        3.4914029499859711     
   1.3549999999999931        1.1101849205279199        3.4708578537220629     
   1.3599999999999930        1.1099474622433634        3.4498136563216639     
   1.3649999999999929        1.1097001870145442        3.4282861548613583     
   1.3699999999999928        1.1094433388722593        3.4062916401546954     
   1.3749999999999927        1.1091771712946157        3.3838468767534966     
   1.3799999999999926        1.1089019469568777        3.3609690825259593     
   1.3849999999999925        1.1086179374722382        3.3376759078495479     
   1.3899999999999924        1.1083254231237700        3.3139854144571927     
   1.3949999999999922        1.1080246925878190        3.2899160539741836     
   1.3999999999999921        1.1077160426491168        3.2654866461835943     
   1.4049999999999920        1.1073997779078890        3.2407163570570088     
   1.4099999999999919        1.1070762104792522        3.2156246765869252     
   1.4149999999999918        1.1067456596851935        3.1902313964563200     
   1.4199999999999917        1.1064084517394388        3.1645565875803294     
   1.4249999999999916        1.1060649194255192        3.1386205775535028     
   1.4299999999999915        1.1057154017683533        3.1124439280357592     
   1.4349999999999914        1.1053602436996706        3.0860474121083930     
   1.4399999999999913        1.1049997957176065        3.0594519916310707     
   1.4449999999999912        1.1046344135408017        3.0326787946286702     
   1.4499999999999911        1.1042644577573517        3.0057490927364467     
   1.4549999999999910        1.1038902934689496        2.9786842787300412     
   1.4599999999999909        1.1035122899305743        2.9515058441659265     
   1.4649999999999908        1.1031308201860814        2.9242353571564408     
   1.4699999999999906        1.1027462607000533        2.8968944403020522     
   1.4749999999999905        1.1023589909862745        2.8695047488025729     
   1.4799999999999904        1.1019693932331966        2.8420879487671451     
   1.4849999999999903        1.1015778519267652        2.8146656957421246     
   1.4899999999999902        1.1011847534709784        2.7872596134742449     
   1.4949999999999901        1.1007904858065529        2.7598912729252811     
   1.4999999999999900        1.1003954380280729        2.7325821715534726     
   1.5049999999999899        1.1000000000000010        2.7053537128754144     
   1.5099999999999898        1.0996045619719288        2.6782271863213447     
   1.5149999999999897        1.0992095141934488        2.6512237473954912     
   1.5199999999999896        1.0988152465290233        2.6243643981519784     
   1.5249999999999895        1.0984221480732366        2.5976699679964121     
   1.5299999999999894        1.0980306067668051        2.5711610948216430     
   1.5349999999999893        1.0976410090137272        2.5448582064860026     
   1.5399999999999892        1.0972537392999484        2.5187815026409757     
   1.5449999999999890        1.0968691798139203        2.4929509369152796     
   1.5499999999999889        1.0964877100694275        2.4673861994610138     
   1.5549999999999888        1.0961097065310521        2.4421066998673333     
   1.5599999999999887        1.0957355422426498        2.4171315504466739     
   1.5649999999999886        1.0953655864592000        2.3924795498979590     
   1.5699999999999885        1.0950002042823952        2.3681691673507101     
   1.5749999999999884        1.0946397563003309        2.3442185267943136     
   1.5799999999999883        1.0942845982316485        2.3206453918955310     
   1.5849999999999882        1.0939350805744823        2.2974671512078726     
   1.5899999999999881        1.0935915482605627        2.2747008037761165     
   1.5949999999999880        1.0932543403148081        2.2523629451388105     
   1.5999999999999879        1.0929237895207493        2.2304697537321267     
   1.6049999999999878        1.0926002220921125        2.2090369776978962     
   1.6099999999999877        1.0922839573508847        2.1880799220988778     
   1.6149999999999876        1.0919753074121823        2.1676134365444581     
   1.6199999999999875        1.0916745768762313        2.1476519032298307     
   1.6249999999999873        1.0913820625277630        2.1282092253918123     
   1.6299999999999872        1.0910980530431236        2.1092988161846922     
   1.6349999999999871        1.0908228287053856        2.0909335879795288     
   1.6399999999999870        1.0905566611277420        2.0731259420902481     
   1.6449999999999869        1.0902998129854571        2.0558877589304032     
   1.6499999999999868        1.0900525377566379        2.0392303886040515     
   1.6549999999999867        1.0898150794720811        2.0231646419346689     
   1.6599999999999866        1.0895876724744451        2.0077007819360606     
   1.6649999999999865        1.0893705411869812        1.9928485157290579     
   1.6699999999999864        1.0891638998920559        1.9786169869081798     
   1.6749999999999863        1.0889679525196787        1.9650147683620365     
   1.6799999999999862        1.0887828924462493        1.9520498555518246     
   1.6849999999999861        1.0886089023037178        1.9397296602517085     
   1.6899999999999860        1.0884461537993484        1.9280610047550444     
   1.6949999999999859        1.0882948075462664        1.9170501165504863     
   1.6999999999999857        1.0881550129049513        1.9067026234716700     
   1.7049999999999856        1.0880269078358364        1.8970235493239729     
   1.7099999999999855        1.0879106187631586        1.8880173099922710     
   1.7149999999999854        1.0878062604501928        1.8796877100324316     
   1.7199999999999853        1.0877139358859946        1.8720379397501024     
   1.7249999999999852        1.0876337361837625        1.8650705727692714     
   1.7299999999999851        1.0875657404909200        1.8587875640933449     
   1.7349999999999850        1.0875100159110065        1.8531902486609091     
   1.7399999999999849        1.0874666174374548        1.8482793403981832     
   1.7449999999999848        1.0874355878993187        1.8440549317695338     
   1.7499999999999847        1.0874169579190061        1.8405164938274758     
   1.7549999999999846        1.0874107458820583        1.8376628767629624     
   1.7599999999999845        1.0874169579190061        1.8354923109562142     
   1.7649999999999844        1.0874355878993185        1.8340024085282913     
   1.7699999999999843        1.0874666174374545        1.8331901653930165     
   1.7749999999999841        1.0875100159110063        1.8330519638083311     
   1.7799999999999840        1.0875657404909196        1.8335835754259089     
   1.7849999999999839        1.0876337361837620        1.8347801648374551     
   1.7899999999999838        1.0877139358859942        1.8366362936154810     
   1.7949999999999837        1.0878062604501921        1.8391459248461870     
   1.7999999999999836        1.0879106187631580        1.8423024281515830     
   1.8049999999999835        1.0880269078358356        1.8460985851974376     
   1.8099999999999834        1.0881550129049504        1.8505265956837316     
   1.8149999999999833        1.0882948075462655        1.8555780838132148     
   1.8199999999999832        1.0884461537993475        1.8612441052341082     
   1.8249999999999831        1.0886089023037167        1.8675151544520412     
   1.8299999999999830        1.0887828924462482        1.8743811727065292     
   1.8349999999999829        1.0889679525196774        1.8818315563065648     
   1.8399999999999828        1.0891638998920545        1.8898551654199698     
   1.8449999999999827        1.0893705411869801        1.8984403333108584     
   1.8499999999999825        1.0895876724744438        1.9075748760192941     
   1.8549999999999824        1.0898150794720796        1.9172461024771026     
   1.8599999999999823        1.0900525377566364        1.9274408250537391     
   1.8649999999999822        1.0902998129854555        1.9381453705256177     
   1.8699999999999821        1.0905566611277402        1.9493455914629181     
   1.8749999999999820        1.0908228287053838        1.9610268780270093     
   1.8799999999999819        1.0910980530431218        1.9731741701720444     
   1.8849999999999818        1.0913820625277613        1.9857719702442289     
   1.8899999999999817        1.0916745768762295        1.9988043559718762     
   1.8949999999999816        1.0919753074121805        2.0122549938398757     
   1.8999999999999815        1.0922839573508827        2.0261071528416648     
   1.9049999999999814        1.0926002220921105        2.0403437186020912     
   1.9099999999999813        1.0929237895207473        2.0549472078645636     
   1.9149999999999812        1.0932543403148061        2.0698997833356088     
   1.9199999999999811        1.0935915482605605        2.0851832688802410     
   1.9249999999999809        1.0939350805744803        2.1007791650613967     
   1.9299999999999808        1.0942845982316463        2.1166686650164568     
   1.9349999999999807        1.0946397563003289        2.1328326706643113     
   1.9399999999999806        1.0950002042823930        2.1492518092357131     
   1.9449999999999805        1.0953655864591976        2.1659064501201093     
   1.9499999999999804        1.0957355422426476        2.1827767220215648     
   1.9549999999999803        1.0961097065310499        2.1998425304166194     
   1.9599999999999802        1.0964877100694250        2.2170835753063245     
   1.9649999999999801        1.0968691798139181        2.2344793692548595     
   1.9699999999999800        1.0972537392999460        2.2520092557062390     
   1.9749999999999799        1.0976410090137250        2.2696524275711831     
   1.9799999999999798        1.0980306067668029        2.2873879460748041     
   1.9849999999999797        1.0984221480732341        2.3051947598561857     
   1.9899999999999796        1.0988152465290209        2.3230517243099258     
   1.9949999999999795        1.0992095141934464        2.3409376211592980     
   1.9999999999999793        1.0996045619719264        2.3588311782503464     
   2.0049999999999795        1.0999999999999985        2.3767110895551609     
   2.0099999999999794        1.1003954380280705        2.3945560353720463     
   2.0149999999999793        1.1007904858065505        2.4123447027099201     
   2.0199999999999791        1.1011847534709760        2.4300558058427604     
   2.0249999999999790        1.1015778519267627        2.4476681070196666     
   2.0299999999999789        1.1019693932331942        2.4651604373149931     
   2.0349999999999788        1.1023589909862721        2.4825117176020415     
   2.0399999999999787        1.1027462607000511        2.4997009796329808     
   2.0449999999999786        1.1031308201860790        2.5167073872064170     
   2.0499999999999785        1.1035122899305718        2.5335102574033450     
   2.0549999999999784        1.1038902934689472        2.5500890818708162     
   2.0599999999999783        1.1042644577573495        2.5664235481318678     
   2.0649999999999782        1.1046344135407995        2.5824935608991195     
   2.0699999999999781        1.1049997957176043        2.5982792633682048     
   2.0749999999999780        1.1053602436996683        2.6137610584664568     
   2.0799999999999779        1.1057154017683510        2.6289196300308406     
   2.0849999999999778        1.1060649194255170        2.6437359638884570     
   2.0899999999999777        1.1064084517394368        2.6581913688118166     
   2.0949999999999775        1.1067456596851915        2.6722674973198357     
   2.0999999999999774        1.1070762104792502        2.6859463662952709     
   2.1049999999999773        1.1073997779078870        2.6992103773876619     
   2.1099999999999772        1.1077160426491148        2.7120423371707956     
   2.1149999999999771        1.1080246925878172        2.7244254770223000     
   2.1199999999999770        1.1083254231237682        2.7363434726930955     
   2.1249999999999769        1.1086179374722365        2.7477804635331688     
   2.1299999999999768        1.1089019469568759        2.7587210713403212     
   2.1349999999999767        1.1091771712946141        2.7691504187976195     
   2.1399999999999766        1.1094433388722578        2.7790541474656210     
   2.1449999999999765        1.1097001870145426        2.7884184352950108     
   2.1499999999999764        1.1099474622433618        2.7972300136251929     
   2.1549999999999763        1.1101849205279186        2.8054761836350894     
   2.1599999999999762        1.1104123275255546        2.8131448322119237     
   2.1649999999999761        1.1106294588130186        2.8202244472048674     
   2.1699999999999759        1.1108361001079441        2.8267041320305584     
   2.1749999999999758        1.1110320474803212        2.8325736195984299     
   2.1799999999999757        1.1112171075537505        2.8378232855244656     
   2.1849999999999756        1.1113910976962822        2.8424441606032032     
   2.1899999999999755        1.1115538462006513        2.8464279425086514     
   2.1949999999999754        1.1117051924537333        2.8497670066964185     
   2.1999999999999753        1.1118449870950486        2.8524544164802870     
   2.2049999999999752        1.1119730921641635        2.8544839322585447     
   2.2099999999999751        1.1120893812368413        2.8558500198665402     
   2.2149999999999750        1.1121937395498072        2.8565478580340335     
   2.2199999999999749        1.1122860641140053        2.8565733449276927     
   2.2249999999999748        1.1123662638162375        2.8559231037611106     
   2.2299999999999747        1.1124342595090801        2.8545944874567222     
   2.2349999999999746        1.1124899840889937        2.8525855823464061     
   2.2399999999999745        1.1125333825625454        2.8498952108995046     
   2.2449999999999743        1.1125644121006815        2.8465229334695779     
   2.2499999999999742        1.1125830420809941        2.8424690490534847     
   2.2549999999999741        1.1125892541179419        2.8377345950587625     
   2.2599999999999740        1.1125830420809941        2.8323213460778374     
   2.2649999999999739        1.1125644121006817        2.8262318116699614     
   2.2699999999999738        1.1125333825625456        2.8194692331543254     
   2.2749999999999737        1.1124899840889941        2.8120375794201498     
   2.2799999999999736        1.1124342595090808        2.8039415417622995     
   2.2849999999999735        1.1123662638162382        2.7951865277528483     
   2.2899999999999734        1.1122860641140062        2.7857786541620642     
   2.2949999999999733        1.1121937395498083        2.7757247389439046     
   2.2999999999999732        1.1120893812368424        2.7650322923040043     
   2.3049999999999731        1.1119730921641648        2.7537095068698152     
   2.3099999999999730        1.1118449870950500        2.7417652469848184     
   2.3149999999999729        1.1117051924537349        2.7292090371507864     
   2.3199999999999728        1.1115538462006531        2.7160510496438364     
   2.3249999999999726        1.1113910976962840        2.7023020913316254     
   2.3299999999999725        1.1112171075537525        2.6879735897210169     
   2.3349999999999724        1.1110320474803232        2.6730775782667116     
   2.3399999999999723        1.1108361001079461        2.6576266809727644     
   2.3449999999999722        1.1106294588130206        2.6416340963202436     
   2.3499999999999721        1.1104123275255569        2.6251135805552055     
   2.3549999999999720        1.1101849205279211        2.6080794303721300     
   2.3599999999999719        1.1099474622433643        2.5905464650286221     
   2.3649999999999718        1.1097001870145453        2.5725300079281381     
   2.3699999999999717        1.1094433388722604        2.5540458677073237     
   2.3749999999999716        1.1091771712946170        2.5351103188656960     
   2.3799999999999715        1.1089019469568788        2.5157400819745019     
   2.3849999999999714        1.1086179374722396        2.4959523035029676     
   2.3899999999999713        1.1083254231237714        2.4757645352984974     
   2.3949999999999712        1.1080246925878203        2.4551947137584498     
   2.3999999999999710        1.1077160426491182        2.4342611387300055     
   2.4049999999999709        1.1073997779078903        2.4129824521741181     
   2.4099999999999708        1.1070762104792535        2.3913776166295055     
   2.4149999999999707        1.1067456596851948        2.3694658935110802     
   2.4199999999999706        1.1064084517394404        2.3472668212772128     
   2.4249999999999705        1.1060649194255208        2.3248001934985738     
   2.4299999999999704        1.1057154017683546        2.3020860368608709     
   2.4349999999999703        1.1053602436996721        2.2791445891324380     
   2.4399999999999702        1.1049997957176081        2.2559962771263353     
   2.4449999999999701        1.1046344135408033        2.2326616946860285     
   2.4499999999999700        1.1042644577573533        2.2091615807217644     
   2.4549999999999699        1.1038902934689512        2.1855167973239036     
   2.4599999999999698        1.1035122899305758        2.1617483079781503     
   2.4649999999999697        1.1031308201860830        2.1378771559063048     
   2.4699999999999696        1.1027462607000551        2.1139244425545427     
   2.4749999999999694        1.1023589909862761        2.0899113062504564     
   2.4799999999999693        1.1019693932331982        2.0658589010483341     
   2.4849999999999692        1.1015778519267669        2.0417883757810658     
   2.4899999999999691        1.1011847534709802        2.0177208533357049     
   2.4949999999999690        1.1007904858065547        1.9936774101687085     
   2.4999999999999689        1.1003954380280745        1.9696790560753259     
   2.5049999999999688        1.1000000000000025        1.9457467142267582     
   2.5099999999999687        1.0996045619719306        1.9219012014875430     
   2.5149999999999686        1.0992095141934504        1.8981632090244076     
   2.5199999999999685        1.0988152465290248        1.8745532832171983     
   2.5249999999999684        1.0984221480732381        1.8510918068810511     
   2.5299999999999683        1.0980306067668069        1.8277989808086974     
   2.5349999999999682        1.0976410090137290        1.8046948056404919     
   2.5399999999999681        1.0972537392999500        1.7817990640693049     
   2.5449999999999680        1.0968691798139218        1.7591313033867417     
   2.5499999999999678        1.0964877100694290        1.7367108183763298     
   2.5549999999999677        1.0961097065310537        1.7145566345590120     
   2.5599999999999676        1.0957355422426516        1.6926874917958941     
   2.5649999999999675        1.0953655864592016        1.6711218282522613     
   2.5699999999999674        1.0950002042823967        1.6498777647273448     
   2.5749999999999673        1.0946397563003325        1.6289730893532934     
   2.5799999999999672        1.0942845982316500        1.6084252426669845     
   2.5849999999999671        1.0939350805744839        1.5882513030579433     
   2.5899999999999670        1.0935915482605640        1.5684679725958222     
   2.5949999999999669        1.0932543403148094        1.5490915632403297     
   2.5999999999999668        1.0929237895207509        1.5301379834367319     
   2.6049999999999667        1.0926002220921138        1.5116227251001884     
   2.6099999999999666        1.0922839573508860        1.4935608509919285     
   2.6149999999999665        1.0919753074121836        1.4759669824903114     
   2.6199999999999664        1.0916745768762326        1.4588552877602778     
   2.6249999999999662        1.0913820625277642        1.4422394703242278     
   2.6299999999999661        1.0910980530431247        1.4261327580380452     
   2.6349999999999660        1.0908228287053867        1.4105478924755495     
   2.6399999999999659        1.0905566611277431        1.3954971187251703     
   2.6449999999999658        1.0902998129854582        1.3809921756027077     
   2.6499999999999657        1.0900525377566388        1.3670442862838557     
   2.6549999999999656        1.0898150794720820        1.3536641493606416     
   2.6599999999999655        1.0895876724744460        1.3408619303257658     
   2.6649999999999654        1.0893705411869821        1.3286472534890592     
   2.6699999999999653        1.0891638998920565        1.3170291943302916     
   2.6749999999999652        1.0889679525196794        1.3060162722924351     
   2.6799999999999651        1.0887828924462499        1.2956164440198101     
   2.6849999999999650        1.0886089023037184        1.2858370970452857     
   2.6899999999999649        1.0884461537993491        1.2766850439305957     
   2.6949999999999648        1.0882948075462671        1.2681665168642533     
   2.6999999999999647        1.0881550129049520        1.2602871627206074     
   2.7049999999999645        1.0880269078358369        1.2530520385844199     
   2.7099999999999644        1.0879106187631591        1.2464656077443190     
   2.7149999999999643        1.0878062604501932        1.2405317361588932     
   2.7199999999999642        1.0877139358859951        1.2352536893987227     
   2.7249999999999641        1.0876337361837629        1.2306341300672807     
   2.7299999999999640        1.0875657404909203        1.2266751157037681     
   2.7349999999999639        1.0875100159110067        1.2233780971700612     
   2.7399999999999638        1.0874666174374550        1.2207439175242845     
   2.7449999999999637        1.0874355878993187        1.2187728113825222     
   2.7499999999999636        1.0874169579190063        1.2174644047704539     
   2.7549999999999635        1.0874107458820583        1.2168177154656277     
   2.7599999999999634        1.0874169579190061        1.2168311538315153     
   2.7649999999999633        1.0874355878993185        1.2175025241430970     
   2.7699999999999632        1.0874666174374543        1.2188290264043593     
   2.7749999999999631        1.0875100159110060        1.2208072586568766     
   2.7799999999999629        1.0875657404909194        1.2234332197783577     
   2.7849999999999628        1.0876337361837618        1.2267023127702719     
   2.7899999999999627        1.0877139358859937        1.2306093485321570     
   2.7949999999999626        1.0878062604501917        1.2351485501207637     
   2.7999999999999625        1.0879106187631573        1.2403135574913364     
   2.8049999999999624        1.0880269078358351        1.2460974327179228     
   2.8099999999999623        1.0881550129049500        1.2524926656894240     
   2.8149999999999622        1.0882948075462651        1.2594911802776461     
   2.8199999999999621        1.0884461537993468        1.2670843409732164     
   2.8249999999999620        1.0886089023037160        1.2752629599850549     
   2.8299999999999619        1.0887828924462475        1.2840173047985977     
   2.8349999999999618        1.0889679525196767        1.2933371061879526     
   2.8399999999999617        1.0891638998920536        1.3032115666767399     
   2.8449999999999616        1.0893705411869792        1.3136293694420940     
   2.8499999999999615        1.0895876724744429        1.3245786876563295     
   2.8549999999999613        1.0898150794720787        1.3360471942605319     
   2.8599999999999612        1.0900525377566352        1.3480220721639349     
   2.8649999999999611        1.0902998129854544        1.3604900248631970     
   2.8699999999999610        1.0905566611277391        1.3734372874753640     
   2.8749999999999609        1.0908228287053827        1.3868496381782867     
   2.8799999999999608        1.0910980530431207        1.4007124100521484     
   2.8849999999999607        1.0913820625277599        1.4150105033158891     
   2.8899999999999606        1.0916745768762284        1.4297283979519626     
   2.8949999999999605        1.0919753074121792        1.4448501667131446     
   2.8999999999999604        1.0922839573508814        1.4603594885050342     
   2.9049999999999603        1.0926002220921092        1.4762396621376910     
   2.9099999999999602        1.0929237895207460        1.4924736204401050     
   2.9149999999999601        1.0932543403148045        1.5090439447310107     
   2.9199999999999600        1.0935915482605592        1.5259328796396598     
   2.9249999999999599        1.0939350805744787        1.5431223482699894     
   2.9299999999999597        1.0942845982316447        1.5605939677017822     
   2.9349999999999596        1.0946397563003274        1.5783290648222257     
   2.9399999999999595        1.0950002042823914        1.5963086924810954     
   2.9449999999999594        1.0953655864591960        1.6145136459630769     
   2.9499999999999593        1.0957355422426460        1.6329244797701228     
   2.9549999999999592        1.0961097065310483        1.6515215247067367     
   2.9599999999999591        1.0964877100694235        1.6702849052612150     
   2.9649999999999590        1.0968691798139163        1.6891945572750682     
   2.9699999999999589        1.0972537392999444        1.7082302458928398     
   2.9749999999999588        1.0976410090137232        1.7273715837843482     
   2.9799999999999587        1.0980306067668011        1.7465980496306512     
   2.9849999999999586        1.0984221480732326        1.7658890068648874     
   2.9899999999999585        1.0988152465290191        1.7852237226583969     
   2.9949999999999584        1.0992095141934446        1.8045813871424086     
   2.9999999999999583        1.0996045619719248        1.8239411328543480     
