   5.0000000000000001E-003   1.1000000000000001        5.8323487343096145     
   1.0000000000000000E-002   1.1157426714484999        6.7951957801220031     
   1.4999999999999999E-002   1.1314698067809159        7.7865800256287212     
   2.0000000000000000E-002   1.1471658852134350        8.8120983973981026     
   2.5000000000000001E-002   1.1628154166116547        9.8778667789929617     
   3.0000000000000002E-002   1.1784029567774759        10.990586916194347     
   3.5000000000000003E-002   1.1939131226906612        12.157616250819787     
   4.0000000000000001E-002   1.2093306076900197        13.387040027583621     
   4.4999999999999998E-002   1.2246401965792324        14.687744691747847     
   4.9999999999999996E-002   1.2398267806424146        16.069491184222553     
   5.4999999999999993E-002   1.2548753725545947        17.542986236285191     
   5.9999999999999991E-002   1.2697711211723934        19.119949160603326     
   6.4999999999999988E-002   1.2844993261903113        20.813170923978365     
   6.9999999999999993E-002   1.2990454526481525        22.636561469983125     
   7.4999999999999997E-002   1.3133951452752790        24.605180343134037     
   8.0000000000000002E-002   1.3275342426575270        26.735244666673580     
   8.5000000000000006E-002   1.3414487912128137        29.044107472416663     
   9.0000000000000011E-002   1.3551250589616393        31.550198318469544     
   9.5000000000000015E-002   1.3685495490788915        34.272917123475828     
  0.10000000000000002        1.3817090132135827        37.232471281386914     
  0.10500000000000002        1.3945904645633735        40.449645510234092     
  0.11000000000000003        1.4071811906909781        43.945493668813747     
  0.11500000000000003        1.4194687660698053        47.740942106712858     
  0.12000000000000004        1.4314410643464530        51.856295173864730     
  0.12500000000000003        1.4430862703079557        56.310635492513853     
  0.13000000000000003        1.4543928915419715        61.121114667548142     
  0.13500000000000004        1.4653497697784079        66.302134434652260     
  0.14000000000000004        1.4759460919012850        71.864423921388649     
  0.14500000000000005        1.4861714006199775        77.814025743344686     
  0.15000000000000005        1.4960156047892963        84.151211979688568     
  0.15500000000000005        1.5054689893682314        90.869360426349317     
  0.16000000000000006        1.5145222250075243        97.953831493125520     
  0.16500000000000006        1.5231663772566095        105.38089608676772     
  0.17000000000000007        1.5313929153808383        113.11677401182476     
  0.17500000000000007        1.5391937207802842        121.11684987007710     
  0.18000000000000008        1.5465610950018203        129.32513808600851     
  0.18500000000000008        1.5534877673365641        137.67406944601902     
  0.19000000000000009        1.5599669019951883        146.08466741963869     
  0.19500000000000009        1.5659921048540204        154.46717276330349     
  0.20000000000000009        1.5715574297652701        162.72215908996588     
  0.20500000000000010        1.5766573844251599        170.74216031953748     
  0.21000000000000010        1.5812869357941657        178.41380390607517     
  0.21500000000000011        1.5854415150640182        185.62041281763732     
  0.22000000000000011        1.5891170221665671        192.24500639892076     
  0.22500000000000012        1.5923098298200513        198.17359796606488     
  0.23000000000000012        1.5950167871087892        203.29865807914302     
  0.23500000000000013        1.5972352225927517        207.52258977470888     
  0.24000000000000013        1.5989629469439510        210.76104821905074     
  0.24500000000000013        1.6001982551070433        212.94593427582811     
  0.25000000000000011        1.6009399279820125        214.02790050768385     
  0.25500000000000012        1.6011872336272734        213.97822920724855     
  0.26000000000000012        1.6009399279820122        212.78997406730358     
  0.26500000000000012        1.6001982551070433        210.47829782639272     
  0.27000000000000013        1.5989629469439510        207.07998451982928     
  0.27500000000000013        1.5972352225927517        202.65215308059118     
  0.28000000000000014        1.5950167871087890        197.27024502252746     
  0.28500000000000014        1.5923098298200511        191.02539907805496     
  0.29000000000000015        1.5891170221665669        184.02135685564096     
  0.29500000000000015        1.5854415150640180        176.37106366631389     
  0.30000000000000016        1.5812869357941652        168.19313660613540     
  0.30500000000000016        1.5766573844251597        159.60836790764142     
  0.31000000000000016        1.5715574297652699        150.73641669958874     
  0.31500000000000017        1.5659921048540202        141.69281871777324     
  0.32000000000000017        1.5599669019951881        132.58641383962973     
  0.32500000000000018        1.5534877673365639        123.51725846686202     
  0.33000000000000018        1.5465610950018200        114.57505657811771     
  0.33500000000000019        1.5391937207802839        105.83811220459602     
  0.34000000000000019        1.5313929153808381        97.372779101946620     
  0.34500000000000020        1.5231663772566093        89.233361822622783     
  0.35000000000000020        1.5145222250075239        81.462406898129927     
  0.35500000000000020        1.5054689893682309        74.091313480445379     
  0.36000000000000021        1.4960156047892958        67.141189127104212     
  0.36500000000000021        1.4861714006199771        60.623877642428212     
  0.37000000000000022        1.4759460919012848        54.543090986243577     
  0.37500000000000022        1.4653497697784073        48.895585125298041     
  0.38000000000000023        1.4543928915419710        43.672329254710775     
  0.38500000000000023        1.4430862703079550        38.859628093842602     
  0.39000000000000024        1.4314410643464526        34.440167166431813     
  0.39500000000000024        1.4194687660698047        30.393960503688508     
  0.40000000000000024        1.4071811906909777        26.699188648874738     
  0.40500000000000025        1.3945904645633731        23.332921956320469     
  0.41000000000000025        1.3817090132135821        20.271729879034439     
  0.41500000000000026        1.3685495490788910        17.492181254896291     
  0.42000000000000026        1.3551250589616386        14.971243641984000     
  0.42500000000000027        1.3414487912128130        12.686591680466259     
  0.43000000000000027        1.3275342426575261        10.616835458684555     
  0.43500000000000028        1.3133951452752783        8.7416801266311648     
  0.44000000000000028        1.2990454526481519        7.0420277133828222     
  0.44500000000000028        1.2844993261903106        5.5000314294635384     
  0.45000000000000029        1.2697711211723928        4.0991118095892505     
  0.45500000000000029        1.2548753725545938        2.8239429888292271     
  0.46000000000000030        1.2398267806424137        1.6604162936492912     
  0.46500000000000030        1.2246401965792315       0.59558723333815577     
  0.47000000000000031        1.2093306076900190      -0.38238905812591129     
  0.47500000000000031        1.1939131226906603       -1.2843298260396048     
  0.48000000000000032        1.1784029567774750       -2.1201008825257670     
  0.48500000000000032        1.1628154166116538       -2.8986944460030850     
  0.49000000000000032        1.1471658852134341       -3.6283067214107811     
  0.49500000000000033        1.1314698067809150       -4.3164138258945437     
  0.50000000000000033        1.1157426714484990       -4.9698450840920465     
  0.50500000000000034        1.0999999999999990       -5.5948530497235645     
  0.51000000000000034        1.0842573285514991       -6.1971798658188968     
  0.51500000000000035        1.0685301932190832       -6.7821197641787920     
  0.52000000000000035        1.0528341147865643       -7.3545776343819851     
  0.52500000000000036        1.0371845833883444       -7.9191236716093627     
  0.53000000000000036        1.0215970432225234       -8.4800441474937145     
  0.53500000000000036        1.0060868773093379       -9.0413883448439183     
  0.54000000000000037       0.99066939230997941       -9.4797194810100383     
  0.54500000000000037       0.97535980342076678       -9.8643219574678938     
  0.55000000000000038       0.96017321935758448       -10.285617860202887     
  0.55500000000000038       0.94512462744540460       -10.745793032896742     
  0.56000000000000039       0.93022887882760552       -11.247092263934169     
  0.56500000000000039       0.91550067380968791       -11.791804490966459     
  0.57000000000000040       0.90095454735184644       -12.382244001741526     
  0.57500000000000040       0.88660485472472006       -13.020727102263972     
  0.58000000000000040       0.87246575734247211       -13.709543716009026     
  0.58500000000000041       0.85855120878718538       -14.450923388199328     
  0.59000000000000041       0.84487494103835969       -15.246995202263109     
  0.59500000000000042       0.83145045092110759       -16.099741177280190     
  0.60000000000000042       0.81829098678641632       -17.010942811635875     
  0.60500000000000043       0.80540953543662563       -17.982120575505004     
  0.61000000000000043       0.79281880930902116       -19.014466339185898     
  0.61500000000000044       0.78053123393019397       -20.108768960915885     
  0.62000000000000044       0.76855893565354627       -21.265333550414002     
  0.62500000000000044       0.75691372969204362       -22.483895274560027     
  0.63000000000000045       0.74560710845802780       -23.763528977745754     
  0.63500000000000045       0.73465023022159148       -25.102556345806860     
  0.64000000000000046       0.72405390809871428       -26.498452838237359     
  0.64500000000000046       0.71382859938002174       -27.947757131788109     
  0.65000000000000047       0.70398439521070322       -29.445986336080217     
  0.65500000000000047       0.69453101063176814       -30.987560728141268     
  0.66000000000000048       0.68547777499247498       -32.565742170774726     
  0.66500000000000048       0.67683362274338998       -34.172590686803112     
  0.67000000000000048       0.66860708461916118       -35.798943811188721     
  0.67500000000000049       0.66080627921971535       -37.434423288760406     
  0.68000000000000049       0.65343890499817925       -39.067473382751871     
  0.68500000000000050       0.64651223266343538       -40.685434472335096     
  0.69000000000000050       0.64003309800481134       -42.274654722568471     
  0.69500000000000051       0.63400789514597933       -43.820641402769326     
  0.70000000000000051       0.62844257023472982       -45.308251927502880     
  0.70500000000000052       0.62334261557483983       -46.728840333221250     
  0.71000000000000052       0.61871306420583427       -48.066945851845880     
  0.71500000000000052       0.61455848493598164       -49.304428086355529     
  0.72000000000000053       0.61088297783343282       -50.424645078241447     
  0.72500000000000053       0.60769017017994853       -51.411626281401880     
  0.73000000000000054       0.60498321289121071       -52.250469867074088     
  0.73500000000000054       0.60276477740724821       -52.927739291442464     
  0.74000000000000055       0.60103705305604893       -53.431842588331435     
  0.74500000000000055       0.59980174489295668       -53.753376358166072     
  0.75000000000000056       0.59906007201798783       -53.885416220461586     
  0.75500000000000056       0.59881276637272685       -53.823736927501592     
  0.76000000000000056       0.59906007201798794       -53.566948527547645     
  0.76500000000000057       0.59980174489295690       -53.116539742263598     
  0.77000000000000057       0.60103705305604926       -52.476825601585659     
  0.77500000000000058       0.60276477740724865       -51.654802645047091     
  0.78000000000000058       0.60498321289121115       -50.659920851818882     
  0.78500000000000059       0.60769017017994920       -49.503786191047823     
  0.79000000000000059       0.61088297783343348       -48.199810812338313     
  0.79500000000000060       0.61455848493598242       -46.762829256516078     
  0.80000000000000060       0.61871306420583516       -45.208698792663029     
  0.80500000000000060       0.62334261557484094       -43.553900431994762     
  0.81000000000000061       0.62844257023473071       -41.816362065175682     
  0.81500000000000061       0.63400789514598066       -40.011285392050802     
  0.82000000000000062       0.64003309800481267       -38.147039712350988     
  0.82500000000000062       0.64651223266343694       -36.238475167940180     
  0.83000000000000063       0.65343890499818058       -34.299758571228459     
  0.83500000000000063       0.66080627921971702       -32.344185847762411     
  0.84000000000000064       0.66860708461916285       -30.384034736555620     
  0.84500000000000064       0.67683362274339176       -28.430457544323261     
  0.85000000000000064       0.68547777499247697       -26.493412250980725     
  0.85500000000000065       0.69453101063177014       -24.581629063685199     
  0.86000000000000065       0.70398439521070522       -22.702608632591069     
  0.86500000000000066       0.71382859938002396       -20.862647567424368     
  0.87000000000000066       0.72405390809871628       -19.066886605754679     
  0.87500000000000067       0.73465023022159359       -17.319376744335315     
  0.88000000000000067       0.74560710845803024       -15.623158809368972     
  0.88500000000000068       0.75691372969204607       -13.980352262377799     
  0.89000000000000068       0.76855893565354860       -12.392249468814708     
  0.89500000000000068       0.78053123393019641       -10.859412153769386     
  0.90000000000000069       0.79281880930902382       -9.3817672959348073     
  0.90500000000000069       0.80540953543662841       -7.9587002369986299     
  0.91000000000000070       0.81829098678641909       -6.5891432853802732     
  0.91500000000000070       0.83145045092111025       -5.2716585540578009     
  0.92000000000000071       0.84487494103836280       -4.0045141814468366     
  0.92500000000000071       0.85855120878718838       -2.7857534363812064     
  0.93000000000000071       0.87246575734247522       -1.6132565017998206     
  0.93500000000000072       0.88660485472472295      -0.48479496851358123     
  0.94000000000000072       0.90095454735184932       0.60192074563452092     
  0.94500000000000073       0.91550067380969113        1.6492006994014932     
  0.95000000000000073       0.93022887882760874        2.6593410075512147     
  0.95500000000000074       0.94512462744540748        3.6345951887265144     
  0.96000000000000074       0.96017321935758748        4.5771507428503373     
  0.96500000000000075       0.97535980342077011        5.4891104103286414     
  0.97000000000000075       0.99066939230998274        6.3724775741102819     
  0.97500000000000075        1.0060868773093410        7.3171906447358168     
  0.98000000000000076        1.0215970432225265        8.3915352965364693     
  0.98500000000000076        1.0371845833883480        9.4711828661073767     
  0.99000000000000077        1.0528341147865676        10.559613342896574     
  0.99500000000000077        1.0685301932190865        11.660487778090207     
   1.0000000000000007        1.0842573285515025        12.777694071927201     
   1.0050000000000006        1.1000000000000021        13.915396413602808     
   1.0100000000000005        1.1157426714485015        15.078088393774340     
   1.0150000000000003        1.1314698067809175        16.270649812501230     
   1.0200000000000002        1.1471658852134359        17.498407170245045     
   1.0250000000000001        1.1628154166116551        18.767197750847416     
   1.0300000000000000        1.1784029567774761        20.083437076750744     
   1.0349999999999999        1.1939131226906610        21.454189330670669     
   1.0399999999999998        1.2093306076900194        22.887240086048575     
   1.0449999999999997        1.2246401965792315        24.391170361771927     
   1.0499999999999996        1.2398267806424137        25.975430605432329     
   1.0549999999999995        1.2548753725545934        27.650412704776873     
   1.0599999999999994        1.2697711211723921        29.427517521418444     
   1.0649999999999993        1.2844993261903093        31.319214729498750     
   1.0699999999999992        1.2990454526481505        33.339090924670636     
   1.0749999999999991        1.3133951452752766        35.501881052152143     
   1.0799999999999990        1.3275342426575241        37.823477202980676     
   1.0849999999999989        1.3414487912128108        40.320907773915373     
   1.0899999999999987        1.3551250589616362        43.012278923753513     
   1.0949999999999986        1.3685495490788882        45.916669251643732     
   1.0999999999999985        1.3817090132135790        49.053967758302804     
   1.1049999999999984        1.3945904645633700        52.444644540522098     
   1.1099999999999983        1.4071811906909741        56.109443449787761     
   1.1149999999999982        1.4194687660698013        60.068986277379103     
   1.1199999999999981        1.4314410643464488        64.343279089098814     
   1.1249999999999980        1.4430862703079510        68.951113309525851     
   1.1299999999999979        1.4543928915419670        73.909357228813136     
   1.1349999999999978        1.4653497697784030        79.232137928612389     
   1.1399999999999977        1.4759460919012803        84.929919299445487     
   1.1449999999999976        1.4861714006199727        91.008488868946998     
   1.1499999999999975        1.4960156047892914        97.467874482721726     
   1.1549999999999974        1.5054689893682265        104.30122123352028     
   1.1599999999999973        1.5145222250075197        111.49366900266357     
   1.1649999999999971        1.5231663772566049        119.02128095348777     
   1.1699999999999970        1.5313929153808337        126.85008250648130     
   1.1749999999999969        1.5391937207802795        134.93527777494162     
   1.1799999999999968        1.5465610950018158        143.22071508676299     
   1.1849999999999967        1.5534877673365597        151.63867397837168     
   1.1899999999999966        1.5599669019951841        160.11004192753362     
   1.1949999999999965        1.5659921048540164        168.54493932423344     
   1.1999999999999964        1.5715574297652661        176.84383536169710     
   1.2049999999999963        1.5766573844251563        184.89917576153175     
   1.2099999999999962        1.5812869357941621        192.59751622803282     
   1.2149999999999961        1.5854415150640151        199.82212460692838     
   1.2199999999999960        1.5891170221665645        206.45598187815250     
   1.2249999999999959        1.5923098298200489        212.38507983173497     
   1.2299999999999958        1.5950167871087872        217.50188437218327     
   1.2349999999999957        1.5972352225927500        221.70881073375369     
   1.2399999999999956        1.5989629469439497        224.92154306751110     
   1.2449999999999954        1.6001982551070424        227.07202789421558     
   1.2499999999999953        1.6009399279820120        228.11097994321699     
   1.2549999999999952        1.6011872336272734        228.00975997350287     
   1.2599999999999951        1.6009399279820129        226.76151618757450     
   1.2649999999999950        1.6001982551070444        224.38152157549982     
   1.2699999999999949        1.5989629469439526        220.90668582032126     
   1.2749999999999948        1.5972352225927537        216.39426851067432     
   1.2799999999999947        1.5950167871087917        210.91986639456258     
   1.2849999999999946        1.5923098298200544        204.57478754812567     
   1.2899999999999945        1.5891170221665707        197.46295652647558     
   1.2949999999999944        1.5854415150640226        189.69751464776232     
   1.2999999999999943        1.5812869357941706        181.39728749941580     
   1.3049999999999942        1.5766573844251655        172.68328768171816     
   1.3099999999999941        1.5715574297652766        163.67540593026030     
   1.3149999999999940        1.5659921048540273        154.48942016237092     
   1.3199999999999938        1.5599669019951958        145.23442232263665     
   1.3249999999999937        1.5534877673365721        136.01073005421256     
   1.3299999999999936        1.5465610950018296        126.90831702048779     
   1.3349999999999935        1.5391937207802939        118.00576463254976     
   1.3399999999999934        1.5313929153808488        109.36971095845746     
   1.3449999999999933        1.5231663772566204        101.05475102109978     
   1.3499999999999932        1.5145222250075363        93.103727196782216     
   1.3549999999999931        1.5054689893682438        85.548339066474668     
   1.3599999999999930        1.4960156047893094        78.409998406915179     
   1.3649999999999929        1.4861714006199920        71.700856236697206     
   1.3699999999999928        1.4759460919013001        65.424933931348491     
   1.3749999999999927        1.4653497697784235        59.579298285228553     
   1.3799999999999926        1.4543928915419877        54.155229950153398     
   1.3849999999999925        1.4430862703079730        49.139344957674531     
   1.3899999999999924        1.4314410643464710        44.514639237320402     
   1.3949999999999922        1.4194687660698238        40.261435571912230     
   1.3999999999999921        1.4071811906909979        36.358220870800530     
   1.4049999999999920        1.3945904645633940        32.782368756228323     
   1.4099999999999919        1.3817090132136036        29.510748159136060     
   1.4149999999999918        1.3685495490789128        26.520222936451280     
   1.4199999999999917        1.3551250589616619        23.788050562373982     
   1.4249999999999916        1.3414487912128368        21.292189872926802     
   1.4299999999999915        1.3275342426575505        19.011528843124896     
   1.4349999999999914        1.3133951452753030        16.926043641568597     
   1.4399999999999913        1.2990454526481778        15.016899920498069     
   1.4449999999999912        1.2844993261903368        13.266506623623766     
   1.4499999999999911        1.2697711211724196        11.658531668395337     
   1.4549999999999910        1.2548753725546220        10.177887796809367     
   1.4599999999999909        1.2398267806424423        8.8106957771498440     
   1.4649999999999908        1.2246401965792604        7.5442310429456834     
   1.4699999999999906        1.2093306076900479        6.3668588198388294     
   1.4749999999999905        1.1939131226906907        5.2679618445846170     
   1.4799999999999904        1.1784029567775054        4.2378639387723362     
   1.4849999999999903        1.1628154166116844        3.2677519691347894     
   1.4899999999999902        1.1471658852134659        2.3495981056608546     
   1.4949999999999901        1.1314698067809470        1.4760837727148017     
   1.4999999999999900        1.1157426714485312       0.64052626879030850     
   1.5049999999999899        1.1000000000000314      -0.16319130218155226     
   1.5099999999999898        1.0842573285515325      -0.94068640081175159     
   1.5149999999999897        1.0685301932191167       -1.6971395247638736     
   1.5199999999999896        1.0528341147865976       -2.4373527148811691     
   1.5249999999999895        1.0371845833883779       -3.1658041051025467     
   1.5299999999999894        1.0215970432225576       -3.8866985613965208     
   1.5349999999999893        1.0060868773093721       -4.6040144516982471     
   1.5399999999999892       0.99066939231001339       -5.1942543728625479     
   1.5449999999999890       0.97535980342080142       -5.7266521735589793     
   1.5499999999999889       0.96017321935761901       -6.2915891991423702     
   1.5549999999999888       0.94512462744543879       -6.8912200820308538     
   1.5599999999999887       0.93022887882763949       -7.5277676202373494     
   1.5649999999999886       0.91550067380972244       -8.2035076494862373     
   1.5699999999999885       0.90095454735188063       -8.9207498893922867     
   1.5749999999999884       0.88660485472475381       -9.6818142365930839     
   1.5799999999999883       0.87246575734250564       -10.489001970441047     
   1.5849999999999882       0.85855120878721913       -11.344561347190568     
   1.5899999999999881       0.84487494103839289       -12.250647091763502     
   1.5949999999999880       0.83145045092114023       -13.209273357892696     
   1.5999999999999879       0.81829098678644918       -14.222259823878993     
   1.6049999999999878       0.80540953543665772       -15.291170728611291     
   1.6099999999999877       0.79281880930905246       -16.417246836901001     
   1.6149999999999876       0.78053123393022461       -17.601330559792906     
   1.6199999999999875       0.76855893565357691       -18.843784748114043     
   1.6249999999999873       0.75691372969207360       -20.144406027669238     
   1.6299999999999872       0.74560710845805689       -21.502333950588817     
   1.6349999999999871       0.73465023022162035       -22.915957693674848     
   1.6399999999999870       0.72405390809874215       -24.382822530342100     
   1.6449999999999869       0.71382859938004883       -25.899538821099430     
   1.6499999999999868       0.70398439521072920       -27.461696784994377     
   1.6549999999999867       0.69453101063179368       -29.063790800653482     
   1.6599999999999866       0.68547777499249962       -30.699157403489686     
   1.6649999999999865       0.67683362274341330       -32.359931452698213     
   1.6699999999999864       0.66860708461918339       -34.037025091550916     
   1.6749999999999863       0.66080627921973689       -35.720134070134023     
   1.6799999999999862       0.65343890499819968       -37.397775697063743     
   1.6849999999999861       0.64651223266345470       -39.057362099594883     
   1.6899999999999860       0.64003309800482955       -40.685311576678814     
   1.6949999999999859       0.63400789514599631       -42.267199622011610     
   1.6999999999999857       0.62844257023474537       -43.787949692191631     
   1.7049999999999856       0.62334261557485415       -45.238979433839923     
   1.7099999999999855       0.61871306420584748       -46.604889031685971     
   1.7149999999999854       0.61455848493599330       -47.867596183277712     
   1.7199999999999853       0.61088297783344303       -49.010513990661053     
   1.7249999999999852       0.60769017017995763       -50.017723783973061     
   1.7299999999999851       0.60498321289121826       -50.874372301801110     
   1.7349999999999850       0.60276477740725443       -51.567068160087516     
   1.7399999999999849       0.60103705305605359       -52.084261072019189     
   1.7449999999999848       0.59980174489295979       -52.416585789997086     
   1.7499999999999847       0.59906007201798939       -52.557152536753257     
   1.7549999999999846       0.59881276637272685       -52.501767122969184     
   1.7599999999999845       0.59906007201798639       -52.249067139326186     
   1.7649999999999844       0.59980174489295368       -51.800565387155245     
   1.7699999999999843       0.60103705305604449       -51.160597590299474     
   1.7749999999999841       0.60276477740724221       -50.336177696484505     
   1.7799999999999840       0.60498321289120305       -49.336769929647815     
   1.7849999999999839       0.60769017017993932       -48.173991483912189     
   1.7899999999999838       0.61088297783342205       -46.861262878065801     
   1.7949999999999837       0.61455848493596932       -45.413424349624485     
   1.7999999999999836       0.61871306420582028       -43.846336393327185     
   1.8049999999999835       0.62334261557482429       -42.176480993428903     
   1.8099999999999834       0.62844257023471251       -40.421784995114884     
   1.8149999999999833       0.63400789514596045       -38.597447282685685     
   1.8199999999999832       0.64003309800479080       -36.711832831686557     
   1.8249999999999831       0.64651223266341351       -34.779786224125672     
   1.8299999999999830       0.65343890499815571       -32.815467759934599     
   1.8349999999999829       0.66080627921968993       -30.832166191184353     
   1.8399999999999828       0.66860708461913432       -28.842151721091408     
   1.8449999999999827       0.67683362274336156       -26.856569062433319     
   1.8499999999999825       0.68547777499244533       -24.885368851170234     
   1.8549999999999824       0.69453101063173639       -22.937274510986470     
   1.8599999999999823       0.70398439521066991       -21.019780780353589     
   1.8649999999999822       0.71382859937998733       -19.139179539661093     
   1.8699999999999821       0.72405390809867765       -17.300608287741824     
   1.8749999999999820       0.73465023022155362       -15.508116577634457     
   1.8799999999999819       0.74560710845798850       -13.764745885936808     
   1.8849999999999818       0.75691372969200321       -12.072618710953053     
   1.8899999999999817       0.76855893565350375       -10.433033125338859     
   1.8949999999999816       0.78053123393015023       -8.8465595062014426     
   1.8999999999999815       0.79281880930897619       -7.3131366924792696     
   1.9049999999999814       0.80540953543657889       -5.8321653454715374     
   1.9099999999999813       0.81829098678636858       -4.4025967902076335     
   1.9149999999999812       0.83145045092105874       -3.0230160762318121     
   1.9199999999999811       0.84487494103830985       -1.6917184056629833     
   1.9249999999999809       0.85855120878713365      -0.40677842855095869     
   1.9299999999999808       0.87246575734241960       0.83388780081987035     
   1.9349999999999807       0.88660485472466644        2.0324681761797074     
   1.9399999999999806       0.90095454735179203        3.1912069855546923     
   1.9449999999999805       0.91550067380963174        4.3123641004714752     
   1.9499999999999804       0.93022887882754868        5.3981804616878328     
   1.9549999999999803       0.94512462744534687        6.4508493546671843     
   1.9599999999999802       0.96017321935752542        7.4724929363013093     
   1.9649999999999801       0.97535980342070705        8.4651434654977589     
   1.9699999999999800       0.99066939230991913        9.4307286989392818     
   1.9749999999999799        1.0060868773092770        10.459106292304410     
   1.9799999999999798        1.0215970432224613        11.618476075179316     
   1.9849999999999797        1.0371845833882820        12.784418510741151     
   1.9899999999999796        1.0528341147865015        13.960317769947519     
   1.9949999999999795        1.0685301932190203        15.149734246183790     
   1.9999999999999793        1.0842573285514352        16.356450470198752     
   2.0049999999999795        1.0999999999999348        17.584520699090543     
   2.0099999999999794        1.1157426714484346        18.838324198870584     
   2.0149999999999793        1.1314698067808506        20.122622242869642     
   2.0199999999999791        1.1471658852133697        21.442618812959140     
   2.0249999999999790        1.1628154166115896        22.804024911773947     
   2.0299999999999789        1.1784029567774099        24.213126265395129     
   2.0349999999999788        1.1939131226905957        25.676854009821795     
   2.0399999999999787        1.2093306076899546        27.202857702610380     
   2.0449999999999786        1.2246401965791676        28.799579674159045     
   2.0499999999999785        1.2398267806423495        30.476329321830988     
   2.0549999999999784        1.2548753725545301        32.243355445446127     
   2.0599999999999783        1.2697711211723295        34.111914117024106     
   2.0649999999999782        1.2844993261902471        36.094328866249825     
   2.0699999999999781        1.2990454526480892        38.204039145758735     
   2.0749999999999780        1.3133951452752164        40.455632123693121     
   2.0799999999999779        1.3275342426574652        42.864851851324090     
   2.0849999999999778        1.3414487912127522        45.448578799829448     
   2.0899999999999777        1.3551250589615789        48.224771697616575     
   2.0949999999999775        1.3685495490788320        51.212362592377275     
   2.0999999999999774        1.3817090132135237        54.431095197386348     
   2.1049999999999773        1.3945904645633158        57.901295971021668     
   2.1099999999999772        1.4071811906909215        61.643567158929990     
   2.1149999999999771        1.4194687660697500        65.678391359809510     
   2.1199999999999770        1.4314410643463986        70.025638236582722     
   2.1249999999999769        1.4430862703079026        74.703965971487662     
   2.1299999999999768        1.4543928915419200        79.730113136770896     
   2.1349999999999767        1.4653497697783577        85.118080976258241     
   2.1399999999999766        1.4759460919012362        90.878211768842291     
   2.1449999999999765        1.4861714006199302        97.016175992079781     
   2.1499999999999764        1.4960156047892508        103.53188932644106     
   2.1549999999999763        1.5054689893681872        110.41838989477634     
   2.1599999999999762        1.5145222250074819        117.66071609982913     
   2.1649999999999761        1.5231663772565691        125.23483539852927     
   2.1699999999999759        1.5313929153807999        133.10668354175840     
   2.1749999999999758        1.5391937207802473        141.23138125749833     
   2.1799999999999757        1.5465610950017856        149.55270000212408     
   2.1849999999999756        1.5534877673365315        158.00284916506658     
   2.1899999999999755        1.5599669019951574        166.50265299287094     
   2.1949999999999754        1.5659921048539918        174.96217573120597     
   2.1999999999999753        1.5715574297652437        183.28183766633319     
   2.2049999999999752        1.5766573844251357        191.35404297952823     
   2.2099999999999751        1.5812869357941435        199.06531330910610     
   2.2149999999999750        1.5854415150639984        206.29888999498388     
   2.2199999999999749        1.5891170221665498        212.93773513513318     
   2.2249999999999748        1.5923098298200364        218.86782930285494     
   2.2299999999999747        1.5950167871087766        223.98163487015893     
   2.2349999999999746        1.5972352225927415        228.18157121966146     
   2.2399999999999745        1.5989629469439435        231.38333430595810     
   2.2449999999999743        1.6001982551070384        233.51889006070124     
   2.2499999999999742        1.6009399279820098        234.53898016177794     
   2.2549999999999741        1.6011872336272734        234.41499976307108     
   2.2599999999999740        1.6009399279820149        233.14013879585329     
   2.2649999999999739        1.6001982551070486        230.72971917965521     
   2.2699999999999738        1.5989629469439588        227.22070657429546     
   2.2749999999999737        1.5972352225927620        222.67042341957276     
   2.2799999999999736        1.5950167871088021        217.15453599720689     
   2.2849999999999735        1.5923098298200671        210.76442838962879     
   2.2899999999999734        1.5891170221665853        203.60410740348198     
   2.2949999999999733        1.5854415150640391        195.78680260986280     
   2.2999999999999732        1.5812869357941892        187.43143359114646     
   2.3049999999999731        1.5766573844251861        178.65911241051373     
   2.3099999999999730        1.5715574297652988        169.58983444674678     
   2.3149999999999729        1.5659921048540515        160.33948714042438     
   2.3199999999999728        1.5599669019952225        151.01727652770685     
   2.3249999999999726        1.5534877673366005        141.72363858954594     
   2.3299999999999725        1.5465610950018593        132.54866924202511     
   2.3349999999999724        1.5391937207803261        123.57107572443542     
   2.3399999999999723        1.5313929153808827        114.85762516228648     
   2.3449999999999722        1.5231663772566564        106.46304451325187     
   2.3499999999999721        1.5145222250075734        98.430310609380868     
   2.3549999999999720        1.5054689893682833        90.791259648752273     
   2.3599999999999719        1.4960156047893505        83.567441824961350     
   2.3649999999999718        1.4861714006200339        76.771148010817782     
   2.3699999999999717        1.4759460919013438        70.406540511442643     
   2.3749999999999716        1.4653497697784692        64.470827765803193     
   2.3799999999999715        1.4543928915420350        58.955432427774873     
   2.3849999999999714        1.4430862703080209        53.847112534812297     
   2.3899999999999713        1.4314410643465212        49.129005677675202     
   2.3949999999999712        1.4194687660698753        44.781575613418958     
   2.3999999999999710        1.4071811906910501        40.783449203579295     
   2.4049999999999709        1.3945904645634473        37.112138673780358     
   2.4099999999999708        1.3817090132136589        33.744649892079700     
   2.4149999999999707        1.3685495490789694        30.657981679043264     
   2.4199999999999706        1.3551250589617188        27.829524202964976     
   2.4249999999999705        1.3414487912128954        25.237366440350637     
   2.4299999999999704        1.3275342426576100        22.860523681820684     
   2.4349999999999703        1.3133951452753636        20.679096328983992     
   2.4399999999999702        1.2990454526482385        18.674370941003392     
   2.4449999999999701        1.2844993261903992        16.828873813798676     
   2.4499999999999700        1.2697711211724827        15.126386449111449     
   2.4549999999999699        1.2548753725546846        13.551931208040052     
   2.4599999999999698        1.2398267806425056        12.091734331872738     
   2.4649999999999697        1.2246401965793252        10.733172416878245     
   2.4699999999999696        1.2093306076901134        9.4647073940551962     
   2.4749999999999694        1.1939131226907556        8.2758141183015166     
   2.4799999999999693        1.1784029567775716        7.1569038297658336     
   2.4849999999999692        1.1628154166117508        6.0992460193549993     
   2.4899999999999691        1.1471658852135316        5.0948906096545512     
   2.4949999999999690        1.1314698067810129        4.1365918464372431     
   2.4999999999999689        1.1157426714485981        3.2177348762972522     
   2.5049999999999688        1.1000000000000982        2.3322656531738697     
   2.5099999999999687        1.0842573285515984        1.4746245607045780     
   2.5149999999999686        1.0685301932191833       0.63968394888325952     
   2.5199999999999685        1.0528341147866642      -0.17731034640212551     
   2.5249999999999684        1.0371845833884443      -0.98079351152160477     
   2.5299999999999683        1.0215970432226227       -1.7749323366290006     
   2.5349999999999682        1.0060868773094378       -2.5636719130527759     
   2.5399999999999681       0.99066939231007867       -3.2234862731248648     
   2.5449999999999680       0.97535980342086537       -3.8235853119724363     
   2.5499999999999678       0.96017321935768241       -4.4543309179729746     
   2.5549999999999677       0.94512462744550152       -5.1178626360791286     
   2.5599999999999676       0.93022887882770244       -5.8163924074062292     
   2.5649999999999675       0.91550067380978462       -6.5521892912777790     
   2.5699999999999674       0.90095454735194114       -7.3275601510075514     
   2.5749999999999673       0.88660485472481443       -8.1448257771402837     
   2.5799999999999672       0.87246575734256604       -9.0062919146132838     
   2.5849999999999671       0.85855120878727698       -9.9142146706507148     
   2.5899999999999670       0.84487494103845062       -10.870759813369968     
   2.5949999999999669       0.83145045092119596       -11.877955532811704     
   2.5999999999999668       0.81829098678650380       -12.937638332545918     
   2.6049999999999667       0.80540953543671190       -14.051391857435400     
   2.6099999999999666       0.79281880930910464       -15.220478647536144     
   2.6149999999999665       0.78053123393027624       -16.445765044727192     
   2.6199999999999664       0.76855893565362710       -17.727639771259835     
   2.6249999999999662       0.75691372969212178       -19.065927049549728     
   2.6299999999999661       0.74560710845810418       -20.459795538626846     
   2.6349999999999660       0.73465023022166620       -21.907664818981122     
   2.6399999999999659       0.72405390809878578       -23.407111653272114     
   2.6449999999999658       0.71382859938009147       -24.954778768701736     
   2.6499999999999657       0.70398439521076961       -26.546289424301037     
   2.6549999999999656       0.69453101063183242       -28.176171512559428     
   2.6599999999999655       0.68547777499253715       -29.837795362740891     
   2.6649999999999654       0.67683362274344860       -31.523329720240728     
   2.6699999999999653       0.66860708461921736       -33.223720526191499     
   2.6749999999999652       0.66080627921976909       -34.928697067127693     
   2.6799999999999651       0.65343890499822954       -36.626809761857615     
   2.6849999999999650       0.64651223266348312       -38.305503265538469     
   2.6899999999999649       0.64003309800485608       -39.951227676043189     
   2.6949999999999648       0.63400789514602063       -41.549589420141729     
   2.6999999999999647       0.62844257023476802       -43.085541895057787     
   2.7049999999999645       0.62334261557487514       -44.550531579641188     
   2.7099999999999644       0.61871306420586591       -45.929186277496193     
   2.7149999999999643       0.61455848493600995       -47.203449998010257     
   2.7199999999999642       0.61088297783345746       -48.356760765868422     
   2.7249999999999641       0.60769017017996996       -49.373223374173321     
   2.7299999999999640       0.60498321289122869       -50.238006506158953     
   2.7349999999999639       0.60276477740726264       -50.937739157352944     
   2.7399999999999638       0.60103705305605981       -51.460889820651239     
   2.7449999999999637       0.59980174489296401       -51.798110405376143     
   2.7499999999999636       0.59906007201799150       -51.942526657305073     
   2.7549999999999635       0.59881276637272685       -51.889958276896017     
   2.7599999999999634       0.59906007201798428       -51.639055123462754     
   2.7649999999999633       0.59980174489294957       -51.191340669240368     
   2.7699999999999632       0.60103705305603816       -50.551159745681453     
   2.7749999999999631       0.60276477740723400       -49.725533889958065     
   2.7799999999999629       0.60498321289119272       -48.723933452761003     
   2.7849999999999628       0.60769017017992688       -47.557980357673557     
   2.7899999999999627       0.61088297783340773       -46.241098530541628     
   2.7949999999999626       0.61455848493595278       -44.788130377432736     
   2.7999999999999625       0.61871306420580163       -43.214937415517646     
   2.8049999999999624       0.62334261557480386       -41.538001605690873     
   2.8099999999999623       0.62844257023468986       -39.775248831673416     
   2.8149999999999622       0.63400789514593581       -37.941876192638361     
   2.8199999999999621       0.64003309800476471       -36.046246175903683     
   2.8249999999999620       0.64651223266338498       -34.103200298180440     
   2.8299999999999619       0.65343890499812574       -32.126895347854898     
   2.8349999999999618       0.66080627921965807       -30.130616254133486     
   2.8399999999999617       0.66860708461910012       -28.126629224375687     
   2.8449999999999616       0.67683362274332626       -26.126074943525872     
   2.8499999999999615       0.68547777499240781       -24.138900130720426     
   2.8549999999999613       0.69453101063169709       -22.173824548055549     
   2.8599999999999612       0.70398439521062950       -20.238339672397998     
   2.8649999999999611       0.71382859937994469       -18.338734667057434     
   2.8699999999999610       0.72405390809863346       -16.480145001928975     
   2.8749999999999609       0.73465023022150844       -14.666619031241119     
   2.8799999999999608       0.74560710845794120       -12.901198002559610     
   2.8849999999999607       0.75691372969195370       -11.186005291564831     
   2.8899999999999606       0.76855893565345423       -9.5223410876385106     
   2.8949999999999605       0.78053123393009871       -7.9107792525656055     
   2.8999999999999604       0.79281880930892412       -6.3512636015432653     
   2.9049999999999603       0.80540953543652538       -4.8432013817684734     
   2.9099999999999602       0.81829098678631318       -3.3855522257093731     
   2.9149999999999601       0.83145045092100300       -1.9769113170894634     
   2.9199999999999600       0.84487494103825211      -0.61558591692460918     
   2.9249999999999599       0.85855120878707503       0.70033525085498682     
   2.9299999999999597       0.87246575734236076        1.9729199609947854     
   2.9349999999999596       0.88660485472460593        3.2043377656374412     
   2.9399999999999595       0.90095454735172975        4.3968123760325266     
   2.9449999999999594       0.91550067380957034        5.5525807964636611     
   2.9499999999999593       0.93022887882748573        6.6738587642949438     
   2.9549999999999592       0.94512462744528414        7.7628119896149492     
   2.9599999999999591       0.96017321935746203        8.8215326561932308     
   2.9649999999999590       0.97535980342064221        9.8520206365435321     
   2.9699999999999589       0.99066939230985473        10.856168882527600     
   2.9749999999999588        1.0060868773092113        11.923797831874218     
   2.9799999999999587        1.0215970432223953        13.123067698893440     
   2.9849999999999586        1.0371845833882165        14.329516960448089     
   2.9899999999999585        1.0528341147864348        15.546485466892594     
   2.9949999999999584        1.0685301932189526        16.777487003829666     
   2.9999999999999583        1.0842573285513690        18.026255264388531     
