   5.0000000000000001E-003   1.1000000000000001        5.8323487343096145     
   1.0000000000000000E-002   1.1314107590781284        7.8033361443953693     
   1.4999999999999999E-002   1.1627905195293136        9.9244759136958525     
   2.0000000000000000E-002   1.1941083133185146        12.257204831169940     
   2.5000000000000001E-002   1.2253332335643046        14.879118694823433     
   3.0000000000000002E-002   1.2564344650402313        17.890328573451452     
   3.5000000000000003E-002   1.2873813145857251        21.422100883472666     
   4.0000000000000001E-002   1.3181432413965430        25.648763101299330     
   4.4999999999999998E-002   1.3486898871648554        30.804271034043509     
   4.9999999999999996E-002   1.3789911060392299        37.205436208954019     
   5.4999999999999993E-002   1.4090169943749480        45.284688074451623     
   5.9999999999999991E-002   1.4387379202452921        55.636518530552280     
   6.4999999999999988E-002   1.4681245526846787        69.083603400870985     
   6.9999999999999993E-002   1.4971478906347815        86.771270778264153     
   7.4999999999999997E-002   1.5257792915650734        110.30284916230200     
   8.0000000000000002E-002   1.5539904997395477        141.93398078032678     
   8.5000000000000006E-002   1.5817536741017164        184.85191543517337     
   9.0000000000000011E-002   1.6090414157503723        243.57702815868711     
   9.5000000000000015E-002   1.6358267949789980        324.53952086357020     
  0.10000000000000002        1.6620833778521318        436.90594260367260     
  0.10500000000000002        1.6877852522924746        593.75947572349855     
  0.11000000000000003        1.7129070536529780        813.77657154757458     
  0.11500000000000003        1.7374239897486912        1123.5917111506506     
  0.12000000000000004        1.7613118653236535        1561.1017289679310     
  0.12500000000000003        1.7845471059286901        2180.0284044156506     
  0.13000000000000003        1.8071067811865493        3056.1249911335208     
  0.13500000000000004        1.8289686274214132        4295.4628810327822     
  0.14000000000000004        1.8501110696304612        6045.2403614129407     
  0.14500000000000005        1.8705132427757909        8507.4717974043233     
  0.15000000000000005        1.8901550123756921        11955.678993800893     
  0.15500000000000005        1.9090169943749493        16754.236091922874     
  0.16000000000000006        1.9270805742745636        23379.227199751022     
  0.16500000000000006        1.9443279255020169        32438.491099144507     
  0.17000000000000007        1.9607420270039455        44686.938297346336     
  0.17500000000000007        1.9763066800438656        61031.341381549151     
  0.18000000000000008        1.9910065241883699        82516.920548950802     
  0.18500000000000008        2.0048270524660214        110286.72166485645     
  0.19000000000000009        2.0177546256839833        145504.81617197787     
  0.19500000000000009        2.0297764858882537        189236.69375657482     
  0.20000000000000009        2.0408807689542279        242285.72405964864     
  0.20500000000000010        2.0510565162951560        304993.58585682942     
  0.21000000000000010        2.0602936856769452        377024.47282123624     
  0.21500000000000011        2.0685831611286334        457165.69155407429     
  0.22000000000000011        2.0759167619387497        543187.57649102365     
  0.22500000000000012        2.0822872507286911        631809.21055571467     
  0.23000000000000012        2.0876883405951396        718809.36835675908     
  0.23500000000000013        2.0921147013144799        799302.50079589768     
  0.24000000000000013        2.0955619646030823        868169.08789316018     
  0.24500000000000013        2.0980267284282736        920594.08282522182     
  0.25000000000000011        2.0995065603657337        952635.50531235803     
  0.25500000000000012        2.1000000000000023        961727.35547014710     
  0.26000000000000012        2.0995065603657337        947024.13735623169     
  0.26500000000000012        2.0980267284282736        909519.99955369183     
  0.27000000000000013        2.0955619646030819        851918.52149319847     
  0.27500000000000013        2.0921147013144799        778278.58140955667     
  0.28000000000000014        2.0876883405951396        693504.47919449117     
  0.28500000000000014        2.0822872507286907        602773.71099890280     
  0.29000000000000015        2.0759167619387493        510998.32848195574     
  0.29500000000000015        2.0685831611286329        422397.39301603567     
  0.30000000000000016        2.0602936856769447        340225.98796003492     
  0.30500000000000016        2.0510565162951551        266670.47341123357     
  0.31000000000000016        2.0408807689542270        202889.20451007603     
  0.31500000000000017        2.0297764858882532        149158.51943081917     
  0.32000000000000017        2.0177546256839829        105076.99627186342     
  0.32500000000000018        2.0048270524660210        69784.818364366583     
  0.33000000000000018        1.9910065241883692        42165.629853462808     
  0.33500000000000019        1.9763066800438649        21011.232255094601     
  0.34000000000000019        1.9607420270039451        5141.4695122425283     
  0.34500000000000020        1.9443279255020163       -6519.3072403436117     
  0.35000000000000020        1.9270805742745631       -14902.321980144081     
  0.35500000000000020        1.9090169943749484       -20781.836104735226     
  0.36000000000000021        1.8901550123756914       -24780.846952107455     
  0.36500000000000021        1.8705132427757900       -27387.254680336300     
  0.37000000000000022        1.8501110696304606       -28974.650395818910     
  0.37500000000000022        1.8289686274214121       -29823.792846577824     
  0.38000000000000023        1.8071067811865482       -30142.449507341447     
  0.38500000000000023        1.7845471059286890       -30082.473611754900     
  0.39000000000000024        1.7613118653236524       -29753.785598074581     
  0.39500000000000024        1.7374239897486898       -29235.398661100920     
  0.40000000000000024        1.7129070536529767       -28583.863296171996     
  0.40500000000000025        1.6877852522924734       -27839.586945210085     
  0.41000000000000025        1.6620833778521305       -27031.476428148602     
  0.41500000000000026        1.6358267949789966       -26180.297805807495     
  0.42000000000000026        1.6090414157503710       -25301.079196107574     
  0.42500000000000027        1.5817536741017151       -24404.813044217677     
  0.43000000000000027        1.5539904997395464       -23499.653317640277     
  0.43500000000000028        1.5257792915650721       -22591.752870977085     
  0.44000000000000028        1.4971478906347799       -21685.846823976350     
  0.44500000000000028        1.4681245526846773       -20785.657928212608     
  0.45000000000000029        1.4387379202452903       -19894.177825126037     
  0.45500000000000029        1.4090169943749467       -19013.862098722624     
  0.46000000000000030        1.3789911060392281       -18146.765599351151     
  0.46500000000000030        1.3486898871648536       -17294.636445628003     
  0.47000000000000031        1.3181432413965415       -16458.981461720054     
  0.47500000000000031        1.2873813145857234       -15641.111876233055     
  0.48000000000000032        1.2564344650402297       -14842.175386128783     
  0.48500000000000032        1.2253332335643026       -14063.178808697323     
  0.49000000000000032        1.1941083133185129       -13305.004248311887     
  0.49500000000000033        1.1627905195293116       -12568.420811881882     
  0.50000000000000033        1.1314107590781266       -11854.093292303904     
  0.50500000000000034        1.0999999999999981       -11162.588816380283     
  0.51000000000000034        1.0685892409218698       -10494.382163321987     
  0.51500000000000035        1.0372094804706844       -9849.8602615137315     
  0.52000000000000035        1.0058916866814835       -9229.3262370538832     
  0.52500000000000036       0.97466676643569339       -8632.6786288149888     
  0.53000000000000036       0.94356553495976681       -8060.4033643353714     
  0.53500000000000036       0.91261868541427327       -7512.6539096895513     
  0.54000000000000037       0.88185675860345492       -6989.4332731485565     
  0.54500000000000037       0.85131011283514280       -6490.6834640276838     
  0.55000000000000038       0.82100889396076804       -6016.2902452472226     
  0.55500000000000038       0.79098300562505008       -5566.0887245291169     
  0.56000000000000039       0.76126207975470583       -5139.8699632943844     
  0.56500000000000039       0.73187544731531939       -4737.3888448144789     
  0.57000000000000040       0.70285210936521647       -4358.3735276885600     
  0.57500000000000040       0.67422070843492454       -4002.5369253025997     
  0.58000000000000040       0.64600950026045012       -3669.5908076430651     
  0.58500000000000041       0.61824632589828177       -3359.2861753819816     
  0.59000000000000041       0.59095858424962555       -3071.6129066782432     
  0.59500000000000042       0.56417320502100032       -2806.6800500318400     
  0.60000000000000042       0.53791662214786617       -2565.0912424282305     
  0.60500000000000043       0.51221474770752373       -2349.1452223966107     
  0.61000000000000043       0.48709294634702049       -2168.8996699771819     
  0.61500000000000044       0.46257601025130712       -2089.2252888387793     
  0.62000000000000044       0.43868813467634504       -2903.1662874155863     
  0.62500000000000044       0.41545289407130814       -32569.340737603186     
  0.63000000000000045       0.39289321881344941       -6480247.3720163852     
  0.63500000000000045       0.37103137257858532       -41363529184.972183     
  0.64000000000000046       0.34988893036953728       -89988966668987856.     
  0.64500000000000046       0.32948675722420750       -4.2509208745315947E+027
  0.65000000000000047       0.30984498762430657       -5.7823017539590748E+045
  0.65500000000000047       0.29098300562504953       -6.1535652385247642E+076
  0.66000000000000048       0.27291942572543482       -1.6209915753309387E+130
  0.66500000000000048       0.25567207449798179       -4.8786319685003798E+222
  0.67000000000000048       0.23925797299605334                            NaN
  0.67500000000000049       0.22369331995613351                            NaN
  0.68000000000000049       0.20899347581162930                            NaN
  0.68500000000000050       0.19517294753397740                            NaN
  0.69000000000000050       0.18224537431601584                            NaN
  0.69500000000000051       0.17022351411174574                            NaN
  0.70000000000000051       0.15911923104577186                            NaN
  0.70500000000000052       0.14894348370484356                            NaN
  0.71000000000000052       0.13970631432305425                            NaN
  0.71500000000000052       0.13141683887136635                            NaN
  0.72000000000000053       0.12408323806125010                            NaN
  0.72500000000000053       0.11771274927130870                            NaN
  0.73000000000000054       0.11231165940485988                            NaN
  0.73500000000000054       0.10788529868551988                            NaN
  0.74000000000000055       0.10443803539691776                            NaN
  0.74500000000000055       0.10197327157172631                            NaN
  0.75000000000000056       0.10049343963426638                            NaN
  0.75500000000000056        9.9999999999998090E-002                       NaN
  0.76000000000000056       0.10049343963426660                            NaN
  0.76500000000000057       0.10197327157172675                            NaN
  0.77000000000000057       0.10443803539691843                            NaN
  0.77500000000000058       0.10788529868552066                            NaN
  0.78000000000000058       0.11231165940486088                            NaN
  0.78500000000000059       0.11771274927131004                            NaN
  0.79000000000000059       0.12408323806125154                            NaN
  0.79500000000000060       0.13141683887136801                            NaN
  0.80000000000000060       0.13970631432305614                            NaN
  0.80500000000000060       0.14894348370484567                            NaN
  0.81000000000000061       0.15911923104577386                            NaN
  0.81500000000000061       0.17022351411174819                            NaN
  0.82000000000000062       0.18224537431601850                            NaN
  0.82500000000000062       0.19517294753398029                            NaN
  0.83000000000000063       0.20899347581163197                            NaN
  0.83500000000000063       0.22369331995613662                            NaN
  0.84000000000000064       0.23925797299605678                            NaN
  0.84500000000000064       0.25567207449798535                            NaN
  0.85000000000000064       0.27291942572543859                            NaN
  0.85500000000000065       0.29098300562505341                            NaN
  0.86000000000000065       0.30984498762431056                            NaN
  0.86500000000000066       0.32948675722421172                            NaN
  0.87000000000000066       0.34988893036954138                            NaN
  0.87500000000000067       0.37103137257858954                            NaN
  0.88000000000000067       0.39289321881345407                            NaN
  0.88500000000000068       0.41545289407131303                            NaN
  0.89000000000000068       0.43868813467634982                            NaN
  0.89500000000000068       0.46257601025131201                            NaN
  0.90000000000000069       0.48709294634702582                            NaN
  0.90500000000000069       0.51221474770752917                            NaN
  0.91000000000000070       0.53791662214787173                            NaN
  0.91500000000000070       0.56417320502100565                            NaN
  0.92000000000000071       0.59095858424963177                            NaN
  0.92500000000000071       0.61824632589828776                            NaN
  0.93000000000000071       0.64600950026045623                            NaN
  0.93500000000000072       0.67422070843493032                            NaN
  0.94000000000000072       0.70285210936522224                            NaN
  0.94500000000000073       0.73187544731532572                            NaN
  0.95000000000000073       0.76126207975471227                            NaN
  0.95500000000000074       0.79098300562505608                            NaN
  0.96000000000000074       0.82100889396077426                            NaN
  0.96500000000000075       0.85131011283514946                            NaN
  0.97000000000000075       0.88185675860346158                            NaN
  0.97500000000000075       0.91261868541427937                            NaN
  0.98000000000000076       0.94356553495977302                            NaN
  0.98500000000000076       0.97466676643570049                            NaN
  0.99000000000000077        1.0058916866814902                            NaN
  0.99500000000000077        1.0372094804706911                            NaN
   1.0000000000000007        1.0685892409218760                            NaN
   1.0050000000000006        1.1000000000000043                            NaN
   1.0100000000000005        1.1314107590781315                            NaN
   1.0150000000000003        1.1627905195293164                            NaN
   1.0200000000000002        1.1941083133185164                            NaN
   1.0250000000000001        1.2253332335643055                            NaN
   1.0300000000000000        1.2564344650402319                            NaN
   1.0349999999999999        1.2873813145857247                            NaN
   1.0399999999999998        1.3181432413965424                            NaN
   1.0449999999999997        1.3486898871648538                            NaN
   1.0499999999999996        1.3789911060392281                            NaN
   1.0549999999999995        1.4090169943749453                            NaN
   1.0599999999999994        1.4387379202452892                            NaN
   1.0649999999999993        1.4681245526846749                            NaN
   1.0699999999999992        1.4971478906347775                            NaN
   1.0749999999999991        1.5257792915650688                            NaN
   1.0799999999999990        1.5539904997395420                            NaN
   1.0849999999999989        1.5817536741017104                            NaN
   1.0899999999999987        1.6090414157503656                            NaN
   1.0949999999999986        1.6358267949789913                            NaN
   1.0999999999999985        1.6620833778521245                            NaN
   1.1049999999999984        1.6877852522924672                            NaN
   1.1099999999999983        1.7129070536529698                            NaN
   1.1149999999999982        1.7374239897486832                            NaN
   1.1199999999999981        1.7613118653236448                            NaN
   1.1249999999999980        1.7845471059286810                            NaN
   1.1299999999999979        1.8071067811865400                            NaN
   1.1349999999999978        1.8289686274214036                            NaN
   1.1399999999999977        1.8501110696304519                            NaN
   1.1449999999999976        1.8705132427757811                            NaN
   1.1499999999999975        1.8901550123756827                            NaN
   1.1549999999999974        1.9090169943749395                            NaN
   1.1599999999999973        1.9270805742745543                            NaN
   1.1649999999999971        1.9443279255020074                            NaN
   1.1699999999999970        1.9607420270039360                            NaN
   1.1749999999999969        1.9763066800438565                            NaN
   1.1799999999999968        1.9910065241883608                            NaN
   1.1849999999999967        2.0048270524660130                            NaN
   1.1899999999999966        2.0177546256839749                            NaN
   1.1949999999999965        2.0297764858882457                            NaN
   1.1999999999999964        2.0408807689542199                            NaN
   1.2049999999999963        2.0510565162951488                            NaN
   1.2099999999999962        2.0602936856769385                            NaN
   1.2149999999999961        2.0685831611286272                            NaN
   1.2199999999999960        2.0759167619387440                            NaN
   1.2249999999999959        2.0822872507286858                            NaN
   1.2299999999999958        2.0876883405951356                            NaN
   1.2349999999999957        2.0921147013144763                            NaN
   1.2399999999999956        2.0955619646030796                            NaN
   1.2449999999999954        2.0980267284282719                            NaN
   1.2499999999999953        2.0995065603657328                            NaN
   1.2549999999999952        2.1000000000000023                            NaN
   1.2599999999999951        2.0995065603657346                            NaN
   1.2649999999999950        2.0980267284282754                            NaN
   1.2699999999999949        2.0955619646030850                            NaN
   1.2749999999999948        2.0921147013144838                            NaN
   1.2799999999999947        2.0876883405951450                            NaN
   1.2849999999999946        2.0822872507286969                            NaN
   1.2899999999999945        2.0759167619387568                            NaN
   1.2949999999999944        2.0685831611286418                            NaN
   1.2999999999999943        2.0602936856769549                            NaN
   1.3049999999999942        2.0510565162951666                            NaN
   1.3099999999999941        2.0408807689542403                            NaN
   1.3149999999999940        2.0297764858882674                            NaN
   1.3199999999999938        2.0177546256839984                            NaN
   1.3249999999999937        2.0048270524660379                            NaN
   1.3299999999999936        1.9910065241883881                            NaN
   1.3349999999999935        1.9763066800438849                            NaN
   1.3399999999999934        1.9607420270039659                            NaN
   1.3449999999999933        1.9443279255020387                            NaN
   1.3499999999999932        1.9270805742745876                            NaN
   1.3549999999999931        1.9090169943749744                            NaN
   1.3599999999999930        1.8901550123757185                            NaN
   1.3649999999999929        1.8705132427758198                            NaN
   1.3699999999999928        1.8501110696304912                            NaN
   1.3749999999999927        1.8289686274214443                            NaN
   1.3799999999999926        1.8071067811865813                            NaN
   1.3849999999999925        1.7845471059287248                            NaN
   1.3899999999999924        1.7613118653236892                            NaN
   1.3949999999999922        1.7374239897487280                            NaN
   1.3999999999999921        1.7129070536530171                            NaN
   1.4049999999999920        1.6877852522925150                            NaN
   1.4099999999999919        1.6620833778521733                            NaN
   1.4149999999999918        1.6358267949790404                            NaN
   1.4199999999999917        1.6090414157504176                            NaN
   1.4249999999999916        1.5817536741017624                            NaN
   1.4299999999999915        1.5539904997395948                            NaN
   1.4349999999999914        1.5257792915651214                            NaN
   1.4399999999999913        1.4971478906348319                            NaN
   1.4449999999999912        1.4681245526847300                            NaN
   1.4499999999999911        1.4387379202453441                            NaN
   1.4549999999999910        1.4090169943750026                            NaN
   1.4599999999999909        1.3789911060392850                            NaN
   1.4649999999999908        1.3486898871649111                            NaN
   1.4699999999999906        1.3181432413965994                            NaN
   1.4749999999999905        1.2873813145857838                            NaN
   1.4799999999999904        1.2564344650402903                            NaN
   1.4849999999999903        1.2253332335643641                            NaN
   1.4899999999999902        1.1941083133185764                            NaN
   1.4949999999999901        1.1627905195293757                            NaN
   1.4999999999999900        1.1314107590781908                            NaN
   1.5049999999999899        1.1000000000000627                            NaN
   1.5099999999999898        1.0685892409219362                            NaN
   1.5149999999999897        1.0372094804707510                            NaN
   1.5199999999999896        1.0058916866815502                            NaN
   1.5249999999999895       0.97466676643576011                            NaN
   1.5299999999999894       0.94356553495983508                            NaN
   1.5349999999999893       0.91261868541434110                            NaN
   1.5399999999999892       0.88185675860352286                            NaN
   1.5449999999999890       0.85131011283521196                            NaN
   1.5499999999999889       0.82100889396083709                            NaN
   1.5549999999999888       0.79098300562511836                            NaN
   1.5599999999999887       0.76126207975477378                            NaN
   1.5649999999999886       0.73187544731538812                            NaN
   1.5699999999999885       0.70285210936528475                            NaN
   1.5749999999999884       0.67422070843499193                            NaN
   1.5799999999999883       0.64600950026051684                            NaN
   1.5849999999999882       0.61824632589834894                            NaN
   1.5899999999999881       0.59095858424969183                            NaN
   1.5949999999999880       0.56417320502106538                            NaN
   1.5999999999999879       0.53791662214793168                            NaN
   1.6049999999999878       0.51221474770758779                            NaN
   1.6099999999999877       0.48709294634708311                            NaN
   1.6149999999999876       0.46257601025136852                            NaN
   1.6199999999999875       0.43868813467640622                            NaN
   1.6249999999999873       0.41545289407136787                            NaN
   1.6299999999999872       0.39289321881350725                            NaN
   1.6349999999999871       0.37103137257864283                            NaN
   1.6399999999999870       0.34988893036959290                            NaN
   1.6449999999999869       0.32948675722426146                            NaN
   1.6499999999999868       0.30984498762435841                            NaN
   1.6549999999999867       0.29098300562510027                            NaN
   1.6599999999999866       0.27291942572548389                            NaN
   1.6649999999999865       0.25567207449802842                            NaN
   1.6699999999999864       0.23925797299609775                            NaN
   1.6749999999999863       0.22369331995617636                            NaN
   1.6799999999999862       0.20899347581166983                            NaN
   1.6849999999999861       0.19517294753401571                            NaN
   1.6899999999999860       0.18224537431605226                            NaN
   1.6949999999999859       0.17022351411177949                            NaN
   1.6999999999999857       0.15911923104580294                            NaN
   1.7049999999999856       0.14894348370487220                            NaN
   1.7099999999999855       0.13970631432308056                            NaN
   1.7149999999999854       0.13141683887138977                            NaN
   1.7199999999999853       0.12408323806127064                            NaN
   1.7249999999999852       0.11771274927132691                            NaN
   1.7299999999999851       0.11231165940487498                            NaN
   1.7349999999999850       0.10788529868553198                            NaN
   1.7399999999999849       0.10443803539692698                            NaN
   1.7449999999999848       0.10197327157173253                            NaN
   1.7499999999999847       0.10049343963426960                            NaN
   1.7549999999999846        9.9999999999998090E-002                       NaN
   1.7599999999999845       0.10049343963426349                            NaN
   1.7649999999999844       0.10197327157172031                            NaN
   1.7699999999999843       0.10443803539690877                            NaN
   1.7749999999999841       0.10788529868550789                            NaN
   1.7799999999999840       0.11231165940484455                            NaN
   1.7849999999999839       0.11771274927129050                            NaN
   1.7899999999999838       0.12408323806122867                            NaN
   1.7949999999999837       0.13141683887134192                            NaN
   1.7999999999999836       0.13970631432302627                            NaN
   1.8049999999999835       0.14894348370481270                            NaN
   1.8099999999999834       0.15911923104573755                            NaN
   1.8149999999999833       0.17022351411170789                            NaN
   1.8199999999999832       0.18224537431597498                            NaN
   1.8249999999999831       0.19517294753393366                            NaN
   1.8299999999999830       0.20899347581158223                            NaN
   1.8349999999999829       0.22369331995608266                            NaN
   1.8399999999999828       0.23925797299599971                            NaN
   1.8449999999999827       0.25567207449792517                            NaN
   1.8499999999999825       0.27291942572537553                            NaN
   1.8549999999999824       0.29098300562498602                            NaN
   1.8599999999999823       0.30984498762424029                            NaN
   1.8649999999999822       0.32948675722413856                            NaN
   1.8699999999999821       0.34988893036946433                            NaN
   1.8749999999999820       0.37103137257850971                            NaN
   1.8799999999999819       0.39289321881337103                            NaN
   1.8849999999999818       0.41545289407122743                            NaN
   1.8899999999999817       0.43868813467626033                            NaN
   1.8949999999999816       0.46257601025122008                            NaN
   1.8999999999999815       0.48709294634693090                            NaN
   1.9049999999999814       0.51221474770743058                            NaN
   1.9099999999999813       0.53791662214777092                            NaN
   1.9149999999999812       0.56417320502090273                            NaN
   1.9199999999999811       0.59095858424952608                            NaN
   1.9249999999999809       0.61824632589817852                            NaN
   1.9299999999999808       0.64600950026034520                            NaN
   1.9349999999999807       0.67422070843481752                            NaN
   1.9399999999999806       0.70285210936510789                            NaN
   1.9449999999999805       0.73187544731520737                            NaN
   1.9499999999999804       0.76126207975459237                            NaN
   1.9549999999999803       0.79098300562493495                            NaN
   1.9599999999999802       0.82100889396065024                            NaN
   1.9649999999999801       0.85131011283502356                            NaN
   1.9699999999999800       0.88185675860333479                            NaN
   1.9749999999999799       0.91261868541415181                            NaN
   1.9799999999999798       0.94356553495964302                            NaN
   1.9849999999999797       0.97466676643556893                            NaN
   1.9899999999999796        1.0058916866813583                            NaN
   1.9949999999999795        1.0372094804705587                            NaN
   1.9999999999999793        1.0685892409217419                            NaN
   2.0049999999999795        1.0999999999998700                            NaN
   2.0099999999999794        1.1314107590779983                            NaN
   2.0149999999999793        1.1627905195291834                            NaN
   2.0199999999999791        1.1941083133183845                            NaN
   2.0249999999999790        1.2253332335641747                            NaN
   2.0299999999999789        1.2564344650401000                            NaN
   2.0349999999999788        1.2873813145855943                            NaN
   2.0399999999999787        1.3181432413964131                            NaN
   2.0449999999999786        1.3486898871647262                            NaN
   2.0499999999999785        1.3789911060390998                            NaN
   2.0549999999999784        1.4090169943748192                            NaN
   2.0599999999999783        1.4387379202451644                            NaN
   2.0649999999999782        1.4681245526845508                            NaN
   2.0699999999999781        1.4971478906346549                            NaN
   2.0749999999999780        1.5257792915649486                            NaN
   2.0799999999999779        1.5539904997394247                            NaN
   2.0849999999999778        1.5817536741015936                            NaN
   2.0899999999999777        1.6090414157502515                            NaN
   2.0949999999999775        1.6358267949788794                            NaN
   2.0999999999999774        1.6620833778520141                            NaN
   2.1049999999999773        1.6877852522923591                            NaN
   2.1099999999999772        1.7129070536528650                            NaN
   2.1149999999999771        1.7374239897485810                            NaN
   2.1199999999999770        1.7613118653235447                            NaN
   2.1249999999999769        1.7845471059285845                            NaN
   2.1299999999999768        1.8071067811864463                            NaN
   2.1349999999999767        1.8289686274213135                            NaN
   2.1399999999999766        1.8501110696303638                            NaN
   2.1449999999999765        1.8705132427756967                            NaN
   2.1499999999999764        1.8901550123756015                            NaN
   2.1549999999999763        1.9090169943748612                            NaN
   2.1599999999999762        1.9270805742744792                            NaN
   2.1649999999999761        1.9443279255019363                            NaN
   2.1699999999999759        1.9607420270038689                            NaN
   2.1749999999999758        1.9763066800437921                            NaN
   2.1799999999999757        1.9910065241883004                            NaN
   2.1849999999999756        2.0048270524659566                            NaN
   2.1899999999999755        2.0177546256839216                            NaN
   2.1949999999999754        2.0297764858881964                            NaN
   2.1999999999999753        2.0408807689541750                            NaN
   2.2049999999999752        2.0510565162951075                            NaN
   2.2099999999999751        2.0602936856769012                            NaN
   2.2149999999999750        2.0685831611285939                            NaN
   2.2199999999999749        2.0759167619387151                            NaN
   2.2249999999999748        2.0822872507286614                            NaN
   2.2299999999999747        2.0876883405951148                            NaN
   2.2349999999999746        2.0921147013144599                            NaN
   2.2399999999999745        2.0955619646030672                            NaN
   2.2449999999999743        2.0980267284282634                            NaN
   2.2499999999999742        2.0995065603657288                            NaN
   2.2549999999999741        2.1000000000000023                            NaN
   2.2599999999999740        2.0995065603657386                            NaN
   2.2649999999999739        2.0980267284282839                            NaN
   2.2699999999999738        2.0955619646030978                            NaN
   2.2749999999999737        2.0921147013145007                            NaN
   2.2799999999999736        2.0876883405951654                            NaN
   2.2849999999999735        2.0822872507287222                            NaN
   2.2899999999999734        2.0759167619387862                            NaN
   2.2949999999999733        2.0685831611286747                            NaN
   2.2999999999999732        2.0602936856769922                            NaN
   2.3049999999999731        2.0510565162952079                            NaN
   2.3099999999999730        2.0408807689542847                            NaN
   2.3149999999999729        2.0297764858883158                            NaN
   2.3199999999999728        2.0177546256840513                            NaN
   2.3249999999999726        2.0048270524660943                            NaN
   2.3299999999999725        1.9910065241884478                            NaN
   2.3349999999999724        1.9763066800439493                            NaN
   2.3399999999999723        1.9607420270040339                            NaN
   2.3449999999999722        1.9443279255021102                            NaN
   2.3499999999999721        1.9270805742746617                            NaN
   2.3549999999999720        1.9090169943750528                            NaN
   2.3599999999999719        1.8901550123758002                            NaN
   2.3649999999999718        1.8705132427759037                            NaN
   2.3699999999999717        1.8501110696305783                            NaN
   2.3749999999999716        1.8289686274215355                            NaN
   2.3799999999999715        1.8071067811866759                            NaN
   2.3849999999999714        1.7845471059288207                            NaN
   2.3899999999999713        1.7613118653237891                            NaN
   2.3949999999999712        1.7374239897488308                            NaN
   2.3999999999999710        1.7129070536531215                            NaN
   2.4049999999999709        1.6877852522926216                            NaN
   2.4099999999999708        1.6620833778522837                            NaN
   2.4149999999999707        1.6358267949791532                            NaN
   2.4199999999999706        1.6090414157505308                            NaN
   2.4249999999999705        1.5817536741018794                            NaN
   2.4299999999999704        1.5539904997397138                            NaN
   2.4349999999999703        1.5257792915652422                            NaN
   2.4399999999999702        1.4971478906349527                            NaN
   2.4449999999999701        1.4681245526848541                            NaN
   2.4499999999999700        1.4387379202454698                            NaN
   2.4549999999999699        1.4090169943751278                            NaN
   2.4599999999999698        1.3789911060394116                            NaN
   2.4649999999999697        1.3486898871650403                            NaN
   2.4699999999999696        1.3181432413967298                            NaN
   2.4749999999999694        1.2873813145859130                            NaN
   2.4799999999999693        1.2564344650404222                            NaN
   2.4849999999999692        1.2253332335644966                            NaN
   2.4899999999999691        1.1941083133187074                            NaN
   2.4949999999999690        1.1627905195295072                            NaN
   2.4999999999999689        1.1314107590783242                            NaN
   2.5049999999999688        1.1000000000001962                            NaN
   2.5099999999999687        1.0685892409220679                            NaN
   2.5149999999999686        1.0372094804708842                            NaN
   2.5199999999999685        1.0058916866816829                            NaN
   2.5249999999999684       0.97466676643589256                            NaN
   2.5299999999999683       0.94356553495996520                            NaN
   2.5349999999999682       0.91261868541447222                            NaN
   2.5399999999999681       0.88185675860365309                            NaN
   2.5449999999999680       0.85131011283533953                            NaN
   2.5499999999999678       0.82100889396096344                            NaN
   2.5549999999999677       0.79098300562524360                            NaN
   2.5599999999999676       0.76126207975489935                            NaN
   2.5649999999999675       0.73187544731551224                            NaN
   2.5699999999999674       0.70285210936540565                            NaN
   2.5749999999999673       0.67422070843511261                            NaN
   2.5799999999999672       0.64600950026063741                            NaN
   2.5849999999999671       0.61824632589846440                            NaN
   2.5899999999999670       0.59095858424980685                            NaN
   2.5949999999999669       0.56417320502117663                            NaN
   2.5999999999999668       0.53791662214804070                            NaN
   2.6049999999999667       0.51221474770769582                            NaN
   2.6099999999999666       0.48709294634718725                            NaN
   2.6149999999999665       0.46257601025147144                            NaN
   2.6199999999999664       0.43868813467650636                            NaN
   2.6249999999999662       0.41545289407146391                            NaN
   2.6299999999999661       0.39289321881360173                            NaN
   2.6349999999999660       0.37103137257873420                            NaN
   2.6399999999999659       0.34988893036968005                            NaN
   2.6449999999999658       0.32948675722434650                            NaN
   2.6499999999999657       0.30984498762443913                            NaN
   2.6549999999999656       0.29098300562517776                            NaN
   2.6599999999999655       0.27291942572555883                            NaN
   2.6649999999999654       0.25567207449809903                            NaN
   2.6699999999999653       0.23925797299616569                            NaN
   2.6749999999999652       0.22369331995624064                            NaN
   2.6799999999999651       0.20899347581172956                            NaN
   2.6849999999999650       0.19517294753407255                            NaN
   2.6899999999999649       0.18224537431610532                            NaN
   2.6949999999999648       0.17022351411182801                            NaN
   2.6999999999999647       0.15911923104584813                            NaN
   2.7049999999999645       0.14894348370491395                            NaN
   2.7099999999999644       0.13970631432311731                            NaN
   2.7149999999999643       0.13141683887142297                            NaN
   2.7199999999999642       0.12408323806129939                            NaN
   2.7249999999999641       0.11771274927135156                            NaN
   2.7299999999999640       0.11231165940489585                            NaN
   2.7349999999999639       0.10788529868554853                            NaN
   2.7399999999999638       0.10443803539693952                            NaN
   2.7449999999999637       0.10197327157174096                            NaN
   2.7499999999999636       0.10049343963427371                            NaN
   2.7549999999999635        9.9999999999998090E-002                       NaN
   2.7599999999999634       0.10049343963425927                            NaN
   2.7649999999999633       0.10197327157171210                            NaN
   2.7699999999999632       0.10443803539689622                            NaN
   2.7749999999999631       0.10788529868549135                            NaN
   2.7799999999999629       0.11231165940482402                            NaN
   2.7849999999999628       0.11771274927126552                            NaN
   2.7899999999999627       0.12408323806119992                            NaN
   2.7949999999999626       0.13141683887130873                            NaN
   2.7999999999999625       0.13970631432298908                            NaN
   2.8049999999999624       0.14894348370477195                            NaN
   2.8099999999999623       0.15911923104569237                            NaN
   2.8149999999999622       0.17022351411165881                            NaN
   2.8199999999999621       0.18224537431592280                            NaN
   2.8249999999999620       0.19517294753387682                            NaN
   2.8299999999999619       0.20899347581152250                            NaN
   2.8349999999999618       0.22369331995601915                            NaN
   2.8399999999999617       0.23925797299593177                            NaN
   2.8449999999999616       0.25567207449785467                            NaN
   2.8499999999999615       0.27291942572530059                            NaN
   2.8549999999999613       0.29098300562490753                            NaN
   2.8599999999999612       0.30984498762415957                            NaN
   2.8649999999999611       0.32948675722405352                            NaN
   2.8699999999999610       0.34988893036937607                            NaN
   2.8749999999999609       0.37103137257841956                            NaN
   2.8799999999999608       0.39289321881327666                            NaN
   2.8849999999999607       0.41545289407112873                            NaN
   2.8899999999999606       0.43868813467616152                            NaN
   2.8949999999999605       0.46257601025111728                            NaN
   2.8999999999999604       0.48709294634682687                            NaN
   2.9049999999999603       0.51221474770732389                            NaN
   2.9099999999999602       0.53791662214766045                            NaN
   2.9149999999999601       0.56417320502079149                            NaN
   2.9199999999999600       0.59095858424941106                            NaN
   2.9249999999999599       0.61824632589806150                            NaN
   2.9299999999999597       0.64600950026022774                            NaN
   2.9349999999999596       0.67422070843469672                            NaN
   2.9399999999999595       0.70285210936498377                            NaN
   2.9449999999999594       0.73187544731508491                            NaN
   2.9499999999999593       0.76126207975446691                            NaN
   2.9549999999999592       0.79098300562480972                            NaN
   2.9599999999999591       0.82100889396052379                            NaN
   2.9649999999999590       0.85131011283489433                            NaN
   2.9699999999999589       0.88185675860320623                            NaN
   2.9749999999999588       0.91261868541402069                            NaN
   2.9799999999999587       0.94356553495951112                            NaN
   2.9849999999999586       0.97466676643543826                            NaN
   2.9899999999999585        1.0058916866812253                            NaN
   2.9949999999999584        1.0372094804704237                            NaN
   2.9999999999999583        1.0685892409216102                            NaN
