   3.3333333333333335E-003   1.1000000000000001        6.2823730318752045     
   6.6666666666666671E-003   1.1009354635341833        6.3348891101759461     
   1.0000000000000000E-002   1.1018705167431431        6.3873981275561338     
   1.3333333333333334E-002   1.1028047494816380        6.4398720523023263     
   1.6666666666666666E-002   1.1037377519643126        6.4922827208154059     
   2.0000000000000000E-002   1.1046691149454417        6.5446018483337545     
   2.3333333333333334E-002   1.1055984298984400        6.5968010400041042     
   2.6666666666666668E-002   1.1065252891950550        6.6488518023036942     
   3.0000000000000002E-002   1.1074492862841663        6.7007255548176712     
   3.3333333333333333E-002   1.1083700158701122        6.7523936423743347     
   3.6666666666666667E-002   1.1092870740904659        6.8038273475407536     
   4.0000000000000001E-002   1.1102000586931826        6.8549979034802382     
   4.3333333333333335E-002   1.1111085692130416        6.9058765071724313     
   4.6666666666666669E-002   1.1120122071473020        6.9564343329965075     
   5.0000000000000003E-002   1.1129105761305005        7.0066425466761642     
   5.3333333333333337E-002   1.1138032821083097        7.0564723195855974     
   5.6666666666666671E-002   1.1146899335103833        7.1058948434132105     
   6.0000000000000005E-002   1.1155701414221124        7.1548813451805202     
   6.3333333333333339E-002   1.1164435197552158        7.2034031026110839     
   6.6666666666666666E-002   1.1173096854170914        7.2514314598447740     
   6.9999999999999993E-002   1.1181682584788524        7.2989378434904637     
   7.3333333333333320E-002   1.1190188623419779        7.3458937790100531     
   7.6666666666666647E-002   1.1198611239035012        7.3922709074250186     
   7.9999999999999974E-002   1.1206946737196639        7.4380410023357220     
   8.3333333333333301E-002   1.1215191461679679        7.4831759872429418     
   8.6666666666666628E-002   1.1223341796075483        7.5276479531591578     
   8.9999999999999955E-002   1.1231394165378010        7.5714291764965793     
   9.3333333333333282E-002   1.1239345037551958        7.6144921372175807     
   9.6666666666666609E-002   1.1247190925082005        7.6568095372315117     
   9.9999999999999936E-002   1.1254928386502574        7.6983543190214085     
  0.10333333333333326        1.1262554027907363        7.7390996844823032     
  0.10666666666666659        1.1270064504438020        7.7790191139517626     
  0.10999999999999992        1.1277456521751315        7.8180863854122959     
  0.11333333333333324        1.1284726837464145        7.8562755938438391     
  0.11666666666666657        1.1291872262575753        7.8935611707033591     
  0.11999999999999990        1.1298889662866527        7.9299179035078593     
  0.12333333333333323        1.1305775960272773        7.9653209554950983     
  0.12666666666666657        1.1312528134236852        7.9997458853364112     
  0.12999999999999989        1.1319143223032107        8.0331686668741185     
  0.13333333333333322        1.1325618325061955        8.0655657088549582     
  0.13666666666666655        1.1331950600132643        8.0969138746311291     
  0.13999999999999987        1.1338137270699045        8.1271905017982764     
  0.14333333333333320        1.1344175623082977        8.1563734217396338     
  0.14666666666666653        1.1350063008663513        8.1844409790450392     
  0.14999999999999986        1.1355796845038761        8.2113720507724306     
  0.15333333333333318        1.1361374617158577        8.2371460655186350     
  0.15666666666666651        1.1366793878427766        8.2617430222668791     
  0.15999999999999984        1.1372052251779226        8.2851435089763168     
  0.16333333333333316        1.1377147430716612        8.3073287208803404     
  0.16666666666666649        1.1382077180326047        8.3282804784588667     
  0.16999999999999982        1.1386839338256423        8.3479812450504607     
  0.17333333333333314        1.1391431815667878        8.3664141440696440     
  0.17666666666666647        1.1395852598148040        8.3835629757954653     
  0.17999999999999980        1.1400099746595604        8.3994122336966264     
  0.18333333333333313        1.1404171398070890        8.4139471202599019     
  0.18666666666666645        1.1408065766612994        8.4271535622882539     
  0.18999999999999978        1.1411781144023161        8.4390182256356709     
  0.19333333333333311        1.1415315900614065        8.4495285293468427     
  0.19666666666666643        1.1418668485924641        8.4586726591700003     
  0.19999999999999976        1.1421837429400166        8.4664395804124766     
  0.20333333333333309        1.1424821341037301        8.4728190501096279     
  0.20666666666666642        1.1427618911993780        8.4778016284782449     
  0.20999999999999974        1.1430228915162521        8.4813786896278014     
  0.21333333333333307        1.1432650205709873        8.4835424315029950     
  0.21666666666666640        1.1434881721577779        8.4842858850337599     
  0.21999999999999972        1.1436922483949623        8.4836029224690961     
  0.22333333333333305        1.1438771597679585        8.4814882648738941     
  0.22666666666666638        1.1440428251685268        8.4779374887686529     
  0.22999999999999970        1.1441891719303472        8.4729470318944156     
  0.23333333333333303        1.1443161358608931        8.4665141980867133     
  0.23666666666666636        1.1444236612695886        8.4586371612443436     
  0.23999999999999969        1.1445117009922354        8.4493149683809676     
  0.24333333333333301        1.1445802164117016        8.4385475417491040     
  0.24666666666666634        1.1446291774748596        8.4263356800284779     
  0.24999999999999967        1.1446585627057690        8.4126810585730940     
  0.25333333333333302        1.1446683592150964        8.3975862287126120     
  0.25666666666666638        1.1446585627057690        8.3810546161068302     
  0.25999999999999973        1.1446291774748596        8.3630905181535482     
  0.26333333333333309        1.1445802164117016        8.3436991004526284     
  0.26666666666666644        1.1445117009922354        8.3228863923309824     
  0.26999999999999980        1.1444236612695886        8.3006592814357862     
  0.27333333333333315        1.1443161358608931        8.2770255074046535     
  0.27666666666666651        1.1441891719303472        8.2519936546245969     
  0.27999999999999986        1.1440428251685268        8.2255731440928912     
  0.28333333333333321        1.1438771597679585        8.1977742243951486     
  0.28666666666666657        1.1436922483949623        8.1686079618183012     
  0.28999999999999992        1.1434881721577779        8.1380862296176186     
  0.29333333333333328        1.1432650205709873        8.1062216964589311     
  0.29666666666666663        1.1430228915162521        8.0730278140591665     
  0.29999999999999999        1.1427618911993780        8.0385188040495645     
  0.30333333333333334        1.1424821341037301        8.0027096440882506     
  0.30666666666666670        1.1421837429400168        7.9656160532493514     
  0.31000000000000005        1.1418668485924641        7.9272544767184705     
  0.31333333333333341        1.1415315900614065        7.8876420698244702     
  0.31666666666666676        1.1411781144023161        7.8467966814396730     
  0.32000000000000012        1.1408065766612994        7.8047368367808971     
  0.32333333333333347        1.1404171398070890        7.7614817196454116     
  0.32666666666666683        1.1400099746595604        7.7170511541163069     
  0.33000000000000018        1.1395852598148040        7.6714655857725766     
  0.33333333333333354        1.1391431815667878        7.6247460624401615     
  0.33666666666666689        1.1386839338256423        7.5769142145201691     
  0.34000000000000025        1.1382077180326047        7.5279922349313422     
  0.34333333333333360        1.1377147430716612        7.4780028587041363     
  0.34666666666666696        1.1372052251779226        7.4269693422632042     
  0.35000000000000031        1.1366793878427766        7.3749154424362242     
  0.35333333333333367        1.1361374617158577        7.3218653952259709     
  0.35666666666666702        1.1355796845038761        7.2678438943829313     
  0.36000000000000038        1.1350063008663513        7.2128760698150316     
  0.36333333333333373        1.1344175623082977        7.1569874658713388     
  0.36666666666666708        1.1338137270699045        7.1002040195348242     
  0.37000000000000044        1.1331950600132643        7.0425520385604150     
  0.37333333333333379        1.1325618325061952        6.9840581795921119     
  0.37666666666666715        1.1319143223032104        6.9247494262935634     
  0.38000000000000050        1.1312528134236852        6.8646530675246105     
  0.38333333333333386        1.1305775960272773        6.8037966755962076     
  0.38666666666666721        1.1298889662866527        6.7422080846342842     
  0.39000000000000057        1.1291872262575753        6.6799153690829760     
  0.39333333333333392        1.1284726837464143        6.6169468223755006     
  0.39666666666666728        1.1277456521751312        6.5533309358006040     
  0.40000000000000063        1.1270064504438018        6.4890963775908874     
  0.40333333333333399        1.1262554027907361        6.4242719722579968     
  0.40666666666666734        1.1254928386502574        6.3588866801985091     
  0.41000000000000070        1.1247190925082002        6.2929695775929764     
  0.41333333333333405        1.1239345037551955        6.2265498366192897     
  0.41666666666666741        1.1231394165378010        6.1596567059995841     
  0.42000000000000076        1.1223341796075481        6.0923194918997270     
  0.42333333333333412        1.1215191461679679        6.0245675391975810     
  0.42666666666666747        1.1206946737196637        5.9564302131359614     
  0.43000000000000083        1.1198611239035010        5.8879368813742481     
  0.43333333333333418        1.1190188623419777        5.8191168964511952     
  0.43666666666666754        1.1181682584788522        5.7499995786707654     
  0.44000000000000089        1.1173096854170912        5.6806141994202077     
  0.44333333333333425        1.1164435197552156        5.6109899649297859     
  0.44666666666666760        1.1155701414221122        5.5411560004810720     
  0.45000000000000095        1.1146899335103830        5.4711413350698015     
  0.45333333333333431        1.1138032821083095        5.4009748865285783     
  0.45666666666666766        1.1129105761305003        5.3306854471123755     
  0.46000000000000102        1.1120122071473018        5.2603016695499427     
  0.46333333333333437        1.1111085692130414        5.1898520535620092     
  0.46666666666666773        1.1102000586931824        5.1193649328465307     
  0.47000000000000108        1.1092870740904655        5.0488684625305789     
  0.47333333333333444        1.1083700158701120        4.9783906070865802     
  0.47666666666666779        1.1074492862841661        4.9079591287105409     
  0.48000000000000115        1.1065252891950548        4.8376015761584794     
  0.48333333333333450        1.1055984298984396        4.7673452740366686     
  0.48666666666666786        1.1046691149454413        4.6972173125404355     
  0.49000000000000121        1.1037377519643121        4.6272445376355078     
  0.49333333333333457        1.1028047494816378        4.5574535416753799     
  0.49666666666666792        1.1018705167431426        4.4878706544471347     
  0.50000000000000122        1.1009354635341828        4.4185219346381679     
  0.50333333333333452        1.0999999999999999        4.3494331617151287     
  0.50666666666666782        1.0990645364658167        4.2806298282063189     
  0.51000000000000112        1.0981294832568569        4.2121371323782046     
  0.51333333333333442        1.0971952505183620        4.1439799712962877     
  0.51666666666666772        1.0962622480356874        4.0761829342603271     
  0.52000000000000102        1.0953308850545582        4.0087702966035188     
  0.52333333333333432        1.0944015701015599        3.9417660138449859     
  0.52666666666666762        1.0934747108049450        3.8751937161849730     
  0.53000000000000091        1.0925507137158335        3.8090767033314825     
  0.53333333333333421        1.0916299841298878        3.7434379396475390     
  0.53666666666666751        1.0907129259095341        3.6783000496075440     
  0.54000000000000081        1.0897999413068173        3.6136853135519478     
  0.54333333333333411        1.0888914307869584        3.5496156637284075     
  0.54666666666666741        1.0879877928526980        3.4861126806087412     
  0.55000000000000071        1.0870894238694995        3.4231975894699707     
  0.55333333333333401        1.0861967178916903        3.3608912572287100     
  0.55666666666666731        1.0853100664896167        3.2992141895175791     
  0.56000000000000061        1.0844298585778875        3.2381865279928199     
  0.56333333333333391        1.0835564802447841        3.1778280478625152     
  0.56666666666666721        1.0826903145829088        3.1181581556243385     
  0.57000000000000051        1.0818317415211478        3.0591958870030607     
  0.57333333333333381        1.0809811376580221        3.0009599050769835     
  0.57666666666666710        1.0801388760964989        2.9434684985838131     
  0.58000000000000040        1.0793053262803360        2.8867395803956692     
  0.58333333333333370        1.0784808538320321        2.8307906861543732     
  0.58666666666666700        1.0776658203924518        2.7756389730572293     
  0.59000000000000030        1.0768605834621989        2.7213012187845345     
  0.59333333333333360        1.0760654962448044        2.6677938205601546     
  0.59666666666666690        1.0752809074917997        2.6151327943366716     
  0.60000000000000020        1.0745071613497426        2.5633337740968982     
  0.60333333333333350        1.0737445972092639        2.5124120112642472     
  0.60666666666666680        1.0729935495561982        2.4623823742139672     
  0.61000000000000010        1.0722543478248687        2.4132593478784528     
  0.61333333333333340        1.0715273162535857        2.3650570334393697     
  0.61666666666666670        1.0708127737424249        2.3177891481001818     
  0.62000000000000000        1.0701110337133475        2.2714690249327223     
  0.62333333333333329        1.0694224039727229        2.2261096127916415     
  0.62666666666666659        1.0687471865763147        2.1817234762912392     
  0.62999999999999989        1.0680856776967895        2.1383227958391315     
  0.63333333333333319        1.0674381674938047        2.0959193677215309     
  0.63666666666666649        1.0668049399867359        2.0545246042355569     
  0.63999999999999979        1.0661862729300957        2.0141495338636752     
  0.64333333333333309        1.0655824376917025        1.9748048014863133     
  0.64666666666666639        1.0649936991336488        1.9365006686283788     
  0.64999999999999969        1.0644203154961240        1.8992470137360620     
  0.65333333333333299        1.0638625382841425        1.8630533324804168     
  0.65666666666666629        1.0633206121572236        1.8279287380843565     
  0.65999999999999959        1.0627947748220776        1.7938819616702970     
  0.66333333333333289        1.0622852569283390        1.7609213526254870     
  0.66666666666666619        1.0617922819673955        1.7290548789824407     
  0.66999999999999948        1.0613160661743579        1.6982901278124729     
  0.67333333333333278        1.0608568184332123        1.6686343056298534     
  0.67666666666666608        1.0604147401851962        1.6400942388048352     
  0.67999999999999938        1.0599900253404397        1.6126763739839574     
  0.68333333333333268        1.0595828601929111        1.5863867785158914     
  0.68666666666666598        1.0591934233387008        1.5612311408816586     
  0.68999999999999928        1.0588218855976843        1.5372147711278856     
  0.69333333333333258        1.0584684099385937        1.5143426013021786     
  0.69666666666666588        1.0581331514075363        1.4926191858899120     
  0.69999999999999918        1.0578162570599836        1.4720487022512359     
  0.70333333333333248        1.0575178658962701        1.4526349510582999     
  0.70666666666666578        1.0572381088006222        1.4343813567319030     
  0.70999999999999908        1.0569771084837483        1.4172909678772845     
  0.71333333333333238        1.0567349794290128        1.4013664577188156     
  0.71666666666666567        1.0565118278422225        1.3866101245338380     
  0.71999999999999897        1.0563077516050379        1.3730238920849633     
  0.72333333333333227        1.0561228402320417        1.3606093100517271     
  0.72666666666666557        1.0559571748314733        1.3493675544610650     
  0.72999999999999887        1.0558108280696530        1.3392994281174364     
  0.73333333333333217        1.0556838641391071        1.3304053610325053     
  0.73666666666666547        1.0555763387304116        1.3226854108551511     
  0.73999999999999877        1.0554882990077648        1.3161392633020430     
  0.74333333333333207        1.0554197835882988        1.3107662325893752     
  0.74666666666666537        1.0553708225251406        1.3065652618664727     
  0.74999999999999867        1.0553414372942311        1.3035349236518428     
  0.75333333333333197        1.0553316407849038        1.3016734202723139     
  0.75666666666666527        1.0553414372942311        1.3009785843060961     
  0.75999999999999857        1.0553708225251406        1.3014478790307349     
  0.76333333333333186        1.0554197835882986        1.3030783988763295     
  0.76666666666666516        1.0554882990077648        1.3058668698854299     
  0.76999999999999846        1.0555763387304116        1.3098096501801557     
  0.77333333333333176        1.0556838641391069        1.3149027304377632     
  0.77666666666666506        1.0558108280696530        1.3211417343754401     
  0.77999999999999836        1.0559571748314733        1.3285219192454449     
  0.78333333333333166        1.0561228402320415        1.3370381763418335     
  0.78666666666666496        1.0563077516050376        1.3466850315195347     
  0.78999999999999826        1.0565118278422223        1.3574566457272870     
  0.79333333333333156        1.0567349794290128        1.3693468155552999     
  0.79666666666666486        1.0569771084837480        1.3823489737991477     
  0.79999999999999816        1.0572381088006220        1.3964561900410586     
  0.80333333333333146        1.0575178658962698        1.4116611712498239     
  0.80666666666666476        1.0578162570599834        1.4279562624007924     
  0.80999999999999805        1.0581331514075361        1.4453334471174533     
  0.81333333333333135        1.0584684099385935        1.4637843483358566     
  0.81666666666666465        1.0588218855976839        1.4833002289936388     
  0.81999999999999795        1.0591934233387006        1.5038719927451030     
  0.82333333333333125        1.0595828601929109        1.5254901847039906     
  0.82666666666666455        1.0599900253404395        1.5481449922158192     
  0.82999999999999785        1.0604147401851958        1.5718262456614789     
  0.83333333333333115        1.0608568184332121        1.5965234192940938     
  0.83666666666666445        1.0613160661743577        1.6222256321107598     
  0.83999999999999775        1.0617922819673951        1.6489216487619205     
  0.84333333333333105        1.0622852569283388        1.6765998804998161     
  0.84666666666666435        1.0627947748220774        1.7052483861686225     
  0.84999999999999765        1.0633206121572232        1.7348548732387374     
  0.85333333333333095        1.0638625382841420        1.7654066988875012     
  0.85666666666666424        1.0644203154961236        1.7968908711289888     
  0.85999999999999754        1.0649936991336484        1.8292940499957859     
  0.86333333333333084        1.0655824376917020        1.8626025487753037     
  0.86666666666666414        1.0661862729300950        1.8968023353040364     
  0.86999999999999744        1.0668049399867352        1.9318790333225730     
  0.87333333333333074        1.0674381674938043        1.9678179238947204     
  0.87666666666666404        1.0680856776967891        2.0046039468944366     
  0.87999999999999734        1.0687471865763143        2.0422217025638756     
  0.88333333333333064        1.0694224039727223        2.0806554531465205     
  0.88666666666666394        1.0701110337133468        2.1198891245993217     
  0.88999999999999724        1.0708127737424242        2.1599063083878502     
  0.89333333333333054        1.0715273162535852        2.2006902633690584     
  0.89666666666666384        1.0722543478248681        2.2422239177657275     
  0.89999999999999714        1.0729935495561975        2.2844898712377830     
  0.90333333333333043        1.0737445972092632        2.3274703970548143     
  0.90666666666666373        1.0745071613497421        2.3711474443753668     
  0.90999999999999703        1.0752809074917991        2.4155026406377900     
  0.91333333333333033        1.0760654962448037        2.4605172940686564     
  0.91666666666666363        1.0768605834621983        2.5061723963137110     
  0.91999999999999693        1.0776658203924512        2.5524486251978487     
  0.92333333333333023        1.0784808538320314        2.5993263476196891     
  0.92666666666666353        1.0793053262803354        2.6467856225873816     
  0.92999999999999683        1.0801388760964983        2.6948062044015368     
  0.93333333333333013        1.0809811376580214        2.7433675459924522     
  0.93666666666666343        1.0818317415211469        2.7924488024179972     
  0.93999999999999673        1.0826903145829081        2.8420288345294011     
  0.94333333333333003        1.0835564802447835        2.8920862128117450     
  0.94666666666666333        1.0844298585778869        2.9425992214068351     
  0.94999999999999662        1.0853100664896160        2.9935458623254352     
  0.95333333333332992        1.0861967178916896        3.0449038598567979     
  0.95666666666666322        1.0870894238694988        3.0966506651829255     
  0.95999999999999652        1.0879877928526973        3.1487634612055375     
  0.96333333333332982        1.0888914307869577        3.2012191675932673     
  0.96666666666666312        1.0897999413068165        3.2539944460575772     
  0.96999999999999642        1.0907129259095334        3.3070657058649182     
  0.97333333333332972        1.0916299841298869        3.3604091095933244     
  0.97666666666666302        1.0925507137158328        3.4140005791416859     
  0.97999999999999632        1.0934747108049441        3.4678158019993215     
  0.98333333333332962        1.0944015701015590        3.5218302377843647     
  0.98666666666666292        1.0953308850545576        3.5760191250584814     
  0.98999999999999622        1.0962622480356867        3.6303574884258576     
  0.99333333333332952        1.0971952505183611        3.6848201459244341     
  0.99666666666666281        1.0981294832568562        3.7393817167166805     
  0.99999999999999611        1.0990645364658158        3.7940166290872317     
   1.0033333333333294        1.0999999999999990        3.8486991287549577     
   1.0066666666666628        1.1009354635341821        3.9034032875058613     
   1.0099999999999962        1.1018705167431420        3.9581030121538263     
   1.0133333333333296        1.1028047494816369        4.0127720538350982     
   1.0166666666666631        1.1037377519643115        4.0673840176429730     
   1.0199999999999965        1.1046691149454406        4.1219123726072961     
   1.0233333333333299        1.1055984298984389        4.1763304620248203     
   1.0266666666666633        1.1065252891950541        4.2306115141441261     
   1.0299999999999967        1.1074492862841654        4.2847286532094229     
   1.0333333333333301        1.1083700158701113        4.3386549108668220     
   1.0366666666666635        1.1092870740904650        4.3923632379353741     
   1.0399999999999969        1.1102000586931817        4.4458265165453357     
   1.0433333333333303        1.1111085692130407        4.4990175726450268     
   1.0466666666666637        1.1120122071473013        4.5519091888765875     
   1.0499999999999972        1.1129105761304998        4.6044741178206987     
   1.0533333333333306        1.1138032821083088        4.6566850956092676     
   1.0566666666666640        1.1146899335103826        4.7085148559040340     
   1.0599999999999974        1.1155701414221117        4.7599361442379253     
   1.0633333333333308        1.1164435197552152        4.8109217327160732     
   1.0666666666666642        1.1173096854170907        4.8614444350709514     
   1.0699999999999976        1.1181682584788517        4.9114771220659224     
   1.0733333333333310        1.1190188623419774        4.9609927372406428     
   1.0766666666666644        1.1198611239035006        5.0099643129894620     
   1.0799999999999979        1.1206946737196635        5.0583649869646159     
   1.0833333333333313        1.1215191461679674        5.1061680187928253     
   1.0866666666666647        1.1223341796075477        5.1533468070945530     
   1.0899999999999981        1.1231394165378006        5.1998749067928349     
   1.0933333333333315        1.1239345037551951        5.2457260466976354     
   1.0966666666666649        1.1247190925082000        5.2908741473509311     
   1.0999999999999983        1.1254928386502570        5.3352933391157205     
   1.1033333333333317        1.1262554027907359        5.3789579804916592     
   1.1066666666666651        1.1270064504438015        5.4218426766382342     
   1.1099999999999985        1.1277456521751310        5.4639222980855635     
   1.1133333333333320        1.1284726837464141        5.5051719996115933     
   1.1166666666666654        1.1291872262575751        5.5455672392630868     
   1.1199999999999988        1.1298889662866525        5.5850837974969707     
   1.1233333333333322        1.1305775960272770        5.6236977964172059     
   1.1266666666666656        1.1312528134236850        5.6613857190815624     
   1.1299999999999990        1.1319143223032104        5.6981244288511865     
   1.1333333333333324        1.1325618325061952        5.7338911887551740     
   1.1366666666666658        1.1331950600132643        5.7686636808416960     
   1.1399999999999992        1.1338137270699045        5.8024200254853211     
   1.1433333333333326        1.1344175623082977        5.8351388006207046     
   1.1466666666666661        1.1350063008663513        5.8667990608708145     
   1.1499999999999995        1.1355796845038759        5.8973803565382097     
   1.1533333333333329        1.1361374617158577        5.9268627524263859     
   1.1566666666666663        1.1366793878427766        5.9552268464584248     
   1.1599999999999997        1.1372052251779226        5.9824537880593596     
   1.1633333333333331        1.1377147430716612        6.0085252962683544     
   1.1666666666666665        1.1382077180326047        6.0334236775466836     
   1.1699999999999999        1.1386839338256423        6.0571318432473289     
   1.1733333333333333        1.1391431815667878        6.0796333267118055     
   1.1766666666666667        1.1395852598148040        6.1009122999603926     
   1.1800000000000002        1.1400099746595604        6.1209535899412391     
   1.1833333333333336        1.1404171398070890        6.1397426943051725     
   1.1866666666666670        1.1408065766612994        6.1572657966727267     
   1.1900000000000004        1.1411781144023161        6.1735097813604751     
   1.1933333333333338        1.1415315900614065        6.1884622475348392     
   1.1966666666666672        1.1418668485924641        6.2021115227617365     
   1.2000000000000006        1.1421837429400168        6.2144466759216401     
   1.2033333333333340        1.1424821341037301        6.2254575294606447     
   1.2066666666666674        1.1427618911993780        6.2351346709487245     
   1.2100000000000009        1.1430228915162521        6.2434694639183119     
   1.2133333333333343        1.1432650205709873        6.2504540579567882     
   1.2166666666666677        1.1434881721577779        6.2560813980287930     
   1.2200000000000011        1.1436922483949623        6.2603452330046707     
   1.2233333333333345        1.1438771597679587        6.2632401233740680     
   1.2266666666666679        1.1440428251685268        6.2647614481243918     
   1.2300000000000013        1.1441891719303472        6.2649054107664091     
   1.2333333333333347        1.1443161358608933        6.2636690444903120     
   1.2366666666666681        1.1444236612695886        6.2610502164381394     
   1.2400000000000015        1.1445117009922354        6.2570476310801055     
   1.2433333333333350        1.1445802164117016        6.2516608326842169     
   1.2466666666666684        1.1446291774748596        6.2448902068708936     
   1.2500000000000018        1.1446585627057690        6.2367369812465583     
   1.2533333333333352        1.1446683592150964        6.2272032251115386     
   1.2566666666666686        1.1446585627057690        6.2162918482407408     
   1.2600000000000020        1.1446291774748596        6.2040065987369477     
   1.2633333333333354        1.1445802164117014        6.1903520599592330     
   1.2666666666666688        1.1445117009922354        6.1753336465309356     
   1.2700000000000022        1.1444236612695886        6.1589575994336405     
   1.2733333333333356        1.1443161358608931        6.1412309801962524     
   1.2766666666666691        1.1441891719303472        6.1221616641897407     
   1.2800000000000025        1.1440428251685266        6.1017583330407072     
   1.2833333333333359        1.1438771597679585        6.0800304661785010     
   1.2866666666666693        1.1436922483949621        6.0569883315329314     
   1.2900000000000027        1.1434881721577776        6.0326429754015205     
   1.2933333333333361        1.1432650205709871        6.0070062115066056     
   1.2966666666666695        1.1430228915162519        5.9800906092651340     
   1.3000000000000029        1.1427618911993778        5.9519094812948472     
   1.3033333333333363        1.1424821341037299        5.9224768701830186     
   1.3066666666666698        1.1421837429400163        5.8918075345443999     
   1.3100000000000032        1.1418668485924637        5.8599169343975746     
   1.3133333333333366        1.1415315900614060        5.8268212158891401     
   1.3166666666666700        1.1411781144023156        5.7925371953970544     
   1.3200000000000034        1.1408065766612989        5.7570823430454743     
   1.3233333333333368        1.1404171398070886        5.7204747656639130     
   1.3266666666666702        1.1400099746595600        5.6827331892250497     
   1.3300000000000036        1.1395852598148035        5.6438769407957370     
   1.3333333333333370        1.1391431815667874        5.6039259300368496     
   1.3366666666666704        1.1386839338256418        5.5629006302875332     
   1.3400000000000039        1.1382077180326042        5.5208220592705715     
   1.3433333333333373        1.1377147430716605        5.4777117594548947     
   1.3466666666666707        1.1372052251779219        5.4335917781124232     
   1.3500000000000041        1.1366793878427761        5.3884846471056997     
   1.3533333333333375        1.1361374617158571        5.3424133624428629     
   1.3566666666666709        1.1355796845038755        5.2954013636369925     
   1.3600000000000043        1.1350063008663507        5.2474725129051407     
   1.3633333333333377        1.1344175623082970        5.1986510742435472     
   1.3666666666666711        1.1338137270699038        5.1489616924139945     
   1.3700000000000045        1.1331950600132636        5.0984293718759446     
   1.3733333333333380        1.1325618325061946        5.0470794556985030     
   1.3766666666666714        1.1319143223032098        4.9949376044854521     
   1.3800000000000048        1.1312528134236843        4.9420297753456115     
   1.3833333333333382        1.1305775960272764        4.8883822009399802     
   1.3866666666666716        1.1298889662866518        4.8340213686360292     
   1.3900000000000050        1.1291872262575742        4.7789739997986480     
   1.3933333333333384        1.1284726837464134        4.7232670292456449     
   1.3966666666666718        1.1277456521751303        4.6669275848951806     
   1.4000000000000052        1.1270064504438007        4.6099829676305903     
   1.4033333333333387        1.1262554027907350        4.5524606314076577     
   1.4066666666666721        1.1254928386502563        4.4943881636268221     
   1.4100000000000055        1.1247190925081991        4.4357932657929444     
   1.4133333333333389        1.1239345037551944        4.3767037344828372     
   1.4166666666666723        1.1231394165377997        4.3171474426396390     
   1.4200000000000057        1.1223341796075468        4.2571523212123257     
   1.4233333333333391        1.1215191461679666        4.1967463411560590     
   1.4266666666666725        1.1206946737196626        4.1359574958090626     
   1.4300000000000059        1.1198611239034997        4.0748137836592813     
   1.4333333333333393        1.1190188623419766        4.0133431915133171     
   1.4366666666666728        1.1181682584788508        3.9515736780782729     
   1.4400000000000062        1.1173096854170899        3.8895331579664703     
   1.4433333333333396        1.1164435197552143        3.8272494861308877     
   1.4466666666666730        1.1155701414221109        3.7647504427387548     
   1.4500000000000064        1.1146899335103817        3.7020637184883451     
   1.4533333333333398        1.1138032821083079        3.6392169003742922     
   1.4566666666666732        1.1129105761304987        3.5762374579038849     
   1.4600000000000066        1.1120122071473002        3.5131527297671510     
   1.4633333333333400        1.1111085692130398        3.4499899109612842     
   1.4666666666666734        1.1102000586931808        3.3867760403696305     
   1.4700000000000069        1.1092870740904639        3.3235379887941932     
   1.4733333333333403        1.1083700158701102        3.2603024474394324     
   1.4766666666666737        1.1074492862841645        3.1970959168446789     
   1.4800000000000071        1.1065252891950532        3.1339446962609685     
   1.4833333333333405        1.1055984298984380        3.0708748734682474     
   1.4866666666666739        1.1046691149454397        3.0079123150268070     
   1.4900000000000073        1.1037377519643106        2.9450826569574136     
   1.4933333333333407        1.1028047494816360        2.8824112958430179     
   1.4966666666666741        1.1018705167431408        2.8199233803447057     
   1.5000000000000075        1.1009354635341813        2.7576438031239072     
   1.5033333333333410        1.0999999999999979        2.6955971931623419     
   1.5066666666666744        1.0990645364658147        2.6338079084708084     
   1.5100000000000078        1.0981294832568551        2.5723000291772369     
   1.5133333333333412        1.0971952505183600        2.5110973509844947     
   1.5166666666666746        1.0962622480356854        2.4502233789877259     
   1.5200000000000080        1.0953308850545562        2.3897013218408523     
   1.5233333333333414        1.0944015701015579        2.3295540862616466     
   1.5266666666666748        1.0934747108049430        2.2698042718647096     
   1.5300000000000082        1.0925507137158315        2.2104741663111809     
   1.5333333333333417        1.0916299841298858        2.1515857407644727     
   1.5366666666666751        1.0907129259095321        2.0931606456403684     
   1.5400000000000085        1.0897999413068151        2.0352202066410849     
   1.5433333333333419        1.0888914307869564        1.9777854210612340     
   1.5466666666666753        1.0879877928526958        1.9208769543552155     
   1.5500000000000087        1.0870894238694973        1.8645151369547788     
   1.5533333333333421        1.0861967178916883        1.8087199613254183     
   1.5566666666666755        1.0853100664896145        1.7535110792510973     
   1.5600000000000089        1.0844298585778853        1.6989077993365662     
   1.5633333333333423        1.0835564802447819        1.6449290847160518     
   1.5666666666666758        1.0826903145829065        1.5915935509587318     
   1.5700000000000092        1.0818317415211456        1.5389194641601363     
   1.5733333333333426        1.0809811376580198        1.4869247392096752     
   1.5766666666666760        1.0801388760964967        1.4356269382245790     
   1.5800000000000094        1.0793053262803338        1.3850432691404602     
   1.5833333333333428        1.0784808538320299        1.3351905844495198     
   1.5866666666666762        1.0776658203924496        1.2860853800770469     
   1.5900000000000096        1.0768605834621967        1.2377437943877005     
   1.5933333333333430        1.0760654962448022        1.1901816073130782     
   1.5966666666666764        1.0752809074917975        1.1434142395922362     
   1.6000000000000099        1.0745071613497406        1.0974567521174179     
   1.6033333333333433        1.0737445972092616        1.0523238453775137     
   1.6066666666666767        1.0729935495561960        1.0080298589916963     
   1.6100000000000101        1.0722543478248665       0.96458877132651943     
   1.6133333333333435        1.0715273162535837       0.92201419918971073     
   1.6166666666666769        1.0708127737424227       0.88031939759426570     
   1.6200000000000103        1.0701110337133453       0.83951725958696466     
   1.6233333333333437        1.0694224039727207       0.79962031613532336     
   1.6266666666666771        1.0687471865763127       0.76064073606764881     
   1.6300000000000106        1.0680856776967875       0.72259032606118234     
   1.6333333333333440        1.0674381674938027       0.68548053067315717     
   1.6366666666666774        1.0668049399867339       0.64932243241054588     
   1.6400000000000108        1.0661862729300937       0.61412675183383902     
   1.6433333333333442        1.0655824376917005       0.57990384769129655     
   1.6466666666666776        1.0649936991336468       0.54666371707936945     
   1.6500000000000110        1.0644203154961223       0.51441599562633999     
   1.6533333333333444        1.0638625382841407       0.48316995769559518     
   1.6566666666666778        1.0633206121572218       0.45293451660563949     
   1.6600000000000112        1.0627947748220758       0.42371822486428939     
   1.6633333333333447        1.0622852569283374       0.39552927441420022     
   1.6666666666666781        1.0617922819673939       0.36837549688773008     
   1.6700000000000115        1.0613160661743564       0.34226436386891640     
   1.6733333333333449        1.0608568184332108       0.31720298716079043     
   1.6766666666666783        1.0604147401851947       0.29319811905624399     
   1.6800000000000117        1.0599900253404384       0.27025615261110875     
   1.6833333333333451        1.0595828601929098       0.24838312191799122     
   1.6866666666666785        1.0591934233386995       0.22758470238002129     
   1.6900000000000119        1.0588218855976830       0.20786621098307537     
   1.6933333333333453        1.0584684099385926       0.18923260656617227     
   1.6966666666666788        1.0581331514075349       0.17168849008911785     
   1.7000000000000122        1.0578162570599823       0.15523810489688067     
   1.7033333333333456        1.0575178658962689       0.13988533698035283     
   1.7066666666666790        1.0572381088006213       0.12563371523322858     
   1.7100000000000124        1.0569771084837472       0.11248641170484321     
   1.7133333333333458        1.0567349794290120       0.10044624184899309     
   1.7166666666666792        1.0565118278422216        8.9515664768612835E-002
   1.7200000000000126        1.0563077516050372        7.9696783456613282E-002
   1.7233333333333460        1.0561228402320411        7.0991345033143069E-002
   1.7266666666666795        1.0559571748314727        6.3400740979410619E-002
   1.7300000000000129        1.0558108280696525        5.6926007368723955E-002
   1.7333333333333463        1.0556838641391066        5.1567825094848072E-002
   1.7366666666666797        1.0555763387304113        4.7326520098606210E-002
   1.7400000000000131        1.0554882990077645        4.4202063593063730E-002
   1.7433333333333465        1.0554197835882984        4.2194072287959697E-002
   1.7466666666666799        1.0553708225251406        4.1301808614084612E-002
   1.7500000000000133        1.0553414372942311        4.1524180948447668E-002
   1.7533333333333467        1.0553316407849038        4.2859743840906760E-002
   1.7566666666666801        1.0553414372942314        4.5306698243005580E-002
   1.7600000000000136        1.0553708225251408        4.8862891740117001E-002
   1.7633333333333470        1.0554197835882988        5.3525818787590940E-002
   1.7666666666666804        1.0554882990077652        5.9292620951815846E-002
   1.7700000000000138        1.0555763387304120        6.6160087157245306E-002
   1.7733333333333472        1.0556838641391075        7.4124653940519397E-002
   1.7766666666666806        1.0558108280696534        8.3182405712265595E-002
   1.7800000000000140        1.0559571748314740        9.3329075028189407E-002
   1.7833333333333474        1.0561228402320424       0.10456004286996143     
   1.7866666666666808        1.0563077516050388       0.11687033893762330     
   1.7900000000000142        1.0565118278422232       0.13025464195400960     
   1.7933333333333477        1.0567349794290140       0.14470727998305968     
   1.7966666666666811        1.0569771084837492       0.16022223076254377     
   1.8000000000000145        1.0572381088006233       0.17679312205303888     
   1.8033333333333479        1.0575178658962714       0.19441323200410365     
   1.8066666666666813        1.0578162570599847       0.21307548953906122     
   1.8100000000000147        1.0581331514075376       0.23277247475999707     
   1.8133333333333481        1.0584684099385953       0.25349641937394185     
   1.8166666666666815        1.0588218855976856       0.27523920714232819     
   1.8200000000000149        1.0591934233387026       0.29799237435472986     
   1.8233333333333483        1.0595828601929129       0.32174711032885572     
   1.8266666666666818        1.0599900253404417       0.34649425793840544     
   1.8300000000000152        1.0604147401851980       0.37222431417033991     
   1.8333333333333486        1.0608568184332143       0.39892743071378695     
   1.8366666666666820        1.0613160661743601       0.42659341458213651     
   1.8400000000000154        1.0617922819673977       0.45521172877053234     
   1.8433333333333488        1.0622852569283412       0.48477149295087052     
   1.8466666666666822        1.0627947748220801       0.51526148420647455     
   1.8500000000000156        1.0633206121572261       0.54667013780864793     
   1.8533333333333490        1.0638625382841449       0.57898554803785585     
   1.8566666666666825        1.0644203154961267       0.61219546905179345     
   1.8600000000000159        1.0649936991336515       0.64628731580305998     
   1.8633333333333493        1.0655824376917051       0.68124816500942809     
   1.8666666666666827        1.0661862729300986       0.71706475617958998     
   1.8700000000000161        1.0668049399867388       0.75372349269724015     
   1.8733333333333495        1.0674381674938078       0.79121044296724063     
   1.8766666666666829        1.0680856776967926       0.82951134162677476     
   1.8800000000000163        1.0687471865763181       0.86861159082543715     
   1.8833333333333497        1.0694224039727260       0.90849626157776331     
   1.8866666666666831        1.0701110337133508       0.94915009519224891     
   1.8900000000000166        1.0708127737424282       0.99055750478095506     
   1.8933333333333500        1.0715273162535892        1.0327025768539440     
   1.8966666666666834        1.0722543478248725        1.0755690730029528     
   1.9000000000000168        1.0729935495562020        1.1191404316791909     
   1.9033333333333502        1.0737445972092676        1.1633997700697827     
   1.9066666666666836        1.0745071613497466        1.2083298860783327     
   1.9100000000000170        1.0752809074918037        1.2539132604144143     
   1.9133333333333504        1.0760654962448084        1.3001320587977534     
   1.9166666666666838        1.0768605834622031        1.3469681342828383     
   1.9200000000000172        1.0776658203924561        1.3944030297092613     
   1.9233333333333507        1.0784808538320365        1.4424179802846950     
   1.9266666666666841        1.0793053262803405        1.4909939163059822     
   1.9300000000000175        1.0801388760965034        1.5401114660252304     
   1.9333333333333509        1.0809811376580265        1.5897509586674721     
   1.9366666666666843        1.0818317415211522        1.6398924276066029     
   1.9400000000000177        1.0826903145829134        1.6905156137067525     
   1.9433333333333511        1.0835564802447888        1.7415999688360944     
   1.9466666666666845        1.0844298585778924        1.7931246595607759     
   1.9500000000000179        1.0853100664896216        1.8450685710258645     
   1.9533333333333514        1.0861967178916954        1.8974103110316549     
   1.9566666666666848        1.0870894238695044        1.9501282143124932     
   1.9600000000000182        1.0879877928527029        2.0032003470264623     
   1.9633333333333516        1.0888914307869635        2.0566045114635085     
   1.9666666666666850        1.0897999413068225        2.1103182509803142     
   1.9700000000000184        1.0907129259095394        2.1643188551700869     
   1.9733333333333518        1.0916299841298931        2.2185833652750753     
   1.9766666666666852        1.0925507137158388        2.2730885798504921     
   1.9800000000000186        1.0934747108049503        2.3278110606874907     
   1.9833333333333520        1.0944015701015655        2.3827271390037614     
   1.9866666666666855        1.0953308850545638        2.4378129219095870     
   1.9900000000000189        1.0962622480356929        2.4930442991575510     
   1.9933333333333523        1.0971952505183675        2.5483969501834567     
   1.9966666666666857        1.0981294832568624        2.6038463514466215     
   2.0000000000000191        1.0990645364658223        2.6593677840767938     
   2.0033333333333525        1.1000000000000054        2.7149363418350854     
   2.0066666666666859        1.1009354635341886        2.7705269393961225     
   2.0100000000000193        1.1018705167431484        2.8261143209580810     
   2.0133333333333527        1.1028047494816433        2.8816730691871073     
   2.0166666666666861        1.1037377519643179        2.9371776145024029     
   2.0200000000000196        1.1046691149454471        2.9926022447071796     
   2.0233333333333530        1.1055984298984454        3.0479211149713943     
   2.0266666666666864        1.1065252891950605        3.1031082581703813     
   2.0300000000000198        1.1074492862841718        3.1581375955840074     
   2.0333333333333532        1.1083700158701177        3.2129829479597887     
   2.0366666666666866        1.1092870740904712        3.2676180469428746     
   2.0400000000000200        1.1102000586931882        3.3220165468755263     
   2.0433333333333534        1.1111085692130471        3.3761520369673286     
   2.0466666666666868        1.1120122071473075        3.4299980538372443     
   2.0500000000000203        1.1129105761305060        3.4835280944274372     
   2.0533333333333537        1.1138032821083150        3.5367156292880613     
   2.0566666666666871        1.1146899335103888        3.5895341162314209     
   2.0600000000000205        1.1155701414221180        3.6419570143525699     
   2.0633333333333539        1.1164435197552214        3.6939577984133654     
   2.0666666666666873        1.1173096854170967        3.7455099735846176     
   2.0700000000000207        1.1181682584788577        3.7965870905412653     
   2.0733333333333541        1.1190188623419832        3.8471627609036263     
   2.0766666666666875        1.1198611239035063        3.8972106730169691     
   2.0800000000000209        1.1206946737196692        3.9467046080603465     
   2.0833333333333544        1.1215191461679732        3.9956184564746002     
   2.0866666666666878        1.1223341796075534        4.0439262346984792     
   2.0900000000000212        1.1231394165378061        4.0916021021999862     
   2.0933333333333546        1.1239345037552007        4.1386203787894784     
   2.0966666666666880        1.1247190925082053        4.1849555621994661     
   2.1000000000000214        1.1254928386502623        4.2305823459152547     
   2.1033333333333548        1.1262554027907412        4.2754756372384843     
   2.1066666666666882        1.1270064504438067        4.3196105755654042     
   2.1100000000000216        1.1277456521751361        4.3629625508600913     
   2.1133333333333550        1.1284726837464192        4.4055072223009413     
   2.1166666666666885        1.1291872262575799        4.4472205370790228     
   2.1200000000000219        1.1298889662866574        4.4880787493244778     
   2.1233333333333553        1.1305775960272819        4.5280584391362639     
   2.1266666666666887        1.1312528134236897        4.5671365316901333     
   2.1300000000000221        1.1319143223032149        4.6052903163979027     
   2.1333333333333555        1.1325618325061997        4.6424974660900951     
   2.1366666666666889        1.1331950600132685        4.6787360561938858     
   2.1400000000000223        1.1338137270699087        4.7139845838764769     
   2.1433333333333557        1.1344175623083017        4.7482219871234550     
   2.1466666666666891        1.1350063008663553        4.7814276637213329     
   2.1500000000000226        1.1355796845038799        4.8135814901122895     
   2.1533333333333560        1.1361374617158615        4.8446638400886020     
   2.1566666666666894        1.1366793878427803        4.8746556032940971     
   2.1600000000000228        1.1372052251779261        4.9035382034989627     
   2.1633333333333562        1.1377147430716645        4.9312936166144370     
   2.1666666666666896        1.1382077180326080        4.9579043884132004     
   2.1700000000000230        1.1386839338256454        4.9833536519215684     
   2.1733333333333564        1.1391431815667910        5.0076251444491522     
   2.1766666666666898        1.1395852598148071        5.0307032242220160     
   2.1800000000000233        1.1400099746595633        5.0525728865853825     
   2.1833333333333567        1.1404171398070919        5.0732197797422778     
   2.1866666666666901        1.1408065766613020        5.0926302199947546     
   2.1900000000000235        1.1411781144023185        5.1107912064552794     
   2.1933333333333569        1.1415315900614089        5.1276904351958477     
   2.1966666666666903        1.1418668485924663        5.1433163128036048     
   2.2000000000000237        1.1421837429400188        5.1576579693126403     
   2.2033333333333571        1.1424821341037321        5.1707052704820953     
   2.2066666666666905        1.1427618911993800        5.1824488293922677     
   2.2100000000000239        1.1430228915162539        5.1928800173314942     
   2.2133333333333574        1.1432650205709889        5.2019909739477423     
   2.2166666666666908        1.1434881721577792        5.2097746166401357     
   2.2200000000000242        1.1436922483949636        5.2162246491674606     
   2.2233333333333576        1.1438771597679598        5.2213355694519654     
   2.2266666666666910        1.1440428251685280        5.2251026765586008     
   2.2300000000000244        1.1441891719303483        5.2275220768314536     
   2.2333333333333578        1.1443161358608940        5.2285906891710647     
   2.2366666666666912        1.1444236612695893        5.2283062494380461     
   2.2400000000000246        1.1445117009922359        5.2266673139705553     
   2.2433333333333580        1.1445802164117018        5.2236732622051703     
   2.2466666666666915        1.1446291774748598        5.2193242983922570     
   2.2500000000000249        1.1446585627057690        5.2136214524000133     
   2.2533333333333583        1.1446683592150964        5.2065665796024492     
   2.2566666666666917        1.1446585627057688        5.1981623598492206     
   2.2600000000000251        1.1446291774748591        5.1884122955175291     
   2.2633333333333585        1.1445802164117012        5.1773207086479625     
   2.2666666666666919        1.1445117009922348        5.1648927371685494     
   2.2700000000000253        1.1444236612695877        5.1511343302140773     
   2.2733333333333587        1.1443161358608922        5.1360522425482467     
   2.2766666666666922        1.1441891719303461        5.1196540281002001     
   2.2800000000000256        1.1440428251685257        5.1019480326277789     
   2.2833333333333590        1.1438771597679571        5.0829433855220332     
   2.2866666666666924        1.1436922483949608        5.0626499907703426     
   2.2900000000000258        1.1434881721577761        5.0410785170959196     
   2.2933333333333592        1.1432650205709856        5.0182403872947692     
   2.2966666666666926        1.1430228915162501        4.9941477667919170     
   2.3000000000000260        1.1427618911993760        4.9688135514411123     
   2.3033333333333594        1.1424821341037279        4.9422513545928721     
   2.3066666666666928        1.1421837429400143        4.9144754934586130     
   2.3100000000000263        1.1418668485924615        4.8855009747984770     
   2.3133333333333597        1.1415315900614038        4.8553434799630324     
   2.3166666666666931        1.1411781144023132        4.8240193493193013     
   2.3200000000000265        1.1408065766612963        4.7915455660933768     
   2.3233333333333599        1.1404171398070859        4.7579397396623140     
   2.3266666666666933        1.1400099746595571        4.7232200883289881     
   2.3300000000000267        1.1395852598148006        4.6874054216146908     
   2.3333333333333601        1.1391431815667843        4.6505151221041556     
   2.3366666666666935        1.1386839338256385        4.6125691268791469     
   2.3400000000000269        1.1382077180326009        4.5735879085760613     
   2.3433333333333604        1.1377147430716572        4.5335924561041283     
   2.3466666666666938        1.1372052251779183        4.4926042550606189     
   2.3500000000000272        1.1366793878427723        4.4506452678792909     
   2.3533333333333606        1.1361374617158533        4.4077379137487283     
   2.3566666666666940        1.1355796845038715        4.3639050483364423     
   2.3600000000000274        1.1350063008663467        4.3191699433547859     
   2.3633333333333608        1.1344175623082928        4.2735562660042294     
   2.3666666666666942        1.1338137270698996        4.2270880583287926     
   2.3700000000000276        1.1331950600132592        4.1797897165180267     
   2.3733333333333611        1.1325618325061901        4.1316859701894444     
   2.3766666666666945        1.1319143223032051        4.0828018616841000     
   2.3800000000000279        1.1312528134236799        4.0331627254073661     
   2.3833333333333613        1.1305775960272717        3.9827941672462805     
   2.3866666666666947        1.1298889662866469        3.9317220440933389     
   2.3900000000000281        1.1291872262575695        3.8799724435059582     
   2.3933333333333615        1.1284726837464083        3.8275716635293264     
   2.3966666666666949        1.1277456521751252        3.7745461927099559     
   2.4000000000000283        1.1270064504437955        3.7209226903245005     
   2.4033333333333617        1.1262554027907299        3.6667279668493791     
   2.4066666666666952        1.1254928386502510        3.6119889646930252     
   2.4100000000000286        1.1247190925081938        3.5567327392131296     
   2.4133333333333620        1.1239345037551889        3.5009864400390489     
   2.4166666666666954        1.1231394165377944        3.4447772927180886     
   2.4200000000000288        1.1223341796075412        3.3881325807035454     
   2.4233333333333622        1.1215191461679610        3.3310796277005243     
   2.4266666666666956        1.1206946737196568        3.2736457803842480     
   2.4300000000000290        1.1198611239034939        3.2158583915047076     
   2.4333333333333624        1.1190188623419706        3.1577448033891078     
   2.4366666666666958        1.1181682584788448        3.0993323318533781     
   2.4400000000000293        1.1173096854170839        3.0406482505317496     
   2.4433333333333627        1.1164435197552083        2.9817197756327025     
   2.4466666666666961        1.1155701414221049        2.9225740511279539     
   2.4500000000000295        1.1146899335103755        2.8632381343800404     
   2.4533333333333629        1.1138032821083019        2.8037389822128755     
   2.4566666666666963        1.1129105761304927        2.7441034374281630     
   2.4600000000000297        1.1120122071472940        2.6843582157701742     
   2.4633333333333631        1.1111085692130336        2.6245298933391625     
   2.4666666666666965        1.1102000586931746        2.5646448944536360     
   2.4700000000000299        1.1092870740904577        2.5047294799602131     
   2.4733333333333634        1.1083700158701040        2.4448097359889589     
   2.4766666666666968        1.1074492862841581        2.3849115631509554     
   2.4800000000000302        1.1065252891950468        2.3250606661744855     
   2.4833333333333636        1.1055984298984316        2.2652825439748030     
   2.4866666666666970        1.1046691149454333        2.2056024801521166     
   2.4900000000000304        1.1037377519643041        2.1460455339116962     
   2.4933333333333638        1.1028047494816295        2.0866365313989439     
   2.4966666666666972        1.1018705167431344        2.0274000574421875     
   2.5000000000000306        1.1009354635341748        1.9683604476950529     
   2.5033333333333641        1.0999999999999917        1.9095417811698574     
   2.5066666666666975        1.0990645364658083        1.8509678731530266     
   2.5100000000000309        1.0981294832568487        1.7926622684932363     
   2.5133333333333643        1.0971952505183535        1.7346482352521368     
   2.5166666666666977        1.0962622480356792        1.6769487587081189     
   2.5200000000000311        1.0953308850545500        1.6195865357021297     
   2.5233333333333645        1.0944015701015515        1.5625839693155010     
   2.5266666666666979        1.0934747108049365        1.5059631638686120     
   2.5300000000000313        1.0925507137158252        1.4497459202295895     
   2.5333333333333647        1.0916299841298793        1.3939537314220849     
   2.5366666666666982        1.0907129259095258        1.3386077785209278     
   2.5400000000000316        1.0897999413068089        1.2837289268245524     
   2.5433333333333650        1.0888914307869502        1.2293377222929718     
   2.5466666666666984        1.0879877928526895        1.1754543882404451     
   2.5500000000000318        1.0870894238694913        1.1220988222714241     
   2.5533333333333652        1.0861967178916820        1.0692905934490988     
   2.5566666666666986        1.0853100664896085        1.0170489396857580     
   2.5600000000000320        1.0844298585778793       0.96539276534374296     
   2.5633333333333654        1.0835564802447759       0.91434063903729690     
   2.5666666666666988        1.0826903145829005       0.86391079162411155     
   2.5700000000000323        1.0818317415211396       0.81412111437703893     
   2.5733333333333657        1.0809811376580141       0.76498915732560024     
   2.5766666666666991        1.0801388760964910       0.71653212775789221     
   2.5800000000000325        1.0793053262803280       0.66876688887323710     
   2.5833333333333659        1.0784808538320243       0.62170995857658162     
   2.5866666666666993        1.0776658203924441       0.57537750840535218     
   2.5900000000000327        1.0768605834621912       0.52978536258059572     
   2.5933333333333661        1.0760654962447966       0.48494899717380208     
   2.5966666666666995        1.0752809074917922       0.44088353938114755     
   2.6000000000000330        1.0745071613497352       0.39760376689778493     
   2.6033333333333664        1.0737445972092565       0.35512410738457378     
   2.6066666666666998        1.0729935495561909       0.31345863801991058     
   2.6100000000000332        1.0722543478248616       0.27262108513010175     
   2.6133333333333666        1.0715273162535786       0.23262482389144662     
   2.6166666666667000        1.0708127737424178       0.19348287809817361     
   2.6200000000000334        1.0701110337133404       0.15520791998978817     
   2.6233333333333668        1.0694224039727160       0.11781227013277493     
   2.6266666666667002        1.0687471865763081        8.1307897350863592E-002
   2.6300000000000336        1.0680856776967831        4.5706418699140459E-002
   2.6333333333333671        1.0674381674937983        1.1019099477009166E-002
   2.6366666666667005        1.0668049399867294       -2.2743146724100625E-002
   2.6400000000000339        1.0661862729300895       -5.5569757942808801E-002
   2.6433333333333673        1.0655824376916965       -8.7450523743367134E-002
   2.6466666666667007        1.0649936991336428      -0.11837558508826418     
   2.6500000000000341        1.0644203154961183      -0.14833543419141321     
   2.6533333333333675        1.0638625382841367      -0.17732091435495775     
   2.6566666666667009        1.0633206121572181      -0.20532321979242901     
   2.6600000000000343        1.0627947748220723      -0.23233389544118366     
   2.6633333333333677        1.0622852569283339      -0.25834483676608649     
   2.6666666666667012        1.0617922819673904      -0.28334828955701458     
   2.6700000000000346        1.0613160661743533      -0.30733684972188274     
   2.6733333333333680        1.0608568184332077      -0.33030346307712766     
   2.6766666666667014        1.0604147401851916      -0.35224142513690532     
   2.6800000000000348        1.0599900253404355      -0.37314438090280705     
   2.6833333333333682        1.0595828601929069      -0.39300632465491608     
   2.6866666666667016        1.0591934233386968      -0.41182159974541088     
   2.6900000000000350        1.0588218855976803      -0.42958489839551217     
   2.6933333333333684        1.0584684099385901      -0.44629126149653281     
   2.6966666666667019        1.0581331514075327      -0.46193607841551404     
   2.7000000000000353        1.0578162570599803      -0.47651508680602433     
   2.7033333333333687        1.0575178658962670      -0.49002437242422109     
   2.7066666666667021        1.0572381088006193      -0.50246036895055224     
   2.7100000000000355        1.0569771084837454      -0.51381985781706685     
   2.7133333333333689        1.0567349794290104      -0.52409996804029590     
   2.7166666666667023        1.0565118278422201      -0.53329817605968033     
   2.7200000000000357        1.0563077516050359      -0.54141230558107190     
   2.7233333333333691        1.0561228402320397      -0.54844052742543925     
   2.7266666666667025        1.0559571748314718      -0.55438135938191302     
   2.7300000000000360        1.0558108280696514      -0.55923366606505887     
   2.7333333333333694        1.0556838641391058      -0.56299665877568794     
   2.7366666666667028        1.0555763387304107      -0.56566989536480561     
   2.7400000000000362        1.0554882990077639      -0.56725328009976927     
   2.7433333333333696        1.0554197835882981      -0.56774706353227333     
   2.7466666666667030        1.0553708225251401      -0.56715184236729799     
   2.7500000000000364        1.0553414372942309      -0.56546855933220797     
   2.7533333333333698        1.0553316407849038      -0.56269850304524160     
   2.7566666666667032        1.0553414372942314      -0.55884330788266312     
   2.7600000000000366        1.0553708225251410      -0.55390495384330896     
   2.7633333333333701        1.0554197835882992      -0.54788576641012754     
   2.7666666666667035        1.0554882990077656      -0.54078841640738562     
   2.7700000000000369        1.0555763387304127      -0.53261591985271606     
   2.7733333333333703        1.0556838641391082      -0.52337163780292262     
   2.7766666666667037        1.0558108280696545      -0.51305927619269143     
   2.7800000000000371        1.0559571748314751      -0.50168288566491503     
   2.7833333333333705        1.0561228402320435      -0.48924686139166329     
   2.7866666666667039        1.0563077516050401      -0.47575594288472445     
   2.7900000000000373        1.0565118278422247      -0.46121521379452779     
   2.7933333333333707        1.0567349794290155      -0.44563010169617584     
   2.7966666666667042        1.0569771084837509      -0.42900637786155782     
   2.8000000000000376        1.0572381088006253      -0.41135015701619698     
   2.8033333333333710        1.0575178658962734      -0.39266789707944999     
   2.8066666666667044        1.0578162570599869      -0.37296639888701760     
   2.8100000000000378        1.0581331514075398      -0.35225280589403785     
   2.8133333333333712        1.0584684099385977      -0.33053460385759997     
   2.8166666666667046        1.0588218855976883      -0.30781962049714351     
   2.8200000000000380        1.0591934233387053      -0.28411602513110445     
   2.8233333333333714        1.0595828601929156      -0.25943232828838969     
   2.8266666666667049        1.0599900253404444      -0.23377738129284623     
   2.8300000000000383        1.0604147401852011      -0.20716037581911984     
   2.8333333333333717        1.0608568184332174      -0.17959084341798115     
   2.8366666666667051        1.0613160661743632      -0.15107865500941242     
   2.8400000000000385        1.0617922819674011      -0.12163402034112346     
   2.8433333333333719        1.0622852569283447       -9.1267487410868584E-002
   2.8466666666667053        1.0627947748220836       -5.9989941849945896E-002
   2.8500000000000387        1.0633206121572296       -2.7812606265895101E-002
   2.8533333333333721        1.0638625382841487        5.2529604581477516E-003
   2.8566666666667055        1.0644203154961305        3.9194863909980865E-002
   2.8600000000000390        1.0649936991336555        7.4000874943363798E-002
   2.8633333333333724        1.0655824376917093       0.10965843052422110     
   2.8666666666667058        1.0661862729301028       0.14615463463128833     
   2.8700000000000392        1.0668049399867432       0.18347625921386954     
   2.8733333333333726        1.0674381674938123       0.22160974521021395     
   2.8766666666667060        1.0680856776967973       0.26054120362980049     
   2.8800000000000394        1.0687471865763227       0.30025641670307790     
   2.8833333333333728        1.0694224039727309       0.34074083910241426     
   2.8866666666667062        1.0701110337133557       0.38197959923818631     
   2.8900000000000396        1.0708127737424333       0.42395750063399601     
   2.8933333333333731        1.0715273162535943       0.46665902338536908     
   2.8966666666667065        1.0722543478248776       0.51006832570639526     
   2.9000000000000399        1.0729935495562071       0.55416924556882907     
   2.9033333333333733        1.0737445972092730       0.59894530243884292     
   2.9066666666667067        1.0745071613497519       0.64437969911587045     
   2.9100000000000401        1.0752809074918090       0.69045532367961149     
   2.9133333333333735        1.0760654962448140       0.73715475154984933     
   2.9166666666667069        1.0768605834622087       0.78446024766528810     
   2.9200000000000403        1.0776658203924616       0.83235376878708756     
   2.9233333333333738        1.0784808538320423       0.88081696593307046     
   2.9266666666667072        1.0793053262803463       0.92983118694901779     
   2.9300000000000406        1.0801388760965092       0.97937747922352292     
   2.9333333333333740        1.0809811376580325        1.0294365925528937     
   2.9366666666667074        1.0818317415211582        1.0799889821630648     
   2.9400000000000408        1.0826903145829194        1.1310148118956755     
   2.9433333333333742        1.0835564802447950        1.1824939575651725     
   2.9466666666667076        1.0844298585778984        1.2344060104947283     
   2.9500000000000410        1.0853100664896278        1.2867302812381292     
   2.9533333333333744        1.0861967178917014        1.3394458034955661     
   2.9566666666667079        1.0870894238695108        1.3925313382310014     
   2.9600000000000413        1.0879877928527093        1.4459653779990251     
   2.9633333333333747        1.0888914307869699        1.4997261514892977     
   2.9666666666667081        1.0897999413068287        1.5537916282966449     
   2.9700000000000415        1.0907129259095458        1.6081395239250553     
   2.9733333333333749        1.0916299841298993        1.6627473050334454     
   2.9766666666667083        1.0925507137158454        1.7175921949320616     
   2.9800000000000417        1.0934747108049567        1.7726511793371360     
   2.9833333333333751        1.0944015701015719        1.8279010123924260     
   2.9866666666667085        1.0953308850545702        1.8833182229654930     
   2.9900000000000420        1.0962622480356994        1.9388791212270784     
   2.9933333333333754        1.0971952505183740        1.9945598055213054     
   2.9966666666667088        1.0981294832568691        2.0503361695346412     
   3.0000000000000422        1.0990645364658287        2.1061839097712078     
