   3.3333333333333335E-003   1.1000000000000001        6.2823730318752045     
   6.6666666666666671E-003   1.1029581954360497        6.4756913699644230     
   1.0000000000000000E-002   1.1059150933098116        6.6698741467109155     
   1.3333333333333334E-002   1.1088693966281524        6.8648501157325725     
   1.6666666666666666E-002   1.1118198095359957        7.0605463216755568     
   2.0000000000000000E-002   1.1147650378847282        7.2568880552006556     
   2.3333333333333334E-002   1.1177037897998554        7.4537988083255780     
   2.6666666666666668E-002   1.1206347762476605        7.6512002303785165     
   3.0000000000000002E-002   1.1235567116006178        7.8490120848395160     
   3.3333333333333333E-002   1.1264683142013105        8.0471522073665565     
   3.6666666666666667E-002   1.1293683069246083        8.2455364653240544     
   4.0000000000000001E-002   1.1322554177378577        8.4440787191528930     
   4.3333333333333335E-002   1.1351283802588354        8.6426907859392248     
   4.6666666666666669E-002   1.1379859343112280        8.8412824055613584     
   5.0000000000000003E-002   1.1408268264773849        9.0397612098106688     
   5.3333333333333337E-002   1.1436498106481092        9.2380326949011042     
   5.6666666666666671E-002   1.1464536485692438        9.4360001977986911     
   6.0000000000000005E-002   1.1492371103848085        9.6335648768158784     
   6.3333333333333339E-002   1.1519989751764566        9.8306256969306318     
   6.6666666666666666E-002   1.1547380314990101        10.027079420299680     
   6.9999999999999993E-002   1.1574530779118395        10.222820602445275     
   7.3333333333333320E-002   1.1601429235058545        10.417741594600374     
   7.6666666666666647E-002   1.1628063884258777        10.611732552701362     
   7.9999999999999974E-002   1.1654423043881668        10.804681453517187     
   8.3333333333333301E-002   1.1680495151928629        10.996474118401171     
   8.6666666666666628E-002   1.1706268772311379        11.186994245145456     
   8.9999999999999955E-002   1.1731732599868192        11.376123448407176     
   9.3333333333333282E-002   1.1756875465322714        11.563741309161831     
   9.6666666666666609E-002   1.1781686340183177        11.749725433620011     
   9.9999999999999936E-002   1.1806154341579860        11.933951522021186     
  0.10333333333333326        1.1830268737038678        12.116293447690943     
  0.10666666666666659        1.1854018949188792        12.296623346714599     
  0.10999999999999992        1.1877394560402199        12.474811718545626     
  0.11333333333333324        1.1900385317363256        12.650727537823135     
  0.11666666666666657        1.1922981135566102        12.824238377627905     
  0.11999999999999990        1.1945172103738078        12.995210544355114     
  0.12333333333333323        1.1966948488187124        13.163509224326067     
  0.12666666666666657        1.1988300737071305        13.328998642201029     
  0.12999999999999989        1.2009219484588560        13.491542231191987     
  0.13333333333333322        1.2029695555084861        13.651002815004684     
  0.13666666666666655        1.2049719967078945        13.807242801369053     
  0.13999999999999987        1.2069283937201898        13.960124386940869     
  0.14333333333333320        1.2088378884049831        14.109509773281005     
  0.14666666666666653        1.2106996431947961        14.255261393538296     
  0.14999999999999986        1.2125128414624462        14.397242149380347     
  0.15333333333333318        1.2142766878792470        14.535315657634376     
  0.15666666666666651        1.2159904087638640        14.669346506016931     
  0.15999999999999984        1.2176532524216783        14.799200517249227     
  0.16333333333333316        1.2192644894745042        14.924745020771756     
  0.16666666666666649        1.2208234131805182        15.045849131193840     
  0.16999999999999982        1.2223293397442601        15.162384032534638     
  0.17333333333333314        1.2237816086165678        15.274223267239694     
  0.17666666666666647        1.2251795827843157        15.381243028886010     
  0.17999999999999980        1.2265226490498307        15.483322457424601     
  0.18333333333333313        1.2278102182998596        15.580343935750436     
  0.18666666666666645        1.2290417257639752        15.672193386336351     
  0.18999999999999978        1.2302166312623015        15.758760566622952     
  0.19333333333333311        1.2313344194424565        15.839939361819125     
  0.19666666666666643        1.2323946000056007        15.915628073737548     
  0.19999999999999976        1.2333967079215002        15.985729704271767     
  0.20333333333333309        1.2343403036325029        16.050152232109852     
  0.20666666666666642        1.2352249732463436        16.108808881279074     
  0.20999999999999974        1.2360503287176916        16.161618380127535     
  0.21333333333333307        1.2368160080183583        16.208505209367281     
  0.21666666666666640        1.2375216752960969        16.249399837836190     
  0.21999999999999972        1.2381670210219169        16.284238944676190     
  0.22333333333333305        1.2387517621258539        16.312965626678274     
  0.22666666666666638        1.2392756421211339        16.335529589606971     
  0.22999999999999970        1.2397384312166766        16.351887322388865     
  0.23333333333333303        1.2401399264178892        16.362002253131735     
  0.23666666666666636        1.2404799516157070        16.365844886031468     
  0.23999999999999969        1.2407583576638403        16.363392918322301     
  0.24333333333333301        1.2409750224441953        16.354631336532726     
  0.24666666666666634        1.2411298509204380        16.339552491421689     
  0.24999999999999967        1.2412227751796818        16.318156151089067     
  0.25333333333333302        1.2412537544622757        16.290449531876313     
  0.25666666666666638        1.2412227751796820        16.256447306801231     
  0.25999999999999973        1.2411298509204380        16.216171591400027     
  0.26333333333333309        1.2409750224441953        16.169651906979308     
  0.26666666666666644        1.2407583576638406        16.116925121413562     
  0.26999999999999980        1.2404799516157070        16.058035367752158     
  0.27333333333333315        1.2401399264178892        15.993033941028914     
  0.27666666666666651        1.2397384312166766        15.921979173790913     
  0.27999999999999986        1.2392756421211339        15.844936290985386     
  0.28333333333333321        1.2387517621258539        15.761977244957299     
  0.28666666666666657        1.2381670210219171        15.673180531419566     
  0.28999999999999992        1.2375216752960971        15.578630987359952     
  0.29333333333333328        1.2368160080183586        15.478419571942105     
  0.29666666666666663        1.2360503287176916        15.372643131542850     
  0.29999999999999999        1.2352249732463438        15.261404150144642     
  0.30333333333333334        1.2343403036325029        15.144810486366206     
  0.30666666666666670        1.2333967079215002        15.022975098472015     
  0.31000000000000005        1.2323946000056010        14.896015758743918     
  0.31333333333333341        1.2313344194424565        14.764054758634554     
  0.31666666666666676        1.2302166312623015        14.627218606144867     
  0.32000000000000012        1.2290417257639752        14.485637716879936     
  0.32333333333333347        1.2278102182998598        14.339446100241020     
  0.32666666666666683        1.2265226490498307        14.188781042202757     
  0.33000000000000018        1.2251795827843157        14.033782786106052     
  0.33333333333333354        1.2237816086165678        13.874594212869704     
  0.33666666666666689        1.2223293397442601        13.711360521988123     
  0.34000000000000025        1.2208234131805182        13.544228914635669     
  0.34333333333333360        1.2192644894745042        13.373348280147049     
  0.34666666666666696        1.2176532524216783        13.198868887082444     
  0.35000000000000031        1.2159904087638640        13.020942080020149     
  0.35333333333333367        1.2142766878792470        12.839719983148695     
  0.35666666666666702        1.2125128414624462        12.655355211653085     
  0.36000000000000038        1.2106996431947958        12.468000591811338     
  0.36333333333333373        1.2088378884049829        12.277808890632791     
  0.36666666666666708        1.2069283937201898        12.084932555786347     
  0.37000000000000044        1.2049719967078942        11.889523466478485     
  0.37333333333333379        1.2029695555084858        11.691732695855613     
  0.37666666666666715        1.2009219484588558        11.491710285416220     
  0.38000000000000050        1.1988300737071302        11.289605031834004     
  0.38333333333333386        1.1966948488187121        11.085564286506862     
  0.38666666666666721        1.1945172103738075        10.879733768065435     
  0.39000000000000057        1.1922981135566100        10.672257387993179     
  0.39333333333333392        1.1900385317363251        10.463277089434852     
  0.39666666666666728        1.1877394560402197        10.252932699195403     
  0.40000000000000063        1.1854018949188787        10.041361792863210     
  0.40333333333333399        1.1830268737038674        9.8286995729250055     
  0.40666666666666734        1.1806154341579855        9.6150787596810261     
  0.41000000000000070        1.1781686340183173        9.4006294947115308     
  0.41333333333333405        1.1756875465322709        9.1854792565950465     
  0.41666666666666741        1.1731732599868185        8.9697527885340662     
  0.42000000000000076        1.1706268772311372        8.7535720375006569     
  0.42333333333333412        1.1680495151928623        8.5370561044799835     
  0.42666666666666747        1.1654423043881663        8.3203212053579918     
  0.43000000000000083        1.1628063884258770        8.1034806419734977     
  0.43333333333333418        1.1601429235058538        7.8866447828326862     
  0.43666666666666754        1.1574530779118388        7.6699210529678066     
  0.44000000000000089        1.1547380314990094        7.4534139324083233     
  0.44333333333333425        1.1519989751764559        7.2372249627252376     
  0.44666666666666760        1.1492371103848078        7.0214527611032782     
  0.45000000000000095        1.1464536485692431        6.8061930413961713     
  0.45333333333333431        1.1436498106481086        6.5915386416211863     
  0.45666666666666766        1.1408268264773840        6.3775795573557428     
  0.46000000000000102        1.1379859343112271        6.1644029805065736     
  0.46333333333333437        1.1351283802588346        5.9520933429332743     
  0.46666666666666773        1.1322554177378568        5.7407323644204968     
  0.47000000000000108        1.1293683069246074        5.5303991045097307     
  0.47333333333333444        1.1264683142013094        5.3211700177167618     
  0.47666666666666779        1.1235567116006169        5.1131190116806540     
  0.48000000000000115        1.1206347762476596        4.9063175078093968     
  0.48333333333333450        1.1177037897998543        4.7008345040077186     
  0.48666666666666786        1.1147650378847271        4.4967366390943093     
  0.49000000000000121        1.1118198095359948        4.2940882585376388     
  0.49333333333333457        1.1088693966281513        4.0929514811616423     
  0.49666666666666792        1.1059150933098105        3.8933862664953769     
  0.50000000000000122        1.1029581954360486        3.6954504824628120     
  0.50333333333333452        1.0999999999999990        3.4991999731314403     
  0.50666666666666782        1.0970418045639494        3.3046886262606963     
  0.51000000000000112        1.0940849066901874        3.1119684404118626     
  0.51333333333333442        1.0911306033718466        2.9210895914032746     
  0.51666666666666772        1.0881801904640036        2.7321004979141965     
  0.52000000000000102        1.0852349621152710        2.5450478860607166     
  0.52333333333333432        1.0822962102001439        2.3599768527861316     
  0.52666666666666762        1.0793652237523388        2.1769309279259415     
  0.53000000000000091        1.0764432883993815        1.9959521348249041     
  0.53333333333333421        1.0735316857986890        1.8170810494002629     
  0.53666666666666751        1.0706316930753910        1.6403568575595873     
  0.54000000000000081        1.0677445822621419        1.4658174108973272     
  0.54333333333333411        1.0648716197411641        1.2934992806063941     
  0.54666666666666741        1.0620140656887715        1.1234378095544395     
  0.55000000000000071        1.0591731735226149       0.95566716248538075     
  0.55333333333333401        1.0563501893518903       0.79022037431774750     
  0.55666666666666731        1.0535463514307557       0.62712939652091249     
  0.56000000000000061        1.0507628896151913       0.46642514155917120     
  0.56333333333333391        1.0480010248235432       0.30813752540146405     
  0.56666666666666721        1.0452619685009896       0.15229550810218609     
  0.57000000000000051        1.0425469220881605       -1.0728675357590083E-003
  0.57333333333333381        1.0398570764941453      -0.15194043919815095     
  0.57666666666666710        1.0371936115741220      -0.30028089017445964     
  0.58000000000000040        1.0345576956118330      -0.44606871632437911     
  0.58333333333333370        1.0319504848071370      -0.58927919486485558     
  0.58666666666666700        1.0293731227688621      -0.72988835494405757     
  0.59000000000000030        1.0268267400131807      -0.86787294996554443     
  0.59333333333333360        1.0243124534677286       -1.0032104316236552     
  0.59666666666666690        1.0218313659816822       -1.1358789256091604     
  0.60000000000000020        1.0193845658420140       -1.2658572089426667     
  0.60333333333333350        1.0169731262961323       -1.3931246888918389     
  0.60666666666666680        1.0145981050811210       -1.5176613834277999     
  0.61000000000000010        1.0122605439597800       -1.6394479031749056     
  0.61333333333333340        1.0099614682636746       -1.7584654348079101     
  0.61666666666666670        1.0077018864433900       -1.8746957258500527     
  0.62000000000000000        1.0054827896261924       -1.9881210708250390     
  0.62333333333333329        1.0033051511812878       -2.0987242987163017     
  0.62666666666666659        1.0011699262928697       -2.2064887616864843     
  0.62999999999999989       0.99907805154114415       -2.2983962343484441     
  0.63333333333333319       0.99703044449151412       -2.3718524933003917     
  0.63666666666666649       0.99502800329210572       -2.4434660584195393     
  0.63999999999999979       0.99307160627981039       -2.5132051688079016     
  0.64333333333333309       0.99116211159501721       -2.5810387333684321     
  0.64666666666666639       0.98930035680520423       -2.6469363493342208     
  0.64999999999999969       0.98748715853755398       -2.7108683210026201     
  0.65333333333333299       0.98572331212075326       -2.7728056786436972     
  0.65666666666666629       0.98400959123613629       -2.8327201975499507     
  0.65999999999999959       0.98234674757832197       -2.8905844171920672     
  0.66333333333333289       0.98073551052549623       -2.9463716604431478     
  0.66666666666666619       0.97917658681948205       -3.0000560528319986     
  0.66999999999999948       0.97767066025574012       -3.0516125417839706     
  0.67333333333333278       0.97621839138343258       -3.1010169158064191     
  0.67666666666666608       0.97482041721568458       -3.1482458235740247     
  0.67999999999999938       0.97347735095016963       -3.1932767928680748     
  0.68333333333333268       0.97218978170014070       -3.2360882493226817     
  0.68666666666666598       0.97095827423602521       -3.2766595349299430     
  0.68999999999999928       0.96978336873769877       -3.3149709262553162     
  0.69333333333333258       0.96866558055754381       -3.3510036523142772     
  0.69666666666666588       0.96760539999439954       -3.3847399120607848     
  0.69999999999999918       0.96660329207850015       -3.4161628914384918     
  0.70333333333333248       0.96565969636749749       -3.4452567799455274     
  0.70666666666666578       0.96477502675365667       -3.4720067866646547     
  0.70999999999999908       0.96394967128230880       -3.4963991557110763     
  0.71333333333333238       0.96318399198164195       -3.5184211810513144     
  0.71666666666666567       0.96247832470390327       -3.5380612206479185     
  0.71999999999999897       0.96183297897808329       -3.5553087098863236     
  0.72333333333333227       0.96124823787414637       -3.5701541742417398     
  0.72666666666666557       0.96072435787886645       -3.5825892411462177     
  0.72999999999999887       0.96026156878332380       -3.5926066510181394     
  0.73333333333333217       0.95986007358211112       -3.6002002674186189     
  0.73666666666666547       0.95952004838429317       -3.6053650863022328     
  0.73999999999999877       0.95924164233615983       -3.6080972443320714     
  0.74333333333333207       0.95902497755580485       -3.6083940262319540     
  0.74666666666666537       0.95887014907956214       -3.6062538711519641     
  0.74999999999999867       0.95877722482031824       -3.6016763780265486     
  0.75333333333333197       0.95874624553772447       -3.5946623099075707     
  0.75666666666666527       0.95877722482031824       -3.5852135972584640     
  0.75999999999999857       0.95887014907956203       -3.5733333401986576     
  0.76333333333333186       0.95902497755580474       -3.5590258096912590     
  0.76666666666666516       0.95924164233615961       -3.5422964476702985     
  0.76999999999999846       0.95952004838429295       -3.5231518661074821     
  0.77333333333333176       0.95986007358211078       -3.5015998450216750     
  0.77666666666666506       0.96026156878332336       -3.4776493294380924     
  0.77999999999999836       0.96072435787886601       -3.4513104253072200     
  0.78333333333333166       0.96124823787414593       -3.4225943943969681     
  0.78666666666666496       0.96183297897808284       -3.3915136481746018     
  0.78999999999999826       0.96247832470390271       -3.3580817406983354     
  0.79333333333333156       0.96318399198164140       -3.3223133605409023     
  0.79666666666666486       0.96394967128230813       -3.2842243217706759     
  0.79999999999999816       0.96477502675365601       -3.2438315540180778     
  0.80333333333333146       0.96565969636749682       -3.2011530916577819     
  0.80666666666666476       0.96660329207849938       -3.1562080621390458     
  0.80999999999999805       0.96760539999439865       -3.1090166734987164     
  0.81333333333333135       0.96866558055754304       -3.0596002010932972     
  0.81666666666666465       0.96978336873769777       -3.0079809735876601     
  0.81999999999999795       0.97095827423602421       -2.9541823582396347     
  0.82333333333333125       0.97218978170013970       -2.8982287455207523     
  0.82666666666666455       0.97347735095016863       -2.8401455331139749     
  0.82999999999999785       0.97482041721568347       -2.7799591093301257     
  0.83333333333333115       0.97621839138343136       -2.7176968359851434     
  0.83666666666666445       0.97767066025573901       -2.6533870307801188     
  0.83999999999999775       0.97917658681948083       -2.5870589492262548     
  0.84333333333333105       0.98073551052549490       -2.5187427661564872     
  0.84666666666666435       0.98234674757832063       -2.4484695568650081     
  0.84999999999999765       0.98400959123613485       -2.3762712779150759     
  0.85333333333333095       0.98572331212075182       -2.3021807476548863     
  0.85666666666666424       0.98748715853755253       -2.2262316264797186     
  0.85999999999999754       0.98930035680520279       -2.1484583968777771     
  0.86333333333333084       0.99116211159501566       -2.0688963432953154     
  0.86666666666666414       0.99307160627980884       -1.9875815318553713     
  0.86999999999999744       0.99502800329210406       -1.9045507899624832     
  0.87333333333333074       0.99703044449151246       -1.8198416858240416     
  0.87666666666666404       0.99907805154114238       -1.7334925079171182     
  0.87999999999999734        1.0011699262928679       -1.6289341341218919     
  0.88333333333333064        1.0033051511812860       -1.5088282170270799     
  0.88666666666666394        1.0054827896261906       -1.3862299291422295     
  0.88999999999999724        1.0077018864433880       -1.2611673167722524     
  0.89333333333333054        1.0099614682636726       -1.1336690930600983     
  0.89666666666666384        1.0122605439597780       -1.0037646455716698     
  0.89999999999999714        1.0145981050811190      -0.87148404466219720     
  0.90333333333333043        1.0169731262961303      -0.73685805266704363     
  0.90666666666666373        1.0193845658420120      -0.59991813395976945     
  0.90999999999999703        1.0218313659816802      -0.46069646592118685     
  0.91333333333333033        1.0243124534677266      -0.31922595086279903     
  0.91666666666666363        1.0268267400131788      -0.17554022894880539     
  0.91999999999999693        1.0293731227688601       -2.9673692159881377E-002
  0.92333333333333023        1.0319504848071348       0.11833850065726256     
  0.92666666666666353        1.0345576956118308       0.26846040761203649     
  0.92999999999999683        1.0371936115741200       0.42065528642139233     
  0.93333333333333013        1.0398570764941431       0.57488557584952726     
  0.93666666666666343        1.0425469220881582       0.73111287589646134     
  0.93999999999999673        1.0452619685009874       0.88929792669722707     
  0.94333333333333003        1.0480010248235407        1.0494005860967024     
  0.94666666666666333        1.0507628896151890        1.2113798058670455     
  0.94999999999999662        1.0535463514307535        1.3751936065382970     
  0.95333333333332992        1.0563501893518881        1.5407990508168863     
  0.95666666666666322        1.0591731735226124        1.7081522155703983     
  0.95999999999999652        1.0620140656887693        1.8772081623634074     
  0.96333333333332982        1.0648716197411616        2.0479209065334119     
  0.96666666666666312        1.0677445822621394        2.2202433848041814     
  0.96999999999999642        1.0706316930753885        2.3941274214397890     
  0.97333333333332972        1.0735316857986865        2.5695236929515266     
  0.97666666666666302        1.0764432883993793        2.7463816913787502     
  0.97999999999999632        1.0793652237523363        2.9246496861746230     
  0.98333333333332962        1.0822962102001414        3.1042746847383591     
  0.98666666666666292        1.0852349621152686        3.2852023916471857     
  0.98999999999999622        1.0881801904640012        3.4673771666543751     
  0.99333333333332952        1.0911306033718444        3.6507419815323816     
  0.99666666666666281        1.0940849066901850        3.8352383758551989     
  0.99999999999999611        1.0970418045639470        4.0208064118291587     
   1.0033333333333294        1.0999999999999968        4.2073846282970484     
   1.0066666666666628        1.1029581954360461        4.3949099940585663     
   1.0099999999999962        1.1059150933098083        4.5833178606667024     
   1.0133333333333296        1.1088693966281491        4.7725419148788291     
   1.0166666666666631        1.1118198095359926        4.9625141309602974     
   1.0199999999999965        1.1147650378847249        5.1531647230579560     
   1.0233333333333299        1.1177037897998523        5.3444220978816634     
   1.0266666666666633        1.1206347762476576        5.5362128079512631     
   1.0299999999999967        1.1235567116006149        5.7284615056892054     
   1.0333333333333301        1.1264683142013077        5.9210908986579067     
   1.0366666666666635        1.1293683069246057        6.1140217062630970     
   1.0399999999999969        1.1322554177378550        6.3071726182645609     
   1.0433333333333303        1.1351283802588328        6.5004602554560362     
   1.0466666666666637        1.1379859343112255        6.6937991328955020     
   1.0499999999999972        1.1408268264773822        6.8871016260857543     
   1.0533333333333306        1.1436498106481068        7.0802779405236533     
   1.0566666666666640        1.1464536485692416        7.2732360850519351     
   1.0599999999999974        1.1492371103848062        7.4658818494630079     
   1.0633333333333308        1.1519989751764543        7.6581187868177079     
   1.0666666666666642        1.1547380314990081        7.8498482009520698     
   1.0699999999999976        1.1574530779118373        8.0409691396553935     
   1.0733333333333310        1.1601429235058525        8.2313783940082352     
   1.0766666666666644        1.1628063884258759        8.4209705043729564     
   1.0799999999999979        1.1654423043881650        8.6096377735297338     
   1.0833333333333313        1.1680495151928612        8.7972702874482316     
   1.0866666666666647        1.1706268772311363        8.9837559441782915     
   1.0899999999999981        1.1731732599868177        9.1689804913328654     
   1.0933333333333315        1.1756875465322698        9.3528275726226155     
   1.0966666666666649        1.1781686340183164        9.5351787838818076     
   1.0999999999999983        1.1806154341579849        9.7159137390031898     
   1.1033333333333317        1.1830268737038665        9.8949101461719682     
   1.1066666666666651        1.1854018949188780        10.072043894756003     
   1.1099999999999985        1.1877394560402190        10.247189153173453     
   1.1133333333333320        1.1900385317363245        10.420218478016464     
   1.1166666666666654        1.1922981135566093        10.591002934664523     
   1.1199999999999988        1.1945172103738069        10.759412229567621     
   1.1233333333333322        1.1966948488187117        10.925314854326780     
   1.1266666666666656        1.1988300737071298        11.088578241636545     
   1.1299999999999990        1.2009219484588554        11.249068933091801     
   1.1333333333333324        1.2029695555084856        11.406652758791928     
   1.1366666666666658        1.2049719967078940        11.561195028603784     
   1.1399999999999992        1.2069283937201893        11.712560734871101     
   1.1433333333333326        1.2088378884049826        11.860614766277877     
   1.1466666666666661        1.2106996431947956        12.005222132495948     
   1.1499999999999995        1.2125128414624460        12.146248199163743     
   1.1533333333333329        1.2142766878792468        12.283558932660551     
   1.1566666666666663        1.2159904087638638        12.417021154058704     
   1.1599999999999997        1.2176532524216781        12.546502801551918     
   1.1633333333333331        1.2192644894745039        12.671873200576790     
   1.1666666666666665        1.2208234131805182        12.793003340764619     
   1.1699999999999999        1.2223293397442601        12.909766158783080     
   1.1733333333333333        1.2237816086165678        13.022036826053021     
   1.1766666666666667        1.2251795827843157        13.129693040255914     
   1.1800000000000002        1.2265226490498307        13.232615319482372     
   1.1833333333333336        1.2278102182998598        13.330687297813416     
   1.1866666666666670        1.2290417257639752        13.423796021072313     
   1.1900000000000004        1.2302166312623017        13.511832241441075     
   1.1933333333333338        1.2313344194424567        13.594690709596108     
   1.1966666666666672        1.2323946000056010        13.672270462990125     
   1.2000000000000006        1.2333967079215005        13.744475108886526     
   1.2033333333333340        1.2343403036325031        13.811213100742224     
   1.2066666666666674        1.2352249732463438        13.872398006534798     
   1.2100000000000009        1.2360503287176918        13.927948767639334     
   1.2133333333333343        1.2368160080183586        13.977789946880275     
   1.2166666666666677        1.2375216752960974        14.021851964415873     
   1.2200000000000011        1.2381670210219171        14.060071320152126     
   1.2233333333333345        1.2387517621258541        14.092390801437752     
   1.2266666666666679        1.2392756421211342        14.118759674851002     
   1.2300000000000013        1.2397384312166766        14.139133860963655     
   1.2333333333333347        1.2401399264178894        14.153476091047821     
   1.2366666666666681        1.2404799516157072        14.161756044781466     
   1.2400000000000015        1.2407583576638406        14.163950468108174     
   1.2433333333333350        1.2409750224441953        14.160043270511698     
   1.2466666666666684        1.2411298509204380        14.150025601079232     
   1.2500000000000018        1.2412227751796820        14.133895902845461     
   1.2533333333333352        1.2412537544622757        14.111659945032596     
   1.2566666666666686        1.2412227751796818        14.083330832928150     
   1.2600000000000020        1.2411298509204380        14.048928995271996     
   1.2633333333333354        1.2409750224441951        14.008482149153609     
   1.2666666666666688        1.2407583576638403        13.962025242552958     
   1.2700000000000022        1.2404799516157068        13.909600374786939     
   1.2733333333333356        1.2401399264178889        13.851256695251893     
   1.2766666666666691        1.2397384312166762        13.787050280977240     
   1.2800000000000025        1.2392756421211337        13.717043993625976     
   1.2833333333333359        1.2387517621258537        13.641307316691620     
   1.2866666666666693        1.2381670210219167        13.559916173752272     
   1.2900000000000027        1.2375216752960967        13.472952728741603     
   1.2933333333333361        1.2368160080183579        13.380505169292087     
   1.2966666666666695        1.2360503287176909        13.282667474289411     
   1.3000000000000029        1.2352249732463429        13.179539166853798     
   1.3033333333333363        1.2343403036325022        13.071225054028590     
   1.3066666666666698        1.2333967079214994        12.957834954512286     
   1.3100000000000032        1.2323946000056001        12.839483415815993     
   1.3133333333333366        1.2313344194424556        12.716289422260626     
   1.3166666666666700        1.2302166312623006        12.588376095253635     
   1.3200000000000034        1.2290417257639741        12.455870387296253     
   1.3233333333333368        1.2278102182998585        12.318902771175104     
   1.3266666666666702        1.2265226490498295        12.177606925783433     
   1.3300000000000036        1.2251795827843144        12.032119419999159     
   1.3333333333333370        1.2237816086165665        11.882579396019826     
   1.3366666666666704        1.2223293397442587        11.729128253516002     
   1.3400000000000039        1.2208234131805167        11.571909335922701     
   1.3433333333333373        1.2192644894745024        11.411067620132204     
   1.3466666666666707        1.2176532524216765        11.246749410794596     
   1.3500000000000041        1.2159904087638622        11.079102040364635     
   1.3533333333333375        1.2142766878792450        10.908273575962719     
   1.3566666666666709        1.2125128414624442        10.734412534042040     
   1.3600000000000043        1.2106996431947938        10.557667603772797     
   1.3633333333333377        1.2088378884049809        10.378187379972694     
   1.3666666666666711        1.2069283937201876        10.196120106327038     
   1.3700000000000045        1.2049719967078920        10.011613429555794     
   1.3733333333333380        1.2029695555084836        9.8248141650969831     
   1.3766666666666714        1.2009219484588534        9.6358680747899079     
   1.3800000000000048        1.1988300737071276        9.4449196569546565     
   1.3833333333333382        1.1966948488187092        9.2521119491801471     
   1.3866666666666716        1.1945172103738046        9.0575863440497510     
   1.3900000000000050        1.1922981135566069        8.8614824179547576     
   1.3933333333333384        1.1900385317363220        8.6639377730675964     
   1.3966666666666718        1.1877394560402164        8.4650878924747683     
   1.4000000000000052        1.1854018949188754        8.2650660083991578     
   1.4033333333333387        1.1830268737038641        8.0640029833772644     
   1.4066666666666721        1.1806154341579822        7.8620272041955399     
   1.4100000000000055        1.1781686340183137        7.6592644883346370     
   1.4133333333333389        1.1756875465322671        7.4558380026196227     
   1.4166666666666723        1.1731732599868150        7.2518681937277520     
   1.4200000000000057        1.1706268772311335        7.0474727301645652     
   1.4233333333333391        1.1680495151928585        6.8427664552840053     
   1.4266666666666725        1.1654423043881623        6.6378613508952560     
   1.4300000000000059        1.1628063884258730        6.4328665109749439     
   1.4333333333333393        1.1601429235058496        6.2278881249802875     
   1.4366666666666728        1.1574530779118344        6.0230294702426406     
   1.4400000000000062        1.1547380314990052        5.8183909129081313     
   1.4433333333333396        1.1519989751764514        5.6140699168832944     
   1.4466666666666730        1.1492371103848031        5.4101610602396883     
   1.4500000000000064        1.1464536485692385        5.2067560585299244     
   1.4533333333333398        1.1436498106481039        5.0039437944706329     
   1.4566666666666732        1.1408268264773793        4.8018103534529999     
   1.4600000000000066        1.1379859343112224        4.6004390643506312     
   1.4633333333333400        1.1351283802588297        4.3999105451046372     
   1.4666666666666734        1.1322554177378519        4.2003027525801260     
   1.4700000000000069        1.1293683069246025        4.0016910362027849     
   1.4733333333333403        1.1264683142013043        3.8041481949019702     
   1.4766666666666737        1.1235567116006118        3.6077445369049146     
   1.4800000000000071        1.1206347762476543        3.4125479419463742     
   1.4833333333333405        1.1177037897998492        3.2186239254792803     
   1.4866666666666739        1.1147650378847218        3.0260357044927879     
   1.4900000000000073        1.1118198095359892        2.8348442645672329     
   1.4933333333333407        1.1088693966281460        2.6451084278164285     
   1.4966666666666741        1.1059150933098052        2.4568849213921844     
   1.5000000000000075        1.1029581954360430        2.2702284462467768     
   1.5033333333333410        1.0999999999999934        2.0851917458728022     
   1.5066666666666744        1.0970418045639436        1.9018256747610736     
   1.5100000000000078        1.0940849066901817        1.7201792663396480     
   1.5133333333333412        1.0911306033718409        1.5402998001774804     
   1.5166666666666746        1.0881801904639974        1.3622328682574494     
   1.5200000000000080        1.0852349621152650        1.1860224401426629     
   1.5233333333333414        1.0822962102001377        1.0117109268791953     
   1.5266666666666748        1.0793652237523326       0.83933924349703126     
   1.5300000000000082        1.0764432883993753       0.66894686998702513     
   1.5333333333333417        1.0735316857986825       0.50057191064974149     
   1.5366666666666751        1.0706316930753845       0.33425115172589587     
   1.5400000000000085        1.0677445822621352       0.17002011723353019     
   1.5433333333333419        1.0648716197411574        7.9131229500742344E-003
   1.5466666666666753        1.0620140656887649      -0.15203667150952679     
   1.5500000000000087        1.0591731735226080      -0.30979721255661380     
   1.5533333333333421        1.0563501893518836      -0.46533750446084737     
   1.5566666666666755        1.0535463514307490      -0.61862756316813694     
   1.5600000000000089        1.0507628896151844      -0.76963837211216624     
   1.5633333333333423        1.0480010248235363      -0.91834184001998387     
   1.5666666666666758        1.0452619685009827       -1.0647107607043291     
   1.5700000000000092        1.0425469220881534       -1.2087187748292134     
   1.5733333333333426        1.0398570764941384       -1.3503403336293156     
   1.5766666666666760        1.0371936115741152       -1.4895506645588488     
   1.5800000000000094        1.0345576956118261       -1.6263257388407064     
   1.5833333333333428        1.0319504848071299       -1.7606422408834383     
   1.5866666666666762        1.0293731227688550       -1.8924775395297209     
   1.5900000000000096        1.0268267400131739       -2.0218096610974681     
   1.5933333333333430        1.0243124534677217       -2.1486172641722510     
   1.5966666666666764        1.0218313659816753       -2.2728796161076787     
   1.6000000000000099        1.0193845658420071       -2.3945765711888938     
   1.6033333333333433        1.0169731262961252       -2.5136885504129647     
   1.6066666666666767        1.0145981050811141       -2.6301965228389035     
   1.6100000000000101        1.0122605439597732       -2.7440819884595182     
   1.6133333333333435        1.0099614682636677       -2.8553269625462012     
   1.6166666666666769        1.0077018864433831       -2.9639139614182808     
   1.6200000000000103        1.0054827896261855       -3.0698259895872431     
   1.6233333333333437        1.0033051511812812       -3.1730465282269558     
   1.6266666666666771        1.0011699262928631       -3.2735595249205534     
   1.6300000000000106       0.99907805154113749       -3.3583472939725207     
   1.6333333333333440       0.99703044449150757       -3.4248160969974153     
   1.6366666666666774       0.99502800329209928       -3.4895748852753754     
   1.6400000000000108       0.99307160627980406       -3.5525922767680655     
   1.6433333333333442       0.99116211159501100       -3.6138375077694409     
   1.6466666666666776       0.98930035680519812       -3.6732804525124538     
   1.6500000000000110       0.98748715853754798       -3.7308916429815246     
   1.6533333333333444       0.98572331212074737       -3.7866422888978790     
   1.6566666666666778       0.98400959123613052       -3.8405042978428088     
   1.6600000000000112       0.98234674757831630       -3.8924502954815807     
   1.6633333333333447       0.98073551052549068       -3.9424536458486479     
   1.6666666666666781       0.97917658681947672       -3.9904884716526672     
   1.6700000000000115       0.97767066025573490       -4.0365296745582189     
   1.6733333333333449       0.97621839138342748       -4.0805529553994990     
   1.6766666666666783       0.97482041721567958       -4.1225348342795112     
   1.6800000000000117       0.97347735095016485       -4.1624526705073723     
   1.6833333333333451       0.97218978170013604       -4.2002846823251030     
   1.6866666666666785       0.97095827423602077       -4.2360099663744375     
   1.6900000000000119       0.96978336873769444       -4.2696085168537010     
   1.6933333333333453       0.96866558055753971       -4.3010612443143064     
   1.6966666666666788       0.96760539999439565       -4.3303499940464203     
   1.7000000000000122       0.96660329207849638       -4.3574575640033339     
   1.7033333333333456       0.96565969636749394       -4.3823677222146111     
   1.7066666666666790       0.96477502675365334       -4.4050652236386298     
   1.7100000000000124       0.96394967128230569       -4.4255358264058442     
   1.7133333333333458       0.96318399198163895       -4.4437663074057276     
   1.7166666666666792       0.96247832470390060       -4.4597444771710322     
   1.7200000000000126       0.96183297897808084       -4.4734591940153230     
   1.7233333333333460       0.96124823787414404       -4.4849003773809848     
   1.7266666666666795       0.96072435787886434       -4.4940590203575130     
   1.7300000000000129       0.96026156878332203       -4.5009272013317450     
   1.7333333333333463       0.95986007358210956       -4.5054980947344969     
   1.7366666666666797       0.95952004838429195       -4.5077659808506771     
   1.7400000000000131       0.95924164233615872       -4.5077262546626127     
   1.7433333333333465       0.95902497755580418       -4.5053754336997267     
   1.7466666666666799       0.95887014907956158       -4.5007111648705314     
   1.7500000000000133       0.95877722482031802       -4.4937322302562492     
   1.7533333333333467       0.95874624553772447       -4.4844385518489993     
   1.7566666666666801       0.95877722482031846       -4.4728311952205617     
   1.7600000000000136       0.95887014907956258       -4.4589123721116026     
   1.7633333333333470       0.95902497755580562       -4.4426854419346018     
   1.7666666666666804       0.95924164233616072       -4.4241549121873698     
   1.7700000000000138       0.95952004838429439       -4.4033264377776913     
   1.7733333333333472       0.95986007358211256       -4.3802068192630363     
   1.7766666666666806       0.96026156878332536       -4.3548040000129227     
   1.7800000000000140       0.96072435787886823       -4.3271270623048474     
   1.7833333333333474       0.96124823787414848       -4.2971862223681923     
   1.7866666666666808       0.96183297897808573       -4.2649928243935449     
   1.7900000000000142       0.96247832470390593       -4.2305593335281735     
   1.7933333333333477       0.96318399198164484       -4.1938993278812928     
   1.7966666666666811       0.96394967128231202       -4.1550274895655281     
   1.8000000000000145       0.96477502675366011       -4.1139595948037071     
   1.8033333333333479       0.96565969636750126       -4.0707125031324027     
   1.8066666666666813       0.96660329207850415       -4.0253041457361345     
   1.8100000000000147       0.96760539999440376       -3.9777535129478729     
   1.8133333333333481       0.96866558055754837       -3.9280806409534890     
   1.8166666666666815       0.96978336873770354       -3.8763065977393354     
   1.8200000000000149       0.97095827423603032       -3.8224534683235034     
   1.8233333333333483       0.97218978170014603       -3.7665443393122295     
   1.8266666666666818       0.97347735095017529       -3.7086032828241664     
   1.8300000000000152       0.97482041721569046       -3.6486553398254036     
   1.8333333333333486       0.97621839138343869       -3.5867265029189186     
   1.8366666666666820       0.97767066025574667       -3.5228436986320211     
   1.8400000000000154       0.97917658681948883       -3.4570347692454195     
   1.8433333333333488       0.98073551052550323       -3.3893284542071647     
   1.8466666666666822       0.98234674757832929       -3.3197543711742741     
   1.8500000000000156       0.98400959123614395       -3.2483429967240105     
   1.8533333333333490       0.98572331212076114       -3.1751256467760975     
   1.8566666666666825       0.98748715853756219       -3.1001344567656561     
   1.8600000000000159       0.98930035680521267       -3.0234023616058385     
   1.8633333333333493       0.99116211159502599       -2.9449630754772160     
   1.8666666666666827       0.99307160627981939       -2.8648510714798943     
   1.8700000000000161       0.99502800329211505       -2.7831015611819980     
   1.8733333333333495       0.99703044449152367       -2.6997504740970313     
   1.8766666666666829       0.99907805154115392       -2.6148344371199537     
   1.8800000000000163        1.0011699262928799       -2.5117826436447803     
   1.8833333333333497        1.0033051511812983       -2.3932550388712626     
   1.8866666666666831        1.0054827896262031       -2.2723050650344030     
   1.8900000000000166        1.0077018864434009       -2.1489590153169718     
   1.8933333333333500        1.0099614682636857       -2.0232438269496704     
   1.8966666666666834        1.0122605439597916       -1.8951870888751403     
   1.9000000000000168        1.0145981050811328       -1.7648170502163680     
   1.9033333333333502        1.0169731262961443       -1.6321626295934444     
   1.9066666666666836        1.0193845658420262       -1.4972534253326091     
   1.9100000000000170        1.0218313659816949       -1.3601197266124121     
   1.9133333333333504        1.0243124534677415       -1.2207925255916627     
   1.9166666666666838        1.0268267400131939       -1.0793035305636300     
   1.9200000000000172        1.0293731227688754      -0.93568518018153513     
   1.9233333333333507        1.0319504848071506      -0.78997065879935380     
   1.9266666666666841        1.0345576956118467      -0.64219391297172701     
   1.9300000000000175        1.0371936115741360      -0.49238966915589172     
   1.9333333333333509        1.0398570764941595      -0.34059345265748003     
   1.9366666666666843        1.0425469220881749      -0.18684160786000920     
   1.9400000000000177        1.0452619685010043       -3.1171319776953147E-002
   1.9433333333333511        1.0480010248235581       0.12637936303831204     
   1.9466666666666845        1.0507628896152064       0.28577150419094527     
   1.9500000000000179        1.0535463514307710       0.44696525372217238     
   1.9533333333333514        1.0563501893519058       0.60991982093996866     
   1.9566666666666848        1.0591731735226306       0.77459344578128542     
   1.9600000000000182        1.0620140656887875       0.94094336869047834     
   1.9633333333333516        1.0648716197411801        1.1089257990031081     
   1.9666666666666850        1.0677445822621581        1.2784958818320562     
   1.9700000000000184        1.0706316930754074        1.4496076634596953     
   1.9733333333333518        1.0735316857987056        1.6222140552484263     
   1.9766666666666852        1.0764432883993984        1.7962667960908307     
   1.9800000000000186        1.0793652237523559        1.9717164134307310     
   1.9833333333333520        1.0822962102001612        2.1485121828970728     
   1.9866666666666855        1.0852349621152886        2.3266020866047548     
   1.9900000000000189        1.0881801904640211        2.5059327701885841     
   1.9933333333333523        1.0911306033718644        2.6864494986507035     
   1.9966666666666857        1.0940849066902052        2.8680961111157903     
   2.0000000000000191        1.0970418045639674        3.0508149746041608     
   2.0033333333333525        1.1000000000000172        3.2345469369487780     
   2.0066666666666859        1.1029581954360668        3.4192312789993768     
   2.0100000000000193        1.1059150933098287        3.6048056662749595     
   2.0133333333333527        1.1088693966281695        3.7912061002439619     
   2.0166666666666861        1.1118198095360130        3.9783668694311354     
   2.0200000000000196        1.1147650378847453        4.1662205005697626     
   2.0233333333333530        1.1177037897998725        4.3546977100381907     
   2.0266666666666864        1.1206347762476778        4.5437273558398283     
   2.0300000000000198        1.1235567116006351        4.7332363904074750     
   2.0333333333333532        1.1264683142013276        4.9231498145330326     
   2.0366666666666866        1.1293683069246256        5.1133906327447658     
   2.0400000000000200        1.1322554177378750        5.3038798104753395     
   2.0433333333333534        1.1351283802588528        5.4945362333834291     
   2.0466666666666868        1.1379859343112453        5.6852766692120227     
   2.0500000000000203        1.1408268264774020        5.8760157325848557     
   2.0533333333333537        1.1436498106481263        6.0666658531605764     
   2.0566666666666871        1.1464536485692609        6.2571372475806770     
   2.0600000000000205        1.1492371103848256        6.4473378956619207     
   2.0633333333333539        1.1519989751764734        6.6371735212978757     
   2.0666666666666873        1.1547380314990270        6.8265475785448571     
   2.0700000000000207        1.1574530779118561        7.0153612433764074     
   2.0733333333333541        1.1601429235058711        7.2035134115975623     
   2.0766666666666875        1.1628063884258943        7.3909007034127736     
   2.0800000000000209        1.1654423043881832        7.5774174751422807     
   2.0833333333333544        1.1680495151928791        7.7629558385791446     
   2.0866666666666878        1.1706268772311541        7.9474056884715898     
   2.0900000000000212        1.1731732599868352        8.1306547386064612     
   2.0933333333333546        1.1756875465322871        8.3125885669541173     
   2.0966666666666880        1.1781686340183335        8.4930906703169100     
   2.1000000000000214        1.1806154341580015        8.6720425289004748     
   2.1033333333333548        1.1830268737038832        8.8493236811995146     
   2.1066666666666882        1.1854018949188942        9.0248118095574412     
   2.1100000000000216        1.1877394560402350        9.1983828367223346     
   2.1133333333333550        1.1900385317363404        9.3699110336803049     
   2.1166666666666885        1.1922981135566249        9.5392691390003783     
   2.1200000000000219        1.1945172103738222        9.7063284898744637     
   2.1233333333333553        1.1966948488187266        9.8709591649798174     
   2.1266666666666887        1.1988300737071445        10.033030139231885     
   2.1300000000000221        1.2009219484588698        10.192409450429938     
   2.1333333333333555        1.2029695555084996        10.348964377731686     
   2.1366666666666889        1.2049719967079078        10.502561631818871     
   2.1400000000000223        1.2069283937202029        10.653067556542767     
   2.1433333333333557        1.2088378884049957        10.800348341759843     
   2.1466666666666891        1.2106996431948085        10.944270246987918     
   2.1500000000000226        1.2125128414624584        11.084699835431724     
   2.1533333333333560        1.2142766878792588        11.221504217843890     
   2.1566666666666894        1.2159904087638755        11.354551305604357     
   2.1600000000000228        1.2176532524216896        11.483710072317955     
   2.1633333333333562        1.2192644894745150        11.608850823148749     
   2.1666666666666896        1.2208234131805287        11.729845471028815     
   2.1700000000000230        1.2223293397442705        11.846567818802326     
   2.1733333333333564        1.2237816086165778        11.958893846291179     
   2.1766666666666898        1.2251795827843253        12.066702001198706     
   2.1800000000000233        1.2265226490498398        12.169873492702935     
   2.1833333333333567        1.2278102182998685        12.268292586531011     
   2.1866666666666901        1.2290417257639836        12.361846900254964     
   2.1900000000000235        1.2302166312623097        12.450427697501729     
   2.1933333333333569        1.2313344194424642        12.533930179734083     
   2.1966666666666903        1.2323946000056081        12.612253774229355     
   2.2000000000000237        1.2333967079215071        12.685302416862481     
   2.2033333333333571        1.2343403036325094        12.752984828290625     
   2.2066666666666905        1.2352249732463498        12.815214782134573     
   2.2100000000000239        1.2360503287176972        12.871911363762983     
   2.2133333333333574        1.2368160080183637        12.922999218305588     
   2.2166666666666908        1.2375216752961020        12.968408786551626     
   2.2200000000000242        1.2381670210219213        13.008076527432326     
   2.2233333333333576        1.2387517621258579        13.041945125836889     
   2.2266666666666910        1.2392756421211375        13.069963684574569     
   2.2300000000000244        1.2397384312166797        13.092087899366970     
   2.2333333333333578        1.2401399264178918        13.108280215836055     
   2.2366666666666912        1.2404799516157095        13.118509967543762     
   2.2400000000000246        1.2407583576638423        13.122753494238310     
   2.2433333333333580        1.2409750224441967        13.120994239566949     
   2.2466666666666915        1.2411298509204389        13.113222827629242     
   2.2500000000000249        1.2412227751796825        13.099437117861614     
   2.2533333333333583        1.2412537544622757        13.079642237868301     
   2.2566666666666917        1.2412227751796814        13.053850593939485     
   2.2600000000000251        1.2411298509204371        13.022081859127317     
   2.2633333333333585        1.2409750224441940        12.984362938880146     
   2.2666666666666919        1.2407583576638386        12.940727914367276     
   2.2700000000000253        1.2404799516157048        12.891217963755372     
   2.2733333333333587        1.2401399264178865        12.835881261825806     
   2.2766666666666922        1.2397384312166733        12.774772858447248     
   2.2800000000000256        1.2392756421211302        12.707954536537663     
   2.2833333333333590        1.2387517621258497        12.635494650264619     
   2.2866666666666924        1.2381670210219122        12.557467944342896     
   2.2900000000000258        1.2375216752960920        12.473955355388261     
   2.2933333333333592        1.2368160080183528        12.385043796380963     
   2.2966666666666926        1.2360503287176854        12.290825925377431     
   2.3000000000000260        1.2352249732463372        12.191399899683045     
   2.3033333333333594        1.2343403036324958        12.086869116766279     
   2.3066666666666928        1.2333967079214927        11.977341943248049     
   2.3100000000000263        1.2323946000055928        11.862931433346983     
   2.3133333333333597        1.2313344194424480        11.743755038193505     
   2.3166666666666931        1.2302166312622926        11.619934307450562     
   2.3200000000000265        1.2290417257639656        11.491594584690770     
   2.3233333333333599        1.2278102182998498        11.358864697981744     
   2.3266666666666933        1.2265226490498202        11.221876647123532     
   2.3300000000000267        1.2251795827843051        11.080765288963836     
   2.3333333333333601        1.2237816086165565        10.935668022188361     
   2.3366666666666935        1.2223293397442485        10.786724472947883     
   2.3400000000000269        1.2208234131805060        10.634076182637722     
   2.3433333333333604        1.2192644894744915        10.477866299093355     
   2.3466666666666938        1.2176532524216652        10.318239272405018     
   2.3500000000000272        1.2159904087638504        10.155340556489215     
   2.3533333333333606        1.2142766878792330        9.9893163174828796     
   2.3566666666666940        1.2125128414624318        9.8203131499500635     
   2.3600000000000274        1.2106996431947812        9.6484778018108628     
   2.3633333333333608        1.2088378884049678        9.4739569088198063     
   2.3666666666666942        1.2069283937201740        9.2968967393353985     
   2.3700000000000276        1.2049719967078782        9.1174429500358158     
   2.3733333333333611        1.2029695555084694        8.9357403531495994     
   2.3766666666666945        1.2009219484588392        8.7519326956820009     
   2.3800000000000279        1.1988300737071129        8.5661624510323140     
   2.3833333333333613        1.1966948488186944        8.3785706233126191     
   2.3866666666666947        1.1945172103737896        8.1892965645956206     
   2.3900000000000281        1.1922981135565915        7.9984778052394763     
   2.3933333333333615        1.1900385317363065        7.8062498973610834     
   2.3966666666666949        1.1877394560402006        7.6127462714549496     
   2.4000000000000283        1.1854018949188592        7.4180981060868492     
   2.4033333333333617        1.1830268737038476        7.2224342105259058     
   2.4066666666666952        1.1806154341579655        7.0258809201172454     
   2.4100000000000286        1.1781686340182969        6.8285620041439126     
   2.4133333333333620        1.1756875465322500        6.6305985858734333     
   2.4166666666666954        1.1731732599867974        6.4321090744399045     
   2.4200000000000288        1.1706268772311159        6.2332091081714163     
   2.4233333333333622        1.1680495151928407        6.0340115089360689     
   2.4266666666666956        1.1654423043881443        5.8346262470495374     
   2.4300000000000290        1.1628063884258548        5.6351604162605486     
   2.4333333333333624        1.1601429235058314        5.4357182183093968     
   2.4366666666666958        1.1574530779118160        5.2364009565376186     
   2.4400000000000293        1.1547380314989864        5.0373070380143883     
   2.4433333333333627        1.1519989751764326        4.8385319836371110     
   2.4466666666666961        1.1492371103847843        4.6401684456585484     
   2.4500000000000295        1.1464536485692194        4.4423062320928137     
   2.4533333333333629        1.1436498106480846        4.2450323374545347     
   2.4566666666666963        1.1408268264773598        4.0484309792911155     
   2.4600000000000297        1.1379859343112029        3.8525836399772646     
   2.4633333333333631        1.1351283802588101        3.6575691132512120     
   2.4666666666666965        1.1322554177378321        3.4634635549857702     
   2.4700000000000299        1.1293683069245826        3.2703405377031785     
   2.4733333333333634        1.1264683142012846        3.0782711083589138     
   2.4766666666666968        1.1235567116005918        2.8873238489391526     
   2.4800000000000302        1.1206347762476343        2.6975649394358836     
   2.4833333333333636        1.1177037897998290        2.5090582227847533     
   2.4866666666666970        1.1147650378847016        2.3218652713720416     
   2.4900000000000304        1.1118198095359690        2.1360454547398584     
   2.4933333333333638        1.1088693966281258        1.9516560081404346     
   2.4966666666666972        1.1059150933097848        1.7687521016135812     
   2.5000000000000306        1.1029581954360228        1.5873869092838451     
   2.5033333333333641        1.0999999999999730        1.4076116785962132     
   2.5066666666666975        1.0970418045639234        1.2294757992318386     
   2.5100000000000309        1.0940849066901612        1.0530268714662971     
   2.5133333333333643        1.0911306033718207       0.87831077375491529     
   2.5166666666666977        1.0881801904639772       0.70537172934935355     
   2.5200000000000311        1.0852349621152448       0.53425237177065033     
   2.5233333333333645        1.0822962102001177       0.36499380898144490     
   2.5266666666666979        1.0793652237523124       0.19763568612000187     
   2.5300000000000313        1.0764432883993551        3.2216246674536729E-002
   2.5333333333333647        1.0735316857986625      -0.13122760800641170     
   2.5366666666666982        1.0706316930753648      -0.29266026095650854     
   2.5400000000000316        1.0677445822621154      -0.45204732366175088     
   2.5433333333333650        1.0648716197411376      -0.60935558201909634     
   2.5466666666666984        1.0620140656887453      -0.76455294423213538     
   2.5500000000000318        1.0591731735225887      -0.91760839068033007     
   2.5533333333333652        1.0563501893518641       -1.0684919257880814     
   2.5566666666666986        1.0535463514307297       -1.2171745319099341     
   2.5600000000000320        1.0507628896151651       -1.3636281252390310     
   2.5633333333333654        1.0480010248235174       -1.5078255137381649     
   2.5666666666666988        1.0452619685009636       -1.6497403570856140     
   2.5700000000000323        1.0425469220881349       -1.7893471286205529     
   2.5733333333333657        1.0398570764941197       -1.9266210792687071     
   2.5766666666666991        1.0371936115740970       -2.0615382034215597     
   2.5800000000000325        1.0345576956118079       -2.1940752067403744     
   2.5833333333333659        1.0319504848071122       -2.3242094758501479     
   2.5866666666666993        1.0293731227688372       -2.4519190498872767     
   2.5900000000000327        1.0268267400131565       -2.5771825938599808     
   2.5933333333333661        1.0243124534677044       -2.6999793737799260     
   2.5966666666666995        1.0218313659816585       -2.8202892335199583     
   2.6000000000000330        1.0193845658419902       -2.9380925733524408     
   2.6033333333333664        1.0169731262961090       -3.0533703301204151     
   2.6066666666666998        1.0145981050810977       -3.1661039589937370     
   2.6100000000000332        1.0122605439597574       -3.2762754167605106     
   2.6133333333333666        1.0099614682636520       -3.3838671466048602     
   2.6166666666667000        1.0077018864433678       -3.4888620643201502     
   2.6200000000000334        1.0054827896261704       -3.5912435459083065     
   2.6233333333333668        1.0033051511812663       -3.6909954165140269     
   2.6266666666667002        1.0011699262928484       -3.7881019406440943     
   2.6300000000000336       0.99907805154112339       -3.8695457229588817     
   2.6333333333333671       0.99703044449149358       -3.9327332893475746     
   2.6366666666667005       0.99502800329208574       -3.9942738297729421     
   2.6400000000000339       0.99307160627979063       -4.0541361757827534     
   2.6433333333333673       0.99116211159499801       -4.1122897526575342     
   2.6466666666667007       0.98930035680518535       -4.1687045995166230     
   2.6500000000000341       0.98748715853753566       -4.2233513896303778     
   2.6533333333333675       0.98572331212073527       -4.2762014509053703     
   2.6566666666667009       0.98400959123611886       -4.3272267865061078     
   2.6600000000000343       0.98234674757830498       -4.3764000955754003     
   2.6633333333333677       0.98073551052547980       -4.4236947940127838     
   2.6666666666667012       0.97917658681946607       -4.4690850352689759     
   2.6700000000000346       0.97767066025572480       -4.5125457311120734     
   2.6733333333333680       0.97621839138341748       -4.5540525723200993     
   2.6766666666667014       0.97482041721567025       -4.5935820492524968     
   2.6800000000000348       0.97347735095015575       -4.6311114722526261     
   2.6833333333333682       0.97218978170012738       -4.6666189918315153     
   2.6866666666667016       0.97095827423601233       -4.7000836185831600     
   2.6900000000000350       0.96978336873768667       -4.7314852427802796     
   2.6933333333333684       0.96866558055753216       -4.7608046535999122     
   2.6966666666667019       0.96760539999438855       -4.7880235579272847     
   2.7000000000000353       0.96660329207848961       -4.8131245986874847     
   2.7033333333333687       0.96565969636748772       -4.8360913726539820     
   2.7066666666667021       0.96477502675364735       -4.8569084476844493     
   2.7100000000000355       0.96394967128230025       -4.8755613793347354     
   2.7133333333333689       0.96318399198163396       -4.8920367268033429     
   2.7166666666667023       0.96247832470389594       -4.9063220681599509     
   2.7200000000000357       0.96183297897807662       -4.9184060148134128     
   2.7233333333333691       0.96124823787414027       -4.9282782251763004     
   2.7266666666667025       0.96072435787886090       -4.9359294174854123     
   2.7300000000000360       0.96026156878331903       -4.9413513817398238     
   2.7333333333333694       0.95986007358210701       -4.9445369907208097     
   2.7366666666667028       0.95952004838428984       -4.9454802100603716     
   2.7400000000000362       0.95924164233615705       -4.9441761073283690     
   2.7433333333333696       0.95902497755580285       -4.9406208601110935     
   2.7466666666667030       0.95887014907956070       -4.9348117630572785     
   2.7500000000000364       0.95877722482031758       -4.9267472338711231     
   2.7533333333333698       0.95874624553772447       -4.9164268182350819     
   2.7566666666667032       0.95877722482031891       -4.9038511936486628     
   2.7600000000000366       0.95887014907956347       -4.8890221721733624     
   2.7633333333333701       0.95902497755580685       -4.8719427020770061     
   2.7666666666667035       0.95924164233616238       -4.8526168683748336     
   2.7700000000000369       0.95952004838429650       -4.8310498922678669     
   2.7733333333333703       0.95986007358211511       -4.8072481294830869     
   2.7766666666667037       0.96026156878332836       -4.7812190675231543     
   2.7800000000000371       0.96072435787887167       -4.7529713218370127     
   2.7833333333333705       0.96124823787415226       -4.7225146309262716     
   2.7866666666667039       0.96183297897808995       -4.6898598504050497     
   2.7900000000000373       0.96247832470391059       -4.6550189460347724     
   2.7933333333333707       0.96318399198164995       -4.6180049857577563     
   2.7966666666667042       0.96394967128231746       -4.5788321307567017     
   2.8000000000000376       0.96477502675366611       -4.5375156255696902     
   2.8033333333333710       0.96565969636750748       -4.4940717872928069     
   2.8066666666667044       0.96660329207851081       -4.4485179939046109     
   2.8100000000000378       0.96760539999441086       -4.4008726717490667     
   2.8133333333333712       0.96866558055755592       -4.3511552822149762     
   2.8166666666667046       0.96978336873771143       -4.2993863076518428     
   2.8200000000000380       0.97095827423603864       -4.2455872365633036     
   2.8233333333333714       0.97218978170015469       -4.1897805481205186     
   2.8266666666667049       0.97347735095018439       -4.1319896960385671     
   2.8300000000000383       0.97482041721569990       -4.0722390918598572     
   2.8333333333333717       0.97621839138344868       -4.0105540876886190     
   2.8366666666667051       0.97767066025575677       -3.9469609584210406     
   2.8400000000000385       0.97917658681949948       -3.8814868835151426     
   2.8433333333333719       0.98073551052551411       -3.8141599283447589     
   2.8466666666667053       0.98234674757834073       -3.7450090251808139     
   2.8500000000000387       0.98400959123615550       -3.6740639538429347     
   2.8533333333333721       0.98572331212077324       -3.6013553220630747     
   2.8566666666667055       0.98748715853757441       -3.5269145456022368     
   2.8600000000000390       0.98930035680522543       -3.4507738281593689     
   2.8633333333333724       0.99116211159503886       -3.3729661411108758     
   2.8666666666667058       0.99307160627983282       -3.2935252031168907     
   2.8700000000000392       0.99502800329212893       -3.2124854596292529     
   2.8733333333333726       0.99703044449153777       -3.1298820623338548     
   2.8766666666667060       0.99907805154116847       -3.0457508485584417     
   2.8800000000000394        1.0011699262928946       -2.9435202103687947     
   2.8833333333333728        1.0033051511813134       -2.8258492798629811     
   2.8866666666667062        1.0054827896262184       -2.7057906743950357     
   2.8900000000000396        1.0077018864434166       -2.5833698504927516     
   2.8933333333333731        1.0099614682637017       -2.4586128969722809     
   2.8966666666667065        1.0122605439598078       -2.3315465426270428     
   2.9000000000000399        1.0145981050811490       -2.2021981647324180     
   2.9033333333333733        1.0169731262961612       -2.0705957984101913     
   2.9066666666667067        1.0193845658420431       -1.9367681468980398     
   2.9100000000000401        1.0218313659817122       -1.8007445927685086     
   2.9133333333333735        1.0243124534677588       -1.6625552101434511     
   2.9166666666667069        1.0268267400132116       -1.5222307779483246     
   2.9200000000000403        1.0293731227688931       -1.3798027942523474     
   2.9233333333333738        1.0319504848071688       -1.2353034917383963     
   2.9266666666667072        1.0345576956118649       -1.0887658543474545     
   2.9300000000000406        1.0371936115741547      -0.94022363514037111     
   2.9333333333333740        1.0398570764941781      -0.78971137541948777     
   2.9366666666667074        1.0425469220881938      -0.63726442515010340     
   2.9400000000000408        1.0452619685010232      -0.48291896472093454     
   2.9433333333333742        1.0480010248235774      -0.32671202807923927     
   2.9466666666667076        1.0507628896152257      -0.16868152727453686     
   2.9500000000000410        1.0535463514307908       -8.8662784400229209E-003
   2.9533333333333744        1.0563501893519254       0.15269397076132438     
   2.9566666666667079        1.0591731735226504       0.31595851220555476     
   2.9600000000000413        1.0620140656888073       0.48088564687459012     
   2.9633333333333747        1.0648716197412003       0.64743265291149654     
   2.9666666666667081        1.0677445822621781       0.81555575216012510     
   2.9700000000000415        1.0706316930754278       0.98521007519383708     
   2.9733333333333749        1.0735316857987258        1.1563496248446414     
   2.9766666666667083        1.0764432883994188        1.3289272382551793     
   2.9800000000000417        1.0793652237523761        1.5028945474839559     
   2.9833333333333751        1.0822962102001816        1.6782019387067684     
   2.9866666666667085        1.0852349621153088        1.8547985100680449     
   2.9900000000000420        1.0881801904640416        2.0326320282489254     
   2.9933333333333754        1.0911306033718848        2.2116488838323360     
   2.9966666666667088        1.0940849066902258        2.3917940455601050     
   3.0000000000000422        1.0970418045639878        2.5730110135921569     
