   3.3333333333333335E-003   1.1000000000000001        6.2823730318752045     
   6.6666666666666671E-003   1.1046884238085646        6.5966503995195209     
   1.0000000000000000E-002   1.1093747911194929        6.9136069052940092     
   1.3333333333333334E-002   1.1140570463371964        7.2331849804147446     
   1.6666666666666666E-002   1.1187331356697865        7.5553243914014789     
   2.0000000000000000E-002   1.1234010080299361        7.8799620055999080     
   2.3333333333333334E-002   1.1280586159345531        8.2070315423619125     
   2.6666666666666668E-002   1.1327039164028754        8.5364633098953568     
   3.0000000000000002E-002   1.1373348718525889        8.8681839279075199     
   3.3333333333333333E-002   1.1419494509935788        9.2021160362906205     
   3.6666666666666667E-002   1.1465456297189205        9.5381779902341517     
   4.0000000000000001E-002   1.1511213919927199        9.8762835422957593     
   4.3333333333333335E-002   1.1556747307344137        10.216341512123412     
   4.6666666666666669E-002   1.1602036486991403        10.558255444690770     
   5.0000000000000003E-002   1.1647061593537982        10.901923258091999     
   5.3333333333333337E-002   1.1691802877484050        11.247236882133333     
   5.6666666666666671E-002   1.1736240713823756        11.594081889161819     
   6.0000000000000005E-002   1.1780355610653392        11.942337118783342     
   6.3333333333333339E-002   1.1824128217721204        12.291874298340229     
   6.6666666666666666E-002   1.1867539334915032        12.642557661243552     
   6.9999999999999993E-002   1.1910569920684122        12.994243565485883     
   7.3333333333333320E-002   1.1953201100391382        13.346780114890258     
   7.6666666666666647E-002   1.1995414174592420        13.700006785884442     
   7.9999999999999974E-002   1.2037190627237737        14.053754062818088     
   8.3333333333333301E-002   1.2078512133794475        14.407843085066137     
   8.6666666666666628E-002   1.2119360569284172        14.762085309376513     
   8.9999999999999955E-002   1.2159718016232968        15.116282191126059     
   9.3333333333333282E-002   1.2199566772530805        15.470224888338080     
   9.6666666666666609E-002   1.2238889359196159        15.823693992485182     
   9.9999999999999936E-002   1.2277668528042891        16.176459290250392     
  0.10333333333333326        1.2315887269245887        16.528279560540152     
  0.10666666666666659        1.2353528818802109        16.878902411133861     
  0.10999999999999992        1.2390576665883857        17.228064159410458     
  0.11333333333333324        1.2427014560080962        17.575489761608718     
  0.11666666666666657        1.2462826518528742        17.920892795051699     
  0.11999999999999990        1.2497996832918628        18.263975497693227     
  0.12333333333333323        1.2532510076388337        18.604428869218818     
  0.12666666666666657        1.2566351110288612        18.941932837758454     
  0.12999999999999989        1.2599505090823524        19.276156496032950     
  0.13333333333333322        1.2631957475561464        19.606758410465570     
  0.13666666666666655        1.2663694029813923        19.933387006437869     
  0.13999999999999987        1.2694700832879304        20.255681032455222     
  0.14333333333333320        1.2724964284149001        20.573270105516357     
  0.14666666666666653        1.2754471109073064        20.885775339445402     
  0.14999999999999986        1.2783208364982876        21.192810057355508     
  0.15333333333333318        1.2811163446768221        21.493980588765826     
  0.15666666666666651        1.2838324092406299        21.788887151195762     
  0.15999999999999984        1.2864678388340269        22.077124815317049     
  0.16333333333333316        1.2890214774704918        22.358284551959223     
  0.16666666666666649        1.2914922050397197        22.631954358446894     
  0.16999999999999982        1.2938789377989406        22.897720460906019     
  0.17333333333333314        1.2961806288482842        23.155168588316325     
  0.17666666666666647        1.2983962685899844        23.403885313224720     
  0.17999999999999980        1.3005248851712232        23.643459453175694     
  0.18333333333333313        1.3025655449104163        23.873483526070441     
  0.18666666666666645        1.3045173527067579        24.093555251853957     
  0.18999999999999978        1.3063794524328407        24.303279092154682     
  0.19333333333333311        1.3081510273101817        24.502267818778829     
  0.19666666666666643        1.3098313002674888        24.690144101306306     
  0.19999999999999976        1.3114195342815091        24.866542103453906     
  0.20333333333333309        1.3129150327003127        25.031109077379330     
  0.20666666666666642        1.3143171395488662        25.183506944704337     
  0.20999999999999974        1.3156252398167660        25.323413852749859     
  0.21333333333333307        1.3168387597280014        25.450525694302193     
  0.21666666666666640        1.3179571669926320        25.564557579182974     
  0.21999999999999972        1.3189799710402679        25.665245245970844     
  0.22333333333333305        1.3199067232352497        25.752346402433403     
  0.22666666666666638        1.3207370170734354        25.825641983567937     
  0.22999999999999970        1.3214704883605062        25.884937316619762     
  0.23333333333333303        1.3221068153717139        25.930063183049167     
  0.23666666666666636        1.3226457189930008        25.960876768140086     
  0.23999999999999969        1.3230869628434274        25.977262489782976     
  0.24333333333333301        1.3234303533788578        25.979132698915993     
  0.24666666666666634        1.3236757399768542        25.966428245149313     
  0.24999999999999967        1.3238230150027441        25.939118902231481     
  0.25333333333333302        1.3238721138568343        25.897203649216429     
  0.25666666666666638        1.3238230150027444        25.840710804445390     
  0.25999999999999973        1.3236757399768542        25.769698010757772     
  0.26333333333333309        1.3234303533788578        25.684252071661984     
  0.26666666666666644        1.3230869628434274        25.584488639522949     
  0.26999999999999980        1.3226457189930008        25.470551758136732     
  0.27333333333333315        1.3221068153717139        25.342613263346237     
  0.27666666666666651        1.3214704883605062        25.200872046590803     
  0.27999999999999986        1.3207370170734356        25.045553187457205     
  0.28333333333333321        1.3199067232352497        24.876906962402732     
  0.28666666666666657        1.3189799710402679        24.695207737827747     
  0.28999999999999992        1.3179571669926320        24.500752756584024     
  0.29333333333333328        1.3168387597280014        24.293860827802877     
  0.29666666666666663        1.3156252398167660        24.074870930598617     
  0.29999999999999999        1.3143171395488664        23.844140742754536     
  0.30333333333333334        1.3129150327003130        23.602045105914570     
  0.30666666666666670        1.3114195342815094        23.348974439087705     
  0.31000000000000005        1.3098313002674888        23.085333112425005     
  0.31333333333333341        1.3081510273101820        22.811537793246536     
  0.31666666666666676        1.3063794524328409        22.528015776190081     
  0.32000000000000012        1.3045173527067582        22.235203309121960     
  0.32333333333333347        1.3025655449104165        21.933543926108907     
  0.32666666666666683        1.3005248851712232        21.623486798296007     
  0.33000000000000018        1.2983962685899844        21.305485112994695     
  0.33333333333333354        1.2961806288482842        20.979994490648060     
  0.33666666666666689        1.2938789377989406        20.647471448640243     
  0.34000000000000025        1.2914922050397197        20.308371920147753     
  0.34333333333333360        1.2890214774704916        19.963149835414868     
  0.34666666666666696        1.2864678388340269        19.612255771984568     
  0.35000000000000031        1.2838324092406299        19.256135679538112     
  0.35333333333333367        1.2811163446768219        18.895229684108170     
  0.35666666666666702        1.2783208364982874        18.529970975541069     
  0.36000000000000038        1.2754471109073062        18.160784781202153     
  0.36333333333333373        1.2724964284148998        17.788087428059558     
  0.36666666666666708        1.2694700832879304        17.412285494449858     
  0.37000000000000044        1.2663694029813921        17.033775052034237     
  0.37333333333333379        1.2631957475561462        16.652940997704100     
  0.37666666666666715        1.2599505090823520        16.270156474493156     
  0.38000000000000050        1.2566351110288607        15.885782379908434     
  0.38333333333333386        1.2532510076388332        15.500166959502492     
  0.38666666666666721        1.2497996832918623        15.113645482984266     
  0.39000000000000057        1.2462826518528738        14.726539999698479     
  0.39333333333333392        1.2427014560080958        14.339159169904477     
  0.39666666666666728        1.2390576665883852        13.951798167943926     
  0.40000000000000063        1.2353528818802102        13.564738653110627     
  0.40333333333333399        1.2315887269245880        13.178248803817455     
  0.40666666666666734        1.2277668528042884        12.792583410495729     
  0.41000000000000070        1.2238889359196152        12.407984022556077     
  0.41333333333333405        1.2199566772530797        12.024679144684960     
  0.41666666666666741        1.2159718016232959        11.642884477744611     
  0.42000000000000076        1.2119360569284163        11.262803199578395     
  0.42333333333333412        1.2078512133794466        10.884626281099896     
  0.42666666666666747        1.2037190627237726        10.508532833153097     
  0.43000000000000083        1.1995414174592411        10.134690479771539     
  0.43333333333333418        1.1953201100391373        9.7632557536303661     
  0.43666666666666754        1.1910569920684111        9.3943745096752860     
  0.44000000000000089        1.1867539334915020        9.0281823531171845     
  0.44333333333333425        1.1824128217721193        8.6648050782039689     
  0.44666666666666760        1.1780355610653381        8.3043591144120459     
  0.45000000000000095        1.1736240713823742        7.9469519769393298     
  0.45333333333333431        1.1691802877484037        7.5926827186244399     
  0.45666666666666766        1.1647061593537968        7.2416423806620163     
  0.46000000000000102        1.1602036486991389        6.8939144397273759     
  0.46333333333333437        1.1556747307344124        6.5495752493641675     
  0.46666666666666773        1.1511213919927186        6.2086944737226881     
  0.47000000000000108        1.1465456297189189        5.8713355119660955     
  0.47333333333333444        1.1419494509935773        5.5375559118789806     
  0.47666666666666779        1.1373348718525873        5.2074077714240863     
  0.48000000000000115        1.1327039164028740        4.8809381271914338     
  0.48333333333333450        1.1280586159345516        4.5581893288717241     
  0.48666666666666786        1.1234010080299346        4.2391993990624197     
  0.49000000000000121        1.1187331356697849        3.9240023778777093     
  0.49333333333333457        1.1140570463371946        3.6126286519859425     
  0.49666666666666792        1.1093747911194911        3.3051052678363413     
  0.50000000000000122        1.1046884238085628        3.0014562289631082     
  0.50333333333333452        1.0999999999999985        2.7017027773707074     
  0.50666666666666782        1.0953115761914338        2.4058636591048961     
  0.51000000000000112        1.0906252088805057        2.1139553742069976     
  0.51333333333333442        1.0859429536628022        1.8259924113273771     
  0.51666666666666772        1.0812668643302121        1.5419874673446965     
  0.52000000000000102        1.0765989919700625        1.2619516523962773     
  0.52333333333333432        1.0719413840654455       0.98589468077538345     
  0.52666666666666762        1.0672960835971235       0.71382504819177006     
  0.53000000000000091        1.0626651281474100       0.44575019592506127     
  0.53333333333333421        1.0580505490064203       0.18167666242541763     
  0.53666666666666751        1.0534543702810786       -7.8389777066624367E-002
  0.54000000000000081        1.0488786080072792      -0.33444398229689415     
  0.54333333333333411        1.0443252692655853      -0.58648133058264829     
  0.54666666666666741        1.0397963513008588      -0.83449760961633901     
  0.55000000000000071        1.0352938406462009       -1.0784889199045942     
  0.55333333333333401        1.0308197122515943       -1.3184515862674038     
  0.55666666666666731        1.0263759286176237       -1.5543820778357449     
  0.56000000000000061        1.0219644389346600       -1.7862769360024870     
  0.56333333333333391        1.0175871782278789       -2.0141327098004949     
  0.56666666666666721        1.0132460665084964       -2.2379458982033960     
  0.57000000000000051        1.0089430079315873       -2.4577128988684942     
  0.57333333333333381        1.0046798899608613       -2.6734299628661171     
  0.57666666666666710        1.0004585825407575       -2.8850931549665315     
  0.58000000000000040       0.99628093727622602       -3.0407083102161394     
  0.58333333333333370       0.99214878662055217       -3.1880063776922603     
  0.58666666666666700       0.98806394307158252       -3.3334344179142139     
  0.59000000000000030       0.98402819837670297       -3.4769314533563547     
  0.59333333333333360       0.98004332274691930       -3.6184367535091559     
  0.59666666666666690       0.97611106408038395       -3.7578898463412669     
  0.60000000000000020       0.97223314719571075       -3.8952305317454483     
  0.60333333333333350       0.96841127307541131       -4.0303988970574398     
  0.60666666666666680       0.96464711811978920       -4.1633353347281705     
  0.61000000000000010       0.96094233341161417       -4.2939805622209590     
  0.61333333333333340       0.95729854399190384       -4.4222756441952251     
  0.61666666666666670       0.95371734814712572       -4.5481620170275914     
  0.62000000000000000       0.95020031670813720       -4.6715815157099003     
  0.62333333333333329       0.94674899236116627       -4.7924764031515910     
  0.62666666666666659       0.94336488897113902       -4.9107894019010310     
  0.62999999999999989       0.94004949091764778       -5.0264637282871458     
  0.63333333333333319       0.93680425244385379       -5.1394431289686686     
  0.63666666666666649       0.93363059701860784       -5.2496719198642570     
  0.63999999999999979       0.93052991671206975       -5.3570950274214937     
  0.64333333333333309       0.92750357158510033       -5.4616580321682662     
  0.64666666666666639       0.92455288909269395       -5.5633072144742846     
  0.64999999999999969       0.92167916350171253       -5.6619896024354590     
  0.65333333333333299       0.91888365532317828       -5.7576530217779860     
  0.65666666666666629       0.91616759075937038       -5.8502461476644054     
  0.65999999999999959       0.91353216116597347       -5.9397185582678356     
  0.66333333333333289       0.91097852252950873       -6.0260207899666840     
  0.66666666666666619       0.90850779496028067       -6.1091043939971996     
  0.66999999999999948       0.90612106220105981       -6.1889219943878908     
  0.67333333333333278       0.90381937115171618       -6.2654273469864412     
  0.67666666666666608       0.90160373141001604       -6.3385753993777696     
  0.67999999999999938       0.89947511482877718       -6.4083223514806100     
  0.68333333333333268       0.89743445508958397       -6.4746257165994061     
  0.68666666666666598       0.89548264729324245       -6.5374443826999471     
  0.68999999999999928       0.89362054756715970       -6.5967386736686482     
  0.69333333333333258       0.89184897268981866       -6.6524704103096681     
  0.69666666666666588       0.89016869973251156       -6.7046029708287342     
  0.69999999999999918       0.88858046571849125       -6.7531013505493931     
  0.70333333333333248       0.88708496729968767       -6.7979322206057384     
  0.70666666666666578       0.88568286045113420       -6.8390639853553843     
  0.70999999999999908       0.88437476018323435       -6.8764668382584624     
  0.71333333333333238       0.88316124027199905       -6.9101128159715328     
  0.71666666666666567       0.88204283300736852       -6.9399758504106863     
  0.71999999999999897       0.88102002895973264       -6.9660318185449261     
  0.72333333333333227       0.88009327676475069       -6.9882585896895844     
  0.72666666666666557       0.87926298292656491       -7.0066360700798329     
  0.72999999999999887       0.87852951163949422       -7.0211462445163022     
  0.73333333333333217       0.87789318462828647       -7.0317732148883394     
  0.73666666666666547       0.87735428100699964       -7.0385032353952566     
  0.73999999999999877       0.87691303715657287       -7.0413247443024476     
  0.74333333333333207       0.87656964662114234       -7.0402283920864965     
  0.74666666666666537       0.87632426002314612       -7.0352070658422861     
  0.74999999999999867       0.87617698499725605       -7.0262559098445330     
  0.75333333333333197       0.87612788614316583       -7.0133723421765790     
  0.75666666666666527       0.87617698499725594       -6.9965560673602534     
  0.75999999999999857       0.87632426002314601       -6.9758090849422274     
  0.76333333333333186       0.87656964662114212       -6.9511356940137299     
  0.76666666666666516       0.87691303715657254       -6.9225424936626094     
  0.76999999999999846       0.87735428100699919       -6.8900383793783195     
  0.77333333333333176       0.87789318462828592       -6.8536345354520076     
  0.77666666666666506       0.87852951163949355       -6.8133444234347271     
  0.77999999999999836       0.87926298292656435       -6.7691837667375570     
  0.78333333333333166       0.88009327676475002       -6.7211705314768810     
  0.78666666666666496       0.88102002895973186       -6.6693249036866700     
  0.78999999999999826       0.88204283300736763       -6.6136692630377425     
  0.79333333333333156       0.88316124027199816       -6.5542281532198556     
  0.79666666666666486       0.88437476018323347       -6.4910282491580142     
  0.79999999999999816       0.88568286045113309       -6.4240983212479543     
  0.80333333333333146       0.88708496729968656       -6.3534691968077723     
  0.80666666666666476       0.88858046571849003       -6.2791737189534969     
  0.80999999999999805       0.89016869973251023       -6.2012467031150758     
  0.81333333333333135       0.89184897268981733       -6.1197248914166256     
  0.81666666666666465       0.89362054756715814       -6.0346469051502067     
  0.81999999999999795       0.89548264729324090       -5.9460531955761393     
  0.82333333333333125       0.89743445508958231       -5.8539859932851384     
  0.82666666666666455       0.89947511482877562       -5.7584892563575538     
  0.82999999999999785       0.90160373141001426       -5.6596086175542224     
  0.83333333333333115       0.90381937115171440       -5.5573913307700966     
  0.83666666666666445       0.90612106220105781       -5.4518862169778401     
  0.83999999999999775       0.90850779496027867       -5.3431436098825680     
  0.84333333333333105       0.91097852252950662       -5.2312153015017406     
  0.84666666666666435       0.91353216116597125       -5.1161544878759653     
  0.84999999999999765       0.91616759075936827       -4.9980157151067646     
  0.85333333333333095       0.91888365532317606       -4.8768548259068645     
  0.85666666666666424       0.92167916350171042       -4.7527289068370671     
  0.85999999999999754       0.92455288909269151       -4.6256962363916037     
  0.86333333333333084       0.92750357158509777       -4.4958162340806185     
  0.86666666666666414       0.93052991671206720       -4.3631494106455433     
  0.86999999999999744       0.93363059701860518       -4.2277573195285330     
  0.87333333333333074       0.93680425244385124       -4.0897025097036295     
  0.87666666666666404       0.94004949091764511       -3.9490484799625496     
  0.87999999999999734       0.94336488897113635       -3.8058596347336886     
  0.88333333333333064       0.94674899236116350       -3.6602012414987568     
  0.88666666666666394       0.95020031670813443       -3.5121393898569644     
  0.88999999999999724       0.95371734814712283       -3.3617409522731032     
  0.89333333333333054       0.95729854399190084       -3.2090735465317968     
  0.89666666666666384       0.96094233341161117       -3.0542054999075146     
  0.89999999999999714       0.96464711811978621       -2.8972058150468110     
  0.90333333333333043       0.96841127307540820       -2.7381441375475899     
  0.90666666666666373       0.97223314719570753       -2.5770907252081305     
  0.90999999999999703       0.97611106408038073       -2.4141164189083604     
  0.91333333333333033       0.98004332274691597       -2.2492926150754884     
  0.91666666666666363       0.98402819837669975       -2.0826912396765631     
  0.91999999999999693       0.98806394307157930       -1.9143847236724065     
  0.92333333333333023       0.99214878662054884       -1.7444459798591840     
  0.92666666666666353       0.99628093727622258       -1.5729483810171025     
  0.92999999999999683        1.0004585825407541       -1.3934703004808031     
  0.93333333333333013        1.0046798899608578       -1.1584137055079320     
  0.93666666666666343        1.0089430079315838      -0.91989927775530034     
  0.93999999999999673        1.0132460665084928      -0.67795521916660140     
  0.94333333333333003        1.0175871782278754      -0.43261002685330202     
  0.94666666666666333        1.0219644389346565      -0.18389251729532452     
  0.94999999999999662        1.0263759286176202        6.8168145006491904E-002
  0.95333333333332992        1.0308197122515905       0.32354241400489375     
  0.95666666666666322        1.0352938406461973       0.58220032325917248     
  0.95999999999999652        1.0397963513008552       0.84411144129417881     
  0.96333333333332982        1.0443252692655818        1.1092448206698047     
  0.96666666666666312        1.0488786080072754        1.3775689402443025     
  0.96999999999999642        1.0534543702810748        1.6490516400968342     
  0.97333333333332972        1.0580505490064165        1.9236600485586510     
  0.97666666666666302        1.0626651281474062        2.2013605007907371     
  0.97999999999999632        1.0672960835971197        2.4821184483372956     
  0.98333333333332962        1.0719413840654417        2.7658983590806550     
  0.98666666666666292        1.0765989919700587        3.0526636070245758     
  0.98999999999999622        1.0812668643302084        3.3423763513386464     
  0.99333333333332952        1.0859429536627985        3.6349974041097957     
  0.99666666666666281        1.0906252088805020        3.9304860862653452     
  0.99999999999999611        1.0953115761914300        4.2288000711577265     
   1.0033333333333294        1.0999999999999948        4.5298952153353307     
   1.0066666666666628        1.1046884238085590        4.8337253760647982     
   1.0099999999999962        1.1093747911194873        5.1402422152212806     
   1.0133333333333296        1.1140570463371910        5.4493949892221556     
   1.0166666666666631        1.1187331356697814        5.7611303247498267     
   1.0199999999999965        1.1234010080299310        6.0753919800885745     
   1.0233333333333299        1.1280586159345483        6.3921205919905120     
   1.0266666666666633        1.1327039164028707        6.7112534080879458     
   1.0299999999999967        1.1373348718525842        7.0327240049814987     
   1.0333333333333301        1.1419494509935741        7.3564619922581818     
   1.0366666666666635        1.1465456297189160        7.6823927028301435     
   1.0399999999999969        1.1511213919927157        8.0104368701319366     
   1.0433333333333303        1.1556747307344095        8.3405102928752601     
   1.0466666666666637        1.1602036486991363        8.6725234882302900     
   1.0499999999999972        1.1647061593537942        9.0063813344856687     
   1.0533333333333306        1.1691802877484012        9.3419827044320964     
   1.0566666666666640        1.1736240713823718        9.6792200909167629     
   1.0599999999999974        1.1780355610653357        10.017979226228000     
   1.0633333333333308        1.1824128217721170        10.358138697187547     
   1.0666666666666642        1.1867539334914998        10.699569558053808     
   1.0699999999999976        1.1910569920684089        11.042134943568371     
   1.0733333333333310        1.1953201100391353        11.385689684710117     
   1.0766666666666644        1.1995414174592391        11.730079929953144     
   1.0799999999999979        1.2037190627237708        12.075142775054680     
   1.0833333333333313        1.2078512133794448        12.420705904623288     
   1.0866666666666647        1.2119360569284146        12.766587248934124     
   1.0899999999999981        1.2159718016232943        13.112594659662724     
   1.0933333333333315        1.2199566772530783        13.458525608398746     
   1.0966666666666649        1.2238889359196137        13.804166911971514     
   1.0999999999999983        1.2277668528042871        14.149294488768051     
   1.1033333333333317        1.2315887269245867        14.493673150345192     
   1.1066666666666651        1.2353528818802091        14.837056432728446     
   1.1099999999999985        1.2390576665883841        15.179186471845679     
   1.1133333333333320        1.2427014560080947        15.519793927560260     
   1.1166666666666654        1.2462826518528729        15.858597960742248     
   1.1199999999999988        1.2497996832918614        16.195306267741564     
   1.1233333333333322        1.2532510076388326        16.529615176505228     
   1.1266666666666656        1.2566351110288601        16.861209808401146     
   1.1299999999999990        1.2599505090823513        17.189764309579537     
   1.1333333333333324        1.2631957475561455        17.514942155409283     
   1.1366666666666658        1.2663694029813914        17.836396531175172     
   1.1399999999999992        1.2694700832879298        18.153770791809720     
   1.1433333333333326        1.2724964284148994        18.466699002958300     
   1.1466666666666661        1.2754471109073058        18.774806565144392     
   1.1499999999999995        1.2783208364982872        19.077710922209164     
   1.1533333333333329        1.2811163446768217        19.375022354553288     
   1.1566666666666663        1.2838324092406297        19.666344857011143     
   1.1599999999999997        1.2864678388340267        19.951277100442955     
   1.1633333333333331        1.2890214774704916        20.229413475345996     
   1.1666666666666665        1.2914922050397195        20.500345214968618     
   1.1699999999999999        1.2938789377989406        20.763661594568298     
   1.1733333333333333        1.2961806288482842        21.018951202596316     
   1.1766666666666667        1.2983962685899846        21.265803278727777     
   1.1800000000000002        1.3005248851712232        21.503809112796688     
   1.1833333333333336        1.3025655449104165        21.732563497852411     
   1.1866666666666670        1.3045173527067582        21.951666229738986     
   1.1900000000000004        1.3063794524328411        22.160723644826469     
   1.1933333333333338        1.3081510273101822        22.359350186797538     
   1.1966666666666672        1.3098313002674891        22.547169992741040     
   1.2000000000000006        1.3114195342815096        22.723818488218424     
   1.2033333333333340        1.3129150327003130        22.888943980478910     
   1.2066666666666674        1.3143171395488666        23.042209238605370     
   1.2100000000000009        1.3156252398167663        23.183293049081310     
   1.2133333333333343        1.3168387597280016        23.311891735103483     
   1.2166666666666677        1.3179571669926322        23.427720627909576     
   1.2200000000000011        1.3189799710402681        23.530515478471848     
   1.2233333333333345        1.3199067232352499        23.620033798114569     
   1.2266666666666679        1.3207370170734358        23.696056116953052     
   1.2300000000000013        1.3214704883605064        23.758387149523532     
   1.2333333333333347        1.3221068153717142        23.806856857573539     
   1.2366666666666681        1.3226457189930010        23.841321400703741     
   1.2400000000000015        1.3230869628434276        23.861663966395053     
   1.2433333333333350        1.3234303533788581        23.867795471899342     
   1.2466666666666684        1.3236757399768542        23.859655131520579     
   1.2500000000000018        1.3238230150027444        23.837210883940173     
   1.2533333333333352        1.3238721138568343        23.800459675442887     
   1.2566666666666686        1.3238230150027441        23.749427596156615     
   1.2600000000000020        1.3236757399768539        23.684169867713926     
   1.2633333333333354        1.3234303533788576        23.604770682064881     
   1.2666666666666688        1.3230869628434272        23.511342892493595     
   1.2700000000000022        1.3226457189930003        23.404027559204941     
   1.2733333333333356        1.3221068153717135        23.282993353131129     
   1.2766666666666691        1.3214704883605057        23.148435822845915     
   1.2800000000000025        1.3207370170734349        23.000576530650367     
   1.2833333333333359        1.3199067232352490        22.839662064995061     
   1.2866666666666693        1.3189799710402672        22.665962937410367     
   1.2900000000000027        1.3179571669926311        22.479772373027856     
   1.2933333333333361        1.3168387597280005        22.281405004568516     
   1.2966666666666695        1.3156252398167652        22.071195480349633     
   1.3000000000000029        1.3143171395488653        21.849496997410167     
   1.3033333333333363        1.3129150327003116        21.616679771272793     
   1.3066666666666698        1.3114195342815080        21.373129454142660     
   1.3100000000000032        1.3098313002674875        21.119245513496036     
   1.3133333333333366        1.3081510273101804        20.855439583030488     
   1.3166666666666700        1.3063794524328391        20.582133797840669     
   1.3200000000000034        1.3045173527067564        20.299759125454298     
   1.3233333333333368        1.3025655449104145        20.008753704018954     
   1.3266666666666702        1.3005248851712212        19.709561198479630     
   1.3300000000000036        1.2983962685899824        19.402629185041178     
   1.3333333333333370        1.2961806288482820        19.088407573578905     
   1.3366666666666704        1.2938789377989384        18.767347076954003     
   1.3400000000000039        1.2914922050397171        18.439897735426044     
   1.3433333333333373        1.2890214774704891        18.106507503536914     
   1.3466666666666707        1.2864678388340243        17.767620905989968     
   1.3500000000000041        1.2838324092406270        17.423677768170624     
   1.3533333333333375        1.2811163446768190        17.075112026065725     
   1.3566666666666709        1.2783208364982843        16.722350619449688     
   1.3600000000000043        1.2754471109073031        16.365812471324229     
   1.3633333333333377        1.2724964284148965        16.005907555739984     
   1.3666666666666711        1.2694700832879269        15.643036055295630     
   1.3700000000000045        1.2663694029813886        15.277587608816388     
   1.3733333333333380        1.2631957475561424        14.909940648963362     
   1.3766666666666714        1.2599505090823482        14.540461828824334     
   1.3800000000000048        1.2566351110288567        14.169505535890151     
   1.3833333333333382        1.2532510076388288        13.797413491234051     
   1.3866666666666716        1.2497996832918576        13.424514431182493     
   1.3900000000000050        1.2462826518528689        13.051123868302691     
   1.3933333333333384        1.2427014560080907        12.677543928129564     
   1.3966666666666718        1.2390576665883801        12.304063257716358     
   1.4000000000000052        1.2353528818802051        11.930957001815262     
   1.4033333333333387        1.2315887269245827        11.558486842277578     
   1.4066666666666721        1.2277668528042831        11.186901096101847     
   1.4100000000000055        1.2238889359196095        10.816434867454351     
   1.4133333333333389        1.2199566772530741        10.447310248930155     
   1.4166666666666723        1.2159718016232901        10.079736567316601     
   1.4200000000000057        1.2119360569284103        9.7139106691570234     
   1.4233333333333391        1.2078512133794403        9.3500172414871940     
   1.4266666666666725        1.2037190627237664        8.9882291632278246     
   1.4300000000000059        1.1995414174592347        8.6287078828555686     
   1.4333333333333393        1.1953201100391306        8.2716038181432801     
   1.4366666666666728        1.1910569920684044        7.9170567739483246     
   1.4400000000000062        1.1867539334914952        7.5651963742344845     
   1.4433333333333396        1.1824128217721124        7.2161425047355463     
   1.4466666666666730        1.1780355610653310        6.8700057628987699     
   1.4500000000000064        1.1736240713823669        6.5268879119878216     
   1.4533333333333398        1.1691802877483963        6.1868823364666818     
   1.4566666666666732        1.1647061593537895        5.8500744960315991     
   1.4600000000000066        1.1602036486991314        5.5165423759023211     
   1.4633333333333400        1.1556747307344046        5.1863569312232887     
   1.4666666666666734        1.1511213919927108        4.8595825236622403     
   1.4700000000000069        1.1465456297189109        4.5362773485194055     
   1.4733333333333403        1.1419494509935693        4.2164938508828884     
   1.4766666666666737        1.1373348718525793        3.9002791295730161     
   1.4800000000000071        1.1327039164028656        3.5876753278200968     
   1.4833333333333405        1.1280586159345432        3.2787200098065554     
   1.4866666666666739        1.1234010080299262        2.9734465223812245     
   1.4900000000000073        1.1187331356697763        2.6718843414173516     
   1.4933333333333407        1.1140570463371859        2.3740594024379864     
   1.4966666666666741        1.1093747911194825        2.0799944152703156     
   1.5000000000000075        1.1046884238085541        1.7897091626188972     
   1.5033333333333410        1.0999999999999894        1.5032207825611859     
   1.5066666666666744        1.0953115761914247        1.2205440350721675     
   1.5100000000000078        1.0906252088804964       0.94169155277591832     
   1.5133333333333412        1.0859429536627929       0.66667407620252972     
   1.5166666666666746        1.0812668643302026       0.39550067389829469     
   1.5200000000000080        1.0765989919700529       0.12817894779667255     
   1.5233333333333414        1.0719413840654357      -0.13528477569199379     
   1.5266666666666748        1.0672960835971135      -0.39488526837302174     
   1.5300000000000082        1.0626651281474000      -0.65061823621023562     
   1.5333333333333417        1.0580505490064100      -0.90248016796159924     
   1.5366666666666751        1.0534543702810684       -1.1504681959324949     
   1.5400000000000085        1.0488786080072687       -1.3945799682599735     
   1.5433333333333419        1.0443252692655749       -1.6348135321350583     
   1.5466666666666753        1.0397963513008484       -1.8711672273712263     
   1.5500000000000087        1.0352938406461902       -2.1036395897308391     
   1.5533333333333421        1.0308197122515834       -2.3322292634310404     
   1.5566666666666755        1.0263759286176131       -2.5569349222634226     
   1.5600000000000089        1.0219644389346492       -2.7777551987779106     
   1.5633333333333423        1.0175871782278680       -2.9946886210003592     
   1.5666666666666758        1.0132460665084853       -3.2077335561754681     
   1.5700000000000092        1.0089430079315764       -3.4168881610492199     
   1.5733333333333426        1.0046798899608502       -3.6221503382312132     
   1.5766666666666760        1.0004585825407464       -3.8235176982025636     
   1.5800000000000094       0.99628093727621492       -3.9689975176969572     
   1.5833333333333428       0.99214878662054107       -4.1063220853393796     
   1.5866666666666762       0.98806394307157142       -4.2419397010136217     
   1.5900000000000096       0.98402819837669186       -4.3757905284018355     
   1.5933333333333430       0.98004332274690820       -4.5078148821351682     
   1.5966666666666764       0.97611106408037296       -4.6379532414040865     
   1.6000000000000099       0.97223314719569964       -4.7661462656061522     
   1.6033333333333433       0.96841127307540031       -4.8923348121148820     
   1.6066666666666767       0.96464711811977821       -5.0164599562453907     
   1.6100000000000101       0.96094233341160329       -5.1384630134829354     
   1.6133333333333435       0.95729854399189296       -5.2582855640309392     
   1.6166666666666769       0.95371734814711506       -5.3758694797242033     
   1.6200000000000103       0.95020031670812655       -5.4911569533418341     
   1.6233333333333437       0.94674899236115584       -5.6040905303420327     
   1.6266666666666771       0.94336488897112858       -5.7146131430286493     
   1.6300000000000106       0.94004949091763734       -5.8226681471456230     
   1.6333333333333440       0.93680425244384358       -5.9281993608819219     
   1.6366666666666774       0.93363059701859774       -6.0311511062552627     
   1.6400000000000108       0.93052991671205976       -6.1314682528279816     
   1.6433333333333442       0.92750357158509045       -6.2290962636938545     
   1.6466666666666776       0.92455288909268418       -6.3239812436590164     
   1.6500000000000110       0.92167916350170320       -6.4160699895252655     
   1.6533333333333444       0.91888365532316896       -6.5053100423684080     
   1.6566666666666778       0.91616759075936127       -6.5916497416891957     
   1.6600000000000112       0.91353216116596447       -6.6750382812995532     
   1.6633333333333447       0.91097852252949996       -6.7554257667918991     
   1.6666666666666781       0.90850779496027223       -6.8327632744253908     
   1.6700000000000115       0.90612106220105137       -6.9070029112491405     
   1.6733333333333449       0.90381937115170818       -6.9780978762696639     
   1.6766666666666783       0.90160373141000805       -7.0460025224577834     
   1.6800000000000117       0.89947511482876963       -7.1106724193787576     
   1.6833333333333451       0.89743445508957664       -7.1720644162199854     
   1.6866666666666785       0.89548264729323535       -7.2301367049809571     
   1.6900000000000119       0.89362054756715281       -7.2848488835833249     
   1.6933333333333453       0.89184897268981211       -7.3361620186521623     
   1.6966666666666788       0.89016869973250534       -7.3840387077151695     
   1.7000000000000122       0.88858046571848537       -7.4284431405630835     
   1.7033333333333456       0.88708496729968211       -7.4693411595135011     
   1.7066666666666790       0.88568286045112887       -7.5067003183197594     
   1.7100000000000124       0.88437476018322947       -7.5404899394691700     
   1.7133333333333458       0.88316124027199450       -7.5706811696178598     
   1.7166666666666792       0.88204283300736419       -7.5972470329152335     
   1.7200000000000126       0.88102002895972875       -7.6201624819779772     
   1.7233333333333460       0.88009327676474713       -7.6394044462825024     
   1.7266666666666795       0.87926298292656169       -7.6549518777549803     
   1.7300000000000129       0.87852951163949133       -7.6667857933506287     
   1.7333333333333463       0.87789318462828403       -7.6748893144272268     
   1.7366666666666797       0.87735428100699753       -7.6792477027331385     
   1.7400000000000131       0.87691303715657121       -7.6798483928466643     
   1.7433333333333465       0.87656964662114123       -7.6766810209211265     
   1.7466666666666799       0.87632426002314523       -7.6697374496089337     
   1.7500000000000133       0.87617698499725560       -7.6590117890576916     
   1.7533333333333467       0.87612788614316583       -7.6445004138919703     
   1.7566666666666801       0.87617698499725627       -7.6262019761153788     
   1.7600000000000136       0.87632426002314678       -7.6041174138894077     
   1.7633333333333470       0.87656964662114345       -7.5782499561673031     
   1.7666666666666804       0.87691303715657432       -7.5486051231832860     
   1.7700000000000138       0.87735428100700141       -7.5151907228192778     
   1.7733333333333472       0.87789318462828869       -7.4780168428930294     
   1.7766666666666806       0.87852951163949677       -7.4370958394326934     
   1.7800000000000140       0.87926298292656790       -7.3924423210234913     
   1.7833333333333474       0.88009327676475413       -7.3440731293319903     
   1.7866666666666808       0.88102002895973641       -7.2920073159322873     
   1.7900000000000142       0.88204283300737274       -7.2362661155761785     
   1.7933333333333477       0.88316124027200371       -7.1768729160661691     
   1.7966666666666811       0.88437476018323946       -7.1138532249051138     
   1.8000000000000145       0.88568286045113953       -7.0472346329103548     
   1.8033333333333479       0.88708496729969366       -6.9770467749922869     
   1.8066666666666813       0.88858046571849758       -6.9033212883081685     
   1.8100000000000147       0.89016869973251833       -6.8260917680106541     
   1.8133333333333481       0.89184897268982577       -6.7453937208182779     
   1.8166666666666815       0.89362054756716724       -6.6612645166403333     
   1.8200000000000149       0.89548264729325044       -6.5737433384925570     
   1.8233333333333483       0.89743445508959252       -6.4828711309423195     
   1.8266666666666818       0.89947511482878617       -6.3886905473221356     
   1.8300000000000152       0.90160373141002537       -6.2912458959495021     
   1.8333333333333486       0.90381937115172606       -6.1905830855878401     
   1.8366666666666820       0.90612106220107003       -6.0867495703793946     
   1.8400000000000154       0.90850779496029144       -5.9797942944748375     
   1.8433333333333488       0.91097852252951983       -5.8697676365774063     
   1.8466666666666822       0.91353216116598501       -5.7567213546108800     
   1.8500000000000156       0.91616759075938248       -5.6407085307112883     
   1.8533333333333490       0.91888365532319083       -5.5217835167315350     
   1.8566666666666825       0.92167916350172563       -5.4000018804368004     
   1.8600000000000159       0.92455288909270728       -5.2754203525560799     
   1.8633333333333493       0.92750357158511409       -5.1480967748425819     
   1.8666666666666827       0.93052991671208396       -5.0180900492819278     
   1.8700000000000161       0.93363059701862261       -4.8854600885732840     
   1.8733333333333495       0.93680425244386900       -4.7502677679944867     
   1.8766666666666829       0.94004949091766343       -4.6125748787475569     
   1.8800000000000163       0.94336488897115511       -4.4724440828668275     
   1.8833333333333497       0.94674899236118293       -4.3299388697572478     
   1.8866666666666831       0.95020031670815419       -4.1851235144163814     
   1.8900000000000166       0.95371734814714315       -4.0380630373793602     
   1.8933333333333500       0.95729854399192171       -3.8888231664126565     
   1.8966666666666834       0.96094233341163249       -3.7374702999689777     
   1.9000000000000168       0.96464711811980786       -3.5840714724029468     
   1.9033333333333502       0.96841127307543040       -3.4286943209351932     
   1.9066666666666836       0.97223314719573017       -3.2714070543403730     
   1.9100000000000170       0.97611106408040393       -3.1122784233243692     
   1.9133333333333504       0.98004332274693962       -2.9513776925450954     
   1.9166666666666838       0.98402819837672373       -2.7887746142223211     
   1.9200000000000172       0.98806394307160361       -2.6245394032728506     
   1.9233333333333507       0.99214878662057371       -2.4587427138998867     
   1.9266666666666841       0.99628093727624789       -2.2914556175578000     
   1.9300000000000175        1.0004585825407797       -2.1162541434086979     
   1.9333333333333509        1.0046798899608840       -1.8855378716510209     
   1.9366666666666843        1.0089430079316104       -1.6514250540261044     
   1.9400000000000177        1.0132460665085197       -1.4139414198149176     
   1.9433333333333511        1.0175871782279027       -1.1731129509028153     
   1.9466666666666845        1.0219644389346840      -0.92896590624264674     
   1.9500000000000179        1.0263759286176481      -0.68152685084788811     
   1.9533333333333514        1.0308197122516189      -0.43082268973911497     
   1.9566666666666848        1.0352938406462260      -0.17688070729217353     
   1.9600000000000182        1.0397963513008841        8.0271387538599415E-002
   1.9633333333333516        1.0443252692656109       0.34060540962602109     
   1.9666666666666850        1.0488786080073049       0.60409263918805312     
   1.9700000000000184        1.0534543702811048       0.87070375588289339     
   1.9733333333333518        1.0580505490064467        1.1404087649312666     
   1.9766666666666852        1.0626651281474366        1.4131769147034081     
   1.9800000000000186        1.0672960835971506        1.6889766052009181     
   1.9833333333333520        1.0719413840654730        1.9677752868592677     
   1.9866666666666855        1.0765989919700902        2.2495393490988453     
   1.9900000000000189        1.0812668643302401        2.5342339980581414     
   1.9933333333333523        1.0859429536628304        2.8218231229558999     
   1.9966666666666857        1.0906252088805339        3.1122691505478493     
   2.0000000000000191        1.0953115761914625        3.4055328871697741     
   2.0033333333333525        1.1000000000000270        3.7015733478922095     
   2.0066666666666859        1.1046884238085917        4.0003475723546007     
   2.0100000000000193        1.1093747911195200        4.3018104268960231     
   2.0133333333333527        1.1140570463372235        4.6059143926610639     
   2.0166666666666861        1.1187331356698138        4.9126093394276626     
   2.0200000000000196        1.1234010080299635        5.2218422849841293     
   2.0233333333333530        1.1280586159345805        5.5335571399731931     
   2.0266666666666864        1.1327039164029029        5.8476944382223204     
   2.0300000000000198        1.1373348718526162        6.1641910526919803     
   2.0333333333333532        1.1419494509936061        6.4829798972996722     
   2.0366666666666866        1.1465456297189478        6.8039896150117398     
   2.0400000000000200        1.1511213919927474        7.1271442527451949     
   2.0433333333333534        1.1556747307344410        7.4523629237802007     
   2.0466666666666868        1.1602036486991676        7.7795594585561565     
   2.0500000000000203        1.1647061593538255        8.1086420449063557     
   2.0533333333333537        1.1691802877484321        8.4395128589791657     
   2.0566666666666871        1.1736240713824024        8.7720676882968593     
   2.0600000000000205        1.1780355610653663        9.1061955486141528     
   2.0633333333333539        1.1824128217721472        9.4417782964577075     
   2.0666666666666873        1.1867539334915298        9.7786902394536988     
   2.0700000000000207        1.1910569920684386        10.116797746778383     
   2.0733333333333541        1.1953201100391646        10.455958862300852     
   2.0766666666666875        1.1995414174592682        10.796022923216738     
   2.0800000000000209        1.2037190627237997        11.136830187203492     
   2.0833333333333544        1.2078512133794734        11.478211471350759     
   2.0866666666666878        1.2119360569284428        11.819987806336636     
   2.0900000000000212        1.2159718016233223        12.161970109525164     
   2.0933333333333546        1.2199566772531059        12.503958880849734     
   2.0966666666666880        1.2238889359196408        12.845743925518539     
   2.1000000000000214        1.2277668528043140        13.187104107726455     
   2.1033333333333548        1.2315887269246131        13.527807139678309     
   2.1066666666666882        1.2353528818802348        13.867609410320597     
   2.1100000000000216        1.2390576665884097        14.206255858232771     
   2.1133333333333550        1.2427014560081198        14.543479893147213     
   2.1166666666666885        1.2462826518528975        14.879003370538975     
   2.1200000000000219        1.2497996832918856        15.212536623654403     
   2.1233333333333553        1.2532510076388563        15.543778557222906     
   2.1266666666666887        1.2566351110288831        15.872416806918640     
   2.1300000000000221        1.2599505090823742        16.198127968406801     
   2.1333333333333555        1.2631957475561677        16.520577899513910     
   2.1366666666666889        1.2663694029814134        16.839422098713925     
   2.1400000000000223        1.2694700832879511        17.154306162703964     
   2.1433333333333557        1.2724964284149201        17.464866325374526     
   2.1466666666666891        1.2754471109073262        17.770730079941913     
   2.1500000000000226        1.2783208364983070        18.071516885421229     
   2.1533333333333560        1.2811163446768408        18.366838957970533     
   2.1566666666666894        1.2838324092406481        18.656302146939012     
   2.1600000000000228        1.2864678388340447        18.939506894707336     
   2.1633333333333562        1.2890214774705089        19.216049278624109     
   2.1666666666666896        1.2914922050397364        19.485522132524981     
   2.1700000000000230        1.2938789377989568        19.747516244476728     
   2.1733333333333564        1.2961806288483000        20.001621626533066     
   2.1766666666666898        1.2983962685899997        20.247428851421315     
   2.1800000000000233        1.3005248851712379        20.484530450222643     
   2.1833333333333567        1.3025655449104305        20.712522364263442     
   2.1866666666666901        1.3045173527067715        20.931005443621828     
   2.1900000000000235        1.3063794524328536        21.139586983878932     
   2.1933333333333569        1.3081510273101942        21.337882292021419     
   2.1966666666666903        1.3098313002675004        21.525516271745261     
   2.2000000000000237        1.3114195342815202        21.702125017831708     
   2.2033333333333571        1.3129150327003232        21.867357408769305     
   2.2066666666666905        1.3143171395488760        22.020876686405838     
   2.2100000000000239        1.3156252398167751        22.162362011122035     
   2.2133333333333574        1.3168387597280098        22.291509980850794     
   2.2166666666666908        1.3179571669926395        22.408036102212780     
   2.2200000000000242        1.3189799710402750        22.511676202119798     
   2.2233333333333576        1.3199067232352562        22.602187768402477     
   2.2266666666666910        1.3207370170734412        22.679351208361936     
   2.2300000000000244        1.3214704883605113        22.742971014613389     
   2.2333333333333578        1.3221068153717181        22.792876828190433     
   2.2366666666666912        1.3226457189930043        22.828924389603149     
   2.2400000000000246        1.3230869628434303        22.850996369379601     
   2.2433333333333580        1.3234303533788601        22.859003070571742     
   2.2466666666666915        1.3236757399768555        22.852882996749010     
   2.2500000000000249        1.3238230150027450        22.832603280134357     
   2.2533333333333583        1.3238721138568343        22.798159965736417     
   2.2566666666666917        1.3238230150027435        22.749578148591024     
   2.2600000000000251        1.3236757399768526        22.686911962517616     
   2.2633333333333585        1.3234303533788556        22.610244420119102     
   2.2666666666666919        1.3230869628434245        22.519687105075750     
   2.2700000000000253        1.3226457189929970        22.415379719097427     
   2.2733333333333587        1.3221068153717095        22.297489487182538     
   2.2766666666666922        1.3214704883605011        22.166210426068769     
   2.2800000000000256        1.3207370170734296        22.021762481938175     
   2.2833333333333590        1.3199067232352431        21.864390544538114     
   2.2866666666666924        1.3189799710402603        21.694363345888437     
   2.2900000000000258        1.3179571669926238        21.511972252654658     
   2.2933333333333592        1.3168387597279925        21.317529962060465     
   2.2966666666666926        1.3156252398167563        21.111369111888813     
   2.3000000000000260        1.3143171395488560        20.893840815669382     
   2.3033333333333594        1.3129150327003016        20.665313134565093     
   2.3066666666666928        1.3114195342814972        20.426169497758856     
   2.3100000000000263        1.3098313002674762        20.176807083286857     
   2.3133333333333597        1.3081510273101684        19.917635171289472     
   2.3166666666666931        1.3063794524328265        19.649073481539315     
   2.3200000000000265        1.3045173527067431        19.371550506879053     
   2.3233333333333599        1.3025655449104008        19.085501853854677     
   2.3266666666666933        1.3005248851712068        18.791368601382562     
   2.3300000000000267        1.2983962685899673        18.489595687740099     
   2.3333333333333601        1.2961806288482662        18.180630335539892     
   2.3366666666666935        1.2938789377989219        17.864920523641107     
   2.3400000000000269        1.2914922050397002        17.542913514186157     
   2.3433333333333604        1.2890214774704716        17.215054442134662     
   2.3466666666666938        1.2864678388340063        16.881784973813531     
   2.3500000000000272        1.2838324092406084        16.543542040127168     
   2.3533333333333606        1.2811163446767997        16.200756649180992     
   2.3566666666666940        1.2783208364982648        15.853852782182758     
   2.3600000000000274        1.2754471109072827        15.503246375605286     
   2.3633333333333608        1.2724964284148756        15.149344391735273     
   2.3666666666666942        1.2694700832879056        14.792543978900008     
   2.3700000000000276        1.2663694029813666        14.433231721871101     
   2.3733333333333611        1.2631957475561200        14.071782982192516     
   2.3766666666666945        1.2599505090823253        13.708561327480679     
   2.3800000000000279        1.2566351110288334        13.343918048097281     
   2.3833333333333613        1.2532510076388055        12.978191759008741     
   2.3866666666666947        1.2497996832918339        12.611708084117375     
   2.3900000000000281        1.2462826518528447        12.244779419887205     
   2.3933333333333615        1.2427014560080660        11.877704774682773     
   2.3966666666666949        1.2390576665883550        11.510769679902854     
   2.4000000000000283        1.2353528818801793        11.144246168712383     
   2.4033333333333617        1.2315887269245567        10.778392817958556     
   2.4066666666666952        1.2277668528042567        10.413454848697658     
   2.4100000000000286        1.2238889359195828        10.049664280653406     
   2.4133333333333620        1.2199566772530468        9.6872401358722602     
   2.4166666666666954        1.2159718016232626        9.3263886868358679     
   2.4200000000000288        1.2119360569283824        8.9673037443247328     
   2.4233333333333622        1.2078512133794121        8.6101669804041467     
   2.4266666666666956        1.2037190627237380        8.2551482820124065     
   2.4300000000000290        1.1995414174592058        7.9024061307725182     
   2.4333333333333624        1.1953201100391015        7.5520880048154906     
   2.4366666666666958        1.1910569920683751        7.2043307985916076     
   2.4400000000000293        1.1867539334914656        6.8592612568543068     
   2.4433333333333627        1.1824128217720824        6.5169964192216696     
   2.4466666666666961        1.1780355610653008        6.1776440719535000     
   2.4500000000000295        1.1736240713823367        5.8413032038203214     
   2.4533333333333629        1.1691802877483659        5.5080644631858711     
   2.4566666666666963        1.1647061593537587        5.1780106136677713     
   2.4600000000000297        1.1602036486991003        4.8512169859867429     
   2.4633333333333631        1.1556747307343735        4.5277519238542459     
   2.4666666666666965        1.1511213919926795        4.2076772219841079     
   2.4700000000000299        1.1465456297188796        3.8910485545416917     
   2.4733333333333634        1.1419494509935375        3.5779158925641226     
   2.4766666666666968        1.1373348718525476        3.2683239090950487     
   2.4800000000000302        1.1327039164028339        2.9623123709765951     
   2.4833333333333636        1.1280586159345114        2.6599165164301630     
   2.4866666666666970        1.1234010080298942        2.3611674177328110     
   2.4900000000000304        1.1187331356697443        2.0660923284614716     
   2.4933333333333638        1.1140570463371540        1.7747150149274722     
   2.4966666666666972        1.1093747911194503        1.4870560715642680     
   2.5000000000000306        1.1046884238085219        1.2031332201578235     
   2.5033333333333641        1.0999999999999572       0.92296159292348945     
   2.5066666666666975        1.0953115761913927       0.64655399953673554     
   2.5100000000000309        1.0906252088804644       0.37392117831619259     
   2.5133333333333643        1.0859429536627607       0.10507203183798033     
   2.5166666666666977        1.0812668643301706      -0.15998615266999822     
   2.5200000000000311        1.0765989919700210      -0.42124749774531217     
   2.5233333333333645        1.0719413840654040      -0.67870734446079706     
   2.5266666666666979        1.0672960835970817      -0.93236207504694824     
   2.5300000000000313        1.0626651281473682       -1.1822089488334966     
   2.5333333333333647        1.0580505490063785       -1.4282459509516341     
   2.5366666666666982        1.0534543702810368       -1.6704716532203416     
   2.5400000000000316        1.0488786080072374       -1.9088850866282141     
   2.5433333333333650        1.0443252692655438       -2.1434856248170258     
   2.5466666666666984        1.0397963513008173       -2.3742728779728002     
   2.5500000000000318        1.0352938406461596       -2.6012465965348630     
   2.5533333333333652        1.0308197122515526       -2.8244065841425923     
   2.5566666666666986        1.0263759286175826       -3.0437526192517290     
   2.5600000000000320        1.0219644389346187       -3.2592843848697273     
   2.5633333333333654        1.0175871782278381       -3.4710014058765508     
   2.5666666666666988        1.0132460665084553       -3.6789029934213264     
   2.5700000000000323        1.0089430079315469       -3.8829881959062500     
   2.5733333333333657        1.0046798899608209       -4.0832557560964879     
   2.5766666666666991        1.0004585825407177       -4.2797040739190333     
   2.5800000000000325       0.99628093727618605       -4.4203411656759117     
   2.5833333333333659       0.99214878662051298       -4.5529000105556934     
   2.5866666666666993       0.98806394307154333       -4.6838295509068706     
   2.5900000000000327       0.98402819837666433       -4.8130705457212128     
   2.5933333333333661       0.98004332274688066       -4.9405638587583685     
   2.5966666666666995       0.97611106408034620       -5.0662504731597062     
   2.6000000000000330       0.97223314719567289       -5.1900715081268753     
   2.6033333333333664       0.96841127307537433       -5.3119682377457291     
   2.6066666666666998       0.96464711811975223       -5.4318821120293954     
   2.6100000000000332       0.96094233341157809       -5.5497547802434823     
   2.6133333333333666       0.95729854399186798       -5.6655281165682831     
   2.6166666666667000       0.95371734814709064       -5.7791442481404864     
   2.6200000000000334       0.95020031670810234       -5.8905455855070539     
   2.6233333333333668       0.94674899236113230       -5.9996748555105217     
   2.6266666666667002       0.94336488897110526       -6.1064751366136907     
   2.6300000000000336       0.94004949091761492       -6.2108898966567425     
   2.6333333333333671       0.93680425244382126       -6.3128630330279014     
   2.6366666666667005       0.93363059701857620       -6.4123389152125538     
   2.6400000000000339       0.93052991671203844       -6.5092624296730088     
   2.6433333333333673       0.92750357158506991       -6.6035790269943160     
   2.6466666666667007       0.92455288909266398       -6.6952347712180309     
   2.6500000000000341       0.92167916350168366       -6.7841763912692432     
   2.6533333333333675       0.91888365532314986       -6.8703513343680180     
   2.6566666666667009       0.91616759075934295       -6.9537078213002275     
   2.6600000000000343       0.91353216116594638       -7.0341949034088387     
   2.6633333333333677       0.91097852252948264       -7.1117625211511291     
   2.6666666666667012       0.90850779496025535       -7.1863615640541667     
   2.6700000000000346       0.90612106220103539       -7.2579439318863104     
   2.6733333333333680       0.90381937115169242       -7.3264625968506678     
   2.6766666666667014       0.90160373140999317       -7.3918716665935804     
   2.6800000000000348       0.89947511482875520       -7.4541264478108662     
   2.6833333333333682       0.89743445508956299       -7.5131835102238433     
   2.6866666666667016       0.89548264729322202       -7.5690007506891819     
   2.6900000000000350       0.89362054756714038       -7.6215374571983165     
   2.6933333333333684       0.89184897268980012       -7.6707543725168117     
   2.6966666666667019       0.89016869973249424       -7.7166137572085720     
   2.7000000000000353       0.88858046571847460       -7.7590794517877963     
   2.7033333333333687       0.88708496729967212       -7.7981169377388877     
   2.7066666666667021       0.88568286045111944       -7.8336933971459839     
   2.7100000000000355       0.88437476018322081       -7.8657777706746623     
   2.7133333333333689       0.88316124027198639       -7.8943408136529793     
   2.7166666666667023       0.88204283300735686       -7.9193551500035966     
   2.7200000000000357       0.88102002895972187       -7.9407953237868245     
   2.7233333333333691       0.88009327676474114       -7.9586378481224278     
   2.7266666666667025       0.87926298292655625       -7.9728612512695589     
   2.7300000000000360       0.87852951163948667       -7.9834461196554800     
   2.7333333333333694       0.87789318462827992       -7.9903751376583330     
   2.7366666666667028       0.87735428100699420       -7.9936331239638889     
   2.7400000000000362       0.87691303715656854       -7.9932070643329913     
   2.7433333333333696       0.87656964662113912       -7.9890861406342406     
   2.7466666666667030       0.87632426002314390       -7.9812617560152876     
   2.7500000000000364       0.87617698499725483       -7.9697275561059548     
   2.7533333333333698       0.87612788614316583       -7.9544794461671247     
   2.7566666666667032       0.87617698499725694       -7.9355156041204911     
   2.7600000000000366       0.87632426002314823       -7.9128364894160645     
   2.7633333333333701       0.87656964662114545       -7.8864448477162430     
   2.7666666666667035       0.87691303715657709       -7.8563457113974131     
   2.7700000000000369       0.87735428100700474       -7.8225463958920729     
   2.7733333333333703       0.87789318462829269       -7.7850564919159346     
   2.7766666666667037       0.87852951163950144       -7.7438878536462168     
   2.7800000000000371       0.87926298292657334       -7.6990545829375350     
   2.7833333333333705       0.88009327676476012       -7.6505730096819553     
   2.7866666666667039       0.88102002895974318       -7.5984616684386310     
   2.7900000000000373       0.88204283300738007       -7.5427412714763555     
   2.7933333333333707       0.88316124027201182       -7.4834346783888606     
   2.7966666666667042       0.88437476018324812       -7.4205668624582914     
   2.8000000000000376       0.88568286045114908       -7.3541648739556384     
   2.8033333333333710       0.88708496729970354       -7.2842578005799474     
   2.8066666666667044       0.88858046571850835       -7.2108767252479868     
   2.8100000000000378       0.89016869973252954       -7.1340546814561039     
   2.8133333333333712       0.89184897268983776       -7.0538266064422084     
   2.8166666666667046       0.89362054756717968       -6.9702292923826201     
   2.8200000000000380       0.89548264729326366       -6.8833013358613693     
   2.8233333333333714       0.89743445508960618       -6.7930830858526035     
   2.8266666666667049       0.89947511482880060       -6.6996165904563290     
   2.8300000000000383       0.90160373141004024       -6.6029455426275421     
   2.8333333333333717       0.90381937115174171       -6.5031152251349873     
   2.8366666666667051       0.90612106220108612       -6.4001724549823686     
   2.8400000000000385       0.90850779496030831       -6.2941655275184214     
   2.8433333333333719       0.91097852252953704       -6.1851441604556125     
   2.8466666666667053       0.91353216116600300       -6.0731594380083678     
   2.8500000000000387       0.91616759075940091       -5.9582637553529070     
   2.8533333333333721       0.91888365532321004       -5.8405107635992541     
   2.8566666666667055       0.92167916350174506       -5.7199553154554943     
   2.8600000000000390       0.92455288909272748       -5.5966534117512037     
   2.8633333333333724       0.92750357158513463       -5.4706621489748173     
   2.8666666666667058       0.93052991671210528       -5.3420396679653361     
   2.8700000000000392       0.93363059701864470       -5.2108451038857897     
   2.8733333333333726       0.93680425244389132       -5.0771385375908320     
   2.8766666666667060       0.94004949091768653       -4.9409809484867724     
   2.8800000000000394       0.94336488897117843       -4.8024341689682535     
   2.8833333333333728       0.94674899236120691       -4.6615608405002877     
   2.8866666666667062       0.95020031670817839       -4.5184243714014762     
   2.8900000000000396       0.95371734814716813       -4.3730888963687242     
   2.8933333333333731       0.95729854399194680       -4.2256192377714283     
   2.8966666666667065       0.96094233341165824       -4.0760808687284511     
   2.9000000000000399       0.96464711811983372       -3.9245398779697456     
   2.9033333333333733       0.96841127307545705       -3.7710629364708579     
   2.9066666666667067       0.97223314719575693       -3.6157172658382413     
   2.9100000000000401       0.97611106408043136       -3.4585706084109455     
   2.9133333333333735       0.98004332274696704       -3.2996911990354589     
   2.9166666666667069       0.98402819837675182       -3.1391477384593687     
   2.9200000000000403       0.98806394307163181       -2.9770093682823782     
   2.9233333333333738       0.99214878662060257       -2.8133456473935903     
   2.9266666666667072       0.99628093727627676       -2.6482265298184435     
   2.9300000000000406        1.0004585825408092       -2.4752269050911750     
   2.9333333333333740        1.0046798899609133       -2.2467451915376038     
   2.9366666666667074        1.0089430079316404       -2.0148984567675940     
   2.9400000000000408        1.0132460665085496       -1.7797112236998662     
   2.9433333333333742        1.0175871782279333       -1.5412082456901210     
   2.9466666666667076        1.0219644389347144       -1.2994145310971024     
   2.9500000000000410        1.0263759286176792       -1.0543553724175527     
   2.9533333333333744        1.0308197122516498      -0.80605638041473526     
   2.9566666666667079        1.0352938406462575      -0.55454352368834214     
   2.9600000000000413        1.0397963513009154      -0.29984317416049083     
   2.9633333333333747        1.0443252692656428       -4.1982158973121679E-002
   2.9666666666667081        1.0488786080073367       0.21901218068525311     
   2.9700000000000415        1.0534543702811370       0.48311192328960534     
   2.9733333333333749        1.0580505490064787       0.75028849267364484     
   2.9766666666667083        1.0626651281474691        1.0205125751494935     
   2.9800000000000417        1.0672960835971825        1.2937540274804118     
   2.9833333333333751        1.0719413840655054        1.5699817751341829     
   2.9866666666667085        1.0765989919701222        1.8491637002437997     
   2.9900000000000420        1.0812668643302725        2.1312665187109721     
   2.9933333333333754        1.0859429536628624        2.4162556458979019     
   2.9966666666667088        1.0906252088805666        2.7040950503755092     
   3.0000000000000422        1.0953115761914944        2.9947470952183934     
