   5.0000000000000001E-003   1.1000000000000001        6.2792742474230332     
   1.0000000000000000E-002   1.1140306706972070        7.2483252109604557     
   1.4999999999999999E-002   1.1280474948163790        8.2466275473535298     
   2.0000000000000000E-002   1.1420366394443824        9.2759764967696618     
   2.5000000000000001E-002   1.1559842989843994        10.338349734487826     
   3.0000000000000002E-002   1.1698767087803847        11.435916204370358     
   3.5000000000000003E-002   1.1837001587011213        12.571043227306021     
   4.0000000000000001E-002   1.1974410066704626        13.746301327316319     
   4.4999999999999998E-002   1.2110856921304154        14.964466130292433     
   4.9999999999999996E-002   1.2246207494237735        16.228516596840002     
   5.4999999999999993E-002   1.2380328210830958        17.541628753834662     
   5.9999999999999991E-002   1.2513086710129135        18.907163992448442     
   6.4999999999999988E-002   1.2644351975521588        20.328650908251511     
   6.9999999999999993E-002   1.2773994464039220        21.809759577549372     
   7.4999999999999997E-002   1.2901886234197795        23.354267100941939     
   8.0000000000000002E-002   1.3027901072260721        24.966013209314589     
   8.5000000000000006E-002   1.3151914616796792        26.648844729800153     
   9.0000000000000011E-002   1.3273804481409883        28.406547761798588     
   9.5000000000000015E-002   1.3393450375519564        30.242766529145381     
  0.10000000000000002        1.3510734223073373        32.160908067793919     
  0.10500000000000002        1.3625540279073627        34.164032192585843     
  0.11000000000000003        1.3737755243803753        36.254726574281122     
  0.11500000000000003        1.3847268374641442        38.434967258980066     
  0.12000000000000004        1.3953971595348236        40.705965582277166     
  0.12500000000000003        1.4057759602727733        43.068003170010698     
  0.13000000000000003        1.4158529970547129        45.520257568612152     
  0.13500000000000004        1.4256183250619539        48.060621993532557     
  0.14000000000000004        1.4350623070947357        50.685523695465157     
  0.14500000000000005        1.4441756230829774        53.389746480110588     
  0.15000000000000005        1.4529492792840628        56.166263924150940     
  0.15500000000000005        1.4613746171585777        59.006090741711112     
  0.16000000000000006        1.4694433219152436        61.898160495266779     
  0.16500000000000006        1.4771474307166117        64.829238328988595     
  0.17000000000000007        1.4844793405374237        67.783877545095436     
  0.17500000000000007        1.4914318156678785        70.744428563503931     
  0.18000000000000008        1.4979979948544051        73.691108032647946     
  0.18500000000000008        1.5041713980708904        76.602134546197533     
  0.19000000000000009        1.5099459329136842        79.453935547228795     
  0.19500000000000009        1.5153159006140644        82.221427585833908     
  0.20000000000000009        1.5202760016622348        84.878369198747080     
  0.20500000000000010        1.5248213410373013        87.397782406510075     
  0.21000000000000010        1.5289474330380659        89.752435326061217     
  0.21500000000000011        1.5326502057098730        91.915374864735170     
  0.22000000000000011        1.5359260048631369        93.860495115007495     
  0.22500000000000012        1.5387715976795855        95.563124141936655     
  0.23000000000000012        1.5411841759026610        97.000609577704111     
  0.23500000000000013        1.5431613586089319        98.152882016829253     
  0.24000000000000013        1.5447011945577747        99.002974804722427     
  0.24500000000000013        1.5458021641170150        99.537479532591149     
  0.25000000000000011        1.5464631807626195        99.746918419168509     
  0.25500000000000012        1.5466835921509641        99.626017717101490     
  0.26000000000000012        1.5464631807626192        99.173870188736828     
  0.26500000000000012        1.5458021641170150        98.393979337090826     
  0.27000000000000013        1.5447011945577747        97.294183177692346     
  0.27500000000000013        1.5431613586089317        95.886460582616564     
  0.28000000000000014        1.5411841759026610        94.186628293557121     
  0.28500000000000014        1.5387715976795853        92.213941275171535     
  0.29000000000000015        1.5359260048631369        89.990612891908981     
  0.29500000000000015        1.5326502057098730        87.541274231273931     
  0.30000000000000016        1.5289474330380657        84.892393630414304     
  0.30500000000000016        1.5248213410373010        82.071678041216430     
  0.31000000000000016        1.5202760016622345        79.107477325085995     
  0.31500000000000017        1.5153159006140642        76.028211010727034     
  0.32000000000000017        1.5099459329136840        72.861834645855581     
  0.32500000000000018        1.5041713980708904        69.635359838833338     
  0.33000000000000018        1.4979979948544049        66.374438652749646     
  0.33500000000000019        1.4914318156678783        63.103019418629358     
  0.34000000000000019        1.4844793405374235        59.843077496195939     
  0.34500000000000020        1.4771474307166115        56.614421219567738     
  0.35000000000000020        1.4694433219152434        53.434570370472287     
  0.35500000000000020        1.4613746171585775        50.318702126515383     
  0.36000000000000021        1.4529492792840626        47.279657593884892     
  0.36500000000000021        1.4441756230829770        44.328000766688547     
  0.37000000000000022        1.4350623070947353        41.472121035943395     
  0.37500000000000022        1.4256183250619534        38.718370148083096     
  0.38000000000000023        1.4158529970547125        36.071224713389078     
  0.38500000000000023        1.4057759602727726        33.533465905029146     
  0.39000000000000024        1.3953971595348229        31.106368781569195     
  0.39500000000000024        1.3847268374641435        28.789894624736817     
  0.40000000000000024        1.3737755243803749        26.582880732294651     
  0.40500000000000025        1.3625540279073622        24.483223176443346     
  0.41000000000000025        1.3510734223073368        22.488049077275100     
  0.41500000000000026        1.3393450375519560        20.593875907679937     
  0.42000000000000026        1.3273804481409877        18.796756212704334     
  0.42500000000000027        1.3151914616796785        17.092406876020419     
  0.43000000000000027        1.3027901072260715        15.476322691927161     
  0.43500000000000028        1.2901886234197788        13.943874503997540     
  0.44000000000000028        1.2773994464039213        12.490392557754426     
  0.44500000000000028        1.2644351975521582        11.111235995278935     
  0.45000000000000029        1.2513086710129129        9.8018496075306398     
  0.45500000000000029        1.2380328210830951        8.5578090696055842     
  0.46000000000000030        1.2246207494237726        7.3748559294693612     
  0.46500000000000030        1.2110856921304145        6.2489236154958308     
  0.47000000000000031        1.1974410066704619        5.1761556848425849     
  0.47500000000000031        1.1837001587011207        4.1529174642320372     
  0.48000000000000032        1.1698767087803841        3.1758021463832704     
  0.48500000000000032        1.1559842989843985        2.2416323068124311     
  0.49000000000000032        1.1420366394443817        1.3474577030892099     
  0.49500000000000033        1.1280474948163781       0.49055011657563585     
  0.50000000000000033        1.1140306706972061      -0.33160410139151619     
  0.50500000000000034        1.0999999999999992       -1.1213132086327755     
  0.51000000000000034        1.0859693293027923       -1.8806904902305877     
  0.51500000000000035        1.0719525051836201       -2.6116655045943977     
  0.52000000000000035        1.0579633605556169       -3.3159958130347165     
  0.52500000000000036        1.0440157010155999       -3.9952789064086773     
  0.53000000000000036        1.0301232912196143       -4.6509640923934672     
  0.53500000000000036        1.0162998412988780       -5.2843641496490310     
  0.54000000000000037        1.0025589933295367       -5.8966665913991791     
  0.54500000000000037       0.98891430786958401       -6.3376027629746092     
  0.55000000000000038       0.97537925057622565       -6.7405629007158456     
  0.55500000000000038       0.96196717891690353       -7.1418848797249082     
  0.56000000000000039       0.94869132898708564       -7.5413230748391733     
  0.56500000000000039       0.93556480244784046       -7.9386228243829624     
  0.57000000000000040       0.92260055359607707       -8.3335187055296096     
  0.57500000000000040       0.90981137658021982       -8.7257327790202712     
  0.58000000000000040       0.89720989277392704       -9.1149728215775756     
  0.58500000000000041       0.88480853832032014       -9.5009305668895880     
  0.59000000000000041       0.87261955185901097       -9.8832799786509344     
  0.59500000000000042       0.86065496244804285       -10.261675581784523     
  0.60000000000000042       0.84892657769266178       -10.635750880569100     
  0.60500000000000043       0.83744597209263660       -11.005116894891536     
  0.61000000000000043       0.82622447561962409       -11.369360848141614     
  0.61500000000000044       0.81527316253585524       -11.728045042269844     
  0.62000000000000044       0.80460284046517594       -12.080705957123167     
  0.62500000000000044       0.79422403972722611       -12.426853612235442     
  0.63000000000000045       0.78414700294528661       -12.765971229645604     
  0.63500000000000045       0.77438167493804544       -13.097515235911278     
  0.64000000000000046       0.76493769290526381       -13.420915640141310     
  0.64500000000000046       0.75582437691702198       -13.735576822459166     
  0.65000000000000047       0.74705072071593659       -14.040878763713108     
  0.65500000000000047       0.73862538284142176       -14.336178742378625     
  0.66000000000000048       0.73055667808475588       -14.620813518390273     
  0.66500000000000048       0.72285256928338781       -14.894102016077536     
  0.67000000000000048       0.71552065946257581       -15.155348509493116     
  0.67500000000000049       0.70856818433212110       -15.403846303303821     
  0.68000000000000049       0.70200200514559463       -15.638881891222065     
  0.68500000000000050       0.69582860192910911       -15.859739561917033     
  0.69000000000000050       0.69005406708631556       -16.065706409757489     
  0.69500000000000051       0.68468409938593533       -16.256077694969786     
  0.70000000000000051       0.67972399833776509       -16.430162485269758     
  0.70500000000000052       0.67517865896269869       -16.587289499218450     
  0.71000000000000052       0.67105256696193405       -16.726813060958222     
  0.71500000000000052       0.66734979429012686       -16.848119067113867     
  0.72000000000000053       0.66407399513686305       -16.950630859976801     
  0.72500000000000053       0.66122840232041447       -17.033814897064936     
  0.73000000000000054       0.65881582409733896       -17.097186106124390     
  0.73500000000000054       0.65683864139106829       -17.140312816865229     
  0.74000000000000055       0.65529880544222530       -17.162821166325120     
  0.74500000000000055       0.65419783588298497       -17.164398883717805     
  0.75000000000000056       0.65353681923738072       -17.144798372770431     
  0.75500000000000056       0.65331640784903611       -17.103839024563101     
  0.76000000000000056       0.65353681923738083       -17.041408711286071     
  0.76500000000000057       0.65419783588298519       -16.957464430533527     
  0.77000000000000057       0.65529880544222563       -16.852032090071322     
  0.77500000000000058       0.65683864139106862       -16.725205443703913     
  0.78000000000000058       0.65881582409733941       -16.577144209156096     
  0.78500000000000059       0.66122840232041513       -16.408071418033487     
  0.79000000000000059       0.66407399513686360       -16.218270065245814     
  0.79500000000000060       0.66734979429012764       -16.008079140180268     
  0.80000000000000060       0.67105256696193494       -15.777889133931810     
  0.80500000000000060       0.67517865896269957       -15.528137125711071     
  0.81000000000000061       0.67972399833776598       -15.259301556989397     
  0.81500000000000061       0.68468409938593644       -14.971896803988507     
  0.82000000000000062       0.69005406708631667       -14.666467657909196     
  0.82500000000000062       0.69582860192911045       -14.343583818075704     
  0.83000000000000063       0.70200200514559585       -14.003834496311162     
  0.83500000000000063       0.70856818433212254       -13.647823221794932     
  0.84000000000000064       0.71552065946257737       -13.276162924871711     
  0.84500000000000064       0.72285256928338937       -12.889471366294440     
  0.85000000000000064       0.73055667808475755       -12.488366965691512     
  0.85500000000000065       0.73862538284142343       -12.073465070127064     
  0.86000000000000065       0.74705072071593837       -11.645374690900963     
  0.86500000000000066       0.75582437691702387       -11.204695724579192     
  0.87000000000000066       0.76493769290526559       -10.752016662957208     
  0.87500000000000067       0.77438167493804744       -10.287912786466478     
  0.88000000000000067       0.78414700294528861       -9.8129448265976738     
  0.88500000000000068       0.79422403972722821       -9.3276580753221126     
  0.89000000000000068       0.80460284046517805       -8.8325819132819756     
  0.89500000000000068       0.81527316253585735       -8.3282297236670395     
  0.90000000000000069       0.82622447561962642       -7.8150991551416116     
  0.90500000000000069       0.83744597209263905       -7.2936726948380119     
  0.91000000000000070       0.84892657769266422       -6.7644185111726634     
  0.91500000000000070       0.86065496244804529       -6.2277915259411678     
  0.92000000000000071       0.87261955185901374       -5.6842346756679518     
  0.92500000000000071       0.88480853832032280       -5.1341803233886392     
  0.93000000000000071       0.89720989277392971       -4.5780517837936543     
  0.93500000000000072       0.90981137658022249       -4.0162649268354453     
  0.94000000000000072       0.92260055359607973       -3.4492298273820352     
  0.94500000000000073       0.93556480244784324       -2.8773524311875143     
  0.95000000000000073       0.94869132898708841       -2.3010362102537965     
  0.95500000000000074       0.96196717891690620       -1.7206837835042124     
  0.96000000000000074       0.97537925057622843       -1.1366984815162624     
  0.96500000000000075       0.98891430786958689      -0.54948583681729857     
  0.97000000000000075        1.0025589933295396        7.7012999125350728E-002
  0.97500000000000075        1.0162998412988806       0.87538966226195436     
  0.98000000000000076        1.0301232912196172        1.6945894559680923     
  0.98500000000000076        1.0440157010156030        2.5354420744352240     
  0.99000000000000077        1.0579633605556198        3.3988816416112910     
  0.99500000000000077        1.0719525051836232        4.2859577568963214     
   1.0000000000000007        1.0859693293027952        5.1978469115354242     
   1.0050000000000006        1.1000000000000019        6.1358641161407164     
   1.0100000000000005        1.1140306706972083        7.1014745445982683     
   1.0150000000000003        1.1280474948163803        8.0963049582835680     
   1.0200000000000002        1.1420366394443833        9.1221546262051838     
   1.0250000000000001        1.1559842989843996        10.181005400739803     
   1.0300000000000000        1.1698767087803852        11.275030544529594     
   1.0349999999999999        1.1837001587011211        12.406601831715845     
   1.0399999999999998        1.1974410066704624        13.578294366223288     
   1.0449999999999997        1.2110856921304145        14.792888472083455     
   1.0499999999999996        1.2246207494237726        16.053367917302111     
   1.0549999999999995        1.2380328210830946        17.362913635899094     
   1.0599999999999994        1.2513086710129122        18.724892015913603     
   1.0649999999999993        1.2644351975521571        20.142836729008319     
   1.0699999999999992        1.2773994464039202        21.620422995869564     
   1.0749999999999991        1.2901886234197772        23.161433118423091     
   1.0799999999999990        1.3027901072260695        24.769712074115407     
   1.0849999999999989        1.3151914616796765        26.449111969836807     
   1.0899999999999987        1.3273804481409852        28.203424205614379     
   1.0949999999999986        1.3393450375519533        30.036298314207333     
   1.0999999999999985        1.3510734223073340        31.951146636012307     
   1.1049999999999984        1.3625540279073594        33.951034272896528     
   1.1099999999999983        1.3737755243803718        36.038554152175138     
   1.1149999999999982        1.3847268374641404        38.215687532908973     
   1.1199999999999981        1.3953971595348196        40.483650906908714     
   1.1249999999999980        1.4057759602727691        42.842730986353672     
   1.1299999999999979        1.4158529970547087        45.292110321077161     
   1.1349999999999978        1.4256183250619496        47.829687034036937     
   1.1399999999999977        1.4350623070947315        50.451893174739475     
   1.1449999999999976        1.4441756230829732        53.153517226406002     
   1.1499999999999975        1.4529492792840588        55.927537309590420     
   1.1549999999999974        1.4613746171585735        58.764972536573453     
   1.1599999999999973        1.4694433219152394        61.654760710531313     
   1.1649999999999971        1.4771474307166075        64.583671047510308     
   1.1699999999999970        1.4844793405374195        67.536260741821792     
   1.1749999999999969        1.4914318156678745        70.494883915179472     
   1.1799999999999968        1.4979979948544011        73.439760717493087     
   1.1849999999999967        1.5041713980708866        76.349113034080332     
   1.1899999999999966        1.5099459329136804        79.199371380881757     
   1.1949999999999965        1.5153159006140609        81.965455153701853     
   1.1999999999999964        1.5202760016622312        84.621125500075678     
   1.2049999999999963        1.5248213410372979        87.139406809318189     
   1.2099999999999962        1.5289474330380628        89.493069318658186     
   1.2149999999999961        1.5326502057098703        91.655161801471877     
   1.2199999999999960        1.5359260048631345        93.599579956966366     
   1.2249999999999959        1.5387715976795833        95.301653193282533     
   1.2299999999999958        1.5411841759026592        96.738730218437780     
   1.2349999999999957        1.5431613586089301        97.890742432688427     
   1.2399999999999956        1.5447011945577735        98.740723714995170     
   1.2449999999999954        1.5458021641170143        99.275265916600048     
   1.2499999999999953        1.5464631807626190        99.484891242204583     
   1.2549999999999952        1.5466835921509641        99.364325656569179     
   1.2599999999999951        1.5464631807626197        98.912661361287391     
   1.2649999999999950        1.5458021641170159        98.133401027501804     
   1.2699999999999949        1.5447011945577760        97.034381570257821     
   1.2749999999999948        1.5431613586089337        95.627580495788806     
   1.2799999999999947        1.5411841759026632        93.928812918583517     
   1.2849999999999946        1.5387715976795882        91.957331919441785     
   1.2899999999999945        1.5359260048631402        89.735348727717593     
   1.2949999999999944        1.5326502057098770        87.287492050683355     
   1.2999999999999943        1.5289474330380701        84.640227606879591     
   1.3049999999999942        1.5248213410373062        81.821259498606437     
   1.3099999999999941        1.5202760016622405        78.858934514715770     
   1.3149999999999940        1.5153159006140706        75.781668896978445     
   1.3199999999999938        1.5099459329136908        72.617414700943286     
   1.3249999999999937        1.5041713980708977        69.393179847228438     
   1.3299999999999936        1.4979979948544133        66.134612525751947     
   1.3349999999999935        1.4914318156678872        62.865657019532279     
   1.3399999999999934        1.4844793405374328        59.608284476459865     
   1.3449999999999933        1.4771474307166215        56.382298866372750     
   1.3499999999999932        1.4694433219152543        53.205215465986335     
   1.3549999999999931        1.4613746171585891        50.092206819168190     
   1.3599999999999930        1.4529492792840748        47.056109281904604     
   1.3649999999999929        1.4441756230829903        44.107481994106543     
   1.3699999999999928        1.4350623070947490        41.254709401237292     
   1.3749999999999927        1.4256183250619678        38.504138225582274     
   1.3799999999999926        1.4158529970547273        35.860239987524174     
   1.3849999999999925        1.4057759602727886        33.325790717463924     
   1.3899999999999924        1.3953971595348393        30.902060291210219     
   1.3949999999999922        1.3847268374641606        28.589004780574331     
   1.3999999999999921        1.3737755243803929        26.385456258984661     
   1.4049999999999920        1.3625540279073807        24.289305572500158     
   1.4099999999999919        1.3510734223073559        22.297674625702701     
   1.4149999999999918        1.3393450375519755        20.407075698829985     
   1.4199999999999917        1.3273804481410083        18.613556179110564     
   1.4249999999999916        1.3151914616796996        16.912827838920027     
   1.4299999999999915        1.3027901072260932        15.300380419146114     
   1.4349999999999914        1.2901886234198008        13.771579778838490     
   1.4399999999999913        1.2773994464039446        12.321751258495338     
   1.4449999999999912        1.2644351975521817        10.946249184856903     
   1.4499999999999911        1.2513086710129369        9.6405136329575729     
   1.4549999999999910        1.2380328210831202        8.4001156706327151     
   1.4599999999999909        1.2246207494237982        7.2207923559922662     
   1.4649999999999908        1.2110856921304403        6.0984727531688634     
   1.4699999999999906        1.1974410066704877        5.0292961883483018     
   1.4749999999999905        1.1837001587011475        4.0096238976332481     
   1.4799999999999904        1.1698767087804112        3.0360451299670799     
   1.4849999999999903        1.1559842989844258        2.1053786698226080     
   1.4899999999999902        1.1420366394444101        1.2146706417288686     
   1.4949999999999901        1.1280474948164068       0.36118935665383561     
   1.4999999999999900        1.1140306706972347      -0.45758213780340157     
   1.5049999999999899        1.1000000000000281       -1.2439552331745942     
   1.5099999999999898        1.0859693293028221       -2.0000461754982375     
   1.5149999999999897        1.0719525051836500       -2.7277873092980256     
   1.5199999999999896        1.0579633605556464       -3.4289388057093673     
   1.5249999999999895        1.0440157010156297       -4.1051005883118794     
   1.5299999999999894        1.0301232912196450       -4.7577242202173480     
   1.5349999999999893        1.0162998412989082       -5.3881245586645452     
   1.5399999999999892        1.0025589933295669       -5.9974910196377982     
   1.5449999999999890       0.98891430786961487       -6.4355566770403358     
   1.5499999999999889       0.97537925057625652       -6.8357133238004897     
   1.5549999999999888       0.96196717891693395       -7.2343002223880175     
   1.5599999999999887       0.94869132898711594       -7.6310729690850652     
   1.5649999999999886       0.93556480244787110       -8.0257779615517091     
   1.5699999999999885       0.92260055359610760       -8.4181506784918270     
   1.5749999999999884       0.90981137658025002       -8.8079139291403994     
   1.5799999999999883       0.89720989277395680       -9.1947760908830727     
   1.5849999999999882       0.88480853832035011       -9.5784293558544586     
   1.5899999999999881       0.87261955185904050       -9.9585480099722350     
   1.5949999999999880       0.86065496244807194       -10.334786770498363     
   1.5999999999999879       0.84892657769269109       -10.706779210821106     
   1.6049999999999878       0.83744597209266525       -11.074136303642828     
   1.6099999999999877       0.82622447561965207       -11.436445116056998     
   1.6149999999999876       0.81527316253588267       -11.793267692000452     
   1.6199999999999875       0.80460284046520325       -12.144140159160189     
   1.6249999999999873       0.79422403972725286       -12.488572098475782     
   1.6299999999999872       0.78414700294531237       -12.826046214774200     
   1.6349999999999871       0.77438167493807120       -13.156018346668919     
   1.6399999999999870       0.76493769290528868       -13.477917852510911     
   1.6449999999999869       0.75582437691704607       -13.791148406766881     
   1.6499999999999868       0.74705072071595979       -14.095089237606173     
   1.6549999999999867       0.73862538284144441       -14.389096831606182     
   1.6599999999999866       0.73055667808477776       -14.672507125279274     
   1.6649999999999865       0.72285256928340869       -14.944638195562232     
   1.6699999999999864       0.71552065946259569       -15.204793452523948     
   1.6749999999999863       0.70856818433214031       -15.452265327429913     
   1.6799999999999862       0.70200200514561273       -15.686339438111034     
   1.6849999999999861       0.69582860192912621       -15.906299201546258     
   1.6899999999999860       0.69005406708633177       -16.111430850983798     
   1.6949999999999859       0.68468409938595043       -16.301028802157539     
   1.6999999999999857       0.67972399833777897       -16.474401300632731     
   1.7049999999999856       0.67517865896271134       -16.630876270508008     
   1.7099999999999855       0.67105256696194582       -16.769807274108651     
   1.7149999999999854       0.66734979429013741       -16.890579483436607     
   1.7199999999999853       0.66407399513687215       -16.992615557477365     
   1.7249999999999852       0.66122840232042268       -17.075381315440978     
   1.7299999999999851       0.65881582409734574       -17.138391094990205     
   1.7349999999999850       0.65683864139107362       -17.181212686735506     
   1.7399999999999849       0.65529880544222940       -17.203471741882623     
   1.7449999999999848       0.65419783588298785       -17.204855558881832     
   1.7499999999999847       0.65353681923738216       -17.185116167077922     
   1.7549999999999846       0.65331640784903611       -17.144072640371746     
   1.7599999999999845       0.65353681923737938       -17.081612591308009     
   1.7649999999999844       0.65419783588298230       -16.997692815209692     
   1.7699999999999843       0.65529880544222130       -16.892339074300466     
   1.7749999999999841       0.65683864139106296       -16.765645032445992     
   1.7799999999999840       0.65881582409733208       -16.617770371438013     
   1.7849999999999839       0.66122840232040636       -16.448938138894810     
   1.7899999999999838       0.66407399513685339       -16.259431395174719     
   1.7949999999999837       0.66734979429011598       -16.049589241603577     
   1.7999999999999836       0.67105256696192161       -15.819802324339296     
   1.8049999999999835       0.67517865896268481       -15.570507917011806     
   1.8099999999999834       0.67972399833774977       -15.302184690717633     
   1.8149999999999833       0.68468409938591845       -15.015347281997704     
   1.8199999999999832       0.69005406708629724       -14.710540768215674     
   1.8249999999999831       0.69582860192908957       -14.388335155537733     
   1.8299999999999830       0.70200200514557354       -14.049319977854907     
   1.8349999999999829       0.70856818433209834       -13.694099095925576     
   1.8399999999999828       0.71552065946255183       -13.323285775236206     
   1.8449999999999827       0.72285256928336250       -12.937498109091520     
   1.8499999999999825       0.73055667808472935       -12.537354840754455     
   1.8549999999999824       0.73862538284139334       -12.123471625535627     
   1.8599999999999823       0.74705072071590695       -11.696457761010231     
   1.8649999999999822       0.75582437691699123       -11.256913401385349     
   1.8699999999999821       0.76493769290523117       -10.805427260752255     
   1.8749999999999820       0.77438167493801169       -10.342574799766744     
   1.8799999999999819       0.78414700294525153       -9.8689168813637433     
   1.8849999999999818       0.79422403972719002       -9.3849988735203702     
   1.8899999999999817       0.80460284046513808       -8.8913501708708456     
   1.8949999999999816       0.81527316253581628       -8.3884841021226713     
   1.8999999999999815       0.82622447561958401       -7.8768981866707470     
   1.9049999999999814       0.83744597209259508       -7.3570747014557636     
   1.9099999999999813       0.84892657769261926       -6.8294815178546324     
   1.9149999999999812       0.86065496244799933       -6.2945731680888182     
   1.9199999999999811       0.87261955185896656       -5.7527921011549825     
   1.9249999999999809       0.88480853832027406       -5.2045700894841218     
   1.9299999999999808       0.89720989277388008       -4.6503297492845022     
   1.9349999999999807       0.90981137658017208       -4.0904861396961314     
   1.9399999999999806       0.92260055359602866       -3.5254484083636717     
   1.9449999999999805       0.93556480244779039       -2.9556214537209793     
   1.9499999999999804       0.94869132898703490       -2.3814075770825065     
   1.9549999999999803       0.96196717891685202       -1.8032081004822487     
   1.9599999999999802       0.97537925057617303       -1.2214249290243289     
   1.9649999999999801       0.98891430786953072      -0.63646203926539457     
   1.9699999999999800        1.0025589933294830       -1.2258894775479878E-002
   1.9749999999999799        1.0162998412988238       0.78377796115810106     
   1.9799999999999798        1.0301232912195590        1.6005957859638213     
   1.9849999999999797        1.0440157010155444        2.4390263610965688     
   1.9899999999999796        1.0579633605555609        3.3000060303744210     
   1.9949999999999795        1.0719525051835641        4.1845867445484846     
   1.9999999999999793        1.0859693293027353        5.0939474760440939     
   2.0049999999999795        1.0999999999999419        6.0294058443063214     
   2.0099999999999794        1.1140306706971488        6.9924297570069989     
   2.0149999999999793        1.1280474948163208        7.9846488310418033     
   2.0199999999999791        1.1420366394443244        9.0078653089437655     
   2.0249999999999790        1.1559842989843412        10.064064130383771     
   2.0299999999999789        1.1698767087803261        11.155421754340823     
   2.0349999999999788        1.1837001587010629        12.284313255127865     
   2.0399999999999787        1.1974410066704044        13.453317135001322     
   2.0449999999999786        1.2110856921303577        14.665217208360835     
   2.0499999999999785        1.2246207494237153        15.923000819060224     
   2.0549999999999784        1.2380328210830382        17.229852555480267     
   2.0599999999999783        1.2513086710128565        18.589142531174691     
   2.0649999999999782        1.2644351975521015        20.004408206749765     
   2.0699999999999781        1.2773994464038656        21.479328647196173     
   2.0749999999999780        1.2901886234197235        23.017690045720073     
   2.0799999999999779        1.3027901072260171        24.623341309351186     
   2.0849999999999778        1.3151914616796243        26.300138503931279     
   2.0899999999999777        1.3273804481409344        28.051877008642716     
   2.0949999999999775        1.3393450375519034        29.882210346237667     
   2.0999999999999774        1.3510734223072847        31.794554848409749     
   2.1049999999999773        1.3625540279073112        33.791979599956662     
   2.1099999999999772        1.3737755243803249        35.877081492983017     
   2.1149999999999771        1.3847268374640949        38.051845723353622     
   2.1199999999999770        1.3953971595347749        40.317492681816702     
   2.1249999999999769        1.4057759602727260        42.674312931738953     
   2.1299999999999768        1.4158529970546669        45.121492816538101     
   2.1349999999999767        1.4256183250619094        47.656934185367831     
   2.1399999999999766        1.4350623070946922        50.277072736853015     
   2.1449999999999765        1.4441756230829355        52.976700516703460     
   2.1499999999999764        1.4529492792840224        55.748799111941999     
   2.1549999999999763        1.4613746171585384        58.584390996109953     
   2.1599999999999762        1.4694433219152059        61.472417219477975     
   2.1649999999999761        1.4771474307165757        64.399650122323834     
   2.1699999999999759        1.4844793405373895        67.350649891923098     
   2.1749999999999758        1.4914318156678457        70.307773503605716     
   2.1799999999999757        1.4979979948543740        73.251243813817837     
   2.1849999999999756        1.5041713980708615        76.159285259976514     
   2.1899999999999755        1.5099459329136566        79.008330748733783     
   2.1949999999999754        1.5153159006140389        81.773301898693205     
   2.1999999999999753        1.5202760016622112        84.427961906198547     
   2.2049999999999752        1.5248213410372797        86.945337029777463     
   2.2099999999999751        1.5289474330380461        89.298199191161842     
   2.2149999999999750        1.5326502057098554        91.459598658913819     
   2.2199999999999749        1.5359260048631216        93.403432434023472     
   2.2249999999999748        1.5387715976795722        95.105031029468165     
   2.2299999999999747        1.5411841759026499        96.541744058156624     
   2.2349999999999746        1.5431613586089228        97.693503622857079     
   2.2399999999999745        1.5447011945577680        98.543344100792794     
   2.2449999999999743        1.5458021641170105        99.077857635926463     
   2.2499999999999742        1.5464631807626170        99.287566519420977     
   2.2549999999999741        1.5466835921509641        99.167196596105228     
   2.2599999999999740        1.5464631807626217        98.715839741691099     
   2.2649999999999739        1.5458021641170197        97.936998096514401     
   2.2699999999999738        1.5447011945577818        96.838507841483604     
   2.2749999999999737        1.5431613586089410        95.432345547531952     
   2.2799999999999736        1.5411841759026725        93.734325195408616     
   2.2849999999999735        1.5387715976795993        91.763698537007784     
   2.2899999999999734        1.5359260048631533        89.542675281425872     
   2.2949999999999733        1.5326502057098916        87.095882428658570     
   2.2999999999999732        1.5289474330380868        84.449783807796379     
   2.3049999999999731        1.5248213410373244        81.632081454848944     
   2.3099999999999730        1.5202760016622603        78.671119921343291     
   2.3149999999999729        1.5153159006140922        75.595313046946600     
   2.3199999999999728        1.5099459329137146        72.432610327009257     
   2.3249999999999726        1.5041713980709230        69.210016970945460     
   2.3299999999999725        1.4979979948544400        65.953178313933094     
   2.3349999999999724        1.4914318156679160        62.686035648535153     
   2.3399999999999723        1.4844793405374632        59.430557004618684     
   2.3449999999999722        1.4771474307166534        56.206543114876055     
   2.3499999999999721        1.4694433219152874        53.031505908466954     
   2.3549999999999720        1.4613746171586242        49.920614480245227     
   2.3599999999999719        1.4529492792841112        46.886701644880354     
   2.3649999999999718        1.4441756230830278        43.940322917998259     
   2.3699999999999717        1.4350623070947879        41.089859047284136     
   2.3749999999999716        1.4256183250620085        38.341652993339338     
   2.3799999999999715        1.4158529970547695        35.700172460621523     
   2.3849999999999714        1.4057759602728317        33.168189619077481     
   2.3899999999999713        1.3953971595348842        30.746970449257926     
   2.3949999999999712        1.3847268374642066        28.436467102616039     
   2.3999999999999710        1.3737755243804393        26.235507716778088     
   2.4049999999999709        1.3625540279074284        24.141979196126776     
   2.4099999999999708        1.3510734223074052        22.152999507150447     
   2.4149999999999707        1.3393450375520257        20.265077004887452     
   2.4199999999999706        1.3273804481410592        18.474255173398003     
   2.4249999999999705        1.3151914616797520        16.776241912853113     
   2.4299999999999704        1.3027901072261463        15.166523131599282     
   2.4349999999999703        1.2901886234198547        13.640460904250361     
   2.4399999999999702        1.2773994464039986        12.193376843129323     
   2.4449999999999701        1.2644351975522372        10.820621610908624     
   2.4499999999999700        1.2513086710129928        9.5176316901742197     
   2.4549999999999699        1.2380328210831761        8.2799746350909089     
   2.4599999999999698        1.2246207494238546        7.1033840756577531     
   2.4649999999999697        1.2110856921304980        5.9837857398435936     
   2.4699999999999696        1.1974410066705459        4.9173157155930243     
   2.4749999999999694        1.1837001587012053        3.9003321042387435     
   2.4799999999999693        1.1698767087804700        2.9294211285323639     
   2.4849999999999692        1.1559842989844851        2.0013986599859974     
   2.4899999999999691        1.1420366394444685        1.1133080275892833     
   2.4949999999999690        1.1280474948164654       0.26241486790968099     
   2.4999999999999689        1.1140306706972944      -0.55380032147710889     
   2.5049999999999688        1.1000000000000876       -1.3376513549938571     
   2.5099999999999687        1.0859693293028809       -2.0912567721688311     
   2.5149999999999686        1.0719525051837095       -2.8165510798331486     
   2.5199999999999685        1.0579633605557059       -3.5152964789526746     
   2.5249999999999684        1.0440157010156890       -4.1890947896494186     
   2.5299999999999683        1.0301232912197031       -4.8393993379576976     
   2.5349999999999682        1.0162998412989668       -5.4675266105597373     
   2.5399999999999681        1.0025589933296251       -6.0746675200102525     
   2.5449999999999680       0.98891430786967183       -6.5105565049702721     
   2.5499999999999678       0.97537925057631303       -6.9085865928138119     
   2.5549999999999677       0.96196717891698991       -7.3050981520821097     
   2.5599999999999676       0.94869132898717201       -7.6998477590996917     
   2.5649999999999675       0.93556480244792661       -8.0925826682878235     
   2.5699999999999674       0.92260055359616155       -8.4830390949586807     
   2.5749999999999673       0.90981137658030398       -8.8709404682928987     
   2.5799999999999672       0.89720989277401064       -9.2559956727914656     
   2.5849999999999671       0.88480853832040174       -9.6378972990263829     
   2.5899999999999670       0.87261955185909190       -10.016319927124647     
   2.5949999999999669       0.86065496244812167       -10.390918469054379     
   2.5999999999999668       0.84892657769273971       -10.761326598380386     
   2.6049999999999667       0.83744597209271354       -11.127155298650933     
   2.6099999999999666       0.82622447561969858       -11.487991563872018     
   2.6149999999999665       0.81527316253592863       -11.843397286528873     
   2.6199999999999664       0.80460284046524799       -12.192908370207761     
   2.6249999999999662       0.79422403972729572       -12.536034104930806     
   2.6299999999999661       0.78414700294535467       -12.872256843714034     
   2.6349999999999660       0.77438167493811205       -13.201032018452604     
   2.6399999999999659       0.76493769290532754       -13.521788531892671     
   2.6449999999999658       0.75582437691708404       -13.833929560038426     
   2.6499999999999657       0.74705072071599576       -14.136833795748245     
   2.6549999999999656       0.73862538284147905       -14.429857159401935     
   2.6599999999999655       0.73055667808481117       -14.712334996316965     
   2.6649999999999654       0.72285256928344022       -14.983584773027202     
   2.6699999999999653       0.71552065946262600       -15.242909275655316     
   2.6749999999999652       0.70856818433216895       -15.489600303492477     
   2.6799999999999651       0.70200200514563948       -15.722942839708940     
   2.6849999999999650       0.69582860192915164       -15.942219669082222     
   2.6899999999999649       0.69005406708635553       -16.146716400045708     
   2.6949999999999648       0.68468409938597219       -16.335726835593448     
   2.6999999999999647       0.67972399833779917       -16.508558625055628     
   2.7049999999999645       0.67517865896272999       -16.664539116953588     
   2.7099999999999644       0.67105256696196225       -16.803021322552059     
   2.7149999999999643       0.66734979429015218       -16.923389890858438     
   2.7199999999999642       0.66407399513688503       -17.025066989155601     
   2.7249999999999641       0.66122840232043356       -17.107517979132101     
   2.7299999999999640       0.65881582409735506       -17.170256777652142     
   2.7349999999999639       0.65683864139108106       -17.212850793435443     
   2.7399999999999638       0.65529880544223507       -17.234925336524704     
   2.7449999999999637       0.65419783588299163       -17.236167406383686     
   2.7499999999999636       0.65353681923738405       -17.216328776620340     
   2.7549999999999635       0.65331640784903611       -17.175228309342884     
   2.7599999999999634       0.65353681923737761       -17.112753449562398     
   2.7649999999999633       0.65419783588297875       -17.028860869262903     
   2.7699999999999632       0.65529880544221575       -16.923576251082370     
   2.7749999999999631       0.65683864139105552       -16.796993222239387     
   2.7799999999999629       0.65881582409732298       -16.649271469635078     
   2.7849999999999628       0.66122840232039515       -16.480634086210955     
   2.7899999999999627       0.66407399513684062       -16.291364215967825     
   2.7949999999999626       0.66734979429010111       -16.081801079957607     
   2.7999999999999625       0.67105256696190496       -15.852335477582120     
   2.8049999999999624       0.67517865896266660       -15.603404866351200     
   2.8099999999999623       0.67972399833772956       -15.335488128693491     
   2.8149999999999622       0.68468409938589658       -15.049100136464579     
   2.8199999999999621       0.69005406708627393       -14.744786222587217     
   2.8249999999999620       0.69582860192906426       -14.423116665042738     
   2.8299999999999619       0.70200200514554689       -14.084681281574262     
   2.8349999999999618       0.70856818433207003       -13.730084224400141     
   2.8399999999999617       0.71552065946252164       -13.359939053456817     
   2.8449999999999616       0.72285256928333097       -12.974864154704935     
   2.8499999999999615       0.73055667808469593       -12.575478557342125     
   2.8549999999999613       0.73862538284135826       -12.162398190845536     
   2.8599999999999612       0.74705072071587098       -11.736232610047001     
   2.8649999999999611       0.75582437691695314       -11.297582204288199     
   2.8699999999999610       0.76493769290519176       -10.847035895415150     
   2.8749999999999609       0.77438167493797150       -10.385169319181545     
   2.8799999999999608       0.78414700294520945       -9.9125434756915372     
   2.8849999999999607       0.79422403972714595       -9.4297038269222497     
   2.8899999999999606       0.80460284046509400       -8.9371798131549127     
   2.8949999999999605       0.81527316253577042       -8.4354847552897780     
   2.8999999999999604       0.82622447561953760       -7.9251161064650120     
   2.9049999999999603       0.83744597209254734       -7.4065560140528994     
   2.9099999999999602       0.84892657769256985       -6.8802721518432230     
   2.9149999999999601       0.86065496244794959       -6.3467187819244542     
   2.9199999999999600       0.87261955185891515       -5.8063380062901606     
   2.9249999999999599       0.88480853832022177       -5.2595611693979825     
   2.9299999999999597       0.89720989277382768       -4.7068103746592067     
   2.9349999999999596       0.90981137658011813       -4.1485000800060741     
   2.9399999999999595       0.92260055359597315       -3.5850387401630859     
   2.9449999999999594       0.93556480244773566       -3.0168304659343295     
   2.9499999999999593       0.94869132898697883       -2.4442766736191324     
   2.9549999999999592       0.96196717891679606       -1.8677777005110381     
   2.9599999999999591       0.97537925057611652       -1.2877343652610944     
   2.9649999999999590       0.98891430786947299      -0.70454945463659335     
   2.9699999999999589        1.0025589933294254       -8.2161137835460085E-002
   2.9749999999999588        1.0162998412987652       0.71202544167371928     
   2.9799999999999587        1.0301232912195002        1.5269590470463947     
   2.9849999999999586        1.0440157010154860        2.3634730714393615     
   2.9899999999999585        1.0579633605555014        3.2225055760031611     
   2.9949999999999584        1.0719525051835037        4.1051103336970680     
   2.9999999999999583        1.0859693293026764        5.0124682428616083     
