   5.0000000000000001E-003   1.1000000000000001        6.2792742474230332     
   1.0000000000000000E-002   1.1176635678852296        7.5094067961220077     
   1.4999999999999999E-002   1.1353097039615048        8.7885111674848897     
   2.0000000000000000E-002   1.1529209936229621        10.121282723321302     
   2.5000000000000001E-002   1.1704800566529425        11.513072752337196     
   3.0000000000000002E-002   1.1879695643761670        12.969964852984226     
   3.5000000000000003E-002   1.2053722567600464        14.498855938951580     
   4.0000000000000001E-002   1.2226709594482503        16.107541226945862     
   4.4999999999999998E-002   1.2398486007097231        17.804802201532798     
   4.9999999999999996E-002   1.2568882282864218        19.600496087316419     
   5.4999999999999993E-002   1.2737730261231470        21.505644780567984     
   5.9999999999999991E-002   1.2904863309629604        23.532520487815940     
   6.4999999999999988E-002   1.3070116487918066        25.694724477885885     
   6.9999999999999993E-002   1.3233326711161149        28.007254371349667     
   7.4999999999999997E-002   1.3394332910573115        30.486554269819464     
   8.0000000000000002E-002   1.3552976192473660        33.150540780492406     
   8.5000000000000006E-002   1.3709099995096787        36.018596647236350     
   9.0000000000000011E-002   1.3862550243098359        39.111522306187595     
   9.5000000000000015E-002   1.4013175499609871        42.451434313322281     
  0.10000000000000002        1.4160827115688355        46.061598344507182     
  0.10500000000000002        1.4305359377014937        49.966183478280250     
  0.11000000000000003        1.4446629647697280        54.189923905662241     
  0.11500000000000003        1.4584498511033985        58.757674270930714     
  0.12000000000000004        1.4718829907102049        63.693845762622914     
  0.12500000000000003        1.4849491267031580        69.021712093733825     
  0.13000000000000003        1.4976353643835263        74.762577884349355     
  0.13500000000000004        1.5099291839663473        80.934806915878298     
  0.14000000000000004        1.5218184529359438        87.552714434943482     
  0.14500000000000005        1.5332914380192515        94.625336222754640     
  0.15000000000000005        1.5443368167651434        102.15509744817319     
  0.15500000000000005        1.5549436887183221        110.13641613990278     
  0.16000000000000006        1.5651015861767532        118.55428896942941     
  0.16500000000000006        1.5748004845220227        127.38292020176365     
  0.17000000000000007        1.5840308121124260        136.58446715600567     
  0.17500000000000007        1.5927834597290227        146.10798609677460     
  0.18000000000000008        1.6010497895653346        155.88866975199949     
  0.18500000000000008        1.6088216437518201        165.84747015563198     
  0.19000000000000009        1.6160913524067040        175.89119685680433     
  0.19500000000000009        1.6228517412052264        185.91316958910829     
  0.20000000000000009        1.6290961384598350        195.79448557898158     
  0.20500000000000010        1.6348183817043347        205.40593475945363     
  0.21000000000000010        1.6400128237754981        214.61056201152840     
  0.21500000000000011        1.6446743383861331        223.26683582972692     
  0.22000000000000011        1.6487983251841110        231.23234002001956     
  0.22500000000000012        1.6523807142923568        238.36786244616709     
  0.23000000000000012        1.6554179703253278        244.54171619075262     
  0.23500000000000013        1.6579070958780120        249.63409766412150     
  0.24000000000000013        1.6598456344840047        253.54126674888317     
  0.24500000000000013        1.6612316730397441        256.17932882496359     
  0.25000000000000011        1.6620638436925144        257.48740913327191     
  0.25500000000000012        1.6623413251903503        257.43003659664862     
  0.26000000000000012        1.6620638436925144        255.99859552105909     
  0.26500000000000012        1.6612316730397441        253.21175661075628     
  0.27000000000000013        1.6598456344840047        249.11485924148826     
  0.27500000000000013        1.6579070958780120        243.77827990549088     
  0.28000000000000014        1.6554179703253276        237.29488185108696     
  0.28500000000000014        1.6523807142923566        229.77669318121855     
  0.29000000000000015        1.6487983251841107        221.35100090517031     
  0.29500000000000015        1.6446743383861329        212.15607380463521     
  0.30000000000000016        1.6400128237754976        202.33673617477541     
  0.30500000000000016        1.6348183817043345        192.04000782820120     
  0.31000000000000016        1.6290961384598348        181.41100495487083     
  0.31500000000000017        1.6228517412052261        170.58926441222735     
  0.32000000000000017        1.6160913524067038        159.70561441028264     
  0.32500000000000018        1.6088216437518197        148.87967126870569     
  0.33000000000000018        1.6010497895653344        138.21799871709814     
  0.33500000000000019        1.5927834597290222        127.81292633555368     
  0.34000000000000019        1.5840308121124256        117.74198968193498     
  0.34500000000000020        1.5748004845220223        108.06792803343095     
  0.35000000000000020        1.5651015861767528        98.839157200765840     
  0.35500000000000020        1.5549436887183217        90.090624471040755     
  0.36000000000000021        1.5443368167651430        81.844949674275867     
  0.36500000000000021        1.5332914380192508        74.113759474650720     
  0.37000000000000022        1.5218184529359433        66.899129835883286     
  0.37500000000000022        1.5099291839663467        60.195062707513500     
  0.38000000000000023        1.4976353643835258        53.988935909127022     
  0.38500000000000023        1.4849491267031574        48.262878718190606     
  0.39000000000000024        1.4718829907102042        42.995038802770544     
  0.39500000000000024        1.4584498511033979        38.160718156979208     
  0.40000000000000024        1.4446629647697273        33.733366126584222     
  0.40500000000000025        1.4305359377014932        29.685426215212271     
  0.41000000000000025        1.4160827115688348        25.989040085185277     
  0.41500000000000026        1.4013175499609865        22.616617098559370     
  0.42000000000000026        1.3862550243098350        19.541281065465807     
  0.42500000000000027        1.3709099995096781        16.737207814980412     
  0.43000000000000027        1.3552976192473654        14.179868036716266     
  0.43500000000000028        1.3394332910573108        11.846189814289444     
  0.44000000000000028        1.3233326711161140        9.7146546197852324     
  0.44500000000000028        1.3070116487918060        7.7653394662189159     
  0.45000000000000029        1.2904863309629595        5.9799165926831037     
  0.45500000000000029        1.2737730261231461        4.3416206189545790     
  0.46000000000000030        1.2568882282864207        2.8351916541318496     
  0.46500000000000030        1.2398486007097222        1.4468014494705403     
  0.47000000000000031        1.2226709594482494       0.16396839645762221     
  0.47500000000000031        1.2053722567600453       -1.0245339848702060     
  0.48000000000000032        1.1879695643761661       -2.1287714326184441     
  0.48500000000000032        1.1704800566529414       -3.1577434328134610     
  0.49000000000000032        1.1529209936229612       -4.1194757616713185     
  0.49500000000000033        1.1353097039615037       -5.0211096204033998     
  0.50000000000000033        1.1176635678852285       -5.8689863760928125     
  0.50500000000000034        1.0999999999999990       -6.6687272932226112     
  0.51000000000000034        1.0823364321147695       -7.4253079238251143     
  0.51500000000000035        1.0646902960384943       -8.1431270340998196     
  0.52000000000000035        1.0470790063770370       -8.8260700947895288     
  0.52500000000000036        1.0295199433470563       -9.4775674633942515     
  0.53000000000000036        1.0120304356238319       -10.100647448857986     
  0.53500000000000036       0.99462774323995273       -10.623310448833088     
  0.54000000000000037       0.97732904055174874       -10.973781533944342     
  0.54500000000000037       0.96015139929027593       -11.329138617796124     
  0.55000000000000038       0.94311177171357718       -11.689305862338610     
  0.55500000000000038       0.92622697387685204       -12.054191767543557     
  0.56000000000000039       0.90951366903703856       -12.423686091932563     
  0.56500000000000039       0.89298835120819231       -12.797656519344706     
  0.57000000000000040       0.87666732888388399       -13.175945074953475     
  0.57500000000000040       0.86056670894268750       -13.558364298284468     
  0.58000000000000040       0.84470238075263271       -13.944693186678045     
  0.58500000000000041       0.82909000049032033       -14.334672929367676     
  0.59000000000000041       0.81374497569016302       -14.728002460177184     
  0.59500000000000042       0.79868245003901195       -15.124333865819844     
  0.60000000000000042       0.78391728843116337       -15.523267696925428     
  0.60500000000000043       0.76946406229850528       -15.924348240188968     
  0.61000000000000043       0.75533703523027118       -16.327058822336866     
  0.61500000000000044       0.74155014889660054       -16.730817229772413     
  0.62000000000000044       0.72811700928979428       -17.134971341537398     
  0.62500000000000044       0.71505087329684125       -17.538795087250492     
  0.63000000000000045       0.70236463561647300       -17.941484855476819     
  0.63500000000000045       0.69007081603365195       -18.342156490949254     
  0.64000000000000046       0.67818154706405553       -18.739843030464673     
  0.64500000000000046       0.66670856198074779       -19.133493336266220     
  0.65000000000000047       0.65566318323485584       -19.521971791328909     
  0.65500000000000047       0.64505631128167717       -19.904059222145207     
  0.66000000000000048       0.63489841382324608       -20.278455210278128     
  0.66500000000000048       0.62519951547797681       -20.643781943049440     
  0.67000000000000048       0.61596918788757349       -20.998589735304179     
  0.67500000000000049       0.60721654027097693       -21.341364327467911     
  0.68000000000000049       0.59895021043466490       -21.670536029624309     
  0.68500000000000050       0.59117835624817938       -21.984490737017332     
  0.69000000000000050       0.58390864759329564       -22.281582789669073     
  0.69500000000000051       0.57714825879477327       -22.560149588738820     
  0.70000000000000051       0.57090386154016470       -22.818527816524274     
  0.70500000000000052       0.56518161829566493       -23.055071037987148     
  0.71000000000000052       0.55998717622450178       -23.268168392365304     
  0.71500000000000052       0.55532566161386676       -23.456264017333513     
  0.72000000000000053       0.55120167481588900       -23.617876789165752     
  0.72500000000000053       0.54761928570764318       -23.751619914422218     
  0.73000000000000054       0.54458202967467217       -23.856219875643479     
  0.73500000000000054       0.54209290412198796       -23.930534218702636     
  0.74000000000000055       0.54015436551599538       -23.973567675341847     
  0.74500000000000055       0.53876832696025601       -23.984486142401646     
  0.75000000000000056       0.53793615630748581       -23.962628089413052     
  0.75500000000000056       0.53765867480964991       -23.907513037196537     
  0.76000000000000056       0.53793615630748592       -23.818846839093400     
  0.76500000000000057       0.53876832696025623       -23.696523599338207     
  0.77000000000000057       0.54015436551599572       -23.540624174723888     
  0.77500000000000058       0.54209290412198841       -23.351411320303956     
  0.78000000000000058       0.54458202967467273       -23.129321651379502     
  0.78500000000000059       0.54761928570764384       -22.874954696626627     
  0.79000000000000059       0.55120167481588989       -22.589059405795879     
  0.79500000000000060       0.55532566161386776       -22.272518545864450     
  0.80000000000000060       0.55998717622450289       -21.926331469049561     
  0.80500000000000060       0.56518161829566615       -21.551595763346917     
  0.81000000000000061       0.57090386154016592       -21.149488301329544     
  0.81500000000000061       0.57714825879477460       -20.721246187245942     
  0.82000000000000062       0.58390864759329719       -20.268148068510918     
  0.82500000000000062       0.59117835624818105       -19.791496228823366     
  0.83000000000000063       0.59895021043466634       -19.292599820202447     
  0.83500000000000063       0.60721654027097871       -18.772759524211548     
  0.84000000000000064       0.61596918788757538       -18.233253862425769     
  0.84500000000000064       0.62519951547797881       -17.675327306326828     
  0.85000000000000064       0.63489841382324830       -17.100180270287783     
  0.85500000000000065       0.64505631128167940       -16.508961010509644     
  0.86000000000000065       0.65566318323485817       -15.902759399397334     
  0.86500000000000066       0.66670856198075013       -15.282602499955003     
  0.87000000000000066       0.67818154706405775       -14.649451828789088     
  0.87500000000000067       0.69007081603365417       -14.004202169164589     
  0.88000000000000067       0.70236463561647566       -13.347681776797446     
  0.88500000000000068       0.71505087329684391       -12.680653809914572     
  0.89000000000000068       0.72811700928979695       -12.003818810610664     
  0.89500000000000068       0.74155014889660331       -11.317818065616361     
  0.90000000000000069       0.75533703523027418       -10.623237680175707     
  0.90500000000000069       0.76946406229850839       -9.9206132077656051     
  0.91000000000000070       0.78391728843116648       -9.2104346899032326     
  0.91500000000000070       0.79868245003901484       -8.4931519734223233     
  0.92000000000000071       0.81374497569016646       -7.7691801866163166     
  0.92500000000000071       0.82909000049032366       -7.0389052699413464     
  0.93000000000000071       0.84470238075263615       -6.3026894710619699     
  0.93500000000000072       0.86056670894269072       -5.5608767275435351     
  0.94000000000000072       0.87666732888388732       -4.8137978731842290     
  0.94500000000000073       0.89298835120819575       -4.0617756156670088     
  0.95000000000000073       0.90951366903704212       -3.3051292437975168     
  0.95500000000000074       0.92622697387685538       -2.5441790320405353     
  0.96000000000000074       0.94311177171358063       -1.7792503183832589     
  0.96500000000000075       0.96015139929027959       -1.0106772387790328     
  0.97000000000000075       0.97732904055175240      -0.23880610762730958     
  0.97500000000000075       0.99462774323995617       0.53600156099470386     
  0.98000000000000076        1.0120304356238354        1.4899834874807860     
  0.98500000000000076        1.0295199433470603        2.5501474725283244     
  0.99000000000000077        1.0470790063770408        3.6436529191821503     
  0.99500000000000077        1.0646902960384981        4.7728567005510669     
   1.0000000000000007        1.0823364321147730        5.9404641900291200     
   1.0050000000000006        1.1000000000000025        7.1495804970644246     
   1.0100000000000005        1.1176635678852314        8.4037665955888450     
   1.0150000000000003        1.1353097039615063        9.7071005041094995     
   1.0200000000000002        1.1529209936229632        11.064243613222288     
   1.0250000000000001        1.1704800566529432        12.480512155503925     
   1.0300000000000000        1.1879695643761674        13.961953664224511     
   1.0349999999999999        1.2053722567600462        15.515428059667901     
   1.0399999999999998        1.2226709594482499        17.148692722395154     
   1.0449999999999997        1.2398486007097222        18.870490547898843     
   1.0499999999999996        1.2568882282864209        20.690639512580457     
   1.0549999999999995        1.2737730261231455        22.620121702803722     
   1.0599999999999994        1.2904863309629588        24.671169054165642     
   1.0649999999999993        1.3070116487918046        26.857342207087235     
   1.0699999999999992        1.3233326711161126        29.193597902291650     
   1.0749999999999991        1.3394332910573088        31.696339218201373     
   1.0799999999999990        1.3552976192473629        34.383441705250533     
   1.0849999999999989        1.3709099995096754        37.274247127987842     
   1.0899999999999987        1.3862550243098322        40.389515132521773     
   1.0949999999999986        1.4013175499609833        43.751321786349770     
   1.0999999999999985        1.4160827115688315        47.382892690654550     
   1.1049999999999984        1.4305359377014897        51.308357374900361     
   1.1099999999999983        1.4446629647697233        55.552411117611044     
   1.1149999999999982        1.4584498511033939        60.139870396852878     
   1.1199999999999981        1.4718829907102000        65.095109089277287     
   1.1249999999999980        1.4849491267031527        70.441364556298851     
   1.1299999999999979        1.4976353643835212        76.199906130254263     
   1.1349999999999978        1.5099291839663420        82.389063469329500     
   1.1399999999999977        1.5218184529359386        89.023118958952480     
   1.1449999999999976        1.5332914380192459        96.111076875117178     
   1.1499999999999975        1.5443368167651381        103.65533232751761     
   1.1549999999999974        1.5549436887183168        111.65027481760025     
   1.1599999999999973        1.5651015861767479        120.08087410285295     
   1.1649999999999971        1.5748004845220172        128.92130922410669     
   1.1699999999999970        1.5840308121124207        138.13371403759538     
   1.1749999999999969        1.5927834597290174        147.66712317256940     
   1.1799999999999968        1.6010497895653297        157.45670960974238     
   1.1849999999999967        1.6088216437518152        167.42340757892228     
   1.1899999999999966        1.6160913524066991        177.47401081717172     
   1.1949999999999965        1.6228517412052219        187.50182528101251     
   1.1999999999999964        1.6290961384598308        197.38793649152942     
   1.2049999999999963        1.6348183817043307        207.00312477851693     
   1.2099999999999962        1.6400128237754941        216.21042754585113     
   1.2149999999999961        1.6446743383861295        224.86830795456126     
   1.2199999999999960        1.6487983251841078        232.83434663177380     
   1.2249999999999959        1.6523807142923539        239.96933042155015     
   1.2299999999999958        1.6554179703253253        246.14157354391324     
   1.2349999999999957        1.6579070958780102        251.23127569528737     
   1.2399999999999956        1.6598456344840031        255.13470217810033     
   1.2449999999999954        1.6612316730397430        257.76796590459139     
   1.2499999999999953        1.6620638436925139        259.07020173300026     
   1.2549999999999952        1.6623413251903503        259.00595025493237     
   1.2599999999999951        1.6620638436925148        257.56660945700685     
   1.2649999999999950        1.6612316730397452        254.77086569069326     
   1.2699999999999949        1.6598456344840062        250.66407589457262     
   1.2749999999999948        1.6579070958780142        245.31663598301168     
   1.2799999999999947        1.6554179703253307        238.82143042425110     
   1.2849999999999946        1.6523807142923603        231.29051027251774     
   1.2899999999999945        1.6487983251841150        222.85118714865294     
   1.2949999999999944        1.6446743383861380        213.64175603069535     
   1.2999999999999943        1.6400128237755034        203.80706891534436     
   1.3049999999999942        1.6348183817043407        193.49417473854510     
   1.3099999999999941        1.6290961384598421        182.84822014850363     
   1.3149999999999940        1.6228517412052341        172.00877370575418     
   1.3199999999999938        1.6160913524067124        161.10669647535218     
   1.3249999999999937        1.6088216437518292        150.26163868855906     
   1.3299999999999936        1.6010497895653450        139.58019894555437     
   1.3349999999999935        1.5927834597290336        129.15474255663167     
   1.3399999999999934        1.5840308121124376        119.06284156865104     
   1.3449999999999933        1.5748004845220347        109.36727240467579     
   1.3499999999999932        1.5651015861767665        100.11648857550522     
   1.3549999999999931        1.5549436887183363        91.345475519459256     
   1.3599999999999930        1.5443368167651583        83.076891565815828     
   1.3649999999999929        1.5332914380192677        75.322402123266926     
   1.3699999999999928        1.5218184529359606        68.084122043151893     
   1.3749999999999927        1.5099291839663649        61.356092204605687     
   1.3799999999999926        1.4976353643835445        55.125729298957438     
   1.3849999999999925        1.4849491267031774        49.375201319397661     
   1.3899999999999924        1.4718829907102249        44.082694397480253     
   1.3949999999999922        1.4584498511034192        39.223548644625438     
   1.3999999999999921        1.4446629647697500        34.771251086333976     
   1.4049999999999920        1.4305359377015165        30.698282379830541     
   1.4099999999999919        1.4160827115688588        26.976820729440181     
   1.4149999999999918        1.4013175499610111        23.579311345516302     
   1.4199999999999917        1.3862550243098613        20.478913114254258     
   1.4249999999999916        1.3709099995097047        17.649836093838328     
   1.4299999999999915        1.3552976192473927        15.067584285321068     
   1.4349999999999914        1.3394332910573385        12.709118099565778     
   1.4399999999999913        1.3233326711161433        10.552950289552223     
   1.4449999999999912        1.3070116487918355        8.5791880451857736     
   1.4499999999999911        1.2904863309629897        6.7695326254367298     
   1.4549999999999910        1.2737730261231777        5.1072464646899398     
   1.4599999999999909        1.2568882282864529        3.5770962379740947     
   1.4649999999999908        1.2398486007097547        2.1652789753081945     
   1.4699999999999906        1.2226709594482819       0.85933702626215125     
   1.4749999999999905        1.2053722567600793      -0.35193348022820137     
   1.4799999999999904        1.1879695643762003       -1.4785770460312024     
   1.4849999999999903        1.1704800566529761       -2.5295733120517561     
   1.4899999999999902        1.1529209936229967       -3.5129296139542747     
   1.4949999999999901        1.1353097039615396       -4.4357701254614490     
   1.4999999999999900        1.1176635678852647       -5.3044206028218728     
   1.5049999999999899        1.1000000000000352       -6.1244881151044375     
   1.5099999999999898        1.0823364321148068       -6.9009354283818061     
   1.5149999999999897        1.0646902960385318       -7.6381499217614000     
   1.5199999999999896        1.0470790063770743       -8.3400070626789375     
   1.5249999999999895        1.0295199433470938       -9.0099285696765783     
   1.5299999999999894        1.0120304356238703       -9.6509354534566736     
   1.5349999999999893       0.99462774323999092       -10.191022126486425     
   1.5399999999999892       0.97732904055178682       -10.558408955755274     
   1.5449999999999890       0.96015139929031479       -10.930170397632224     
   1.5499999999999889       0.94311177171361593       -11.306228364634023     
   1.5549999999999888       0.92622697387689046       -11.686490273279714     
   1.5599999999999887       0.90951366903707676       -12.070845919797296     
   1.5649999999999886       0.89298835120823095       -12.459164099303914     
   1.5699999999999885       0.87666732888392240       -12.851288971711119     
   1.5749999999999884       0.86056670894272536       -13.247036182354032     
   1.5799999999999883       0.84470238075267023       -13.646188751041636     
   1.5849999999999882       0.82909000049035808       -14.048492749955892     
   1.5899999999999881       0.81374497569020032       -14.453652798662482     
   1.5949999999999880       0.79868245003904847       -14.861327413478051     
   1.5999999999999879       0.78391728843120023       -15.271124258582997     
   1.6049999999999878       0.76946406229854136       -15.682595357535808     
   1.6099999999999877       0.75533703523030638       -16.095232336145916     
   1.6149999999999876       0.74155014889663518       -16.508461780826234     
   1.6199999999999875       0.72811700928982870       -16.921640810318053     
   1.6249999999999873       0.71505087329687478       -17.334052972699869     
   1.6299999999999872       0.70236463561650553       -17.744904593381548     
   1.6349999999999871       0.69007081603368414       -18.153321712744038     
   1.6399999999999870       0.67818154706408673       -18.558347763481493     
   1.6449999999999869       0.66670856198077810       -18.958942146681451     
   1.6499999999999868       0.65566318323488515       -19.353979871277691     
   1.6549999999999867       0.64505631128170582       -19.742252422679098     
   1.6599999999999866       0.63489841382327372       -20.122470022039085     
   1.6649999999999865       0.62519951547800301       -20.493265426719290     
   1.6699999999999864       0.61596918788759836       -20.853199404063385     
   1.6749999999999863       0.60721654027100103       -21.200767983859947     
   1.6799999999999862       0.59895021043468766       -21.534411559372124     
   1.6849999999999861       0.59117835624820092       -21.852525862475044     
   1.6899999999999860       0.58390864759331618       -22.153474785716000     
   1.6949999999999859       0.57714825879479226       -22.435604964032695     
   1.6999999999999857       0.57090386154018224       -22.697261963126074     
   1.7049999999999856       0.56518161829568103       -22.936807852451764     
   1.7099999999999855       0.55998717622451666       -23.152639871459346     
   1.7149999999999854       0.55532566161387997       -23.343209831594233     
   1.7199999999999853       0.55120167481590054       -23.507043837552754     
   1.7249999999999852       0.54761928570765339       -23.642761863337615     
   1.7299999999999851       0.54458202967468061       -23.749096685605092     
   1.7349999999999850       0.54209290412199473       -23.824911661949145     
   1.7399999999999849       0.54015436551600060       -23.869216847630017     
   1.7449999999999848       0.53876832696025945       -23.881182972222007     
   1.7499999999999847       0.53793615630748759       -23.860152847803590     
   1.7549999999999846       0.53765867480964991       -23.805649851274083     
   1.7599999999999845       0.53793615630748415       -23.717383212349173     
   1.7649999999999844       0.53876832696025267       -23.595249941658732     
   1.7699999999999843       0.54015436551599039       -23.439333345001536     
   1.7749999999999841       0.54209290412198119       -23.249898184392293     
   1.7799999999999840       0.54458202967466351       -23.027382658030142     
   1.7849999999999839       0.54761928570763285       -22.772387473913987     
   1.7899999999999838       0.55120167481587701       -22.485662380398260     
   1.7949999999999837       0.55532566161385299       -22.168090587421275     
   1.7999999999999836       0.55998717622448613       -21.820671561659658     
   1.8049999999999835       0.56518161829564761       -21.444502706109052     
   1.8099999999999834       0.57090386154014550       -21.040760439657262     
   1.8149999999999833       0.57714825879475196       -20.610681176512934     
   1.8199999999999832       0.58390864759327266       -20.155542671402870     
   1.8249999999999831       0.59117835624815473       -19.676646147587938     
   1.8299999999999830       0.59895021043463836       -19.175299564800500     
   1.8349999999999829       0.60721654027094840       -18.652802317183092     
   1.8399999999999828       0.61596918788754329       -18.110431581090900     
   1.8449999999999827       0.62519951547794494       -17.549430462750127     
   1.8499999999999825       0.63489841382321277       -16.970998029240562     
   1.8549999999999824       0.64505631128164154       -16.376281245472761     
   1.8599999999999823       0.65566318323481865       -15.766368786456054     
   1.8649999999999822       0.66670856198070894       -15.142286649249726     
   1.8699999999999821       0.67818154706401446       -14.504995452999875     
   1.8749999999999820       0.69007081603360931       -13.855389288326268     
   1.8799999999999819       0.70236463561642892       -13.194295958565680     
   1.8849999999999818       0.71505087329679573       -12.522478444231353     
   1.8899999999999817       0.72811700928974665       -11.840637417552726     
   1.8949999999999816       0.74155014889655169       -11.149414635050732     
   1.8999999999999815       0.75533703523022078       -10.449397041695821     
   1.9049999999999814       0.76946406229845299       -9.7411214292366601     
   1.9099999999999813       0.78391728843110986       -9.0250795028110087     
   1.9149999999999812       0.79868245003895710       -8.3017232230928251     
   1.9199999999999811       0.81374497569010718       -7.5714703052560823     
   1.9249999999999809       0.82909000049026216       -6.8347097703412718     
   1.9299999999999808       0.84470238075257376       -6.0918074587096607     
   1.9349999999999807       0.86056670894262732       -5.3431114288028310     
   1.9399999999999806       0.87666732888382293       -4.5889571771232935     
   1.9449999999999805       0.89298835120812925       -3.8296726270520298     
   1.9499999999999804       0.90951366903697473       -3.0655828447138274     
   1.9549999999999803       0.92622697387678732       -2.2970144495611695     
   1.9599999999999802       0.94311177171351090       -1.5242996956721293     
   1.9649999999999801       0.96015139929020876      -0.74778020699614223     
   1.9699999999999800       0.97732904055168113        3.2189644005083728E-002
   1.9749999999999799       0.99462774323988445       0.81523971960415242     
   1.9799999999999798        1.0120304356237624        1.7775985580590694     
   1.9849999999999797        1.0295199433469864        2.8462642291542366     
   1.9899999999999796        1.0470790063769666        3.9483858685064126     
   1.9949999999999795        1.0646902960384237        5.0863095600721797     
   1.9999999999999793        1.0823364321146975        6.2627293836166364     
   2.0049999999999795        1.0999999999999268        7.4807386701251470     
   2.0099999999999794        1.1176635678851563        8.7438861521934559     
   2.0149999999999793        1.1353097039614315        10.056237168311329     
   2.0199999999999791        1.1529209936228890        11.422440016705373     
   2.0249999999999790        1.1704800566528697        12.847797453592717     
   2.0299999999999789        1.1879695643760932        14.338343182177246     
   2.0349999999999788        1.2053722567599729        15.900922971056387     
   2.0399999999999787        1.2226709594481773        17.543279761245998     
   2.0449999999999786        1.2398486007096505        19.274141756141955     
   2.0499999999999785        1.2568882282863487        21.103312024208837     
   2.0549999999999784        1.2737730261230746        23.041757566008553     
   2.0599999999999783        1.2904863309628887        25.101695092558440     
   2.0649999999999782        1.3070116487917347        27.296669920973340     
   2.0699999999999781        1.3233326711160438        29.641623410801110     
   2.0749999999999780        1.3394332910572413        32.152943242924579     
   2.0799999999999779        1.3552976192472970        34.848489595869125     
   2.0849999999999778        1.3709099995096097        37.747588930226655     
   2.0899999999999777        1.3862550243097680        40.870985698588441     
   2.0949999999999775        1.4013175499609205        44.240740927862092     
   2.0999999999999774        1.4160827115687693        47.880065373899910     
   2.1049999999999773        1.4305359377014288        51.813073958107381     
   2.1099999999999772        1.4446629647696645        56.064447629754746     
   2.1149999999999771        1.4584498511033366        60.658988857361102     
   2.1199999999999770        1.4718829907101438        65.621057867853736     
   2.1249999999999769        1.4849491267030985        70.973878771925584     
   2.1299999999999768        1.4976353643834686        76.738708088293706     
   2.1349999999999767        1.5099291839662912        82.933863135507892     
   2.1399999999999766        1.5218184529358889        89.573614468868854     
   2.1449999999999765        1.5332914380191984        96.666955077796246     
   2.1499999999999764        1.5443368167650924        104.21626936139567     
   2.1549999999999763        1.5549436887182726        112.21593671722867     
   2.1599999999999762        1.5651015861767057        120.65091743448826     
   2.1649999999999761        1.5748004845219774        129.49538174825003     
   2.1699999999999759        1.5840308121123829        138.71145539646241     
   2.1749999999999758        1.5927834597289814        148.24816560037965     
   2.1799999999999757        1.6010497895652958        158.04067866364284     
   2.1849999999999756        1.6088216437517835        168.00992288828834     
   2.1899999999999755        1.6160913524066693        178.06268684897353     
   2.1949999999999754        1.6228517412051944        188.09227211888762     
   2.1999999999999753        1.6290961384598055        197.97976062615234     
   2.2049999999999752        1.6348183817043078        207.59592990683274     
   2.2099999999999751        1.6400128237754732        216.80381537671735     
   2.2149999999999750        1.6446743383861109        225.46187901833056     
   2.2199999999999749        1.6487983251840914        233.42770109133187     
   2.2249999999999748        1.6523807142923401        240.56206888236065     
   2.2299999999999747        1.6554179703253138        246.73329786059494     
   2.2349999999999746        1.6579070958780009        251.82158977231933     
   2.2399999999999745        1.6598456344839962        255.72321276223417     
   2.2449999999999743        1.6612316730397383        258.35428336663801     
   2.2499999999999742        1.6620638436925115        259.65394083667275     
   2.2549999999999741        1.6623413251903503        259.58673091050667     
   2.2599999999999740        1.6620638436925173        258.14405745761610     
   2.2649999999999739        1.6612316730397498        255.34461342915282     
   2.2699999999999738        1.6598456344840133        251.23376305870835     
   2.2749999999999737        1.6579070958780235        245.88191022754819     
   2.2799999999999736        1.6554179703253422        239.38194801743529     
   2.2849999999999735        1.6523807142923741        231.84593671570704     
   2.2899999999999734        1.6487983251841314        223.40119776725066     
   2.2949999999999733        1.6446743383861564        214.18603653489495     
   2.2999999999999732        1.6400128237755243        204.34531592928062     
   2.3049999999999731        1.6348183817043642        194.02609629654941     
   2.3099999999999730        1.6290961384598672        183.37353615730214     
   2.3149999999999729        1.6228517412052614        172.52721637156401     
   2.3199999999999728        1.6160913524067422        161.61801069496141     
   2.3249999999999726        1.6088216437518610        150.76558240360492     
   2.3299999999999725        1.6010497895653786        140.07654345936257     
   2.3349999999999724        1.5927834597290698        129.64327281308783     
   2.3399999999999723        1.5840308121124758        119.54335639272527     
   2.3449999999999722        1.5748004845220751        109.83958470436249     
   2.3499999999999721        1.5651015861768083        100.58042550505549     
   2.3549999999999720        1.5549436887183805        91.800878603931409     
   2.3599999999999719        1.5443368167652043        83.523616787090333     
   2.3649999999999718        1.5332914380193148        75.760319967810602     
   2.3699999999999717        1.5218184529360097        68.513117511941246     
   2.3749999999999716        1.5099291839664162        61.776064785732153     
   2.3799999999999715        1.4976353643835973        55.536592903574899     
   2.3849999999999714        1.4849491267032313        49.776884181778200     
   2.3899999999999713        1.4718829907102813        44.475138940061697     
   2.3949999999999712        1.4584498511034771        39.606711309033848     
   2.3999999999999710        1.4446629647698086        35.145102131482425     
   2.4049999999999709        1.4305359377015765        31.062805648279006     
   2.4099999999999708        1.4160827115689210        27.332013383299795     
   2.4149999999999707        1.4013175499610746        23.925183573265581     
   2.4199999999999706        1.3862550243099250        20.815487809918995     
   2.4249999999999705        1.3709099995097704        17.977148510053865     
   2.4299999999999704        1.3552976192474595        15.385681661866165     
   2.4349999999999703        1.3394332910574063        13.018059269019220     
   2.4399999999999702        1.3233326711162112        10.852805261772177     
   2.4449999999999701        1.3070116487919055        8.8700375723616478     
   2.4499999999999700        1.2904863309630603        7.0514677494988911     
   2.4549999999999699        1.2737730261232481        5.3803680488984584     
   2.4599999999999698        1.2568882282865239        3.8415144845279996     
   2.4649999999999697        1.2398486007098273        2.4211129308360877     
   2.4699999999999696        1.2226709594483551        1.1067140770641510     
   2.4749999999999694        1.2053722567601521      -0.11287812131380398     
   2.4799999999999693        1.1879695643762744       -1.2477008592684689     
   2.4849999999999692        1.1704800566530507       -2.3067269950986753     
   2.4899999999999691        1.1529209936230707       -3.2979576089655667     
   2.4949999999999690        1.1353097039616136       -4.2285111471899901     
   2.4999999999999689        1.1176635678853397       -5.1047081659367688     
   2.5049999999999688        1.1000000000001102       -5.9321510589818720     
   2.5099999999999687        1.0823364321148810       -6.7157984376684183     
   2.5149999999999686        1.0646902960386067       -7.4600340410604264     
   2.5199999999999685        1.0470790063771491       -8.1687302037647100     
   2.5249999999999684        1.0295199433471682       -8.8453060097029965     
   2.5299999999999683        1.0120304356239436       -9.4927803226915906     
   2.5349999999999682       0.99462774324006464       -10.039145884174927     
   2.5399999999999681       0.97732904055186010       -10.412621852783367     
   2.5449999999999680       0.96015139929038651       -10.790281924756252     
   2.5499999999999678       0.94311177171368699       -11.172047685102250     
   2.5549999999999677       0.92622697387696085       -11.557826638774102     
   2.5599999999999676       0.90951366903714737       -11.947509068704630     
   2.5649999999999675       0.89298835120830078       -12.340964636417263     
   2.5699999999999674       0.87666732888399035       -12.738038728554931     
   2.5749999999999673       0.86056670894279330       -13.138548557420483     
   2.5799999999999672       0.84470238075273807       -13.542279029321223     
   2.5849999999999671       0.82909000049042292       -13.948978401241185     
   2.5899999999999670       0.81374497569026505       -14.358353754200252     
   2.5949999999999669       0.79868245003911098       -14.770066320643066     
   2.5999999999999668       0.78391728843126152       -15.183726713340459     
   2.6049999999999667       0.76946406229860209       -15.598890114557651     
   2.6099999999999666       0.75533703523036499       -16.015051496538408     
   2.6149999999999665       0.74155014889669291       -16.431640957520131     
   2.6199999999999664       0.72811700928988499       -16.848019271263677     
   2.6249999999999662       0.71505087329692874       -17.263473762097643     
   2.6299999999999661       0.70236463561655871       -17.677214631265020     
   2.6349999999999660       0.69007081603373566       -18.088371873316472     
   2.6399999999999659       0.67818154706413569       -18.495992932686061     
   2.6449999999999658       0.66670856198082595       -18.899041259562928     
   2.6499999999999657       0.65566318323493045       -19.296395929766621     
   2.6549999999999656       0.64505631128174934       -19.686852494497455     
   2.6599999999999655       0.63489841382331580       -20.069125221493017     
   2.6649999999999654       0.62519951547804276       -20.441850878203915     
   2.6699999999999653       0.61596918788763655       -20.803594189160879     
   2.6749999999999652       0.60721654027103722       -21.152855072963852     
   2.6799999999999651       0.59895021043472119       -21.488077728816585     
   2.6849999999999650       0.59117835624823289       -21.807661598189181     
   2.6899999999999649       0.58390864759334593       -22.109974174460426     
   2.6949999999999648       0.57714825879481957       -22.393365573304948     
   2.6999999999999647       0.57090386154020767       -22.656184710848837     
   2.7049999999999645       0.56518161829570457       -22.896796867577521     
   2.7099999999999644       0.55998717622453731       -23.113602346640377     
   2.7149999999999643       0.55532566161389862       -23.305055869076607     
   2.7199999999999642       0.55120167481591675       -23.469686289458455     
   2.7249999999999641       0.54761928570766727       -23.606116167497060     
   2.7299999999999640       0.54458202967469238       -23.713080698097773     
   2.7349999999999639       0.54209290412200406       -23.789445487498959     
   2.7399999999999638       0.54015436551600760       -23.834222668985959     
   2.7449999999999637       0.53876832696026422       -23.846584879635227     
   2.7499999999999636       0.53793615630748992       -23.825876669686117     
   2.7549999999999635       0.53765867480964991       -23.771622987095387     
   2.7599999999999634       0.53793615630748182       -23.683534468792949     
   2.7649999999999633       0.53876832696024801       -23.561509373024574     
   2.7699999999999632       0.54015436551598328       -23.405632098794300     
   2.7749999999999631       0.54209290412197186       -23.216168352996988     
   2.7799999999999629       0.54458202967465197       -22.993557137321261     
   2.7849999999999628       0.54761928570761886       -22.738399829596791     
   2.7899999999999627       0.55120167481586080       -22.451446722824567     
   2.7949999999999626       0.55532566161383434       -22.133581455565452     
   2.7999999999999625       0.55998717622446514       -21.785803816880779     
   2.8049999999999624       0.56518161829562463       -21.409211436264080     
   2.8099999999999623       0.57090386154012007       -21.004980874066494     
   2.8149999999999622       0.57714825879472442       -20.574348612214465     
   2.8199999999999621       0.58390864759324335       -20.118592411067478     
   2.8249999999999620       0.59117835624812276       -19.639013449398639     
   2.8299999999999619       0.59895021043460484       -19.136919604534231     
   2.8349999999999618       0.60721654027091265       -18.613610162664994     
   2.8399999999999617       0.61596918788750510       -18.070362179123748     
   2.8449999999999616       0.62519951547790531       -17.508418638555170     
   2.8499999999999615       0.63489841382317058       -16.928978498379831     
   2.8549999999999613       0.64505631128159746       -16.333188638156933     
   2.8599999999999612       0.65566318323477324       -15.722137684078946     
   2.8649999999999611       0.66670856198066120       -15.096851632927262     
   2.8699999999999610       0.67818154706396483       -14.458291163830145     
   2.8749999999999609       0.69007081603355869       -13.807350499029557     
   2.8799999999999608       0.70236463561637585       -13.144857656105790     
   2.8849999999999607       0.71505087329674022       -12.471575922965130     
   2.8899999999999606       0.72811700928969114       -11.788206382403988     
   2.8949999999999605       0.74155014889649384       -11.095391314155901     
   2.8999999999999604       0.75533703523016227       -10.393718307921244     
   2.9049999999999603       0.76946406229839293       -9.6837249299279549     
   2.9099999999999602       0.78391728843104769       -8.9659037970927482     
   2.9149999999999601       0.79868245003889449       -8.2407079260028997     
   2.9199999999999600       0.81374497569004234       -7.5085562379668120     
   2.9249999999999599       0.82909000049019643       -6.7698391156895825     
   2.9299999999999597       0.84470238075250770       -6.0249239212361863     
   2.9349999999999596       0.86056670894255938       -5.2741603984771270     
   2.9399999999999595       0.87666732888375321       -4.5178858959162991     
   2.9449999999999594       0.89298835120806042       -3.7564303575040516     
   2.9499999999999593       0.90951366903690412       -2.9901210396378035     
   2.9549999999999592       0.92622697387671693       -2.2192869220139491     
   2.9599999999999591       0.94311177171343985       -1.4442627883286483     
   2.9649999999999590       0.96015139929013615      -0.66539296006118365     
   2.9699999999999589       0.97732904055160885       0.11696532720429197     
   2.9749999999999588       0.99462774323981074       0.90243891019099121     
   2.9799999999999587        1.0120304356236882        1.8672531431785164     
   2.9849999999999586        1.0295199433469129        2.9384027583611831     
   2.9899999999999585        1.0470790063768918        4.0430334057540085     
   2.9949999999999584        1.0646902960383477        5.1834875420802433     
   2.9999999999999583        1.0823364321146236        6.3624554853546815     
