   5.0000000000000001E-003   1.1000000000000001        6.2792742474230332     
   1.0000000000000000E-002   1.1249504528098795        8.0400944719205718     
   1.4999999999999999E-002   1.1498762825351403        9.9069882368387105     
   2.0000000000000000E-002   1.1747528903911753        11.897028774357828     
   2.5000000000000001E-002   1.1995557261694203        14.030972245667083     
   3.0000000000000002E-002   1.2242603124654443        16.334065773979617     
   3.5000000000000003E-002   1.2488422688351943        18.837027680392168     
   4.0000000000000001E-002   1.2732773358555489        21.577237227677379     
   4.4999999999999998E-002   1.2975413990654405        24.600178126881062     
   4.9999999999999996E-002   1.3216105127639164        27.961187766920922     
   5.4999999999999993E-002   1.3454609236416559        31.727572411752000     
   5.9999999999999991E-002   1.3690690942226174        35.981157121421965     
   6.4999999999999988E-002   1.3924117260926867        40.821347286764137     
   6.9999999999999993E-002   1.4154657828923980        46.368785461451168     
   7.4999999999999997E-002   1.4382085130510402        52.769691188282280     
   8.0000000000000002E-002   1.4606174722397096        60.200970680974301     
   8.5000000000000006E-002   1.4826705455211533        68.876174684452977     
   9.0000000000000011E-002   1.5043459691745427        79.052362800790235     
   9.5000000000000015E-002   1.5256223521736370        91.037896179581935     
  0.10000000000000002        1.5464786972971454        105.20112178302792     
  0.10500000000000002        1.5668944218504479        121.97982353376865     
  0.11000000000000003        1.5868493779782307        141.89119104488060     
  0.11500000000000003        1.6063238725479865        165.54188801299861     
  0.12000000000000004        1.6252986865847596        193.63758390156420     
  0.12500000000000003        1.6437550942379526        226.99104183591237     
  0.13000000000000003        1.6616748812614808        266.52753632036274     
  0.13500000000000004        1.6790403629890338        313.28601950204654     
  0.14000000000000004        1.6958344017867071        368.41409043028438     
  0.14500000000000005        1.7120404239657760        433.15449109990925     
  0.15000000000000005        1.7276424361389267        508.82061853355054     
  0.15500000000000005        1.7426250410037976        596.75848617132635     
  0.16000000000000006        1.7569734525382594        698.29278923302161     
  0.16500000000000006        1.7706735105924321        814.65533366877219     
  0.17000000000000007        1.7837116948630443        946.89517431090587     
  0.17500000000000007        1.7960751382363398        1095.7714404026267     
  0.18000000000000008        1.8077516394863660        1261.6320102125726     
  0.18500000000000008        1.8187296753161100        1444.2838431148600     
  0.19000000000000009        1.8289984117296023        1642.8636808271001     
  0.19500000000000009        1.8385477147237625        1855.7206516188326     
  0.20000000000000009        1.8473681602894365        2080.3245940962465     
  0.20500000000000010        1.8554510437117562        2313.2151252718845     
  0.21000000000000010        1.8627883881606424        2550.0060767347245     
  0.21500000000000011        1.8693729525629719        2785.4574878202338     
  0.22000000000000011        1.8751982387486441        3013.6226821412170     
  0.22500000000000012        1.8802584978634891        3228.0712115090723     
  0.23000000000000012        1.8845487360426927        3422.1801842497939     
  0.23500000000000013        1.8880647193391389        3589.4776571391385     
  0.24000000000000013        1.8908029779018043        3724.0136135237130     
  0.24500000000000013        1.8927608094000807        3820.7279337500509     
  0.25000000000000011        1.8939362816906522        3875.7819018858058     
  0.25500000000000012        1.8943282347242834        3886.8209915143648     
  0.26000000000000012        1.8939362816906520        3853.1421228440827     
  0.26500000000000012        1.8927608094000807        3775.7477584231874     
  0.27000000000000013        1.8908029779018041        3657.2809147407979     
  0.27500000000000013        1.8880647193391389        3501.8477517133542     
  0.28000000000000014        1.8845487360426925        3314.7460354659329     
  0.28500000000000014        1.8802584978634886        3102.1268026331186     
  0.29000000000000015        1.8751982387486439        2870.6218157928597     
  0.29500000000000015        1.8693729525629714        2626.9703897039344     
  0.30000000000000016        1.8627883881606420        2377.6761026374907     
  0.30500000000000016        1.8554510437117560        2128.7176159146143     
  0.31000000000000016        1.8473681602894363        1885.3295385333561     
  0.31500000000000017        1.8385477147237621        1651.8603601430762     
  0.32000000000000017        1.8289984117296019        1431.7061868405185     
  0.32500000000000018        1.8187296753161095        1227.3122976908969     
  0.33000000000000018        1.8077516394863653        1040.2299392903453     
  0.33500000000000019        1.7960751382363394        871.21342536382258     
  0.34000000000000019        1.7837116948630438        720.34230130481546     
  0.34500000000000020        1.7706735105924314        587.15463317324179     
  0.35000000000000020        1.7569734525382588        470.77984416175792     
  0.35500000000000020        1.7426250410037971        370.06240839584473     
  0.36000000000000021        1.7276424361389260        283.67066198435305     
  0.36500000000000021        1.7120404239657754        210.18766712863277     
  0.37000000000000022        1.6958344017867064        148.18326254308508     
  0.37500000000000022        1.6790403629890329        96.268067757512526     
  0.38000000000000023        1.6616748812614799        53.131287901124452     
  0.38500000000000023        1.6437550942379515        17.564758062814384     
  0.39000000000000024        1.6252986865847587       -11.524127492718964     
  0.39500000000000024        1.6063238725479856       -35.108027825407902     
  0.40000000000000024        1.5868493779782296       -54.041485699970664     
  0.40500000000000025        1.5668944218504470       -69.066996026819908     
  0.41000000000000025        1.5464786972971445       -80.823708043663132     
  0.41500000000000026        1.5256223521736361       -89.857520793155530     
  0.42000000000000026        1.5043459691745413       -96.631657643967060     
  0.42500000000000027        1.4826705455211524       -101.53708133024422     
  0.43000000000000027        1.4606174722397083       -104.90233291091866     
  0.43500000000000028        1.4382085130510391       -107.00254890694744     
  0.44000000000000028        1.4154657828923969       -108.06753677979923     
  0.44500000000000028        1.3924117260926856       -108.28887742487227     
  0.45000000000000029        1.3690690942226160       -107.82608217015428     
  0.45500000000000029        1.3454609236416546       -106.81186797047621     
  0.46000000000000030        1.3216105127639151       -105.35663414266969     
  0.46500000000000030        1.2975413990654390       -103.55223204162525     
  0.47000000000000031        1.2732773358555478       -101.47511938924387     
  0.47500000000000031        1.2488422688351930       -99.188986433036234     
  0.48000000000000032        1.2242603124654430       -96.746933822417873     
  0.48500000000000032        1.1995557261694187       -94.193273504459142     
  0.49000000000000032        1.1747528903911739       -91.565015024793979     
  0.49500000000000033        1.1498762825351387       -88.893090980805241     
  0.50000000000000033        1.1249504528098782       -86.203367363041465     
  0.50500000000000034        1.0999999999999983       -83.517477310003798     
  0.51000000000000034        1.0750495471901191       -80.853510447318655     
  0.51500000000000035        1.0501237174648583       -78.226584468610127     
  0.52000000000000035        1.0252471096088231       -75.649320884431702     
  0.52500000000000036        1.0004442738305781       -73.132242839585786     
  0.53000000000000036       0.97573968753455420       -70.366422729304219     
  0.53500000000000036       0.95115773116480429       -67.721823729277531     
  0.54000000000000037       0.92672266414444948       -65.205867028705299     
  0.54500000000000037       0.90245860093455821       -62.819391972409932     
  0.55000000000000038       0.87838948723608201       -60.562972601666445     
  0.55500000000000038       0.85453907635834270       -58.436926291234144     
  0.56000000000000039       0.83093090577738093       -56.441322313685127     
  0.56500000000000039       0.80758827390731180       -54.575990102382754     
  0.57000000000000040       0.78453421710760030       -52.840526957210969     
  0.57500000000000040       0.76179148694895837       -51.234304908031859     
  0.58000000000000040       0.73938252776028879       -49.756476420225404     
  0.58500000000000041       0.71732945447884533       -48.405978595202868     
  0.59000000000000041       0.69565403082545585       -47.181535487491566     
  0.59500000000000042       0.67437764782636156       -46.081658130372226     
  0.60000000000000042       0.65352130270285302       -45.104641836220907     
  0.60500000000000043       0.63310557814955071       -44.248560318557324     
  0.61000000000000043       0.61315062202176818       -43.511256174160891     
  0.61500000000000044       0.59367612745201204       -42.890327270432792     
  0.62000000000000044       0.57470131341523922       -42.383108611683767     
  0.62500000000000044       0.55624490576204622       -41.986649315819648     
  0.63000000000000045       0.53832511873851829       -41.697684429004767     
  0.63500000000000045       0.52095963701096504       -41.512601450593969     
  0.64000000000000046       0.50416559821329177       -41.427401645132001     
  0.64500000000000046       0.48795957603422280       -41.437656493894529     
  0.65000000000000047       0.47235756386107242       -41.538459995666280     
  0.65500000000000047       0.45737495899620140       -41.724377972847691     
  0.66000000000000048       0.44302654746173942       -41.989396077004614     
  0.66500000000000048       0.42932648940756701       -42.326868811781772     
  0.67000000000000048       0.41628830513695492       -42.729472582835562     
  0.67500000000000049       0.40392486176365960       -43.189166510197680     
  0.68000000000000049       0.39224836051363343       -43.697165444567275     
  0.68500000000000050       0.38127032468388922       -44.243930239341616     
  0.69000000000000050       0.37100158827039686       -44.819180746070288     
  0.69500000000000051       0.36145228527623696       -45.411937104932647     
  0.70000000000000051       0.35263183971056311       -46.010594566585098     
  0.70500000000000052       0.34454895628824322       -46.603036186059470     
  0.71000000000000052       0.33721161183935733       -47.176786180320796     
  0.71500000000000052       0.33062704743702787       -47.719204501122896     
  0.72000000000000053       0.32480176125135574       -48.217720290374949     
  0.72500000000000053       0.31974150213651076       -48.660098510150739     
  0.73000000000000054       0.31545126395730716       -49.034730445458500     
  0.73500000000000054       0.31193528066086096       -49.330935344507147     
  0.74000000000000055       0.30919702209819577       -49.539257639763541     
  0.74500000000000055       0.30723919059991922       -49.651742444595087     
  0.75000000000000056       0.30606371830934809       -49.662171734847881     
  0.75500000000000056       0.30567176527571671       -49.566245037486567     
  0.76000000000000056       0.30606371830934820       -49.361691572078250     
  0.76500000000000057       0.30723919059991955       -49.048305384374672     
  0.77000000000000057       0.30919702209819633       -48.627900597911150     
  0.77500000000000058       0.31193528066086151       -48.104189845999493     
  0.78000000000000058       0.31545126395730794       -47.482594529102577     
  0.78500000000000059       0.31974150213651176       -46.770000128057276     
  0.79000000000000059       0.32480176125135685       -45.974472915584734     
  0.79500000000000060       0.33062704743702909       -45.104955806311565     
  0.80000000000000060       0.33721161183935888       -44.170960782312434     
  0.80500000000000060       0.34454895628824489       -43.182273562805868     
  0.81000000000000061       0.35263183971056478       -42.148683343956932     
  0.81500000000000061       0.36145228527623885       -41.079746979572100     
  0.82000000000000062       0.37100158827039909       -39.984593357886887     
  0.82500000000000062       0.38127032468389144       -38.871770333905971     
  0.83000000000000063       0.39224836051363554       -37.749133673134779     
  0.83500000000000063       0.40392486176366205       -36.623775205233656     
  0.84000000000000064       0.41628830513695769       -35.501985821801398     
  0.84500000000000064       0.42932648940756979       -34.389248043740118     
  0.85000000000000064       0.44302654746174241       -33.290252537420770     
  0.85500000000000065       0.45737495899620451       -32.208933053772604     
  0.86000000000000065       0.47235756386107552       -31.148514673046563     
  0.86500000000000066       0.48795957603422613       -30.111570842599246     
  0.87000000000000066       0.50416559821329510       -29.100085396707311     
  0.87500000000000067       0.52095963701096837       -28.115516469824389     
  0.88000000000000067       0.53832511873852207       -27.158859903936776     
  0.88500000000000068       0.55624490576205010       -26.230710372683504     
  0.89000000000000068       0.57470131341524300       -25.331318981678120     
  0.89500000000000068       0.59367612745201592       -24.460646550049347     
  0.90000000000000069       0.61315062202177240       -23.618412134968544     
  0.90500000000000069       0.63310557814955515       -22.804136636418988     
  0.91000000000000070       0.65352130270285747       -22.017181524016191     
  0.91500000000000070       0.67437764782636589       -21.256782872654689     
  0.92000000000000071       0.69565403082546085       -20.522080990302804     
  0.92500000000000071       0.71732945447884999       -19.812145979680217     
  0.93000000000000071       0.73938252776029367       -19.125999604846239     
  0.93500000000000072       0.76179148694896281       -18.462633841515061     
  0.94000000000000072       0.78453421710760485       -17.821026482422980     
  0.94500000000000073       0.80758827390731680       -17.200154151259667     
  0.95000000000000073       0.83093090577738593       -16.599003054376084     
  0.95500000000000074       0.85453907635834747       -16.016577771592306     
  0.96000000000000074       0.87838948723608690       -15.451908358071302     
  0.96500000000000075       0.90245860093456343       -14.904055999902036     
  0.97000000000000075       0.92672266414445481       -14.372117437771895     
  0.97500000000000075       0.95115773116480928       -13.855228346554229     
  0.98000000000000076       0.97573968753455920       -13.352565834175804     
  0.98500000000000076        1.0004442738305839       -12.857060819791922     
  0.99000000000000077        1.0252471096088285       -12.000538930303133     
  0.99500000000000077        1.0501237174648637       -11.094328009219391     
   1.0000000000000007        1.0750495471901242       -10.129765657782311     
   1.0050000000000006        1.1000000000000034       -9.0965105128213803     
   1.0100000000000005        1.1249504528098819       -7.9821622900196898     
   1.0150000000000003        1.1498762825351425       -6.7718054978230304     
   1.0200000000000002        1.1747528903911768       -5.4474594479771854     
   1.0250000000000001        1.1995557261694207       -3.9874132893692380     
   1.0300000000000000        1.2242603124654448       -2.3654202142249456     
   1.0349999999999999        1.2488422688351939      -0.54971965631851971     
   1.0399999999999998        1.2732773358555485        1.4981498333420380     
   1.0449999999999997        1.2975413990654392        3.8247912983783499     
   1.0499999999999996        1.3216105127639151        6.4866956474676565     
   1.0549999999999995        1.3454609236416537        9.5523537393265752     
   1.0599999999999994        1.3690690942226151        13.104803050576438     
   1.0649999999999993        1.3924117260926838        17.244685828750793     
   1.0699999999999992        1.4154657828923949        22.093902427152301     
   1.0749999999999991        1.4382085130510363        27.799947531821122     
   1.0799999999999990        1.4606174722397050        34.541016155636143     
   1.0849999999999989        1.4826705455211486        42.531957736592702     
   1.0899999999999987        1.5043459691745373        52.031136641696172     
   1.0949999999999986        1.5256223521736318        63.348220989752043     
   1.0999999999999985        1.5464786972971396        76.852863017910167     
   1.1049999999999984        1.5668944218504419        92.984146314716355     
   1.1099999999999983        1.5868493779782242        112.26055063374720     
   1.1149999999999982        1.6063238725479803        135.29001638346907     
   1.1199999999999981        1.6252986865847527        162.77947243483905     
   1.1249999999999980        1.6437550942379451        195.54292018279423     
   1.1299999999999979        1.6616748812614734        234.50684748593488     
   1.1349999999999978        1.6790403629890263        280.71139122305982     
   1.1399999999999977        1.6958344017866995        335.30530292899567     
   1.1449999999999976        1.7120404239657683        399.53244131128042     
   1.1499999999999975        1.7276424361389191        474.70728091558431     
   1.1549999999999974        1.7426250410037900        562.17687022060340     
   1.1599999999999973        1.7569734525382521        663.26689383938867     
   1.1649999999999971        1.7706735105924245        779.21009845432297     
   1.1699999999999970        1.7837116948630367        911.05642810920870     
   1.1749999999999969        1.7960751382363325        1059.5658470440449     
   1.1799999999999968        1.8077516394863586        1225.0870117909835     
   1.1849999999999967        1.8187296753161033        1407.4276009198120     
   1.1899999999999966        1.8289984117295957        1605.7250141332652     
   1.1949999999999965        1.8385477147237563        1818.3289745319071     
   1.1999999999999964        1.8473681602894303        2042.7098506608563     
   1.2049999999999963        1.8554510437117506        2275.4077230526259     
   1.2099999999999962        1.8627883881606371        2512.0368190861545     
   1.2149999999999961        1.8693729525629670        2747.3575050660879     
   1.2199999999999960        1.8751982387486397        2975.4233618853527     
   1.2249999999999959        1.8802584978634851        3189.8041283040579     
   1.2299999999999958        1.8845487360426894        3383.8770288494266     
   1.2349999999999957        1.8880647193391362        3551.1701655622965     
   1.2399999999999956        1.8908029779018021        3685.7334961569786     
   1.2449999999999954        1.8927608094000794        3782.5068047145128     
   1.2499999999999953        1.8939362816906513        3837.6512088923041     
   1.2549999999999952        1.8943282347242834        3848.8119464285146     
   1.2599999999999951        1.8939362816906526        3815.2856331785260     
   1.2649999999999950        1.8927608094000823        3738.0743599704720     
   1.2699999999999949        1.8908029779018065        3619.8207055551175     
   1.2749999999999948        1.8880647193391420        3464.6303276432891     
   1.2799999999999947        1.8845487360426967        3277.8004274343871     
   1.2849999999999946        1.8802584978634940        3065.4814158523091     
   1.2899999999999945        1.8751982387486499        2834.3043710955149     
   1.2949999999999944        1.8693729525629788        2591.0078671626402     
   1.2999999999999943        1.8627883881606500        2342.0946876348958     
   1.3049999999999942        1.8554510437117648        2093.5426478182471     
   1.3099999999999941        1.8473681602894465        1850.5854621179578     
   1.3149999999999940        1.8385477147237734        1617.5706798930655     
   1.3199999999999938        1.8289984117296143        1397.8934242543908     
   1.3249999999999937        1.8187296753161228        1193.9979516975063     
   1.3299999999999936        1.8077516394863804        1007.4344498757287     
   1.3349999999999935        1.7960751382363553        838.95614049487278     
   1.3399999999999934        1.7837116948630605        688.64144722433548     
   1.3449999999999933        1.7706735105924494        556.02728812805674     
   1.3499999999999932        1.7569734525382783        440.24191561328695     
   1.3549999999999931        1.7426250410038175        340.12861374990365     
   1.3599999999999930        1.7276424361389475        254.35451286422702     
   1.3649999999999929        1.7120404239657989        181.50145720284559     
   1.3699999999999928        1.6958344017867308        120.13805890670467     
   1.3749999999999927        1.6790403629890585        68.873705853413213     
   1.3799999999999926        1.6616748812615061        26.396369955191371     
   1.3849999999999925        1.6437550942379799       -8.5033450049326493     
   1.3899999999999924        1.6252986865847880       -36.919270731057956     
   1.3949999999999922        1.6063238725480158       -59.825283550416302     
   1.3999999999999921        1.5868493779782620       -78.077131501909207     
   1.4049999999999920        1.5668944218504799       -92.418499569084531     
   1.4099999999999919        1.5464786972971782       -103.48970874795668     
   1.4149999999999918        1.5256223521736707       -111.83780851510353     
   1.4199999999999917        1.5043459691745784       -117.92714845292063     
   1.4249999999999916        1.4826705455211899       -122.14979051608540     
   1.4299999999999915        1.4606174722397469       -124.83534534916367     
   1.4349999999999914        1.4382085130510782       -126.25998692139265     
   1.4399999999999913        1.4154657828924382       -126.65452564927338     
   1.4449999999999912        1.3924117260927273       -126.21150868738336     
   1.4499999999999911        1.3690690942226587       -125.09137488378931     
   1.4549999999999910        1.3454609236416992       -123.42772809583158     
   1.4599999999999909        1.3216105127639601       -121.33181221633205     
   1.4649999999999908        1.2975413990654847       -118.89627931428532     
   1.4699999999999906        1.2732773358555938       -116.19834260538354     
   1.4749999999999905        1.2488422688352410       -113.30240143179716     
   1.4799999999999904        1.2242603124654912       -110.26221814120890     
   1.4849999999999903        1.1995557261694676       -107.12271816811388     
   1.4899999999999902        1.1747528903912243       -103.92147570362542     
   1.4949999999999901        1.1498762825351896       -100.68993870074712     
   1.4999999999999900        1.1249504528099290       -97.454438950209877     
   1.5049999999999899        1.1000000000000498       -94.237025750468561     
   1.5099999999999898        1.0750495471901720       -91.056155340659359     
   1.5149999999999897        1.0501237174649112       -87.927262750956487     
   1.5199999999999896        1.0252471096088762       -84.863237993170216     
   1.5249999999999895        1.0004442738306312       -81.874824487773012     
   1.5299999999999894       0.97573968753460838       -78.653267453087196     
   1.5349999999999893       0.95115773116485824       -75.568656366296423     
   1.5399999999999892       0.92672266414450344       -72.628493279594792     
   1.5449999999999890       0.90245860093461305       -69.833654191104145     
   1.5499999999999889       0.87838948723613686       -67.184706953334683     
   1.5549999999999888       0.85453907635839688       -64.681921409318448     
   1.5599999999999887       0.83093090577743489       -62.325279579728004     
   1.5649999999999886       0.80758827390736643       -60.114485664154508     
   1.5699999999999885       0.78453421710765459       -58.048975592108889     
   1.5749999999999884       0.76179148694901189       -56.127925829860182     
   1.5799999999999883       0.73938252776034186       -54.350261118317000     
   1.5849999999999882       0.71732945447889862       -52.714660785447535     
   1.5899999999999881       0.69565403082550858       -51.219563245231363     
   1.5949999999999880       0.67437764782641318       -49.863168265352279     
   1.5999999999999879       0.65352130270290509       -48.643436559880605     
   1.6049999999999878       0.63310557814960167       -47.558086243956950     
   1.6099999999999877       0.61315062202181791       -46.604585678799396     
   1.6149999999999876       0.59367612745206089       -45.780142242164310     
   1.6199999999999875       0.57470131341528785       -45.081686587923379     
   1.6249999999999873       0.55624490576209373       -44.505852016282979     
   1.6299999999999872       0.53832511873856426       -44.048948672388860     
   1.6349999999999871       0.52095963701101067       -43.706932435915959     
   1.6399999999999870       0.50416559821333595       -43.475368568936780     
   1.6449999999999869       0.48795957603426565       -43.349390465256235     
   1.6499999999999868       0.47235756386111361       -43.323654201877872     
   1.6549999999999867       0.45737495899624170       -43.392290039950666     
   1.6599999999999866       0.44302654746177839       -43.548852560889173     
   1.6649999999999865       0.42932648940760398       -43.786271747518590     
   1.6699999999999864       0.41628830513699022       -44.096808012210246     
   1.6749999999999863       0.40392486176369358       -44.472014900138348     
   1.6799999999999862       0.39224836051366563       -44.902713902306978     
   1.6849999999999861       0.38127032468391964       -45.378986423766790     
   1.6899999999999860       0.37100158827042584       -45.890188368792423     
   1.6949999999999859       0.36145228527626372       -46.424992909207667     
   1.6999999999999857       0.35263183971058787       -46.971466667303396     
   1.7049999999999856       0.34454895628826598       -47.517183649662201     
   1.7099999999999855       0.33721161183937820       -48.049379719672238     
   1.7149999999999854       0.33062704743704641       -48.555148157097619     
   1.7199999999999853       0.32480176125137206       -49.021673969210539     
   1.7249999999999852       0.31974150213652519       -49.436501243477444     
   1.7299999999999851       0.31545126395731915       -49.787824238350858     
   1.7349999999999850       0.31193528066087051       -50.064789475909791     
   1.7399999999999849       0.30919702209820310       -50.257793279225517     
   1.7449999999999848       0.30723919059992411       -50.358757449398468     
   1.7499999999999847       0.30606371830935064       -50.361365492334052     
   1.7549999999999846       0.30567176527571671       -50.261243218658365     
   1.7599999999999845       0.30606371830934576       -50.056070664379718     
   1.7649999999999844       0.30723919059991445       -49.745616873910528     
   1.7699999999999843       0.30919702209818867       -49.331694674249796     
   1.7749999999999841       0.31193528066085141       -48.818038506094588     
   1.7799999999999840       0.31545126395729506       -48.210113960745851     
   1.7849999999999839       0.31974150213649621       -47.514872257625392     
   1.7899999999999838       0.32480176125133864       -46.740466009640684     
   1.7949999999999837       0.33062704743700844       -45.895944021844514     
   1.7999999999999836       0.33721161183933512       -44.990942566025993     
   1.8049999999999835       0.34454895628821869       -44.035388805864841     
   1.8099999999999834       0.35263183971053591       -43.039229204954829     
   1.8149999999999833       0.36145228527620687       -42.012192295149681     
   1.8199999999999832       0.37100158827036445       -40.963591567395355     
   1.8249999999999831       0.38127032468385447       -39.902170851731071     
   1.8299999999999830       0.39224836051359602       -38.835991649749474     
   1.8349999999999829       0.40392486176361919       -37.772359625698435     
   1.8399999999999828       0.41628830513691228       -36.717785898246298     
   1.8449999999999827       0.42932648940752205       -35.677977866312169     
   1.8499999999999825       0.44302654746169234       -34.657853956228287     
   1.8549999999999824       0.45737495899615099       -33.661576772472856     
   1.8599999999999823       0.47235756386101979       -32.692599542870553     
   1.8649999999999822       0.48795957603416806       -31.753721353756649     
   1.8699999999999821       0.50416559821323381       -30.847147372227138     
   1.8749999999999820       0.52095963701090497       -29.974550974936761     
   1.8799999999999819       0.53832511873845601       -29.137135392052830     
   1.8849999999999818       0.55624490576198216       -28.335693096849841     
   1.8899999999999817       0.57470131341517194       -27.570661708045186     
   1.8949999999999816       0.59367612745194298       -26.842175617362475     
   1.8999999999999815       0.61315062202169690       -26.150112911342912     
   1.9049999999999814       0.63310557814947677       -25.494137431662491     
   1.9099999999999813       0.65352130270277742       -24.873736022495660     
   1.9149999999999812       0.67437764782628407       -24.288251158130013     
   1.9199999999999811       0.69565403082537691       -23.736909240260221     
   1.9249999999999809       0.71732945447876317       -23.218844912456195     
   1.9299999999999808       0.73938252776020552       -22.733121768224894     
   1.9349999999999807       0.76179148694887333       -22.278749836486718     
   1.9399999999999806       0.78453421710751403       -21.854700220390448     
   1.9449999999999805       0.80758827390722276       -21.459917247156174     
   1.9499999999999804       0.83093090577729090       -21.093328461899805     
   1.9549999999999803       0.85453907635825133       -20.753852770055122     
   1.9599999999999802       0.87838948723598842       -20.440407003191513     
   1.9649999999999801       0.90245860093446351       -20.151911153235275     
   1.9699999999999800       0.92672266414435400       -19.887292491362945     
   1.9749999999999799       0.95115773116470792       -19.645488760800330     
   1.9799999999999798       0.97573968753445584       -19.425450607815979     
   1.9849999999999797        1.0004442738304793       -19.219854011377869     
   1.9899999999999796        1.0252471096087237       -18.660241350452928     
   1.9949999999999795        1.0501237174647584       -18.057629202449881     
   1.9999999999999793        1.0750495471900174       -17.403016291684331     
   2.0049999999999795        1.0999999999998966       -16.685695290887363     
   2.0099999999999794        1.1249504528097760       -15.892873502488074     
   2.0149999999999793        1.1498762825350368       -15.009217322514852     
   2.0199999999999791        1.1747528903910720       -14.016303110268991     
   2.0249999999999790        1.1995557261693170       -12.891953187188562     
   2.0299999999999789        1.2242603124653402       -11.609431110282515     
   2.0349999999999788        1.2488422688350906       -10.136465035723617     
   2.0399999999999787        1.2732773358554457       -8.4340618536193261     
   2.0449999999999786        1.2975413990653377       -6.4550678241294932     
   2.0499999999999785        1.3216105127638131       -4.1424237387763014     
   2.0549999999999784        1.3454609236415536       -1.4270543454900755     
   2.0599999999999783        1.3690690942225161        1.7746767366818481     
   2.0649999999999782        1.3924117260925852        5.5640235214905136     
   2.0699999999999781        1.4154657828922976        10.063509280994939     
   2.0749999999999780        1.4382085130509410        15.421261009414042     
   2.0799999999999779        1.4606174722396117        21.816113607019947     
   2.0849999999999778        1.4826705455210558        29.463562127960248     
   2.0899999999999777        1.5043459691744467        38.622620400430144     
   2.0949999999999775        1.5256223521735428        49.603607939557200     
   2.0999999999999774        1.5464786972970517        62.776828385043679     
   2.1049999999999773        1.5668944218503562        78.582014793533816     
   2.1099999999999772        1.5868493779781410        97.538292507032281     
   2.1149999999999771        1.6063238725478990        120.25424170026918     
   2.1199999999999770        1.6252986865846732        147.43742325574704     
   2.1249999999999769        1.6437550942378683        179.90246090975779     
   2.1299999999999768        1.6616748812613991        218.57645330075690     
   2.1349999999999767        1.6790403629889545        264.50013466571716     
   2.1399999999999766        1.6958344017866296        318.82283865369834     
   2.1449999999999765        1.7120404239657012        382.78898906486990     
   2.1499999999999764        1.7276424361388547        457.71360678928528     
   2.1549999999999763        1.7426250410037276        544.94426623245590     
   2.1599999999999762        1.7569734525381924        645.80715591063893     
   2.1649999999999761        1.7706735105923681        761.53550284881544     
   2.1699999999999759        1.7837116948629834        893.17970641026682     
   2.1749999999999758        1.7960751382362814        1041.5001597485691     
   2.1799999999999757        1.8077516394863107        1206.8459206052914     
   2.1849999999999756        1.8187296753160582        1389.0250398461772     
   2.1899999999999755        1.8289984117295535        1587.1752594404700     
   2.1949999999999754        1.8385477147237173        1799.6466137067262     
   2.1999999999999753        1.8473681602893945        2023.9097504409276     
   2.2049999999999752        1.8554510437117180        2256.5049966441420     
   2.2099999999999751        1.8627883881606073        2493.0467926725055     
   2.2149999999999750        1.8693729525629408        2728.2956837156116     
   2.2199999999999749        1.8751982387486166        2956.3053949685564     
   2.2249999999999748        1.8802584978634655        3170.6457745315606     
   2.2299999999999747        1.8845487360426727        3364.6941210432169     
   2.2349999999999746        1.8880647193391229        3531.9785752735593     
   2.2399999999999745        1.8908029779017923        3666.5490982431816     
   2.2449999999999743        1.8927608094000727        3763.3454419890300     
   2.2499999999999742        1.8939362816906480        3818.5286569586983     
   2.2549999999999741        1.8943282347242834        3829.7438788103309     
   2.2599999999999740        1.8939362816906562        3796.2875868543056     
   2.2649999999999739        1.8927608094000890        3719.1617014215376     
   2.2699999999999738        1.8908029779018165        3601.0085974315593     
   2.2749999999999737        1.8880647193391553        3445.9336961504273     
   2.2799999999999736        1.8845487360427131        3259.2339305397950     
   2.2849999999999735        1.8802584978635137        3047.0594124091449     
   2.2899999999999734        1.8751982387486730        2816.0408909748830     
   2.2949999999999733        1.8693729525630047        2572.9165824831316     
   2.2999999999999732        1.8627883881606797        2324.1888851737826     
   2.3049999999999731        1.8554510437117977        2075.8352026831094     
   2.3099999999999730        1.8473681602894820        1833.0888127539315     
   2.3149999999999729        1.8385477147238118        1600.2968044947229     
   2.3199999999999728        1.8289984117296565        1380.8538186462406     
   2.3249999999999726        1.8187296753161681        1177.2036087416636     
   2.3299999999999725        1.8077516394864279        990.89584045950903     
   2.3349999999999724        1.7960751382364062        822.68319614509096     
   2.3399999999999723        1.7837116948631144        672.64354438889700     
   2.3449999999999722        1.7706735105925060        540.31323415979898     
   2.3499999999999721        1.7569734525383374        424.81993648424708     
   2.3549999999999720        1.7426250410038799        325.00634351823663     
   2.3599999999999719        1.7276424361390124        239.53898490957238     
   2.3649999999999718        1.7120404239658655        166.99909723964299     
   2.3699999999999717        1.6958344017867999        105.95467977861853     
   2.3749999999999716        1.6790403629891311        55.014504105719702     
   2.3799999999999715        1.6616748812615811        12.865924175834126     
   2.3849999999999714        1.6437550942380561       -21.701074091103578     
   2.3899999999999713        1.6252986865848675       -49.780938436381206     
   2.3949999999999712        1.6063238725480975       -72.348157694269176     
   2.3999999999999710        1.5868493779783446       -90.259087209451266     
   2.4049999999999709        1.5668944218505647       -104.25801243766601     
   2.4099999999999708        1.5464786972972662       -114.98584642534135     
   2.4149999999999707        1.5256223521737604       -122.99022073882456     
   2.4199999999999706        1.5043459691746686       -128.73605560506408     
   2.4249999999999705        1.4826705455212830       -132.61597075250219     
   2.4299999999999704        1.4606174722398413       -134.96012036656552     
   2.4349999999999703        1.4382085130511741       -136.04520642995496     
   2.4399999999999702        1.4154657828925341       -136.10255062226327     
   2.4449999999999701        1.3924117260928259       -135.32519346291002     
   2.4499999999999700        1.3690690942227586       -133.87404819704466     
   2.4549999999999699        1.3454609236417987       -131.88317312313495     
   2.4599999999999698        1.3216105127640607       -129.46424571490758     
   2.4649999999999697        1.2975413990655873       -126.71032994397179     
   2.4699999999999696        1.2732773358556972       -123.69902852040710     
   2.4749999999999694        1.2488422688353435       -120.49510723231198     
   2.4799999999999693        1.2242603124655960       -117.15267127553703     
   2.4849999999999692        1.1995557261695726       -113.71696487747683     
   2.4899999999999691        1.1747528903913285       -110.22585660168011     
   2.4949999999999690        1.1498762825352939       -106.71106408038730     
   2.4999999999999689        1.1249504528100349       -103.19916390989961     
   2.5049999999999688        1.1000000000001557       -99.712425231827609     
   2.5099999999999687        1.0750495471902763       -96.269499168130380     
   2.5149999999999686        1.0501237174650171       -92.885990763152392     
   2.5199999999999685        1.0252471096089817       -89.574935353939452     
   2.5249999999999684        1.0004442738307364       -86.347197263142178     
   2.5299999999999683       0.97573968753471174       -82.894118538043045     
   2.5349999999999682       0.95115773116496238       -79.585861842869491     
   2.5399999999999681       0.92672266414460691       -76.429979284939222     
   2.5449999999999680       0.90245860093471442       -73.427374371186332     
   2.5499999999999678       0.87838948723623722       -70.578620574538519     
   2.5549999999999677       0.85453907635849635       -67.883972196700398     
   2.5599999999999676       0.83093090577753470       -65.343375346859375     
   2.5649999999999675       0.80758827390746490       -62.956478795475228     
   2.5699999999999674       0.78453421710775051       -60.722644434509895     
   2.5749999999999673       0.76179148694910781       -58.640957045824422     
   2.5799999999999672       0.73938252776043756       -56.710233048401648     
   2.5849999999999671       0.71732945447899032       -54.929027863206336     
   2.5899999999999670       0.69565403082559985       -53.295641502866381     
   2.5949999999999669       0.67437764782650156       -51.808121963473319     
   2.5999999999999668       0.65352130270299169       -50.464265969765542     
   2.6049999999999667       0.63310557814968749       -49.261616605650019     
   2.6099999999999666       0.61315062202190052       -48.197457353296414     
   2.6149999999999665       0.59367612745214260       -47.268802070821550     
   2.6199999999999664       0.57470131341536734       -46.472380467113844     
   2.6249999999999662       0.55624490576217001       -45.804618690235742     
   2.6299999999999661       0.53832511873863931       -45.261614742093379     
   2.6349999999999660       0.52095963701108328       -44.839108576984124     
   2.6399999999999659       0.50416559821340523       -44.532446946403461     
   2.6449999999999658       0.48795957603433326       -44.336543328484439     
   2.6499999999999657       0.47235756386117767       -44.245833638037517     
   2.6549999999999656       0.45737495899630332       -44.254228859975761     
   2.6599999999999655       0.44302654746183789       -44.355066287405343     
   2.6649999999999654       0.42932648940766005       -44.541061669987116     
   2.6699999999999653       0.41628830513704418       -44.804265270470971     
   2.6749999999999652       0.40392486176374465       -45.136025553669697     
   2.6799999999999651       0.39224836051371303       -45.526964938865120     
   2.6849999999999650       0.38127032468396471       -45.966972657636845     
   2.6899999999999649       0.37100158827046803       -46.445220175690920     
   2.6949999999999648       0.36145228527630224       -46.950204741926967     
   2.6999999999999647       0.35263183971062373       -47.469826293499366     
   2.7049999999999645       0.34454895628829918       -47.991502050762634     
   2.7099999999999644       0.33721161183940740       -48.502321587730243     
   2.7149999999999643       0.33062704743707283       -48.989242924544079     
   2.7199999999999642       0.32480176125139482       -49.439327304874020     
   2.7249999999999641       0.31974150213654473       -49.840006946940882     
   2.7299999999999640       0.31545126395733580       -50.179376463712572     
   2.7349999999999639       0.31193528066088372       -50.446495215304743     
   2.7399999999999638       0.30919702209821309       -50.631685036047926     
   2.7449999999999637       0.30723919059993088       -50.726806031047332     
   2.7499999999999636       0.30606371830935386       -50.725492852474815     
   2.7549999999999635       0.30567176527571671       -50.623335279456775     
   2.7599999999999634       0.30606371830934243       -50.417990049913314     
   2.7649999999999633       0.30723919059990790       -50.109215486992440     
   2.7699999999999632       0.30919702209817868       -49.698826050205284     
   2.7749999999999631       0.31193528066083831       -49.190569878603284     
   2.7799999999999629       0.31545126395727874       -48.589937976696220     
   2.7849999999999628       0.31974150213647645       -47.903918280010146     
   2.7899999999999627       0.32480176125131588       -47.140710949846799     
   2.7949999999999626       0.33062704743698201       -46.309422645244815     
   2.7999999999999625       0.33721161183930559       -45.419757217549254     
   2.8049999999999624       0.34454895628818638       -44.481718505199886     
   2.8099999999999623       0.35263183971050005       -43.505338064209987     
   2.8149999999999622       0.36145228527616791       -42.500437215135989     
   2.8199999999999621       0.37100158827032303       -41.476429172211205     
   2.8249999999999620       0.38127032468380928       -40.442163624982669     
   2.8299999999999619       0.39224836051354861       -39.405813239530097     
   2.8349999999999618       0.40392486176356868       -38.374799289357327     
   2.8399999999999617       0.41628830513685833       -37.355752061980489     
   2.8449999999999616       0.42932648940746598       -36.354500778705287     
   2.8499999999999615       0.44302654746163284       -35.376087419013793     
   2.8549999999999613       0.45737495899608860       -34.424798936001430     
   2.8599999999999612       0.47235756386095562       -33.504212757998218     
   2.8649999999999611       0.48795957603410045       -32.617251076117533     
   2.8699999999999610       0.50416559821316376       -31.766240119101340     
   2.8749999999999609       0.52095963701083337       -30.952971339151464     
   2.8799999999999608       0.53832511873838107       -30.178762121542022     
   2.8849999999999607       0.55624490576190377       -29.444514252635301     
   2.8899999999999606       0.57470131341509345       -28.750768917466551     
   2.8949999999999605       0.59367612745186127       -28.097757443364880     
   2.8999999999999604       0.61315062202161430       -27.485447362506697     
   2.9049999999999603       0.63310557814939206       -26.913583641424466     
   2.9099999999999602       0.65352130270268960       -26.381725129638504     
   2.9149999999999601       0.67437764782619569       -25.889276424104057     
   2.9199999999999600       0.69565403082528543       -25.435515442228002     
   2.9249999999999599       0.71732945447867036       -25.019617054105332     
   2.9299999999999597       0.73938252776011226       -24.640673153369498     
   2.9349999999999596       0.76179148694877741       -24.297709553255419     
   2.9399999999999595       0.78453421710741544       -23.989700086374793     
   2.9449999999999594       0.80758827390712562       -23.715578268254760     
   2.9499999999999593       0.83093090577719120       -23.474246859733025     
   2.9549999999999592       0.85453907635815185       -23.264585634735461     
   2.9599999999999591       0.87838948723588794       -23.085457629908561     
   2.9649999999999590       0.90245860093436081       -22.935714122546692     
   2.9699999999999589       0.92672266414425197       -22.814198554268341     
   2.9749999999999588       0.95115773116460378       -22.719749590610917     
   2.9799999999999587       0.97573968753435114       -22.651203481515775     
   2.9849999999999586        1.0004442738303756       -22.601106483602109     
   2.9899999999999585        1.0252471096086182       -22.200855983374428     
   2.9949999999999584        1.0501237174646512       -21.761308414803747     
   2.9999999999999583        1.0750495471899129       -21.273287389799865     
