   5.0000000000000001E-003   1.1000000000000001        6.2792742474230332     
   1.0000000000000000E-002   1.1004436887650297        6.2914685921679991     
   1.4999999999999999E-002   1.1008869396628154        6.3036310199825314     
   2.0000000000000000E-002   1.1013293152582353        6.3157312984846916     
   2.5000000000000001E-002   1.1017703789799855        6.3277392666469030     
   3.0000000000000002E-002   1.1022096955514231        6.3396248646597142     
   3.5000000000000003E-002   1.1026468314201312        6.3513581640304384     
   4.0000000000000001E-002   1.1030813551857832        6.3629093978861553     
   4.4999999999999998E-002   1.1035128380258836        6.3742489914492273     
   4.9999999999999996E-002   1.1039408541189626        6.3853475926513630     
   5.4999999999999993E-002   1.1043649810648111        6.3961761028513884     
   5.9999999999999991E-002   1.1047848003013392        6.4067057076197829     
   6.4999999999999988E-002   1.1051998975176458        6.4169079075511597     
   6.9999999999999993E-002   1.1056098630628937        6.4267545490651532     
   7.4999999999999997E-002   1.1060142923505856        6.4362178551541476     
   8.0000000000000002E-002   1.1064127862578417        6.4452704560346570     
   8.5000000000000006E-002   1.1068049515192864        6.4538854196586906     
   9.0000000000000011E-002   1.1071904011151532        6.4620362820390795     
   9.5000000000000015E-002   1.1075687546532271        6.4696970773425617     
  0.10000000000000002        1.1079396387442453        6.4768423677024751     
  0.10500000000000002        1.1083026873703870        6.4834472727027430     
  0.11000000000000003        1.1086575422464895        6.4894874984834088     
  0.11500000000000003        1.1090038531736326        6.4949393664175128     
  0.12000000000000004        1.1093412783847418        6.4997798413085164     
  0.12500000000000003        1.1096694848818713        6.5039865590569086     
  0.13000000000000003        1.1099881487648335        6.5075378537447657     
  0.13500000000000004        1.1102969555508486        6.5104127840860899     
  0.14000000000000004        1.1105956004849016        6.5125911591919490     
  0.14500000000000005        1.1108837888404983        6.5140535635983756     
  0.15000000000000005        1.1111612362105252        6.5147813815066273     
  0.15500000000000005        1.1114276687879248        6.5147568201849531     
  0.16000000000000006        1.1116828236359098        6.5139629324825528     
  0.16500000000000006        1.1119264489474505        6.5123836384066367     
  0.17000000000000007        1.1121583042937777        6.5100037457154754     
  0.17500000000000007        1.1123781608616568        6.5068089694808426     
  0.18000000000000008        1.1125858016791990        6.5027859505753476     
  0.18500000000000008        1.1127810218299861        6.4979222730414623     
  0.19000000000000009        1.1129636286552984        6.4922064803012614     
  0.19500000000000009        1.1131334419442458        6.4856280901675980     
  0.20000000000000009        1.1132902941116138        6.4781776086201370     
  0.20500000000000010        1.1134340303632504        6.4698465423114389     
  0.21000000000000010        1.1135645088488286        6.4606274097714662     
  0.21500000000000011        1.1136816008018360        6.4505137512811412     
  0.22000000000000011        1.1137851906666516        6.4395001373886860     
  0.22500000000000012        1.1138751762125854        6.4275821760453775     
  0.23000000000000012        1.1139514686347678        6.4147565183402255     
  0.23500000000000013        1.1140139926417889        6.4010208628166501     
  0.24000000000000013        1.1140626865300025        6.3863739583573942     
  0.24500000000000013        1.1140975022444195        6.3708156056268850     
  0.25000000000000011        1.1141184054261335        6.3543466570644860     
  0.25500000000000012        1.1141253754462277        6.3369690154244509     
  0.26000000000000012        1.1141184054261335        6.3186856308632446     
  0.26500000000000012        1.1140975022444195        6.2995004965770018     
  0.27000000000000013        1.1140626865300025        6.2794186429966796     
  0.27500000000000013        1.1140139926417889        6.2584461305508121     
  0.28000000000000014        1.1139514686347678        6.2365900410105137     
  0.28500000000000014        1.1138751762125854        6.2138584674333943     
  0.29000000000000015        1.1137851906666516        6.1902605027277531     
  0.29500000000000015        1.1136816008018360        6.1658062268606111     
  0.30000000000000016        1.1135645088488286        6.1405066927371275     
  0.30500000000000016        1.1134340303632504        6.1143739107816808     
  0.31000000000000016        1.1132902941116138        6.0874208322536623     
  0.31500000000000017        1.1131334419442458        6.0596613313343468     
  0.32000000000000017        1.1129636286552984        6.0311101860235699     
  0.32500000000000018        1.1127810218299861        6.0017830578874936     
  0.33000000000000018        1.1125858016791990        5.9716964707013069     
  0.33500000000000019        1.1123781608616568        5.9408677880324898     
  0.34000000000000019        1.1121583042937777        5.9093151898129008     
  0.34500000000000020        1.1119264489474505        5.8770576479491208     
  0.35000000000000020        1.1116828236359098        5.8441149010226265     
  0.35500000000000020        1.1114276687879248        5.8105074281324161     
  0.36000000000000021        1.1111612362105252        5.7762564219342547     
  0.36500000000000021        1.1108837888404983        5.7413837609314164     
  0.37000000000000022        1.1105956004849016        5.7059119810730836     
  0.37500000000000022        1.1102969555508486        5.6698642467165143     
  0.38000000000000023        1.1099881487648335        5.6332643210102269     
  0.38500000000000023        1.1096694848818713        5.5961365357550408     
  0.39000000000000024        1.1093412783847416        5.5585057608004949     
  0.39500000000000024        1.1090038531736326        5.5203973730332416     
  0.40000000000000024        1.1086575422464895        5.4818372250142486     
  0.40500000000000025        1.1083026873703867        5.4428516133210172     
  0.41000000000000025        1.1079396387442453        5.4034672466501261     
  0.41500000000000026        1.1075687546532271        5.3637112137345353     
  0.42000000000000026        1.1071904011151532        5.3236109511295844     
  0.42500000000000027        1.1068049515192864        5.2831942109196817     
  0.43000000000000027        1.1064127862578417        5.2424890283969869     
  0.43500000000000028        1.1060142923505856        5.2015236897619364     
  0.44000000000000028        1.1056098630628937        5.1603266998934494     
  0.44500000000000028        1.1051998975176458        5.1189267502357447     
  0.45000000000000029        1.1047848003013392        5.0773526868462371     
  0.45500000000000029        1.1043649810648111        5.0356334786480410     
  0.46000000000000030        1.1039408541189624        4.9937981859277469     
  0.46500000000000030        1.1035128380258836        4.9518759291181933     
  0.47000000000000031        1.1030813551857832        4.9098958579031624     
  0.47500000000000031        1.1026468314201312        4.8678871206796908     
  0.48000000000000032        1.1022096955514231        4.8258788344108439     
  0.48500000000000032        1.1017703789799855        4.7839000549007107     
  0.49000000000000032        1.1013293152582353        4.7419797475202756     
  0.49500000000000033        1.1008869396628154        4.7001467584116483     
  0.50000000000000033        1.1004436887650295        4.6584297861956658     
  0.50500000000000034        1.1000000000000001        4.6168573542061537     
  0.51000000000000034        1.0995563112349704        4.5754577832715917     
  0.51500000000000035        1.0991130603371848        4.5342591650638822     
  0.52000000000000035        1.0986706847417649        4.4932893360308910     
  0.52500000000000036        1.0982296210200144        4.4525758519290344     
  0.53000000000000036        1.0977903044485771        4.4121459629687649     
  0.53500000000000036        1.0973531685798690        4.3720265895851851     
  0.54000000000000037        1.0969186448142167        4.3322442988443948     
  0.54500000000000037        1.0964871619741166        4.2928252814934655     
  0.55000000000000038        1.0960591458810376        4.2537953296619921     
  0.55500000000000038        1.0956350189351891        4.2151798152201065     
  0.56000000000000039        1.0952151996986610        4.1770036687979308     
  0.56500000000000039        1.0948001024823544        4.1392913594689835     
  0.57000000000000040        1.0943901369371065        4.1020668750995872     
  0.57500000000000040        1.0939857076494146        4.0653537033645843     
  0.58000000000000040        1.0935872137421585        4.0291748134295302     
  0.58500000000000041        1.0931950484807138        3.9935526382972477     
  0.59000000000000041        1.0928095988848470        3.9585090578169302     
  0.59500000000000042        1.0924312453467730        3.9240653823525911     
  0.60000000000000042        1.0920603612557549        3.8902423371067938     
  0.60500000000000043        1.0916973126296132        3.8570600470954162     
  0.61000000000000043        1.0913424577535107        3.8245380227681820     
  0.61500000000000044        1.0909961468263676        3.7926951462693017     
  0.62000000000000044        1.0906587216152583        3.7615496583321875     
  0.62500000000000044        1.0903305151181288        3.7311191458019848     
  0.63000000000000045        1.0900118512351666        3.7014205297786869     
  0.63500000000000045        1.0897030444491516        3.6724700543742546     
  0.64000000000000046        1.0894043995150986        3.6442832760762549     
  0.64500000000000046        1.0891162111595019        3.6168750537108738     
  0.65000000000000047        1.0888387637894750        3.5902595389975382     
  0.65500000000000047        1.0885723312120754        3.5644501676880855     
  0.66000000000000048        1.0883171763640904        3.5394596512826086     
  0.66500000000000048        1.0880735510525497        3.5152999693149294     
  0.67000000000000048        1.0878416957062225        3.4919823622001438     
  0.67500000000000049        1.0876218391383432        3.4695173246371711     
  0.68000000000000049        1.0874141983208012        3.4479145995593599     
  0.68500000000000050        1.0872189781700141        3.4271831726261950     
  0.69000000000000050        1.0870363713447018        3.4073312672497700     
  0.69500000000000051        1.0868665580557544        3.3883663401495401     
  0.70000000000000051        1.0867097058883863        3.3702950774294167     
  0.70500000000000052        1.0865659696367498        3.3531233911715432     
  0.71000000000000052        1.0864354911511716        3.3368564165411585     
  0.71500000000000052        1.0863183991981642        3.3214985093978862     
  0.72000000000000053        1.0862148093333486        3.3070532444082761     
  0.72500000000000053        1.0861248237874146        3.2935234136556941     
  0.73000000000000054        1.0860485313652324        3.2809110257433169     
  0.73500000000000054        1.0859860073582113        3.2692173053867450     
  0.74000000000000055        1.0859373134699977        3.2584426934931541     
  0.74500000000000055        1.0859024977555807        3.2485868477240771     
  0.75000000000000056        1.0858815945738667        3.2396486435392760     
  0.75500000000000056        1.0858746245537725        3.2316261757199811     
  0.76000000000000056        1.0858815945738667        3.2245167603697547     
  0.76500000000000057        1.0859024977555807        3.2183169373914327     
  0.77000000000000057        1.0859373134699977        3.2130224734399113     
  0.77500000000000058        1.0859860073582113        3.2086283653496483     
  0.78000000000000058        1.0860485313652324        3.2051288440370715     
  0.78500000000000059        1.0861248237874148        3.2025173788782197     
  0.79000000000000059        1.0862148093333486        3.2007866825618527     
  0.79500000000000060        1.0863183991981642        3.1999287164192354     
  0.80000000000000060        1.0864354911511716        3.1999346962316122     
  0.80500000000000060        1.0865659696367498        3.2007950985171045     
  0.81000000000000061        1.0867097058883863        3.2024996672985360     
  0.81500000000000061        1.0868665580557544        3.2050374213546204     
  0.82000000000000062        1.0870363713447018        3.2083966619563911     
  0.82500000000000062        1.0872189781700141        3.2125649810918615     
  0.83000000000000063        1.0874141983208012        3.2175292701813030     
  0.83500000000000063        1.0876218391383434        3.2232757292862240     
  0.84000000000000064        1.0878416957062225        3.2297898768150906     
  0.84500000000000064        1.0880735510525497        3.2370565597288778     
  0.85000000000000064        1.0883171763640904        3.2450599642499149     
  0.85500000000000065        1.0885723312120754        3.2537836270771399     
  0.86000000000000065        1.0888387637894750        3.2632104471113008     
  0.86500000000000066        1.0891162111595019        3.2733226976933762     
  0.87000000000000066        1.0894043995150986        3.2841020393594711     
  0.87500000000000067        1.0897030444491516        3.2955295331156251     
  0.88000000000000067        1.0900118512351666        3.3075856542353064     
  0.88500000000000068        1.0903305151181288        3.3202503065829219     
  0.89000000000000068        1.0906587216152586        3.3335028374656925     
  0.89500000000000068        1.0909961468263676        3.3473220530165531     
  0.90000000000000069        1.0913424577535107        3.3616862341103784     
  0.90500000000000069        1.0916973126296134        3.3765731528150642     
  0.91000000000000070        1.0920603612557551        3.3919600893788719     
  0.91500000000000070        1.0924312453467730        3.4078238497554008     
  0.92000000000000071        1.0928095988848470        3.4241407836661115     
  0.92500000000000071        1.0931950484807138        3.4408868032004971     
  0.93000000000000071        1.0935872137421585        3.4580374019531188     
  0.93500000000000072        1.0939857076494146        3.4755676746961122     
  0.94000000000000072        1.0943901369371065        3.4934523375847601     
  0.94500000000000073        1.0948001024823546        3.5116657488933387     
  0.95000000000000073        1.0952151996986612        3.5301819302772572     
  0.95500000000000074        1.0956350189351893        3.5489745885566859     
  0.96000000000000074        1.0960591458810378        3.5680171380158328     
  0.96500000000000075        1.0964871619741166        3.5872827232111542     
  0.97000000000000075        1.0969186448142170        3.6067442422804183     
  0.97500000000000075        1.0973531685798692        3.6263743707433149     
  0.98000000000000076        1.0977903044485771        3.6461455857836844     
  0.98500000000000076        1.0982296210200146        3.6660301910013335     
  0.99000000000000077        1.0986706847417649        3.6860003416203670     
  0.99500000000000077        1.0991130603371848        3.7060280701400417     
   1.0000000000000007        1.0995563112349707        3.7260853124117768     
   1.0050000000000006        1.1000000000000001        3.7461439341254086     
   1.0100000000000005        1.1004436887650297        3.7661757576855504     
   1.0150000000000003        1.1008869396628154        3.7861525894575996     
   1.0200000000000002        1.1013293152582353        3.8060462473614853     
   1.0250000000000001        1.1017703789799855        3.8258285887894035     
   1.0300000000000000        1.1022096955514231        3.8454715388220002     
   1.0349999999999999        1.1026468314201312        3.8649471187162638     
   1.0399999999999998        1.1030813551857832        3.8842274746362619     
   1.0449999999999997        1.1035128380258836        3.9032849065964723     
   1.0499999999999996        1.1039408541189624        3.9220918975852990     
   1.0549999999999995        1.1043649810648111        3.9406211428355986     
   1.0599999999999994        1.1047848003013390        3.9588455792063106     
   1.0649999999999993        1.1051998975176456        3.9767384146388198     
   1.0699999999999992        1.1056098630628937        3.9942731576487276     
   1.0749999999999991        1.1060142923505853        4.0114236468138813     
   1.0799999999999990        1.1064127862578417        4.0281640802164480     
   1.0849999999999989        1.1068049515192864        4.0444690447964797     
   1.0899999999999987        1.1071904011151532        4.0603135455726660     
   1.0949999999999986        1.1075687546532271        4.0756730346849332     
   1.0999999999999985        1.1079396387442451        4.0905234402120634     
   1.1049999999999984        1.1083026873703867        4.1048411947172001     
   1.1099999999999983        1.1086575422464895        4.1186032634722416     
   1.1149999999999982        1.1090038531736326        4.1317871723123050     
   1.1199999999999981        1.1093412783847416        4.1443710350701313     
   1.1249999999999980        1.1096694848818711        4.1563335805400436     
   1.1299999999999979        1.1099881487648333        4.1676541789207100     
   1.1349999999999978        1.1102969555508486        4.1783128676858885     
   1.1399999999999977        1.1105956004849016        4.1882903768320272     
   1.1449999999999976        1.1108837888404983        4.1975681534519218     
   1.1499999999999975        1.1111612362105252        4.2061283855840212     
   1.1549999999999974        1.1114276687879245        4.2139540252871885     
   1.1599999999999973        1.1116828236359095        4.2210288108918474     
   1.1649999999999971        1.1119264489474503        4.2273372883786617     
   1.1699999999999970        1.1121583042937775        4.2328648318376700     
   1.1749999999999969        1.1123781608616568        4.2375976629616527     
   1.1799999999999968        1.1125858016791990        4.2415228695287039     
   1.1849999999999967        1.1127810218299858        4.2446284228312328     
   1.1899999999999966        1.1129636286552982        4.2469031940097919     
   1.1949999999999965        1.1131334419442456        4.2483369692524624     
   1.1999999999999964        1.1132902941116136        4.2489204638224152     
   1.2049999999999963        1.1134340303632502        4.2486453348790780     
   1.2099999999999962        1.1135645088488284        4.2475041930598394     
   1.2149999999999961        1.1136816008018358        4.2454906127930858     
   1.2199999999999960        1.1137851906666514        4.2425991413149955     
   1.2249999999999959        1.1138751762125854        4.2388253063660386     
   1.2299999999999958        1.1139514686347678        4.2341656225461257     
   1.2349999999999957        1.1140139926417889        4.2286175963099728     
   1.2399999999999956        1.1140626865300025        4.2221797295881549     
   1.2449999999999954        1.1140975022444195        4.2148515220218430     
   1.2499999999999953        1.1141184054261335        4.2066334718034266     
   1.2549999999999952        1.1141253754462277        4.1975270751175220     
   1.2599999999999951        1.1141184054261335        4.1875348241816308     
   1.2649999999999950        1.1140975022444197        4.1766602038878382     
   1.2699999999999949        1.1140626865300025        4.1649076870513655     
   1.2749999999999948        1.1140139926417891        4.1522827282747938     
   1.2799999999999947        1.1139514686347680        4.1387917564401331     
   1.2849999999999946        1.1138751762125856        4.1244421658446138     
   1.2899999999999945        1.1137851906666516        4.1092423059990315     
   1.2949999999999944        1.1136816008018360        4.0932014701109729     
   1.2999999999999943        1.1135645088488286        4.0763298822779905     
   1.3049999999999942        1.1134340303632506        4.0586386834196926     
   1.3099999999999941        1.1132902941116141        4.0401399159793963     
   1.3149999999999940        1.1131334419442460        4.0208465074299822     
   1.3199999999999938        1.1129636286552986        4.0007722526203207     
   1.3249999999999937        1.1127810218299863        3.9799317950019817     
   1.3299999999999936        1.1125858016791992        3.9583406067773126     
   1.3349999999999935        1.1123781608616572        3.9360149680131866     
   1.3399999999999934        1.1121583042937779        3.9129719447656006     
   1.3449999999999933        1.1119264489474507        3.8892293662635353     
   1.3499999999999932        1.1116828236359102        3.8648058012002182     
   1.3549999999999931        1.1114276687879252        3.8397205331834008     
   1.3599999999999930        1.1111612362105256        3.8139935353958481     
   1.3649999999999929        1.1108837888404988        3.7876454445192307     
   1.3699999999999928        1.1105956004849020        3.7606975339749251     
   1.3749999999999927        1.1102969555508491        3.7331716865362572     
   1.3799999999999926        1.1099881487648340        3.7050903663667971     
   1.3849999999999925        1.1096694848818718        3.6764765905396848     
   1.3899999999999924        1.1093412783847423        3.6473539000933117     
   1.3949999999999922        1.1090038531736333        3.6177463306777513     
   1.3999999999999921        1.1086575422464902        3.5876783828472050     
   1.4049999999999920        1.1083026873703874        3.5571749920517846     
   1.4099999999999919        1.1079396387442457        3.5262614983828149     
   1.4149999999999918        1.1075687546532278        3.4949636161236293     
   1.4199999999999917        1.1071904011151539        3.4633074031579860     
   1.4249999999999916        1.1068049515192870        3.4313192302862352     
   1.4299999999999915        1.1064127862578423        3.3990257504989123     
   1.4349999999999914        1.1060142923505862        3.3664538682554368     
   1.4399999999999913        1.1056098630628943        3.3336307088142898     
   1.4449999999999912        1.1051998975176465        3.3005835876599905     
   1.4499999999999911        1.1047848003013399        3.2673399800695391     
   1.4549999999999910        1.1043649810648117        3.2339274908602578     
   1.4599999999999909        1.1039408541189633        3.2003738243585631     
   1.4649999999999908        1.1035128380258845        3.1667067546274308     
   1.4699999999999906        1.1030813551857841        3.1329540959885827     
   1.4749999999999905        1.1026468314201319        3.0991436738733693     
   1.4799999999999904        1.1022096955514240        3.0653032960344846     
   1.4849999999999903        1.1017703789799864        3.0314607241481797     
   1.4899999999999902        1.1013293152582362        2.9976436458356708     
   1.4949999999999901        1.1008869396628163        2.9638796471292390     
   1.4999999999999900        1.1004436887650306        2.9301961854076048     
   1.5049999999999899        1.1000000000000010        2.8966205628225188     
   1.5099999999999898        1.0995563112349713        2.8631799002369207     
   1.5149999999999897        1.0991130603371857        2.8299011116932480     
   1.5199999999999896        1.0986706847417658        2.7968108794280973     
   1.5249999999999895        1.0982296210200155        2.7639356294485289     
   1.5299999999999894        1.0977903044485779        2.7313015076826623     
   1.5349999999999893        1.0973531685798701        2.6989343567162716     
   1.5399999999999892        1.0969186448142179        2.6668596931248629     
   1.5449999999999890        1.0964871619741174        2.6351026854100486     
   1.5499999999999889        1.0960591458810387        2.6036881325462127     
   1.5549999999999888        1.0956350189351900        2.5726404431437007     
   1.5599999999999887        1.0952151996986621        2.5419836152320934     
   1.5649999999999886        1.0948001024823555        2.5117412166664934     
   1.5699999999999885        1.0943901369371074        2.4819363661587519     
   1.5749999999999884        1.0939857076494155        2.4525917149340373     
   1.5799999999999883        1.0935872137421594        2.4237294290121998     
   1.5849999999999882        1.0931950484807147        2.3953711721130633     
   1.5899999999999881        1.0928095988848479        2.3675380891829372     
   1.5949999999999880        1.0924312453467739        2.3402507905398124     
   1.5999999999999879        1.0920603612557558        2.3135293366334291     
   1.6049999999999878        1.0916973126296141        2.2873932234158563     
   1.6099999999999877        1.0913424577535116        2.2618613683179833     
   1.6149999999999876        1.0909961468263685        2.2369520968264194     
   1.6199999999999875        1.0906587216152592        2.2126831296553764     
   1.6249999999999873        1.0903305151181297        2.1890715705071564     
   1.6299999999999872        1.0900118512351675        2.1661338944150170     
   1.6349999999999871        1.0897030444491522        2.1438859366621710     
   1.6399999999999870        1.0894043995150993        2.1223428822697392     
   1.6449999999999869        1.0891162111595025        2.1015192560470464     
   1.6499999999999868        1.0888387637894756        2.0814289131974690     
   1.6549999999999867        1.0885723312120761        2.0620850304726379     
   1.6599999999999866        1.0883171763640911        2.0435000978686251     
   1.6649999999999865        1.0880735510525503        2.0256859108565899     
   1.6699999999999864        1.0878416957062231        2.0086535631420182     
   1.6749999999999863        1.0876218391383439        1.9924134399454212     
   1.6799999999999862        1.0874141983208017        1.9769752117984256     
   1.6849999999999861        1.0872189781700146        1.9623478288490575     
   1.6899999999999860        1.0870363713447024        1.9485395156703891     
   1.6949999999999859        1.0868665580557548        1.9355577665668693     
   1.6999999999999857        1.0867097058883868        1.9234093413730828     
   1.7049999999999856        1.0865659696367502        1.9121002617397644     
   1.7099999999999855        1.0864354911511720        1.9016358079025779     
   1.7149999999999854        1.0863183991981646        1.8920205159292376     
   1.7199999999999853        1.0862148093333488        1.8832581754408764     
   1.7249999999999852        1.0861248237874150        1.8753518278041916     
   1.7299999999999851        1.0860485313652326        1.8683037647909133     
   1.7349999999999850        1.0859860073582113        1.8621155277019734     
   1.7399999999999849        1.0859373134699979        1.8567879069537001     
   1.7449999999999848        1.0859024977555807        1.8523209421238445     
   1.7499999999999847        1.0858815945738667        1.8487139224560538     
   1.7549999999999846        1.0858746245537725        1.8459653878210056     
   1.7599999999999845        1.0858815945738667        1.8440731301337696     
   1.7649999999999844        1.0859024977555805        1.8430341952261842     
   1.7699999999999843        1.0859373134699974        1.8428448851748414     
   1.7749999999999841        1.0859860073582110        1.8435007610840595     
   1.7799999999999840        1.0860485313652322        1.8449966463249119     
   1.7849999999999839        1.0861248237874144        1.8473266302309452     
   1.7899999999999838        1.0862148093333484        1.8504840722521081     
   1.7949999999999837        1.0863183991981640        1.8544616065677324     
   1.7999999999999836        1.0864354911511713        1.8592511471614008     
   1.8049999999999835        1.0865659696367493        1.8648438933590676     
   1.8099999999999834        1.0867097058883859        1.8712303358332183     
   1.8149999999999833        1.0868665580557539        1.8784002630756631     
   1.8199999999999832        1.0870363713447013        1.8863427683419371     
   1.8249999999999831        1.0872189781700135        1.8950462570705369     
   1.8299999999999830        1.0874141983208006        1.9044984547802137     
   1.8349999999999829        1.0876218391383425        1.9146864154487744     
   1.8399999999999828        1.0878416957062216        1.9255965303775056     
   1.8449999999999827        1.0880735510525488        1.9372145375443921     
   1.8499999999999825        1.0883171763640895        1.9495255314506483     
   1.8549999999999824        1.0885723312120745        1.9625139734639774     
   1.8599999999999823        1.0888387637894739        1.9761637026629166     
   1.8649999999999822        1.0891162111595007        1.9904579471861485     
   1.8699999999999821        1.0894043995150975        2.0053793360905354     
   1.8749999999999820        1.0897030444491504        2.0209099117219878     
   1.8799999999999819        1.0900118512351655        2.0370311426028294     
   1.8849999999999818        1.0903305151181277        2.0537239368390616     
   1.8899999999999817        1.0906587216152572        2.0709686560511735     
   1.8949999999999816        1.0909961468263663        2.0887451298314041     
   1.8999999999999815        1.0913424577535094        2.1070326707304114     
   1.9049999999999814        1.0916973126296119        2.1258100897757091     
   1.9099999999999813        1.0920603612557536        2.1450557125240461     
   1.9149999999999812        1.0924312453467715        2.1647473956492482     
   1.9199999999999811        1.0928095988848454        2.1848625440668381     
   1.9249999999999809        1.0931950484807123        2.2053781285956306     
   1.9299999999999808        1.0935872137421569        2.2262707041566472     
   1.9349999999999807        1.0939857076494131        2.2475164285082903     
   1.9399999999999806        1.0943901369371050        2.2690910815164793     
   1.9449999999999805        1.0948001024823528        2.2909700849572459     
   1.9499999999999804        1.0952151996986594        2.3131285228490595     
   1.9549999999999803        1.0956350189351876        2.3355411623102200     
   1.9599999999999802        1.0960591458810360        2.3581824749368581     
   1.9649999999999801        1.0964871619741148        2.3810266586949260     
   1.9699999999999800        1.0969186448142152        2.4040476603194554     
   1.9749999999999799        1.0973531685798674        2.4272191982122053     
   1.9799999999999798        1.0977903044485753        2.4505147858285476     
   1.9849999999999797        1.0982296210200129        2.4739077555424474     
   1.9899999999999796        1.0986706847417631        2.4973712829772063     
   1.9949999999999795        1.0991130603371830        2.5208784117888130     
   1.9999999999999793        1.0995563112349687        2.5444020788861099     
   2.0049999999999795        1.0999999999999983        2.5679151400720044     
   2.0099999999999794        1.1004436887650277        2.5913903960868772     
   2.0149999999999793        1.1008869396628136        2.6148006190352091     
   2.0199999999999791        1.1013293152582335        2.6381185791735282     
   2.0249999999999790        1.1017703789799838        2.6613170720372219     
   2.0299999999999789        1.1022096955514213        2.6843689458814031     
   2.0349999999999788        1.1026468314201292        2.7072471294096250     
   2.0399999999999787        1.1030813551857814        2.7299246597625917     
   2.0449999999999786        1.1035128380258818        2.7523747107370649     
   2.0499999999999785        1.1039408541189606        2.7745706212037651     
   2.0549999999999784        1.1043649810648093        2.7964859236914754     
   2.0599999999999783        1.1047848003013374        2.8180943731021735     
   2.0649999999999782        1.1051998975176440        2.8393699755215343     
   2.0699999999999781        1.1056098630628919        2.8602870170866344     
   2.0749999999999780        1.1060142923505838        2.8808200928715206     
   2.0799999999999779        1.1064127862578399        2.9009441357499410     
   2.0849999999999778        1.1068049515192846        2.9206344451926101     
   2.0899999999999777        1.1071904011151517        2.9398667159560739     
   2.0949999999999775        1.1075687546532256        2.9586170666174478     
   2.0999999999999774        1.1079396387442435        2.9768620679100630     
   2.1049999999999773        1.1083026873703852        2.9945787708119926     
   2.1099999999999772        1.1086575422464879        3.0117447343401755     
   2.1149999999999771        1.1090038531736310        3.0283380530010899     
   2.1199999999999770        1.1093412783847403        3.0443373838486774     
   2.1249999999999769        1.1096694848818698        3.0597219730992582     
   2.1299999999999768        1.1099881487648320        3.0744716822534732     
   2.1349999999999767        1.1102969555508473        3.0885670136744290     
   2.1399999999999766        1.1105956004849002        3.1019891355713063     
   2.1449999999999765        1.1108837888404970        3.1147199063383413     
   2.1499999999999764        1.1111612362105241        3.1267418981982980     
   2.1549999999999763        1.1114276687879234        3.1380384201011706     
   2.1599999999999762        1.1116828236359086        3.1485935398288132     
   2.1649999999999761        1.1119264489474494        3.1583921052567816     
   2.1699999999999759        1.1121583042937766        3.1674197647268465     
   2.1749999999999758        1.1123781608616559        3.1756629864833879     
   2.1799999999999757        1.1125858016791981        3.1831090771290826     
   2.1849999999999756        1.1127810218299852        3.1897461990570921     
   2.1899999999999755        1.1129636286552975        3.1955633868178897     
   2.1949999999999754        1.1131334419442449        3.2005505623814559     
   2.1999999999999753        1.1132902941116130        3.2046985492575302     
   2.2049999999999752        1.1134340303632497        3.2079990854385327     
   2.2099999999999751        1.1135645088488280        3.2104448351327388     
   2.2149999999999750        1.1136816008018353        3.2120293992576383     
   2.2199999999999749        1.1137851906666512        3.2127473246656222     
   2.2249999999999748        1.1138751762125851        3.2125941120779098     
   2.2299999999999747        1.1139514686347676        3.2115662227049619     
   2.2349999999999746        1.1140139926417887        3.2096610835348232     
   2.2399999999999745        1.1140626865300023        3.2068770912740430     
   2.2449999999999743        1.1140975022444195        3.2032136149289712     
   2.2499999999999742        1.1141184054261335        3.1986709970188691     
   2.2549999999999741        1.1141253754462277        3.1932505534150657     
   2.2599999999999740        1.1141184054261337        3.1869545718044039     
   2.2649999999999739        1.1140975022444197        3.1797863087780058     
   2.2699999999999738        1.1140626865300027        3.1717499855504698     
   2.2749999999999737        1.1140139926417894        3.1628507823174394     
   2.2799999999999736        1.1139514686347682        3.1530948312631448     
   2.2849999999999735        1.1138751762125858        3.1424892082330427     
   2.2899999999999734        1.1137851906666520        3.1310419230893514     
   2.2949999999999733        1.1136816008018364        3.1187619087711584     
   2.2999999999999732        1.1135645088488293        3.1056590090836043     
   2.3049999999999731        1.1134340303632511        3.0917439652433987     
   2.3099999999999730        1.1132902941116145        3.0770284012114919     
   2.3149999999999729        1.1131334419442467        3.0615248078457058     
   2.3199999999999728        1.1129636286552993        3.0452465259094006     
   2.3249999999999726        1.1127810218299872        3.0282077279745825     
   2.3299999999999725        1.1125858016792001        3.0104233992596368     
   2.3349999999999724        1.1123781608616581        2.9919093174452436     
   2.3399999999999723        1.1121583042937790        2.9726820315123876     
   2.3449999999999722        1.1119264489474519        2.9527588396498268     
   2.3499999999999721        1.1116828236359111        2.9321577662787908     
   2.3549999999999720        1.1114276687879263        2.9108975382445657     
   2.3599999999999719        1.1111612362105268        2.8889975602258140     
   2.3649999999999718        1.1108837888404999        2.8664778894137659     
   2.3699999999999717        1.1105956004849034        2.8433592095135634     
   2.3749999999999716        1.1102969555508504        2.8196628041212950     
   2.3799999999999715        1.1099881487648353        2.7954105295305833     
   2.3849999999999714        1.1096694848818731        2.7706247870224838     
   2.3899999999999713        1.1093412783847436        2.7453284946929783     
   2.3949999999999712        1.1090038531736346        2.7195450588719141     
   2.3999999999999710        1.1086575422464915        2.6932983451868795     
   2.4049999999999709        1.1083026873703890        2.6666126493255327     
   2.4099999999999708        1.1079396387442473        2.6395126675483334     
   2.4149999999999707        1.1075687546532293        2.6120234670038331     
   2.4199999999999706        1.1071904011151554        2.5841704558970799     
   2.4249999999999705        1.1068049515192886        2.5559793535608248     
   2.4299999999999704        1.1064127862578439        2.5274761604777440     
   2.4349999999999703        1.1060142923505880        2.4986871283012402     
   2.4399999999999702        1.1056098630628961        2.4696387299198781     
   2.4449999999999701        1.1051998975176482        2.4403576296101233     
   2.4499999999999700        1.1047848003013416        2.4108706533193529     
   2.4549999999999699        1.1043649810648135        2.3812047591201733     
   2.4599999999999698        1.1039408541189650        2.3513870078750641     
   2.4649999999999697        1.1035128380258863        2.3214445341480743     
   2.4699999999999696        1.1030813551857859        2.2914045173994948     
   2.4749999999999694        1.1026468314201339        2.2612941534963134     
   2.4799999999999693        1.1022096955514258        2.2311406265700855     
   2.4849999999999692        1.1017703789799884        2.2009710812517511     
   2.4899999999999691        1.1013293152582380        2.1708125953108790     
   2.4949999999999690        1.1008869396628180        2.1406921527249820     
   2.4999999999999689        1.1004436887650324        2.1106366172023070     
   2.5049999999999688        1.1000000000000028        2.0806727061803225     
   2.5099999999999687        1.0995563112349733        2.0508269653193620     
   2.5149999999999686        1.0991130603371877        2.0211257435096108     
   2.5199999999999685        1.0986706847417675        1.9915951684075999     
   2.5249999999999684        1.0982296210200173        1.9622611225169386     
   2.5299999999999683        1.0977903044485799        1.9331492198255864     
   2.5349999999999682        1.0973531685798719        1.9042847830111513     
   2.5399999999999681        1.0969186448142196        1.8756928212239421     
   2.5449999999999680        1.0964871619741192        1.8473980084552653     
   2.5499999999999678        1.0960591458810405        1.8194246624981274     
   2.5549999999999677        1.0956350189351918        1.7917967245052808     
   2.5599999999999676        1.0952151996986639        1.7645377391489152     
   2.5649999999999675        1.0948001024823570        1.7376708353841417     
   2.5699999999999674        1.0943901369371092        1.7112187078187793     
   2.5749999999999673        1.0939857076494173        1.6852035986890361     
   2.5799999999999672        1.0935872137421612        1.6596472804415376     
   2.5849999999999671        1.0931950484807165        1.6345710389196106     
   2.5899999999999670        1.0928095988848494        1.6099956571524285     
   2.5949999999999669        1.0924312453467755        1.5859413997434038     
   2.5999999999999668        1.0920603612557573        1.5624279978548723     
   2.6049999999999667        1.0916973126296157        1.5394746347844772     
   2.6099999999999666        1.0913424577535129        1.5170999321287588     
   2.6149999999999665        1.0909961468263698        1.4953219365287027     
   2.6199999999999664        1.0906587216152608        1.4741581069918579     
   2.6249999999999662        1.0903305151181311        1.4536253027847974     
   2.6299999999999661        1.0900118512351689        1.4337397718903173     
   2.6349999999999660        1.0897030444491536        1.4145171400223231     
   2.6399999999999659        1.0894043995151006        1.3959724001926654     
   2.6449999999999658        1.0891162111595036        1.3781199028225699     
   2.6499999999999657        1.0888387637894767        1.3609733463926597     
   2.6549999999999656        1.0885723312120772        1.3445457686243780     
   2.6599999999999655        1.0883171763640922        1.3288495381867014     
   2.6649999999999654        1.0880735510525512        1.3138963469210523     
   2.6699999999999653        1.0878416957062240        1.2996972025786544     
   2.6749999999999652        1.0876218391383448        1.2862624220634784     
   2.6799999999999651        1.0874141983208025        1.2736016251750890     
   2.6849999999999650        1.0872189781700154        1.2617237288454610     
   2.6899999999999649        1.0870363713447031        1.2506369418642451     
   2.6949999999999648        1.0868665580557555        1.2403487600869167     
   2.6999999999999647        1.0867097058883874        1.2308659621211866     
   2.7049999999999645        1.0865659696367509        1.2221946054865616     
   2.7099999999999644        1.0864354911511724        1.2143400232428991     
   2.7149999999999643        1.0863183991981651        1.2073068210840541     
   2.7199999999999642        1.0862148093333492        1.2010988748923603     
   2.7249999999999641        1.0861248237874153        1.1957193287514325     
   2.7299999999999640        1.0860485313652328        1.1911705934136596     
   2.7349999999999639        1.0859860073582115        1.1874543452200967     
   2.7399999999999638        1.0859373134699979        1.1845715254708016     
   2.7449999999999637        1.0859024977555807        1.1825223402432006     
   2.7499999999999636        1.0858815945738667        1.1813062606577693     
   2.7549999999999635        1.0858746245537725        1.1809220235894278     
   2.7599999999999634        1.0858815945738665        1.1813676328244862     
   2.7649999999999633        1.0859024977555805        1.1826403606623874     
   2.7699999999999632        1.0859373134699974        1.1847367499627570     
   2.7749999999999631        1.0859860073582108        1.1876526166380483     
   2.7799999999999629        1.0860485313652317        1.1913830525925495     
   2.7849999999999628        1.0861248237874142        1.1959224291091415     
   2.7899999999999627        1.0862148093333479        1.2012644006849778     
   2.7949999999999626        1.0863183991981635        1.2074019093184114     
   2.7999999999999625        1.0864354911511707        1.2143271892487204     
   2.8049999999999624        1.0865659696367489        1.2220317721516878     
   2.8099999999999623        1.0867097058883852        1.2305064927930938     
   2.8149999999999622        1.0868665580557533        1.2397414951438408     
   2.8199999999999621        1.0870363713447004        1.2497262389592489     
   2.8249999999999620        1.0872189781700128        1.2604495068263613     
   2.8299999999999619        1.0874141983207997        1.2718994116827622     
   2.8349999999999618        1.0876218391383417        1.2840634048108897     
   2.8399999999999617        1.0878416957062207        1.2969282843114185     
   2.8449999999999616        1.0880735510525479        1.3104802040602137     
   2.8499999999999615        1.0883171763640884        1.3247046831528826     
   2.8549999999999613        1.0885723312120734        1.3395866158409666     
   2.8599999999999612        1.0888387637894728        1.3551102819644258     
   2.8649999999999611        1.0891162111594996        1.3712593578843557     
   2.8699999999999610        1.0894043995150962        1.3880169279202259     
   2.8749999999999609        1.0897030444491491        1.4053654962960225     
   2.8799999999999608        1.0900118512351642        1.4232869995989363     
   2.8849999999999607        1.0903305151181264        1.4417628197548753     
   2.8899999999999606        1.0906587216152559        1.4607737975240740     
   2.8949999999999605        1.0909961468263649        1.4803002465206443     
   2.8999999999999604        1.0913424577535078        1.5003219677587183     
   2.9049999999999603        1.0916973126296106        1.5208182647285586     
   2.9099999999999602        1.0920603612557520        1.5417679590043150     
   2.9149999999999601        1.0924312453467699        1.5631494063860614     
   2.9199999999999600        1.0928095988848439        1.5849405135770738     
   2.9249999999999599        1.0931950484807107        1.6071187553973942     
   2.9299999999999597        1.0935872137421554        1.6296611925340732     
   2.9349999999999596        1.0939857076494115        1.6525444898273340     
   2.9399999999999595        1.0943901369371032        1.6757449350919791     
   2.9449999999999594        1.0948001024823510        1.6992384584716596     
   2.9499999999999593        1.0952151996986577        1.7230006523234933     
   2.9549999999999592        1.0956350189351858        1.7470067916292316     
   2.9599999999999591        1.0960591458810343        1.7712318549281680     
   2.9649999999999590        1.0964871619741130        1.7956505457663874     
   2.9699999999999589        1.0969186448142134        1.8202373146549957     
   2.9749999999999588        1.0973531685798654        1.8449663815298201     
   2.9799999999999587        1.0977903044485735        1.8698117587030871     
   2.9849999999999586        1.0982296210200109        1.8947472742965279     
   2.9899999999999585        1.0986706847417611        1.9197465961442832     
   2.9949999999999584        1.0991130603371810        1.9447832561521166     
   2.9999999999999583        1.0995563112349669        1.9698306750984873     
