   5.0000000000000001E-003   1.1000000000000001        6.2792742474230332     
   1.0000000000000000E-002   1.1395438028072002        9.1325926537461974     
   1.4999999999999999E-002   1.1790485806552107        12.288878473929472     
   2.0000000000000000E-002   1.2184753470977654        15.838147488039507     
   2.5000000000000001E-002   1.2577851926764365        19.905211709282209     
   3.0000000000000002E-002   1.2969393233195732        24.664618741416440     
   3.5000000000000003E-002   1.3358990986273662        30.362608523956268     
   4.0000000000000001E-002   1.3746260700052573        37.349734289132485     
   4.4999999999999998E-002   1.4130820186080604        46.129818960775893     
   4.9999999999999996E-002   1.4512289930573474        57.434140418830360     
   5.4999999999999993E-002   1.4890293468948772        72.334903531528155     
   5.9999999999999991E-002   1.5264457757351038        92.420387847157485     
   6.4999999999999988E-002   1.5634413540801024        120.06767759275192     
   6.9999999999999993E-002   1.5999795717605767        158.87092739317842     
   7.4999999999999997E-002   1.6360243699669885        214.31922921635015     
   8.0000000000000002E-002   1.6715401768352494        294.87749238511043     
   8.5000000000000006E-002   1.7064919425518559        413.72148476386928     
   9.0000000000000011E-002   1.7408451739438231        591.53926071363207     
   9.5000000000000015E-002   1.7745659685192832        861.07643170012909     
  0.10000000000000002        1.8076210479251511        1274.5382367359248     
  0.10500000000000002        1.8399777907888413        1915.6728373911292     
  0.11000000000000003        1.8716042649116242        2919.5136086701273     
  0.11500000000000003        1.9024692587818515        4504.6075211729876     
  0.12000000000000004        1.9325423123769485        7025.4783055509952     
  0.12500000000000003        1.9617937472237812        11057.598578572255     
  0.13000000000000003        1.9901946956877239        17533.975028741537     
  0.13500000000000004        2.0177171294615306        27962.408527245581     
  0.14000000000000004        2.0443338872258909        44766.343053135337     
  0.14500000000000005        2.0700187014543712        71810.239305456096     
  0.15000000000000005        2.0947462243362929        115191.53450039029     
  0.15500000000000005        2.1184920527919617        184401.63417180080     
  0.16000000000000006        2.1412327525555606        293969.32593197597     
  0.16500000000000006        2.1629458813019409        465685.54258949228     
  0.17000000000000007        2.1836100107944878        731443.57061662548     
  0.17500000000000007        2.2032047480322019        1136580.7438088690     
  0.18000000000000008        2.2217107553751321        1743342.9229579740     
  0.18500000000000008        2.2391097696282882        2633694.8226039349     
  0.19000000000000009        2.2553846200652097        3910196.2303734506     
  0.19500000000000009        2.2705192453734027        5693166.5225120299     
  0.20000000000000009        2.2844987095049127        8112086.0892557967     
  0.20500000000000010        2.2973092164164042        11289449.363117952     
  0.21000000000000010        2.3089381236841859        15316421.707627432     
  0.21500000000000011        2.3193739549807599        20221839.416184805     
  0.22000000000000011        2.3286064114005698        25939128.974320959     
  0.22500000000000012        2.3366263816237769        32278857.059267279     
  0.23000000000000012        2.3434259509080331        38916583.768350191     
  0.23500000000000013        2.3489984088993783        45405047.868298039     
  0.24000000000000013        2.3533382562545446        51215549.819196910     
  0.24500000000000013        2.3564412100681489        55806043.451216407     
  0.25000000000000011        2.3583042080994021        58704813.882594362     
  0.25500000000000012        2.3589254117941687        59591788.037377909     
  0.26000000000000012        2.3583042080994021        58357540.827250682     
  0.26500000000000012        2.3564412100681489        55124441.822301902     
  0.27000000000000013        2.3533382562545446        50224147.101896189     
  0.27500000000000013        2.3489984088993778        44137480.995699286     
  0.28000000000000014        2.3434259509080331        37412446.386100970     
  0.28500000000000014        2.3366263816237760        30580375.111572120     
  0.29000000000000015        2.3286064114005693        24088130.748906877     
  0.29500000000000015        2.3193739549807595        18257355.992084436     
  0.30000000000000016        2.3089381236841855        13273082.099547910     
  0.30500000000000016        2.2973092164164033        9196670.4484210685     
  0.31000000000000016        2.2844987095049123        5993935.8323940057     
  0.31500000000000017        2.2705192453734018        3568714.7467502533     
  0.32000000000000017        2.2553846200652092        1794156.1819161600     
  0.32500000000000018        2.2391097696282873        537185.43424389837     
  0.33000000000000018        2.2217107553751312       -325352.87120241852     
  0.33500000000000019        2.2032047480322015       -898176.56772694353     
  0.34000000000000019        2.1836100107944869       -1264846.3999448300     
  0.34500000000000020        2.1629458813019400       -1488764.6356435167     
  0.35000000000000020        2.1412327525555597       -1616096.8346152790     
  0.35500000000000020        2.1184920527919608       -1679328.7853966209     
  0.36000000000000021        2.0947462243362920       -1700679.9543185157     
  0.36500000000000021        2.0700187014543698       -1694996.5931616432     
  0.37000000000000022        2.0443338872258900       -1672013.9215036524     
  0.37500000000000022        2.0177171294615293       -1638025.1186376428     
  0.38000000000000023        1.9901946956877226       -1597059.2971300555     
  0.38500000000000023        1.9617937472237796       -1551684.4510489677     
  0.39000000000000024        1.9325423123769472       -1503539.7717930661     
  0.39500000000000024        1.9024692587818497       -1453680.7775966709     
  0.40000000000000024        1.8716042649116229       -1402799.1401675974     
  0.40500000000000025        1.8399777907888399       -1351360.7519386890     
  0.41000000000000025        1.8076210479251493       -1299691.5045860310     
  0.41500000000000026        1.7745659685192816       -1248030.1436605926     
  0.42000000000000026        1.7408451739438213       -1196560.6376305264     
  0.42500000000000027        1.7064919425518541       -1145431.9123486381     
  0.43000000000000027        1.6715401768352476       -1094769.8414564834     
  0.43500000000000028        1.6360243699669870       -1044684.5096932109     
  0.44000000000000028        1.5999795717605747       -995274.59777212702     
  0.44500000000000028        1.5634413540801007       -946630.01682359644     
  0.45000000000000029        1.5264457757351018       -898833.47925500094     
  0.45500000000000029        1.4890293468948752       -851961.42417469830     
  0.46000000000000030        1.4512289930573450       -806084.55230039824     
  0.46500000000000030        1.4130820186080582       -761268.12619292398     
  0.47000000000000031        1.3746260700052553       -717572.13145672798     
  0.47500000000000031        1.3358990986273640       -675051.35788186884     
  0.48000000000000032        1.2969393233195712       -633755.43708319066     
  0.48500000000000032        1.2577851926764341       -593728.85941468051     
  0.49000000000000032        1.2184753470977632       -555010.98441538285     
  0.49500000000000033        1.1790485806552082       -517636.05373158713     
  0.50000000000000033        1.1395438028071978       -481633.21211831697     
  0.50500000000000034        1.0999999999999974       -447026.53999716771     
  0.51000000000000034        1.0604561971927975       -413835.09967674641     
  0.51500000000000035        1.0209514193447866       -382072.99644342315     
  0.52000000000000035       0.98152465290223234       -351749.20872238959     
  0.52500000000000036       0.94221480732356078       -322868.23344512115     
  0.53000000000000036       0.90306067668042433       -295430.12553823710     
  0.53500000000000036       0.86410090137263162       -269430.07012194890     
  0.54000000000000037       0.82537392999474024       -244858.83610769923     
  0.54500000000000037       0.78691798139193736       -221702.92711902913     
  0.55000000000000038       0.74877100694265009       -199944.74621761547     
  0.55500000000000038       0.71097065310512053       -179562.77362786036     
  0.56000000000000039       0.67355422426489353       -160531.75661563795     
  0.56500000000000039       0.63655864591989508       -142822.91064460832     
  0.57000000000000040       0.60002042823942059       -126404.13090785232     
  0.57500000000000040       0.56397563003300888       -111240.21331494028     
  0.58000000000000040       0.52845982316474771       -97293.084007107725     
  0.58500000000000041       0.49350805744814175       -84522.036479526432     
  0.59000000000000041       0.45915482605617441       -72883.975415454435     
  0.59500000000000042       0.42543403148071457       -62333.666392042862     
  0.60000000000000042       0.39237895207484641       -52823.990718607885     
  0.60500000000000043       0.36002220921115635       -44306.204845476044     
  0.61000000000000043       0.32839573508837361       -36730.204091164756     
  0.61500000000000044       0.29753074121814627       -30044.790985950491     
  0.62000000000000044       0.26745768762304944       -24197.949538978643     
  0.62500000000000044       0.23820625277621676       -19137.128666343087     
  0.63000000000000045       0.20980530431227440       -14809.541907177512     
  0.63500000000000045       0.18228287053846726       -11163.445363752087     
  0.64000000000000046       0.15566611277410725       -8146.8001745415613     
  0.64500000000000046       0.12998129854562701       -5710.4612761956387     
  0.65000000000000047       0.10525377566370553       -3816.9866546377034     
  0.65500000000000047        8.1507947208036668E-002  -2574.1307484772060     
  0.66000000000000048        5.8767247444437398E-002  -20635.374262638801     
  0.66500000000000048        3.7054118698057525E-002  -43256652476.493614     
  0.67000000000000048        1.6389989205510824E-002  -3.1539708207352724E+057
  0.67500000000000049       -3.2047480322032751E-003                       NaN
  0.68000000000000049       -2.1710755375133450E-002                       NaN
  0.68500000000000050       -3.9109769628289381E-002                       NaN
  0.69000000000000050       -5.5384620065210610E-002                       NaN
  0.69500000000000051       -7.0519245373403372E-002                       NaN
  0.70000000000000051       -8.4498709504913450E-002                       NaN
  0.70500000000000052       -9.7309216416405109E-002                       NaN
  0.71000000000000052      -0.10893812368418665                            NaN
  0.71500000000000052      -0.11937395498076064                            NaN
  0.72000000000000053      -0.12860641140057005                            NaN
  0.72500000000000053      -0.13662638162377716                            NaN
  0.73000000000000054      -0.14342595090803356                            NaN
  0.73500000000000054      -0.14899840889937810                            NaN
  0.74000000000000055      -0.15333825625454445                            NaN
  0.74500000000000055      -0.15644121006814915                            NaN
  0.75000000000000056      -0.15830420809940193                            NaN
  0.75500000000000056      -0.15892541179416875                            NaN
  0.76000000000000056      -0.15830420809940171                            NaN
  0.76500000000000057      -0.15644121006814848                            NaN
  0.77000000000000057      -0.15333825625454378                            NaN
  0.77500000000000058      -0.14899840889937721                            NaN
  0.78000000000000058      -0.14342595090803223                            NaN
  0.78500000000000059      -0.13662638162377538                            NaN
  0.79000000000000059      -0.12860641140056828                            NaN
  0.79500000000000060      -0.11937395498075842                            NaN
  0.80000000000000060      -0.10893812368418443                            NaN
  0.80500000000000060       -9.7309216416402444E-002                       NaN
  0.81000000000000061       -8.4498709504911007E-002                       NaN
  0.81500000000000061       -7.0519245373400263E-002                       NaN
  0.82000000000000062       -5.5384620065207280E-002                       NaN
  0.82500000000000062       -3.9109769628285607E-002                       NaN
  0.83000000000000063       -2.1710755375130120E-002                       NaN
  0.83500000000000063       -3.2047480321995003E-003                       NaN
  0.84000000000000064        1.6389989205515265E-002                       NaN
  0.84500000000000064        3.7054118698061966E-002                       NaN
  0.85000000000000064        5.8767247444442283E-002                       NaN
  0.85500000000000065        8.1507947208041776E-002                       NaN
  0.86000000000000065       0.10525377566371052                            NaN
  0.86500000000000066       0.12998129854563234                            NaN
  0.87000000000000066       0.15566611277411235                            NaN
  0.87500000000000067       0.18228287053847259                            NaN
  0.88000000000000067       0.20980530431228017                            NaN
  0.88500000000000068       0.23820625277622287                            NaN
  0.89000000000000068       0.26745768762305544                            NaN
  0.89500000000000068       0.29753074121815248                            NaN
  0.90000000000000069       0.32839573508838027                            NaN
  0.90500000000000069       0.36002220921116324                            NaN
  0.91000000000000070       0.39237895207485340                            NaN
  0.91500000000000070       0.42543403148072123                            NaN
  0.92000000000000071       0.45915482605618219                            NaN
  0.92500000000000071       0.49350805744814930                            NaN
  0.93000000000000071       0.52845982316475537                            NaN
  0.93500000000000072       0.56397563003301610                            NaN
  0.94000000000000072       0.60002042823942792                            NaN
  0.94500000000000073       0.63655864591990308                            NaN
  0.95000000000000073       0.67355422426490152                            NaN
  0.95500000000000074       0.71097065310512808                            NaN
  0.96000000000000074       0.74877100694265764                            NaN
  0.96500000000000075       0.78691798139194569                            NaN
  0.97000000000000075       0.82537392999474857                            NaN
  0.97500000000000075       0.86410090137263940                            NaN
  0.98000000000000076       0.90306067668043211                            NaN
  0.98500000000000076       0.94221480732356977                            NaN
  0.99000000000000077       0.98152465290224078                            NaN
  0.99500000000000077        1.0209514193447951                            NaN
   1.0000000000000007        1.0604561971928055                            NaN
   1.0050000000000006        1.1000000000000054                            NaN
   1.0100000000000005        1.1395438028072040                            NaN
   1.0150000000000003        1.1790485806552145                            NaN
   1.0200000000000002        1.2184753470977678                            NaN
   1.0250000000000001        1.2577851926764376                            NaN
   1.0300000000000000        1.2969393233195741                            NaN
   1.0349999999999999        1.3358990986273656                            NaN
   1.0399999999999998        1.3746260700052564                            NaN
   1.0449999999999997        1.4130820186080584                            NaN
   1.0499999999999996        1.4512289930573452                            NaN
   1.0549999999999995        1.4890293468948737                            NaN
   1.0599999999999994        1.5264457757351002                            NaN
   1.0649999999999993        1.5634413540800975                            NaN
   1.0699999999999992        1.5999795717605718                            NaN
   1.0749999999999991        1.6360243699669825                            NaN
   1.0799999999999990        1.6715401768352423                            NaN
   1.0849999999999989        1.7064919425518483                            NaN
   1.0899999999999987        1.7408451739438147                            NaN
   1.0949999999999986        1.7745659685192747                            NaN
   1.0999999999999985        1.8076210479251418                            NaN
   1.1049999999999984        1.8399777907888319                            NaN
   1.1099999999999983        1.8716042649116140                            NaN
   1.1149999999999982        1.9024692587818413                            NaN
   1.1199999999999981        1.9325423123769376                            NaN
   1.1249999999999980        1.9617937472237696                            NaN
   1.1299999999999979        1.9901946956877126                            NaN
   1.1349999999999978        2.0177171294615190                            NaN
   1.1399999999999977        2.0443338872258794                            NaN
   1.1449999999999976        2.0700187014543587                            NaN
   1.1499999999999975        2.0947462243362809                            NaN
   1.1549999999999974        2.1184920527919493                            NaN
   1.1599999999999973        2.1412327525555490                            NaN
   1.1649999999999971        2.1629458813019289                            NaN
   1.1699999999999970        2.1836100107944754                            NaN
   1.1749999999999969        2.2032047480321904                            NaN
   1.1799999999999968        2.2217107553751210                            NaN
   1.1849999999999967        2.2391097696282771                            NaN
   1.1899999999999966        2.2553846200651986                            NaN
   1.1949999999999965        2.2705192453733924                            NaN
   1.1999999999999964        2.2844987095049030                            NaN
   1.2049999999999963        2.2973092164163953                            NaN
   1.2099999999999962        2.3089381236841775                            NaN
   1.2149999999999961        2.3193739549807519                            NaN
   1.2199999999999960        2.3286064114005627                            NaN
   1.2249999999999959        2.3366263816237707                            NaN
   1.2299999999999958        2.3434259509080277                            NaN
   1.2349999999999957        2.3489984088993738                            NaN
   1.2399999999999956        2.3533382562545411                            NaN
   1.2449999999999954        2.3564412100681467                            NaN
   1.2499999999999953        2.3583042080994012                            NaN
   1.2549999999999952        2.3589254117941687                            NaN
   1.2599999999999951        2.3583042080994030                            NaN
   1.2649999999999950        2.3564412100681515                            NaN
   1.2699999999999949        2.3533382562545482                            NaN
   1.2749999999999948        2.3489984088993827                            NaN
   1.2799999999999947        2.3434259509080393                            NaN
   1.2849999999999946        2.3366263816237844                            NaN
   1.2899999999999945        2.3286064114005787                            NaN
   1.2949999999999944        2.3193739549807710                            NaN
   1.2999999999999943        2.3089381236841984                            NaN
   1.3049999999999942        2.2973092164164179                            NaN
   1.3099999999999941        2.2844987095049287                            NaN
   1.3149999999999940        2.2705192453734195                            NaN
   1.3199999999999938        2.2553846200652288                            NaN
   1.3249999999999937        2.2391097696283087                            NaN
   1.3299999999999936        2.2217107553751552                            NaN
   1.3349999999999935        2.2032047480322268                            NaN
   1.3399999999999934        2.1836100107945136                            NaN
   1.3449999999999933        2.1629458813019680                            NaN
   1.3499999999999932        2.1412327525555908                            NaN
   1.3549999999999931        2.1184920527919933                            NaN
   1.3599999999999930        2.0947462243363262                            NaN
   1.3649999999999929        2.0700187014544071                            NaN
   1.3699999999999928        2.0443338872259282                            NaN
   1.3749999999999927        2.0177171294615697                            NaN
   1.3799999999999926        1.9901946956877645                            NaN
   1.3849999999999925        1.9617937472238247                            NaN
   1.3899999999999924        1.9325423123769936                            NaN
   1.3949999999999922        1.9024692587818977                            NaN
   1.3999999999999921        1.8716042649116740                            NaN
   1.4049999999999920        1.8399777907888923                            NaN
   1.4099999999999919        1.8076210479252033                            NaN
   1.4149999999999918        1.7745659685193367                            NaN
   1.4199999999999917        1.7408451739438797                            NaN
   1.4249999999999916        1.7064919425519138                            NaN
   1.4299999999999915        1.6715401768353089                            NaN
   1.4349999999999914        1.6360243699670489                            NaN
   1.4399999999999913        1.5999795717606402                            NaN
   1.4449999999999912        1.5634413540801670                            NaN
   1.4499999999999911        1.5264457757351693                            NaN
   1.4549999999999910        1.4890293468949456                            NaN
   1.4599999999999909        1.4512289930574167                            NaN
   1.4649999999999908        1.4130820186081305                            NaN
   1.4699999999999906        1.3746260700053281                            NaN
   1.4749999999999905        1.3358990986274399                            NaN
   1.4799999999999904        1.2969393233196476                            NaN
   1.4849999999999903        1.2577851926765116                            NaN
   1.4899999999999902        1.2184753470978431                            NaN
   1.4949999999999901        1.1790485806552888                            NaN
   1.4999999999999900        1.1395438028072786                            NaN
   1.5049999999999899        1.1000000000000789                            NaN
   1.5099999999999898        1.0604561971928812                            NaN
   1.5149999999999897        1.0209514193448708                            NaN
   1.5199999999999896       0.98152465290231605                            NaN
   1.5249999999999895       0.94221480732364482                            NaN
   1.5299999999999894       0.90306067668051027                            NaN
   1.5349999999999893       0.86410090137271711                            NaN
   1.5399999999999892       0.82537392999482573                            NaN
   1.5449999999999890       0.78691798139202440                            NaN
   1.5499999999999889       0.74877100694273679                            NaN
   1.5549999999999888       0.71097065310520646                            NaN
   1.5599999999999887       0.67355422426497902                            NaN
   1.5649999999999886       0.63655864591998168                            NaN
   1.5699999999999885       0.60002042823950652                            NaN
   1.5749999999999884       0.56397563003309381                            NaN
   1.5799999999999883       0.52845982316483175                            NaN
   1.5849999999999882       0.49350805744822623                            NaN
   1.5899999999999881       0.45915482605625779                            NaN
   1.5949999999999880       0.42543403148079639                            NaN
   1.5999999999999879       0.39237895207492890                            NaN
   1.6049999999999878       0.36002220921123707                            NaN
   1.6099999999999877       0.32839573508845243                            NaN
   1.6149999999999876       0.29753074121822354                            NaN
   1.6199999999999875       0.26745768762312638                            NaN
   1.6249999999999873       0.23820625277629193                            NaN
   1.6299999999999872       0.20980530431234712                            NaN
   1.6349999999999871       0.18228287053853964                            NaN
   1.6399999999999870       0.15566611277417719                            NaN
   1.6449999999999869       0.12998129854569496                            NaN
   1.6499999999999868       0.10525377566377081                            NaN
   1.6549999999999867        8.1507947208100617E-002                       NaN
   1.6599999999999866        5.8767247444499127E-002                       NaN
   1.6649999999999865        3.7054118698116145E-002                       NaN
   1.6699999999999864        1.6389989205566780E-002                       NaN
   1.6749999999999863       -3.2047480321493182E-003                       NaN
   1.6799999999999862       -2.1710755375082380E-002                       NaN
   1.6849999999999861       -3.9109769628240976E-002                       NaN
   1.6899999999999860       -5.5384620065164869E-002                       NaN
   1.6949999999999859       -7.0519245373360961E-002                       NaN
   1.6999999999999857       -8.4498709504874370E-002                       NaN
   1.7049999999999856       -9.7309216416369138E-002                       NaN
   1.7099999999999855      -0.10893812368415356                            NaN
   1.7149999999999854      -0.11937395498073111                            NaN
   1.7199999999999853      -0.12860641140054430                            NaN
   1.7249999999999852      -0.13662638162375429                            NaN
   1.7299999999999851      -0.14342595090801447                            NaN
   1.7349999999999850      -0.14899840889936300                            NaN
   1.7399999999999849      -0.15333825625453290                            NaN
   1.7449999999999848      -0.15644121006814116                            NaN
   1.7499999999999847      -0.15830420809939794                            NaN
   1.7549999999999846      -0.15892541179416875                            NaN
   1.7599999999999845      -0.15830420809940571                            NaN
   1.7649999999999844      -0.15644121006815670                            NaN
   1.7699999999999843      -0.15333825625455577                            NaN
   1.7749999999999841      -0.14899840889939320                            NaN
   1.7799999999999840      -0.14342595090805288                            NaN
   1.7849999999999839      -0.13662638162380003                            NaN
   1.7899999999999838      -0.12860641140059714                            NaN
   1.7949999999999837      -0.11937395498079129                            NaN
   1.7999999999999836      -0.10893812368422195                            NaN
   1.8049999999999835       -9.7309216416443967E-002                       NaN
   1.8099999999999834       -8.4498709504956748E-002                       NaN
   1.8149999999999833       -7.0519245373451112E-002                       NaN
   1.8199999999999832       -5.5384620065262125E-002                       NaN
   1.8249999999999831       -3.9109769628344448E-002                       NaN
   1.8299999999999830       -2.1710755375192736E-002                       NaN
   1.8349999999999829       -3.2047480322674460E-003                       NaN
   1.8399999999999828        1.6389989205443323E-002                       NaN
   1.8449999999999827        3.7054118697986249E-002                       NaN
   1.8499999999999825        5.8767247444362791E-002                       NaN
   1.8549999999999824        8.1507947207956732E-002                       NaN
   1.8599999999999823       0.10525377566362204                            NaN
   1.8649999999999822       0.12998129854554019                            NaN
   1.8699999999999821       0.15566611277401532                            NaN
   1.8749999999999820       0.18228287053837211                            NaN
   1.8799999999999819       0.20980530431217570                            NaN
   1.8849999999999818       0.23820625277611518                            NaN
   1.8899999999999817       0.26745768762294275                            NaN
   1.8949999999999816       0.29753074121803669                            NaN
   1.8999999999999815       0.32839573508826081                            NaN
   1.9049999999999814       0.36002220921103911                            NaN
   1.9099999999999813       0.39237895207472651                            NaN
   1.9149999999999812       0.42543403148059167                            NaN
   1.9199999999999811       0.45915482605604918                            NaN
   1.9249999999999809       0.49350805744801185                            NaN
   1.9299999999999808       0.52845982316461559                            NaN
   1.9349999999999807       0.56397563003287421                            NaN
   1.9399999999999806       0.60002042823928381                            NaN
   1.9449999999999805       0.63655864591975408                            NaN
   1.9499999999999804       0.67355422426475076                            NaN
   1.9549999999999803       0.71097065310497576                            NaN
   1.9599999999999802       0.74877100694250165                            NaN
   1.9649999999999801       0.78691798139178726                            NaN
   1.9699999999999800       0.82537392999458892                            NaN
   1.9749999999999799       0.86410090137247875                            NaN
   1.9799999999999798       0.90306067668026846                            NaN
   1.9849999999999797       0.94221480732340412                            NaN
   1.9899999999999796       0.98152465290207458                            NaN
   1.9949999999999795        1.0209514193446285                            NaN
   1.9999999999999793        1.0604561971926365                            NaN
   2.0049999999999795        1.0999999999998362                            NaN
   2.0099999999999794        1.1395438028070362                            NaN
   2.0149999999999793        1.1790485806550468                            NaN
   2.0199999999999791        1.2184753470976015                            NaN
   2.0249999999999790        1.2577851926762731                            NaN
   2.0299999999999789        1.2969393233194080                            NaN
   2.0349999999999788        1.3358990986272017                            NaN
   2.0399999999999787        1.3746260700050936                            NaN
   2.0449999999999786        1.4130820186078976                            NaN
   2.0499999999999785        1.4512289930571838                            NaN
   2.0549999999999784        1.4890293468947149                            NaN
   2.0599999999999783        1.5264457757349432                            NaN
   2.0649999999999782        1.5634413540799414                            NaN
   2.0699999999999781        1.5999795717604175                            NaN
   2.0749999999999780        1.6360243699668313                            NaN
   2.0799999999999779        1.6715401768350946                            NaN
   2.0849999999999778        1.7064919425517013                            NaN
   2.0899999999999777        1.7408451739436708                            NaN
   2.0949999999999775        1.7745659685191337                            NaN
   2.0999999999999774        1.8076210479250028                            NaN
   2.1049999999999773        1.8399777907886961                            NaN
   2.1099999999999772        1.8716042649114821                            NaN
   2.1149999999999771        1.9024692587817127                            NaN
   2.1199999999999770        1.9325423123768117                            NaN
   2.1249999999999769        1.9617937472236480                            NaN
   2.1299999999999768        1.9901946956875944                            NaN
   2.1349999999999767        2.0177171294614054                            NaN
   2.1399999999999766        2.0443338872257679                            NaN
   2.1449999999999765        2.0700187014542526                            NaN
   2.1499999999999764        2.0947462243361787                            NaN
   2.1549999999999763        2.1184920527918507                            NaN
   2.1599999999999762        2.1412327525554544                            NaN
   2.1649999999999761        2.1629458813018396                            NaN
   2.1699999999999759        2.1836100107943910                            NaN
   2.1749999999999758        2.2032047480321095                            NaN
   2.1799999999999757        2.2217107553750450                            NaN
   2.1849999999999756        2.2391097696282056                            NaN
   2.1899999999999755        2.2553846200651320                            NaN
   2.1949999999999754        2.2705192453733307                            NaN
   2.1999999999999753        2.2844987095048466                            NaN
   2.2049999999999752        2.2973092164163438                            NaN
   2.2099999999999751        2.3089381236841309                            NaN
   2.2149999999999750        2.3193739549807106                            NaN
   2.2199999999999749        2.3286064114005263                            NaN
   2.2249999999999748        2.3366263816237396                            NaN
   2.2299999999999747        2.3434259509080020                            NaN
   2.2349999999999746        2.3489984088993525                            NaN
   2.2399999999999745        2.3533382562545255                            NaN
   2.2449999999999743        2.3564412100681360                            NaN
   2.2499999999999742        2.3583042080993959                            NaN
   2.2549999999999741        2.3589254117941687                            NaN
   2.2599999999999740        2.3583042080994083                            NaN
   2.2649999999999739        2.3564412100681622                            NaN
   2.2699999999999738        2.3533382562545642                            NaN
   2.2749999999999737        2.3489984088994040                            NaN
   2.2799999999999736        2.3434259509080659                            NaN
   2.2849999999999735        2.3366263816238160                            NaN
   2.2899999999999734        2.3286064114006155                            NaN
   2.2949999999999733        2.3193739549808123                            NaN
   2.2999999999999732        2.3089381236842454                            NaN
   2.3049999999999731        2.2973092164164699                            NaN
   2.3099999999999730        2.2844987095049847                            NaN
   2.3149999999999729        2.2705192453734808                            NaN
   2.3199999999999728        2.2553846200652954                            NaN
   2.3249999999999726        2.2391097696283797                            NaN
   2.3299999999999725        2.2217107553752307                            NaN
   2.3349999999999724        2.2032047480323076                            NaN
   2.3399999999999723        2.1836100107945988                            NaN
   2.3449999999999722        2.1629458813020586                            NaN
   2.3499999999999721        2.1412327525556840                            NaN
   2.3549999999999720        2.1184920527920923                            NaN
   2.3599999999999719        2.0947462243364288                            NaN
   2.3649999999999718        2.0700187014545128                            NaN
   2.3699999999999717        2.0443338872260384                            NaN
   2.3749999999999716        2.0177171294616847                            NaN
   2.3799999999999715        1.9901946956878831                            NaN
   2.3849999999999714        1.9617937472239455                            NaN
   2.3899999999999713        1.9325423123771195                            NaN
   2.3949999999999712        1.9024692587820273                            NaN
   2.3999999999999710        1.8716042649118050                            NaN
   2.4049999999999709        1.8399777907890265                            NaN
   2.4099999999999708        1.8076210479253423                            NaN
   2.4149999999999707        1.7745659685194788                            NaN
   2.4199999999999706        1.7408451739440225                            NaN
   2.4249999999999705        1.7064919425520610                            NaN
   2.4299999999999704        1.6715401768354585                            NaN
   2.4349999999999703        1.6360243699672010                            NaN
   2.4399999999999702        1.5999795717607923                            NaN
   2.4449999999999701        1.5634413540803231                            NaN
   2.4499999999999700        1.5264457757353274                            NaN
   2.4549999999999699        1.4890293468951032                            NaN
   2.4599999999999698        1.4512289930575759                            NaN
   2.4649999999999697        1.4130820186082933                            NaN
   2.4699999999999696        1.3746260700054922                            NaN
   2.4749999999999694        1.3358990986276029                            NaN
   2.4799999999999693        1.2969393233198137                            NaN
   2.4849999999999692        1.2577851926766783                            NaN
   2.4899999999999691        1.2184753470980081                            NaN
   2.4949999999999690        1.1790485806554543                            NaN
   2.4999999999999689        1.1395438028074465                            NaN
   2.5049999999999688        1.1000000000002468                            NaN
   2.5099999999999687        1.0604561971930468                            NaN
   2.5149999999999686        1.0209514193450384                            NaN
   2.5199999999999685       0.98152465290248336                            NaN
   2.5249999999999684       0.94221480732381158                            NaN
   2.5299999999999683       0.90306067668067391                            NaN
   2.5349999999999682       0.86410090137288220                            NaN
   2.5399999999999681       0.82537392999498971                            NaN
   2.5449999999999680       0.78691798139218494                            NaN
   2.5499999999999678       0.74877100694289600                            NaN
   2.5549999999999677       0.71097065310536411                            NaN
   2.5599999999999676       0.67355422426513711                            NaN
   2.5649999999999675       0.63655864592013800                            NaN
   2.5699999999999674       0.60002042823965862                            NaN
   2.5749999999999673       0.56397563003324580                            NaN
   2.5799999999999672       0.52845982316498352                            NaN
   2.5849999999999671       0.49350805744837167                            NaN
   2.5899999999999670       0.45915482605640268                            NaN
   2.5949999999999669       0.42543403148093650                            NaN
   2.5999999999999668       0.39237895207506612                            NaN
   2.6049999999999667       0.36002220921137307                            NaN
   2.6099999999999666       0.32839573508858344                            NaN
   2.6149999999999665       0.29753074121835310                            NaN
   2.6199999999999664       0.26745768762325250                            NaN
   2.6249999999999662       0.23820625277641283                            NaN
   2.6299999999999661       0.20980530431246613                            NaN
   2.6349999999999660       0.18228287053865466                            NaN
   2.6399999999999659       0.15566611277428699                            NaN
   2.6449999999999658       0.12998129854580198                            NaN
   2.6499999999999657       0.10525377566387240                            NaN
   2.6549999999999656        8.1507947208198317E-002                       NaN
   2.6599999999999655        5.8767247444593496E-002                       NaN
   2.6649999999999654        3.7054118698205185E-002                       NaN
   2.6699999999999653        1.6389989205652267E-002                       NaN
   2.6749999999999652       -3.2047480320684940E-003                       NaN
   2.6799999999999651       -2.1710755375007107E-002                       NaN
   2.6849999999999650       -3.9109769628169477E-002                       NaN
   2.6899999999999649       -5.5384620065098034E-002                       NaN
   2.6949999999999648       -7.0519245373299677E-002                       NaN
   2.6999999999999647       -8.4498709504817526E-002                       NaN
   2.7049999999999645       -9.7309216416316513E-002                       NaN
   2.7099999999999644      -0.10893812368410738                            NaN
   2.7149999999999643      -0.11937395498068937                            NaN
   2.7199999999999642      -0.12860641140050810                            NaN
   2.7249999999999641      -0.13662638162372320                            NaN
   2.7299999999999640      -0.14342595090798826                            NaN
   2.7349999999999639      -0.14899840889934213                            NaN
   2.7399999999999638      -0.15333825625451714                            NaN
   2.7449999999999637      -0.15644121006813072                            NaN
   2.7499999999999636      -0.15830420809939283                            NaN
   2.7549999999999635      -0.15892541179416875                            NaN
   2.7599999999999634      -0.15830420809941081                            NaN
   2.7649999999999633      -0.15644121006816691                            NaN
   2.7699999999999632      -0.15333825625457176                            NaN
   2.7749999999999631      -0.14899840889941407                            NaN
   2.7799999999999629      -0.14342595090807864                            NaN
   2.7849999999999628      -0.13662638162383156                            NaN
   2.7899999999999627      -0.12860641140063334                            NaN
   2.7949999999999626      -0.11937395498083303                            NaN
   2.7999999999999625      -0.10893812368426881                            NaN
   2.8049999999999624       -9.7309216416495259E-002                       NaN
   2.8099999999999623       -8.4498709505013592E-002                       NaN
   2.8149999999999622       -7.0519245373512840E-002                       NaN
   2.8199999999999621       -5.5384620065327850E-002                       NaN
   2.8249999999999620       -3.9109769628415947E-002                       NaN
   2.8299999999999619       -2.1710755375267787E-002                       NaN
   2.8349999999999618       -3.2047480323473820E-003                       NaN
   2.8399999999999617        1.6389989205357836E-002                       NaN
   2.8449999999999616        3.7054118697897431E-002                       NaN
   2.8499999999999615        5.8767247444268422E-002                       NaN
   2.8549999999999613        8.1507947207857923E-002                       NaN
   2.8599999999999612       0.10525377566352045                            NaN
   2.8649999999999611       0.12998129854543317                            NaN
   2.8699999999999610       0.15566611277390430                            NaN
   2.8749999999999609       0.18228287053825865                            NaN
   2.8799999999999608       0.20980530431205691                            NaN
   2.8849999999999607       0.23820625277599083                            NaN
   2.8899999999999606       0.26745768762281841                            NaN
   2.8949999999999605       0.29753074121790724                            NaN
   2.8999999999999604       0.32839573508812980                            NaN
   2.9049999999999603       0.36002220921090478                            NaN
   2.9099999999999602       0.39237895207458739                            NaN
   2.9149999999999601       0.42543403148045167                            NaN
   2.9199999999999600       0.45915482605590430                            NaN
   2.9249999999999599       0.49350805744786452                            NaN
   2.9299999999999597       0.52845982316446782                            NaN
   2.9349999999999596       0.56397563003272222                            NaN
   2.9399999999999595       0.60002042823912760                            NaN
   2.9449999999999594       0.63655864591959999                            NaN
   2.9499999999999593       0.67355422426459266                            NaN
   2.9549999999999592       0.71097065310481811                            NaN
   2.9599999999999591       0.74877100694234244                            NaN
   2.9649999999999590       0.78691798139162450                            NaN
   2.9699999999999589       0.82537392999442716                            NaN
   2.9749999999999588       0.86410090137231377                            NaN
   2.9799999999999587       0.90306067668010248                            NaN
   2.9849999999999586       0.94221480732323970                            NaN
   2.9899999999999585       0.98152465290190727                            NaN
   2.9949999999999584        1.0209514193444587                            NaN
   2.9999999999999583        1.0604561971924706                            NaN
