   5.0000000000000001E-003   1.1000000000000001        6.2792742474230332     
   1.0000000000000000E-002   1.1789002595317668        12.305079678662356     
   1.4999999999999999E-002   1.2577226540331194        19.980642558739262     
   2.0000000000000000E-002   1.3363893953170283        30.612850169777914     
   2.5000000000000001E-002   1.4148228488073966        46.893890499635837     
   3.0000000000000002E-002   1.4929456101550154        74.689514341012568     
   3.5000000000000003E-002   1.5706805816263094        127.60936115816001     
   4.0000000000000001E-002   1.6479510481894937        239.51580593636945     
   4.4999999999999998E-002   1.7246807532230466        501.40300331252337     
   4.9999999999999996E-002   1.8007939737717897        1179.2634780037174     
   5.4999999999999993E-002   1.8762155952763018        3125.1387511572711     
   5.9999999999999991E-002   1.9508711857019208        9351.6888533169895     
   6.4999999999999988E-002   2.0246870689941749        31700.554203124786     
   6.9999999999999993E-002   2.0975903977881547        122260.72040866407     
   7.4999999999999997E-002   2.1695092253000663        539012.95712904260     
   8.0000000000000002E-002   2.2403725763300200        2728117.8679840039     
   8.5000000000000006E-002   2.3101105173059855        15904110.089902813     
   9.0000000000000011E-002   2.3786542252997833        107006012.41570090     
   9.5000000000000015E-002   2.4459360559470058        831386878.25593352     
  0.10000000000000002        2.5118896102038377        7452060151.3627348     
  0.10500000000000002        2.5764497998748972        76864809094.391006     
  0.11000000000000003        2.6395529118474244        908577903621.32288     
  0.11500000000000003        2.7011366709684337        12237313391293.400     
  0.12000000000000004        2.7611403015027705        186426515889735.78     
  0.12500000000000003        2.8195045871114228        3183811728810913.5     
  0.13000000000000003        2.8761719292909005        60319085066513560.     
  0.13500000000000004        2.9310864042160039        1.2526607545346161E+018
  0.14000000000000004        2.9841938179298868        2.8136756386339344E+019
  0.14500000000000005        3.0354417598269503        6.7358739393446386E+020
  0.15000000000000005        3.0847796543757786        1.6915521598314252E+022
  0.15500000000000005        3.1321588110310907        4.3809637472861105E+023
  0.16000000000000006        3.1775324722854212        1.1493654040019658E+025
  0.16500000000000006        3.2208558598131409        2.9979128267556126E+026
  0.17000000000000007        3.2620862186612563        7.6251659075299527E+027
  0.17500000000000007        3.3011828594433856        1.8541766411288661E+029
  0.18000000000000008        3.3381071984952713        4.2248518231172183E+030
  0.18500000000000008        3.3728227959521990        8.8406657847322071E+031
  0.19000000000000009        3.4052953917107436        1.6652439044131224E+033
  0.19500000000000009        3.4354929392393547        2.7684270948631464E+034
  0.20000000000000009        3.4633856372044169        3.9848781577126750E+035
  0.20500000000000010        3.4889459588805636        4.8752048496375227E+036
  0.21000000000000010        3.5121486793162364        4.9810578153451839E+037
  0.21500000000000011        3.5329709002276632        4.1804192954997142E+038
  0.22000000000000011        3.5513920725967019        2.8382022457773776E+039
  0.22500000000000012        3.5673940169502396        1.5372793786503987E+040
  0.23000000000000012        3.5809609413011363        6.5610826731962123E+040
  0.23500000000000013        3.5920794567330137        2.1830260999859614E+041
  0.24000000000000013        3.6007385906134948        5.6119583544240239E+041
  0.24500000000000013        3.6069297974228687        1.1067444280263905E+042
  0.25000000000000011        3.6106469671874892        1.6655744844830023E+042
  0.25500000000000012        3.6118864315095771        1.9060377456000322E+042
  0.26000000000000012        3.6106469671874888        1.6550438952608055E+042
  0.26500000000000012        3.6069297974228687        1.0881057418130204E+042
  0.27000000000000013        3.6007385906134943        5.3778182047895634E+041
  0.27500000000000013        3.5920794567330137        1.9279950383035242E+041
  0.28000000000000014        3.5809609413011358        3.9531058867941071E+040
  0.28500000000000014        3.5673940169502387       -1.0645199448195598E+040
  0.29000000000000015        3.5513920725967014       -2.2898437241239574E+040
  0.29500000000000015        3.5329709002276624       -2.4961239755070052E+040
  0.30000000000000016        3.5121486793162355       -2.4933527470551514E+040
  0.30500000000000016        3.4889459588805627       -2.4552272032588005E+040
  0.31000000000000016        3.4633856372044156       -2.4102738039800206E+040
  0.31500000000000017        3.4354929392393538       -2.3622826977711923E+040
  0.32000000000000017        3.4052953917107422       -2.3117795195579477E+040
  0.32500000000000018        3.3728227959521977       -2.2589506254612348E+040
  0.33000000000000018        3.3381071984952699       -2.2039579599101850E+040
  0.33500000000000019        3.3011828594433843       -2.1469661372465390E+040
  0.34000000000000019        3.2620862186612549       -2.0881438573904712E+040
  0.34500000000000020        3.2208558598131392       -2.0276634114157383E+040
  0.35000000000000020        3.1775324722854195       -1.9657000597111801E+040
  0.35500000000000020        3.1321588110310885       -1.9024313984373935E+040
  0.36000000000000021        3.0847796543757768       -1.8380367229911857E+040
  0.36500000000000021        3.0354417598269476       -1.7726963912220100E+040
  0.37000000000000022        2.9841938179298850       -1.7065911888308168E+040
  0.37500000000000022        2.9310864042160016       -1.6399016993401586E+040
  0.38000000000000023        2.8761719292908978       -1.5728076809865629E+040
  0.38500000000000023        2.8195045871114197       -1.5054874528398729E+040
  0.39000000000000024        2.7611403015027673       -1.4381172923994963E+040
  0.39500000000000024        2.7011366709684306       -1.3708708468543067E+040
  0.40000000000000024        2.6395529118474212       -1.3039185601217906E+040
  0.40500000000000025        2.5764497998748945       -1.2374271177031559E+040
  0.41000000000000025        2.5118896102038346       -1.1715589113050105E+040
  0.41500000000000026        2.4459360559470031       -1.1064715250851112E+040
  0.42000000000000026        2.3786542252997798       -1.0423172452801584E+040
  0.42500000000000027        2.3101105173059824       -9.7924259486803983E+039
  0.43000000000000027        2.2403725763300164       -9.1738789480568472E+039
  0.43500000000000028        2.1695092253000627       -8.5688685326749433E+039
  0.44000000000000028        2.0975903977881512       -7.9786618418835211E+039
  0.44500000000000028        2.0246870689941714       -7.4044525629029139E+039
  0.45000000000000029        1.9508711857019163       -6.8473577364330871E+039
  0.45500000000000029        1.8762155952762978       -6.3084148867924324E+039
  0.46000000000000030        1.8007939737717851       -5.7885794844353936E+039
  0.46500000000000030        1.7246807532230424       -5.2887227473367527E+039
  0.47000000000000031        1.6479510481894897       -4.8096297863558172E+039
  0.47500000000000031        1.5706805816263048       -4.3519980983109117E+039
  0.48000000000000032        1.4929456101550111       -3.9164364091085023E+039
  0.48500000000000032        1.4148228488073917       -3.5034638678875836E+039
  0.49000000000000032        1.3363893953170238       -3.1135095917644417E+039
  0.49500000000000033        1.2577226540331146       -2.7469125594000169E+039
  0.50000000000000033        1.1789002595317621       -2.4039218502682739E+039
  0.50500000000000034        1.0999999999999948       -2.0846972251829985E+039
  0.51000000000000034        1.0210997404682285       -1.7893100423486782E+039
  0.51500000000000035       0.94227734596687518       -1.5177445019420901E+039
  0.52000000000000035       0.86361060468296702       -1.2698992110108504E+039
  0.52500000000000036       0.78517715119259790       -1.0455890592966944E+039
  0.53000000000000036       0.70705438984497970       -8.4454739546023631E+038
  0.53500000000000036       0.62931941837368610       -6.6642849210317003E+038
  0.54000000000000037       0.55204895181050118       -5.1081028695833634E+038
  0.54500000000000037       0.47531924677694870       -3.7719738665043011E+038
  0.55000000000000038       0.39920602622820500       -2.6502431852425470E+038
  0.55500000000000038       0.32378440472369341       -1.7365901519626754E+038
  0.56000000000000039       0.24912881429807388       -1.0240651571125981E+038
  0.56500000000000039       0.17531293100582002       -5.0512866482272531E+037
  0.57000000000000040       0.10240960221183970       -1.7169204560023970E+037
  0.57500000000000040        3.0490774699928780E-002  -1.5160052204983372E+036
  0.58000000000000040       -4.0372576330025334E-002                       NaN
  0.58500000000000041      -0.11011051730599042                            NaN
  0.59000000000000041      -0.17865422529978869                            NaN
  0.59500000000000042      -0.24593605594701051                            NaN
  0.60000000000000042      -0.31188961020384309                            NaN
  0.60500000000000043      -0.37644979987490168                            NaN
  0.61000000000000043      -0.43955291184742862                            NaN
  0.61500000000000044      -0.50113667096843839                            NaN
  0.62000000000000044      -0.56114030150277450                            NaN
  0.62500000000000044      -0.61950458711142709                            NaN
  0.63000000000000045      -0.67617192929090431                            NaN
  0.63500000000000045      -0.73108640421600812                            NaN
  0.64000000000000046      -0.78419381792989107                            NaN
  0.64500000000000046      -0.83544175982695412                            NaN
  0.65000000000000047      -0.88477965437578243                            NaN
  0.65500000000000047      -0.93215881103109366                            NaN
  0.66000000000000048      -0.97753247228542506                            NaN
  0.66500000000000048       -1.0208558598131443                            NaN
  0.67000000000000048       -1.0620862186612596                            NaN
  0.67500000000000049       -1.1011828594433881                            NaN
  0.68000000000000049       -1.1381071984952738                            NaN
  0.68500000000000050       -1.1728227959522020                            NaN
  0.69000000000000050       -1.2052953917107461                            NaN
  0.69500000000000051       -1.2354929392393568                            NaN
  0.70000000000000051       -1.2633856372044185                            NaN
  0.70500000000000052       -1.2889459588805656                            NaN
  0.71000000000000052       -1.3121486793162380                            NaN
  0.71500000000000052       -1.3329709002276648                            NaN
  0.72000000000000053       -1.3513920725967030                            NaN
  0.72500000000000053       -1.3673940169502408                            NaN
  0.73000000000000054       -1.3809609413011374                            NaN
  0.73500000000000054       -1.3920794567330144                            NaN
  0.74000000000000055       -1.4007385906134950                            NaN
  0.74500000000000055       -1.4069297974228694                            NaN
  0.75000000000000056       -1.4106469671874895                            NaN
  0.75500000000000056       -1.4118864315095769                            NaN
  0.76000000000000056       -1.4106469671874886                            NaN
  0.76500000000000057       -1.4069297974228681                            NaN
  0.77000000000000057       -1.4007385906134937                            NaN
  0.77500000000000058       -1.3920794567330126                            NaN
  0.78000000000000058       -1.3809609413011348                            NaN
  0.78500000000000059       -1.3673940169502372                            NaN
  0.79000000000000059       -1.3513920725966995                            NaN
  0.79500000000000060       -1.3329709002276604                            NaN
  0.80000000000000060       -1.3121486793162331                            NaN
  0.80500000000000060       -1.2889459588805603                            NaN
  0.81000000000000061       -1.2633856372044132                            NaN
  0.81500000000000061       -1.2354929392393510                            NaN
  0.82000000000000062       -1.2052953917107394                            NaN
  0.82500000000000062       -1.1728227959521949                            NaN
  0.83000000000000063       -1.1381071984952671                            NaN
  0.83500000000000063       -1.1011828594433801                            NaN
  0.84000000000000064       -1.0620862186612507                            NaN
  0.84500000000000064       -1.0208558598131354                            NaN
  0.85000000000000064      -0.97753247228541573                            NaN
  0.85500000000000065      -0.93215881103108389                            NaN
  0.86000000000000065      -0.88477965437577244                            NaN
  0.86500000000000066      -0.83544175982694346                            NaN
  0.87000000000000066      -0.78419381792988085                            NaN
  0.87500000000000067      -0.73108640421599769                            NaN
  0.88000000000000067      -0.67617192929089276                            NaN
  0.88500000000000068      -0.61950458711141465                            NaN
  0.89000000000000068      -0.56114030150276251                            NaN
  0.89500000000000068      -0.50113667096842618                            NaN
  0.90000000000000069      -0.43955291184741530                            NaN
  0.90500000000000069      -0.37644979987488814                            NaN
  0.91000000000000070      -0.31188961020382910                            NaN
  0.91500000000000070      -0.24593605594699719                            NaN
  0.92000000000000071      -0.17865422529977315                            NaN
  0.92500000000000071      -0.11011051730597554                            NaN
  0.93000000000000071       -4.0372576330010235E-002                       NaN
  0.93500000000000072        3.0490774699943213E-002                       NaN
  0.94000000000000072       0.10240960221185413                            NaN
  0.94500000000000073       0.17531293100583578                            NaN
  0.95000000000000073       0.24912881429808986                            NaN
  0.95500000000000074       0.32378440472370851                            NaN
  0.96000000000000074       0.39920602622822032                            NaN
  0.96500000000000075       0.47531924677696524                            NaN
  0.97000000000000075       0.55204895181051772                            NaN
  0.97500000000000075       0.62931941837370164                            NaN
  0.98000000000000076       0.70705438984499525                            NaN
  0.98500000000000076       0.78517715119261577                            NaN
  0.99000000000000077       0.86361060468298378                            NaN
  0.99500000000000077       0.94227734596689205                            NaN
   1.0000000000000007        1.0210997404682443                            NaN
   1.0050000000000006        1.1000000000000105                            NaN
   1.0100000000000005        1.1789002595317746                            NaN
   1.0150000000000003        1.2577226540331268                            NaN
   1.0200000000000002        1.3363893953170329                            NaN
   1.0250000000000001        1.4148228488073986                            NaN
   1.0300000000000000        1.4929456101550169                            NaN
   1.0349999999999999        1.5706805816263083                            NaN
   1.0399999999999998        1.6479510481894921                            NaN
   1.0449999999999997        1.7246807532230424                            NaN
   1.0499999999999996        1.8007939737717853                            NaN
   1.0549999999999995        1.8762155952762949                            NaN
   1.0599999999999994        1.9508711857019134                            NaN
   1.0649999999999993        2.0246870689941652                            NaN
   1.0699999999999992        2.0975903977881449                            NaN
   1.0749999999999991        2.1695092253000539                            NaN
   1.0799999999999990        2.2403725763300053                            NaN
   1.0849999999999989        2.3101105173059708                            NaN
   1.0899999999999987        2.3786542252997664                            NaN
   1.0949999999999986        2.4459360559469889                            NaN
   1.0999999999999985        2.5118896102038191                            NaN
   1.1049999999999984        2.5764497998748785                            NaN
   1.1099999999999983        2.6395529118474039                            NaN
   1.1149999999999982        2.7011366709684133                            NaN
   1.1199999999999981        2.7611403015027483                            NaN
   1.1249999999999980        2.8195045871113997                            NaN
   1.1299999999999979        2.8761719292908778                            NaN
   1.1349999999999978        2.9310864042159803                            NaN
   1.1399999999999977        2.9841938179298637                            NaN
   1.1449999999999976        3.0354417598269254                            NaN
   1.1499999999999975        3.0847796543757555                            NaN
   1.1549999999999974        3.1321588110310663                            NaN
   1.1599999999999973        3.1775324722853977                            NaN
   1.1649999999999971        3.2208558598131170                            NaN
   1.1699999999999970        3.2620862186612323                            NaN
   1.1749999999999969        3.3011828594433625                            NaN
   1.1799999999999968        3.3381071984952486                            NaN
   1.1849999999999967        3.3728227959521773                            NaN
   1.1899999999999966        3.4052953917107223                            NaN
   1.1949999999999965        3.4354929392393347                            NaN
   1.1999999999999964        3.4633856372043974                            NaN
   1.2049999999999963        3.4889459588805458                            NaN
   1.2099999999999962        3.5121486793162195                            NaN
   1.2149999999999961        3.5329709002276477                            NaN
   1.2199999999999960        3.5513920725966881                            NaN
   1.2249999999999959        3.5673940169502267                            NaN
   1.2299999999999958        3.5809609413011261                            NaN
   1.2349999999999957        3.5920794567330052                            NaN
   1.2399999999999956        3.6007385906134881                            NaN
   1.2449999999999954        3.6069297974228642                            NaN
   1.2499999999999953        3.6106469671874870                            NaN
   1.2549999999999952        3.6118864315095771                            NaN
   1.2599999999999951        3.6106469671874915                            NaN
   1.2649999999999950        3.6069297974228736                            NaN
   1.2699999999999949        3.6007385906135019                            NaN
   1.2749999999999948        3.5920794567330239                            NaN
   1.2799999999999947        3.5809609413011492                            NaN
   1.2849999999999946        3.5673940169502547                            NaN
   1.2899999999999945        3.5513920725967201                            NaN
   1.2949999999999944        3.5329709002276850                            NaN
   1.2999999999999943        3.5121486793162613                            NaN
   1.3049999999999942        3.4889459588805911                            NaN
   1.3099999999999941        3.4633856372044485                            NaN
   1.3149999999999940        3.4354929392393894                            NaN
   1.3199999999999938        3.4052953917107813                            NaN
   1.3249999999999937        3.3728227959522399                            NaN
   1.3299999999999936        3.3381071984953170                            NaN
   1.3349999999999935        3.3011828594434345                            NaN
   1.3399999999999934        3.2620862186613078                            NaN
   1.3449999999999933        3.2208558598131956                            NaN
   1.3499999999999932        3.1775324722854812                            NaN
   1.3549999999999931        3.1321588110311538                            NaN
   1.3599999999999930        3.0847796543758452                            NaN
   1.3649999999999929        3.0354417598270222                            NaN
   1.3699999999999928        2.9841938179299623                            NaN
   1.3749999999999927        2.9310864042160820                            NaN
   1.3799999999999926        2.8761719292909813                            NaN
   1.3849999999999925        2.8195045871115094                            NaN
   1.3899999999999924        2.7611403015028602                            NaN
   1.3949999999999922        2.7011366709685261                            NaN
   1.3999999999999921        2.6395529118475229                            NaN
   1.4049999999999920        2.5764497998749984                            NaN
   1.4099999999999919        2.5118896102039416                            NaN
   1.4149999999999918        2.4459360559471124                            NaN
   1.4199999999999917        2.3786542252998966                            NaN
   1.4249999999999916        2.3101105173061010                            NaN
   1.4299999999999915        2.2403725763301381                            NaN
   1.4349999999999914        2.1695092253001866                            NaN
   1.4399999999999913        2.0975903977882817                            NaN
   1.4449999999999912        2.0246870689943037                            NaN
   1.4499999999999911        1.9508711857020513                            NaN
   1.4549999999999910        1.8762155952764386                            NaN
   1.4599999999999909        1.8007939737719281                            NaN
   1.4649999999999908        1.7246807532231867                            NaN
   1.4699999999999906        1.6479510481896351                            NaN
   1.4749999999999905        1.5706805816264566                            NaN
   1.4799999999999904        1.4929456101551639                            NaN
   1.4849999999999903        1.4148228488075463                            NaN
   1.4899999999999902        1.3363893953171833                            NaN
   1.4949999999999901        1.2577226540332753                            NaN
   1.4999999999999900        1.1789002595319233                            NaN
   1.5049999999999899        1.1000000000001571                            NaN
   1.5099999999999898        1.0210997404683952                            NaN
   1.5149999999999897       0.94227734596704282                            NaN
   1.5199999999999896       0.86361060468313411                            NaN
   1.5249999999999895       0.78517715119276565                            NaN
   1.5299999999999894       0.70705438984515101                            NaN
   1.5349999999999893       0.62931941837385652                            NaN
   1.5399999999999892       0.55204895181067160                            NaN
   1.5449999999999890       0.47531924677712223                            NaN
   1.5499999999999889       0.39920602622837820                            NaN
   1.5549999999999888       0.32378440472386483                            NaN
   1.5599999999999887       0.24912881429824452                            NaN
   1.5649999999999886       0.17531293100599277                            NaN
   1.5699999999999885       0.10240960221201112                            NaN
   1.5749999999999884        3.0490774700098200E-002                       NaN
   1.5799999999999883       -4.0372576329857912E-002                       NaN
   1.5849999999999882      -0.11011051730582189                            NaN
   1.5899999999999881      -0.17865422529962216                            NaN
   1.5949999999999880      -0.24593605594684709                            NaN
   1.5999999999999879      -0.31188961020367856                            NaN
   1.6049999999999878      -0.37644979987474070                            NaN
   1.6099999999999877      -0.43955291184727141                            NaN
   1.6149999999999876      -0.50113667096828429                            NaN
   1.6199999999999875      -0.56114030150262084                            NaN
   1.6249999999999873      -0.61950458711127698                            NaN
   1.6299999999999872      -0.67617192929075909                            NaN
   1.6349999999999871      -0.73108640421586379                            NaN
   1.6399999999999870      -0.78419381792975140                            NaN
   1.6449999999999869      -0.83544175982681845                            NaN
   1.6499999999999868      -0.88477965437565231                            NaN
   1.6549999999999867      -0.93215881103096621                            NaN
   1.6599999999999866      -0.97753247228530205                            NaN
   1.6649999999999865       -1.0208558598130275                            NaN
   1.6699999999999864       -1.0620862186611482                            NaN
   1.6749999999999863       -1.1011828594432806                            NaN
   1.6799999999999862       -1.1381071984951721                            NaN
   1.6849999999999861       -1.1728227959521056                            NaN
   1.6899999999999860       -1.2052953917106546                            NaN
   1.6949999999999859       -1.2354929392392724                            NaN
   1.6999999999999857       -1.2633856372043404                            NaN
   1.7049999999999856       -1.2889459588804937                            NaN
   1.7099999999999855       -1.3121486793161719                            NaN
   1.7149999999999854       -1.3329709002276058                            NaN
   1.7199999999999853       -1.3513920725966515                            NaN
   1.7249999999999852       -1.3673940169501950                            NaN
   1.7299999999999851       -1.3809609413010993                            NaN
   1.7349999999999850       -1.3920794567329842                            NaN
   1.7399999999999849       -1.4007385906134719                            NaN
   1.7449999999999848       -1.4069297974228538                            NaN
   1.7499999999999847       -1.4106469671874815                            NaN
   1.7549999999999846       -1.4118864315095769                            NaN
   1.7599999999999845       -1.4106469671874966                            NaN
   1.7649999999999844       -1.4069297974228845                            NaN
   1.7699999999999843       -1.4007385906135177                            NaN
   1.7749999999999841       -1.3920794567330446                            NaN
   1.7799999999999840       -1.3809609413011756                            NaN
   1.7849999999999839       -1.3673940169502865                            NaN
   1.7899999999999838       -1.3513920725967568                            NaN
   1.7949999999999837       -1.3329709002277261                            NaN
   1.7999999999999836       -1.3121486793163082                            NaN
   1.8049999999999835       -1.2889459588806433                            NaN
   1.8099999999999834       -1.2633856372045047                            NaN
   1.8149999999999833       -1.2354929392394522                            NaN
   1.8199999999999832       -1.2052953917108487                            NaN
   1.8249999999999831       -1.1728227959523121                            NaN
   1.8299999999999830       -1.1381071984953919                            NaN
   1.8349999999999829       -1.1011828594435160                            NaN
   1.8399999999999828       -1.0620862186613942                            NaN
   1.8449999999999827       -1.0208558598132869                            NaN
   1.8499999999999825      -0.97753247228557427                            NaN
   1.8549999999999824      -0.93215881103125353                            NaN
   1.8599999999999823      -0.88477965437594897                            NaN
   1.8649999999999822      -0.83544175982712710                            NaN
   1.8699999999999821      -0.78419381793007426                            NaN
   1.8749999999999820      -0.73108640421619819                            NaN
   1.8799999999999819      -0.67617192929110126                            NaN
   1.8849999999999818      -0.61950458711162981                            NaN
   1.8899999999999817      -0.56114030150298722                            NaN
   1.8949999999999816      -0.50113667096865711                            NaN
   1.8999999999999815      -0.43955291184765377                            NaN
   1.9049999999999814      -0.37644979987513572                            NaN
   1.9099999999999813      -0.31188961020408223                            NaN
   1.9149999999999812      -0.24593605594725565                            NaN
   1.9199999999999811      -0.17865422530003849                            NaN
   1.9249999999999809      -0.11011051730624977                            NaN
   1.9299999999999808       -4.0372576330289123E-002                       NaN
   1.9349999999999807        3.0490774699659884E-002                       NaN
   1.9399999999999806       0.10240960221156692                            NaN
   1.9449999999999805       0.17531293100553846                            NaN
   1.9499999999999804       0.24912881429778899                            NaN
   1.9549999999999803       0.32378440472340442                            NaN
   1.9599999999999802       0.39920602622790902                            NaN
   1.9649999999999801       0.47531924677664905                            NaN
   1.9699999999999800       0.55204895181019920                            NaN
   1.9749999999999799       0.62931941837338101                            NaN
   1.9799999999999798       0.70705438984466862                            NaN
   1.9849999999999797       0.78517715119228537                            NaN
   1.9899999999999796       0.86361060468265227                            NaN
   1.9949999999999795       0.94227734596655977                            NaN
   1.9999999999999793        1.0210997404679070                            NaN
   2.0049999999999795        1.0999999999996732                            NaN
   2.0099999999999794        1.1789002595314395                            NaN
   2.0149999999999793        1.2577226540327922                            NaN
   2.0199999999999791        1.3363893953167014                            NaN
   2.0249999999999790        1.4148228488070704                            NaN
   2.0299999999999789        1.4929456101546856                            NaN
   2.0349999999999788        1.5706805816259810                            NaN
   2.0399999999999787        1.6479510481891670                            NaN
   2.0449999999999786        1.7246807532227222                            NaN
   2.0499999999999785        1.8007939737714631                            NaN
   2.0549999999999784        1.8762155952759780                            NaN
   2.0599999999999783        1.9508711857016001                            NaN
   2.0649999999999782        2.0246870689938534                            NaN
   2.0699999999999781        2.0975903977878372                            NaN
   2.0749999999999780        2.1695092252997528                            NaN
   2.0799999999999779        2.2403725763297109                            NaN
   2.0849999999999778        2.3101105173056773                            NaN
   2.0899999999999777        2.3786542252994796                            NaN
   2.0949999999999775        2.4459360559467078                            NaN
   2.0999999999999774        2.5118896102035420                            NaN
   2.1049999999999773        2.5764497998746072                            NaN
   2.1099999999999772        2.6395529118471410                            NaN
   2.1149999999999771        2.7011366709681570                            NaN
   2.1199999999999770        2.7611403015024969                            NaN
   2.1249999999999769        2.8195045871111564                            NaN
   2.1299999999999768        2.8761719292906425                            NaN
   2.1349999999999767        2.9310864042157538                            NaN
   2.1399999999999766        2.9841938179296417                            NaN
   2.1449999999999765        3.0354417598267132                            NaN
   2.1499999999999764        3.0847796543755512                            NaN
   2.1549999999999763        3.1321588110308691                            NaN
   2.1599999999999762        3.1775324722852094                            NaN
   2.1649999999999761        3.2208558598129389                            NaN
   2.1699999999999759        3.2620862186610640                            NaN
   2.1749999999999758        3.3011828594432009                            NaN
   2.1799999999999757        3.3381071984950972                            NaN
   2.1849999999999756        3.3728227959520356                            NaN
   2.1899999999999755        3.4052953917105890                            NaN
   2.1949999999999754        3.4354929392392117                            NaN
   2.1999999999999753        3.4633856372042842                            NaN
   2.2049999999999752        3.4889459588804428                            NaN
   2.2099999999999751        3.5121486793161258                            NaN
   2.2149999999999750        3.5329709002275647                            NaN
   2.2199999999999749        3.5513920725966153                            NaN
   2.2249999999999748        3.5673940169501650                            NaN
   2.2299999999999747        3.5809609413010737                            NaN
   2.2349999999999746        3.5920794567329635                            NaN
   2.2399999999999745        3.6007385906134570                            NaN
   2.2449999999999743        3.6069297974228434                            NaN
   2.2499999999999742        3.6106469671874764                            NaN
   2.2549999999999741        3.6118864315095771                            NaN
   2.2599999999999740        3.6106469671875021                            NaN
   2.2649999999999739        3.6069297974228949                            NaN
   2.2699999999999738        3.6007385906135334                            NaN
   2.2749999999999737        3.5920794567330656                            NaN
   2.2799999999999736        3.5809609413012011                            NaN
   2.2849999999999735        3.5673940169503173                            NaN
   2.2899999999999734        3.5513920725967933                            NaN
   2.2949999999999733        3.5329709002277676                            NaN
   2.2999999999999732        3.5121486793163545                            NaN
   2.3049999999999731        3.4889459588806950                            NaN
   2.3099999999999730        3.4633856372045604                            NaN
   2.3149999999999729        3.4354929392395115                            NaN
   2.3199999999999728        3.4052953917109141                            NaN
   2.3249999999999726        3.3728227959523824                            NaN
   2.3299999999999725        3.3381071984954671                            NaN
   2.3349999999999724        3.3011828594435957                            NaN
   2.3399999999999723        3.2620862186614787                            NaN
   2.3449999999999722        3.2208558598133754                            NaN
   2.3499999999999721        3.1775324722856673                            NaN
   2.3549999999999720        3.1321588110313510                            NaN
   2.3599999999999719        3.0847796543760504                            NaN
   2.3649999999999718        3.0354417598272327                            NaN
   2.3699999999999717        2.9841938179301808                            NaN
   2.3749999999999716        2.9310864042163116                            NaN
   2.3799999999999715        2.8761719292912185                            NaN
   2.3849999999999714        2.8195045871117506                            NaN
   2.3899999999999713        2.7611403015031115                            NaN
   2.3949999999999712        2.7011366709687845                            NaN
   2.3999999999999710        2.6395529118477850                            NaN
   2.4049999999999709        2.5764497998752667                            NaN
   2.4099999999999708        2.5118896102042196                            NaN
   2.4149999999999707        2.4459360559473957                            NaN
   2.4199999999999706        2.3786542253001812                            NaN
   2.4249999999999705        2.3101105173063949                            NaN
   2.4299999999999704        2.2403725763304365                            NaN
   2.4349999999999703        2.1695092253004900                            NaN
   2.4399999999999702        2.0975903977885850                            NaN
   2.4449999999999701        2.0246870689946155                            NaN
   2.4499999999999700        1.9508711857023668                            NaN
   2.4549999999999699        1.8762155952767530                            NaN
   2.4599999999999698        1.8007939737722456                            NaN
   2.4649999999999697        1.7246807532235113                            NaN
   2.4699999999999696        1.6479510481899622                            NaN
   2.4749999999999694        1.5706805816267817                            NaN
   2.4799999999999693        1.4929456101554950                            NaN
   2.4849999999999692        1.4148228488078789                            NaN
   2.4899999999999691        1.3363893953175126                            NaN
   2.4949999999999690        1.2577226540336055                            NaN
   2.4999999999999689        1.1789002595322584                            NaN
   2.5049999999999688        1.1000000000004924                            NaN
   2.5099999999999687        1.0210997404687259                            NaN
   2.5149999999999686       0.94227734596737744                            NaN
   2.5199999999999685       0.86361060468346795                            NaN
   2.5249999999999684       0.78517715119309828                            NaN
   2.5299999999999683       0.70705438984547775                            NaN
   2.5349999999999682       0.62931941837418592                            NaN
   2.5399999999999681       0.55204895181099878                            NaN
   2.5449999999999680       0.47531924677744264                            NaN
   2.5499999999999678       0.39920602622869583                            NaN
   2.5549999999999677       0.32378440472417935                            NaN
   2.5599999999999676       0.24912881429855993                            NaN
   2.5649999999999675       0.17531293100630441                            NaN
   2.5699999999999674       0.10240960221231477                            NaN
   2.5749999999999673        3.0490774700401291E-002                       NaN
   2.5799999999999672       -4.0372576329555043E-002                       NaN
   2.5849999999999671      -0.11011051730553167                            NaN
   2.5899999999999670      -0.17865422529933328                            NaN
   2.5949999999999669      -0.24593605594656776                            NaN
   2.5999999999999668      -0.31188961020340455                            NaN
   2.6049999999999667      -0.37644979987446936                            NaN
   2.6099999999999666      -0.43955291184700984                            NaN
   2.6149999999999665      -0.50113667096802561                            NaN
   2.6199999999999664      -0.56114030150236927                            NaN
   2.6249999999999662      -0.61950458711103562                            NaN
   2.6299999999999661      -0.67617192929052172                            NaN
   2.6349999999999660      -0.73108640421563420                            NaN
   2.6399999999999659      -0.78419381792953247                            NaN
   2.6449999999999658      -0.83544175982660485                            NaN
   2.6499999999999657      -0.88477965437544959                            NaN
   2.6549999999999656      -0.93215881103077169                            NaN
   2.6599999999999655      -0.97753247228511375                            NaN
   2.6649999999999654       -1.0208558598128499                            NaN
   2.6699999999999653       -1.0620862186609772                            NaN
   2.6749999999999652       -1.1011828594431190                            NaN
   2.6799999999999651       -1.1381071984950220                            NaN
   2.6849999999999650       -1.1728227959519630                            NaN
   2.6899999999999649       -1.2052953917105214                            NaN
   2.6949999999999648       -1.2354929392391503                            NaN
   2.6999999999999647       -1.2633856372042267                            NaN
   2.7049999999999645       -1.2889459588803889                            NaN
   2.7099999999999644       -1.3121486793160795                            NaN
   2.7149999999999643       -1.3329709002275223                            NaN
   2.7199999999999642       -1.3513920725965791                            NaN
   2.7249999999999641       -1.3673940169501329                            NaN
   2.7299999999999640       -1.3809609413010469                            NaN
   2.7349999999999639       -1.3920794567329424                            NaN
   2.7399999999999638       -1.4007385906134404                            NaN
   2.7449999999999637       -1.4069297974228325                            NaN
   2.7499999999999636       -1.4106469671874708                            NaN
   2.7549999999999635       -1.4118864315095769                            NaN
   2.7599999999999634       -1.4106469671875073                            NaN
   2.7649999999999633       -1.4069297974229049                            NaN
   2.7699999999999632       -1.4007385906135492                            NaN
   2.7749999999999631       -1.3920794567330863                            NaN
   2.7799999999999629       -1.3809609413012276                            NaN
   2.7849999999999628       -1.3673940169503491                            NaN
   2.7899999999999627       -1.3513920725968291                            NaN
   2.7949999999999626       -1.3329709002278092                            NaN
   2.7999999999999625       -1.3121486793164019                            NaN
   2.8049999999999624       -1.2889459588807455                            NaN
   2.8099999999999623       -1.2633856372046179                            NaN
   2.8149999999999622       -1.2354929392395753                            NaN
   2.8199999999999621       -1.2052953917109797                            NaN
   2.8249999999999620       -1.1728227959524546                            NaN
   2.8299999999999619       -1.1381071984955420                            NaN
   2.8349999999999618       -1.1011828594436754                            NaN
   2.8399999999999617       -1.0620862186615647                            NaN
   2.8449999999999616       -1.0208558598134636                            NaN
   2.8499999999999615      -0.97753247228576212                            NaN
   2.8549999999999613      -0.93215881103145071                            NaN
   2.8599999999999612      -0.88477965437615169                            NaN
   2.8649999999999611      -0.83544175982734092                            NaN
   2.8699999999999610      -0.78419381793029608                            NaN
   2.8749999999999609      -0.73108640421642468                            NaN
   2.8799999999999608      -0.67617192929133840                            NaN
   2.8849999999999607      -0.61950458711187761                            NaN
   2.8899999999999606      -0.56114030150323546                            NaN
   2.8949999999999605      -0.50113667096891534                            NaN
   2.8999999999999604      -0.43955291184791490                            NaN
   2.9049999999999603      -0.37644979987540372                            NaN
   2.9099999999999602      -0.31188961020435979                            NaN
   2.9149999999999601      -0.24593605594753520                            NaN
   2.9199999999999600      -0.17865422530032737                            NaN
   2.9249999999999599      -0.11011051730654375                            NaN
   2.9299999999999597       -4.0372576330583776E-002                       NaN
   2.9349999999999596        3.0490774699356793E-002                       NaN
   2.9399999999999595       0.10240960221125517                            NaN
   2.9449999999999594       0.17531293100523104                            NaN
   2.9499999999999593       0.24912881429747358                            NaN
   2.9549999999999592       0.32378440472308978                            NaN
   2.9599999999999591       0.39920602622759138                            NaN
   2.9649999999999590       0.47531924677632442                            NaN
   2.9699999999999589       0.55204895180987645                            NaN
   2.9749999999999588       0.62931941837305172                            NaN
   2.9799999999999587       0.70705438984433755                            NaN
   2.9849999999999586       0.78517715119195719                            NaN
   2.9899999999999585       0.86361060468231843                            NaN
   2.9949999999999584       0.94227734596622070                            NaN
   2.9999999999999583        1.0210997404675763                            NaN
