   5.0000000000000001E-003   1.1000000000000001        6.2792742474230332     
   1.0000000000000000E-002   1.3799486849587475        38.852385998319647     
   1.4999999999999999E-002   1.6596210943640550        267.07686268329996     
   2.0000000000000000E-002   1.9387412253130987        7768.9832387172173     
   2.5000000000000001E-002   2.2170336199352141        1571629.5364228194     
   3.0000000000000002E-002   2.4942236372355557        4067475420.6084852     
   3.5000000000000003E-002   2.7700377241326062        283901530605115.75     
   4.0000000000000001E-002   3.0442036854220360        1.1798188684738725E+021
   4.4999999999999998E-002   3.3164509524005088        6.6647906797393493E+029
   4.9999999999999996E-002   3.5865108498843297        1.1950140288422389E+041
   5.4999999999999993E-002   3.8541168613594068        1.6028653227740398E+055
   5.9999999999999991E-002   4.1190048920008806        3.7705719943002855E+072
   6.4999999999999988E-002   4.3809135293028270        3.5730489420195070E+093
   6.9999999999999993E-002   4.6395843010608431        3.0213738071306028E+118
   7.4999999999999997E-002   4.8947619304529031        4.7946072082352553E+147
   8.0000000000000002E-002   5.1461945879667663        2.8069136059061143E+181
   8.5000000000000006E-002   5.3936341399253003        1.0973572899028691E+220
   9.0000000000000011E-002   5.6368363933644581        4.7076642557328028E+263
   9.5000000000000015E-002   5.8755613370222619                            NaN
  0.10000000000000002        6.1095733782009312                            NaN
  0.10500000000000002        6.3386415752684417                            NaN
  0.11000000000000003        6.5625398655700220                            NaN
  0.11500000000000003        6.7810472885247162                            NaN
  0.12000000000000004        6.9939482036867879                            NaN
  0.12500000000000003        7.2010325035568084                            NaN
  0.13000000000000003        7.4020958209324021                            NaN
  0.13500000000000004        7.5969397305939808                            NaN
  0.14000000000000004        7.7853719451265064                            NaN
  0.14500000000000005        7.9672065046839275                            NaN
  0.15000000000000005        8.1422639605091138                            NaN
  0.15500000000000005        8.3103715520281103                            NaN
  0.16000000000000006        8.4713633773439607                            NaN
  0.16500000000000006        8.6250805569618603                            NaN
  0.17000000000000007        8.7713713905840223                            NaN
  0.17500000000000007        8.9100915068195707                            NaN
  0.18000000000000008        9.0411040056616621                            NaN
  0.18500000000000008        9.1642795935912726                            NaN
  0.19000000000000009        9.2794967111742821                            NaN
  0.19500000000000009        9.3866416530259666                            NaN
  0.20000000000000009        9.4856086800244874                            NaN
  0.20500000000000010        9.5763001236626266                            NaN
  0.21000000000000010        9.6586264824348298                            NaN
  0.21500000000000011        9.7325065101643649                            NaN
  0.22000000000000011        9.7978672961835098                            NaN
  0.22500000000000012        9.8546443372875654                            NaN
  0.23000000000000012        9.9027816013917391                            NaN
  0.23500000000000013        9.9422315828280414                            NaN
  0.24000000000000013        9.9729553492276484                            NaN
  0.24500000000000013        9.9949225799424486                            NaN
  0.25000000000000011        10.008111595967863                            NaN
  0.25500000000000012        10.012509381337404                            NaN
  0.26000000000000012        10.008111595967863                            NaN
  0.26500000000000012        9.9949225799424486                            NaN
  0.27000000000000013        9.9729553492276466                            NaN
  0.27500000000000013        9.9422315828280396                            NaN
  0.28000000000000014        9.9027816013917374                            NaN
  0.28500000000000014        9.8546443372875636                            NaN
  0.29000000000000015        9.7978672961835063                            NaN
  0.29500000000000015        9.7325065101643613                            NaN
  0.30000000000000016        9.6586264824348245                            NaN
  0.30500000000000016        9.5763001236626231                            NaN
  0.31000000000000016        9.4856086800244821                            NaN
  0.31500000000000017        9.3866416530259631                            NaN
  0.32000000000000017        9.2794967111742768                            NaN
  0.32500000000000018        9.1642795935912673                            NaN
  0.33000000000000018        9.0411040056616567                            NaN
  0.33500000000000019        8.9100915068195654                            NaN
  0.34000000000000019        8.7713713905840169                            NaN
  0.34500000000000020        8.6250805569618532                            NaN
  0.35000000000000020        8.4713633773439554                            NaN
  0.35500000000000020        8.3103715520281032                            NaN
  0.36000000000000021        8.1422639605091085                            NaN
  0.36500000000000021        7.9672065046839187                            NaN
  0.37000000000000022        7.7853719451264993                            NaN
  0.37500000000000022        7.5969397305939719                            NaN
  0.38000000000000023        7.4020958209323933                            NaN
  0.38500000000000023        7.2010325035567977                            NaN
  0.39000000000000024        6.9939482036867755                            NaN
  0.39500000000000024        6.7810472885247037                            NaN
  0.40000000000000024        6.5625398655700113                            NaN
  0.40500000000000025        6.3386415752684311                            NaN
  0.41000000000000025        6.1095733782009205                            NaN
  0.41500000000000026        5.8755613370222513                            NaN
  0.42000000000000026        5.6368363933644456                            NaN
  0.42500000000000027        5.3936341399252896                            NaN
  0.43000000000000027        5.1461945879667539                            NaN
  0.43500000000000028        4.8947619304528915                            NaN
  0.44000000000000028        4.6395843010608289                            NaN
  0.44500000000000028        4.3809135293028145                            NaN
  0.45000000000000029        4.1190048920008655                            NaN
  0.45500000000000029        3.8541168613593930                            NaN
  0.46000000000000030        3.5865108498843128                            NaN
  0.46500000000000030        3.3164509524004937                            NaN
  0.47000000000000031        3.0442036854220218                            NaN
  0.47500000000000031        2.7700377241325902                            NaN
  0.48000000000000032        2.4942236372355415                            NaN
  0.48500000000000032        2.2170336199351963                            NaN
  0.49000000000000032        1.9387412253130831                            NaN
  0.49500000000000033        1.6596210943640373                            NaN
  0.50000000000000033        1.3799486849587312                            NaN
  0.50500000000000034        1.0999999999999814                            NaN
  0.51000000000000034       0.82005131504123563                            NaN
  0.51500000000000035       0.54037890563592572                            NaN
  0.52000000000000035       0.26125877468688363                            NaN
  0.52500000000000036       -1.7033619935233668E-002                       NaN
  0.53000000000000036      -0.29422363723557421                            NaN
  0.53500000000000036      -0.57003772413262288                            NaN
  0.54000000000000037      -0.84420368542205448                            NaN
  0.54500000000000037       -1.1164509524005259                            NaN
  0.55000000000000038       -1.3865108498843486                            NaN
  0.55500000000000038       -1.6541168613594244                            NaN
  0.56000000000000039       -1.9190048920009004                            NaN
  0.56500000000000039       -2.1809135293028459                            NaN
  0.57000000000000040       -2.4395843010608633                            NaN
  0.57500000000000040       -2.6947619304529224                            NaN
  0.58000000000000040       -2.9461945879667879                            NaN
  0.58500000000000041       -3.1936341399253183                            NaN
  0.59000000000000041       -3.4368363933644779                            NaN
  0.59500000000000042       -3.6755613370222791                            NaN
  0.60000000000000042       -3.9095733782009510                            NaN
  0.60500000000000043       -4.1386415752684584                            NaN
  0.61000000000000043       -4.3625398655700369                            NaN
  0.61500000000000044       -4.5810472885247329                            NaN
  0.62000000000000044       -4.7939482036868011                            NaN
  0.62500000000000044       -5.0010325035568250                            NaN
  0.63000000000000045       -5.2020958209324153                            NaN
  0.63500000000000045       -5.3969397305939975                            NaN
  0.64000000000000046       -5.5853719451265214                            NaN
  0.64500000000000046       -5.7672065046839425                            NaN
  0.65000000000000047       -5.9422639605091270                            NaN
  0.65500000000000047       -6.1103715520281217                            NaN
  0.66000000000000048       -6.2713633773439756                            NaN
  0.66500000000000048       -6.4250805569618716                            NaN
  0.67000000000000048       -6.5713713905840336                            NaN
  0.67500000000000049       -6.7100915068195803                            NaN
  0.68000000000000049       -6.8411040056616716                            NaN
  0.68500000000000050       -6.9642795935912840                            NaN
  0.69000000000000050       -7.0794967111742917                            NaN
  0.69500000000000051       -7.1866416530259745                            NaN
  0.70000000000000051       -7.2856086800244935                            NaN
  0.70500000000000052       -7.3763001236626362                            NaN
  0.71000000000000052       -7.4586264824348358                            NaN
  0.71500000000000052       -7.5325065101643709                            NaN
  0.72000000000000053       -7.5978672961835141                            NaN
  0.72500000000000053       -7.6546443372875714                            NaN
  0.73000000000000054       -7.7027816013917434                            NaN
  0.73500000000000054       -7.7422315828280439                            NaN
  0.74000000000000055       -7.7729553492276509                            NaN
  0.74500000000000055       -7.7949225799424511                            NaN
  0.75000000000000056       -7.8081115959678655                            NaN
  0.75500000000000056       -7.8125093813374047                            NaN
  0.76000000000000056       -7.8081115959678637                            NaN
  0.76500000000000057       -7.7949225799424458                            NaN
  0.77000000000000057       -7.7729553492276455                            NaN
  0.77500000000000058       -7.7422315828280368                            NaN
  0.78000000000000058       -7.7027816013917345                            NaN
  0.78500000000000059       -7.6546443372875590                            NaN
  0.79000000000000059       -7.5978672961835017                            NaN
  0.79500000000000060       -7.5325065101643549                            NaN
  0.80000000000000060       -7.4586264824348198                            NaN
  0.80500000000000060       -7.3763001236626167                            NaN
  0.81000000000000061       -7.2856086800244757                            NaN
  0.81500000000000061       -7.1866416530259531                            NaN
  0.82000000000000062       -7.0794967111742668                            NaN
  0.82500000000000062       -6.9642795935912574                            NaN
  0.83000000000000063       -6.8411040056616486                            NaN
  0.83500000000000063       -6.7100915068195519                            NaN
  0.84000000000000064       -6.5713713905840034                            NaN
  0.84500000000000064       -6.4250805569618397                            NaN
  0.85000000000000064       -6.2713633773439419                            NaN
  0.85500000000000065       -6.1103715520280879                            NaN
  0.86000000000000065       -5.9422639605090914                            NaN
  0.86500000000000066       -5.7672065046839052                            NaN
  0.87000000000000066       -5.5853719451264841                            NaN
  0.87500000000000067       -5.3969397305939601                            NaN
  0.88000000000000067       -5.2020958209323744                            NaN
  0.88500000000000068       -5.0010325035567806                            NaN
  0.89000000000000068       -4.7939482036867584                            NaN
  0.89500000000000068       -4.5810472885246885                            NaN
  0.90000000000000069       -4.3625398655699907                            NaN
  0.90500000000000069       -4.1386415752684087                            NaN
  0.91000000000000070       -3.9095733782009012                            NaN
  0.91500000000000070       -3.6755613370222320                            NaN
  0.92000000000000071       -3.4368363933644228                            NaN
  0.92500000000000071       -3.1936341399252650                            NaN
  0.93000000000000071       -2.9461945879667337                            NaN
  0.93500000000000072       -2.6947619304528714                            NaN
  0.94000000000000072       -2.4395843010608118                            NaN
  0.94500000000000073       -2.1809135293027899                            NaN
  0.95000000000000073       -1.9190048920008436                            NaN
  0.95500000000000074       -1.6541168613593706                            NaN
  0.96000000000000074       -1.3865108498842944                            NaN
  0.96500000000000075       -1.1164509524004678                            NaN
  0.97000000000000075      -0.84420368542199564                            NaN
  0.97500000000000075      -0.57003772413256781                            NaN
  0.98000000000000076      -0.29422363723551892                            NaN
  0.98500000000000076       -1.7033619935170163E-002                       NaN
  0.99000000000000077       0.26125877468694347                            NaN
  0.99500000000000077       0.54037890563598556                            NaN
   1.0000000000000007       0.82005131504129158                            NaN
   1.0050000000000006        1.1000000000000374                            NaN
   1.0100000000000005        1.3799486849587754                            NaN
   1.0150000000000003        1.6596210943640812                            NaN
   1.0200000000000002        1.9387412253131153                            NaN
   1.0250000000000001        2.2170336199352212                            NaN
   1.0300000000000000        2.4942236372355615                            NaN
   1.0349999999999999        2.7700377241326026                            NaN
   1.0399999999999998        3.0442036854220302                            NaN
   1.0449999999999997        3.3164509524004946                            NaN
   1.0499999999999996        3.5865108498843137                            NaN
   1.0549999999999995        3.8541168613593824                            NaN
   1.0599999999999994        4.1190048920008557                            NaN
   1.0649999999999993        4.3809135293027932                            NaN
   1.0699999999999992        4.6395843010608075                            NaN
   1.0749999999999991        4.8947619304528605                            NaN
   1.0799999999999990        5.1461945879667166                            NaN
   1.0849999999999989        5.3936341399252488                            NaN
   1.0899999999999987        5.6368363933643995                            NaN
   1.0949999999999986        5.8755613370222033                            NaN
   1.0999999999999985        6.1095733782008654                            NaN
   1.1049999999999984        6.3386415752683742                            NaN
   1.1099999999999983        6.5625398655699492                            NaN
   1.1149999999999982        6.7810472885246433                            NaN
   1.1199999999999981        6.9939482036867098                            NaN
   1.1249999999999980        7.2010325035567266                            NaN
   1.1299999999999979        7.4020958209323204                            NaN
   1.1349999999999978        7.5969397305938973                            NaN
   1.1399999999999977        7.7853719451264229                            NaN
   1.1449999999999976        7.9672065046838405                            NaN
   1.1499999999999975        8.1422639605090303                            NaN
   1.1549999999999974        8.3103715520280250                            NaN
   1.1599999999999973        8.4713633773438772                            NaN
   1.1649999999999971        8.6250805569617750                            NaN
   1.1699999999999970        8.7713713905839370                            NaN
   1.1749999999999969        8.9100915068194890                            NaN
   1.1799999999999968        9.0411040056615821                            NaN
   1.1849999999999967        9.1642795935911945                            NaN
   1.1899999999999966        9.2794967111742057                            NaN
   1.1949999999999965        9.3866416530258956                            NaN
   1.1999999999999964        9.4856086800244181                            NaN
   1.2049999999999963        9.5763001236625644                            NaN
   1.2099999999999962        9.6586264824347694                            NaN
   1.2149999999999961        9.7325065101643080                            NaN
   1.2199999999999960        9.7978672961834601                            NaN
   1.2249999999999959        9.8546443372875210                            NaN
   1.2299999999999958        9.9027816013917018                            NaN
   1.2349999999999957        9.9422315828280095                            NaN
   1.2399999999999956        9.9729553492276235                            NaN
   1.2449999999999954        9.9949225799424326                            NaN
   1.2499999999999953        10.008111595967856                            NaN
   1.2549999999999952        10.012509381337404                            NaN
   1.2599999999999951        10.008111595967872                            NaN
   1.2649999999999950        9.9949225799424646                            NaN
   1.2699999999999949        9.9729553492276732                            NaN
   1.2749999999999948        9.9422315828280770                            NaN
   1.2799999999999947        9.9027816013917835                            NaN
   1.2849999999999946        9.8546443372876205                            NaN
   1.2899999999999945        9.7978672961835738                            NaN
   1.2949999999999944        9.7325065101644412                            NaN
   1.2999999999999943        9.6586264824349168                            NaN
   1.3049999999999942        9.5763001236627243                            NaN
   1.3099999999999941        9.4856086800245993                            NaN
   1.3149999999999940        9.3866416530260892                            NaN
   1.3199999999999938        9.2794967111744153                            NaN
   1.3249999999999937        9.1642795935914165                            NaN
   1.3299999999999936        9.0411040056618255                            NaN
   1.3349999999999935        8.9100915068197430                            NaN
   1.3399999999999934        8.7713713905842052                            NaN
   1.3449999999999933        8.6250805569620539                            NaN
   1.3499999999999932        8.4713633773441757                            NaN
   1.3549999999999931        8.3103715520283341                            NaN
   1.3599999999999930        8.1422639605093501                            NaN
   1.3649999999999929        7.9672065046841833                            NaN
   1.3699999999999928        7.7853719451267729                            NaN
   1.3749999999999927        7.5969397305942579                            NaN
   1.3799999999999926        7.4020958209326881                            NaN
   1.3849999999999925        7.2010325035571174                            NaN
   1.3899999999999924        6.9939482036871041                            NaN
   1.3949999999999922        6.7810472885250430                            NaN
   1.3999999999999921        6.5625398655703719                            NaN
   1.4049999999999920        6.3386415752688006                            NaN
   1.4099999999999919        6.1095733782013006                            NaN
   1.4149999999999918        5.8755613370226403                            NaN
   1.4199999999999917        5.6368363933648595                            NaN
   1.4249999999999916        5.3936341399257106                            NaN
   1.4299999999999915        5.1461945879671873                            NaN
   1.4349999999999914        4.8947619304533312                            NaN
   1.4399999999999913        4.6395843010612925                            NaN
   1.4449999999999912        4.3809135293032844                            NaN
   1.4499999999999911        4.1190048920013442                            NaN
   1.4549999999999910        3.8541168613598922                            NaN
   1.4599999999999909        3.5865108498848208                            NaN
   1.4649999999999908        3.3164509524010057                            NaN
   1.4699999999999906        3.0442036854225378                            NaN
   1.4749999999999905        2.7700377241331289                            NaN
   1.4799999999999904        2.4942236372360829                            NaN
   1.4849999999999903        2.2170336199357448                            NaN
   1.4899999999999902        1.9387412253136489                            NaN
   1.4949999999999901        1.6596210943646081                            NaN
   1.4999999999999900        1.3799486849593030                            NaN
   1.5049999999999899        1.1000000000005574                            NaN
   1.5099999999999898       0.82005131504182716                            NaN
   1.5149999999999897       0.54037890563652025                            NaN
   1.5199999999999896       0.26125877468747671                            NaN
   1.5249999999999895       -1.7033619934638589E-002                       NaN
   1.5299999999999894      -0.29422363723496625                            NaN
   1.5349999999999893      -0.57003772413201803                            NaN
   1.5399999999999892      -0.84420368542144986                            NaN
   1.5449999999999890       -1.1164509523999104                            NaN
   1.5499999999999889       -1.3865108498837344                            NaN
   1.5549999999999888       -1.6541168613588164                            NaN
   1.5599999999999887       -1.9190048920002951                            NaN
   1.5649999999999886       -2.1809135293022326                            NaN
   1.5699999999999885       -2.4395843010602549                            NaN
   1.5749999999999884       -2.6947619304523216                            NaN
   1.5799999999999883       -2.9461945879661928                            NaN
   1.5849999999999882       -3.1936341399247197                            NaN
   1.5899999999999881       -3.4368363933638872                            NaN
   1.5949999999999880       -3.6755613370217000                            NaN
   1.5999999999999879       -3.9095733782003665                            NaN
   1.6049999999999878       -4.1386415752678865                            NaN
   1.6099999999999877       -4.3625398655694791                            NaN
   1.6149999999999876       -4.5810472885241857                            NaN
   1.6199999999999875       -4.7939482036862557                            NaN
   1.6249999999999873       -5.0010325035562921                            NaN
   1.6299999999999872       -5.2020958209319001                            NaN
   1.6349999999999871       -5.3969397305934841                            NaN
   1.6399999999999870       -5.5853719451260258                            NaN
   1.6449999999999869       -5.7672065046834611                            NaN
   1.6499999999999868       -5.9422639605086651                            NaN
   1.6549999999999867       -6.1103715520276705                            NaN
   1.6599999999999866       -6.2713633773435387                            NaN
   1.6649999999999865       -6.4250805569614560                            NaN
   1.6699999999999864       -6.5713713905836375                            NaN
   1.6749999999999863       -6.7100915068191984                            NaN
   1.6799999999999862       -6.8411040056613110                            NaN
   1.6849999999999861       -6.9642795935909430                            NaN
   1.6899999999999860       -7.0794967111739666                            NaN
   1.6949999999999859       -7.1866416530256743                            NaN
   1.6999999999999857       -7.2856086800242164                            NaN
   1.7049999999999856       -7.3763001236623804                            NaN
   1.7099999999999855       -7.4586264824346014                            NaN
   1.7149999999999854       -7.5325065101641613                            NaN
   1.7199999999999853       -7.5978672961833311                            NaN
   1.7249999999999852       -7.6546443372874098                            NaN
   1.7299999999999851       -7.7027816013916084                            NaN
   1.7349999999999850       -7.7422315828279356                            NaN
   1.7399999999999849       -7.7729553492275691                            NaN
   1.7449999999999848       -7.7949225799423942                            NaN
   1.7499999999999847       -7.8081115959678353                            NaN
   1.7549999999999846       -7.8125093813374047                            NaN
   1.7599999999999845       -7.8081115959678904                            NaN
   1.7649999999999844       -7.7949225799425044                            NaN
   1.7699999999999843       -7.7729553492277308                            NaN
   1.7749999999999841       -7.7422315828281505                            NaN
   1.7799999999999840       -7.7027816013918802                            NaN
   1.7849999999999839       -7.6546443372877331                            NaN
   1.7899999999999838       -7.5978672961837059                            NaN
   1.7949999999999837       -7.5325065101645876                            NaN
   1.7999999999999836       -7.4586264824350845                            NaN
   1.8049999999999835       -7.3763001236629115                            NaN
   1.8099999999999834       -7.2856086800247990                            NaN
   1.8149999999999833       -7.1866416530263120                            NaN
   1.8199999999999832       -7.0794967111746558                            NaN
   1.8249999999999831       -6.9642795935916730                            NaN
   1.8299999999999830       -6.8411040056620909                            NaN
   1.8349999999999829       -6.7100915068200333                            NaN
   1.8399999999999828       -6.5713713905845115                            NaN
   1.8449999999999827       -6.4250805569623761                            NaN
   1.8499999999999825       -6.2713633773445050                            NaN
   1.8549999999999824       -6.1103715520286883                            NaN
   1.8599999999999823       -5.9422639605097185                            NaN
   1.8649999999999822       -5.7672065046845571                            NaN
   1.8699999999999821       -5.5853719451271715                            NaN
   1.8749999999999820       -5.3969397305946707                            NaN
   1.8799999999999819       -5.2020958209331134                            NaN
   1.8849999999999818       -5.0010325035575445                            NaN
   1.8899999999999817       -4.7939482036875560                            NaN
   1.8949999999999816       -4.5810472885255091                            NaN
   1.8999999999999815       -4.3625398655708363                            NaN
   1.9049999999999814       -4.1386415752692880                            NaN
   1.9099999999999813       -3.9095733782017992                            NaN
   1.9149999999999812       -3.6755613370231495                            NaN
   1.9199999999999811       -3.4368363933653643                            NaN
   1.9249999999999809       -3.1936341399262385                            NaN
   1.9299999999999808       -2.9461945879677232                            NaN
   1.9349999999999807       -2.6947619304538759                            NaN
   1.9399999999999806       -2.4395843010618310                            NaN
   1.9449999999999805       -2.1809135293038446                            NaN
   1.9499999999999804       -1.9190048920019112                            NaN
   1.9549999999999803       -1.6541168613604498                            NaN
   1.9599999999999802       -1.3865108498853989                            NaN
   1.9649999999999801       -1.1164509524015895                            NaN
   1.9699999999999800      -0.84420368542312585                            NaN
   1.9749999999999799      -0.57003772413370513                            NaN
   1.9799999999999798      -0.29422363723667799                            NaN
   1.9849999999999797       -1.7033619936342559E-002                       NaN
   1.9899999999999796       0.26125877468576708                            NaN
   1.9949999999999795       0.54037890563480639                            NaN
   1.9999999999999793       0.82005131504009476                            NaN
   2.0049999999999795        1.0999999999988399                            NaN
   2.0099999999999794        1.3799486849575864                            NaN
   2.0149999999999793        1.6596210943628940                            NaN
   2.0199999999999791        1.9387412253119392                            NaN
   2.0249999999999790        2.2170336199340563                            NaN
   2.0299999999999789        2.4942236372343869                            NaN
   2.0349999999999788        2.7700377241314413                            NaN
   2.0399999999999787        3.0442036854208769                            NaN
   2.0449999999999786        3.3164509523993573                            NaN
   2.0499999999999785        3.5865108498831710                            NaN
   2.0549999999999784        3.8541168613582584                            NaN
   2.0599999999999783        4.1190048919997428                            NaN
   2.0649999999999782        4.3809135293016874                            NaN
   2.0699999999999781        4.6395843010597169                            NaN
   2.0749999999999780        4.8947619304517911                            NaN
   2.0799999999999779        5.1461945879656703                            NaN
   2.0849999999999778        5.3936341399242060                            NaN
   2.0899999999999777        5.6368363933633816                            NaN
   2.0949999999999775        5.8755613370212050                            NaN
   2.0999999999999774        6.1095733781998813                            NaN
   2.1049999999999773        6.3386415752674115                            NaN
   2.1099999999999772        6.5625398655690148                            NaN
   2.1149999999999771        6.7810472885237338                            NaN
   2.1199999999999770        6.9939482036858180                            NaN
   2.1249999999999769        7.2010325035558651                            NaN
   2.1299999999999768        7.4020958209314855                            NaN
   2.1349999999999767        7.5969397305930944                            NaN
   2.1399999999999766        7.7853719451256360                            NaN
   2.1449999999999765        7.9672065046830873                            NaN
   2.1499999999999764        8.1422639605083056                            NaN
   2.1549999999999763        8.3103715520273251                            NaN
   2.1599999999999762        8.4713633773432093                            NaN
   2.1649999999999761        8.6250805569611426                            NaN
   2.1699999999999759        8.7713713905833401                            NaN
   2.1749999999999758        8.9100915068189153                            NaN
   2.1799999999999757        9.0411040056610439                            NaN
   2.1849999999999756        9.1642795935906918                            NaN
   2.1899999999999755        9.2794967111737314                            NaN
   2.1949999999999754        9.3866416530254586                            NaN
   2.1999999999999753        9.4856086800240167                            NaN
   2.2049999999999752        9.5763001236621985                            NaN
   2.2099999999999751        9.6586264824344372                            NaN
   2.2149999999999750        9.7325065101640149                            NaN
   2.2199999999999749        9.7978672961832025                            NaN
   2.2249999999999748        9.8546443372873025                            NaN
   2.2299999999999747        9.9027816013915153                            NaN
   2.2349999999999746        9.9422315828278620                            NaN
   2.2399999999999745        9.9729553492275134                            NaN
   2.2449999999999743        9.9949225799423562                            NaN
   2.2499999999999742        10.008111595967817                            NaN
   2.2549999999999741        10.012509381337404                            NaN
   2.2599999999999740        10.008111595967909                            NaN
   2.2649999999999739        9.9949225799425392                            NaN
   2.2699999999999738        9.9729553492277851                            NaN
   2.2749999999999737        9.9422315828282244                            NaN
   2.2799999999999736        9.9027816013919683                            NaN
   2.2849999999999735        9.8546443372878425                            NaN
   2.2899999999999734        9.7978672961838331                            NaN
   2.2949999999999733        9.7325065101647343                            NaN
   2.2999999999999732        9.6586264824352472                            NaN
   2.3049999999999731        9.5763001236630920                            NaN
   2.3099999999999730        9.4856086800249972                            NaN
   2.3149999999999729        9.3866416530265209                            NaN
   2.3199999999999728        9.2794967111748878                            NaN
   2.3249999999999726        9.1642795935919228                            NaN
   2.3299999999999725        9.0411040056623566                            NaN
   2.3349999999999724        8.9100915068203168                            NaN
   2.3399999999999723        8.7713713905848110                            NaN
   2.3449999999999722        8.6250805569626898                            NaN
   2.3499999999999721        8.4713633773448347                            NaN
   2.3549999999999720        8.3103715520290340                            NaN
   2.3599999999999719        8.1422639605100766                            NaN
   2.3649999999999718        7.9672065046849312                            NaN
   2.3699999999999717        7.7853719451275492                            NaN
   2.3749999999999716        7.5969397305950732                            NaN
   2.3799999999999715        7.4020958209335301                            NaN
   2.3849999999999714        7.2010325035579736                            NaN
   2.3899999999999713        6.9939482036879976                            NaN
   2.3949999999999712        6.7810472885259614                            NaN
   2.3999999999999710        6.5625398655713010                            NaN
   2.4049999999999709        6.3386415752697509                            NaN
   2.4099999999999708        6.1095733782022847                            NaN
   2.4149999999999707        5.8755613370236457                            NaN
   2.4199999999999706        5.6368363933658721                            NaN
   2.4249999999999705        5.3936341399267533                            NaN
   2.4299999999999704        5.1461945879682460                            NaN
   2.4349999999999703        4.8947619304544077                            NaN
   2.4399999999999702        4.6395843010623707                            NaN
   2.4449999999999701        4.3809135293043902                            NaN
   2.4499999999999700        4.1190048920024633                            NaN
   2.4549999999999699        3.8541168613610082                            NaN
   2.4599999999999698        3.5865108498859475                            NaN
   2.4649999999999697        3.3164509524021581                            NaN
   2.4699999999999696        3.0442036854236987                            NaN
   2.4749999999999694        2.7700377241342817                            NaN
   2.4799999999999693        2.4942236372372579                            NaN
   2.4849999999999692        2.2170336199369247                            NaN
   2.4899999999999691        1.9387412253148173                            NaN
   2.4949999999999690        1.6596210943657796                            NaN
   2.4999999999999689        1.3799486849604921                            NaN
   2.5049999999999688        1.1000000000017471                            NaN
   2.5099999999999687       0.82005131504300033                            NaN
   2.5149999999999686       0.54037890563770752                            NaN
   2.5199999999999685       0.26125877468866121                            NaN
   2.5249999999999684       -1.7033619933458199E-002                       NaN
   2.5299999999999683      -0.29422363723380673                            NaN
   2.5349999999999682      -0.57003772413084941                            NaN
   2.5399999999999681      -0.84420368542028879                            NaN
   2.5449999999999680       -1.1164509523987736                            NaN
   2.5499999999999678       -1.3865108498826073                            NaN
   2.5549999999999677       -1.6541168613577000                            NaN
   2.5599999999999676       -1.9190048919991760                            NaN
   2.5649999999999675       -2.1809135293011268                            NaN
   2.5699999999999674       -2.4395843010591780                            NaN
   2.5749999999999673       -2.6947619304512456                            NaN
   2.5799999999999672       -2.9461945879651190                            NaN
   2.5849999999999671       -3.1936341399236912                            NaN
   2.5899999999999670       -3.4368363933628623                            NaN
   2.5949999999999669       -3.6755613370207079                            NaN
   2.5999999999999668       -3.9095733781993949                            NaN
   2.6049999999999667       -4.1386415752669237                            NaN
   2.6099999999999666       -4.3625398655685519                            NaN
   2.6149999999999665       -4.5810472885232674                            NaN
   2.6199999999999664       -4.7939482036853640                            NaN
   2.6249999999999662       -5.0010325035554359                            NaN
   2.6299999999999661       -5.2020958209310582                            NaN
   2.6349999999999660       -5.3969397305926705                            NaN
   2.6399999999999659       -5.5853719451252477                            NaN
   2.6449999999999658       -5.7672065046827043                            NaN
   2.6499999999999657       -5.9422639605079457                            NaN
   2.6549999999999656       -6.1103715520269795                            NaN
   2.6599999999999655       -6.2713633773428707                            NaN
   2.6649999999999654       -6.4250805569608271                            NaN
   2.6699999999999653       -6.5713713905830318                            NaN
   2.6749999999999652       -6.7100915068186247                            NaN
   2.6799999999999651       -6.8411040056607781                            NaN
   2.6849999999999650       -6.9642795935904349                            NaN
   2.6899999999999649       -7.0794967111734941                            NaN
   2.6949999999999648       -7.1866416530252426                            NaN
   2.6999999999999647       -7.2856086800238131                            NaN
   2.7049999999999645       -7.3763001236620092                            NaN
   2.7099999999999644       -7.4586264824342745                            NaN
   2.7149999999999643       -7.5325065101638664                            NaN
   2.7199999999999642       -7.5978672961830753                            NaN
   2.7249999999999641       -7.6546443372871895                            NaN
   2.7299999999999640       -7.7027816013914219                            NaN
   2.7349999999999639       -7.7422315828277881                            NaN
   2.7399999999999638       -7.7729553492274572                            NaN
   2.7449999999999637       -7.7949225799423196                            NaN
   2.7499999999999636       -7.8081115959677998                            NaN
   2.7549999999999635       -7.8125093813374047                            NaN
   2.7599999999999634       -7.8081115959679277                            NaN
   2.7649999999999633       -7.7949225799425772                            NaN
   2.7699999999999632       -7.7729553492278427                            NaN
   2.7749999999999631       -7.7422315828282979                            NaN
   2.7799999999999629       -7.7027816013920631                            NaN
   2.7849999999999628       -7.6546443372879569                            NaN
   2.7899999999999627       -7.5978672961839617                            NaN
   2.7949999999999626       -7.5325065101648843                            NaN
   2.7999999999999625       -7.4586264824354167                            NaN
   2.8049999999999624       -7.3763001236632739                            NaN
   2.8099999999999623       -7.2856086800252022                            NaN
   2.8149999999999622       -7.1866416530267507                            NaN
   2.8199999999999621       -7.0794967111751195                            NaN
   2.8249999999999620       -6.9642795935921793                            NaN
   2.8299999999999619       -6.8411040056626238                            NaN
   2.8349999999999618       -6.7100915068206000                            NaN
   2.8399999999999617       -6.5713713905851172                            NaN
   2.8449999999999616       -6.4250805569630050                            NaN
   2.8499999999999615       -6.2713633773451729                            NaN
   2.8549999999999613       -6.1103715520293882                            NaN
   2.8599999999999612       -5.9422639605104379                            NaN
   2.8649999999999611       -5.7672065046853156                            NaN
   2.8699999999999610       -5.5853719451279584                            NaN
   2.8749999999999609       -5.3969397305954754                            NaN
   2.8799999999999608       -5.2020958209339554                            NaN
   2.8849999999999607       -5.0010325035584238                            NaN
   2.8899999999999606       -4.7939482036884371                            NaN
   2.8949999999999605       -4.5810472885264240                            NaN
   2.8999999999999604       -4.3625398655717635                            NaN
   2.9049999999999603       -4.1386415752702383                            NaN
   2.9099999999999602       -3.9095733782027842                            NaN
   2.9149999999999601       -3.6755613370241407                            NaN
   2.9199999999999600       -3.4368363933663901                            NaN
   2.9249999999999599       -3.1936341399272812                            NaN
   2.9299999999999597       -2.9461945879687685                            NaN
   2.9349999999999596       -2.6947619304549524                            NaN
   2.9399999999999595       -2.4395843010629372                            NaN
   2.9449999999999594       -2.1809135293049353                            NaN
   2.9499999999999593       -1.9190048920030303                            NaN
   2.9549999999999592       -1.6541168613615662                            NaN
   2.9599999999999591       -1.3865108498865260                            NaN
   2.9649999999999590       -1.1164509524027415                            NaN
   2.9699999999999589      -0.84420368542427093                            NaN
   2.9749999999999588      -0.57003772413487352                            NaN
   2.9799999999999587      -0.29422363723785283                            NaN
   2.9849999999999586       -1.7033619937506739E-002                       NaN
   2.9899999999999585       0.26125877468458281                            NaN
   2.9949999999999584       0.54037890563360325                            NaN
   2.9999999999999583       0.82005131503892148                            NaN
