  0.88258692747142375        0.0000000000000000        0.0000000000000000     
   1.7651738549428475        6.2827259650070867E-003  0.21221302984982460     
   2.6477607824142710        1.2562696118759887E-002  0.35158063186050842     
   3.5303477098856950        1.8837155858794006E-002  0.45352317308123979     
   4.4129346373571190        2.5103352999694645E-002  0.53548032401954027     
   5.2955215648285430        3.1358538980296037E-002  0.60614139819265467     
   6.1781084922999669        3.7599970069291277E-002  0.66991327669068579     
   7.0606954197713909        4.3824908568723488E-002  0.72909077414780155     
   7.9432823472428149        5.0030624014830681E-002  0.78491583293442302     
   8.8258692747142380        5.6214394375717389E-002  0.83809758679792790     
   9.7084562021856620        6.2373507245327794E-002  0.88906974726293986     
   10.591043129657086        6.8505261033196721E-002  0.93811931296398920     
   11.473630057128510        7.4606966149456430E-002  0.98545180368562002     
   12.356216984599934        8.0675946184579711E-002   1.0312249029139431     
   13.238803912071358        8.6709539083341489E-002   1.0755661997860950     
   14.121390839542782        9.2705098312484233E-002   1.1185828151292510     
   15.003977767014206        9.8659994021574965E-002   1.1603668132577660     
   15.886564694485630       0.10457161419654457        1.2009983797608463     
   16.769151621957054       0.11043736580540339        1.2405477857508902     
   17.651738549428476       0.11625467593563091        1.2790766740464756     
   18.534325476899898       0.12202099292274005        1.3166389542227879     
   19.416912404371320       0.12773378746952177        1.3532814639752826     
   20.299499331842743       0.13339055375547820        1.3890444854952244     
   21.182086259314165       0.13898881053595849        1.4239621682864581     
   22.064673186785587       0.14452610223051451        1.4580628891914520     
   22.947260114257009       0.14999999999999994        1.4913695686735569     
   23.829847041728431       0.15540810281193898        1.5238999555963537     
   24.712433969199854       0.16074803849369892        1.5556668886982408     
   25.595020896671276       0.16601746477300316        1.5866785405035642     
   26.477607824142698       0.17121407030532940        1.6169386478849261     
   27.360194751614120       0.17633557568774183        1.6464467325188270     
   28.242781679085542       0.18137973445871233        1.6751983138405557     
   29.125368606556965       0.18634433408349299        1.7031851166740271     
   30.007955534028387       0.19122719692460680        1.7303952754084850     
   30.890542461499809       0.19602618119703150        1.7568135363692041     
   31.773129388971231       0.20073918190765733        1.7824214598517696     
   32.655716316442657       0.20536413177860649        1.8071976231403091     
   33.538303243914079       0.20989900215400950        1.8311178256967391     
   34.420890171385501       0.21434180388984087        1.8541552975814930     
   35.303477098856924       0.21869058822642329        1.8762809120419612     
   36.186064026328346       0.22294344764321811        1.8974634030778545     
   37.068650953799768       0.22709851669552678        1.9176695886616455     
   37.951237881271190       0.23115397283273659        1.9368646001543144     
   38.833824808742612       0.23510803719775178        1.9550121183117624     
   39.716411736214035       0.23895897540725869        1.9720746161239944     
   40.598998663685457       0.24270509831248405        1.9880136085683628     
   41.481585591156879       0.24634476274011102        2.0027899091890871     
   42.364172518628301       0.24987637221302969        2.0163638932401695     
   43.246759446099723       0.25329837765060437        2.0286957669464063     
   44.129346373571146       0.25660927804815181        2.0397458422521155     
   45.011933301042568       0.25980762113533146        2.0494748162381318     
   45.894520228513990       0.26289200401315888        2.0578440541992284     
   46.777107155985412       0.26586107376936424        2.0648158751873966     
   47.659694083456834       0.26871352807182369        2.0703538386451652     
   48.542281010928257       0.27144811573980565        2.0744230305798044     
   49.424867938399679       0.27406363729278010        2.0769903475678713     
   50.307454865871101       0.27655894547655002        2.0780247767325757     
   51.190041793342523       0.27893294576647526        2.0774976697088130     
   52.072628720813945       0.28118459684756730        2.0753830085043337     
   52.955215648285368       0.28331291107124418        2.0716576610853323     
   53.837802575756790       0.28531695488854597        2.0663016244623296     
   54.720389503228212       0.28719584925962005        2.0592982530323125     
   55.602976430699634       0.28894877003929731        2.0506344699456545     
   56.485563358171056       0.29057494833858921        2.0403009593159549     
   57.368150285642479       0.29207367086194796        2.0282923371761408     
   58.250737213113901       0.29344428022014157        2.0146072992074182     
   59.133324140585323       0.29468617521860652        1.9992487434277506     
   60.015911068056745       0.29579881112115136        1.9822238662221894     
   60.898497995528167       0.29678169988889641        1.9635442303270807     
   61.781084922999590       0.29763441039434330        1.9432258036406387     
   62.663671850471012       0.29835656861048193        1.9212889680203449     
   63.546258777942434       0.29894785777485122        1.8977584975378083     
   64.428845705413863       0.29940801852848142        1.8726635059901189     
   65.311432632885285       0.29973684902965747        1.8460373638069565     
   66.194019560356708       0.29993420504245366        1.8179175848380889     
   67.076606487828130       0.29999999999999999        1.7883456838516942     
   67.959193415299552       0.29993420504245366        1.7573670059119417     
   68.841780342770974       0.29973684902965753        1.7250305291285575     
   69.724367270242396       0.29940801852848148        1.6913886425766460     
   70.606954197713819       0.29894785777485133        1.6564969014635267     
   71.489541125185241       0.29835656861048204        1.6204137618685679     
   72.372128052656663       0.29763441039434341        1.5832002975949451     
   73.254714980128085       0.29678169988889658        1.5449199018466806     
   74.137301907599507       0.29579881112115158        1.5056379765769243     
   75.019888835070930       0.29468617521860668        1.4654216124430208     
   75.902475762542352       0.29344428022014185        1.4243392623481828     
   76.785062690013774       0.29207367086194819        1.3824604115513461     
   77.667649617485196       0.29057494833858949        1.3398552472847447     
   78.550236544956618       0.28894877003929764        1.2965943307360408     
   79.432823472428041       0.28719584925962038        1.2527482741322391     
   80.315410399899463       0.28531695488854630        1.2083874255082230     
   81.197997327370885       0.28331291107124457        1.1635815635583340     
   82.080584254842307       0.28118459684756769        1.1183996047608675     
   82.963171182313729       0.27893294576647570        1.0729093247349617     
   83.845758109785152       0.27655894547655047        1.0271770955453035     
   84.728345037256574       0.27406363729278060       0.98126764041495917     
   85.610931964727996       0.27144811573980615       0.93524380704664645     
   86.493518892199418       0.26871352807182419       0.88916636049306419     
   87.376105819670840       0.26586107376936480       0.84309379626000958     
   88.258692747142263       0.26289200401315949       0.79708217407884596     
   89.141279674613685       0.25980762113533201       0.75118497254799044     
   90.023866602085107       0.25660927804815242       0.70545296462117324     
   90.906453529556529       0.25329837765060498       0.65993411371614830     
   91.789040457027951       0.24987637221303033       0.61467349003102723     
   92.671627384499374       0.24634476274011166       0.56971320649054014     
   93.554214311970796       0.24270509831248480       0.52509237359967509     
   94.436801239442218       0.23895897540725947       0.48084707235964247     
   95.319388166913640       0.23510803719775250       0.43701034429930619     
   96.201975094385062       0.23115397283273736       0.39361219759458643     
   97.084562021856485       0.22709851669552755       0.35067962818747778     
   97.967148949327907       0.22294344764321891       0.30823665477477302     
   98.849735876799329       0.21869058822642409       0.26630436651185518     
   99.732322804270751       0.21434180388984173       0.22490098226909661     
   100.61490973174217       0.20989900215401036       0.18404192028416844     
   101.49749665921360       0.20536413177860735       0.14373987707271041     
   102.38008358668502       0.20073918190765819       0.10400491448974404     
   103.26267051415644       0.19602618119703238        6.4844553873316377E-002
   104.14525744162786       0.19122719692460766        2.6263876249144232E-002
   105.02784436909928       0.18634433408349399       -1.1734372371936280E-002
   105.91043129657071       0.18137973445871333       -4.9149671514015641E-002
   106.79301822404213       0.17633557568774280       -8.5983613422477220E-002
   107.67560515151355       0.17121407030533040      -0.12223978770247247     
   108.55819207898497       0.16601746477300414      -0.15792366413052528     
   109.44077900645640       0.16074803849369990      -0.19304247429591859     
   110.32336593392782       0.15540810281193995      -0.22760509266485973     
   111.20595286139924       0.15000000000000102      -0.26162191759804498     
   112.08853978887066       0.14452610223051560      -0.29510475279214232     
   112.97112671634208       0.13898881053595954      -0.32806668955798790     
   113.85371364381351       0.13339055375547929      -0.36052199029381488     
   114.73630057128493       0.12773378746952282      -0.39248597346003433     
   115.61888749875635       0.12202099292274109      -0.42397490031425761     
   116.50147442622777       0.11625467593563206      -0.45500586362054213     
   117.38406135369920       0.11043736580540456      -0.48559667850596500     
   118.26664828117062       0.10457161419654573      -0.51576577560009540     
   119.14923520864204        9.8659994021576131E-002 -0.54553209655933310     
   120.03182213611346        9.2705098312485398E-002 -0.57491499204744012     
   120.91440906358488        8.6709539083342654E-002 -0.60393412221681686     
   121.79699599105631        8.0675946184580877E-002 -0.63260935971106302     
   122.67958291852773        7.4606966149457721E-002 -0.66096069518885670     
   123.56216984599915        6.8505261033198012E-002 -0.68900814535126598     
   124.44475677347057        6.2373507245329092E-002 -0.71677166343956200     
   125.32734370094200        5.6214394375718679E-002 -0.74427105215830758     
   126.20993062841342        5.0030624014831965E-002 -0.77152587896829039     
   127.09251755588484        4.3824908568724757E-002 -0.79855539368628348     
   127.97510448335626        3.7599970069292547E-002 -0.82537844832292451     
   128.85769141082770        3.1358538980297446E-002 -0.85201341908641648     
   129.74027833829913        2.5103352999695915E-002 -0.87847813047798395     
   130.62286526577057        1.8837155858795140E-002 -0.90478978140491229     
   131.50545219324201        1.2562696118761008E-002 -0.93096487323880184     
   132.38803912071344        6.2827259650080651E-003 -0.95701913974961050     
   133.27062604818488        9.6932674465955200E-016 -0.98296747885076696     
   134.15321297565632       -6.2827259650062610E-003  -1.0088238860968219     
   135.03579990312775       -1.2562696118759204E-002  -1.0346013898821953     
   135.91838683059919       -1.8837155858793336E-002  -1.0603119882986041     
   136.80097375807063       -2.5103352999694111E-002  -1.0859665876185287     
   137.68356068554206       -3.1358538980295517E-002  -1.1115749423833323     
   138.56614761301350       -3.7599970069290896E-002  -1.1371455970873270     
   139.44873454048493       -4.3824908568723245E-002  -1.1626858294624880     
   140.33132146795637       -5.0030624014830452E-002  -1.1882015953837817     
   141.21390839542781       -5.6214394375717305E-002  -1.2136974754310286     
   142.09649532289924       -6.2373507245327718E-002  -1.2391766231606107     
   142.97908225037068       -6.8505261033196777E-002  -1.2646407151591375     
   143.86166917784212       -7.4606966149456624E-002  -1.2900899029705690     
   144.74425610531355       -8.0675946184579905E-002  -1.3155227670096583     
   145.62684303278499       -8.6709539083341822E-002  -1.3409362725963045     
   146.50942996025643       -9.2705098312484704E-002  -1.3663257282686174     
   147.39201688772786       -9.8659994021575451E-002  -1.3916847465567657     
   148.27460381519930      -0.10457161419654516       -1.4170052074244657     
   149.15719074267074      -0.11043736580540399       -1.4422772246108155     
   150.03977767014217      -0.11625467593563163       -1.4674891151318197     
   150.92236459761361      -0.12202099292274091       -1.4926273722272954     
   151.80495152508504      -0.12773378746952263       -1.5176766420664656     
   152.68753845255648      -0.13339055375547920       -1.5426197045520640     
   153.57012538002792      -0.13898881053595949       -1.5674374585895312     
   154.45271230749935      -0.14452610223051565       -1.5921089122138929     
   155.33529923497079      -0.15000000000000119       -1.6166111779912808     
   156.21788616244223      -0.15540810281194026       -1.6409194741354345     
   157.10047308991366      -0.16074803849370026       -1.6650071318003612     
   157.98306001738510      -0.16601746477300450       -1.6888456090284809     
   158.86564694485654      -0.17121407030533087       -1.7124045118487423     
   159.74823387232797      -0.17633557568774341       -1.7356516230298411     
   160.63082079979941      -0.18137973445871391       -1.7585529390000898     
   161.51340772727085      -0.18634433408349466       -1.7810727154462020     
   162.39599465474228      -0.19122719692460846       -1.8031735220975975     
   163.27858158221372      -0.19602618119703324       -1.8248163071906303     
   164.16116850968515      -0.20073918190765913       -1.8459604720863156     
   165.04375543715659      -0.20536413177860824       -1.8665639564866738     
   165.92634236462803      -0.20989900215401136       -1.8865833346559315     
   166.80892929209946      -0.21434180388984281       -1.9059739230045907     
   167.69151621957090      -0.21869058822642520       -1.9246898993352684     
   168.57410314704234      -0.22294344764322008       -1.9426844339785732     
   169.45669007451377      -0.22709851669552877       -1.9599098329653799     
   170.33927700198521      -0.23115397283273850       -1.9763176932880782     
   171.22186392945665      -0.23510803719775369       -1.9918590701975583     
   172.10445085692808      -0.23895897540726069       -2.0064846563651590     
   172.98703778439952      -0.24270509831248605       -2.0201449726106158     
   173.86962471187096      -0.24634476274011308       -2.0327905697574624     
   174.75221163934239      -0.24987637221303172       -2.0443722410292655     
   175.63479856681383      -0.25329837765060625       -2.0548412442431081     
   176.51738549428526      -0.25660927804815375       -2.0641495328940751     
   177.39997242175670      -0.25980762113533334       -2.0722499950568709     
   178.28255934922814      -0.26289200401316087       -2.0790966988617745     
   179.16514627669957      -0.26586107376936619       -2.0846451431331654     
   180.04773320417101      -0.26871352807182552       -2.0888525116144190     
   180.93032013164245      -0.27144811573980754       -2.0916779290446259     
   181.81290705911388      -0.27406363729278194       -2.0930827172054252     
   182.69549398658532      -0.27655894547655180       -2.0930306489223596     
   183.57808091405676      -0.27893294576647698       -2.0914881978891655     
   184.46066784152819      -0.28118459684756891       -2.0884247820885258     
   185.34325476899963      -0.28331291107124573       -2.0838129985123350     
   186.22584169647106      -0.28531695488854747       -2.0776288468422051     
   187.10842862394250      -0.28719584925962149       -2.0698519397388542     
   187.99101555141394      -0.28894877003929870       -2.0604656974105948     
   188.87360247888537      -0.29057494833859049       -2.0494575241871336     
   189.75618940635681      -0.29207367086194913       -2.0368189649179658     
   190.63877633382825      -0.29344428022014268       -2.0225458391433593     
   191.52136326129968      -0.29468617521860752       -2.0066383511523811     
   192.40395018877112      -0.29579881112115236       -1.9891011742432831     
   193.28653711624256      -0.29678169988889724       -1.9699435077362535     
   194.16912404371399      -0.29763441039434396       -1.9491791055537053     
   195.05171097118543      -0.29835656861048254       -1.9268262754752072     
   195.93429789865687      -0.29894785777485178       -1.9029078484888473     
   196.81688482612830      -0.29940801852848181       -1.8774511179923978     
   197.69947175359974      -0.29973684902965775       -1.8504877489411409     
   198.58205868107117      -0.29993420504245372       -1.8220536573884067     
   199.46464560854261      -0.29999999999999999       -1.7921888612127277     
   200.34723253601405      -0.29993420504245349       -1.7609373031667723     
   201.22981946348548      -0.29973684902965725       -1.7283466477097593     
   202.11240639095692      -0.29940801852848109       -1.6944680533927881     
   202.99499331842836      -0.29894785777485078       -1.6593559228474422     
   203.87758024589979      -0.29835656861048132       -1.6230676326789322     
   204.76016717337123      -0.29763441039434257       -1.5856632457798530     
   205.64275410084267      -0.29678169988889552       -1.5472052087567103     
   206.52534102831410      -0.29579881112115036       -1.5077580372960933     
   207.40792795578554      -0.29468617521860535       -1.4673879923869804     
   208.29051488325698      -0.29344428022014030       -1.4261627503631624     
   209.17310181072841      -0.29207367086194652       -1.3841510697312371     
   210.05568873819985      -0.29057494833858760       -1.3414224577092642     
   210.93827566567128      -0.28894877003929559       -1.2980468393198521     
   211.82086259314272      -0.28719584925961811       -1.2540942317622099     
   212.70344952061416      -0.28531695488854386       -1.2096344266346566     
   213.58603644808559      -0.28331291107124190       -1.1647366823951879     
   214.46862337555703      -0.28118459684756486       -1.1194694292402454     
   215.35121030302847      -0.27893294576647271       -1.0738999883517582     
   216.23379723049990      -0.27655894547654730       -1.0280943072195159     
   217.11638415797134      -0.27406363729277716      -0.98211671249105337     
   217.99897108544278      -0.27144811573980254      -0.93602968154215704     
   218.88155801291421      -0.26871352807182036      -0.88989363370146113     
   219.76414494038565      -0.26586107376936069      -0.84376674180683320     
   220.64673186785708      -0.26289200401315527      -0.79770476452380890     
   221.52931879532852      -0.25980762113532757      -0.75176089962009207     
   222.41190572279996      -0.25660927804814776      -0.70598565816931758     
   223.29449265027139      -0.25329837765060004      -0.66042675945195461     
   224.17707957774283      -0.24987637221302517      -0.61512904613677721     
   225.05966650521427      -0.24634476274010647      -0.57013441916044660     
   225.94225343268570      -0.24270509831247922      -0.52548179157890518     
   226.82484036015714      -0.23895897540725367      -0.48120706054181828     
   227.70742728762858      -0.23510803719774651      -0.43734309643944513     
   228.59001421510001      -0.23115397283273109      -0.39391974819137954     
   229.47260114257145      -0.22709851669552117      -0.35096386358571680     
   230.35518807004289      -0.22294344764321233      -0.30849932353556353     
   231.23777499751432      -0.21869058822641727      -0.26654708909581959     
   232.12036192498576      -0.21434180388983456      -0.22512526007494771     
   233.00294885245719      -0.20989900215400295      -0.18424914408271301     
   233.88553577992863      -0.20536413177859988      -0.14393133487402118     
   234.76812270740007      -0.20073918190765050      -0.10418179887893318     
   235.65070963487150      -0.19602618119702445       -6.5007968848565495E-002
   236.53329656234294      -0.19122719692459950       -2.6414843593386694E-002
   237.41588348981438      -0.18634433408348541        1.1594907155908815E-002
   238.29847041728581      -0.18137973445870476        4.9020833677050651E-002
   239.18105734475725      -0.17633557568773400        8.5864593824954039E-002
   240.06364427222869      -0.17121407030532135       0.12212983802761425     
   240.94623119970012      -0.16601746477299484       0.15782209243200479     
   241.82881812717156      -0.16074803849369032       0.19294864085783181     
   242.71140505464300      -0.15540810281193043       0.22751840615338659     
   243.59399198211443      -0.14999999999999111       0.26154183148560523     
   244.47657890958587      -0.14452610223050549       0.29503076203566453     
   245.35916583705730      -0.13898881053594919       0.32799832751449598     
   246.24175276452874      -0.13339055375546868       0.36045882585712841     
   247.12433969200018      -0.12773378746951225       0.39242760840366153     
   248.00692661947161      -0.12202099292273030       0.42392096682644248     
   248.88951354694305      -0.11625467593562090       0.45495602201819635     
   249.77210047441449      -0.11043736580539318       0.48555061511520220     
   250.65468740188592      -0.10457161419653414       0.51572320079182821     
   251.53727432935736       -9.8659994021564598E-002  0.54549274292906269     
   252.41986125682880       -9.2705098312473644E-002  0.57487861272922236     
   253.30244818430023       -8.6709539083330692E-002  0.60390048932179308     
   254.18503511177167       -8.0675946184568720E-002  0.63257826288192398     
   255.06762203924310       -7.4606966149445245E-002  0.66093194026185353     
   255.95020896671454       -6.8505261033185605E-002  0.68898155311811837     
   256.83279589418595       -6.2373507245316491E-002  0.71674706850216396     
   257.71538282165739       -5.6214394375706155E-002  0.74424830186935009     
   258.59796974912882       -5.0030624014819260E-002  0.77150483245179435     
   259.48055667660026       -4.3824908568711886E-002  0.79853592093203507     
   260.36314360407169       -3.7599970069279502E-002  0.82536042934953668     
   261.24573053154313       -3.1358538980284102E-002  0.85199674316792262     
   262.12831745901457       -2.5103352999682808E-002  0.87846269542926747     
   263.01090438648600       -1.8837155858782012E-002  0.90477549292171833     
   263.89349131395744       -1.2562696118747732E-002  0.93095164428811283     
   264.77607824142888       -6.2827259649947832E-003  0.95700689000676042     
   265.65866516890031        1.2449836909822924E-014  0.98295613417978600     
   266.54125209637175        6.2827259650194093E-003   1.0088133780706872     
   267.42383902384319        1.2562696118772346E-002   1.0345916553401209     
   268.30642595131462        1.8837155858806593E-002   1.0603029689374095     
   269.18901287878606        2.5103352999707351E-002   1.0859582296156212     
   270.07159980625750        3.1358538980308860E-002   1.1115671960488933     
   270.95418673372893        3.7599970069303941E-002   1.1371384165434002     
   271.83677366120037        4.3824908568736248E-002   1.1626791723470478     
   272.71936058867180        5.0030624014843546E-002   1.1881954225777114     
   273.60194751614324        5.6214394375730344E-002   1.2136917508063585     
   274.48453444361468        6.2373507245340840E-002   1.2391713133483890     
   275.36712137108611        6.8505261033209572E-002   1.2646357893353126     
   276.24970829855755        7.4606966149469378E-002   1.2900853326586661     
   277.13229522602899        8.0675946184592714E-002   1.3155185258987498     
   278.01488215350042        8.6709539083354534E-002   1.3409323363732302     
   278.89746908097186        9.2705098312497333E-002   1.3663220744633411     
   279.78005600844330        9.8659994021587871E-002   1.3916813543997524     
   280.66264293591473       0.10457161419655749        1.4170020577152485     
   281.54522986338617       0.11043736580541634        1.4422742995968290     
   282.42781679085761       0.11625467593564387        1.4674863983966564     
   283.31040371832904       0.12202099292275306        1.4926248485877722     
   284.19299064580048       0.12773378746953454        1.5176742974776833     
   285.07557757327191       0.13339055375549100        1.5426175260199091     
   285.95816450074335       0.13898881053597126        1.5674354340899963     
   286.84075142821479       0.14452610223052731        1.5921070306187035     
   287.72333835568622       0.15000000000001268        1.6166094289993320     
   288.60592528315766       0.15540810281195150        1.6409178482095745     
   289.48851221062910       0.16074803849371139        1.6650056201091139     
   290.37109913810053       0.16601746477301557        1.6888442033922808     
   291.25368606557197       0.17121407030534180        1.7124032046903765     
   292.13627299304341       0.17633557568775415        1.7356504073287360     
   293.01885992051484       0.18137973445872441        1.7585518082501579     
   293.90144684798628       0.18634433408350498        1.7810716636169859     
   294.78403377545771       0.19122719692461868        1.8031725435983537     
   295.66662070292915       0.19602618119704329        1.8248153968372420     
   296.54920763040059       0.20073918190766901        1.8459596250707953     
   297.43179455787202       0.20536413177861804        1.8665631683489541     
   298.31438148534346       0.20989900215402074        1.8865826012578550     
   299.19696841281490       0.21434180388985200        1.9059732405059597     
   300.07955534028633       0.21869058822643431        1.9246892641716471     
   300.96214226775777       0.22294344764322896        1.9426838428408213     
   301.84472919522921       0.22709851669553746        1.9599092827807847     
   302.72731612270064       0.23115397283274697        1.9763171812029128     
   303.60990305017208       0.23510803719776197        1.9918585935609507     
   304.49248997764352       0.23895897540726874        2.0064842127142133     
   305.37507690511495       0.24270509831249387        2.0201445596566550     
   306.25766383258639       0.24634476274012065        2.0327901853733139     
   307.14025076005782       0.24987637221303893        2.0443718832375000     
   308.02283768752926       0.25329837765061342        2.0548409112052033     
   308.90542461500070       0.25660927804816064        2.0641492229003218     
   309.78801154247213       0.25980762113534001        2.0722497065171113     
   310.67059846994357       0.26289200401316726        2.0790964302967918     
   311.55318539741501       0.26586107376937224        2.0846448931667441     
   312.43577232488644       0.26871352807183141        2.0888522789659580     
   313.31835925235788       0.27144811573981315        2.0916777125223360     
   314.20094617982932       0.27406363729278732        2.0930825157000204     
   315.08353310730075       0.27655894547655691        2.0930304614012014     
   315.96612003477219       0.27893294576648181        2.0914880233908484     
   316.84870696224363       0.28118459684757352        2.0884246197178631     
   317.73129388971506       0.28331291107125006        2.0838128474357029     
   318.61388081718650       0.28531695488855152        2.0776287062832441     
   319.49646774465793       0.28719584925962532        2.0698518089744526     
   320.37905467212937       0.28894877003930219        2.0604655757671635     
   321.26164159960081       0.29057494833859376        2.0494574110372210     
   322.14422852707224       0.29207367086195218        2.0368188596769969     
   323.02681545454368       0.29344428022014546        2.0225457412667134     
   323.90940238201512       0.29468617521861001        2.0066382601326036     
   324.79198930948655       0.29579881112115453        1.9891010896075838     
   325.67457623695799       0.29678169988889913        1.9699434290440745     
   326.55716316442943       0.29763441039434563        1.9491790323945282     
   327.43975009190086       0.29835656861048393        1.9268262074664939     
   328.32233701937230       0.29894785777485289        1.9029077852741616     
   329.20492394684373       0.29940801852848264        1.8774510592395917     
   330.08751087431517       0.29973684902965825        1.8504876943407060     
   330.97009780178661       0.29993420504245405        1.8220536066519766     
   331.85268472925804       0.29999999999999999        1.7921888140715947     
   332.73527165672948       0.29993420504245322        1.7609372593705883     
   333.61785858420092       0.29973684902965669        1.7283466070252813     
   334.50044551167235       0.29940801852848026        1.6944680156027088     
   335.38303243914379       0.29894785777484967        1.6593558877493506     
   336.26561936661523       0.29835656861047993        1.6230676000842807     
   337.14820629408666       0.29763441039434091        1.5856632155130015     
   338.03079322155810       0.29678169988889364        1.5472051806541316     
   338.91338014902954       0.29579881112114820        1.5077580112054614     
   339.79596707650097       0.29468617521860285        1.4673879681664723     
   340.67855400397241       0.29344428022013752        1.4261627278807496     
   341.56114093144384       0.29207367086194347        1.3841510488639888     
   342.44372785891528       0.29057494833858427        1.3414224383427720     
   343.32631478638672       0.28894877003929198        1.2980468213476288     
   344.20890171385815       0.28719584925961422        1.2540942150851657     
   345.09148864132959       0.28531695488853981        1.2096344111605868     
   345.97407556880103       0.28331291107123763        1.1647366680383291     
   346.85666249627246       0.28118459684756031        1.1194694159207896     
   347.73924942374390       0.27893294576646782        1.0738999759955037     
   348.62183635121534       0.27655894547654214        1.0280942957574644     
   349.50442327868677       0.27406363729277178       0.98211670185904509     
   350.38701020615821       0.27144811573979688       0.93602967168054696     
   351.26959713362965       0.26871352807181442       0.88989362455481125     
   352.15218406110108       0.26586107376935453       0.84376673332363261     
   353.03477098857252       0.26289200401314872       0.79770475665616380     
   353.91735791604395       0.25980762113532108       0.75176089232355825     
   354.79994484351539       0.25660927804814099       0.70598565140255765     
   355.68253177098683       0.25329837765059310       0.66042675317660504     
   356.56511869845826       0.24987637221301795       0.61512904031720050     
   357.44770562592970       0.24634476274009887       0.57013441376355012     
   358.33029255340114       0.24270509831247145       0.52548178657398770     
   359.21287948087257       0.23895897540724564       0.48120705590036783     
   360.09546640834401       0.23510803719773826       0.43734309213500594     
   360.97805333581545       0.23115397283272265       0.39391974419940307     
   361.86064026328688       0.22709851669551234       0.35096385988342238     
   362.74322719075832       0.22294344764320326       0.30849932010181097     
   363.62581411822975       0.21869058822640833       0.26654708591102988     
   364.50840104570119       0.21434180388982549       0.22512525712092296     
   365.39098797317263       0.20989900215399362       0.18424914134259263     
   366.27357490064406       0.20536413177859020       0.14393133233217237     
   367.15616182811550       0.20073918190764062       0.10418179652086187     
   368.03874875558694       0.19602618119701440        6.5007966660841354E-002
   368.92133568305837       0.19122719692458923        2.6414841563560311E-002
   369.80392261052981       0.18634433408347503       -1.1594909039390297E-002
   370.68650953800125       0.18137973445869396       -4.9020835424896034E-002
   371.56909646547268       0.17633557568772304       -8.5864595447061889E-002
   372.45168339294412       0.17121407030531066      -0.12212983953315544     
   373.33427032041556       0.16601746477298399      -0.15782209382952306     
   374.21685724788699       0.16074803849367933      -0.19294864215520496     
   375.09944417535843       0.15540810281191905      -0.22751840735793613     
   375.98203110282986       0.14999999999997962      -0.26154183260408531     
   376.86461803030130       0.14452610223049384      -0.29503076307435167     
   377.74720495777274       0.13898881053593742      -0.32799832847919896     
   378.62979188524417       0.13339055375545680      -0.36045882675323149     
   379.51237881271561       0.12773378746949998      -0.39242760923615899     
   380.39496574018705       0.12202099292271792      -0.42392096759994202     
   381.27755266765848       0.11625467593560891      -0.45495602273696295     
   382.16013959512992       0.11043736580538109      -0.48555061578321951     
   383.04272652260136       0.10457161419652196      -0.51572320141277195     
   383.92531345007279        9.8659994021552053E-002 -0.54549274350634047     
   384.80790037754423        9.2705098312461015E-002 -0.57487861326597134     
   385.69048730501567        8.6709539083317980E-002 -0.60390048982093636     
   386.57307423248710        8.0675946184555924E-002 -0.63257826334616574     
   387.45566115995854        7.4606966149432394E-002 -0.66093194069369920     
   388.33824808742997        6.8505261033172407E-002 -0.68898155351990309     
   389.22083501490141        6.2373507245303231E-002 -0.71674706887602468     
   390.10342194237285        5.6214394375693096E-002 -0.74424830221727412     
   390.98600886984428        5.0030624014806159E-002 -0.77150483277564597     
   391.86859579731572        4.3824908568698737E-002 -0.79853592123352390     
   392.75118272478716        3.7599970069266318E-002 -0.82536042963025080     
   393.63376965225859        3.1358538980270884E-002 -0.85199674342933551     
   394.51635657973003        2.5103352999669298E-002 -0.87846269567275181     
   395.39894350720147        1.8837155858768485E-002 -0.90477549314852834     
   396.28153043467290        1.2562696118734193E-002 -0.93095164449942425     
   397.16411736214434        6.2827259649812324E-003 -0.95700689020366303     
   398.04670428961577       -2.6002227327260420E-014 -0.98295613436329021     
   398.92929121708721       -6.2827259650326938E-003  -1.0088133782417215     
   399.81187814455865       -1.2562696118785618E-002  -1.0345916554995669     
   400.69446507203008       -1.8837155858819857E-002  -1.0603029690860730     
   401.57705199950152       -2.5103352999720593E-002  -1.0859582297542512     
   402.45963892697296       -3.1358538980322079E-002  -1.1115671961781841     
   403.34222585444439       -3.7599970069317389E-002  -1.1371384166640066     
   404.22481278191583       -4.3824908568749661E-002  -1.1626791724595571     
   405.10739970938727       -5.0030624014856910E-002  -1.1881954226826819     
   405.98998663685870       -5.6214394375743666E-002  -1.2136917509043095     
   406.87257356433014       -6.2373507245354107E-002  -1.2391713134397999     
   407.75516049180158       -6.8505261033223033E-002  -1.2646357894206388     
   408.63774741927301       -7.4606966149482229E-002  -1.2900853327382922     
   409.52033434674445       -8.0675946184605510E-002  -1.3155185259730895     
   410.40292127421588       -8.6709539083367246E-002  -1.3409323364426424     
   411.28550820168732       -9.2705098312509962E-002  -1.3663220745281537     
   412.16809512915876       -9.8659994021600667E-002  -1.3916813544602860     
   413.05068205663019      -0.10457161419657018       -1.4170020577717823     
   413.93326898410163      -0.11043736580542894       -1.4422742996496296     
   414.81585591157307      -0.11625467593565636       -1.4674863984459758     
   415.69844283904450      -0.12202099292276541       -1.4926248486338412     
   416.58102976651594      -0.12773378746954703       -1.5176742975207307     
   417.46361669398738      -0.13339055375550291       -1.5426175260601094     
   418.34620362145881      -0.13898881053598303       -1.5674354341275576     
   419.22879054893025      -0.14452610223053897       -1.5921070306538010     
   420.11137747640169      -0.15000000000002420       -1.6166094290321302     
   420.99396440387312      -0.15540810281196310       -1.6409178482402336     
   421.87655133134456      -0.16074803849372285       -1.6650056201377601     
   422.75913825881599      -0.16601746477302687       -1.6888442034190501     
   423.64172518628743      -0.17121407030535293       -1.7124032047153892     
   424.52431211375887      -0.17633557568776512       -1.7356504073521071     
   425.40689904123030      -0.18137973445873540       -1.7585518082720191     
   426.28948596870174      -0.18634433408351536       -1.7810716636373856     
   427.17207289617318      -0.19122719692462889       -1.8031725436174253     
   428.05465982364461      -0.19602618119705337       -1.8248153968550715     
   428.93724675111605      -0.20073918190767892       -1.8459596250874510     
   429.81983367858749      -0.20536413177862772       -1.8665631683645147     
   430.70242060605892      -0.20989900215403043       -1.8865826012724076     
   431.58500753353036      -0.21434180388986146       -1.9059732405195571     
   432.46759446100180      -0.21869058822644358       -1.9246892641843458     
   433.35018138847323      -0.22294344764323806       -1.9426838428526807     
   434.23276831594467      -0.22709851669554632       -1.9599092827918665     
   435.11535524341610      -0.23115397283275541       -1.9763171812132521     
   435.99794217088754      -0.23510803719777018       -1.9918585935706137     
   436.88052909835898      -0.23895897540727676       -2.0064842127232425     
   437.76311602583041      -0.24270509831250167       -2.0201445596650873     
   438.64570295330185      -0.24634476274012826       -2.0327901853811832     
   439.52828988077329      -0.24987637221304643       -2.0443718832448550     
   440.41087680824472      -0.25329837765062069       -2.0548409112120671     
   441.29346373571616      -0.25660927804816763       -2.0641492229067211     
   442.17605066318760      -0.25980762113534678       -2.0722497065230834     
   443.05863759065903      -0.26289200401317381       -2.0790964303023625     
   443.94122451813047      -0.26586107376937862       -2.0846448931719430     
   444.82381144560190      -0.26871352807183729       -2.0888522789707977     
   445.70639837307334      -0.27144811573981881       -2.0916777125268458     
   446.58898530054478      -0.27406363729279271       -2.0930825157042223     
   447.47157222801621      -0.27655894547656207       -2.0930304614051218     
   448.35415915548765      -0.27893294576648681       -2.0914880233945081     
   449.23674608295909      -0.28118459684757824       -2.0884246197212679     
   450.11933301043052      -0.28331291107125456       -2.0838128474388808     
   451.00191993790196      -0.28531695488855574       -2.0776287062861942     
   451.88450686537340      -0.28719584925962927       -2.0698518089771949     
   452.76709379284483      -0.28894877003930597       -2.0604655757697197     
   453.64968072031627      -0.29057494833859709       -2.0494574110395853     
   454.53226764778771      -0.29207367086195524       -2.0368188596792014     
   455.41485457525914      -0.29344428022014823       -2.0225457412687495     
   456.29744150273058      -0.29468617521861251       -2.0066382601345008     
   457.18002843020201      -0.29579881112115680       -1.9891010896093391     
   458.06261535767345      -0.29678169988890113       -1.9699434290457052     
   458.94520228514489      -0.29763441039434735       -1.9491790323960347     
   459.82778921261632      -0.29835656861048532       -1.9268262074678886     
   460.71037614008776      -0.29894785777485400       -1.9029077852754603     
   461.59296306755920      -0.29940801852848348       -1.8774510592407851     
   462.47554999503063      -0.29973684902965886       -1.8504876943418218     
   463.35813692250207      -0.29993420504245433       -1.8220536066529887     
   464.24072384997351      -0.29999999999999999       -1.7921888140725351     
   465.12331077744494      -0.29993420504245294       -1.7609372593714570     
   466.00589770491638      -0.29973684902965614       -1.7283466070260802     
   466.88848463238782      -0.29940801852847937       -1.6944680156034362     
   467.77107155985925      -0.29894785777484856       -1.6593558877500176     
   468.65365848733069      -0.29835656861047855       -1.6230676000848960     
   469.53624541480212      -0.29763441039433919       -1.5856632155135633     
   470.41883234227356      -0.29678169988889164       -1.5472051806546423     
   471.30141926974500      -0.29579881112114598       -1.5077580112059383     
   472.18400619721643      -0.29468617521860035       -1.4673879681668973     
   473.06659312468787      -0.29344428022013475       -1.4261627278811284     
   473.94918005215931      -0.29207367086194047       -1.3841510488643500     
   474.83176697963074      -0.29057494833858100       -1.3414224383430930     
   475.71435390710218      -0.28894877003928837       -1.2980468213479075     
   476.59694083457362      -0.28719584925961039       -1.2540942150854295     
   477.47952776204505      -0.28531695488853553       -1.2096344111608097     
   478.36211468951649      -0.28331291107123308       -1.1647366680385258     
   479.24470161698792      -0.28118459684755548       -1.1194694159209626     
   480.12728854445936      -0.27893294576646294       -1.0738999759956713     
   481.00987547193080      -0.27655894547653698       -1.0280942957576127     
   481.89246239940223      -0.27406363729276634      -0.98211670185916555     
   482.77504932687367      -0.27144811573979122      -0.93602967168065299     
   483.65763625434511      -0.26871352807180854      -0.88989362455490673     
   484.54022318181654      -0.26586107376934837      -0.84376673332371044     
   485.42281010928798      -0.26289200401314233      -0.79770475665623108     
   486.30539703675942      -0.25980762113531414      -0.75176089232359489     
   487.18798396423085      -0.25660927804813383      -0.70598565140259129     
   488.07057089170229      -0.25329837765058572      -0.66042675317663313     
   488.95315781917373      -0.24987637221301029      -0.61512904031721716     
   489.83574474664516      -0.24634476274009129      -0.57013441376356966     
   490.71833167411660      -0.24270509831246365      -0.52548178657400413     
   491.60091860158803      -0.23895897540723762      -0.48120705590037710     
   492.48350552905947      -0.23510803719772999      -0.43734309213500511     
   493.36609245653091      -0.23115397283271416      -0.39391974419939352     
   494.24867938400234      -0.22709851669550365      -0.35096385988340750     
   495.13126631147378      -0.22294344764319435      -0.30849932010178771     
   496.01385323894522      -0.21869058822639889      -0.26654708591098653     
   496.89644016641665      -0.21434180388981580      -0.22512525712088466     
   497.77902709388809      -0.20989900215398377      -0.18424914134255610     
   498.66161402135953      -0.20536413177858051      -0.14393133233214703     
   499.54420094883096      -0.20073918190763076      -0.10418179652083326     
   500.42678787630240      -0.19602618119700432       -6.5007966660806077E-002
   501.30937480377384      -0.19122719692457901       -2.6414841563523195E-002
   502.19196173124527      -0.18634433408346460        1.1594909039432763E-002
   503.07454865871671      -0.18137973445868336        4.9020835424938042E-002
   503.95713558618814      -0.17633557568771230        8.5864595447108880E-002
   504.83972251365958      -0.17121407030529931       0.12212983953321874     
   505.72230944113102      -0.16601746477297244       0.15782209382958368     
   506.60489636860245      -0.16074803849366767       0.19294864215525995     
   507.48748329607389      -0.15540810281190767       0.22751840735797474     
   508.37007022354533      -0.14999999999996810       0.26154183260412894     
   509.25265715101676      -0.14452610223048218       0.29503076307439741     
   510.13524407848820      -0.13898881053592566       0.32799832847924842     
   511.01783100595964      -0.13339055375544490       0.36045882675327862     
   511.90041793343107      -0.12773378746948796       0.39242760923620829     
   512.78300486090245      -0.12202099292270578       0.42392096759999331     
   513.66559178837383      -0.11625467593559667       0.45495602273701380     
   514.54817871584521      -0.11043736580536924       0.48555061578325498     
   515.43076564331659      -0.10457161419651050       0.51572320141279215     
   516.31335257078797       -9.8659994021541034E-002  0.54549274350635280     
   517.19593949825935       -9.2705098312449899E-002  0.57487861326599332     
   518.07852642573073       -8.6709539083307294E-002  0.60390048982094791     
   518.96111335320211       -8.0675946184545697E-002  0.63257826334616551     
   519.84370028067349       -7.4606966149422610E-002  0.66093194069369299     
   520.72628720814487       -6.8505261033163109E-002  0.68898155351989221     
   521.60887413561625       -6.2373507245294411E-002  0.71674706887600848     
   522.49146106308763       -5.6214394375684242E-002  0.74424830221727201     
   523.37404799055901       -5.0030624014797270E-002  0.77150483277564985     
   524.25663491803039       -4.3824908568690348E-002  0.79853592123351469     
   525.13922184550177       -3.7599970069258429E-002  0.82536042963023337     
   526.02180877297315       -3.1358538980263501E-002  0.85199674342931109     
   526.90439570044452       -2.5103352999662432E-002  0.87846269567272151     
   527.78698262791590       -1.8837155858762143E-002  0.90477549314849370     
   528.66956955538728       -1.2562696118728374E-002  0.93095164449938517     
   529.55215648285866       -6.2827259649754089E-003  0.95700689020363849     
   530.43474341033004        3.1294558441486749E-014  0.98295613436325557     
   531.31733033780142        6.2827259650379838E-003   1.0088133782416977     
   532.19991726527280        1.2562696118790373E-002   1.0345916554995322     
   533.08250419274418        1.8837155858824076E-002   1.0603029690860311     
   533.96509112021556        2.5103352999724275E-002   1.0859582297542032     
   534.84767804768694        3.1358538980325222E-002   1.1115671961781315     
   535.73026497515832        3.7599970069320518E-002   1.1371384166639684     
   536.61285190262970        4.3824908568752263E-002   1.1626791724595087     
   537.49543883010108        5.0030624014858978E-002   1.1881954226826263     
   538.37802575757246        5.6214394375745193E-002   1.2136917509042484     
   539.26061268504384        6.2373507245355106E-002   1.2391713134397351     
   540.14319961251522        6.8505261033223519E-002   1.2646357894205709     
   541.02578653998660        7.4606966149482715E-002   1.2900853327382396     
   541.90837346745798        8.0675946184605968E-002   1.3155185259730440     
   542.79096039492936        8.6709539083367218E-002   1.3409323364425851     
   543.67354732240074        9.2705098312509407E-002   1.3663220745280884     
   544.55613424987212        9.8659994021599612E-002   1.3916813544602140     
   545.43872117734350       0.10457161419656867        1.4170020577717064     
   546.32130810481488       0.11043736580542692        1.4422742996495486     
   547.20389503228625       0.11625467593565388        1.4674863984458908     
   548.08648195975763       0.12202099292276296        1.4926248486337761     
   548.96906888722901       0.12773378746954411        1.5176742975206554     
   549.85165581470039       0.13339055375549999        1.5426175260600425     
   550.73424274217177       0.13898881053597970        1.5674354341274839     
   551.61682966964315       0.14452610223053519        1.5921070306537204     
   552.49941659711453       0.15000000000002001        1.6166094290320425     
   553.38200352458591       0.15540810281195849        1.6409178482401381     
   554.26459045205729       0.16074803849371830        1.6650056201376844     
   555.14717737952867       0.16601746477302196        1.6888442034189619     
   556.02976430700005       0.17121407030534766        1.7124032047152997     
   556.91235123447143       0.17633557568775948        1.7356504073520140     
   557.79493816194281       0.18137973445872943        1.7585518082719183     
   558.67752508941419       0.18634433408350951        1.7810716636373058     
   559.56011201688557       0.19122719692462273        1.8031725436173316     
   560.44269894435695       0.19602618119704726        1.8248153968549867     
   561.32528587182833       0.20073918190767251        1.8459596250873604     
   562.20787279929971       0.20536413177862109        1.8665631683644266     
   563.09045972677109       0.20989900215402355        1.8865826012723093     
   563.97304665424247       0.21434180388985435        1.9059732405194556     
   564.85563358171385       0.21869058822643625        1.9246892641842435     
   565.73822050918523       0.22294344764323051        1.9426838428525763     
   566.62080743665661       0.22709851669553896        1.9599092827917808     
   567.50339436412798       0.23115397283274830        1.9763171812131781     
   568.38598129159936       0.23510803719776291        1.9918585935705255     
   569.26856821907074       0.23895897540726932        2.0064842127231546     
   570.15115514654212       0.24270509831249415        2.0201445596649958     
   571.03374207401350       0.24634476274012063        2.0327901853810930     
   571.91632900148488       0.24987637221303874        2.0443718832447582     
   572.79891592895626       0.25329837765061325        2.0548409112119916     
   573.68150285642764       0.25660927804816019        2.0641492229066389     
   574.56408978389902       0.25980762113533934        2.0722497065230026     
   575.44667671137040       0.26289200401316631        2.0790964303022816     
   576.32926363884178       0.26586107376937118        2.0846448931718653     
   577.21185056631316       0.26871352807183024        2.0888522789707418     
   578.09443749378454       0.27144811573981176        2.0916777125267902     
   578.97702442125592       0.27406363729278599        2.0930825157041761     
   579.85961134872730       0.27655894547655546        2.0930304614050739     
   580.74219827619868       0.27893294576648031        2.0914880233944553     
   581.62478520367006       0.28118459684757191        2.0884246197212235     
   582.50737213114144       0.28331291107124840        2.0838128474388431     
   583.38995905861282       0.28531695488854980        2.0776287062861654     
   584.27254598608420       0.28719584925962355        2.0698518089771634     
   585.15513291355558       0.28894877003930064        2.0604655757697019     
   586.03771984102696       0.29057494833859215        2.0494574110395809     
   586.92030676849834       0.29207367086195063        2.0368188596792018     
   587.80289369596971       0.29344428022014390        2.0225457412687602     
   588.68548062344109       0.29468617521860851        2.0066382601345136     
   589.56806755091247       0.29579881112115314        1.9891010896093633     
   590.45065447838385       0.29678169988889791        1.9699434290457334     
   591.33324140585523       0.29763441039434457        1.9491790323960805     
   592.21582833332661       0.29835656861048293        1.9268262074679392     
   593.09841526079799       0.29894785777485205        1.9029077852755119     
   593.98100218826937       0.29940801852848198        1.8774510592408418     
   594.86358911574075       0.29973684902965786        1.8504876943418831     
   595.74617604321213       0.29993420504245383        1.8220536066530679     
   596.62876297068351       0.29999999999999999        1.7921888140726259     
   597.51134989815489       0.29993420504245349        1.7609372593715547     
   598.39393682562627       0.29973684902965719        1.7283466070261819     
   599.27652375309765       0.29940801852848103        1.6944680156035556     
   600.15911068056903       0.29894785777485078        1.6593558877501480     
   601.04169760804041       0.29835656861048138        1.6230676000850301     
   601.92428453551179       0.29763441039434263        1.5856632155137083     
   602.80687146298317       0.29678169988889574        1.5472051806547964     
   603.68945839045455       0.29579881112115058        1.5077580112060909     
   604.57204531792593       0.29468617521860568        1.4673879681670701     
   605.45463224539731       0.29344428022014074        1.4261627278813045     
   606.33721917286869       0.29207367086194713        1.3841510488645381     
   607.21980610034007       0.29057494833858843        1.3414224383432902     
   608.10239302781144       0.28894877003929653        1.2980468213481153     
   608.98497995528282       0.28719584925961933        1.2540942150856342     
   609.86756688275420       0.28531695488854514        1.2096344111610184     
   610.75015381022558       0.28331291107124340        1.1647366680387399     
   611.63274073769696       0.28118459684756664        1.1194694159211962     
   612.51532766516834       0.27893294576647470        1.0738999759959000     
   613.39791459263972       0.27655894547654958        1.0280942957578523     
   614.28050152011110       0.27406363729277983       0.98211670185942102     
   615.16308844758248       0.27144811573980554       0.93602967168091289     
   616.04567537505386       0.26871352807182347       0.88989362455514731     
   616.92826230252524       0.26586107376936419       0.84376673332396945     
   617.81084922999662       0.26289200401315904       0.79770475665649565     
   618.69343615746800       0.25980762113533179       0.75176089232387955     
   619.57602308493938       0.25660927804815237       0.70598565140287106     
   620.45861001241076       0.25329837765060509       0.66042675317690736     
   621.34119693988214       0.24987637221303069       0.61512904031750593     
   622.22378386735352       0.24634476274011199       0.57013441376383844     
   623.10637079482490       0.24270509831248527       0.52548178657427391     
   623.98895772229628       0.23895897540726019       0.48120705590065932     
   624.87154464976766       0.23510803719775350       0.43734309213529277     
   625.75413157723904       0.23115397283273864       0.39391974419969017     
   626.63671850471042       0.22709851669552911       0.35096385988370354     
   627.51930543218180       0.22294344764322077       0.30849932010209236     
   628.40189235965317       0.21869058822642590       0.26654708591127541     
   629.28447928712455       0.21434180388984381       0.22512525712117776     
   630.16706621459593       0.20989900215401275       0.18424914134285492     
   631.04965314206731       0.20536413177861007       0.14393133233242972     
   631.93224006953869       0.20073918190766130       0.10418179652112630     
   632.81482699701007       0.19602618119703583        6.5007966661104200E-002
   633.69741392448145       0.19122719692461149        2.6414841563821061E-002
   634.58000085195283       0.18634433408349765       -1.1594909039145535E-002
   635.46258777942421       0.18137973445871738       -4.9020835424646553E-002
   636.34517470689559       0.17633557568774727       -8.5864595446810327E-002
   637.22776163436697       0.17121407030533523      -0.12212983953292039     
   638.11034856183835       0.16601746477300935      -0.15782209382928014     
   638.99293548930973       0.16074803849370553      -0.19294864215495822     
   639.87552241678111       0.15540810281194603      -0.22751840735768736     
   640.75810934425249       0.15000000000000693      -0.26154183260385477     
   641.64069627172387       0.14452610223052192      -0.29503076307411485     
   642.52328319919525       0.13898881053596629      -0.32799832847896093     
   643.40587012666663       0.13339055375548645      -0.36045882675298985     
   644.28845705413801       0.12773378746953043      -0.39242760923591513     
   645.17104398160939       0.12202099292274915      -0.42392096759969955     
   646.05363090908077       0.11625467593564041      -0.45495602273673558     
   646.93621783655215       0.11043736580541287      -0.48555061578300562     
   647.81880476402353       0.10457161419655449      -0.51572320141254635     
   648.70139169149490        9.8659994021585345E-002 -0.54549274350611054     
   649.58397861896628        9.2705098312495043E-002 -0.57487861326573575     
   650.46656554643766        8.6709539083352744E-002 -0.60390048982069899     
   651.34915247390904        8.0675946184591410E-002 -0.63257826334592493     
   652.23173940138042        7.4606966149468587E-002 -0.66093194069345840     
   653.11432632885180        6.8505261033208795E-002 -0.68898155351967849     
   653.99691325632318        6.2373507245340312E-002 -0.71674706887579376     
   654.87950018379456        5.6214394375730337E-002 -0.74424830221705696     
   655.76208711126594        5.0030624014844066E-002 -0.77150483277541726     
   656.64467403873732        4.3824908568737296E-002 -0.79853592123329076     
   657.52726096620870        3.7599970069305516E-002 -0.82536042963001366     
   658.40984789368008        3.1358538980310706E-002 -0.85199674342909548     
   659.29243482115146        2.5103352999709203E-002 -0.87846269567252755     
   660.17502174862284        1.8837155858808980E-002 -0.90477549314829508     
   661.05760867609422        1.2562696118775264E-002 -0.93095164449918544     
   661.94019560356560        6.2827259650228640E-003 -0.95700689020342034     
   662.82278253103698        1.6170908574474357E-014 -0.98295613436304385     
   663.70536945850836       -6.2827259649905296E-003  -1.0088133782414905     
   664.58795638597974       -1.2562696118742949E-002  -1.0345916554993269     
   665.47054331345112       -1.8837155858777235E-002  -1.0603029690858461     
   666.35313024092250       -2.5103352999677503E-002  -1.0859582297540136     
   667.23571716839388       -3.1358538980278544E-002  -1.1115671961779390     
   668.11830409586526       -3.7599970069273431E-002  -1.1371384166637570     
   669.00089102333664       -4.3824908568705308E-002  -1.1626791724593040     
   669.88347795080801       -5.0030624014812175E-002  -1.1881954226824247     
   670.76606487827939       -5.6214394375698570E-002  -1.2136917509040488     
   671.64865180575077       -6.2373507245309198E-002  -1.2391713134395532     
   672.53123873322215       -6.8505261033177833E-002  -1.2646357894203850     
   673.41382566069353       -7.4606966149437265E-002  -1.2900853327380497     
   674.29641258816491       -8.0675946184560254E-002  -1.3155185259728368     
   675.17899951563629       -8.6709539083321768E-002  -1.3409323364423837     
   676.06158644310767       -9.2705098312464276E-002  -1.3663220745278888     
   676.94417337057905       -9.8659994021554800E-002  -1.3916813544600177     
   677.82676029805043      -0.10457161419652417       -1.4170020577715097     
   678.70934722552181      -0.11043736580538278       -1.4422742996493516     
   679.59193415299319      -0.11625467593561011       -1.4674863984456976     
   680.47452108046457      -0.12202099292271910       -1.4926248486335649     
   681.35710800793595      -0.12773378746950165       -1.5176742975204873     
   682.23969493540733      -0.13339055375545797       -1.5426175260598658     
   683.12228186287871      -0.13898881053593809       -1.5674354341273020     
   684.00486879035009      -0.14452610223049403       -1.5921070306535365     
   684.88745571782147      -0.14999999999997937       -1.6166094290318649     
   685.77004264529285      -0.15540810281191833       -1.6409178482399609     
   686.65262957276423      -0.16074803849367822       -1.6650056201374888     
   687.53521650023561      -0.16601746477298238       -1.6888442034187749     
   688.41780342770699      -0.17121407030530866       -1.7124032047151154     
   689.30039035517837      -0.17633557568772110       -1.7356504073518357     
   690.18297728264974      -0.18137973445869160       -1.7585518082717420     
   691.06556421012112      -0.18634433408347226       -1.7810716636371295     
   691.94815113759250      -0.19122719692458615       -1.8031725436171668     
   692.83073806506388      -0.19602618119701093       -1.8248153968548095     
   693.71332499253526      -0.20073918190763765       -1.8459596250872261     
   694.59591192000664      -0.20536413177858687       -1.8665631683642796     
   695.47849884747802      -0.20989900215399002       -1.8865826012721689     
   696.36108577494940      -0.21434180388982155       -1.9059732405193179     
   697.24367270242078      -0.21869058822640414       -1.9246892641841122     
   698.12625962989216      -0.22294344764319912       -1.9426838428524542     
   699.00884655736354      -0.22709851669550796       -1.9599092827916360     
   699.89143348483492      -0.23115397283271802       -1.9763171812130500     
   700.77402041230630      -0.23510803719773343       -1.9918585935704081     
   701.65660733977768      -0.23895897540724062       -2.0064842127230449     
   702.53919426724906      -0.24270509831246623       -2.0201445596648915     
   703.42178119472044      -0.24634476274009354       -2.0327901853810015     
   704.30436812219182      -0.24987637221301251       -2.0443718832446791     
   705.18695504966320      -0.25329837765058755       -2.0548409112119010     
   706.06954197713458      -0.25660927804813588       -2.0641492229065914     
   706.95212890460596      -0.25980762113531586       -2.0722497065229573     
   707.83471583207734      -0.26289200401314372       -2.0790964303022470     
   708.71730275954872      -0.26586107376934948       -2.0846448931718333     
   709.59988968702010      -0.26871352807180932       -2.0888522789707098     
   710.48247661449147      -0.27144811573979177       -2.0916777125267783     
   711.36506354196285      -0.27406363729276667       -2.0930825157041633     
   712.24765046943423      -0.27655894547653703       -2.0930304614050721     
   713.13023739690561      -0.27893294576646283       -2.0914880233944677     
   714.01282432437699      -0.28118459684755542       -2.0884246197212524     
   714.89541125184837      -0.28331291107123280       -2.0838128474388737     
   715.77799817931975      -0.28531695488853515       -2.0776287062862160     
   716.66058510679113      -0.28719584925960984       -2.0698518089772340     
   717.54317203426251      -0.28894877003928771       -2.0604655757697667     
   718.42575896173389      -0.29057494833858050       -2.0494574110396817     
   719.30834588920527      -0.29207367086193986       -2.0368188596793022     
   720.19093281667665      -0.29344428022013413       -2.0225457412688632     
   721.07351974414803      -0.29468617521859969       -2.0066382601346406     
   721.95610667161941      -0.29579881112114531       -1.9891010896095023     
   722.83869359909079      -0.29678169988889103       -1.9699434290458813     
   723.72128052656217      -0.29763441039433858       -1.9491790323962364     
   724.60386745403355      -0.29835656861047799       -1.9268262074681095     
   725.48645438150493      -0.29894785777484806       -1.9029077852756886     
   726.36904130897631      -0.29940801852847904       -1.8774510592410492     
   727.25162823644769      -0.29973684902965586       -1.8504876943420958     
   728.13421516391907      -0.29993420504245283       -1.8220536066532935     
   729.01680209139045      -0.29999999999999999       -1.7921888140728570     
   729.89938901886183      -0.29993420504245449       -1.7609372593718025     
   730.78197594633320      -0.29973684902965919       -1.7283466070264244     
   731.66456287380458      -0.29940801852848398       -1.6944680156038086     
   732.54714980127596      -0.29894785777485472       -1.6593558877504204     
   733.42973672874734      -0.29835656861048626       -1.6230676000853030     
   734.31232365621872      -0.29763441039434857       -1.5856632155140018     
   735.19491058369010      -0.29678169988890257       -1.5472051806550953     
   736.07749751116148      -0.29579881112115852       -1.5077580112063917     
   736.96008443863286      -0.29468617521861457       -1.4673879681673754     
   737.84267136610424      -0.29344428022015062       -1.4261627278816202     
   738.72525829357562      -0.29207367086195796       -1.3841510488648492     
   739.60784522104700      -0.29057494833860020       -1.3414224383436126     
   740.49043214851838      -0.28894877003930930       -1.2980468213484420     
   741.37301907598976      -0.28719584925963304       -1.2540942150859775     
   742.25560600346114      -0.28531695488855996       -1.2096344111613724     
   743.13819293093252      -0.28331291107125889       -1.1647366680390803     
   744.02077985840390      -0.28118459684758301       -1.1194694159215293     
   744.90336678587528      -0.27893294576649202       -1.0738999759962422     
   745.78595371334666      -0.27655894547656779       -1.0280942957581933     
   746.66854064081804      -0.27406363729279892      -0.98211670185976063     
   747.55112756828942      -0.27144811573982552      -0.93602967168125140     
   748.43371449576080      -0.26871352807184457      -0.88989362455551158     
   749.31630142323218      -0.26586107376938617      -0.84376673332431829     
   750.19888835070356      -0.26289200401318191      -0.79770475665684448     
   751.08147527817493      -0.25980762113535549      -0.75176089232422416     
   751.96406220564631      -0.25660927804817696      -0.70598565140321690     
   752.84664913311769      -0.25329837765063057      -0.66042675317725574     
   753.72923606058907      -0.24987637221305692      -0.61512904031784388     
   754.61182298806045      -0.24634476274013939      -0.57013441376419194     
   755.49440991553183      -0.24270509831251283      -0.52548178657459255     
   756.37699684300321      -0.23895897540728855      -0.48120705590097940     
   757.25958377047459      -0.23510803719778264      -0.43734309213561173     
   758.14217069794597      -0.23115397283276853      -0.39391974420001230     
   759.02475762541735      -0.22709851669555975      -0.35096385988401829     
   759.90734455288873      -0.22294344764325216      -0.30849932010240305     
   760.78993148036011      -0.21869058822645840      -0.26654708591160375     
   761.67251840783149      -0.21434180388987698      -0.22512525712149156     
   762.55510533530287      -0.20989900215404667      -0.18424914134316550     
   763.43769226277425      -0.20536413177864468      -0.14393133233273514     
   764.32027919024563      -0.20073918190769657      -0.10418179652142642     
   765.20286611771701      -0.19602618119707177       -6.5007966661397520E-002
   766.08545304518839      -0.19122719692464804       -2.6414841564108719E-002
   766.96803997265977      -0.18634433408353529        1.1594909038839765E-002
   767.85062690013115      -0.18137973445875477        4.9020835424389009E-002
   768.73321382760253      -0.17633557568778524        8.5864595446550354E-002
   769.61580075507391      -0.17121407030537378       0.12212983953265850     
   770.49838768254529      -0.16601746477304846       0.15782209382901893     
   771.38097461001666      -0.16074803849374517       0.19294864215470198     
   772.26356153748804      -0.15540810281198617       0.22751840735743573     
   773.14614846495942      -0.15000000000004801       0.26154183260358815     
   774.02873539243080      -0.14452610223056353       0.29503076307385623     
   774.91132231990218      -0.13898881053600837       0.32799832847870913     
   775.79390924737356      -0.13339055375552897       0.36045882675274221     
   776.67649617484494      -0.12773378746957340       0.39242760923567199     
   777.55908310231632      -0.12202099292279250       0.42392096759945869     
   778.44167002978770      -0.11625467593568417       0.45495602273650321     
   779.32425695725908      -0.11043736580545750       0.48555061578275610     
   780.20684388473046      -0.10457161419659848       0.51572320141234407     
   781.08943081220184       -9.8659994021629657E-002  0.54549274350589938     
   781.97201773967322       -9.2705098312539674E-002  0.57487861326552481     
   782.85460466714460       -8.6709539083397652E-002  0.60390048982048961     
   783.73719159461598       -8.0675946184636610E-002  0.63257826334571732     
   784.61977852208736       -7.4606966149514037E-002  0.66093194069325001     
   785.50236544955874       -6.8505261033254994E-002  0.68898155351945589     
   786.38495237703012       -6.2373507245386733E-002  0.71674706887557660     
   787.26753930450150       -5.6214394375776959E-002  0.74424830221684490     
   788.15012623197288       -5.0030624014890862E-002  0.77150483277520909     
   789.03271315944426       -4.3824908568784252E-002  0.79853592123308392     
   789.91530008691564       -3.7599970069352603E-002  0.82536042962981004     
   790.79788701438702       -3.1358538980357918E-002  0.85199674342889198     
   791.68047394185839       -2.5103352999757033E-002  0.87846269567230761     
   792.56306086932977       -1.8837155858855821E-002  0.90477549314812034     
   793.44564779680115       -1.2562696118822155E-002  0.93095164449900158     
   794.32823472427253       -6.2827259650697865E-003  0.95700689020323304     
