   1.7698644609603449E-003   0.0000000000000000        0.0000000000000000     
   3.5397289219206898E-003   4.7121951935462023E-003  0.20412708825529477     
   5.3095933828810346E-003   9.4232277234384872E-003  0.40803531621453221     
   7.0794578438413795E-003   1.4131935212892799E-002  0.61171982820282211     
   8.8493223048017253E-003   1.8837155858794013E-002  0.81517560653658439     
   1.0619186765762071E-002   2.3537728718353485E-002   1.0183973995069691     
   1.2389051226722417E-002   2.8232493995554300E-002   1.2213796496485094     
   1.4158915687682763E-002   3.2920293327313589E-002   1.4241164223419531     
   1.5928780148643108E-002   3.7599970069291284E-002   1.6266013348018764     
   1.7698644609603454E-002   4.2270369581274815E-002   1.8288274855017643     
   1.9468509070563800E-002   4.6930339512069277E-002   2.0307873840917461     
   2.1238373531524146E-002   5.1578730083822882E-002   2.2324728818670834     
   2.3008237992484491E-002   5.6214394375717402E-002   2.4338751028487646     
   2.4778102453444837E-002   6.0836188606953771E-002   2.6349843755412854     
   2.6547966914405183E-002   6.5442972418962783E-002   2.8357901654366784     
   2.8317831375365528E-002   7.0033609156771648E-002   3.0362810083382126     
   3.0087695836325874E-002   7.4606966149456472E-002   3.2364444445819651     
   3.1857560297286217E-002   7.9161914989611892E-002   3.4362669542393030     
   3.3627424758246559E-002   8.3697331811768819E-002   3.6357338933887760     
   3.5397289219206901E-002   8.8212097569691214E-002   3.8348294315512264     
   3.7167153680167243E-002   9.2705098312484233E-002   4.0335364903878368     
   3.8937018141127586E-002   9.7175225459444819E-002   4.2318366837666233     
   4.0706882602087928E-002  0.10162137607358743        4.4297102593090063     
   4.2476747063048270E-002  0.10604245313377714        4.6271360415342979     
   4.4246611524008612E-002  0.11043736580540338        4.8240913767261038     
   4.6016475984968955E-002  0.11480502970952691        5.0205520796510763     
   4.7786340445929297E-002  0.11914436719043414        5.2164923822665221     
   4.9556204906889639E-002  0.12345430758153261        5.4118848845598029     
   5.1326069367849982E-002  0.12773378746952177        5.6067005076683225     
   5.3095933828810324E-002  0.13198175095677450        5.8009084494350516     
   5.4865798289770666E-002  0.13619714992186399        5.9944761425599991     
   5.6635662750731008E-002  0.14037894427817194        6.1873692155135798     
   5.8405527211691351E-002  0.14452610223051451        6.3795514563829059     
   6.0175391672651693E-002  0.14863760052972216        6.5709847798264871     
   6.1945256133612035E-002  0.15271242472511132        6.7616291973172071     
   6.3715120594572378E-002  0.15674956941478460        6.9514427908568148     
   6.5484985055532727E-002  0.16074803849369890        7.1403816903483692     
   6.7254849516493076E-002  0.16470684539943944        7.3284000548151234     
   6.9024713977453425E-002  0.16862501335563915        7.5154500576560466     
   7.0794578438413774E-002  0.17250157561298354        7.7014818761287325     
   7.2564442899374124E-002  0.17633557568774191        7.8864436852502289     
   7.4334307360334473E-002  0.18012606759776517        8.0702816563051627     
   7.6104171821294822E-002  0.18387211609589291        8.2529399601480886     
   7.7874036282255171E-002  0.18757279690071152        8.4343607754838068     
   7.9643900743215520E-002  0.19122719692460691        8.6144843023045290     
   8.1413765204175870E-002  0.19483441449905511        8.7932487806572137     
   8.3183629665136219E-002  0.19839355959709556        8.9705905149068936     
   8.4953494126096568E-002  0.20190375405293201        9.1464439036535961     
   8.6723358587056917E-002  0.20536413177860660        9.3207414754502960     
   8.8493223048017267E-002  0.20877383897769433        9.4934139304579812     
   9.0263087508977616E-002  0.21213203435596431        9.6643901881611196     
   9.2032951969937965E-002  0.21543788932895672        9.8335974412523193     
   9.3802816430898314E-002  0.21869058822642354        10.000961215779075     
   9.5572680891858663E-002  0.22188932849358298        10.166405437628052     
   9.7342545352819013E-002  0.22503332088913794        10.329852505403437     
   9.9112409813779362E-002  0.22812178968000935        10.491223369735286     
  0.10088227427473971       0.23115397283273684        10.650437619032100     
  0.10265213873570006       0.23412912220149901        10.807413571668238     
  0.10442200319666041       0.23704650371270719        10.962068374572256     
  0.10619186765762076       0.23990539754612727        11.114318108156231     
  0.10796173211858111       0.24270509831248432        11.264077897498892     
  0.10973159657954146       0.24544491522750711        11.411262029667139     
  0.11150146104050181       0.24812417228236863        11.555784077031428     
  0.11327132550146216       0.25074220841048123        11.697557026400144     
  0.11504118996242250       0.25329837765060459        11.836493413767727     
  0.11681105442338285       0.25579204930622779        11.972505464439744     
  0.11858091888434320       0.25822260810118319        12.105505238266822     
  0.12035078334530355       0.26058945433145747        12.235404779687492     
  0.12212064780626390       0.26289200401315921        12.362116272248407     
  0.12389051226722425       0.26512968902660816        12.485552197239116     
  0.12566037672818459       0.26730195725651051        12.605625496047812     
  0.12743024118914492       0.26940827272818479        12.722249735814362     
  0.12920010565010526       0.27144811573980598        12.835339277927901     
  0.13096997011106559       0.27342098299063367        12.944809448888551     
  0.13273983457202593       0.27532638770519441        13.050576713026389     
  0.13450969903298626       0.27716385975338609        13.152558846546430     
  0.13627956349394660       0.27893294576647548        13.250675112345512     
  0.13804942795490693       0.28063320924896024        13.344846435027026     
  0.13981929241586727       0.28226423068626766        13.434995575521064     
  0.14158915687682760       0.28382560764826359        13.521047304702689     
  0.14335902133778794       0.28531695488854608        13.602928575388486     
  0.14512888579874827       0.28673790443949904        13.680568692082387     
  0.14689875025970861       0.28808810570308291        13.753899477835555     
  0.14866861472066895       0.28936722553733940        13.822855437582607     
  0.15043847918162928       0.29057494833858932        13.887373917317309     
  0.15220834364258962       0.29171097611930297        13.947395258475055     
  0.15397820810354995       0.29277502858162419        14.002862946898240     
  0.15574807256451029       0.29376684318652968        14.053723755771713     
  0.15751793702547062       0.29468617521860657        14.099927881931825     
  0.15928780148643096       0.29553279784643210        14.141429074971633     
  0.16105766594739129       0.29630650217854126        14.178184758587900     
  0.16282753040835163       0.29700709731496722        14.210156143642045     
  0.16459739486931196       0.29763441039434330        14.237308332437827     
  0.16636725933027230       0.29818828663655389        14.259610413751105     
  0.16813712379123263       0.29866858938092394        14.277035548184550     
  0.16990698825219297       0.29907520011993832        14.289561043458876     
  0.17167685271315331       0.29940801852848142        14.297168419295046     
  0.17344671717411364       0.29966696248859098        14.299843461585951     
  0.17521658163507398       0.29985196810971942        14.297576265603315     
  0.17698644609603431       0.29996298974449814        14.290361268033893     
  0.17875631055699465       0.29999999999999999        14.278197267689185     
  0.18052617501795498       0.29996298974449814        14.261087434784150     
  0.18229603947891532       0.29985196810971948        14.239039308732480     
  0.18406590393987565       0.29966696248859098        14.212064784458271     
  0.18583576840083599       0.29940801852848148        14.180180087276621     
  0.18760563286179632       0.29907520011993843        14.143405736447800     
  0.18937549732275666       0.29866858938092405        14.101766497560906     
  0.19114536178371699       0.29818828663655395        14.055291323953869     
  0.19291522624467733       0.29763441039434341        14.004013287425016     
  0.19468509070563766       0.29700709731496733        13.947969498539269     
  0.19645495516659800       0.29630650217854143        13.887201016876920     
  0.19822481962755834       0.29553279784643227        13.821752751615971     
  0.19999468408851867       0.29468617521860674        13.751673352879028     
  0.20176454854947901       0.29376684318652990        13.677015094313228     
  0.20353441301043934       0.29277502858162441        13.597833747405968     
  0.20530427747139968       0.29171097611930313        13.514188448069593     
  0.20707414193236001       0.29057494833858954        13.426141556056368     
  0.20884400639332035       0.28936722553733962        13.333758507788183     
  0.21061387085428068       0.28808810570308319        13.237107663205968     
  0.21238373531524102       0.28673790443949931        13.136260147259986     
  0.21415359977620135       0.28531695488854636        13.031289686674800     
  0.21592346423716169       0.28382560764826392        12.922272442631458     
  0.21769332869812202       0.28226423068626794        12.809286840014352     
  0.21946319315908236       0.28063320924896057        12.692413393871853     
  0.22123305762004269       0.27893294576647581        12.571734533736972     
  0.22300292208100303       0.27716385975338642        12.447334426449293     
  0.22477278654196337       0.27532638770519474        12.319298798109582     
  0.22654265100292370       0.27342098299063405        12.187714755786764     
  0.22831251546388404       0.27144811573980632        12.052670609581382     
  0.23008237992484437       0.26940827272818524        11.914255695631901     
  0.23185224438580471       0.26730195725651090        11.772560200629343     
  0.23362210884676504       0.26512968902660861        11.627674988383115     
  0.23539197330772538       0.26289200401315971        11.479691428955700     
  0.23716183776868571       0.26058945433145803        11.328701230857245     
  0.23893170222964605       0.25822260810118375        11.174796276762502     
  0.24070156669060638       0.25579204930622840        11.018068463182912     
  0.24247143115156672       0.25329837765060526        10.858609544495849     
  0.24424129561252705       0.25074220841048184        10.696510981701422     
  0.24601116007348739       0.24812417228236938        10.531863796244773     
  0.24778102453444772       0.24544491522750789        10.364758429209573     
  0.24955088899540806       0.24270509831248510        10.195284606155488     
  0.25132075345636840       0.23990539754612805        10.023531207839802     
  0.25309061791732873       0.23704650371270805        9.8495861470311930     
  0.25486048237828907       0.23412912220149990        9.6735362515916599     
  0.25663034683924940       0.23115397283273781        9.4954671539716440     
  0.25840021130020974       0.22812178968001035        9.3154631872328952     
  0.26017007576117007       0.22503332088913897        9.1336072876843328     
  0.26193994022213041       0.22188932849358406        8.9499809041879299     
  0.26370980468309074       0.21869058822642462        8.7646639141645348     
  0.26547966914405108       0.21543788932895788        8.5777345463039261     
  0.26724953360501141       0.21213203435596550        8.3892693099589337     
  0.26901939806597175       0.20877383897769558        8.1993429311807429     
  0.27078926252693208       0.20536413177860791        8.0080282953309769     
  0.27255912698789242       0.20190375405293334        7.8153963961865607     
  0.27432899144885275       0.19839355959709695        7.6215162914349799     
  0.27609885590981309       0.19483441449905653        7.4264550644410017     
  0.27786872037077343       0.19122719692460829        7.2302777921508703     
  0.27963858483173376       0.18757279690071296        7.0330475189865540     
  0.28140844929269410       0.18387211609589441        6.8348252365705573     
  0.28317831375365443       0.18012606759776670        6.6356698691117080     
  0.28494817821461477       0.17633557568774347        6.4356382642731234     
  0.28671804267557510       0.17250157561298513        6.2347851893361641     
  0.28848790713653544       0.16862501335564076        6.0331633324682583     
  0.29025777159749577       0.16470684539944117        5.8308233088973696     
  0.29202763605845611       0.16074803849370065        5.6278136717926319     
  0.29379750051941644       0.15674956941478638        5.4241809276481936     
  0.29556736498037678       0.15271242472511315        5.2199695559660260     
  0.29733722944133711       0.14863760052972405        5.0152220330333899     
  0.29910709390229745       0.14452610223051643        4.8099788595913209     
  0.30087695836325778       0.14037894427817391        4.6042785921920872     
  0.30264682282421812       0.13619714992186596        4.3981578780462121     
  0.30441668728517846       0.13198175095677650        4.1916514931626558     
  0.30618655174613879       0.12773378746952380        3.9847923835896744     
  0.30795641620709913       0.12345430758153467        3.7776117095683444     
  0.30972628066805946       0.11914436719043627        3.5701388924156006     
  0.31149614512901980       0.11480502970952905        3.3624016639590666     
  0.31326600958998013       0.11043736580540554        3.1544261183516893     
  0.31503587405094047       0.10604245313377934        2.9462367661002755     
  0.31680573851190080       0.10162137607358963        2.7378565901482399     
  0.31857560297286114        9.7175225459447095E-002   2.5293071038594923     
  0.32034546743382147        9.2705098312486536E-002   2.3206084107568437     
  0.32211533189478181        8.8212097569693532E-002   2.1117792658751093     
  0.32388519635574214        8.3697331811771164E-002   1.9028371385956881     
  0.32565506081670248        7.9161914989614293E-002   1.6937982768361242     
  0.32742492527766281        7.4606966149458886E-002   1.4846777724746862     
  0.32919478973862315        7.0033609156774118E-002   1.2754896278965282     
  0.33096465419958349        6.5442972418965295E-002   1.0662468235542373     
  0.33273451866054382        6.0836188606956304E-002  0.85696138644178310     
  0.33450438312150416        5.6214394375719984E-002  0.64764445938668469     
  0.33627424758246449        5.1578730083825498E-002  0.43830637107093295     
  0.33804411204342483        4.6930339512071921E-002  0.22895670669651136     
  0.33981397650438516        4.2270369581277493E-002   1.9604379216430622E-002
  0.34158384096534550        3.7599970069293998E-002 -0.18974229894310704     
  0.34335370542630583        3.2920293327316344E-002 -0.39907554373940440     
  0.34512356988726617        2.8232493995557089E-002 -0.60838802701485462     
  0.34689343434822650        2.3537728718356309E-002 -0.81767280370580797     
  0.34866329880918684        1.8837155858796868E-002  -1.0269232388179059     
  0.35043316327014717        1.4131935212895682E-002  -1.2361329342242779     
  0.35220302773110751        9.4232277234414016E-003  -1.4452956553406056     
  0.35397289219206785        4.7121951935491426E-003  -1.6544052577291108     
  0.35574275665302818        2.9677281889848336E-015  -1.8634556136820197     
  0.35751262111398852       -4.7121951935432090E-003  -2.0724405388339604     
  0.35928248557494885       -9.4232277234354671E-003  -2.2813537188521571     
  0.36105235003590919       -1.4131935212889751E-002  -2.4901886362530599     
  0.36282221449686952       -1.8837155858790942E-002  -2.6989384973943422     
  0.36459207895782986       -2.3537728718350390E-002  -2.9075961596918920     
  0.36636194341879019       -2.8232493995551177E-002  -3.1161540591125658     
  0.36813180787975053       -3.2920293327310439E-002  -3.3246041379950695     
  0.36990167234071086       -3.7599970069288120E-002  -3.5329377732533453     
  0.37167153680167120       -4.2270369581271623E-002  -3.7411457050192549     
  0.37344140126263153       -4.6930339512066072E-002  -3.9492179657842357     
  0.37521126572359187       -5.1578730083819649E-002  -4.1571438101028253     
  0.37698113018455220       -5.6214394375714155E-002  -4.3649116449246197     
  0.37875099464551254       -6.0836188606950496E-002  -4.5725089606251972     
  0.38052085910647288       -6.5442972418959508E-002  -4.7799222628109677     
  0.38229072356743321       -7.0033609156768345E-002  -4.9871370049775487     
  0.38406058802839355       -7.4606966149453141E-002  -5.1941375221063577     
  0.38583045248935388       -7.9161914989608576E-002  -5.4009069652893560     
  0.38760031695031422       -8.3697331811765460E-002  -5.6074272374775003     
  0.38937018141127455       -8.8212097569687870E-002  -5.8136789304542962     
  0.39114004587223489       -9.2705098312480902E-002  -6.0196412631417928     
  0.39290991033319522       -9.7175225459441489E-002  -6.2252920213526561     
  0.39467977479415556      -0.10162137607358405       -6.4306074991082198     
  0.39644963925511589      -0.10604245313377379       -6.6355624416488777     
  0.39821950371607623      -0.11043736580540002       -6.8401299902696602     
  0.39998936817703656      -0.11480502970952357       -7.0442816291203503     
  0.40175923263799690      -0.11914436719043081       -7.2479871341159683     
  0.40352909709895723      -0.12345430758152925       -7.4512145241097398     
  0.40529896155991757      -0.12773378746951844       -7.6539300144870790     
  0.40706882602087791      -0.13198175095677117       -7.8560979733449141     
  0.40883869048183824      -0.13619714992186066       -8.0576808804266804     
  0.41060855494279858      -0.14037894427816866       -8.2586392889886167     
  0.41237841940375891      -0.14452610223051124       -8.4589317907780952     
  0.41414828386471925      -0.14863760052971892       -8.6585149843093880     
  0.41591814832567958      -0.15271242472510807       -8.8573434466263130     
  0.41768801278663992      -0.15674956941478133       -9.0553697087446494     
  0.41945787724760025      -0.16074803849369576       -9.2525442349701912     
  0.42122774170856059      -0.16470684539943634       -9.4488154062902243     
  0.42299760616952092      -0.16862501335563601       -9.6441295080375760     
  0.42476747063048126      -0.17250157561298041       -9.8384307220267377     
  0.42653733509144159      -0.17633557568773878       -10.031661123361022     
  0.42830719955240193      -0.18012606759776206       -10.223760682107914     
  0.43007706401336226      -0.18387211609588980       -10.414667270037254     
  0.43184692847432260      -0.18757279690070841       -10.604316672612855     
  0.43361679293528294      -0.19122719692460383       -10.792642606422801     
  0.43538665739624327      -0.19483441449905203       -10.979576742227604     
  0.43715652185720361      -0.19839355959709251       -11.165048733796954     
  0.43892638631816394      -0.20190375405292896       -11.348986252697104     
  0.44069625077912428      -0.20536413177860360       -11.531315029179510     
  0.44246611524008461      -0.20877383897769133       -11.711958899309648     
  0.44423597970104495      -0.21213203435596131       -11.890839858460666     
  0.44600584416200528      -0.21543788932895372       -12.067878121281328     
  0.44777570862296562      -0.21869058822642054       -12.242992188230579     
  0.44954557308392595      -0.22188932849358003       -12.416098918752644     
  0.45131543754488629      -0.22503332088913500       -12.587113611146199     
  0.45308530200584662      -0.22812178968000638       -12.755950089159745     
  0.45485516646680696      -0.23115397283273389       -12.922520795321702     
  0.45662503092776729      -0.23412912220149609       -13.086736890989531     
  0.45839489538872763      -0.23704650371270430       -13.248508363075683     
  0.46016475984968797      -0.23990539754612439       -13.407744137381121     
  0.46193462431064830      -0.24270509831248152       -13.564352198438332     
  0.46370448877160864      -0.24544491522750433       -13.718239715736198     
  0.46547435323256897      -0.24812417228236591       -13.869313176168301     
  0.46724421769352931      -0.25074220841047851       -14.017478522514736     
  0.46901408215448964      -0.25329837765060198       -14.162641297735474     
  0.47078394661544998      -0.25579204930622518       -14.304706794820419     
  0.47255381107641031      -0.25822260810118064       -14.443580211908467     
  0.47432367553737065      -0.26058945433145497       -14.579166812354767     
  0.47609353999833098      -0.26289200401315677       -14.711372089392459     
  0.47786340445929132      -0.26512968902660577       -14.840101935002425     
  0.47963326892025165      -0.26730195725650818       -14.965262812572805     
  0.48140313338121199      -0.26940827272818252       -15.086761932898453     
  0.48317299784217232      -0.27144811573980376       -15.204507433040851     
  0.48494286230313266      -0.27342098299063156       -15.318408557539701     
  0.48671272676409300      -0.27532638770519235       -15.428375841440765     
  0.48848259122505333      -0.27716385975338420       -15.534321294578634     
  0.49025245568601367      -0.27893294576647365       -15.636158586530282     
  0.49202232014697400      -0.28063320924895852       -15.733803231634193     
  0.49379218460793434      -0.28226423068626599       -15.827172773451410     
  0.49556204906889467      -0.28382560764826203       -15.916186968029784     
  0.49733191352985501      -0.28531695488854453       -16.000767965319589     
  0.49910177799081534      -0.28673790443949759       -16.080840488080142     
  0.50087164245177573      -0.28808810570308152       -16.156332007610608     
  0.50264150691273612      -0.28936722553733812       -16.227172915636245     
  0.50441137137369652      -0.29057494833858816       -16.293296691682677     
  0.50618123583465691      -0.29171097611930186       -16.354640065275660     
  0.50795110029561730      -0.29277502858162324       -16.411143172313370     
  0.50972096475657769      -0.29376684318652879       -16.462749704970534     
  0.51149082921753808      -0.29468617521860579       -16.509407054511122     
  0.51326069367849847      -0.29553279784643144       -16.551066446406590     
  0.51503055813945886      -0.29630650217854071       -16.587683067181569     
  0.51680042260041925      -0.29700709731496672       -16.619216182436645     
  0.51857028706137964      -0.29763441039434285       -16.645629245530763     
  0.52034015152234003      -0.29818828663655350       -16.666889996439650     
  0.52211001598330042      -0.29866858938092367       -16.682970550346862     
  0.52387988044426081      -0.29907520011993810       -16.693847475564546     
  0.52564974490522121      -0.29940801852848126       -16.699501860425919     
  0.52741960936618160      -0.29966696248859082       -16.699919368838518     
  0.52918947382714199      -0.29985196810971937       -16.695090284236187     
  0.53095933828810238      -0.29996298974449814       -16.685009541718863     
  0.53272920274906277      -0.29999999999999999       -16.669676748222006     
  0.53449906721002316      -0.29996298974449820       -16.649096190611058     
  0.53626893167098355      -0.29985196810971954       -16.623276831650710     
  0.53803879613194394      -0.29966696248859109       -16.592232293854366     
  0.53980866059290433      -0.29940801852848159       -16.555980831273200     
  0.54157852505386472      -0.29907520011993860       -16.514545289339779     
  0.54334838951482511      -0.29866858938092417       -16.467953052934465     
  0.54511825397578551      -0.29818828663655411       -16.416235982895831     
  0.54688811843674590      -0.29763441039434357       -16.359430341247474     
  0.54865798289770629      -0.29700709731496749       -16.297576705463246     
  0.55042784735866668      -0.29630650217854154       -16.230719872139847     
  0.55219771181962707      -0.29553279784643244       -16.158908750490735     
  0.55396757628058746      -0.29468617521860685       -16.082196246117196     
  0.55573744074154785      -0.29376684318652996       -16.000639135551410     
  0.55750730520250824      -0.29277502858162446       -15.914297932101935     
  0.55927716966346863      -0.29171097611930319       -15.823236743564273     
  0.56104703412442902      -0.29057494833858949       -15.727523122387986     
  0.56281689858538941      -0.28936722553733962       -15.627227908916206     
  0.56458676304634980      -0.28808810570308302       -15.522425068334627     
  0.56635662750731020      -0.28673790443949920       -15.413191521984118     
  0.56812649196827059      -0.28531695488854614       -15.299606973703732     
  0.56989635642923098      -0.28382560764826370       -15.181753731880571     
  0.57166622089019137      -0.28226423068626766       -15.059716527887419     
  0.57343608535115176      -0.28063320924896012       -14.933582331590959     
  0.57520594981211215      -0.27893294576647537       -14.803440164610441     
  0.57697581427307254      -0.27716385975338587       -14.669380912000873     
  0.57874567873403293      -0.27532638770519419       -14.531497133025020     
  0.58051554319499332      -0.27342098299063333       -14.389882871665536     
  0.58228540765595371      -0.27144811573980565       -14.244633467512877     
  0.58405527211691410      -0.26940827272818435       -14.095845367645019     
  0.58582513657787449      -0.26730195725651001       -13.943615940094391     
  0.58759500103883489      -0.26512968902660755       -13.788043289472167     
  0.58936486549979528      -0.26289200401315849       -13.629226075295062     
  0.59113472996075567      -0.26058945433145680       -13.467263333530738     
  0.59290459442171606      -0.25822260810118236       -13.302254301848507     
  0.59467445888267645      -0.25579204930622690       -13.134298249030929     
  0.59644432334363684      -0.25329837765060365       -12.963494308969173     
  0.59821418780459723      -0.25074220841048017       -12.789941319632280     
  0.59998405226555762      -0.24812417228236749       -12.613737667366252     
  0.60175391672651801      -0.24544491522750581       -12.434981136845133     
  0.60352378118747840      -0.24270509831248302       -12.253768766961439     
  0.60529364564843879      -0.23990539754612578       -12.070196712909382     
  0.60706351010939918      -0.23704650371270572       -11.884360114680609     
  0.60883337457035958      -0.23412912220149734       -11.696352972158195     
  0.61060323903131997      -0.23115397283273517       -11.506268026962333     
  0.61237310349228036      -0.22812178968000751       -11.314196651169372     
  0.61414296795324075      -0.22503332088913608       -11.120228742994586     
  0.61591283241420114      -0.22188932849358092       -10.924452629499731     
  0.61768269687516153      -0.21869058822642126       -10.726954976357870     
  0.61945256133612192      -0.21543788932895444       -10.527820704680881     
  0.62122242579708231      -0.21213203435596184       -10.327132914889361     
  0.62299229025804270      -0.20877383897769186       -10.124972817580867     
  0.62476215471900309      -0.20536413177860394       -9.9214196713294562     
  0.62653201917996348      -0.20190375405292932       -9.7165507273291620     
  0.62830188364092387      -0.19839355959709268       -9.5104411807742011     
  0.63007174810188427      -0.19483441449905201       -9.3031641288517726     
  0.63184161256284466      -0.19122719692460380       -9.0947905352069345     
  0.63361147702380505      -0.18757279690070819       -8.8853892007248430     
  0.63538134148476544      -0.18387211609588958       -8.6750267404634140     
  0.63715120594572583      -0.18012606759776159       -8.4637675665576584     
  0.63892107040668622      -0.17633557568773831       -8.2516738769084039     
  0.64069093486764661      -0.17250157561297971       -8.0388056494590856     
  0.64246079932860700      -0.16862501335563532       -7.8252206418587775     
  0.64423066378956739      -0.16470684539943539       -7.6109743963034928     
  0.64600052825052778      -0.16074803849369462       -7.3961202493448353     
  0.64777039271148817      -0.15674956941478027       -7.1807093464516614     
  0.64954025717244857      -0.15271242472510677       -6.9647906611096060     
  0.65131012163340896      -0.14863760052971761       -6.7484110182426980     
  0.65307998609436935      -0.14452610223050968       -6.5316151217418659     
  0.65484985055532974      -0.14037894427816711       -6.3144455858870954     
  0.65661971501629013      -0.13619714992185886       -6.0969429704519973     
  0.65838957947725052      -0.13198175095676937       -5.8791458192833659     
  0.66015944393821091      -0.12773378746951636       -5.6610907021514727     
  0.66192930839917130      -0.12345430758152692       -5.4428122596723361     
  0.66369917286013169      -0.11914436719042847       -5.2243432511074488     
  0.66546903732109208      -0.11480502970952094       -5.0057146048524643     
  0.66723890178205247      -0.11043736580539740       -4.7869554714324876     
  0.66900876624301286      -0.10604245313377089       -4.5680932788272237     
  0.67077863070397326      -0.10162137607358114       -4.3491537899567403     
  0.67254849516493365       -9.7175225459438311E-002  -4.1301611621644643     
  0.67431835962589404       -9.2705098312477432E-002  -3.9111380085416978     
  0.67608822408685443       -8.8212097569684386E-002  -3.6921054609443891     
  0.67785808854781482       -8.3697331811761713E-002  -3.4730832345601628     
  0.67962795300877521       -7.9161914989604815E-002  -3.2540896938907968     
  0.68139781746973560       -7.4606966149449117E-002  -3.0351419200217378     
  0.68316768193069599       -7.0033609156764307E-002  -2.8162557790578018     
  0.68493754639165638       -6.5442972418955192E-002  -2.5974459916101229     
  0.68670741085261677       -6.0836188606946166E-002  -2.3787262032266971     
  0.68847727531357716       -5.6214394375709555E-002  -2.1601090556643259     
  0.69024713977453755       -5.1578730083814771E-002  -1.9416062589065850     
  0.69201700423549795       -4.6930339512061173E-002  -1.7232286638374950     
  0.69378686869645834       -4.2270369581266454E-002  -1.5049863354863768     
  0.69555673315741873       -3.7599970069282944E-002  -1.2868886267645225     
  0.69732659761837912       -3.2920293327304992E-002  -1.0689442526185902     
  0.69909646207933951       -2.8232493995545720E-002 -0.85116136453067592     
  0.70086632654029990       -2.3537728718344655E-002 -0.63354762529823039     
  0.70263619100126029       -1.8837155858784940E-002 -0.41611028403131695     
  0.70440605546222068       -1.4131935212883742E-002 -0.19885625130717763     
  0.70617591992318107       -9.4232277234291856E-003   1.8207825574779200E-002
  0.70794578438414146       -4.7121951935369241E-003  0.23507548729216940     
  0.70971564884510185        9.5188481248125114E-015  0.45174038720618404     
  0.71148551330606224        4.7121951935556929E-003  0.66819621612660529     
  0.71325537776702264        9.4232277234482156E-003  0.88443662718622151     
  0.71502524222798303        1.4131935212902492E-002   1.1004551608742963     
  0.71679510668894342        1.8837155858803935E-002   1.3162451702795028     
  0.71856497114990381        2.3537728718363633E-002   1.5317997465923707     
  0.72033483561086420        2.8232493995564406E-002   1.7471116449188460     
  0.72210470007182459        3.2920293327323914E-002   1.9621732104574610     
  0.72387456453278498        3.7599970069301561E-002   2.1769763050943229     
  0.72564442899374537        4.2270369581285300E-002   2.3915122344727870     
  0.72741429345470576        4.6930339512079706E-002   2.6057716755965483     
  0.72918415791566615        5.1578730083833520E-002   2.8197446050287005     
  0.73095402237662654        5.6214394375727984E-002   3.0334202277519093     
  0.73272388683758694        6.0836188606964547E-002   3.2467869067594513     
  0.73449375129854733        6.5442972418973760E-002   3.4598320934501903     
  0.73626361575950772        7.0033609156782556E-002   3.6725422589058336     
  0.73803348022046811        7.4606966149467574E-002   3.8849028261331302     
  0.73980334468142850        7.9161914989622925E-002   4.0968981033588125     
  0.74157320914238889        8.3697331811780018E-002   4.3085112184709731     
  0.74334307360334928        8.8212097569702358E-002   4.5197240547054056     
  0.74511293806430967        9.2705098312495557E-002   4.7305171876822047     
  0.74688280252527006        9.7175225459456324E-002   4.9408698239031201     
  0.74865266698623045       0.10162137607359883        5.1507597408270058     
  0.75042253144719084       0.10604245313378871        5.3601632286467034     
  0.75219239590815123       0.11043736580541487        5.5690550338969000     
  0.75396226036911163       0.11480502970953856        5.7774083050294696     
  0.75573212483007202       0.11914436719044570        5.9851945400983393     
  0.75750198929103241       0.12345430758154430        6.1923835367031383     
  0.75927185375199280       0.12773378746953334        6.3989433443460877     
  0.76104171821295319       0.13198175095678621        6.6048402193634548     
  0.76281158267391358       0.13619714992187584        6.8100385825978655     
  0.76458144713487397       0.14037894427818368        7.0145009799836986     
  0.76635131159583436       0.14452610223052639        7.2181880462226458     
  0.76812117605679475       0.14863760052973393        7.4210584717308841     
  0.76989104051775514       0.15271242472512314        7.6230689730440391     
  0.77166090497871553       0.15674956941479629        7.8241742668687584     
  0.77343076943967592       0.16074803849371072        8.0243270479734967     
  0.77520063390063632       0.16470684539945132        8.2234779711123842     
  0.77697049836159671       0.16862501335565083        8.4215756371781900     
  0.77874036282255710       0.17250157561299528        8.6185665837802130     
  0.78051022728351749       0.17633557568775352        8.8143952804427297     
  0.78228009174447788       0.18012606759777686        9.0090041286182885     
  0.78404995620543827       0.18387211609590443        9.2023334667070387     
  0.78581982066639866       0.18757279690072307        9.3943215802701978     
  0.78758968512735905       0.19122719692461829        9.5849047176199313     
  0.78935954958831944       0.19483441449906649        9.7740171109625500     
  0.79112941404927983       0.19839355959710697        9.9615910032633774     
  0.79289927851024022       0.20190375405294325        10.147556680993308     
  0.79466914297120061       0.20536413177861784        10.331842512906169     
  0.79643900743216101       0.20877383897770535        10.514374994983900     
  0.79820887189312140       0.21213203435597530        10.695078801673567     
  0.79997873635408179       0.21543788932896749        10.873876843524380     
  0.80174860081504218       0.21869058822643431        11.050690331317000     
  0.80351846527600257       0.22188932849359352        11.225438846758427     
  0.80528832973696296       0.22503332088914846        11.398040419796850     
  0.80705819419792335       0.22812178968001987        11.568411612588624     
  0.80882805865888374       0.23115397283274713        11.736467610127486     
  0.81059792311984413       0.23412912220150922        11.902122317521492     
  0.81236778758080452       0.23704650371271721        12.065288463877479     
  0.81413765204176491       0.23990539754613718        12.225877712726177     
  0.81590751650272531       0.24270509831249401        12.383800778892716     
  0.81767738096368570       0.24544491522751677        12.538967551688181     
  0.81944724542464609       0.24812417228237821        12.691287224267390     
  0.82121710988560648       0.25074220841049050        12.840668428967527     
  0.82298697434656687       0.25329837765061386        12.987019378409951     
  0.82475683880752726       0.25579204930623672        13.130248012115624     
  0.82652670326848765       0.25822260810119202        13.270262148352208     
  0.82829656772944804       0.26058945433146607        13.406969640897717     
  0.83006643219040843       0.26289200401316765        13.540278540373851     
  0.83183629665136882       0.26512968902661632        13.670097259769012     
  0.83360616111232921       0.26730195725651851        13.796334743740438     
  0.83537602557328960       0.26940827272819273        13.918900641252963     
  0.83714589003425000       0.27144811573981364        14.037705481083004     
  0.83891575449521039       0.27342098299064116        14.152660849687569     
  0.84068561895617078       0.27532638770520168        14.263679570910888     
  0.84245548341713117       0.27716385975339319        14.370675886976924     
  0.84422534787809156       0.27893294576648231        14.473565640192072     
  0.84599521233905195       0.28063320924896684        14.572266454762524     
  0.84776507680001234       0.28226423068627410        14.666697918111943     
  0.84953494126097273       0.28382560764826975        14.756781761069952     
  0.85130480572193312       0.28531695488855202        14.842442036289746     
  0.85307467018289351       0.28673790443950470        14.923605294243224     
  0.85484453464385390       0.28808810570308835        15.000200756137165     
  0.85661439910481429       0.28936722553734456        15.072160483090302     
  0.85838426356577469       0.29057494833859426        15.139419540913767     
  0.86015412802673508       0.29171097611930757        15.201916159840970     
  0.86192399248769547       0.29277502858162857        15.259591888562984     
  0.86369385694865586       0.29376684318653384        15.312391741937168     
  0.86546372140961625       0.29468617521861035        15.360264341753792     
  0.86723358587057664       0.29553279784643566        15.403162049965566     
  0.86900345033153703       0.29630650217854454        15.441041093808868     
  0.87077331479249742       0.29700709731497016        15.473861682273752     
  0.87254317925345781       0.29763441039434591        15.501588113410534     
  0.87431304371441820       0.29818828663655622        15.524188871996087     
  0.87608290817537859       0.29866858938092594        15.541636717120507     
  0.87785277263633898       0.29907520011994004        15.553908759296281     
  0.87962263709729938       0.29940801852848281        15.560986526735300     
  0.88139250155825977       0.29966696248859198        15.562856020485926     
  0.88316236601922016       0.29985196810972015        15.559507758170165     
  0.88493223048018055       0.29996298974449848        15.550936806111704     
  0.88670209494114094       0.29999999999999999        15.537142799697321     
  0.88847195940210133       0.29996298974449781        15.518129951866808     
  0.89024182386306172       0.29985196810971876        15.493907049680871     
  0.89201168832402211       0.29966696248858993        15.464487438970256     
  0.89378155278498250       0.29940801852848004        15.429888997123717     
  0.89555141724594289       0.29907520011993660        15.390134094126228     
  0.89732128170690328       0.29866858938092189        15.345249542012187     
  0.89909114616786368       0.29818828663655139        15.295266532950162     
  0.90086101062882407       0.29763441039434052        15.240220566226425     
  0.90263087508978446       0.29700709731496405        15.180151364443269     
  0.90440073955074485       0.29630650217853771        15.115102779294784     
  0.90617060401170524       0.29553279784642816        15.045122687326860     
  0.90794046847266563       0.29468617521860230        14.970262876129572     
  0.90971033293362602       0.29376684318652502        14.890578921448729     
  0.91148019739458641       0.29277502858161908        14.806130055738521     
  0.91325006185554680       0.29171097611929742        14.716979028708863     
  0.91501992631650719       0.29057494833858349        14.623191960449454     
  0.91678979077746758       0.28936722553733313        14.524838187737007     
  0.91855965523842797       0.28808810570307625        14.421990104152773     
  0.92032951969938837       0.28673790443949193        14.314722994654215     
  0.92209938416034876       0.28531695488853853        14.203114865257835     
  0.92386924862130915       0.28382560764825576        14.087246268498767     
  0.92563911308226954       0.28226423068625939        13.967200125338218     
  0.92740897754322993       0.28063320924895152        13.843061544190917     
  0.92917884200419032       0.27893294576646627        13.714917637742341     
  0.93094870646515071       0.27716385975337660        13.582857338219672     
  0.93271857092611110       0.27532638770518453        13.446971211770538     
  0.93448843538707149       0.27342098299062328        13.307351272591701     
  0.93625829984803188       0.27144811573979510        13.164090797433047     
  0.93802816430899227       0.26940827272817347        13.017284141084433     
  0.93979802876995266       0.26730195725649891        12.867026553431218     
  0.94156789323091306       0.26512968902659612        12.713413998640711     
  0.94333775769187345       0.26289200401314666        12.556542977016118     
  0.94510762215283384       0.26058945433144454        12.396510350026468     
  0.94687748661379423       0.25822260810117004        12.233413168992023     
  0.94864735107475462       0.25579204930621413        12.067348507873643     
  0.95041721553571501       0.25329837765059054        11.898413300583098     
  0.95218707999667540       0.25074220841046657        11.726704183198006     
  0.95395694445763579       0.24812417228235359        11.552317341432440     
  0.95572680891859618       0.24544491522749190        11.375348363680038     
  0.95749667337955657       0.24270509831246864        11.195892099912978     
  0.95926653784051696       0.23990539754611107        11.014042526686334     
  0.96103640230147735       0.23704650371269054        10.829892618463811     
  0.96280626676243775       0.23412912220148219        10.643534225448176     
  0.96457613122339814       0.23115397283271957        10.455057958067169     
  0.96634599568435853       0.22812178967999161        10.264553078234805     
  0.96811586014531892       0.22503332088911970        10.072107397476870     
  0.96988572460627931       0.22188932849356427        9.8778071819807991     
  0.97165558906723970       0.21869058822640472        9.6817370646018155     
  0.97342545352820009       0.21543788932893743        9.4839799638305387     
  0.97519531798916048       0.21213203435594452        9.2846170097024121     
  0.97696518245012087       0.20877383897767410        9.0837274766049774     
  0.97873504691108126       0.20536413177858592        8.8813887229174853     
  0.98050491137204165       0.20190375405291125        8.6776761373964781     
  0.98227477583300205       0.19839355959707433        8.4726630922020636     
  0.98404464029396244       0.19483441449903338        8.2664209024426416     
  0.98581450475492283       0.19122719692458473        8.0590187920995522     
  0.98758436921588322       0.18757279690068931        7.8505238661799144     
  0.98935423367684361       0.18387211609587023        7.6410010889327333     
  0.99112409813780400       0.18012606759774205        7.4305132679533230     
  0.99289396259876439       0.17633557568771829        7.2191210439908309     
  0.99466382705972478       0.17250157561295945        7.0068828862666894     
  0.99643369152068517       0.16862501335561506        6.7938550931048987     
  0.99820355598164556       0.16470684539941496        6.5800917976699864     
  0.99997342044260595       0.16074803849367394        6.3656449786052791     
   1.0017432849035663       0.15674956941475918        6.1505644753606594     
   1.0035131493645266       0.15271242472508592        5.9348980079985143     
   1.0052830138254869       0.14863760052969635        5.7186912012656066     
   1.0070528782864472       0.14452610223048870        5.5019876127199527     
   1.0088227427474075       0.14037894427814618        5.2848287647024446     
   1.0105926072083677       0.13619714992183826        5.0672541799465103     
   1.0123624716693280       0.13198175095674833        4.8493014206214875     
   1.0141323361302883       0.12773378746949565        4.6310061306097072     
   1.0159022005912486       0.12345430758150658        4.4124020808213995     
   1.0176720650522089       0.11914436719040822        4.1935212173572349     
   1.0194419295131691       0.11480502970950107        3.9743937123330531     
   1.0212117939741294       0.11043736580537712        3.7550480171876544     
   1.0229816584350897       0.10604245313375099        3.5355109183007807     
   1.0247515228960500       0.10162137607356139        3.3158075947543226     
   1.0265213873570103        9.7175225459418937E-002   3.0959616780773671     
   1.0282912518179705        9.2705098312457976E-002   2.8759953138215306     
   1.0300611162789308        8.8212097569665082E-002   2.6559292248206194     
   1.0318309807398911        8.3697331811742839E-002   2.4357827759948689     
   1.0336008452008514        7.9161914989586094E-002   2.2155740405677022     
   1.0353707096618117        7.4606966149430326E-002   1.9953198675689239     
   1.0371405741227719        7.0033609156745683E-002   1.7750359505055839     
   1.0389104385837322        6.5442972418937026E-002   1.5547368970875997     
   1.0406803030446925        6.0836188606928202E-002   1.3344362999024313     
   1.0424501675056528        5.6214394375692048E-002   1.1141468079383590     
   1.0442200319666131        5.1578730083797215E-002  0.89388019886220937     
   1.0459898964275733        4.6930339512043839E-002  0.67364745196301079     
   1.0477597608885336        4.2270369581249599E-002  0.45345882167770696     
   1.0495296253494939        3.7599970069266318E-002  0.23332391162093111     
   1.0512994898104542        3.2920293327288339E-002   1.3251749044429377E-002
   1.0530693542714145        2.8232493995529309E-002 -0.20674914034336775     
   1.0548392187323747        2.3537728718328751E-002 -0.42667065726405806     
   1.0566090831933350        1.8837155858769546E-002 -0.64650505352441312     
   1.0583789476542953        1.4131935212868608E-002 -0.86624485650003569     
   1.0601488121152556        9.4232277234140415E-003  -1.0858827935045645     
   1.0619186765762159        4.7121951935220419E-003  -1.3054117160993801     
   1.0636885410371761       -2.3870599119980120E-014  -1.5248245243976268     
   1.0654584054981364       -4.7121951935697771E-003  -1.7441140914142772     
   1.0672282699590967       -9.4232277234622928E-003  -1.9632731875141431     
   1.0689981344200570       -1.4131935212916294E-002  -2.1822944050087312     
   1.0707679988810173       -1.8837155858817196E-002  -2.4011700829537150     
   1.0725378633419775       -2.3537728718376352E-002  -2.6198922321985267     
   1.0743077278029378       -2.8232493995576841E-002  -2.8384524607414732     
   1.0760775922638981       -3.2920293327336328E-002  -3.0568418994448634     
   1.0778474567248584       -3.7599970069313683E-002  -3.2750511281665085     
   1.0796173211858187       -4.2270369581296874E-002  -3.4930701023669060     
   1.0813871856467789       -4.6930339512090989E-002  -3.7108880802532869     
   1.0831570501077392       -5.1578730083844782E-002  -3.9284935505258978     
   1.0849269145686995       -5.6214394375738955E-002  -4.1458741607946807     
   1.0866967790296598       -6.0836188606974956E-002  -4.3630166467393199     
   1.0884666434906201       -6.5442972418983614E-002  -4.5799067620889913     
   1.0902365079515803       -7.0033609156792631E-002  -4.7965292095037952     
   1.0920063724125406       -7.4606966149477066E-002  -5.0128675724441001     
   1.0937762368735009       -7.9161914989632140E-002  -5.2289042481201440     
   1.0955461013344612       -8.3697331811788664E-002  -5.4446203816187948     
   1.0973159657954215       -8.8212097569710698E-002  -5.6599958013111591     
   1.0990858302563817       -9.2705098312503884E-002  -5.8750089556502356     
   1.1008556947173420       -9.7175225459464082E-002  -6.0896368514739931     
   1.1026255591783023      -0.10162137607360629       -6.3038549939361470     
   1.1043954236392626      -0.10604245313379564       -6.5176373281924347     
   1.1061652881002229      -0.11043736580542200       -6.7309561829776348     
   1.1079351525611831      -0.11480502970954515       -6.9437822162143270     
   1.1097050170221434      -0.11914436719045202       -7.1560843628016411     
   1.1114748814831037      -0.12345430758155007       -7.3678297847376815     
   1.1132447459440640      -0.12773378746953884       -7.5789838237363947     
   1.1150146104050243      -0.13198175095679168       -7.7895099565052783     
   1.1167844748659845      -0.13619714992188078       -7.9993697528560066     
   1.1185543393269448      -0.14037894427818837       -8.2085228368260488     
   1.1203242037879051      -0.14452610223053056       -8.4169268509935282     
   1.1220940682488654      -0.14863760052973829       -8.6245374241730062     
   1.1238639327098257      -0.15271242472512700       -8.8313081426833779     
   1.1256337971707859      -0.15674956941479989       -9.0371905253830214     
   1.1274036616317462      -0.16074803849371380       -9.2421340026694185     
   1.1291735260927065      -0.16470684539945399       -9.4460858996432346     
   1.1309433905536668      -0.16862501335565369       -9.6489914236375931     
   1.1327132550146271      -0.17250157561299764       -9.8507936563135932     
   1.1344831194755873      -0.17633557568775565       -10.051433550522901     
   1.1362529839365476      -0.18012606759777852       -10.250849932135612     
   1.1380228483975079      -0.18387211609590629       -10.448979507029703     
   1.1397927128584682      -0.18757279690072451       -10.645756873433507     
   1.1415625773194285      -0.19122719692461948       -10.841114539808069     
   1.1433324417803887      -0.19483441449906727       -11.034982948448699     
   1.1451023062413490      -0.19839355959710772       -11.227290504977812     
   1.1468721707023093      -0.20190375405294381       -11.417963613891049     
   1.1486420351632696      -0.20536413177861801       -11.606926720308152     
   1.1504118996242299      -0.20877383897770535       -11.794102358067018     
   1.1521817640851901      -0.21213203435597489       -11.979411204285709     
   1.1539516285461504      -0.21543788932896729       -12.162772140501458     
   1.1557214930071107      -0.21869058822643372       -12.344102320477917     
   1.1574913574680710      -0.22188932849359283       -12.523317244754111     
   1.1592612219290312      -0.22503332088914740       -12.700330841986748     
   1.1610310863899915      -0.22812178968001878       -12.875055557116692     
   1.1628009508509518      -0.23115397283274591       -13.047402446366023     
   1.1645708153119121      -0.23412912220150772       -13.217281279047784     
   1.1663406797728724      -0.23704650371271554       -13.384600646143440     
   1.1681105442338326      -0.23990539754613527       -13.549268075575695     
   1.1698804086947929      -0.24270509831249229       -13.711190154075410     
   1.1716502731557532      -0.24544491522751474       -13.870272655510961     
   1.1734201376167135      -0.24812417228237593       -14.026420675517748     
   1.1751900020776738      -0.25074220841048811       -14.179538772233114     
   1.1769598665386340      -0.25329837765061153       -14.329531112909951     
   1.1787297309995943      -0.25579204930623434       -14.476301626148837     
   1.1804995954605546      -0.25822260810118947       -14.619754159455500     
   1.1822694599215149      -0.26058945433146341       -14.759792641796500     
   1.1840393243824752      -0.26289200401316482       -14.896321250793319     
   1.1858091888434354      -0.26512968902661371       -15.029244584161647     
   1.1875790533043957      -0.26730195725651573       -15.158467834970356     
   1.1893489177653560      -0.26940827272818979       -15.283896970263509     
   1.1911187822263163      -0.27144811573981065       -15.405438912557843     
   1.1928886466872766      -0.27342098299063833       -15.523001723699410     
   1.1946585111482368      -0.27532638770519879       -15.636494790535505     
   1.1964283756091971      -0.27716385975339020       -15.745829011832912     
   1.1981982400701574      -0.27893294576647931       -15.850916985849109     
   1.1999681045311177      -0.28063320924896401       -15.951673197943164     
   1.2017379689920780      -0.28226423068627121       -16.048014207593788     
   1.2035078334530382      -0.28382560764826692       -16.139858834177005     
   1.2052776979139985      -0.28531695488854913       -16.227128340843084     
   1.2070475623749588      -0.28673790443950187       -16.309746615823276     
   1.2088174268359191      -0.28808810570308568       -16.387640350491061     
   1.2105872912968794      -0.28936722553734195       -16.460739213500560     
   1.2123571557578396      -0.29057494833859165       -16.528976020326127     
   1.2141270202187999      -0.29171097611930508       -16.592286897532549     
   1.2158968846797602      -0.29277502858162624       -16.650611441114577     
   1.2176667491407205      -0.29376684318653157       -16.703892868257643     
   1.2194366136016808      -0.29468617521860824       -16.752078161888949     
   1.2212064780626410      -0.29553279784643360       -16.795118207408915     
   1.2229763425236013      -0.29630650217854260       -16.832967921018103     
   1.2247462069845616      -0.29700709731496844       -16.865586369083502     
   1.2265160714455219      -0.29763441039434435       -16.892936878020208     
   1.2282859359064822      -0.29818828663655472       -16.914987134200814     
   1.2300558003674424      -0.29866858938092467       -16.931709273443378     
   1.2318256648284027      -0.29907520011993899       -16.943079959671770     
   1.2335955292893630      -0.29940801852848192       -16.949080452386664     
   1.2353653937503233      -0.29966696248859132       -16.949696662633411     
   1.2371352582112836      -0.29985196810971965       -16.944919197202658     
   1.2389051226722438      -0.29996298974449825       -16.934743390851345     
   1.2406749871332041      -0.29999999999999999       -16.919169326384843     
   1.2424448515941644      -0.29996298974449809       -16.898201842495791     
   1.2442147160551247      -0.29985196810971926       -16.871850529309793     
   1.2459845805160850      -0.29966696248859070       -16.840129711644472     
   1.2477544449770452      -0.29940801852848103       -16.803058420043502     
   1.2495243094380055      -0.29907520011993793       -16.760660349702743     
   1.2512941738989658      -0.29866858938092344       -16.712963807460273     
   1.2530640383599261      -0.29818828663655328       -16.660001647075131     
   1.2548339028208864      -0.29763441039434263       -16.601811193071814     
   1.2566037672818466      -0.29700709731496650       -16.538434153477422     
   1.2583736317428069      -0.29630650217854054       -16.469916521826121     
   1.2601434962037672      -0.29553279784643133       -16.396308468850862     
   1.2619133606647275      -0.29468617521860579       -16.317664224325092     
   1.2636832251256878      -0.29376684318652879       -16.234041949555809     
   1.2654530895866480      -0.29277502858162330       -16.145503601066526     
   1.2672229540476083      -0.29171097611930202       -16.052114786040125     
   1.2689928185085686      -0.29057494833858843       -15.953944610121390     
   1.2707626829695289      -0.28936722553733840       -15.851065518203516     
   1.2725325474304892      -0.28808810570308191       -15.743553128844461     
   1.2743024118914494      -0.28673790443949804       -15.631486062975668     
   1.2760722763524097      -0.28531695488854514       -15.514945767579690     
   1.2778421408133700      -0.28382560764826270       -15.394016335021330     
   1.2796120052743303      -0.28226423068626660       -15.268784318723224     
   1.2813818697352906      -0.28063320924895924       -15.139338545877049     
   1.2831517341962508      -0.27893294576647454       -15.005769927879912     
   1.2849215986572111      -0.27716385975338520       -14.868171269178449     
   1.2866914631181714      -0.27532638770519341       -14.726637075194278     
   1.2884613275791317      -0.27342098299063272       -14.581263359990528     
   1.2902311920400920      -0.27144811573980510       -14.432147454323490     
   1.2920010565010522      -0.26940827272818402       -14.279387814704236     
   1.2937709209620125      -0.26730195725650979       -14.123083834072766     
   1.2955407854229728      -0.26512968902660733       -13.963335654663396     
   1.2973106498839331      -0.26289200401315849       -13.800243983613356     
   1.2990805143448934      -0.26058945433145697       -13.633909911837749     
   1.3008503788058536      -0.25822260810118280       -13.464434736664693     
   1.3026202432668139      -0.25579204930622723       -13.291919788691882     
   1.3043901077277742      -0.25329837765060426       -13.116466263293939     
   1.3061599721887345      -0.25074220841048095       -12.938175057175666     
   1.3079298366496948      -0.24812417228236858       -12.757146610332613     
   1.3096997011106550      -0.24544491522750694       -12.573480753745351     
   1.3114695655716153      -0.24270509831248430       -12.387276563099519     
   1.3132394300325756      -0.23990539754612739       -12.198632218788365     
   1.3150092944935359      -0.23704650371270755       -12.007644872421265     
   1.3167791589544962      -0.23412912220149956       -11.814410520026584     
   1.3185490234154564      -0.23115397283273725       -11.619023882105258     
   1.3203188878764167      -0.22812178968000996       -11.421578290658434     
   1.3220887523373770      -0.22503332088913877       -11.222165583281489     
   1.3238586167983373      -0.22188932849358403       -11.020876004386906     
   1.3256284812592976      -0.21869058822642443       -10.817798113589269     
   1.3273983457202578      -0.21543788932895783       -10.613018701258657     
   1.3291682101812181      -0.21213203435596567       -10.406622711222035     
   1.3309380746421784      -0.20877383897769591       -10.198693170568950     
   1.3327079391031387      -0.20536413177860849       -9.9893111264939662     
   1.3344778035640990      -0.20190375405293373       -9.7785555900876133     
   1.3362476680250592      -0.19839355959709754       -9.5665034869682994     
   1.3380175324860195      -0.19483441449905733       -9.3532296146290950     
   1.3397873969469798      -0.19122719692460938       -9.1388066063581199     
   1.3415572614079401      -0.18757279690071388       -8.9233049015760031     
   1.3433271258689004      -0.18387211609589554       -8.7067927224215342     
   1.3450969903298606      -0.18012606759776806       -8.4893360564048255     
   1.3468668547908209      -0.17633557568774508       -8.2709986449386506     
   1.3486367192517812      -0.17250157561298696       -8.0518419775493211     
   1.3504065837127415      -0.16862501335564239       -7.8319252915626585     
   1.3521764481737018      -0.16470684539944302       -7.6113055770550408     
   1.3539463126346620      -0.16074803849370278       -7.3900375868552137     
   1.3557161770956223      -0.15674956941478874       -7.1681738513807431     
   1.3574860415565826      -0.15271242472511529       -6.9457646980905494     
   1.3592559060175429      -0.14863760052972647       -6.7228582753352759     
   1.3610257704785031      -0.14452610223051907       -6.4995005803872177     
   1.3627956349394634      -0.14037894427817682       -6.2757354914339869     
   1.3645654994004237      -0.13619714992186865       -6.0516048033216769     
   1.3663353638613840      -0.13198175095677947       -5.8271482668371695     
   1.3681052283223443      -0.12773378746952704       -5.6024036313225496     
   1.3698750927833045      -0.12345430758153816       -5.3774066904200133     
   1.3716449572442648      -0.11914436719044003       -5.1521913307499334     
   1.3734148217052251      -0.11480502970953259       -4.9267895833308151     
   1.3751846861661854      -0.11043736580540937       -4.7012316775559526     
   1.3769545506271457      -0.10604245313378344       -4.4755460975473378     
   1.3787244150881059      -0.10162137607359402       -4.2497596407149878     
   1.3804942795490662       -9.7175225459451231E-002  -4.0238974783556856     
   1.3822641440100265       -9.2705098312490963E-002  -3.7979832181327766     
   1.3840340084709868       -8.8212097569698222E-002  -3.5720389682851046     
   1.3858038729319471       -8.3697331811776118E-002  -3.3460854034211067     
   1.3875737373929073       -7.9161914989619539E-002  -3.1201418317602165     
   1.3893436018538676       -7.4606966149463910E-002  -2.8942262636913201     
   1.3911134663148279       -7.0033609156779406E-002  -2.6683554815248338     
   1.3928833307757882       -6.5442972418970860E-002  -2.4425451103212428     
   1.3946531952367485       -6.0836188606962154E-002  -2.2168096896863143     
   1.3964230596977087       -5.6214394375725597E-002  -1.9911627464286588     
   1.3981929241586690       -5.1578730083831383E-002  -1.7656168679820716     
   1.3999627886196293       -4.6930339512078097E-002  -1.5401837765001438     
   1.4017326530805896       -4.2270369581283940E-002  -1.3148744035369819     
   1.4035025175415499       -3.7599970069300728E-002  -1.0896989652321705     
   1.4052723820025101       -3.2920293327322804E-002 -0.86466703792333999     
   1.4070422464634704       -2.8232493995563830E-002 -0.63978763411408479     
   1.4088121109244307       -2.3537728718363325E-002 -0.41506927872848892     
   1.4105819753853910       -1.8837155858804158E-002 -0.19052008558797134     
   1.4123518398463513       -1.4131935212902711E-002   3.3852165951597055E-002
   1.4141217043073115       -9.4232277234487013E-003  0.25803995426110976     
   1.4158915687682718       -4.7121951935567129E-003  0.48203593865480227     
   1.4176614332292321       -1.0805098652299185E-014  0.70583288261647692     
   1.4194312976901924        4.7121951935356387E-003  0.92942357708918388     
   1.4212011621511527        9.4232277234276331E-003   1.1528007638805466     
   1.4229710266121129        1.4131935212881658E-002   1.3759570592361423     
   1.4247408910730732        1.8837155858782591E-002   1.5988848776324529     
   1.4265107555340335        2.3537728718341783E-002   1.8215763558422176     
   1.4282806199949938        2.8232493995542847E-002   2.0440232773254343     
   1.4300504844559541        3.2920293327301862E-002   2.2662169970006052     
   1.4318203489169143        3.7599970069279280E-002   2.4881483664531148     
   1.4335902133778746        4.2270369581262540E-002   2.7098076596389955     
   1.4353600778388349        4.6930339512057266E-002   2.9311844991459064     
   1.4371299422997952        5.1578730083810614E-002   3.1522677830754704     
   1.4388998067607555        5.6214394375704892E-002   3.3730456126153729     
   1.4406696712217157        6.0836188606940990E-002   3.5935052203724900     
   1.4424395356826760        6.5442972418949766E-002   3.8136328995434892     
   1.4442094001436363        7.0033609156758908E-002   4.0334139340033648     
   1.4459792646045966        7.4606966149443482E-002   4.2528325293972840     
   1.4477491290655569        7.9161914989598681E-002   4.4718717453268653     
   1.4495189935265171        8.3697331811755371E-002   4.6905134287265007     
   1.4512888579874774        8.8212097569678072E-002   4.9087381485321018     
   1.4530587224484377        9.2705098312470896E-002   5.1265251317497436     
   1.4548285869093980        9.7175225459431289E-002   5.3438522010386134     
   1.4565984513703583       0.10162137607357369        5.5606957139279718     
   1.4583683158313185       0.10604245313376320        5.7770305037950838     
   1.4601381802922788       0.11043736580538976        5.9928298227370380     
   1.4619080447532391       0.11480502970951312        6.2080652864757679     
   1.4636779092141994       0.11914436719042019        6.4227068214425760     
   1.4654477736751597       0.12345430758151847        6.6367226141938254     
   1.4672176381361199       0.12773378746950795        6.8500790633166453     
   1.4689875025970802       0.13198175095676054        7.0627407339887016     
   1.4707573670580405       0.13619714992184989        7.2746703153626759     
   1.4725272315190008       0.14037894427815772        7.4858285809503782     
   1.4742970959799611       0.14452610223050064        7.6961743521876143     
   1.4760669604409213       0.14863760052970817        7.9056644653646604     
   1.4778368249018816       0.15271242472509716        8.1142537421119627     
   1.4796066893628419       0.15674956941477033        8.3218949636333068     
   1.4813765538238022       0.16074803849368458        8.5285388488824143     
   1.4831464182847625       0.16470684539942546        8.7341340368802527     
   1.4849162827457227       0.16862501335562502        8.9386270733719915     
   1.4866861472066830       0.17250157561296930        9.1419624020228820     
   1.4884560116676433       0.17633557568772759        9.3440823603513010     
   1.4902258761286036       0.18012606759775124        9.5449271805961207     
   1.4919957405895639       0.18387211609587889        9.7444349957122274     
   1.4937656050505241       0.18757279690069742        9.9425418506846572     
   1.4955354695114844       0.19122719692459275        10.139181719345808     
   1.4973053339724447       0.19483441449904090        10.334286526874321     
   1.4990751984334050       0.19839355959708174        10.527786178146032     
   1.5008450628943653       0.20190375405291816        10.719608592097824     
   1.5026149273553255       0.20536413177859275        10.909679742254969     
   1.5043847918162858       0.20877383897768043        11.097923703559390     
   1.5061546562772461       0.21213203435595077        11.284262705623020     
   1.5079245207382064       0.21543788932894317        11.468617192514554     
   1.5096943851991667       0.21869058822640999        11.650905889171264     
   1.5114642496601269       0.22188932849356949        11.831045874508138     
   1.5132341141210872       0.22503332088912448        12.008952661277158     
   1.5150039785820475       0.22812178967999627        12.184540282707328     
   1.5167738430430078       0.23115397283272382        12.357721385932599     
   1.5185437075039681       0.23412912220148605        12.528407332190792     
   1.5203135719649283       0.23704650371269428        12.696508303749320     
   1.5220834364258886       0.23990539754611473        12.861933417487158     
   1.5238533008868489       0.24270509831247189        13.024590845032952     
   1.5256231653478092       0.24544491522749481        13.184387939330042     
   1.5273930298087695       0.24812417228235645        13.341231367467577     
   1.5291628942697297       0.25074220841046940        13.495027249586242     
   1.5309327587306900       0.25329837765059293        13.645681303633790     
   1.5327026231916503       0.25579204930621624        13.793098995713933     
   1.5344724876526106       0.25822260810117181        13.937185695737851     
   1.5362423521135709       0.26058945433144620        14.077846838055462     
   1.5380122165745311       0.26289200401314838        14.214988086709951     
   1.5397820810354914       0.26512968902659745        14.348515504926212     
   1.5415519454964517       0.26730195725650002        14.478335728412631     
   1.5433218099574120       0.26940827272817452        14.604356142023075     
   1.5450916744183723       0.27144811573979610        14.726485059296808     
   1.5468615388793325       0.27342098299062406        14.844631904364666     
   1.5486314033402928       0.27532638770518503        14.958707395682747     
   1.5504012678012531       0.27716385975337693        15.068623731029458     
   1.5521711322622134       0.27893294576646654        15.174294773178307     
   1.5539409967231737       0.28063320924895180        15.275636235638270     
   1.5557108611841339       0.28226423068625944        15.372565867834785     
   1.5574807256450942       0.28382560764825571        15.465003639089364     
   1.5592505901060545       0.28531695488853842        15.552871920743003     
   1.5610204545670148       0.28673790443949182        15.636095665759523     
   1.5627903190279751       0.28808810570307603        15.714602585139085     
   1.5645601834889353       0.28936722553733280        15.788323320470104     
   1.5663300479498956       0.29057494833858299        15.857191611948771     
   1.5680999124108559       0.29171097611929697        15.921144461201056     
   1.5698697768718162       0.29277502858161869        15.980122288251039     
   1.5716396413327764       0.29376684318652452        16.034069081992392     
   1.5734095057937367       0.29468617521860174        16.082932543536877     
   1.5751793702546970       0.29553279784642766        16.126664221834375     
   1.5769492347156573       0.29630650217853721        16.165219640983949     
   1.5787190991766176       0.29700709731496355        16.198558418683611     
   1.5804889636375778       0.29763441039434002        16.226644375298783     
   1.5822588280985381       0.29818828663655095        16.249445633064568     
   1.5840286925594984       0.29866858938092150        16.266934704976251     
   1.5857985570204587       0.29907520011993627        16.279088572964032     
   1.5875684214814190       0.29940801852847976        16.285888754992577     
   1.5893382859423792       0.29966696248858971        16.287321360773312     
   1.5911081504033395       0.29985196810971859        16.283377135826768     
   1.5928780148642998       0.29996298974449775        16.274051493683462     
   1.5946478793252601       0.29999999999999999        16.259344536064624     
   1.5964177437862204       0.29996298974449859        16.239261060938166     
   1.5981876082471806       0.29985196810972031        16.213810558399821     
   1.5999574727081409       0.29966696248859231        16.183007194385031     
   1.6017273371691012       0.29940801852848326        16.146869782271683     
   1.6034972016300615       0.29907520011994065        16.105421742489501     
   1.6052670660910218       0.29866858938092672        16.058691050305143     
   1.6070369305519820       0.29818828663655711        16.006710172005686     
   1.6088067950129423       0.29763441039434696        15.949515989754222     
   1.6105766594739026       0.29700709731497144        15.887149715441396     
   1.6123465239348629       0.29630650217854593        15.819656793903267     
   1.6141163883958232       0.29553279784643732        15.747086795922128     
   1.6158862528567834       0.29468617521861218        15.669493301467680     
   1.6176561173177437       0.29376684318653584        15.586933773676183     
   1.6194259817787040       0.29277502858163085        15.499469424100219     
   1.6211958462396643       0.29171097611931013        15.407165069794656     
   1.6229657107006246       0.29057494833859704        15.310088982832681     
   1.6247355751615848       0.28936722553734756        15.208312732870793     
   1.6265054396225451       0.28808810570309157        15.101911023402815     
   1.6282753040835054       0.28673790443950825        14.990961522359868     
   1.6300451685444657       0.28531695488855585        14.875544687726229     
   1.6318150330054260       0.28382560764827375        14.755743588850647     
   1.6335848974663862       0.28226423068627837        14.631643724137177     
   1.6353547619273465       0.28063320924897150        14.503332835801212     
   1.6371246263883068       0.27893294576648731        14.370900722374047     
   1.6388944908492671       0.27716385975339825        14.234439049632915     
   1.6406643553102274       0.27532638770520718        14.094041160623899     
   1.6424342197711876       0.27342098299064699        13.949801885431977     
   1.6442040842321479       0.27144811573981986        13.801817351336970     
   1.6459739486931082       0.26940827272819928        13.650184793974285     
   1.6477438131540685       0.26730195725652534        13.495002370098367     
   1.6495136776150288       0.26512968902662359        13.336368972522259     
   1.6512835420759890       0.26289200401317520        13.174384047780437     
   1.6530534065369493       0.26058945433147412        13.009147417034120     
   1.6548232709979096       0.25822260810120018        12.840759100707679     
   1.6565931354588699       0.25579204930624538        12.669319147314349     
   1.6583629999198302       0.25329837765062285        12.494927466896076     
   1.6601328643807904       0.25074220841049999        12.317683669469798     
   1.6619027288417507       0.24812417228238809        12.137686908838006     
   1.6636725933027110       0.24544491522752687        11.955035732087330     
   1.6654424577636713       0.24270509831250467        11.769827935064544     
   1.6672123222246316       0.23990539754614826        11.582160424084503     
   1.6689821866855918       0.23704650371272878        11.392129084091417     
   1.6707520511465521       0.23412912220152088        11.199828653460353     
   1.6725219156075124       0.23115397283275935        11.005352605593687     
   1.6742917800684727       0.22812178968003249        10.808793037434702     
   1.6760616445294330       0.22503332088916167        10.610240564990177     
   1.6778315089903932       0.22188932849360737        10.409784225923387     
   1.6796013734513535       0.21869058822644818        10.207511389250751     
   1.6813712379123138       0.21543788932898195        10.003507672148073     
   1.6831411023732741       0.21213203435599021        9.7978568638464818     
   1.6849109668342344       0.20877383897772087        9.5906408565742858     
   1.6866808312951946       0.20536413177863339        9.3819395834780810     
   1.6884506957561549       0.20190375405295941        9.1718309634356920     
   1.6902205602171152       0.19839355959712354        8.9603908526538305     
   1.6919904246780755       0.19483441449908370        8.7476930029264324     
   1.6937602891390358       0.19122719692463572        8.5338090264126958     
   1.6955301535999960       0.18757279690074097        8.3188083667805675     
   1.6973000180609563       0.18387211609592294        8.1027582765475117     
   1.6990698825219166       0.18012606759779581        7.8857238004406076     
   1.7008397469828769       0.17633557568777314        7.6677677645873343     
   1.7026096114438372       0.17250157561301491        7.4489507713411074     
   1.7043794759047974       0.16862501335567112        7.2293311995387457     
   1.7061493403657577       0.16470684539947203        7.0089652099815556     
   1.7079192048267180       0.16074803849373206        6.7879067559287281     
   1.7096890692876783       0.15674956941481788        6.5662075983879262     
   1.7114589337486386       0.15271242472514515        6.3439173259875954     
   1.7132287982095988       0.14863760052975661        6.1210833792140775     
   1.7149986626705591       0.14452610223054949        5.8977510787983976     
   1.7167685271315194       0.14037894427820746        5.6739636580381827     
   1.7185383915924797       0.13619714992189955        5.4497622988432273     
   1.7203082560534400       0.13198175095681061        5.2251861712962793     
   1.7220781205144002       0.12773378746955841        5.0002724765242377     
   1.7238479849753605       0.12345430758156978        4.7750564926801928     
   1.7256178494363208       0.11914436719047136        4.5495716238410751     
   1.7273877138972811       0.11480502970956463        4.3238494516317800     
   1.7291575783582414       0.11043736580544161        4.0979197893920816     
   1.7309274428192016       0.10604245313381586        3.8718107387096490     
   1.7326973072801619       0.10162137607362665        3.6455487481482916     
   1.7344671717411222        9.7175225459484038E-002   3.4191586740077082     
   1.7362370362020825        9.2705098312523937E-002   3.1926638429580145     
   1.7380069006630428        8.8212097569731363E-002   2.9660861163986558     
   1.7397767651240030        8.3697331811809425E-002   2.7394459563993445     
   1.7415466295849633        7.9161914989652471E-002   2.5127624930865831     
   1.7433164940459236        7.4606966149497481E-002   2.2860535933470900     
   1.7450863585068839        7.0033609156813129E-002   2.0593359307254069     
   1.7468562229678442        6.5442972419004694E-002   1.8326250564006079     
   1.7486260874288044        6.0836188606995585E-002   1.6059354711325593     
   1.7503959518897647        5.6214394375759653E-002   1.3792806980750076     
   1.7521658163507250        5.1578730083865536E-002   1.1526733563581821     
   1.7539356808116853        4.6930339512112333E-002  0.92612523535005964     
   1.7557055452726456        4.2270369581318266E-002  0.69964736950995787     
   1.7574754097336058        3.7599970069334590E-002  0.47325011375364356     
   1.7592452741945661        3.2920293327357276E-002  0.24694321925379442     
   1.7610151386555264        2.8232493995598351E-002   2.0735909603420616E-002
   1.7627850031164867        2.3537728718397894E-002 -0.20536304272536487     
   1.7645548675774470        1.8837155858838231E-002 -0.43134523969230870     
   1.7663247320384072        1.4131935212937348E-002 -0.65720258083100269     
   1.7680945964993675        9.4232277234833593E-003 -0.88292718628131950     
   1.7698644609603278        4.7121951935913840E-003  -1.1085113197686032     
   1.7716343254212881        4.5480796424578490E-014  -1.3339473115851181     
   1.7734041898822483       -4.7121951935009676E-003  -1.5592274816274778     
   1.7751740543432086       -9.4232277233929750E-003  -1.7843440625429519     
   1.7769439188041689       -1.4131935212847021E-002  -2.0092891230377394     
   1.7787137832651292       -1.8837155858747980E-002  -2.2340544913994917     
   1.7804836477260895       -2.3537728718307744E-002  -2.4586316792878664     
   1.7822535121870497       -2.8232493995508326E-002  -2.6830118058472068     
   1.7840233766480100       -3.2920293327267390E-002  -2.9071855221976239     
   1.7857932411089703       -3.7599970069244877E-002  -3.1311429363617527     
   1.7875631055699306       -4.2270369581228213E-002  -3.3548735386877273     
   1.7893329700308909       -4.6930339512023023E-002  -3.5783661278311367     
   1.7911028344918511       -5.1578730083776461E-002  -3.8016087373619643     
   1.7928726989528114       -5.6214394375670822E-002  -4.0245885630665974     
   1.7946425634137717       -6.0836188606907038E-002  -4.2472918910180466     
   1.7964124278747320       -6.5442972418916459E-002  -4.4697040264928249     
   1.7981822923356923       -7.0033609156725199E-002  -4.6918092238168576     
   1.7999521567966525       -7.4606966149409898E-002  -4.9135906172285635     
   1.8017220212576128       -7.9161914989565249E-002  -5.1350301528515940     
   1.8034918857185731       -8.3697331811722578E-002  -5.3561085218762745     
   1.8052617501795334       -8.8212097569644418E-002  -5.5768050950538042     
   1.8070316146404937       -9.2705098312437922E-002  -5.7970978586143183     
   1.8088014791014539       -9.7175225459398981E-002  -6.0169633517244598     
   1.8105713435624142      -0.10162137607354106       -6.2363766056085606     
   1.8123412080233745      -0.10604245313373127       -6.4553110844625383     
   1.8141110724843348      -0.11043736580535703       -6.6737386282958875     
   1.8158809369452951      -0.11480502970948109       -6.8916293978456871     
   1.8176508014062553      -0.11914436719038887       -7.1089518217099998     
   1.8194206658672156      -0.12345430758148687       -7.3256725458574321     
   1.8211905303281759      -0.12773378746947658       -7.5417563856739198     
   1.8229603947891362      -0.13198175095672893       -7.7571662807139274     
   1.8247302592500965      -0.13619714992181900       -7.9718632523308370     
   1.8265001237110567      -0.14037894427812755       -8.1858063643638364     
   1.8282699881720170      -0.14452610223046977       -8.3989526870665525     
   1.8300398526329773      -0.14863760052967803       -8.6112572644654186     
   1.8318097170939376      -0.15271242472506777       -8.8226730853399715     
   1.8335795815548979      -0.15674956941474075       -9.0331510580218470     
   1.8353494460158581      -0.16074803849365568       -9.2426399892109341     
   1.8371193104768184      -0.16470684539939598       -9.4510865670088666     
   1.8388891749377787      -0.16862501335559629       -9.6584353483729295     
   1.8406590393987390      -0.17250157561294133       -9.8646287511912849     
   1.8424289038596993      -0.17633557568769950       -10.069607051181885     
   1.8441987683206595      -0.18012606759772345       -10.273308383814367     
   1.8459686327816198      -0.18387211609585105       -10.475668751451130     
   1.8477384972425801      -0.18757279690067036       -10.676622035901206     
   1.8495083617035404      -0.19122719692456641       -10.876100016572705     
   1.8512782261645007      -0.19483441449901454       -11.074032394405277     
   1.8530480906254609      -0.19839355959705571       -11.270346821754362     
   1.8548179550864212      -0.20190375405289288       -11.464968938389299     
   1.8565878195473815      -0.20536413177856744       -11.657822413757543     
   1.8583576840083418      -0.20877383897765589       -11.848828995653507     
   1.8601275484693021      -0.21213203435592587       -12.037908565415792     
   1.8618974129302623      -0.21543788932891902       -12.224979199763013     
   1.8636672773912226      -0.21869058822638662       -12.409957239357849     
   1.8654371418521829      -0.22188932849354612       -12.592757364172773     
   1.8672070063131432      -0.22503332088910186       -12.773292675708614     
   1.8689768707741035      -0.22812178967997340       -12.951474786094844     
   1.8707467352350637      -0.23115397283270173       -13.127213914078288     
   1.8725165996960240      -0.23412912220146470       -13.300418987879425     
   1.8742864641569843      -0.23704650371267305       -13.470997754871112     
   1.8760563286179446      -0.23990539754609391       -13.638856898004997     
   1.8778261930789049      -0.24270509831245121       -13.803902158882057     
   1.8795960575398651      -0.24544491522747486       -13.966038467334315     
   1.8813659220008254      -0.24812417228233727       -14.125170077351793     
   1.8831357864617857      -0.25074220841045008       -14.281200709158520     
   1.8849056509227460      -0.25329837765057439       -14.434033697207276     
   1.8866755153837063      -0.25579204930619842       -14.583572143829752     
   1.8884453798446665      -0.25822260810115416       -14.729719078245886     
   1.8902152443056268      -0.26058945433142933       -14.872377620601910     
   1.8919851087665871      -0.26289200401313140       -15.011451150672739     
   1.8937549732275474      -0.26512968902658124       -15.146843480832512     
   1.8955248376885077      -0.26730195725648448       -15.278459032862907     
   1.8972947021494679      -0.26940827272815926       -15.406203018138545     
   1.8990645666104282      -0.27144811573978134       -15.529981620697505     
   1.9008344310713885      -0.27342098299060957       -15.649702182675606     
   1.9026042955323488      -0.27532638770517126       -15.765273391556448     
   1.9043741599933091      -0.27716385975336388       -15.876605468662328     
   1.9061440244542693      -0.27893294576645383       -15.983610358288791     
   1.9079138889152296      -0.28063320924893953       -16.086201916863658     
   1.9096837533761899      -0.28226423068624790       -16.184296101492983     
   1.9114536178371502      -0.28382560764824444       -16.277811157241420     
   1.9132234822981105      -0.28531695488852787       -16.366667802481313     
   1.9149933467590707      -0.28673790443948149       -16.450789411635547     
   1.9167632112200310      -0.28808810570306631       -16.530102194634331     
   1.9185330756809913      -0.28936722553732380       -16.604535372402740     
   1.9203029401419516      -0.29057494833857439       -16.674021347698400     
   1.9220728046029119      -0.29171097611928903       -16.738495870623947     
   1.9238426690638721      -0.29277502858161097       -16.797898198147589     
   1.9256125335248324      -0.29376684318651747       -16.852171246979871     
   1.9273823979857927      -0.29468617521859536       -16.901261739170558     
   1.9291522624467530      -0.29553279784642167       -16.945120339811886     
   1.9309221269077133      -0.29630650217853183       -16.983701786259520     
   1.9326919913686735      -0.29700709731495861       -17.016965008310521     
   1.9344618558296338      -0.29763441039433564       -17.044873238812137     
   1.9362317202905941      -0.29818828663654723       -17.067394114209485     
   1.9380015847515544      -0.29866858938091817       -17.084499764581032     
   1.9397714492125147      -0.29907520011993355       -17.096166892752773     
   1.9415413136734749      -0.29940801852847759       -17.102376842127377     
   1.9433111781344352      -0.29966696248858804       -17.103115652913026     
   1.9450810425953955      -0.29985196810971748       -17.098374106486130     
   1.9468509070563558      -0.29996298974449714       -17.088147757674914     
   1.9486207715173161      -0.29999999999999999       -17.072436954804100     
   1.9503906359782763      -0.29996298974449914       -17.051246847395699     
   1.9521605004392366      -0.29985196810972142       -17.024587381477023     
   1.9539303649001969      -0.29966696248859398       -16.992473282502537     
   1.9557002293611572      -0.29940801852848548       -16.954924025952462     
   1.9574700938221175      -0.29907520011994337       -16.911963795726844     
   1.9592399582830777      -0.29866858938092994       -16.863621430508505     
   1.9610098227440380      -0.29818828663656094       -16.809930358322180     
   1.9627796872049983      -0.29763441039435135       -16.750928519569342     
   1.9645495516659586      -0.29700709731497621       -16.686658278868585     
   1.9663194161269189      -0.29630650217855137       -16.617166326079680     
   1.9680892805878791      -0.29553279784644321       -16.542503566934528     
   1.9698591450488394      -0.29468617521861878       -16.462725003741983     
   1.9716290095097997      -0.29376684318654289       -16.377889606671950     
   1.9733988739707600      -0.29277502858163829       -16.288060176161522     
   1.9751687384317203      -0.29171097611931823       -16.193303197018182     
   1.9769386028926805      -0.29057494833860548       -16.093688684824208     
   1.9787084673536408      -0.28936722553735678       -15.989290025272062     
   1.9804783318146011      -0.28808810570310123       -15.880183807081220     
   1.9822481962755614      -0.28673790443951830       -15.766449649164901     
   1.9840180607365216      -0.28531695488856651       -15.648170022727763     
   1.9857879251974819      -0.28382560764828496       -15.525430068985184     
   1.9875577896584422      -0.28226423068629025       -15.398317413200287     
   1.9893276541194025      -0.28063320924898377       -15.266921975735123     
   1.9910975185803628      -0.27893294576649985       -15.131335780811284     
   1.9928673830413230      -0.27716385975341173       -14.991652763667631     
   1.9946372475022833      -0.27532638770522094       -14.847968576793864     
   1.9964071119632436      -0.27342098299066103       -14.700380395905450     
   1.9981769764242039      -0.27144811573983463       -14.548986726308360     
   1.9999468408851642      -0.26940827272821427       -14.393887210283561     
   2.0017167053461247      -0.26730195725654132       -14.235182436099123     
   2.0034865698070852      -0.26512968902663930       -14.072973749232158     
   2.0052564342680457      -0.26289200401319113       -13.907363066358318     
   2.0070262987290062      -0.26058945433149022       -13.738452692634930     
   2.0087961631899667      -0.25822260810121672       -13.566345142776399     
   2.0105660276509272      -0.25579204930626209       -13.391142966386624     
   2.0123358921118877      -0.25329837765063967       -13.212948577981217     
   2.0141057565728482      -0.25074220841051642       -13.031864092098099     
   2.0158756210338087      -0.24812417228240455       -12.847991163860911     
   2.0176454854947692      -0.24544491522754375       -12.661430835324106     
   2.0194153499557297      -0.24270509831252160       -12.472283387894700     
   2.0211852144166902      -0.23990539754616519       -12.280648201089731     
   2.0229550788776507      -0.23704650371274583       -12.086623617854354     
   2.0247249433386112      -0.23412912220153756       -11.890306816631455     
   2.0264948077995717      -0.23115397283277603       -11.691793690340315     
   2.0282646722605322      -0.22812178968004915       -11.491178732388549     
   2.0300345367214927      -0.22503332088917827       -11.288554929811747     
   2.0318044011824532      -0.22188932849362386       -11.084013663603139     
   2.0335742656434137      -0.21869058822646495       -10.877644616267574     
   2.0353441301043742      -0.21543788932899793       -10.669535686606260     
   2.0371139945653347      -0.21213203435600606       -10.459772911712786     
   2.0388838590262952      -0.20877383897773655       -10.248440396135301     
   2.0406537234872557      -0.20536413177864934       -10.035620248138596     
   2.0424235879482162      -0.20190375405297520       -9.8213925229766392     
   2.0441934524091767      -0.19839355959713917       -9.6058351730675895     
   2.0459633168701372      -0.19483441449909833       -9.3890240049448153     
   2.0477331813310977      -0.19122719692465051       -9.1710326428416984     
   2.0495030457920582      -0.18757279690075554       -8.9519324987523561     
   2.0512729102530187      -0.18387211609593732       -8.7317927487989451     
   2.0530427747139792      -0.18012606759780989       -8.5106803157235706     
   2.0548126391749397      -0.17633557568778696       -8.2886598573137906     
   2.0565825036359002      -0.17250157561302804       -8.0657937605620980     
   2.0583523680968607      -0.16862501335568394       -7.8421421413537313     
   2.0601222325578212      -0.16470684539948452       -7.6177628494702914     
   2.0618920970187817      -0.16074803849374425       -7.3927114786949044     
   2.0636619614797422      -0.15674956941483018       -7.1670413817997183     
   2.0654318259407027      -0.15271242472515711       -6.9408036901964705     
   2.0672016904016632      -0.14863760052976729       -6.7140473380296593     
   2.0689715548626237      -0.14452610223055978       -6.4868190904931993     
   2.0707414193235842      -0.14037894427821737       -6.2591635761516855     
   2.0725112837845447      -0.13619714992190957       -6.0311233230518120     
   2.0742811482455052      -0.13198175095682022       -5.8027387984108030     
   2.0760510127064657      -0.12773378746956759       -5.5740484516738205     
   2.0778208771674263      -0.12345430758157758       -5.3450887607364876     
   2.0795907416283868      -0.11914436719047923       -5.1158942811341257     
   2.0813606060893473      -0.11480502970957204       -4.8864976980039687     
   2.0831304705503078      -0.11043736580544856       -4.6569298806343848     
   2.0849003350112683      -0.10604245313382236       -4.4272199394196630     
   2.0866701994722288      -0.10162137607363268       -4.1973952850467642     
   2.0884400639331893       -9.7175225459489117E-002  -3.9674816897467151     
   2.0902099283941498       -9.2705098312528517E-002  -3.7375033504508917     
   2.0919797928551103       -8.8212097569735484E-002  -3.5074829536982923     
   2.0937496573160708       -8.3697331811813047E-002  -3.2774417421489077     
   2.0955195217770313       -7.9161914989656107E-002  -3.0473995825635742     
   2.0972893862379918       -7.4606966149500617E-002  -2.8173750351187623     
   2.0990592506989523       -7.0033609156814711E-002  -2.5873854239313179     
   2.1008291151599128       -6.5442972419005777E-002  -2.3574469086753167     
   2.1025989796208733       -6.0836188606996661E-002  -2.1275745571786846     
   2.1043688440818338       -5.6214394375760209E-002  -1.8977824188954142     
   2.1061387085427943       -5.1578730083865570E-002  -1.6680835991534380     
   2.1079085730037548       -4.6930339512111841E-002  -1.4384903340851789     
   2.1096784374647153       -4.2270369581316192E-002  -1.2090140661527964     
   2.1114483019256758       -3.7599970069332508E-002 -0.97966552018573627     
   2.1132181663866363       -3.2920293327354661E-002 -0.75045477985190834     
   2.1149880308475968       -2.8232493995595204E-002 -0.52139136448996803     
   2.1167578953085573       -2.3537728718394213E-002 -0.29248430623244687     
   2.1185277597695178       -1.8837155858834546E-002  -6.3742227354083136E-002
   2.1202976242304783       -1.4131935212932063E-002  0.16482658221748886     
   2.1220674886914388       -9.4232277234775376E-003  0.39321408728843449     
   2.1238373531523993       -4.7121951935850280E-003  0.62141242974131061     
