   4.4234130061499739E-003   0.0000000000000000        0.0000000000000000     
   8.8468260122999479E-003   6.2827259650070858E-003  0.27196241624752676     
   1.3270239018449922E-002   1.2562696118759884E-002  0.54324717404115996     
   1.7693652024599896E-002   1.8837155858794006E-002  0.81388942473294024     
   2.2117065030749870E-002   2.5103352999694638E-002   1.0839232505737277     
   2.6540478036899844E-002   3.1358538980296030E-002   1.3533812525276829     
   3.0963891043049818E-002   3.7599970069291271E-002   1.6222941405372304     
   3.5387304049199791E-002   4.3824908568723467E-002   1.8906903264793595     
   3.9810717055349762E-002   5.0030624014830667E-002   2.1585955200814420     
   4.4234130061499732E-002   5.6214394375717361E-002   2.4260323280990765     
   4.8657543067649703E-002   6.2373507245327767E-002   2.6930198570997135     
   5.3080956073799673E-002   6.8505261033196693E-002   2.9595733202440853     
   5.7504369079949644E-002   7.4606966149456388E-002   3.2257036485125159     
   6.1927782086099614E-002   8.0675946184579655E-002   3.4914171068852387     
   6.6351195092249585E-002   8.6709539083341433E-002   3.7567149160546061     
   7.0774608098399555E-002   9.2705098312484163E-002   4.0215928803224150     
   7.5198021104549526E-002   9.8659994021574923E-002   4.2860410224176677     
   7.9621434110699496E-002  0.10457161419654450        4.5500432260581007     
   8.4044847116849467E-002  0.11043736580540331        4.8135768871731539     
   8.8468260122999437E-002  0.11625467593563081        5.0766125748058073     
   9.2891673129149407E-002  0.12202099292273998        5.3391137028156193     
   9.7315086135299378E-002  0.12773378746952169        5.6010362136148162     
  0.10173849914144935       0.13339055375547815        5.8623282752826134     
  0.10616191214759932       0.13898881053595841        6.1229299935192589     
  0.11058532515374929       0.14452610223051449        6.3827731400194665     
  0.11500873815989926       0.14999999999999988        6.6417808989640950     
  0.11943215116604923       0.15540810281193895        6.8998676334473119     
  0.12385556417219920       0.16074803849369887        7.1569386737728760     
  0.12827897717834919       0.16601746477300308        7.4128901296656364     
  0.13270239018449917       0.17121407030532940        7.6676087285509080     
  0.13712580319064915       0.17633557568774183        7.9209716821530947     
  0.14154921619679914       0.18137973445871239        8.1728465837528717     
  0.14597262920294912       0.18634433408349302        8.4230913385177200     
  0.15039604220909911       0.19122719692460685        8.6715541293797074     
  0.15481945521524909       0.19602618119703158        8.9180734209751922     
  0.15924286822139908       0.20073918190765741        9.1624780041801994     
  0.16366628122754906       0.20536413177860655        9.4045870837686945     
  0.16808969423369904       0.20989900215400961        9.6442104116869434     
  0.17251310723984903       0.21434180388984100        9.8811484683711406     
  0.17693652024599901       0.21869058822642345        10.115192694434830     
  0.18135993325214900       0.22294344764321827        10.346125774914293     
  0.18578334625829898       0.22709851669552691        10.573721978081062     
  0.19020675926444897       0.23115397283273675        10.797747550608257     
  0.19463017227059895       0.23510803719775195        11.017961170609984     
  0.19905358527674893       0.23895897540725894        11.234114459758270     
  0.20347699828289892       0.24270509831248427        11.445952555319188     
  0.20790041128904890       0.24634476274011127        11.653214742538911     
  0.21232382429519889       0.24987637221302988        11.855635147351393     
  0.21674723730134887       0.25329837765060459        12.052943488874270     
  0.22117065030749886       0.25660927804815209        12.244865890610518     
  0.22559406331364884       0.25980762113533168        12.431125748684206     
  0.23001747631979882       0.26289200401315915        12.611444654814171     
  0.23444088932594881       0.26586107376936446        12.785543371075489     
  0.23886430233209879       0.26871352807182391        12.953142852822802     
  0.24328771533824878       0.27144811573980593        13.113965315459602     
  0.24771112834439876       0.27406363729278033        13.267735340044261     
  0.25213454135054875       0.27655894547655024        13.414181012036233     
  0.25655795435669870       0.27893294576647548        13.553035086816621     
  0.26098136736284866       0.28118459684756753        13.684036174978909     
  0.26540478036899862       0.28331291107124434        13.806929939789413     
  0.26982819337514857       0.28531695488854614        13.921470298677606     
  0.27425160638129853       0.28719584925962022        14.027420620145342     
  0.27867501938744849       0.28894877003929748        14.124554907094645     
  0.28309843239359844       0.29057494833858932        14.212658957277243     
  0.28752184539974840       0.29207367086194808        14.291531491377199     
  0.29194525840589836       0.29344428022014168        14.360985239158438     
  0.29636867141204831       0.29468617521860657        14.420847974151394     
  0.30079208441819827       0.29579881112115147        14.470963487521303     
  0.30521549742434823       0.29678169988889647        14.511192492058715     
  0.30963891043049818       0.29763441039434330        14.541413447661995     
  0.31406232343664814       0.29835656861048199        14.561523300238623     
  0.31848573644279810       0.29894785777485128        14.571438126633613     
  0.32290914944894805       0.29940801852848148        14.571093678991600     
  0.32733256245509801       0.29973684902965747        14.560445822863409     
  0.33175597546124796       0.29993420504245366        14.539470864366843     
  0.33617938846739792       0.29999999999999999        14.508165762789023     
  0.34060280147354788       0.29993420504245366        14.466548226158283     
  0.34502621447969783       0.29973684902965753        14.414656688497498     
  0.34944962748584779       0.29940801852848148        14.352550168680706     
  0.35387304049199775       0.29894785777485133        14.280308012027898     
  0.35829645349814770       0.29835656861048204        14.198029516971518     
  0.36271986650429766       0.29763441039434341        14.105833450290675     
  0.36714327951044762       0.29678169988889658        14.003857455516760     
  0.37156669251659757       0.29579881112115153        13.892257360149838     
  0.37599010552274753       0.29468617521860668        13.771206388272322     
  0.38041351852889749       0.29344428022014180        13.640894285990072     
  0.38483693153504744       0.29207367086194819        13.501526367862409     
  0.38926034454119740       0.29057494833858949        13.353322493088973     
  0.39368375754734736       0.28894877003929759        13.196515980699342     
  0.39810717055349731       0.28719584925962038        13.031352473336316     
  0.40253058355964727       0.28531695488854625        12.858088759435169     
  0.40695399656579723       0.28331291107124451        12.676991563680657     
  0.41137740957194718       0.28118459684756764        12.488336315576642     
  0.41580082257809714       0.27893294576647570        12.292405905794883     
  0.42022423558424710       0.27655894547655041        12.089489439690372     
  0.42464764859039705       0.27406363729278060        11.879880996989664     
  0.42907106159654701       0.27144811573980615        11.663878406187850     
  0.43349447460269697       0.26871352807182419        11.441782041642501     
  0.43791788760884692       0.26586107376936480        11.213893650740955     
  0.44234130061499688       0.26289200401315949        10.980515217856031     
  0.44676471362114684       0.25980762113533201        10.741947871106200     
  0.45118812662729679       0.25660927804815242        10.498490837213383     
  0.45561153963344675       0.25329837765060503        10.250440449018331     
  0.46003495263959671       0.24987637221303038        9.9980892094790317     
  0.46445836564574666       0.24634476274011177        9.7417249152554000     
  0.46888177865189662       0.24270509831248485        9.4816298422806060     
  0.47330519165804658       0.23895897540725952        9.2180799950460823     
  0.47772860466419653       0.23510803719775261        8.9513444206885726     
  0.48215201767034649       0.23115397283273748        8.6816845883713576     
  0.48657543067649645       0.22709851669552772        8.4093538339003668     
  0.49099884368264640       0.22294344764321908        8.1345968690138690     
  0.49542225668879636       0.21869058822642426        7.8576493543338266     
  0.49984566969494632       0.21434180388984181        7.5787375345674359     
  0.50426908270109627       0.20989900215401056        7.2980779342011139     
  0.50869249570724628       0.20536413177860754        7.0158771116331948     
  0.51311590871339630       0.20073918190765841        6.7323314694461054     
  0.51753932171954631       0.19602618119703247        6.4476271183205496     
  0.52196273472569632       0.19122719692460780        6.1619397919409788     
  0.52638614773184633       0.18634433408349399        5.8754348101308915     
  0.53080956073799634       0.18137973445871322        5.5882670873836471     
  0.53523297374414636       0.17633557568774269        5.3005811839179691     
  0.53965638675029637       0.17121407030533028        5.0125113963812087     
  0.54407979975644638       0.16601746477300389        4.7241818853468871     
  0.54850321276259639       0.16074803849369965        4.4357068367998398     
  0.55292662576874640       0.15540810281193976        4.1471906548707294     
  0.55735003877489642       0.15000000000000055        3.8587281831682394     
  0.56177345178104643       0.14452610223051515        3.5704049521578001     
  0.56619686478719644       0.13898881053595907        3.2822974501484836     
  0.57062027779334645       0.13339055375547867        2.9944734155714667     
  0.57504369079949647       0.12773378746952221        2.7069921483615826     
  0.57946710380564648       0.12202099292274049        2.4199048383859374     
  0.58389051681179649       0.11625467593563119        2.1332549089985915     
  0.58831392981794650       0.11043736580540368        1.8470783739354519     
  0.59273734282409651       0.10457161419654486        1.5614042058976747     
  0.59716075583024653        9.8659994021575131E-002   1.2762547153039887     
  0.60158416883639654        9.2705098312484385E-002  0.99164593782033517     
  0.60600758184254655        8.6709539083341614E-002  0.70758802939892140     
  0.61043099484869656        8.0675946184579725E-002  0.42408566767737110     
  0.61485440785484657        7.4606966149456430E-002  0.14113845870077057     
  0.61927782086099659        6.8505261033196707E-002 -0.14125865196481210     
  0.62370123386714660        6.2373507245327656E-002 -0.42311496455955433     
  0.62812464687329661        5.6214394375717236E-002 -0.70444360763878067     
  0.63254805987944662        5.0030624014830515E-002 -0.98526111842001973     
  0.63697147288559663        4.3824908568723175E-002  -1.2655870215479772     
  0.64139488589174665        3.7599970069290958E-002  -1.5454434067882850     
  0.64581829889789666        3.1358538980295725E-002  -1.8248545060994537     
  0.65024171190404667        2.5103352999694187E-002  -2.1038462704785896     
  0.65466512491019668        1.8837155858793544E-002  -2.3824459469304049     
  0.65908853791634670        1.2562696118759410E-002  -2.6606816558704556     
  0.66351195092249671        6.2827259650064665E-003  -2.9385819692421906     
  0.66793536392864672       -6.2939441080067336E-016  -3.2161754896037356     
  0.67235877693479673       -6.2827259650077259E-003  -3.4934904304238583     
  0.67678218994094674       -1.2562696118760668E-002  -3.7705541978170558     
  0.68120560294709676       -1.8837155858794797E-002  -4.0473929739457022     
  0.68562901595324677       -2.5103352999695440E-002  -4.3240313023220747     
  0.69005242895939678       -3.1358538980296974E-002  -4.6004916752548475     
  0.69447584196554679       -3.7599970069292214E-002  -4.8767941237036379     
  0.69889925497169680       -4.3824908568724431E-002  -5.1529558098309769     
  0.70332266797784682       -5.0030624014831764E-002  -5.4289906225736999     
  0.70774608098399683       -5.6214394375718478E-002  -5.7049087765952846     
  0.71216949399014684       -6.2373507245328891E-002  -5.9807164150272607     
  0.71659290699629685       -6.8505261033197942E-002  -6.2564152164606286     
  0.72101632000244686       -7.4606966149457665E-002  -6.5320020067084243     
  0.72543973300859688       -8.0675946184580946E-002  -6.8074683759270176     
  0.72986314601474689       -8.6709539083342835E-002  -7.0828003017567411     
  0.73428655902089690       -9.2705098312485579E-002  -7.3579777792220469     
  0.73870997202704691       -9.8659994021576339E-002  -7.6329744582170838     
  0.74313338503319692      -0.10457161419654604       -7.9077572894940671     
  0.74755679803934694      -0.11043736580540485       -8.1822861801691786     
  0.75198021104549695      -0.11625467593563235       -8.4565136598631074     
  0.75640362405164696      -0.12202099292274164       -8.7303845587002975     
  0.76082703705779697      -0.12773378746952338       -9.0038356985020744     
  0.76525045006394699      -0.13339055375547981       -9.2767955986232504     
  0.76967386307009700      -0.13898881053596018       -9.5491841979981658     
  0.77409727607624701      -0.14452610223051623       -9.8209125950802942     
  0.77852068908239702      -0.15000000000000166       -10.091882807477376     
  0.78294410208854703      -0.15540810281194081       -10.361987553200450     
  0.78736751509469705      -0.16074803849370073       -10.631110055558841     
  0.79179092810084706      -0.16601746477300497       -10.899123873841827     
  0.79621434110699707      -0.17121407030533131       -11.165892762029427     
  0.80063775411314708      -0.17633557568774375       -11.431270557867760     
  0.80506116711929709      -0.18137973445871425       -11.695101104725483     
  0.80948458012544711      -0.18634433408349496       -11.957218208715252     
  0.81390799313159712      -0.19122719692460874       -12.217445633614089     
  0.81833140613774713      -0.19602618119703344       -12.475597136147268     
  0.82275481914389714      -0.20073918190765933       -12.731476544207323     
  0.82717823215004715      -0.20536413177860843       -12.984877880561335     
  0.83160164515619717      -0.20989900215401144       -13.235585534551186     
  0.83602505816234718      -0.21434180388984286       -13.483374484210767     
  0.84044847116849719      -0.21869058822642529       -13.728010571107339     
  0.84487188417464720      -0.22294344764322008       -13.969250830058940     
  0.84929529718079722      -0.22709851669552877       -14.206843875682294     
  0.85371871018694723      -0.23115397283273850       -14.440530347484980     
  0.85814212319309724      -0.23510803719775369       -14.670043414928015     
  0.86256553619924725      -0.23895897540726069       -14.895109343550114     
  0.86698894920539726      -0.24270509831248588       -15.115448122861846     
  0.87141236221154728      -0.24634476274011294       -15.330774156285633     
  0.87583577521769729      -0.24987637221303158       -15.540797012937714     
  0.88025918822384730      -0.25329837765060614       -15.745222240522494     
  0.88468260122999731      -0.25660927804815364       -15.943752238039844     
  0.88910601423614732      -0.25980762113533323       -16.136087186397095     
  0.89352942724229734      -0.26289200401316060       -16.321926034374055     
  0.89795284024844735      -0.26586107376936596       -16.500967536717273     
  0.90237625325459736      -0.26871352807182541       -16.672911340447698     
  0.90679966626074737      -0.27144811573980726       -16.837459114761060     
  0.91122307926689738      -0.27406363729278166       -16.994315719193722     
  0.91564649227304740      -0.27655894547655152       -17.143190404028545     
  0.92006990527919741      -0.27893294576647670       -17.283798036238096     
  0.92449331828534742      -0.28118459684756875       -17.415860343617062     
  0.92891673129149743      -0.28331291107124557       -17.539107169157646     
  0.93334014429764744      -0.28531695488854719       -17.653277727180697     
  0.93776355730379746      -0.28719584925962127       -17.758121852268111     
  0.94218697030994747      -0.28894877003929853       -17.853401231657987     
  0.94661038331609748      -0.29057494833859027       -17.938890611476900     
  0.95103379632224749      -0.29207367086194896       -18.014378967004490     
  0.95545720932839751      -0.29344428022014252       -18.079670627101279     
  0.95988062233454752      -0.29468617521860735       -18.134586342992584     
  0.96430403534069753      -0.29579881112115214       -18.178964291790663     
  0.96872744834684754      -0.29678169988889713       -18.212661005461456     
  0.97315086135299755      -0.29763441039434385       -18.235552216397590     
  0.97757427435914757      -0.29835656861048243       -18.247533611347446     
  0.98199768736529758      -0.29894785777485167       -18.248521486163501     
  0.98642110037144759      -0.29940801852848170       -18.238453294665049     
  0.99084451337759760      -0.29973684902965769       -18.217288085851049     
  0.99526792638374761      -0.29993420504245372       -18.185006824733488     
  0.99969133938989763      -0.29999999999999999       -18.141612593177925     
   1.0041147523960476      -0.29993420504245355       -18.087130668314899     
   1.0085381654021977      -0.29973684902965730       -18.021608477308710     
   1.0129615784083477      -0.29940801852848115       -17.945115428516349     
   1.0173849914144977      -0.29894785777485089       -17.857742620318930     
   1.0218084044206477      -0.29835656861048149       -17.759602430141442     
   1.0262318174267977      -0.29763441039434274       -17.650827987371883     
   1.0306552304329477      -0.29678169988889574       -17.531572535030097     
   1.0350786434390977      -0.29579881112115064       -17.402008686100274     
   1.0395020564452477      -0.29468617521860568       -17.262327581414127     
   1.0439254694513977      -0.29344428022014063       -17.112737956838753     
   1.0483488824575478      -0.29207367086194685       -16.953465128273553     
   1.0527722954636978      -0.29057494833858805       -16.784749903583236     
   1.0571957084698478      -0.28894877003929603       -16.606847431085480     
   1.0616191214759978      -0.28719584925961861       -16.420025994565385     
   1.0660425344821478      -0.28531695488854442       -16.224565765006137     
   1.0704659474882978      -0.28331291107124251       -16.020757519307100     
   1.0748893604944478      -0.28118459684756547       -15.808901336212307     
   1.0793127735005978      -0.27893294576647337       -15.589305279499465     
   1.0837361865067479      -0.27655894547654797       -15.362284078192655     
   1.0881595995128979      -0.27406363729277794       -15.128157813170260     
   1.0925830125190479      -0.27144811573980349       -14.887250619055513     
   1.0970064255251979      -0.26871352807182131       -14.639889409713492     
   1.1014298385313479      -0.26586107376936169       -14.386402635049008     
   1.1058532515374979      -0.26289200401315632       -14.127119076117406     
   1.1102766645436479      -0.25980762113532863       -13.862366684840278     
   1.1147000775497979      -0.25660927804814887       -13.592471473872397     
   1.1191234905559480      -0.25329837765060137       -13.317756461407784     
   1.1235469035620980      -0.24987637221302650       -13.038540674954858     
   1.1279703165682480      -0.24634476274010766       -12.755138217362296     
   1.1323937295743980      -0.24270509831248066       -12.467857397649292     
   1.1368171425805480      -0.23895897540725514       -12.176999928495210     
   1.1412405555866980      -0.23510803719774798       -11.882860191580464     
   1.1456639685928480      -0.23115397283273281       -11.585724571348974     
   1.1500873815989980      -0.22709851669552278       -11.285870857188565     
   1.1545107946051480      -0.22294344764321394       -10.983567713500664     
   1.1589342076112981      -0.21869058822641910       -10.679074216658217     
   1.1633576206174481      -0.21434180388983645       -10.372639457431632     
   1.1677810336235981      -0.20989900215400487       -10.064502207097005     
   1.1722044466297481      -0.20536413177860183       -9.7548906451274480     
   1.1766278596358981      -0.20073918190765247       -9.4440221461070610     
   1.1810512726420481      -0.19602618119702644       -9.1321031232943870     
   1.1854746856481981      -0.19122719692460174       -8.8193289260960555     
   1.1898980986543481      -0.18634433408348772       -8.5058837885891165     
   1.1943215116604982      -0.18137973445870689       -8.1919408261484481     
   1.1987449246666482      -0.17633557568773636       -7.8776620771899939     
   1.2031683376727982      -0.17121407030532373       -7.5631985870284844     
   1.2075917506789482      -0.16601746477299725       -7.2486905308658676     
   1.2120151636850982      -0.16074803849369307       -6.9342673729692361     
   1.2164385766912482      -0.15540810281193293       -6.6200480591631221     
   1.2208619896973982      -0.14999999999999367       -6.3061412398454735     
   1.2252854027035482      -0.14452610223050827       -5.9926455208366187     
   1.2297088157096983      -0.13898881053595202       -5.6796497394839216     
   1.2341322287158483      -0.13339055375547154       -5.3672332635678224     
   1.2385556417219983      -0.12773378746951514       -5.0554663106849613     
   1.2429790547281483      -0.12202099292273322       -4.7444102859198365     
   1.2474024677342983      -0.11625467593562384       -4.4341181357547912     
   1.2518258807404483      -0.11043736580539641       -4.1246347163071162     
   1.2562492937465983      -0.10457161419653739       -3.8159971741212706     
   1.2606727067527483       -9.8659994021567610E-002  -3.5082353378809286     
   1.2650961197588984       -9.2705098312476933E-002  -3.2013721195389069     
   1.2695195327650484       -8.6709539083334009E-002  -2.8954239234924470     
   1.2739429457711984       -8.0675946184572050E-002  -2.5904010625556806     
   1.2783663587773484       -7.4606966149448853E-002  -2.2863081795988647     
   1.2827897717834984       -6.8505261033188977E-002  -1.9831446738362153     
   1.2872131847896484       -6.2373507245319870E-002  -1.6809051308491536     
   1.2916365977957984       -5.6214394375709555E-002  -1.3795797555291840     
   1.2960600108019484       -5.0030624014822681E-002  -1.0791548072151786     
   1.3004834238080984       -4.3824908568715314E-002 -0.77961303638266355     
   1.3049068368142485       -3.7599970069283201E-002 -0.48093412231712374     
   1.3093302498203985       -3.1358538980287808E-002 -0.18309511127100642     
   1.3137536628265485       -2.5103352999686260E-002  0.11392914533660492     
   1.3181770758326985       -1.8837155858785735E-002  0.41016555306732994     
   1.3226004888388485       -1.2562696118751460E-002  0.70564233730322257     
   1.3270239018449985       -6.2827259649985128E-003   1.0003886070879997     
   1.3314473148511485        8.4530340211723602E-015   1.2944339202504100     
   1.3358707278572985        6.2827259650156805E-003   1.5878078500687884     
   1.3402941408634486        1.2562696118768620E-002   1.8805395537219471     
   1.3447175538695986        1.8837155858802603E-002   2.1726573427653553     
   1.3491409668757486        2.5103352999703371E-002   2.4641882558719268     
   1.3535643798818986        3.1358538980304884E-002   2.7551576340846768     
   1.3579877928880486        3.7599970069299972E-002   3.0455886988439373     
   1.3624112058941986        4.3824908568732300E-002   3.3355021330736911     
   1.3668346189003486        5.0030624014839611E-002   3.6249156656409123     
   1.3712580319064986        5.6214394375726152E-002   3.9138436595384594     
   1.3756814449126487        6.2373507245336669E-002   4.2022967041851853     
   1.3801048579187987        6.8505261033205686E-002   4.4902812122871820     
   1.3845282709249487        7.4606966149465243E-002   4.7777990217617941     
   1.3889516839310987        8.0675946184588607E-002   5.0648470032897555     
   1.3933750969372487        8.6709539083350454E-002   5.3514166741316611     
   1.3977985099433987        9.2705098312493031E-002   5.6374938189227795     
   1.4022219229495487        9.8659994021583847E-002   5.9230581182436977     
   1.4066453359556987       0.10457161419655352        6.2080827858541960     
   1.4110687489618488       0.11043736580541214        6.4925342155739134     
   1.4154921619679988       0.11625467593563971        6.7763716388941022     
   1.4199155749741488       0.12202099292274866        7.0595467945107186     
   1.4243389879802988       0.12773378746953046        7.3420036110799041     
   1.4287624009864488       0.13339055375548695        7.6236779046096466     
   1.4331858139925988       0.13898881053596701        7.9044970920186337     
   1.4376092269987488       0.14452610223052309        8.1843799225104110     
   1.4420326400048988       0.15000000000000854        8.4632362285291816     
   1.4464560530110488       0.15540810281194742        8.7409666981805998     
   1.4508794660171989       0.16074803849370731        9.0174626711149628     
   1.4553028790233489       0.16601746477301157        9.2926059599796904     
   1.4597262920294989       0.17121407030533764        9.5662686996513511     
   1.4641497050356489       0.17633557568775007        9.8383132265516320     
   1.4685731180417989       0.18137973445872058        10.108591990434514     
   1.4729965310479489       0.18634433408350098        10.376947501101794     
   1.4774199440540989       0.19122719692461479        10.643212312556235     
   1.4818433570602489       0.19602618119703946        10.907209047134977     
   1.4862667700663990       0.20073918190766507        11.168750462176437     
   1.4906901830725490       0.20536413177861415        11.427639561758349     
   1.4951135960786990       0.20989900215401711        11.683669756000036     
   1.4995370090848490       0.21434180388984828        11.936625070345411     
   1.5039604220909990       0.21869058822643064        12.186280407130768     
   1.5083838350971490       0.22294344764322541        12.432401861590208     
   1.5128072481032990       0.22709851669553380        12.674747094259757     
   1.5172306611094490       0.23115397283274355        12.913065761504894     
   1.5216540741155991       0.23510803719775863        13.147100005613927     
   1.5260774871217491       0.23895897540726532        13.376585005570780     
   1.5305009001278991       0.24270509831249060        13.601249589242363     
   1.5349243131340491       0.24634476274011746        13.820816907289533     
   1.5393477261401991       0.24987637221303585        14.035005168636451     
   1.5437711391463491       0.25329837765061042        14.243528436812724     
   1.5481945521524991       0.25660927804815775        14.446097485918440     
   1.5526179651586491       0.25980762113533712        14.642420714359137     
   1.5570413781647992       0.26289200401316443        14.832205113858461     
   1.5614647911709492       0.26586107376936963        15.015157290590288     
   1.5658882041770992       0.26871352807182880        15.190984534583214     
   1.5703116171832492       0.27144811573981065        15.359395932850562     
   1.5747350301893992       0.27406363729278493        15.520103520995400     
   1.5791584431955492       0.27655894547655452        15.672823467345282     
   1.5835818562016992       0.27893294576647965        15.817277282996548     
   1.5880052692078492       0.28118459684757147        15.953193050504172     
   1.5924286822139992       0.28331291107124806        16.080306663356339     
   1.5968520952201493       0.28531695488854963        16.198363067832279     
   1.6012755082262993       0.28719584925962355        16.307117498373817     
   1.6056989212324493       0.28894877003930058        16.406336697216251     
   1.6101223342385993       0.29057494833859226        16.495800108734738     
   1.6145457472447493       0.29207367086195080        16.575301038779884     
   1.6189691602508993       0.29344428022014413        16.644647769208952     
   1.6233925732570493       0.29468617521860885        16.703664617875653     
   1.6278159862631993       0.29579881112115347        16.752192934525887     
   1.6322393992693494       0.29678169988889824        16.790092023364600     
   1.6366628122754994       0.29763441039434485        16.817239983507470     
   1.6410862252816494       0.29835656861048326        16.833534459111846     
   1.6455096382877994       0.29894785777485228        16.838893291686578     
   1.6499330512939494       0.29940801852848220        16.833255067903718     
   1.6543564643000994       0.29973684902965803        16.816579557166964     
   1.6587798773062494       0.29993420504245388        16.788848034216926     
   1.6632032903123994       0.29999999999999999        16.750063483160105     
   1.6676267033185495       0.29993420504245338        16.700250680476174     
   1.6720501163246995       0.29973684902965697        16.639456155771121     
   1.6764735293308495       0.29940801852848065        16.567748030281084     
   1.6808969423369995       0.29894785777485022        16.485215734371650     
   1.6853203553431495       0.29835656861048065        16.391969606502403     
   1.6897437683492995       0.29763441039434174        16.288140377313340     
   1.6941671813554495       0.29678169988889463        16.173878543620660     
   1.6985905943615995       0.29579881112114936        16.049353638166533     
   1.7030140073677495       0.29468617521860418        15.914753401933485     
   1.7074374203738996       0.29344428022013896        15.770282866695338     
   1.7118608333800496       0.29207367086194502        15.616163356221733     
   1.7162842463861996       0.29057494833858599        15.452631415172588     
   1.7207076593923496       0.28894877003929398        15.279937675206025     
   1.7251310723984996       0.28719584925961639        15.098345668175174     
   1.7295544854046496       0.28531695488854197        14.908130596505178     
   1.7339778984107996       0.28331291107123990        14.709578070922353     
   1.7384013114169496       0.28118459684756275        14.502982825660132     
   1.7428247244230997       0.27893294576647037        14.288647421094327     
   1.7472481374292497       0.27655894547654503        14.066880943475653     
   1.7516715504353997       0.27406363729277483        13.837997711037938     
   1.7560949634415497       0.27144811573980010        13.602315995280586     
   1.7605183764476997       0.26871352807181775        13.360156765663653     
   1.7649417894538497       0.26586107376935797        13.111842465329229     
   1.7693652024599997       0.26289200401315233        12.857695824786264     
   1.7737886154661497       0.25980762113532480        12.598038719780476     
   1.7782120284722998       0.25660927804814487        12.333191078831760     
   1.7826354414784498       0.25329837765059710        12.063469845169648     
   1.7870588544845998       0.24987637221302209        11.789187997044724     
   1.7914822674907498       0.24634476274010314        11.510653629653143     
   1.7959056804968998       0.24270509831247583        11.228169101189295     
   1.8003290935030498       0.23895897540725047        10.942030244849782     
   1.8047525065091998       0.23510803719774320        10.652525647954757     
   1.8091759195153498       0.23115397283272771        10.359935998738161     
   1.8135993325214999       0.22709851669551756        10.064533500789569     
   1.8180227455276499       0.22294344764320859        9.7665813546116880     
   1.8224461585337999       0.21869058822641380        9.4663333052908190     
   1.8268695715399499       0.21434180388983107        9.1640332548630443     
   1.8312929845460999       0.20989900215399937        8.8599149375989672     
   1.8357163975522499       0.20536413177859603        8.5542016561202114     
   1.8401398105583999       0.20073918190764659        8.2471060760043109     
   1.8445632235645499       0.19602618119702042        7.9388300763249431     
   1.8489866365706999       0.19122719692459583        7.6295646534126478     
   1.8534100495768500       0.18634433408348169        7.3194898750005803     
   1.8578334625830000       0.18137973445870076        7.0087748818416093     
   1.8622568755891500       0.17633557568772995        6.6975779338382528     
   1.8666802885953000       0.17121407030531721        6.3860464977177891     
   1.8711037016014500       0.16601746477299065        6.0743173733027405     
   1.8755271146076000       0.16074803849368655        5.7625168554714046     
   1.8799505276137500       0.15540810281192635        5.4507609289692303     
   1.8843739406199000       0.14999999999998700        5.1391554933170767     
   1.8887973536260501       0.14452610223050130        4.8277966151621312     
   1.8932207666322001       0.13898881053594497        4.5167708055307543     
   1.8976441796383501       0.13339055375546444        4.2061553195647550     
   1.9020675926445001       0.12773378746950820        3.8960184764523089     
   1.9064910056506501       0.12202099292272620        3.5864199973991617     
   1.9109144186568001       0.11625467593561677        3.2774113596234247     
   1.9153378316629501       0.11043736580538902        2.9690361644946415     
   1.9197612446691001       0.10457161419652995        2.6613305180760274     
   1.9241846576752502        9.8659994021560116E-002   2.3543234224634668     
   1.9286080706814002        9.2705098312469633E-002   2.0480371764471350     
   1.9330314836875502        8.6709539083326639E-002   1.7424877841487518     
   1.9374548966937002        8.0675946184564654E-002   1.4376853704104082     
   1.9418783096998502        7.4606966149441165E-002   1.1336346018263950     
   1.9463017227060002        6.8505261033181220E-002  0.83033511242021052     
   1.9507251357121502        6.2373507245312085E-002  0.52778193307132104     
   1.9551485487183002        5.6214394375701998E-002  0.22596592389222342     
   1.9595719617244503        5.0030624014815089E-002  -7.5125791155677968E-002
   1.9639953747306003        4.3824908568707709E-002 -0.37550938803775746     
   1.9684187877367503        3.7599970069275304E-002 -0.67520390537185748     
   1.9728422007429003        3.1358538980279897E-002 -0.97423080659648609     
   1.9772656137490503        2.5103352999678329E-002  -1.2726135420173155     
   1.9816890267552003        1.8837155858778057E-002  -1.5703771111180658     
   1.9861124397613503        1.2562696118743777E-002  -1.8675476254802286     
   1.9905358527675003        6.2827259649908228E-003  -2.1641518726214102     
   1.9949592657736503       -1.6409900394499066E-014  -2.4602168810362754     
   1.9993826787798004       -6.2827259650236351E-003  -2.7557694867040938     
   2.0038060917859504       -1.2562696118776567E-002  -3.0508359013155646     
   2.0082295047921002       -1.8837155858810285E-002  -3.3454412824670192     
   2.0126529177982500       -2.5103352999711035E-002  -3.6396093060730470     
   2.0170763308043997       -3.1358538980312003E-002  -3.9333617412580431     
   2.0214997438105495       -3.7599970069306814E-002  -4.2267180280053323     
   2.0259231568166993       -4.3824908568738587E-002  -4.5196948578654981     
   2.0303465698228491       -5.0030624014845877E-002  -4.8123057580578541     
   2.0347699828289989       -5.6214394375732141E-002  -5.1045606793366094     
   2.0391933958351487       -6.2373507245342116E-002  -5.3964655880392156     
   2.0436168088412985       -6.8505261033210585E-002  -5.6880220627856630     
   2.0480402218474483       -7.4606966149470363E-002  -5.9792268963575150     
   2.0524636348535981       -8.0675946184593186E-002  -6.2700717033505207     
   2.0568870478597479       -8.6709539083354492E-002  -6.5605425342678867     
   2.0613104608658976       -9.2705098312496778E-002  -6.8506194967992489     
   2.0657338738720474       -9.8659994021587580E-002  -7.1402763851166773     
   2.0701572868781972      -0.10457161419655671       -7.4294803181094977     
   2.0745806998843470      -0.11043736580541506       -7.7181913875773320     
   2.0790041128904968      -0.11625467593564209       -8.0063623175020506     
   2.0834275258966466      -0.12202099292275130       -8.2939381356269806     
   2.0878509389027964      -0.12773378746953259       -8.5808558586819341     
   2.0922743519089462      -0.13339055375548858       -8.8670441927074357     
   2.0966977649150960      -0.13898881053596840       -9.1524232500469509     
   2.1011211779212458      -0.14452610223052448       -9.4369042846947675     
   2.1055445909273955      -0.15000000000000946       -9.7203894478038304     
   2.1099680039335453      -0.15540810281194803       -10.002771565275124     
   2.1143914169396951      -0.16074803849370753       -10.283933939462269     
   2.1188148299458449      -0.16601746477301133       -10.563750177134271     
   2.1232382429519947      -0.17121407030533761       -10.842084045940265     
   2.1276616559581445      -0.17633557568774960       -11.118789361712366     
   2.1320850689642943      -0.18137973445871972       -11.393709909023821     
   2.1365084819704441      -0.18634433408349990       -11.666679397485314     
   2.1409318949765939      -0.19122719692461371       -11.937521456312577     
   2.1453553079827437      -0.19602618119703805       -12.206049669727129     
   2.1497787209888934      -0.20073918190766346       -12.472067655759066     
   2.1542021339950432      -0.20536413177861221       -12.735369190999782     
   2.1586255470011930      -0.20989900215401522       -12.995738383804131     
   2.1630489600073428      -0.21434180388984619       -13.252949898358199     
   2.1674723730134926      -0.21869058822642826       -13.506769231911809     
   2.1718957860196424      -0.22294344764322269       -13.756953047316246     
   2.1763191990257922      -0.22709851669553133       -14.003249562810284     
   2.1807426120319420      -0.23115397283274083       -14.245399000753505     
   2.1851660250380918      -0.23510803719775564       -14.483134096717443     
   2.1895894380442416      -0.23895897540726227       -14.716180670007397     
   2.1940128510503913      -0.24270509831248760       -14.944258256303073     
   2.1984362640565411      -0.24634476274011427       -15.167080802671425     
   2.2028596770626909      -0.24987637221303258       -15.384357424723898     
   2.2072830900688407      -0.25329837765060692       -15.595793225160980     
   2.2117065030749905      -0.25660927804815442       -15.801090172376517     
   2.2161299160811403      -0.25980762113533373       -15.999948037182365     
   2.2205533290872901      -0.26289200401316098       -16.192065385068979     
   2.2249767420934399      -0.26586107376936602       -16.377140620743305     
   2.2294001550995897      -0.26871352807182525       -16.554873080991722     
   2.2338235681057395      -0.27144811573980726       -16.724964171209145     
   2.2382469811118892      -0.27406363729278144       -16.887118540227590     
   2.2426703941180390      -0.27655894547655113       -17.041045287378473     
   2.2470938071241888      -0.27893294576647620       -17.186459195043593     
   2.2515172201303386      -0.28118459684756825       -17.323081979305471     
   2.2559406331364884      -0.28331291107124490       -17.450643550707181     
   2.2603640461426382      -0.28531695488854653       -17.568883276592988     
   2.2647874591487880      -0.28719584925962044       -17.677551236032166     
   2.2692108721549378      -0.28894877003929775       -17.776409457946269     
   2.2736342851610876      -0.29057494833858954       -17.865233132773710     
   2.2780576981672374      -0.29207367086194819       -17.943811787827407     
   2.2824811111733871      -0.29344428022014168       -18.011950416439284     
   2.2869045241795369      -0.29468617521860663       -18.069470551048699     
   2.2913279371856867      -0.29579881112115147       -18.116211270584635     
   2.2957513501918365      -0.29678169988889641       -18.152030132817355     
   2.3001747631979863      -0.29763441039434324       -18.176804022814608     
   2.3045981762041361      -0.29835656861048193       -18.190429909228389     
   2.3090215892102859      -0.29894785777485122       -18.192825500855456     
   2.3134450022164357      -0.29940801852848137       -18.183929796750782     
   2.3178684152225855      -0.29973684902965742       -18.163703524117480     
   2.3222918282287353      -0.29993420504245361       -18.132129459235962     
   2.3267152412348850      -0.29999999999999999       -18.089212627814963     
   2.3311386542410348      -0.29993420504245372       -18.034980382329643     
   2.3355620672471846      -0.29973684902965764       -17.969482355137728     
   2.3399854802533344      -0.29940801852848165       -17.892790287416389     
   2.3444088932594842      -0.29894785777485156       -17.804997735215668     
   2.3488323062656340      -0.29835656861048238       -17.706219655162140     
   2.3532557192717838      -0.29763441039434385       -17.596591873545460     
   2.3576791322779336      -0.29678169988889713       -17.476270443663779     
   2.3621025452840834      -0.29579881112115219       -17.345430897370420     
   2.3665259582902332      -0.29468617521860746       -17.204267397741013     
   2.3709493712963829      -0.29344428022014274       -17.052991800649913     
   2.3753727843025327      -0.29207367086194930       -16.891832633797108     
   2.3797961973086825      -0.29057494833859066       -16.721034002352642     
   2.3842196103148323      -0.28894877003929897       -16.540854430877427     
   2.3886430233209821      -0.28719584925962194       -16.351565651535420     
   2.3930664363271319      -0.28531695488854808       -16.153451348829506     
   2.3974898493332817      -0.28331291107124640       -15.946805871176434     
   2.4019132623394315      -0.28118459684756980       -15.731932919587360     
   2.4063366753455813      -0.27893294576647804       -15.509144223547787     
   2.4107600883517311      -0.27655894547655308       -15.278758213903446     
   2.4151835013578808      -0.27406363729278327       -15.041098702165206     
   2.4196069143640306      -0.27144811573980915       -14.796493575161723     
   2.4240303273701804      -0.26871352807182747       -14.545273513402543     
   2.4284537403763302      -0.26586107376936835       -14.287770740883600     
   2.4328771533824800      -0.26289200401316315       -14.024317813382577     
   2.4373005663886298      -0.25980762113533601       -13.755246451569146     
   2.4417239793947796      -0.25660927804815675       -13.480886424506899     
   2.4461473924009294      -0.25329837765060970       -13.201564488363292     
   2.4505708054070792      -0.24987637221303508       -12.917603384382767     
   2.4549942184132290      -0.24634476274011682       -12.629320899427508     
   2.4594176314193787      -0.24270509831249026       -12.337028991659368     
   2.4638410444255285      -0.23895897540726532       -12.041032983235464     
   2.4682644574316783      -0.23510803719775880       -11.741630821223257     
   2.4726878704378281      -0.23115397283274369       -11.439112407317944     
   2.4771112834439779      -0.22709851669553430       -11.133758996367128     
   2.4815346964501277      -0.22294344764322607       -10.825842663180813     
   2.4859581094562775      -0.21869058822643173       -10.515625836630417     
   2.4903815224624273      -0.21434180388984936       -10.203360899617985     
   2.4948049354685771      -0.20989900215401841       -9.8892898531300517     
   2.4992283484747269      -0.20536413177861587       -9.5736440422744682     
   2.5036517614808766      -0.20073918190766718       -9.2566439419361366     
   2.5080751744870264      -0.19602618119704143       -8.9384989994723902     
   2.5124985874931762      -0.19122719692461718       -8.6194075317018353     
   2.5169220004993260      -0.18634433408350387       -8.2995566733162267     
   2.5213454135054758      -0.18137973445872371       -7.9791223737623369     
   2.5257688265116256      -0.17633557568775327       -7.6582694395935471     
   2.5301922395177754      -0.17121407030534130       -7.3371516192783055     
   2.5346156525239252      -0.16601746477301552       -7.0159117274688985     
   2.5390390655300750      -0.16074803849371178       -6.6946818057766881     
   2.5434624785362248      -0.15540810281195191       -6.3735833171650018     
   2.5478858915423745      -0.15000000000001334       -6.0527273711550755     
   2.5523093045485243      -0.14452610223052842       -5.7322149771401856     
   2.5567327175546741      -0.13898881053597287       -5.4121373232167835     
   2.5611561305608239      -0.13339055375549261       -5.0925760780634475     
   2.5655795435669737      -0.12773378746953667       -4.7736037135296838     
   2.5700029565731235      -0.12202099292275545       -4.4552838457311861     
   2.5744263695792733      -0.11625467593564678       -4.1376715925877461     
   2.5788497825854231      -0.11043736580541978       -3.8208139458785273     
   2.5832731955915729      -0.10457161419656096       -3.5047501560290488     
   2.5876966085977227       -9.8659994021591854E-002  -3.1895121279811800     
   2.5921200216038724       -9.2705098312501608E-002  -2.8751248266308220     
   2.5965434346100222       -8.6709539083359335E-002  -2.5616066904483219     
   2.6009668476161720       -8.0675946184597544E-002  -2.2489700520201601     
   2.6053902606223218       -7.4606966149474749E-002  -1.9372215643696815     
   2.6098136736284716       -6.8505261033215512E-002  -1.6263626320259643     
   2.6142370866346214       -6.2373507245347057E-002  -1.3163898459160677     
   2.6186604996407712       -5.6214394375736589E-002  -1.0072954212528289     
   2.6230839126469210       -5.0030624014850332E-002 -0.69906763768156732     
   2.6275073256530708       -4.3824908568743597E-002 -0.39169128103106804     
   2.6319307386592206       -3.7599970069311824E-002  -8.5148086090141531E-002
   2.6363541516653703       -3.1358538980316500E-002  0.22058282010271185     
   2.6407775646715201       -2.5103352999715535E-002  0.52552447490897913     
   2.6452009776776699       -1.8837155858815322E-002  0.82970163708074607     
   2.6496243906838197       -1.2562696118781616E-002   1.1331403444491668     
   2.6540478036899695       -6.2827259650286875E-003   1.4358674726325458     
   2.6584712166961193       -2.1996146740520762E-014   1.7379102950566006     
   2.6628946297022691        6.2827259649847061E-003   2.0392960445592605     
   2.6673180427084189        1.2562696118737129E-002   2.3400514768379601     
   2.6717414557145687        1.8837155858771420E-002   2.6402024359922138     
   2.6761648687207185        2.5103352999671699E-002   2.9397734224148113     
   2.6805882817268682        3.1358538980272750E-002   3.2387871632941501     
   2.6850116947330180        3.7599970069267644E-002   3.5372641860050296     
   2.6894351077391678        4.3824908568699535E-002   3.8352223946890169     
   2.6938585207453176        5.0030624014806950E-002   4.1326766503549734     
   2.6982819337514674        5.6214394375693366E-002   4.4296383548673939     
   2.7027053467576172        6.2373507245303494E-002   4.7261150392349212     
   2.7071287597637670        6.8505261033172143E-002   5.0221099566615690     
   2.7115521727699168        7.4606966149432130E-002   5.3176216808821799     
   2.7159755857760666        8.0675946184555161E-002   5.6126437103678297     
   2.7203989987822164        8.6709539083316703E-002   5.9071640790592070     
   2.7248224117883661        9.2705098312459239E-002   6.2011649743632447     
   2.7292458247945159        9.8659994021550304E-002   6.4946223632337396     
   2.7336692378006657       0.10457161419651971        6.7875056272465217     
   2.7380926508068155       0.11043736580537836        7.0797772076769059     
   2.7425160638129653       0.11625467593560573        7.3713922616877170     
   2.7469394768191151       0.12202099292271525        7.6622983308435675     
   2.7513628898252649       0.12773378746949687        7.9524350232769558     
   2.7557863028314147       0.13339055375545322        8.2417337109460806     
   2.7602097158375645       0.13898881053593343        8.5301172435398893     
   2.7646331288437143       0.14452610223048989        8.8174996807041861     
   2.7690565418498641       0.14999999999997526        9.1037860443797527     
   2.7734799548560138       0.15540810281191431        9.3888720931604315     
   2.7779033678621636       0.16074803849367422        9.6726441206916647     
   2.7823267808683134       0.16601746477297891        9.9549787802394452     
   2.7867501938744632       0.17121407030530519        10.235742937660936     
   2.7911736068806130       0.17633557568771768        10.514793555101209     
   2.7955970198867628       0.18137973445868827        10.791977607821352     
   2.8000204328929126       0.18634433408346940        11.067132036630953     
   2.8044438458990624       0.19122719692458331        11.340083738447854     
   2.8088672589052122       0.19602618119700815        11.610649597539092     
   2.8132906719113620       0.20073918190763412        11.878636560003496     
   2.8177140849175117       0.20536413177858343        12.143841754038615     
   2.8221374979236615       0.20989900215398702        12.406052658486020     
   2.8265609109298113       0.21434180388981855        12.665047322068194     
   2.8309843239359611       0.21869058822640125        12.920594635614242     
   2.8354077369421109       0.22294344764319629        13.172454659415175     
   2.8398311499482607       0.22709851669550557        13.420379007653610     
   2.8442545629544105       0.23115397283271566        13.664111291610764     
   2.8486779759605603       0.23510803719773113        13.903387623067108     
   2.8531013889667101       0.23895897540723837        14.137937178977372     
   2.8575248019728599       0.24270509831246437        14.367482828118149     
   2.8619482149790096       0.24634476274009171        14.591741819973567     
   2.8663716279851594       0.24987637221301073        14.810426535645551     
   2.8707950409913092       0.25329837765058577        15.023245300048210     
   2.8752184539974590       0.25660927804813399        15.229903254077183     
   2.8796418670036088       0.25980762113531397        15.430103284835406     
   2.8840652800097586       0.26289200401314194        15.623547011353578     
   2.8884886930159084       0.26586107376934776        15.809935822571116     
   2.8929121060220582       0.26871352807180793        15.988971963651881     
   2.8973355190282080       0.27144811573979044        16.160359666003721     
   2.9017589320343578       0.27406363729276539        16.323806315664683     
   2.9061823450405075       0.27655894547653581        16.479023654020381     
   2.9106057580466573       0.27893294576646183        16.625729004139867     
   2.9150291710528071       0.28118459684755448        16.763646515372269     
   2.9194525840589569       0.28331291107123191        16.892508418248276     
   2.9238759970651067       0.28531695488853431        17.012056281189821     
   2.9282994100712565       0.28719584925960906        17.122042260064273     
   2.9327228230774063       0.28894877003928715        17.222230331235654     
   2.9371462360835561       0.29057494833857972        17.312397498478688     
   2.9415696490897059       0.29207367086193914        17.392334963942428     
   2.9459930620958557       0.29344428022013347        17.461849253286722     
   2.9504164751020054       0.29468617521859924        17.520763285176439     
   2.9548398881081552       0.29579881112114487        17.568917375509002     
   2.9592633011143050       0.29678169988889064        17.606170167074797     
   2.9636867141204548       0.29763441039433824        17.632399475806142     
   2.9681101271266046       0.29835656861047777        17.647503045359436     
   2.9725335401327544       0.29894785777484789        17.651399202488282     
   2.9769569531389042       0.29940801852847887        17.644027406499369     
   2.9813803661450540       0.29973684902965575        17.625348687022424     
   2.9858037791512038       0.29993420504245277        17.595345965362505     
   2.9902271921573536       0.29999999999999999        17.554024255818465     
   2.9946506051635033       0.29993420504245449        17.501410744530446     
   2.9990740181696531       0.29973684902965925        17.437554744641439     
   3.0034974311758029       0.29940801852848414        17.362527527806186     
   3.0079208441819527       0.29894785777485489        17.276422033329794     
   3.0123442571881025       0.29835656861048648        17.179352457453586     
   3.0167676701942523       0.29763441039434879        17.071453726500756     
   3.0211910832004021       0.29678169988890279        16.952880858734826     
   3.0256144962065519       0.29579881112115880        16.823808220847837     
   3.0300379092127017       0.29468617521861484        16.684428685968840     
   3.0344613222188515       0.29344428022015095        16.534952700951081     
   3.0388847352250012       0.29207367086195835        16.375607271446079     
   3.0433081482311510       0.29057494833860048        16.206634873897642     
   3.0477315612373008       0.28894877003930963        16.028292304078764     
   3.0521549742434506       0.28719584925963337        15.840849472149598     
   3.0565783872496004       0.28531695488856029        15.644588154431677     
   3.0610018002557502       0.28331291107125939        15.439800712175865     
   3.0654252132619000       0.28118459684758357        15.226788787552994     
   3.0698486262680498       0.27893294576649258        15.005861986923533     
   3.0742720392741996       0.27655894547656834        14.777336561156375     
   3.0786954522803494       0.27406363729279931        14.541534092373901     
   3.0831188652864991       0.27144811573982597        14.298780196017738     
   3.0875422782926489       0.26871352807184506        14.049403246564736     
   3.0919656912987987       0.26586107376938667        13.793733134594065     
   3.0963891043049485       0.26289200401318213        13.532100062223286     
   3.1008125173110983       0.25980762113535577        13.264833383211320     
   3.1052359303172481       0.25660927804817724        12.992260493279790     
   3.1096593433233979       0.25329837765063085        12.714705775446630     
   3.1140827563295477       0.24987637221305692        12.432489604406332     
   3.1185061693356975       0.24634476274013939        12.145927413243879     
   3.1229295823418473       0.24270509831251347        11.855328825039887     
   3.1273529953479970       0.23895897540728916        11.560996851227141     
   3.1317764083541468       0.23510803719778298        11.263227157893287     
   3.1361998213602966       0.23115397283276887        10.962307400604720     
   3.1406232343664464       0.22709851669556008        10.658516627750579     
   3.1450466473725962       0.22294344764325250        10.352124751881982     
   3.1494700603787460       0.21869058822645837        10.043392088047808     
   3.1538934733848958       0.21434180388987698        9.7325689577099297     
   3.1583168863910456       0.20989900215404664        9.4198953564537895     
   3.1627402993971954       0.20536413177864465        9.1056006833979399     
   3.1671637124033452       0.20073918190769655        8.7899035299436274     
   3.1715871254094949       0.19602618119707135        8.4730115252927263     
   3.1760105384156447       0.19122719692464762        8.1551212359966936     
   3.1804339514217945       0.18634433408353482        7.8364181166756239     
   3.1848573644279443       0.18137973445875519        7.5170765089653404     
   3.1892807774340941       0.17633557568778521        7.1972596857038686     
   3.1937041904402439       0.17121407030537375        6.8771199373569853     
   3.1981276034463937       0.16601746477304843        6.5567986976988122     
   3.2025510164525435       0.16074803849374511        6.2364267058075100     
   3.2069744294586933       0.15540810281198567        5.9161242015005611     
   3.2113978424648431       0.15000000000004757        5.5960011514190500     
   3.2158212554709928       0.14452610223056303        5.2761575030699888     
   3.2202446684771426       0.13898881053600787        4.9566834642494086     
   3.2246680814832924       0.13339055375552797        4.6376598053907463     
   3.2290914944894422       0.12773378746957240        4.3191581825141121     
   3.2335149074955920       0.12202099292279150        4.0012414785862047     
   3.2379383205017418       0.11625467593568317        3.6839641612400333     
   3.2423617335078916       0.11043736580545598        3.3673726549413137     
   3.2467851465140414       0.10457161419659794        3.0515057258280684     
   3.2512085595201912        9.8659994021629130E-002   2.7363948775854627     
   3.2556319725263410        9.2705098312539133E-002   2.4220647568520555     
   3.2600553855324907        8.6709539083396611E-002   2.1085335667817531     
   3.2644787985386405        8.0675946184635569E-002   1.7958134875098939     
   3.2689022115447903        7.4606966149512968E-002   1.4839111023893037     
   3.2733256245509401        6.8505261033253939E-002   1.1728278289741025     
   3.2777490375570899        6.2373507245385665E-002  0.86256035383275542     
   3.2821724505632397        5.6214394375775356E-002  0.55310107036940459     
   3.2865958635693895        5.0030624014889252E-002  0.24443851892217439     
   3.2910192765755393        4.3824908568782635E-002  -6.3442171511422951E-002
   3.2954426895816891        3.7599970069350987E-002 -0.37055884049679111     
   3.2998661025878389        3.1358538980355753E-002 -0.67693185284169521     
   3.3042895155939886        2.5103352999754872E-002 -0.98258365518299262     
   3.3087129286001384        1.8837155858854721E-002  -1.2875383328809240     
   3.3131363416062882        1.2562696118821052E-002  -1.5918211675772604     
   3.3175597546124380        6.2827259650681507E-003  -1.8954581957393892     
   3.3219831676185878        6.1468007979180744E-014  -2.1984757684840033     
   3.3264065806247376       -6.2827259649452429E-003  -2.5009001129547217     
   3.3308299936308874       -1.2562696118697692E-002  -2.8027568955144049     
   3.3352534066370372       -1.8837155858732028E-002  -3.1040707870085886     
   3.3396768196431870       -2.5103352999632369E-002  -3.4048650303578425     
   3.3441002326493368       -3.1358538980233497E-002  -3.7051610107468784     
   3.3485236456554865       -3.7599970069228494E-002  -4.0049778286938560     
   3.3529470586616363       -4.3824908568661017E-002  -4.3043318763079528     
   3.3573704716677861       -5.0030624014768044E-002  -4.6032364170733295     
   3.3617938846739359       -5.6214394375654599E-002  -4.9017011695362482     
   3.3662172976800857       -6.2373507245264893E-002  -5.1997318953161011     
   3.3706407106862355       -6.8505261033134243E-002  -5.4973299919138325     
   3.3750641236923853       -7.4606966149393897E-002  -5.7944920908494284     
   3.3794875366985351       -8.0675946184517136E-002  -6.0912096617263858     
   3.3839109497046849       -8.6709539083278914E-002  -6.3874686228924480     
   3.3883343627108347       -9.2705098312421699E-002  -6.6832489594456579     
   3.3927577757169844       -9.8659994021512515E-002  -6.9785243494193239     
   3.3971811887231342      -0.10457161419648221       -7.2732617990708306     
   3.4016046017292840      -0.11043736580534218       -7.5674212882961545     
   3.4060280147354338      -0.11625467593556982       -7.8609554272935878     
   3.4104514277415836      -0.12202099292267919       -8.1538091257080740     
   3.4148748407477334      -0.12773378746946115       -8.4459192755965393     
   3.4192982537538832      -0.13339055375541786       -8.7372144496705619     
   3.4237216667600330      -0.13898881053589843       -9.0276146163879112     
   3.4281450797661828      -0.14452610223045481       -9.3170308735826364     
   3.4325684927723326      -0.14999999999994060       -9.6053652024407210     
   3.4369919057784823      -0.15540810281188097       -9.8925102437449741     
   3.4414153187846321      -0.16074803849364130       -10.178349098424833     
   3.4458387317907819      -0.16601746477294602       -10.462755154556897     
   3.4502621447969317      -0.17121407030527275       -10.745591943060550     
   3.4546855578030815      -0.17633557568768571       -11.026713024427551     
   3.4591089708092313      -0.18137973445865679       -11.305961908903280     
   3.4635323838153811      -0.18634433408343803       -11.583172012604187     
   3.4679557968215309      -0.19122719692455245       -11.858166652104726     
   3.4723792098276807      -0.19602618119697865       -12.130759080056277     
   3.4768026228338305      -0.20073918190760517       -12.400752564405874     
   3.4812260358399802      -0.20536413177855503       -12.667940513763289     
   3.4856494488461300      -0.20989900215395879       -12.932106651412903     
   3.4900728618522798      -0.21434180388979099       -13.193025240385895     
   3.4944962748584296      -0.21869058822637424       -13.450461361887930     
   3.4989196878645794      -0.22294344764316990       -13.704171249220421     
   3.5033431008707292      -0.22709851669547942       -13.953902679133146     
   3.5077665138768790      -0.23115397283269018       -14.199395422302651     
   3.5121899268830288      -0.23510803719770695       -14.440381754340290     
   3.5166133398891786      -0.23895897540721484       -14.676587028395931     
   3.5210367528953284      -0.24270509831244119       -14.907730310037625     
   3.5254601659014781      -0.24634476274006920       -15.133525074651040     
   3.5298835789076279      -0.24987637221298889       -15.353679967120662     
   3.5343069919137777      -0.25329837765056468       -15.567899623025260     
   3.5387304049199275      -0.25660927804811323       -15.775885550006997     
   3.5431538179260773      -0.25980762113529399       -15.977337067362146     
   3.5475772309322271      -0.26289200401312318       -16.171952301254574     
   3.5520006439383769      -0.26586107376932971       -16.359429232278138     
   3.5564240569445267      -0.26871352807179039       -16.539466791400276     
   3.5608474699506765      -0.27144811573977362       -16.711765999610506     
   3.5652708829568263      -0.27406363729274935       -16.876031145890057     
   3.5696942959629760      -0.27655894547652055       -17.031970997418298     
   3.5741177089691258      -0.27893294576644712       -17.179300035253000     
   3.5785411219752756      -0.28118459684754049       -17.317739708075251     
   3.5829645349814254      -0.28331291107121914       -17.447019695990701     
   3.5873879479875752      -0.28531695488852232       -17.566879175837926     
   3.5918113609937250      -0.28719584925959779       -17.677068078988476     
   3.5962347739998748      -0.28894877003927655       -17.777348332238045     
   3.6006581870060246      -0.29057494833856989       -17.867495072105253     
   3.6050816000121744      -0.29207367086193015       -17.947297822674379     
   3.6095050130183242      -0.29344428022012525       -18.016561627059197     
   3.6139284260244739      -0.29468617521859175       -18.075108122627679     
   3.6183518390306237      -0.29579881112113837       -18.122776550322101     
   3.6227752520367735      -0.29678169988888492       -18.159424688735388     
   3.6271986650429233      -0.29763441039433342       -18.184929704066334     
   3.6316220780490731      -0.29835656861047366       -18.199188907667136     
   3.6360454910552229      -0.29894785777484456       -18.202120413617369     
   3.6404689040613727      -0.29940801852847637       -18.193663689594370     
   3.6448923170675225      -0.29973684902965408       -18.173779995257750     
   3.6493157300736723      -0.29993420504245194       -18.142452703405691     
   3.6537391430798221      -0.29999999999999999       -18.099687500283423     
   3.6581625560859719      -0.29993420504245533       -18.045512462607721     
   3.6625859690921216      -0.29973684902966091       -17.979978010100449     
   3.6670093820982714      -0.29940801852848659       -17.903156733576456     
   3.6714327951044212      -0.29894785777485816       -17.815143099887266     
   3.6758562081105710      -0.29835656861049065       -17.716053036261101     
   3.6802796211167208      -0.29763441039435373       -17.606023397781161     
   3.6847030341228706      -0.29678169988890868       -17.485211322888226     
   3.6891264471290204      -0.29579881112116546       -17.353793482863054     
   3.6935498601351702      -0.29468617521862217       -17.211965232220948     
   3.6979732731413200      -0.29344428022015906       -17.059939667822889     
   3.7023966861474698      -0.29207367086196723       -16.897946605260412     
   3.7068200991536195      -0.29057494833861031       -16.726231481699166     
   3.7112435121597693      -0.28894877003932018       -16.545054194857851     
   3.7156669251659191      -0.28719584925964475       -16.354687888156697     
   3.7200903381720689      -0.28531695488857245       -16.155417692287362     
   3.7245137511782187      -0.28331291107127254       -15.947539433539198     
   3.7289371641843685      -0.28118459684759711       -15.731358319168409     
   3.7333605771905183      -0.27893294576650690       -15.507187609924307     
   3.7377839901966681      -0.27655894547658344       -15.275347289557939     
   3.7422074032028179      -0.27406363729281541       -15.036162740746649     
   3.7466308162089677      -0.27144811573984279       -14.789963436381402     
   3.7510542292151174      -0.26871352807186261       -14.537081654598158     
   3.7554776422212672      -0.26586107376940493       -14.277851225302564     
   3.7599010552274170      -0.26289200401320145       -14.012606315252087     
   3.7643244682335668      -0.25980762113537575       -13.741680258036070     
   3.7687478812397166      -0.25660927804819739       -13.465404434545260     
   3.7731712942458664      -0.25329837765065166       -13.184107208760528     
   3.7775947072520162      -0.24987637221307879       -12.898112922927778     
   3.7820181202581660      -0.24634476274016190       -12.607740955435021     
   3.7864415332643158      -0.24270509831253664       -12.313304843974908     
   3.7908649462704656      -0.23895897540731303       -12.015111475873201     
   3.7952883592766153      -0.23510803719780782       -11.713460346797079     
   3.7997117722827651      -0.23115397283279437       -11.408642888431324     
   3.8041351852889149      -0.22709851669558553       -11.100941865132887     
   3.8085585982950647      -0.22294344764327856       -10.790630839045605     
   3.8129820113012145      -0.21869058822648541       -10.477973702680391     
   3.8174054243073643      -0.21434180388990459       -10.163224277544922     
   3.8218288373135141      -0.20989900215407484       -9.8466259770368261     
   3.8262522503196639      -0.20536413177867344       -9.5284115314988505     
   3.8306756633258137      -0.20073918190772588       -9.2088027730701576     
   3.8350990763319635      -0.19602618119710161       -8.8880104777528590     
   3.8395224893381132      -0.19122719692467763       -8.5662342619443717     
   3.8439459023442630      -0.18634433408356532       -8.2436625305624212     
   3.8483693153504128      -0.18137973445878619       -7.9204724738043701     
   3.8527927283565626      -0.17633557568781713       -7.5968301095373914     
   3.8572161413627124      -0.17121407030540614       -7.2728903683007848     
   3.8616395543688622      -0.16601746477308130       -6.9487972179188251     
   3.8660629673750120      -0.16074803849377847       -6.6246838247645901     
   3.8704863803811618      -0.15540810281201992       -6.3006727487799825     
   3.8749097933873116      -0.15000000000008221       -5.9768761694412476     
   3.8793332063934614      -0.14452610223059717       -5.6533961399590344     
   3.8837566193996111      -0.13898881053604237       -5.3303248671154542     
   3.8881800324057609      -0.13339055375556333       -5.0077450142620537     
   3.8926034454119107      -0.12773378746960812       -4.6857300251351406     
   3.8970268584180605      -0.12202099292282756       -4.3643444662783679     
   3.9014502714242103      -0.11625467593571953       -4.0436443860021782     
   3.9058736844303601      -0.11043736580549317       -3.7236776879489684     
   3.9102970974365099      -0.10457161419663542       -3.4044845174719969     
   3.9147205104426597       -9.8659994021665892E-002  -3.0860976591731650     
   3.9191439234488095       -9.2705098312576159E-002  -2.7685429440790870     
   3.9235673364549593       -8.6709539083434387E-002  -2.4518396650634000     
   3.9279907494611090       -8.0675946184673566E-002  -2.1360009992496329     
   3.9324141624672588       -7.4606966149551202E-002  -1.8210344362457742     
   3.9368375754734086       -6.8505261033292367E-002  -1.5069422111749153     
   3.9412609884795584       -6.2373507245424266E-002  -1.1937217415713042     
   3.9456844014857082       -5.6214394375814651E-002 -0.88136606730917910     
   3.9501078144918580       -5.0030624014927638E-002 -0.56986429282223294     
   3.9545312274980078       -4.3824908568821160E-002 -0.25920203095473099     
   3.9589546405041576       -3.7599970069389616E-002   5.0638152140742965E-002
   3.9633780535103074       -3.1358538980395013E-002  0.35967629157493547     
   3.9678014665164572       -2.5103352999794205E-002  0.66793457822144942     
   3.9722248795226069       -1.8837155858894113E-002  0.97543691355006557     
   3.9766482925287567       -1.2562696118860491E-002   1.2822084651563392     
   3.9810717055349065       -6.2827259651081482E-003   1.5882752233139443     
