   1.0000000000000000        0.0000000000000000        0.0000000000000000     
   2.0000000000000000       0.27697132600721358        2.7545224824872272E-004
   3.0000000000000000       0.21284092230909391        1.1535802226932988E-004
   4.0000000000000000      -0.11341194654951502       -1.6107826012885600E-005
   5.0000000000000000      -0.29999327722032393       -3.6238768429972218E-004
   6.0000000000000000      -0.11712038591503043       -1.7777104382976281E-005
   7.0000000000000000       0.20999114119220150        1.1045132288370099E-004
   8.0000000000000000       0.27848982733779581        2.8062226304215973E-004
   9.0000000000000000        4.0166861121402608E-003   6.9372617558829371E-010
   10.000000000000000      -0.27540317144073850       -2.7019151468272789E-004
   11.000000000000000      -0.21565254698424277       -1.2035440774475711E-004
   12.000000000000000       0.10968317558334677        1.4541279748450593E-005
   13.000000000000000       0.29993949679075438        3.6216201857354989E-004
   14.000000000000000       0.12080782886013774        1.9551329810590130E-005
   15.000000000000000      -0.20710371451870285       -1.0563786454566267E-004
   16.000000000000000      -0.27995840320785298       -2.8569414363626203E-004
   17.000000000000000       -8.0326521444619107E-003  -5.5489615684203220E-009
   18.000000000000000       0.27378564476507250        2.6484752313263445E-004
   19.000000000000000       0.21842551117058953        1.2543669406462772E-004
   20.000000000000000      -0.10593474148321308       -1.3075115544649335E-005
   21.000000000000000      -0.29983194557284443       -3.6171106414269075E-004
   22.000000000000000      -0.12447361433312740       -2.1432576993611819E-005
   23.000000000000000       0.20417915992247285        1.0092097071838401E-004
   24.000000000000000       0.28137679034333374        2.9066053614790297E-004
   25.000000000000000        1.2047178144055546E-002   1.8722975274303355E-008
   26.000000000000000      -0.27211903595845949       -2.5942776374065178E-004
   27.000000000000000      -0.22115931775188669       -1.3060086741479760E-004
   28.000000000000000       0.10216731623986865        1.1706853421245933E-005
   29.000000000000000       0.29967064284775491        3.6103557402674823E-004
   30.000000000000000       0.12811708515391834        2.3422775211602773E-005
   31.000000000000000      -0.20121800169939971       -9.6303732654277649E-005
   32.000000000000000      -0.28274473446470377       -2.9551416453654203E-004
   33.000000000000000       -1.6059544424893199E-002  -4.4364551874549858E-008
   34.000000000000000       0.27040364379462994        2.5393974020368920E-004
   35.000000000000000       0.22385347663726804        1.3584268765852168E-004
   36.000000000000000       -9.8381575241452149E-002  -1.0433888609658912E-005
   37.000000000000000      -0.29945561753221606       -3.6013667519361873E-004
   38.000000000000000      -0.13173758815770578       -2.5523703197577915E-005
   39.000000000000000       0.19822077069614802        9.1789009109622207E-005
   40.000000000000000       0.28406199034069912        3.0024784702163796E-004
   41.000000000000000        2.0069031677216759E-002   8.6609738283751294E-008
   42.000000000000000      -0.26863977579929527       -2.4839095428474050E-004
   43.000000000000000      -0.22650750483617615       -1.4115769108353338E-004
   44.000000000000000        9.4578197173991005E-002   9.2534966915890872E-006
   45.000000000000000       0.29918690817441740        3.5901586550559191E-004
   46.000000000000000       0.13533447428138634        2.7736984004166432E-005
   47.000000000000000      -0.19518800423586094       -8.7379426566924434E-005
   48.000000000000000      -0.28532832182120849       -3.0485451245859858E-004
   49.000000000000000       -2.4074921103058679E-002  -1.4957757767608981E-007
   50.000000000000000       0.26682774818096966        2.4278889055362728E-004
   51.000000000000000       0.22912092654972335        1.4654119373271653E-004
   52.000000000000000       -9.0757863868852970E-002  -8.1628386964360659E-006
   53.000000000000000      -0.29886456294721309       -3.5767500966181931E-004
   54.000000000000000      -0.13890709871139126       -3.0064079940533233E-005
   55.000000000000000       0.19212024601570551        8.3077379841632083E-005
   56.000000000000000       0.28654350189106020        3.0932721676940481E-004
   57.000000000000000        2.8076494575558948E-002   2.3736582709195135E-007
   58.000000000000000      -0.26496788578756958       -2.3714100156007955E-004
   59.000000000000000      -0.23169327327562961       -1.5198829533266952E-004
   60.000000000000000        8.6921260209398304E-002   7.1589661891852737E-006
   61.000000000000000       0.29848863963671274        3.5611633414606831E-004
   62.000000000000000       0.14245482097185641        3.2506287521751718E-005
   63.000000000000000      -0.18901804598585367       -7.8885033075460232E-005
   64.000000000000000      -0.28770731270094752       -3.1365915921711637E-004
   65.000000000000000       -3.2073034715461475E-002  -3.5404665260840413E-007
   66.000000000000000       0.26306052204475933        2.3145469333509146E-004
   67.000000000000000       0.23422408385812887        1.5749388368690566E-004
   68.000000000000000       -8.3069074000073781E-002  -6.2388263120273643E-006
   69.000000000000000      -0.29805920563612620       -3.5434242124164075E-004
   70.000000000000000      -0.14597700504747677       -3.5064732498201087E-005
   71.000000000000000       0.18588196029089987        7.4804321205105317E-005
   72.000000000000000       0.28881954560968237        3.1784369859267768E-004
   73.000000000000000        3.6063825054557949E-002   5.0366230089490183E-007
   74.000000000000000      -0.26110599888138186       -2.2573731127625352E-004
   75.000000000000000      -0.23671290459345234       -1.6305263977247400E-004
   76.000000000000000        7.9201995813706752E-002   5.3992667850839946E-006
   77.000000000000000       0.29757633793099553        3.5235620208053786E-004
   78.000000000000000       0.14947301952417125        3.7740364974185600E-005
   79.000000000000000      -0.18271255114356330       -7.0836951703586676E-005
   80.000000000000000      -0.28988000122975260       -3.2187436923177291E-004
   81.000000000000000       -4.0048150155418995E-002  -6.9022074156401418E-007
   82.000000000000000       0.25910466669303511        2.1999612659786007E-004
   83.000000000000000       0.23915928930016883        1.6865904336117062E-004
   84.000000000000000       -7.5320718917943758E-002  -4.6370408845509072E-006
   85.000000000000000      -0.29704012308603600       -3.5016094879794751E-004
   86.000000000000000      -0.15294223765634235       -4.0533954559907660E-005
   87.000000000000000       0.17951038673752442        6.6984406722413745E-005
   88.000000000000000       0.29088848944642587        3.2574489669240494E-004
   89.000000000000000        4.4025295739652207E-002   9.1769127756713084E-007
   90.000000000000000      -0.25705688426277579       -2.1423832313295437E-004
   91.000000000000000      -0.24156279942035000       -1.7430737931528834E-004
   92.000000000000000        7.1425939125987506E-002   3.9488123583488517E-006
   93.000000000000000       0.29645065722961766        3.4776026580757340E-004
   94.000000000000000       0.15638403750991409        4.3446085680392703E-005
   95.000000000000000      -0.17627604111765208       -6.3247945507354525E-005
   96.000000000000000      -0.29184482947026957       -3.2944921326395418E-004
   97.000000000000000       -4.7994548798714905E-002  -1.1900001190165059E-006
   98.000000000000000       0.25496301870089350        2.0847098469824909E-004
   99.000000000000000       0.24392300406628639        1.7999174436796690E-004
   100.00000000000000       -6.7518354646321818E-002  -3.3311602989966369E-006
   101.00000000000000      -0.29580804603944094       -3.4515808024771638E-004
   102.00000000000000      -0.15979780206614316       -4.6477152974090849E-005
   103.00000000000000       0.17301009411885510        5.9628607201438522E-005
   104.00000000000000       0.29274884985393512        3.3298147298933681E-004
   105.00000000000000        5.1955197790722156E-002   1.5110259249882071E-006
   106.00000000000000      -0.25282344537909868       -2.0270108297082017E-004
   107.00000000000000      -0.24623948011909652       -1.8570605463459264E-004
   108.00000000000000        6.3598666008337065E-002   2.7805839819160597E-006
   109.00000000000000       0.29511240471218675        3.4235863156708895E-004
   110.00000000000000       0.16318291933223339        4.9627356830201954E-005
   111.00000000000000      -0.16971313123436324       -5.6127213847040675E-005
   112.00000000000000      -0.29360038853177534       -3.3633606636851530E-004
   113.00000000000000       -5.5906532664474415E-002  -1.8845952924562670E-006
   114.00000000000000       0.25063854787282480        1.9693546593401053E-004
   115.00000000000000       0.24851181229921632        1.9144405367311124E-004
   116.00000000000000       -5.9667575902910150E-002  -2.2935076404807851E-006
   117.00000000000000      -0.29436385795962600       -3.3936646046382334E-004
   118.00000000000000      -0.16653878243652442       -5.2896699061711658E-005
   119.00000000000000       0.16638574351768989        5.2744373692902016E-005
   120.00000000000000       0.29439929284664945        3.3950763455240900E-004
   121.00000000000000        5.9847845055807092E-002   2.3144782136615739E-006
   122.00000000000000      -0.24840871785427487       -1.9118084675957028E-004
   123.00000000000000      -0.25073959324084710       -1.9719932116433716E-004
   124.00000000000000        5.5725789064883242E-002   1.8662852002793035E-006
   125.00000000000000       0.29356253997531906        3.3618639699559008E-004
   126.00000000000000       0.16986478979551348        5.6284978817995235E-005
   127.00000000000000      -0.16302852747667235       -4.9480484735265809E-005
   128.00000000000000      -0.29514541957729018       -3.4249108302485533E-004
   129.00000000000000       -6.3778428397307241E-002  -2.8043834827909287E-006
   130.00000000000000       0.24613435507919537        1.8544379351654911E-004
   131.00000000000000       0.25292242355559397        2.0296528217076811E-004
   132.00000000000000       -5.1774012146724328E-002  -1.4952049634726357E-006
   133.00000000000000      -0.29270859441323682       -3.3282354807505159E-004
   134.00000000000000      -0.17316034513416978       -5.9791788540651426E-005
   135.00000000000000       0.15964208498131935        4.6335738495366431E-005
   136.00000000000000       0.29583863496397966        3.4528159471179453E-004
   137.00000000000000        6.7697578044981360E-002   3.3579540571252732E-006
   138.00000000000000      -0.24381586727741381       -1.7973071921741210E-004
   139.00000000000000      -0.25505991194182570       -2.0873521711762966E-004
   140.00000000000000        4.7812953591844252E-002   1.1764942454844337E-006
   141.00000000000000       0.29180217436200723        3.2928328433332477E-004
   142.00000000000000       0.17642485765131377        6.3416510265541603E-005
   143.00000000000000      -0.15622702309690004       -4.3310123933070814E-005
   144.00000000000000      -0.29647881473252857       -3.4787464246706677E-004
   145.00000000000000       -7.1604591404578463E-002  -3.9787623704783716E-006
   146.00000000000000       0.24145367008914487        1.7404787258673316E-004
   147.00000000000000       0.25715167519788845        2.1450227211062249E-004
   148.00000000000000       -4.3843323524867327E-002  -9.0632396621166635E-007
   149.00000000000000      -0.29084344231747111       -3.2557122641302741E-004
   150.00000000000000      -0.17965774211087818       -6.7158312078383030E-005
   151.00000000000000       0.15278395406344417        4.0403431681745701E-005
   152.00000000000000       0.29706584411411868        3.5026600087613023E-004
   153.00000000000000        7.5498768057545559E-002   4.6703055982892577E-006
   154.00000000000000      -0.23904818699047731       -1.6840132940865551E-004
   155.00000000000000      -0.25919733832895686       -2.2025947007986321E-004
   156.00000000000000        3.9865833555262201E-002   6.8081319067043653E-007
   157.00000000000000       0.28983257015355085        3.2169323074321703E-004
   158.00000000000000       0.18285841894682453        7.1016144827812583E-005
   159.00000000000000      -0.14931349512722350       -3.7615258312800794E-005
   160.00000000000000      -0.29759961787585443       -3.5245175739177098E-004
   161.00000000000000       -7.9379409886593297E-002  -5.4360008742191957E-006
   162.00000000000000       0.23659984921745672        1.6279698448233294E-004
   163.00000000000000       0.26119653460467229        2.2599972235927906E-004
   164.00000000000000       -3.5881196753311966E-002  -4.9603363808202460E-007
   165.00000000000000      -0.28876973909617171       -3.1765537486769940E-004
   166.00000000000000      -0.18602631436704323       -7.4988739102068645E-005
   167.00000000000000       0.14581626844475576        3.4945010818761487E-005
   168.00000000000000       0.29808004032431640        3.5442832260389087E-004
   169.00000000000000        8.3245821200848780E-002   6.2791804586240820E-006
   170.00000000000000      -0.23410909569969640       -1.5724054421116846E-004
   171.00000000000000      -0.26314890562488780       -2.3171584083439637E-004
   172.00000000000000        3.1890127435925002E-002   3.4801413772694552E-007
   173.00000000000000       0.28765513967206557        3.1346394227463000E-004
   174.00000000000000       0.18916086045621841        7.9074602489698304E-005
   175.00000000000000      -0.14229290098664213       -3.2391911225794671E-005
   176.00000000000000      -0.29850702533315560       -3.5619243980996527E-004
   177.00000000000000       -8.7097308860573625E-002  -7.2030868598149511E-006
   178.00000000000000       0.23157637293819464        1.5173751968075957E-004
   179.00000000000000       0.26505410138391899        2.3740055061319471E-004
   180.00000000000000       -2.7893341160017304E-002  -2.3274505671413009E-007
   181.00000000000000      -0.28648897170233767       -3.0912540704782317E-004
   182.00000000000000      -0.19226149527763939       -8.3272017144945713E-005
   183.00000000000000       0.13874402436378908        2.9955001267866854E-005
   184.00000000000000       0.29888049635586583        3.5774119368947984E-004
   185.00000000000000        9.0933182401424673E-002   8.2108679095976732E-006
   186.00000000000000      -0.22900213499025671       -1.4629322058464433E-004
   187.00000000000000      -0.26691178033329038       -2.4304650319705788E-004
   188.00000000000000        2.3891554351085535E-002   1.4618268049080605E-007
   189.00000000000000       0.28527144424838774        3.0464641804433265E-004
   190.00000000000000       0.19532766297394016        8.7579037678668301E-005
   191.00000000000000      -0.13517027480607968       -2.7633147272294292E-005
   192.00000000000000      -0.29920038643950658       -3.5907201811119071E-004
   193.00000000000000       -9.4752754125097885E-002  -9.3055717852717620E-006
   194.00000000000000       0.22638684334496717        1.4091274950979584E-004
   195.00000000000000       0.26872160944296553        2.4864629012597136E-004
   196.00000000000000       -1.9885484452646186E-002  -8.4253577665515754E-008
   197.00000000000000      -0.28400277557893899       -3.0003378291588626E-004
   198.00000000000000      -0.19835881386674928       -9.1993489395673250E-005
   199.00000000000000       0.13157229298715992        2.5425045020012290E-005
   200.00000000000000       0.29946663823670566        3.6018270303045722E-004
   201.00000000000000        9.8555339355305888E-002   1.0490142039439519E-005
   202.00000000000000      -0.22373096685119370       -1.3560099693798655E-004
   203.00000000000000      -0.27048326426104990       -2.5419245706938921E-004
   204.00000000000000        1.5875849641327561E-002   4.2858922748849773E-008
   205.00000000000000       0.28268319313090845        2.9529445192596652E-004
   206.00000000000000       0.20135440455523160        9.6512966899395903E-005
   207.00000000000000      -0.12795072392484438       -2.3329224734354698E-005
   208.00000000000000      -0.29967920401593984       -3.6107140044827190E-004
   209.00000000000000      -0.10234025636126590       -1.1767412496362650E-005
   210.00000000000000       0.22103498163353572        1.3036263680899678E-004
   211.00000000000000       0.27219642897195639        2.5967751833148465E-004
   212.00000000000000       -1.1863368732847429E-002  -1.7878800263633410E-008
   213.00000000000000      -0.28131293346863417       -2.9043550163508169E-004
   214.00000000000000      -0.20431389798793212       -1.0113483304407687E-004
   215.00000000000000       0.12430621686548289        2.1344056117577623E-005
   216.00000000000000       0.29983804567009209        3.6173662940740909E-004
   217.00000000000000       0.10610682661289664        1.3140102209154390E-005
   218.00000000000000      -0.21829937100696833       -1.2520212265954963E-004
   219.00000000000000      -0.27386079645302192       -2.6509397173674212E-004
   220.00000000000000        7.8487610531494268E-003   5.1764868519511189E-009
   221.00000000000000       0.27989224224146547        2.8546411850891463E-004
   222.00000000000000       0.20723676366166266        1.0585621849790099E-004
   223.00000000000000      -0.12063942516756843       -1.9467753434093291E-005
   224.00000000000000      -0.29994313472328299       -3.6217728000497698E-004
   225.00000000000000      -0.10985437486917833       -1.4610810341766918E-005
   226.00000000000000       0.21552462539019776        1.2012368432603814E-004
   227.00000000000000       0.27547606831573601        2.7043431381324861E-004
   228.00000000000000       -3.8327463094479574E-003  -6.0271654724882024E-010
   229.00000000000000      -0.27842137413972512       -2.8038758250307675E-004
   230.00000000000000      -0.21012247756221941       -1.1067402133231770E-004
   231.00000000000000       0.11695100618460827        1.7698380628831509E-005
   232.00000000000000       0.29999445233597549        3.6239261640468457E-004
   233.00000000000000       0.11358222929920456        1.6182011036775743E-005
   234.00000000000000      -0.21271124221774249       -1.1513132519763468E-004
   235.00000000000000      -0.27704195501498158       -2.7569105551176858E-004
   236.00000000000000       -1.8395553879522398E-004  -6.6635586429410950E-014
   237.00000000000000       0.27690059284905033        2.7521325067703253E-004
   238.00000000000000       0.21297052236156458        1.1558490746116266E-004
   239.00000000000000      -0.11324162114727890       -1.6033856469940966E-005
   240.00000000000000      -0.29999198930835258       -3.6238227883629462E-004
   241.00000000000000      -0.11728972160262280       -1.7856048266011894E-005
   242.00000000000000       0.20985972585075754        1.1022882000508044E-004
   243.00000000000000       0.27855817581667841        2.8085673772416529E-004
   244.00000000000000        4.2006244089396808E-003   7.9346454908295042E-010
   245.00000000000000      -0.27533017100312135       -2.6994854088836946E-004
   246.00000000000000      -0.21578038748467998       -1.2058531134821236E-004
   247.00000000000000       0.10951193504488572        1.4471959705840953E-005
   248.00000000000000       0.29993574608268930        3.6214628457693150E-004
   249.00000000000000       0.12097618712944204        1.9635130670978311E-005
   250.00000000000000      -0.20697058748661640       -1.0541971312924315E-004
   251.00000000000000      -0.28002445890471467       -2.8592394748626750E-004
   252.00000000000000       -8.2165402242570292E-003  -5.9388848966812314E-009
   253.00000000000000       0.27371039013478587        2.6460091561695794E-004
   254.00000000000000       0.21855156920109883        1.2567143724111096E-004
   255.00000000000000      -0.10576261650614906       -1.3010334227432125E-005
   256.00000000000000      -0.29982573274084967       -3.6168502789392007E-004
   257.00000000000000      -0.12464096499918606       -2.1521326400752827E-005
   258.00000000000000       0.20404434506726757        1.0070731741251313E-004
   259.00000000000000       0.28144054141541819        2.9088533412085073E-004
   260.00000000000000        1.2230983043020619E-002   1.9593301017569295E-008
   261.00000000000000      -0.27204154064031033       -2.5917786601420829E-004
   262.00000000000000      -0.22128357071521046       -1.3083926090973034E-004
   263.00000000000000       0.10199433767933758        1.1646494227051718E-005
   264.00000000000000       0.29966196900541348        3.6099927898506896E-004
   265.00000000000000       0.12828339821937079        2.3516557955853655E-005
   266.00000000000000      -0.20108152318638198       -9.6094713455165543E-005
   267.00000000000000      -0.28280616948468074       -2.9573362555281881E-004
   268.00000000000000       -1.6243233187571010E-002  -4.5905007140951681E-008
   269.00000000000000       0.27032392166885560        2.5368689593900353E-004
   270.00000000000000       0.22397590225532199        1.3608453190580152E-004
   271.00000000000000       -9.8207774111770965E-002  -1.0377829346547808E-005
   272.00000000000000      -0.29944448423465220       -3.6009018187979262E-004
   273.00000000000000      -0.13190283380328471       -2.5622597047340203E-005
   274.00000000000000       0.19808265302153738        9.1584749416783481E-005
   275.00000000000000       0.28412109829346827        3.0046164470008951E-004
   276.00000000000000        2.0252571373334107E-002   8.9009364809845259E-008
   277.00000000000000      -0.26855784115590664       -2.4813550673290934E-004
   278.00000000000000      -0.22662808116146074       -1.4140277635962096E-004
   279.00000000000000        9.4403604628713111E-002   9.2016098076020065E-006
   280.00000000000000       0.29917331741752090        3.5895925133570215E-004
   281.00000000000000       0.13549862288705136        2.7841059481209176E-005
   282.00000000000000      -0.19504827213438705       -8.7180041069956113E-005
   283.00000000000000      -0.28538509211171065       -3.0506232588891800E-004
   284.00000000000000       -2.4258278837768824E-002  -1.5302453623798727E-007
   285.00000000000000       0.26674361571045441        2.4253118183268222E-004
   286.00000000000000       0.22923963197190173        1.4678930032842983E-004
   287.00000000000000       -9.0582511211677513E-002  -8.1149915181886259E-006
   288.00000000000000      -0.29884851716666871       -3.5760836873521915E-004
   289.00000000000000      -0.13907012084595227       -3.0173400078943648E-005
   290.00000000000000       0.19197892453073212        8.2882972672367560E-005
   291.00000000000000       0.28659792434056119        3.0952873124092919E-004
   292.00000000000000        2.8259637469221180E-002   2.4204720045741551E-007
   293.00000000000000      -0.26488157057253370       -2.3688137196485967E-004
   294.00000000000000      -0.23181008650840462       -1.5223919370973535E-004
   295.00000000000000        8.6745178909599999E-002   7.1150211581070340E-006
   296.00000000000000       0.29847014170972397        3.5603977700030291E-004
   297.00000000000000       0.14261668740999037        3.2620907645878300E-005
   298.00000000000000      -0.18887516045901276       -7.8695697852634435E-005
   299.00000000000000      -0.28775937755301972       -3.1385406697805648E-004
   300.00000000000000       -3.2255929935661676E-002  -3.6014824823966326E-007
   301.00000000000000       0.26297203955491688        2.3119348067709332E-004
   302.00000000000000       0.23433898396014508        1.5774733473137903E-004
   303.00000000000000       -8.2892295582435591E-002  -6.1986411882569188E-006
   304.00000000000000      -0.29803825887885554       -3.5425607454640264E-004
   305.00000000000000      -0.14613768677867259       -3.5184699999826869E-005
   306.00000000000000       0.18573753633758228        7.4620141079805892E-005
   307.00000000000000       0.28886924353291099        3.1803169959063746E-004
   308.00000000000000        3.6246439778614199E-002   5.1136845045722933E-007
   309.00000000000000      -0.26101536498327033       -2.2547485028684167E-004
   310.00000000000000      -0.23682587096632529       -1.6330839502857634E-004
   311.00000000000000        7.9024551978026297E-002   5.3626949081600461E-006
   312.00000000000000       0.29755294609861244        3.5226020830054366E-004
   313.00000000000000       0.14963248773499094        3.7865719073219362E-005
   314.00000000000000      -0.18256661465495674       -7.0657999458625234E-005
   315.00000000000000      -0.28992732331221199       -3.2205517181326578E-004
   316.00000000000000       -4.0230451680325421E-002  -6.9971410469458647E-007
   317.00000000000000       0.25901189763478527        2.1973274827845275E-004
   318.00000000000000       0.23927030169744889        1.6891684531641471E-004
   319.00000000000000       -7.5142641474953004E-002  -4.6039313846638761E-006
   320.00000000000000      -0.29701429037204385       -3.5005546581227021E-004
   321.00000000000000      -0.15310046375858230       -4.0664726102758563E-005
   322.00000000000000       0.17936296386897643        6.6810744869300984E-005
   323.00000000000000       0.29093342720672166        3.2591821835260956E-004
   324.00000000000000        4.4207251383828632E-002   9.2915263626022807E-007
   325.00000000000000      -0.25696199667529296       -2.1397435417700247E-004
   326.00000000000000      -0.24167183793524594       -1.7456696166444217E-004
   327.00000000000000        7.1247259991526396E-002   3.9190103813571383E-006
   328.00000000000000       0.29642238826510175        3.4764546648966194E-004
   329.00000000000000       0.15654099310825315        4.3582296895496649E-005
   330.00000000000000      -0.17612715830489731       -6.3079626430889553E-005
   331.00000000000000      -0.29188737485006566       -3.2961478131130915E-004
   332.00000000000000       -4.8176125959825358E-002  -1.2036081765361698E-006
   333.00000000000000       0.25486602959487642        2.0820674692442363E-004
   334.00000000000000       0.24403004915123297        1.8025283237802132E-004
   335.00000000000000       -6.7339105861028425E-002  -3.3045072330399577E-006
   336.00000000000000      -0.29577734589516846       -3.4503415201962408E-004
   337.00000000000000      -0.15995345908239963       -4.6618817368031772E-005
   338.00000000000000       0.17285977805243044        5.9465673267455703E-005
   339.00000000000000       0.29278899521842006        3.3313902522233023E-004
   340.00000000000000        5.2136363934164612E-002   1.5269570999079912E-006
   341.00000000000000      -0.25272437214198956       -2.0243689278068560E-004
   342.00000000000000      -0.24634451256396278       -1.8596836543918949E-004
   343.00000000000000        6.3418879672385103E-002   2.7569176683916447E-006
   344.00000000000000       0.29507927888283852        3.4222577584622021E-004
   345.00000000000000       0.16333724980235728        4.9774478803543256E-005
   346.00000000000000      -0.16956140889055912       -5.5969697586269002E-005
   347.00000000000000      -0.29363812669922590       -3.3648535184764745E-004
   348.00000000000000       -5.6087255243430806E-002  -1.9030235026716304E-006
   349.00000000000000       0.25053740827530679        1.9667163382011709E-004
   350.00000000000000       0.24861481331447399        1.9170729685603639E-004
   351.00000000000000       -5.9487284315241064E-002  -2.2726626113408116E-006
   352.00000000000000      -0.29432831239633761       -3.3922489227056820E-004
   353.00000000000000      -0.16669175876647371       -5.3049273945208301E-005
   354.00000000000000       0.16623264203847496        5.2592297838461096E-005
   355.00000000000000       0.29443461703735718        3.3964841403260286E-004
   356.00000000000000        6.0028091740369716E-002   2.3355746882237698E-006
   357.00000000000000      -0.24830552999884001       -1.9091767668942634E-004
   358.00000000000000      -0.25084054432219732       -1.9746319882260835E-004
   359.00000000000000        5.5545024546936911E-002   1.8480928701707215E-006
   360.00000000000000       0.29352458103690221        3.3603634420338287E-004
   361.00000000000000       0.17001638448817569        5.6442992420551912E-005
   362.00000000000000      -0.16287407436701315       -4.9333862597424787E-005
   363.00000000000000      -0.29517832347200340       -3.4262312979498120E-004
   364.00000000000000       -6.3958166805841030E-002  -2.8283165222832848E-006
   365.00000000000000       0.24602913750374417        1.8518158274350436E-004
   366.00000000000000       0.25302130665302436        2.0322948977886498E-004
   367.00000000000000       -5.1592807035903056E-002  -1.4794938472672025E-006
   368.00000000000000      -0.29266822891910360       -3.3266525103709779E-004
   369.00000000000000      -0.17331053107038785       -5.9955217247066004E-005
   370.00000000000000       0.15948630785691381        4.6194573894760055E-005
   371.00000000000000       0.29586911265147581        3.4540469496712920E-004
   372.00000000000000        6.7876775955600835E-002   3.3848888420957761E-006
   373.00000000000000      -0.24370863880455790       -1.7946975746926258E-004
   374.00000000000000      -0.25515670928124146       -2.0899944351833363E-004
   375.00000000000000        4.7631340441974084E-002   1.1630901882084164E-006
   376.00000000000000       0.29175940953321872        3.2911699503893039E-004
   377.00000000000000       0.17657360784992795        6.3585320615666241E-005
   378.00000000000000      -0.15606994995805748       -4.3174411650235679E-005
   379.00000000000000      -0.29650686076055860       -3.4798859606545408E-004
   380.00000000000000       -7.1783216760126722E-002  -4.0088607500962788E-006
   381.00000000000000       0.24134444998268859        1.7378844205422506E-004
   382.00000000000000       0.25724636946295892        2.1476620048457075E-004
   383.00000000000000       -4.3661334807890112E-002  -8.9505032718057454E-007
   384.00000000000000      -0.29079828583682604       -3.2539720808757425E-004
   385.00000000000000      -0.17980502990567598       -6.7332460793328812E-005
   386.00000000000000       0.15262561300935101        4.0273157395947877E-005
   387.00000000000000       0.29709145344662091        3.5037062168558997E-004
   388.00000000000000        7.5676788767663053E-002   4.7037258392354936E-006
   389.00000000000000      -0.23893699478905517       -1.6814370396766958E-004
   390.00000000000000      -0.25928991250770628       -2.2052277803874168E-004
   391.00000000000000        3.9683501983018780E-002   6.7149107441764841E-007
   392.00000000000000       0.28978503009918172        3.2151175693252948E-004
   393.00000000000000       0.18300421798911970        7.1195578673720919E-005
   394.00000000000000      -0.14915391460414432       -3.7490399023447552E-005
   395.00000000000000      -0.29762278592882402       -3.5254687392252720E-004
   396.00000000000000       -7.9556794104714806E-002  -5.4728974864144347E-006
   397.00000000000000       0.23648670489696366        1.6254142973384057E-004
   398.00000000000000       0.26128697213626106        2.2626208289102266E-004
   399.00000000000000       -3.5698554943539948E-002  -4.8848207874244975E-007
   400.00000000000000      -0.28871982400402174       -3.1746672900154687E-004
   401.00000000000000      -0.18617059846379000       -7.5173394555752213E-005
   402.00000000000000       0.14565547700042952        3.4825534855679785E-005
   403.00000000000000       0.29810076293559240        3.5451377833579532E-004
   404.00000000000000        8.3422537059587867E-002   6.3197039218258224E-006
   405.00000000000000      -0.23399401948985984       -1.5698731674027659E-004
   406.00000000000000      -0.26323719026207026       -2.3197692247256042E-004
   407.00000000000000        3.1707208217918156E-002   3.4205031849332947E-007
   408.00000000000000       0.28760285847605477        3.1326841674366747E-004
   409.00000000000000       0.18930360379606889        7.9264405892993104E-005
   410.00000000000000      -0.14213092749217685       -3.2277778641508450E-005
   411.00000000000000      -0.29852529879559814       -3.5626809374212233E-004
   412.00000000000000       -8.7273324746792655E-002  -7.2473834553578529E-006
   413.00000000000000       0.23145938552341447        1.5148686721891860E-004
   414.00000000000000       0.26514021730054205        2.3766001832908380E-004
   415.00000000000000       -2.7710177204528934E-002  -2.2818449727617941E-007
   416.00000000000000      -0.28643433379489686       -3.0892330272246755E-004
   417.00000000000000      -0.19240267221651075       -8.3466884320267950E-005
   418.00000000000000       0.13858089781026955        2.9846163907932012E-005
   419.00000000000000       0.29889631738663608        3.5780692058788469E-004
   420.00000000000000        9.1108466693560944E-002   8.2590794320189627E-006
   421.00000000000000      -0.22888325729868086       -1.4604538128235137E-004
   422.00000000000000      -0.26699571212384832       -2.4330401901226389E-004
   423.00000000000000        2.3708178598576622E-002   1.4283945118863177E-007
   424.00000000000000       0.28521445940380524        3.0443804326733121E-004
   425.00000000000000       0.19546724825633116        8.7778874128952272E-005
   426.00000000000000      -0.13500602449949303       -2.7529549137814214E-005
   427.00000000000000      -0.29921375220326663       -3.5912770893812684E-004
   428.00000000000000       -9.4927275499246497E-002  -9.3578353912129743E-006
   429.00000000000000       0.22626609673320197        1.4066795209831347E-004
   430.00000000000000       0.26880334202898104        2.4890151345401422E-004
   431.00000000000000       -1.9701929707651458E-002  -8.1940487421011623E-008
   432.00000000000000      -0.28394345403466442       -2.9981945307181444E-004
   433.00000000000000      -0.19849678241592811       -9.2198189936215058E-005
   434.00000000000000       0.13140694831063504        2.5326622340299135E-005
   435.00000000000000       0.29947754634239993        3.6022826522293002E-004
   436.00000000000000        9.8729066425114947E-002   1.0546589914935303E-005
   437.00000000000000      -0.22360837291987937       -1.3535946013727164E-004
   438.00000000000000      -0.27056278302116193       -2.5444504576199820E-004
   439.00000000000000        1.5692148879786733E-002   4.1387722957608305E-008
   440.00000000000000       0.28262154552252577        2.9507448846363932E-004
   441.00000000000000       0.20149073168965329        9.6722415906697347E-005
   442.00000000000000      -0.12778431458285772       -2.3235906353605656E-005
   443.00000000000000      -0.29968765250392909       -3.6110675811250824E-004
   444.00000000000000      -0.10251315804826837       -1.1828171732661824E-005
   445.00000000000000       0.22091056240690729        1.3012456950990976E-004
   446.00000000000000       0.27227371962049668        2.5992712896496503E-004
   447.00000000000000       -1.1679554817437446E-002  -1.7060377702609217E-008
   448.00000000000000      -0.28124897082441447       -2.9021023130934890E-004
   449.00000000000000      -0.20444855924177058       -1.0134890414898614E-004
   450.00000000000000       0.12413877262739906        2.1255763577377535E-005
   451.00000000000000       0.29984403302898427        3.6176172359304192E-004
   452.00000000000000       0.10627887185500244        1.3205294474228340E-005
   453.00000000000000      -0.21817314879061259       -1.2496772348302590E-004
   454.00000000000000      -0.27393584516325803       -2.6534026068548598E-004
   455.00000000000000        7.6648670063698722E-003   4.8210617026311073E-009
   456.00000000000000       0.27982597605243231        2.8523387288386038E-004
   457.00000000000000       0.20736973491913333        1.0607477476549715E-004
   458.00000000000000      -0.12047097611505320       -1.9384401348753618E-005
   459.00000000000000      -0.29994665987745966       -3.6219206881165533E-004
   460.00000000000000      -0.11002553288878621       -1.4680551738264155E-005
   461.00000000000000       0.21539662276429974        1.1989314149079557E-004
   462.00000000000000       0.27554886161888237        2.7067693762212249E-004
   463.00000000000000       -3.6488050285536219E-003  -5.2003602665181306E-010
   464.00000000000000      -0.27835281626037900       -2.8015269685848697E-004
   465.00000000000000      -0.21025373493481267       -1.1089691505968226E-004
   466.00000000000000       0.11678158251625531        1.7619876816228678E-005
   467.00000000000000       0.29999551465479191        3.6239707513358228E-004
   468.00000000000000       0.11375246934747785        1.6256411767263940E-005
   469.00000000000000      -0.21258148217821832       -1.1490481667137917E-004
   470.00000000000000      -0.27711247987458859       -2.7592967184883086E-004
   471.00000000000000       -3.6791100842389413E-004  -5.3308451875976357E-013
   472.00000000000000       0.27682975559595679        2.7497406360912956E-004
   473.00000000000000       0.21310004236831340        1.1581198049348350E-004
   474.00000000000000      -0.11307125317169386       -1.5960102194880030E-005
   475.00000000000000      -0.29999058860098265       -3.6237640003518356E-004
   476.00000000000000      -0.11745901322489527       -1.7935212503023035E-005
   477.00000000000000       0.20972823161068258        1.1000651306592555E-004
   478.00000000000000       0.27862641956284867        2.8109100588129602E-004
   479.00000000000000        4.3845611590592401E-003   9.0233128635092104E-010
   480.00000000000000      -0.27525706704850988       -2.6970539320915737E-004
   481.00000000000000      -0.21590814685709867       -1.2081639478595232E-004
   482.00000000000000       0.10934065336898831        1.4402850002082644E-005
   483.00000000000000       0.29993188259896481        3.6213007806381876E-004
   484.00000000000000       0.12114449991217925        1.9719156207352160E-005
   485.00000000000000      -0.20683738266918106       -1.0520176464418122E-004
   486.00000000000000      -0.28009040932913776       -2.8615352943241407E-004
   487.00000000000000       -8.4004252103015674E-003  -6.3466557897506449E-009
   488.00000000000000       0.27363503261193239        2.6435414998049131E-004
   489.00000000000000       0.21867754508398565        1.2590635185336847E-004
   490.00000000000000      -0.10559045177092891       -1.2945758022148847E-005
   491.00000000000000      -0.29981940717512895       -3.6165852074675783E-004
   492.00000000000000      -0.12480826883249442       -2.1610304533783788E-005
   493.00000000000000       0.20390945350179232        1.0049387345735847E-004
   494.00000000000000       0.28150418667000249        2.9110989489143277E-004
   495.00000000000000        1.2414783299565739E-002   2.0490175150401827E-008
   496.00000000000000      -0.27196394301536414       -2.5892782577231185E-004
   497.00000000000000      -0.22140774047678827       -1.3107781687522871E-004
   498.00000000000000       0.10182132081450496        1.1586334681775922E-005
   499.00000000000000       0.29965318248927109        3.6096251543803312E-004
   500.00000000000000       0.12844966304682623        2.3610573123588883E-005
   501.00000000000000      -0.20094496910639248       -9.5885909624398720E-005
   502.00000000000000      -0.28286749818375095       -2.9595283434737639E-004
   503.00000000000000       -1.6426915834138866E-002  -4.7480684845726259E-008
   504.00000000000000       0.27024409789668546        2.5343392494138234E-004
   505.00000000000000       0.22409824368254300        1.3632652928589970E-004
   506.00000000000000       -9.8033936068728303E-002  -1.0321963994545335E-005
   507.00000000000000      -0.29943323834662283       -3.6004322324479119E-004
   508.00000000000000      -0.13206802981864024       -2.5721726691366475E-005
   509.00000000000000       0.19794446082928310        9.1380710460856523E-005
   510.00000000000000       0.28418009941923411        3.0067517529327927E-004
   511.00000000000000        2.0436103411009793E-002   9.1452851103710059E-008
   512.00000000000000      -0.26847580551636291       -2.4787994810321671E-004
   513.00000000000000      -0.22674857227548467       -1.4164800487720050E-004
   514.00000000000000        9.4228976637782777E-002   9.1499108796097812E-006
   515.00000000000000       0.29915961416938763        3.5890217578002153E-004
   516.00000000000000       0.13566272053797870        2.7945373820867393E-005
   517.00000000000000      -0.19490846668227479       -8.6980881349357357E-005
   518.00000000000000      -0.28544175510929631       -3.0526985771449925E-004
   519.00000000000000       -2.4441627434056246E-002  -1.5652394760862234E-007
   520.00000000000000       0.26665938294140562        2.4227337771135719E-004
   521.00000000000000       0.22935825117273845        1.4703753980789891E-004
   522.00000000000000       -9.0407124512480799E-002  -8.0673260908087431E-006
   523.00000000000000      -0.29883235902026589       -3.5754127114155491E-004
   524.00000000000000      -0.13923309065202455       -3.0282961762798378E-005
   525.00000000000000       0.19183753082888680        8.2688795768925925E-005
   526.00000000000000       0.28665223903037818        3.0972994981681300E-004
   527.00000000000000        2.8442769685218746E-002   2.4678956431182497E-007
   528.00000000000000      -0.26479515574256668       -2.3662166244988836E-004
   529.00000000000000      -0.23192681257595904       -1.5249021427469984E-004
   530.00000000000000        8.6569064977244856E-002   7.0712514557015154E-006
   531.00000000000000       0.29845153155560056        3.5596276862372980E-004
   532.00000000000000       0.14277850021713090        3.2735771681293543E-005
   533.00000000000000      -0.18873220390907963       -7.8506596968623023E-005
   534.00000000000000      -0.28781133419885219       -3.1404866489107995E-004
   535.00000000000000       -3.2438813010397791E-002  -3.6631931067171814E-007
   536.00000000000000       0.26288345818862929        2.3093220356251940E-004
   537.00000000000000       0.23445379592438692        1.5800089673922153E-004
   538.00000000000000       -8.2715485955662055E-002  -6.1586247663605871E-006
   539.00000000000000      -0.29801720006038029       -3.5416928281703611E-004
   540.00000000000000      -0.14629831351693121       -3.5304913360324065E-005
   541.00000000000000       0.18559304251339440        7.4436198817659117E-005
   542.00000000000000       0.28891883284008707        3.1821937722299244E-004
   543.00000000000000        3.6429040891488372E-002   5.1915247135974623E-007
   544.00000000000000      -0.26092463292718054       -2.2521234003551794E-004
   545.00000000000000      -0.23693874828824507       -1.6356424969833107E-004
   546.00000000000000        7.8847078421006037E-002   5.3262849217681564E-006
   547.00000000000000       0.29752944239197343        3.5216377640133473E-004
   548.00000000000000       0.14979189966944756        3.7991320650834304E-005
   549.00000000000000      -0.18242060951510133       -7.0479288198532395E-005
   550.00000000000000      -0.28997453637194459       -3.2223563785226860E-004
   551.00000000000000       -4.0412738130653672E-002  -7.0929366288410304E-007
   552.00000000000000       0.25891903118908810        2.1946933580691810E-004
   553.00000000000000       0.23938122409845070        1.6917473461791356E-004
   554.00000000000000       -7.4964535736358626E-002  -4.5709767628466858E-006
   555.00000000000000      -0.29698834598185525       -3.4994955228174920E-004
   556.00000000000000      -0.15325863225060846       -4.0795746307283447E-005
   557.00000000000000       0.17921547353265668        6.6637326595972169E-005
   558.00000000000000       0.29097825557293044        3.2609119078871450E-004
   559.00000000000000        4.4389190423526938E-002   9.4070841929729861E-007
   560.00000000000000      -0.25686701245307525       -2.1371036586769921E-004
   561.00000000000000      -0.24178078557213331       -1.7482661900864794E-004
   562.00000000000000        7.1068554068377823E-002   3.8893561068026978E-006
   563.00000000000000       0.29639400785234088        3.4753024491755420E-004
   564.00000000000000       0.15669788989248284        4.3718757658428886E-005
   565.00000000000000      -0.17597820926902880       -6.2911553124975043E-005
   566.00000000000000      -0.29192981046927524       -3.2977998786265072E-004
   567.00000000000000       -4.8357685041371209E-002  -1.2173187906939546E-006
   568.00000000000000       0.25476894466024191        2.0794250445983515E-004
   569.00000000000000       0.24413700245138528        1.8051398255519862E-004
   570.00000000000000       -6.7159831722459790E-002  -3.2779945141089691E-006
   571.00000000000000      -0.29574653453101651       -3.4490981040294518E-004
   572.00000000000000      -0.16010905591247546       -4.6760731632703240E-005
   573.00000000000000       0.17270939696285756        5.9302986775975800E-005
   574.00000000000000       0.29282903050680931        3.3329620430721575E-004
   575.00000000000000        5.2317510405754476E-002   1.5429988439372638E-006
   576.00000000000000      -0.25262520390035420       -2.0217271230175412E-004
   577.00000000000000      -0.24644945241415742       -1.8623072542058077E-004
   578.00000000000000        6.3239069559456268E-002   2.7333842085639264E-006
   579.00000000000000       0.29504604211431040        3.4209251636376837E-004
   580.00000000000000       0.16349151890225805        4.9921850715246131E-005
   581.00000000000000      -0.16940962273471491       -5.5812429993811072E-005
   582.00000000000000      -0.29367575444918326       -3.3663425287465290E-004
   583.00000000000000       -5.6267956768106225E-002  -1.9215701936015363E-006
   584.00000000000000       0.25043617444789096        1.9640782536023801E-004
   585.00000000000000       0.24871772082223631        1.9197057558371580E-004
   586.00000000000000       -5.9306970326353417E-002  -2.2519427687076585E-006
   587.00000000000000      -0.29429265615662092       -3.3908293039691640E-004
   588.00000000000000      -0.16684467236290787       -5.3202098226839304E-005
   589.00000000000000       0.16607947808552984        5.2440471554954284E-005
   590.00000000000000       0.29446983053184883        3.3978879848204865E-004
   591.00000000000000        6.0208315786171057E-002   2.3567974051491916E-006
   592.00000000000000      -0.24820224881091763       -1.9065454418589785E-004
   593.00000000000000      -0.25094140111722307       -1.9772709836999702E-004
   594.00000000000000        5.5364239075639907E-002   1.8300179321213384E-006
   595.00000000000000       0.29348651174524198        3.3588590855306336E-004
   596.00000000000000       0.17016791528411351        5.6601254635155506E-005
   597.00000000000000      -0.16271955995868870       -4.9187490327412714E-005
   598.00000000000000      -0.29521111637149239       -3.4275477137903456E-004
   599.00000000000000       -6.4137881200474589E-002  -2.8523834514505510E-006
   600.00000000000000       0.24592382739232616        1.8491942282384215E-004
   601.00000000000000       0.25312009457791729        2.0349370499220747E-004
   602.00000000000000       -5.1411582560798683E-002  -1.4638922140165184E-006
   603.00000000000000      -0.29262775337135449       -3.3250658234400276E-004
   604.00000000000000      -0.17346065178551864       -6.0118893157511556E-005
   605.00000000000000       0.15933047081066481        4.6053659214679847E-005
   606.00000000000000       0.29589947910201087        3.4552738064039359E-004
   607.00000000000000        6.8055948412859321E-002   3.4119650087545071E-006
   608.00000000000000      -0.24360131872877758       -1.7920885981429274E-004
   609.00000000000000      -0.25525341070109547       -2.0926366328575337E-004
   610.00000000000000        4.7449709313945425E-002   1.1497875690882425E-006
   611.00000000000000       0.29171653501625272        3.2895034599606551E-004
   612.00000000000000       0.17672229168578696        6.3754376499106848E-005
   613.00000000000000      -0.15591281809278681       -4.3038948750465388E-005
   614.00000000000000      -0.29653479529522314       -3.4810212618006914E-004
   615.00000000000000       -7.1961815091564935E-002  -4.0391078234431229E-006
   616.00000000000000       0.24123513910055000        1.7352908819394887E-004
   617.00000000000000       0.25734096696847597        2.1503010742844646E-004
   618.00000000000000       -4.3479329726254672E-002  -8.8386998948046027E-007
   619.00000000000000      -0.29075302000429204       -3.2522284222384016E-004
   620.00000000000000      -0.17995225015040830       -6.7506852854745648E-005
   621.00000000000000       0.15246721461373802        4.0143131703529320E-005
   622.00000000000000       0.29711695107874386        3.5047481088625759E-004
   623.00000000000000        7.5854781091198073E-002   4.7373019521124765E-006
   624.00000000000000      -0.23882571277995623       -1.6788616769291214E-004
   625.00000000000000      -0.25938238921202356       -2.2078604983831874E-004
   626.00000000000000        3.9501155438007883E-002   6.6225400971970741E-007
   627.00000000000000       0.28973738110035363        3.2132994845457971E-004
   628.00000000000000       0.18314994819489308        7.1375253082611725E-005
   629.00000000000000      -0.14899427795432543       -3.7365786992425782E-005
   630.00000000000000      -0.29764584206802941       -3.5264155129048668E-004
   631.00000000000000       -7.9734148376128480E-002  -5.5099569320303837E-006
   632.00000000000000       0.23637347162616407        1.6228597595629882E-004
   633.00000000000000       0.26137731139066239        2.2652439202698306E-004
   634.00000000000000       -3.5515899763268632E-002  -4.8100724225452646E-007
   635.00000000000000      -0.28866980034485440       -3.1727776158072039E-004
   636.00000000000000      -0.18631481261590171       -7.5358287525529311E-005
   637.00000000000000       0.14549463083602421        3.4706304570358615E-005
   638.00000000000000       0.29812137346606488        3.5459878815759233E-004
   639.00000000000000        8.3599221618877839E-002   6.3603970334780322E-006
   640.00000000000000      -0.23387885534291097       -1.5673420194981734E-004
   641.00000000000000      -0.26332537593984506       -2.3223793759636342E-004
   642.00000000000000        3.1524277008668673E-002   3.3615480401370876E-007
   643.00000000000000       0.28755046916238058        3.1307258336667220E-004
   644.00000000000000       0.18944627593143440        7.9454443081854778E-005
   645.00000000000000      -0.14196890052627947       -3.2163889651761931E-005
   646.00000000000000      -0.29854346000679383       -3.5634329563692365E-004
   647.00000000000000       -8.7449307785179425E-002  -7.2918562689968237E-006
   648.00000000000000       0.23134231105858710        1.5123633841121942E-004
   649.00000000000000       0.26522623355817371        2.3791940415866407E-004
   650.00000000000000       -2.7527002899674295E-002  -2.2368376180581091E-007
   651.00000000000000      -0.28637958817887743       -3.0872090440186423E-004
   652.00000000000000      -0.19254377686633178       -8.3661981289551932E-005
   653.00000000000000       0.13841771921283164        2.9737567810259104E-005
   654.00000000000000       0.29891202603654682        3.5787219014063904E-004
   655.00000000000000        9.1283716795824851E-002   8.3074735834044990E-006
   656.00000000000000      -0.22876429359306205       -1.4579767645829408E-004
   657.00000000000000      -0.26707954350917013       -2.4356143724838295E-004
   658.00000000000000        2.3524793897069438E-002   1.3954749684363740E-007
   659.00000000000000       0.28515736734137387        3.0422938890778189E-004
   660.00000000000000       0.19560676001733138        8.7978935678274285E-005
   661.00000000000000      -0.13484172339997802       -2.7426189452354586E-005
   662.00000000000000      -0.29922700546889497       -3.5918293782644139E-004
   663.00000000000000       -9.5101761114855424E-002  -9.4102877519951812E-006
   664.00000000000000       0.22614526502333243        1.4042329926160617E-004
   665.00000000000000       0.26888497357702024        2.4915662370841130E-004
   666.00000000000000       -1.9518367624507600E-002  -7.9670074115364844E-008
   667.00000000000000      -0.28388402571748328       -2.9960485811788689E-004
   668.00000000000000      -0.19863467638347662       -9.2403110624645772E-005
   669.00000000000000       0.13124155428841014        2.5228435067417270E-005
   670.00000000000000       0.29948834184368445        3.6027336160554324E-004
   671.00000000000000        9.8902756340214074E-002   1.0603232487921486E-005
   672.00000000000000      -0.22348569491267084       -1.3511807774022413E-004
   673.00000000000000      -0.27064220006580741       -2.5469750562724517E-004
   674.00000000000000        1.5508442183182192E-002   3.9950555640230772E-008
   675.00000000000000       0.28255979162613348        2.9485427470461148E-004
   676.00000000000000       0.20162698303849755        9.6932079391256806E-005
   677.00000000000000      -0.12761785722608210       -2.3142819924710375E-005
   678.00000000000000      -0.29969598831059108       -3.6114164690432366E-004
   679.00000000000000      -0.10268602119071493       -1.1889131369626502E-005
   680.00000000000000       0.22078606009513757        1.2988666588898426E-004
   681.00000000000000       0.27235090792452543        2.6017659507999313E-004
   682.00000000000000       -1.1495736580357350E-002  -1.6267310027717733E-008
   683.00000000000000      -0.28118490244386968       -2.8998472589821195E-004
   684.00000000000000      -0.20458314359821678       -1.0156318368991089E-004
   685.00000000000000       0.12397128171361080        2.1167699210648178E-005
   686.00000000000000       0.29984990764881253        3.6178634661817547E-004
   687.00000000000000       0.10645087716932551        1.3270692592720520E-005
   688.00000000000000      -0.21804684449407427       -1.2473349679099276E-004
   689.00000000000000      -0.27401079086048269       -2.6558638923519426E-004
   690.00000000000000        7.4809701125444278E-003   4.4822871383686691E-009
   691.00000000000000       0.27975960464998073        2.8500340741003673E-004
   692.00000000000000       0.20750262820637555        1.0629353298186655E-004
   693.00000000000000      -0.12030248173393471       -1.9301273345438742E-005
   694.00000000000000      -0.29995007225419773       -3.6220638495115435E-004
   695.00000000000000      -0.11019664947424758       -1.4750504126915463E-005
   696.00000000000000       0.21526853917444969        1.1966277964761912E-004
   697.00000000000000       0.27562155130295785        2.7091938532495976E-004
   698.00000000000000       -3.4648623757225312E-003  -4.4528499591544425E-010
   699.00000000000000      -0.27828415370843101       -2.7991760675990807E-004
   700.00000000000000      -0.21038491327773176       -1.1112000376307552E-004
   701.00000000000000       0.11661211487415032        1.7541592692056407E-005
   702.00000000000000       0.29999646417631376        3.6240106047053590E-004
   703.00000000000000       0.11392266659296491        1.6331028406430498E-005
   704.00000000000000      -0.21245164220892943       -1.1467849698844094E-004
   705.00000000000000      -0.27718290054096151       -2.7616809648267626E-004
   706.00000000000000       -5.5186637464402016E-004  -1.7991596310568993E-012
   707.00000000000000       0.27675881422905474        2.7473468760647670E-004
   708.00000000000000       0.21322948220112617        1.1603924087274843E-004
   709.00000000000000      -0.11290084271412267       -1.5886562979199232E-005
   710.00000000000000      -0.29998907509838280       -3.6237004791549421E-004
   711.00000000000000      -0.11762826068302737       -1.8014597282847114E-005
   712.00000000000000       0.20959665848863632        1.0978440233970951E-004
   713.00000000000000       0.27869455855951553        2.8132506683477970E-004
   714.00000000000000        4.5684961907594551E-003   1.0207259047818668E-009
   715.00000000000000      -0.27518385961224029       -2.6946207238971753E-004
   716.00000000000000      -0.21603582502467705       -1.2104765762973556E-004
   717.00000000000000       0.10916933058145402        1.4333950388582116E-005
   718.00000000000000       0.29992790634199790        3.6211339909504971E-004
   719.00000000000000       0.12131276717700624        1.9803406627181725E-005
   720.00000000000000      -0.20670410003111575       -1.0498401925740773E-004
   721.00000000000000      -0.28015625441565484       -2.8638288863061610E-004
   722.00000000000000       -8.5843070029092122E-003  -6.7726731160362020E-009
   723.00000000000000       0.27355957220342975        2.6410722687356607E-004
   724.00000000000000       0.21880343874495067        1.2614143745333308E-004
   725.00000000000000      -0.10541824730141987       -1.2881386668378655E-005
   726.00000000000000      -0.29981296887726594       -3.6163154279068919E-004
   727.00000000000000      -0.12497552567487070       -2.1699511519166037E-005
   728.00000000000000       0.20377448529280190        1.0028063916237901E-004
   729.00000000000000       0.28156772606807473        2.9133421771230172E-004
   730.00000000000000        1.2598578888203297E-002   2.1413995771012370E-008
   731.00000000000000      -0.27188624313301413       -2.5867764380116512E-004
   732.00000000000000      -0.22153182701348326       -1.3131653493708085E-004
   733.00000000000000       0.10164826559955614        1.1526374490061932E-005
   734.00000000000000       0.29964428330807696        3.6092528353701424E-004
   735.00000000000000       0.12861587954616513        2.3704820861580106E-005
   736.00000000000000      -0.20080833947191945       -9.5677321364305920E-005
   737.00000000000000      -0.28292872052572215       -2.9617179018916098E-004
   738.00000000000000       -1.6610592339122470E-002  -4.9091981809273765E-008
   739.00000000000000       0.27016417249862151        2.5318082790071878E-004
   740.00000000000000       0.22422050080327441        1.3656867922008634E-004
   741.00000000000000       -9.7860061198328269E-002  -1.0266292292146903E-005
   742.00000000000000      -0.29942187987504937       -3.5999579946387574E-004
   743.00000000000000      -0.13223317617695862       -2.5821092297987032E-005
   744.00000000000000       0.19780619421066750        9.1176892539640417E-005
   745.00000000000000       0.28423899370557959        3.0088843816396510E-004
   746.00000000000000        2.0619627834478484E-002   9.3940593254728152E-008
   747.00000000000000      -0.26839366896214861       -2.4762427927086262E-004
   748.00000000000000      -0.22686897811009238       -1.4189337612786521E-004
   749.00000000000000        9.4054313217144012E-002   9.0983996140273885E-006
   750.00000000000000       0.29914579843838190        3.5884463905092793E-004
   751.00000000000000       0.13582676721140058        2.8049927179465676E-005
   752.00000000000000      -0.19476858791878779       -8.6781947603710975E-005
   753.00000000000000      -0.28549831076041793       -3.0547710715768682E-004
   754.00000000000000       -2.4624966805581853E-002  -1.6007620372636620E-007
   755.00000000000000       0.26657504992550574        2.4201547896446417E-004
   756.00000000000000       0.22947678413581415        1.4728591174762497E-004
   757.00000000000000       -9.0231703787255965E-002  -8.0198421117290792E-006
   758.00000000000000      -0.29881608851098029       -3.5747371710140297E-004
   759.00000000000000      -0.13939600816887721       -3.0392765175070552E-005
   760.00000000000000       0.19169606505059181        8.2494849446376465E-005
   761.00000000000000       0.28670644592980776        3.0993087181406396E-004
   762.00000000000000        2.8625891206851651E-002   2.5159330957870353E-007
   763.00000000000000      -0.26470864135063238       -2.3636187378513706E-004
   764.00000000000000      -0.23204345146208688       -1.5274135658471016E-004
   765.00000000000000        8.6392918461819138E-002   7.0276567791134352E-006
   766.00000000000000       0.29843280919197135        3.5588530932759930E-004
   767.00000000000000       0.14294025930941556        3.2850879710204258E-005
   768.00000000000000      -0.18858917642374665       -7.8317730641630804E-005
   769.00000000000000      -0.28786318262880434       -3.1424295236454850E-004
   770.00000000000000       -3.2621683922986255E-002  -3.7256022816022695E-007
   771.00000000000000       0.26279477796235740        2.3067086264353799E-004
   772.00000000000000       0.23456851977850862        1.5825456934488716E-004
   773.00000000000000       -8.2538645295335222E-002  -6.1187767629415076E-006
   774.00000000000000      -0.29799602919264856       -3.5408204637050664E-004
   775.00000000000000      -0.14645888524762449       -3.5425372695331797E-005
   776.00000000000000       0.18544847890693131        7.4252494614040256E-005
   777.00000000000000       0.28896831352431041        3.1840673092326085E-004
   778.00000000000000        3.6611628341851034E-002   5.2701474733192873E-007
   779.00000000000000      -0.26083380279893270       -2.2494978136574360E-004
   780.00000000000000      -0.23705153650072944       -1.6382020320425172E-004
   781.00000000000000        7.8669575251499077E-002   5.2900365176604150E-006
   782.00000000000000       0.29750582679750881        3.5206690662365202E-004
   783.00000000000000       0.14995125531299228        3.8117169806751506E-005
   784.00000000000000      -0.18227453575808036       -7.0300818028070345E-005
   785.00000000000000      -0.29002164042030676       -3.2241576686833147E-004
   786.00000000000000       -4.0595009316739969E-002  -7.1895978875686560E-007
   787.00000000000000       0.25882606740851966        2.1920588991811163E-004
   788.00000000000000       0.23949205649309480        1.6943271077968772E-004
   789.00000000000000       -7.4786401811385100E-002  -4.5381767017900032E-006
   790.00000000000000      -0.29696228992026774       -3.4984320855022214E-004
   791.00000000000000      -0.15341674317804277       -4.0927015306454383E-005
   792.00000000000000       0.17906791586804480        6.6464152109986505E-005
   793.00000000000000       0.29102297452398829        3.2626381341340708E-004
   794.00000000000000        4.4571112738528505E-002   9.5235899799433875E-007
   795.00000000000000      -0.25677193164984186       -2.1344635892971145E-004
   796.00000000000000      -0.24188964232106139       -1.7508635084480408E-004
   797.00000000000000        7.0889821389798949E-002   3.8598491960460439E-006
   798.00000000000000       0.29636551598580996        3.4741460142002234E-004
   799.00000000000000       0.15685472769936312        4.3855467905875442E-005
   800.00000000000000      -0.17582919409434816       -6.2743725709325267E-005
   801.00000000000000      -0.29197213632407437       -3.2994483241625397E-004
   802.00000000000000       -4.8539225940612156E-002  -1.2311323287238751E-006
   803.00000000000000       0.25467176391503443        2.0767825791745555E-004
   804.00000000000000       0.24424386399758541        1.8077519447905541E-004
   805.00000000000000       -6.6980532400136919E-002  -3.2516218168080384E-006
   806.00000000000000      -0.29571561197905966       -3.4478505590429179E-004
   807.00000000000000      -0.16026459254220343       -4.6902895816914015E-005
   808.00000000000000       0.17255895093521101        5.9140547825154102E-005
   809.00000000000000       0.29286895569260141        3.3345300967363970E-004
   810.00000000000000        5.2498637274946545E-002   1.5591515338183222E-006
   811.00000000000000      -0.25252594063497019       -2.0190854203420072E-004
   812.00000000000000      -0.24655429956050562       -1.8649313379432930E-004
   813.00000000000000        6.3059235668896846E-002   2.7099832460180561E-006
   814.00000000000000       0.29501269440968148        3.4195885353418290E-004
   815.00000000000000       0.16364572652997209        5.0069472512647659E-005
   816.00000000000000      -0.16925777288149951       -5.5655411176374126E-005
   817.00000000000000      -0.29371327179248696       -3.3678276904782411E-004
   818.00000000000000       -5.6448637067643248E-002  -1.9402357135223211E-006
   819.00000000000000       0.25033484649592275        1.9614404136678108E-004
   820.00000000000000       0.24882053481315658        1.9223388930576937E-004
   821.00000000000000       -5.9126634038271411E-002  -2.2313477626512099E-006
   822.00000000000000      -0.29425688926398946       -3.3894057536248013E-004
   823.00000000000000      -0.16699752328445666       -5.3355171992169198E-005
   824.00000000000000       0.16592625162918972        5.2288894782834264E-005
   825.00000000000000       0.29450493329350103        3.3992878733304243E-004
   826.00000000000000        6.0388517193892793E-002   2.3781467251677914E-006
   827.00000000000000      -0.24809887429996841       -1.9039144979664940E-004
   828.00000000000000      -0.25104216355924042       -1.9799101909169302E-004
   829.00000000000000        5.5183432787600455E-002   1.8120600331126697E-006
   830.00000000000000       0.29344833208933990        3.3573509044985533E-004
   831.00000000000000       0.17031938204006422        5.6759765321042979E-005
   832.00000000000000      -0.16256498442713616       -4.9041368043621059E-005
   833.00000000000000      -0.29524379827281333       -3.4288600736754655E-004
   834.00000000000000       -6.4317571479509769E-002  -2.8765846119267225E-006
   835.00000000000000       0.24581842481448823        1.8465731443944753E-004
   836.00000000000000       0.25321878736814990        2.0375792735843646E-004
   837.00000000000000       -5.1230338686327086E-002  -1.4483996893108151E-006
   838.00000000000000      -0.29258716781211913       -3.3234754263108783E-004
   839.00000000000000      -0.17361070728015629       -6.0282816263034368E-005
   840.00000000000000       0.15917457385681280        4.5912994402895662E-005
   841.00000000000000       0.29592973429547181        3.4564965127785094E-004
   842.00000000000000        6.8235095281341113E-002   3.4391828860347673E-006
   843.00000000000000      -0.24349390701909895       -1.7894802667008846E-004
   844.00000000000000      -0.25535001610997832       -2.0952787560409041E-004
   845.00000000000000        4.7268060413984014E-002   1.1365860275042786E-006
   846.00000000000000       0.29167355081506696        3.2878333771050878E-004
   847.00000000000000       0.17687090907473915        6.3923677792142037E-005
   848.00000000000000      -0.15575562760489195       -4.2903735241627705E-005
   849.00000000000000      -0.29656261834456532       -3.4821523249727970E-004
   850.00000000000000       -7.2140386433455661E-002  -4.0695039394340347E-006
   851.00000000000000       0.24112573755647820        1.7326981175210839E-004
   852.00000000000000       0.25743546771484571        2.1529399236594490E-004
   853.00000000000000       -4.3297308296569720E-002  -8.7278257443208255E-007
   854.00000000000000      -0.29070764484973283       -3.2504812944627118E-004
   855.00000000000000      -0.18009940273378175       -6.7681488083818389E-005
   856.00000000000000       0.15230875883090053        4.0013354468912872E-005
   857.00000000000000       0.29714233698640996        3.5057856806053057E-004
   858.00000000000000        7.6032744826056473E-002   4.7710342351158745E-006
   859.00000000000000      -0.23871434097336960       -1.6762872106707342E-004
   860.00000000000000      -0.25947476838955313       -2.2104928474200907E-004
   861.00000000000000        3.9318794040713402E-002   6.5310161948465022E-007
   862.00000000000000       0.28968962314330476        3.2114780578386913E-004
   863.00000000000000       0.18329560959233324        7.1555168022842982E-005
   864.00000000000000      -0.14883458534387414       -3.7241422235330736E-005
   865.00000000000000      -0.29766878629361987       -3.5273578920504600E-004
   866.00000000000000       -7.9911472667829622E-002  -5.5471795333328206E-006
   867.00000000000000       0.23626014947984195        1.6203062376008435E-004
   868.00000000000000       0.26146755240251401        2.2678664927089714E-004
   869.00000000000000       -3.5333231159801748E-002  -4.7360874002684390E-007
   870.00000000000000      -0.28861966816600071       -3.1708847332724696E-004
   871.00000000000000      -0.18645895665963624       -7.5543417715384328E-005
   872.00000000000000       0.14533372996623489        3.4587319844052759E-005
   873.00000000000000       0.29814187190403951        3.5468335175866175E-004
   874.00000000000000        8.3775874745179738E-002   6.4012600846141595E-006
   875.00000000000000      -0.23376360321469369       -1.5648120016605030E-004
   876.00000000000000      -0.26341346257485587       -2.3249888535406961E-004
   877.00000000000000        3.1341334015878422E-002   3.3032721167592357E-007
   878.00000000000000       0.28749797173091030        3.1287644270121642E-004
   879.00000000000000       0.18958887683577763        7.9644713914914028E-005
   880.00000000000000      -0.14180682018061763       -3.2050244176507904E-005
   881.00000000000000      -0.29856150897370598       -3.5641804529036505E-004
   882.00000000000000       -8.7625258009788709E-002  -7.3365056231365982E-006
   883.00000000000000       0.23122514965443780        1.5098593389912374E-004
   884.00000000000000       0.26531215005915026        2.3817870719552650E-004
   885.00000000000000       -2.7343818244779560E-002  -2.1924245843629827E-007
   886.00000000000000      -0.28632473488522658       -3.0851821277203689E-004
   887.00000000000000      -0.19268480912042804       -8.3857307779507914E-005
   888.00000000000000       0.13825448850890973        2.9629212774056004E-005
   889.00000000000000       0.29892762229077668        3.5793700208351946E-004
   890.00000000000000        9.1458932509235771E-002   8.3560506141833082E-006
   891.00000000000000      -0.22864524387300791       -1.4555010649696857E-004
   892.00000000000000      -0.26716327447367988       -2.4381875723988872E-004
   893.00000000000000        2.3341400350329587E-002   1.3630642535341890E-007
   894.00000000000000       0.28510016803920346        3.0402045546927981E-004
   895.00000000000000       0.19574619828392445        8.8179222219192019E-005
   896.00000000000000      -0.13467737166290511       -2.7323068140284572E-005
   897.00000000000000      -0.29924014622134376       -3.5923770454156597E-004
   898.00000000000000       -9.5276210972592534E-002  -9.4629291642808219E-006
   899.00000000000000       0.22602434828370691        1.4017879150416155E-004
   900.00000000000000       0.26896650402533623        2.4941162007418162E-004
   901.00000000000000       -1.9334798132833651E-002  -7.7441941079242934E-008
   902.00000000000000      -0.28382449068361876       -2.9938999885126022E-004
   903.00000000000000      -0.19877249561282864       -9.2608251061668259E-005
   904.00000000000000       0.13107611091989949        2.5130483013891374E-005
   905.00000000000000       0.29949902473858164        3.6031799202943378E-004
   906.00000000000000        9.9076409200142934E-002   1.0660070078374635E-005
   907.00000000000000      -0.22336293292232401       -1.3487685027538469E-004
   908.00000000000000      -0.27072151531992200       -2.5494983580111623E-004
   909.00000000000000        1.5324729725220618E-002   3.8547024869411421E-008
   910.00000000000000       0.28249793151184754        2.9463381150221171E-004
   911.00000000000000       0.20176315857642371        9.7141957126845401E-005
   912.00000000000000      -0.12745135175905128       -2.3049965194302096E-005
   913.00000000000000      -0.29970421143899362       -3.6117606672761969E-004
   914.00000000000000      -0.10285884565799437       -1.1950291638733565E-005
   915.00000000000000       0.22066147481597415        1.2964892649728558E-004
   916.00000000000000       0.27242799379640231        2.6042591576610683E-004
   917.00000000000000       -1.1311914020927481E-002  -1.5499198806244204E-008
   918.00000000000000      -0.28112072833895568       -2.8975898605467865E-004
   919.00000000000000      -0.20471765113435830       -1.0177767158212772E-004
   920.00000000000000       0.12380374425071802        2.1079862870844999E-005
   921.00000000000000       0.29985566952405429        3.6181049838268967E-004
   922.00000000000000       0.10662284239323651        1.3336296770266287E-005
   923.00000000000000      -0.21792045826076037       -1.2449944315528734E-004
   924.00000000000000      -0.27408563353077470       -2.6583235671234805E-004
   925.00000000000000        7.2970702662478720E-003   4.1597637618778823E-009
   926.00000000000000       0.27969312800854296        2.8477272261601540E-004
   927.00000000000000       0.20763544342300602        1.0651249275319986E-004
   928.00000000000000      -0.12013394218354673       -1.9218369277420733E-005
   929.00000000000000      -0.29995337184962273       -3.6222022836243368E-004
   930.00000000000000      -0.11036772462622108       -1.4820667764814608E-005
   931.00000000000000       0.21514037464451255        1.1943259912480198E-004
   932.00000000000000       0.27569413740954485        2.7116165643369236E-004
   933.00000000000000       -3.2809184899614350E-003  -3.7806382512768351E-010
   934.00000000000000      -0.27821538654883521       -2.7968231305164598E-004
   935.00000000000000      -0.21051601246696264       -1.1134328698247459E-004
   936.00000000000000       0.11644260345070849        1.7463528108092581E-005
   937.00000000000000       0.29999730090039656        3.6240457240246579E-004
   938.00000000000000       0.11409282113319827        1.6405861243159850E-005
   939.00000000000000      -0.21232172226000182       -1.1445236632717765E-004
   940.00000000000000      -0.27725321696094252       -2.7640632860857816E-004
   941.00000000000000       -7.3582146351551417E-004  -4.2646706842710926E-012
   942.00000000000000       0.27668776882889168        2.7449512356616146E-004
   943.00000000000000       0.21335884186052881        1.1626668833006318E-004
   944.00000000000000      -0.11273038967683760       -1.5813238532434506E-005
   945.00000000000000      -0.29998744879984413       -3.6236322249412868E-004
   946.00000000000000      -0.11779746384914346       -1.8094202779803531E-005
   947.00000000000000       0.20946500660905104        1.0956248828069350E-004
   948.00000000000000       0.27876259274227955        2.8155891974236479E-004
   949.00000000000000        4.7524295047238554E-003   1.1490480042984514E-009
   950.00000000000000      -0.27511054870796892       -2.6921857910261308E-004
   951.00000000000000      -0.21616342206054004       -1.2127909972213557E-004
   952.00000000000000       0.10899796661654787        1.4265260579745220E-005
   953.00000000000000       0.29992381731485768        3.6209624773566739E-004
   954.00000000000000       0.12148098876482988        1.9887882073228523E-005
   955.00000000000000      -0.20657073972375081       -1.0476647743980268E-004
   956.00000000000000      -0.28022199416457022       -2.8661202446596571E-004
   957.00000000000000       -8.7681857074913636E-003  -7.2173361988532802E-009
   958.00000000000000       0.27348400888022806        2.6386014682907829E-004
   959.00000000000000       0.21892925008890252        1.2637669355269922E-004
   960.00000000000000      -0.10524600326046223       -1.2817219957040660E-005
   961.00000000000000      -0.29980641785338052       -3.6160409413567404E-004
   962.00000000000000      -0.12514273552696231       -2.1788947567181948E-005
   963.00000000000000       0.20363944046544144        1.0006761477022303E-004
   964.00000000000000       0.28163115964596980        2.9155830210251491E-004
   965.00000000000000        1.2782369879398426E-002   2.2365161449197517E-008
   966.00000000000000      -0.27180844105203639       -2.5842732091681795E-004
   967.00000000000000      -0.22165583020798821       -1.3155541453874328E-004
   968.00000000000000       0.10147517223097967        1.1466613440075265E-005
   969.00000000000000       0.29963527146186220        3.6088758339836320E-004
   970.00000000000000       0.12878204781263322        2.3799301421269848E-005
   971.00000000000000      -0.20067163423049050       -9.5468948777593926E-005
   972.00000000000000      -0.28298983646438897       -2.9639049231151762E-004
   973.00000000000000       -1.6794262528847137E-002  -5.0739293466161783E-008
   974.00000000000000       0.27008414555026644        2.5292760568108006E-004
   975.00000000000000       0.22434267361801777        1.3681098135839950E-004
   976.00000000000000       -9.7686149532946923E-002  -1.0210813960168652E-005
   977.00000000000000      -0.29941040881332392       -3.5994791065725826E-004
   978.00000000000000      -0.13239827294150336       -2.5920694089454886E-005
   979.00000000000000       0.19766785327022146        9.0973295968978761E-005
   980.00000000000000       0.28429778109684728        3.0110143251869156E-004
   981.00000000000000        2.0803144435364816E-002   9.6472983850378791E-008
   982.00000000000000      -0.26831143149301645       -2.4736850085617357E-004
   983.00000000000000      -0.22698929873423629       -1.4213888988189982E-004
   984.00000000000000        9.3879614299787417E-002   9.0470756926887264E-006
   985.00000000000000       0.29913187023500842        3.5878664137111772E-004
   986.00000000000000       0.13599076275221619        2.8154719628171501E-005
   987.00000000000000      -0.19462863597621025       -8.6583240162635433E-005
   988.00000000000000      -0.28555475906534661       -3.0568407363843993E-004
   989.00000000000000       -2.4808296918221017E-002  -1.6368169742937247E-007
   990.00000000000000       0.26649061661432344        2.4175748606051079E-004
   991.00000000000000       0.22959523090647818        1.4753441585308743E-004
   992.00000000000000       -9.0056249201882890E-002  -7.9725393184656792E-006
   993.00000000000000      -0.29879970565422864       -3.5740570688837399E-004
   994.00000000000000      -0.13955887321153215       -3.0502810346941018E-005
   995.00000000000000       0.19155452719536320        8.2301133825243839E-005
   996.00000000000000       0.28676054506983317        3.1013149677898915E-004
   997.00000000000000        2.8809002104319730E-002   2.5645882944224982E-007
   998.00000000000000      -0.26462202746216668       -2.3610200677738624E-004
   999.00000000000000      -0.23216000305652423       -1.5299261999333468E-004
   1000.0000000000000        8.6216739529888564E-002   6.9842368539121407E-006
   1001.0000000000000       0.29841397461883090        3.5580739935154617E-004
   1002.0000000000000       0.14310196465674949        3.2966231852267849E-005
   1003.0000000000000      -0.18844607792095952       -7.8129098864952002E-005
   1004.0000000000000      -0.28791492286263248       -3.1443692891775573E-004
   1005.0000000000000       -3.2804542500515788E-002  -3.7887138346644044E-007
   1006.0000000000000       0.26270599895998131        2.3040945877047153E-004
   1007.0000000000000       0.23468315539225149        1.5850835183282895E-004
   1008.0000000000000       -8.2361773600816549E-002  -6.0790968543082859E-006
   1009.0000000000000      -0.29797474626342790       -3.5399436542547937E-004
   1010.0000000000000      -0.14661940203225571       -3.5546078177324126E-005
   1011.0000000000000       0.18530384562747992        7.4069028689218358E-005
   1012.0000000000000       0.28901768553882518        3.1859375997472295E-004
   1013.0000000000000        3.6794201957059416E-002   5.3495565665824385E-007
   1014.0000000000000      -0.26074287459824569       -2.2468717487139099E-004
   1015.0000000000000      -0.23716423558280914       -1.6407625505302889E-004
   1016.0000000000000        7.8492042367722670E-002   5.2539493443198312E-006
   1017.0000000000000       0.29748209935996595        3.5196959944873917E-004
   1018.0000000000000       0.15011055451496136        3.8243266532321204E-005
   1019.0000000000000      -0.18212839352203430       -7.0122589177963636E-005
   1020.0000000000000      -0.29006863540381611       -3.2259555813384823E-004
   1021.0000000000000       -4.0777265239269410E-002  -7.2871286474460822E-007
   1022.0000000000000       0.25873300623970352        2.1894241104631555E-004
   1023.0000000000000       0.23960279892377376        1.6969077343753614E-004
   1024.0000000000000       -7.4608239834664788E-002  -4.5055308883043564E-006
   1025.0000000000000      -0.29693612221195065       -3.4973643504386607E-004
   1026.0000000000000      -0.15357479636136465       -4.1058533045621401E-005
   1027.0000000000000       0.17892029087463154        6.6291221453342852E-005
   1028.0000000000000       0.29106758405160227        3.2643608568949862E-004
   1029.0000000000000        4.4753018433109866E-002   9.6410475790173307E-007
   1030.0000000000000      -0.25667675433750053       -2.1318233413735111E-004
   1031.0000000000000      -0.24199840807912595       -1.7534615644710614E-004
   1032.0000000000000        7.0711062124799134E-002   3.8304893324512321E-006
   1033.0000000000000       0.29633691269785889        3.4729853648077420E-004
   1034.0000000000000       0.15701150652950965        4.3992427716147183E-005
   1035.0000000000000      -0.17568011269537273       -6.2576144111758759E-005
   1036.0000000000000      -0.29201435243056645       -3.3010931454900894E-004
   1037.0000000000000       -4.8720748520367597E-002  -1.2450491548995246E-006
   1038.0000000000000       0.25457448745117106        2.0741400811037601E-004
   1039.0000000000000       0.24435063366850168        1.8103646735648872E-004
   1040.0000000000000       -6.6801207893408807E-002  -3.2253887902605705E-006
   1041.0000000000000      -0.29568457823924654       -3.4465988890177519E-004
   1042.0000000000000      -0.16042006903115047       -4.7045310036536599E-005
   1043.0000000000000       0.17240844008322032        5.8978356542786591E-005
   1044.0000000000000       0.29290877074568744        3.3360944073795233E-004
   1045.0000000000000        5.2679744336087644E-002   1.5754155215942093E-006
   1046.0000000000000      -0.25242658245854188       -2.0164438282868218E-004
   1047.0000000000000      -0.24665905400344917       -1.8675559004923271E-004
   1048.0000000000000        6.2879377931728306E-002   2.6867144154228557E-006
   1049.0000000000000       0.29497923575603929        3.4182478770899597E-004
   1050.0000000000000       0.16379987256899933        5.0217344127858246E-005
   1051.0000000000000      -0.16910585944570264       -5.5498641239364433E-005
   1052.0000000000000      -0.29375067868653953       -3.3693089975494724E-004
   1053.0000000000000       -5.6629296142724432E-002  -1.9590204280560560E-006
   1054.0000000000000       0.25023342441907981        1.9588028237604296E-004
   1055.0000000000000       0.24892325532654885        1.9249723759618103E-004
   1056.0000000000000       -5.8946275587288398E-002  -2.2108772467337755E-006
   1057.0000000000000      -0.29422101174553539       -3.3879782770210559E-004
   1058.0000000000000      -0.16715031135757172       -5.3508495093550199E-005
   1059.0000000000000       0.16577296284342927        5.2137567663159757E-005
   1060.0000000000000       0.29453992532250711        3.4006838016571570E-004
   1061.0000000000000        6.0568696032601524E-002   2.3996230170885232E-006
   1062.0000000000000      -0.24799540642625054       -1.9012839394385867E-004
   1063.0000000000000      -0.25114283157215656       -1.9825496024717331E-004
   1064.0000000000000        5.5002605819466199E-002   1.7942188196820312E-006
   1065.0000000000000       0.29341004211254557        3.3558389051469321E-004
   1066.0000000000000       0.17047078475662639        5.6918524486781954E-005
   1067.0000000000000      -0.16241034777181676       -4.8895495696770339E-005
   1068.0000000000000      -0.29527636918837064       -3.4301683741386923E-004
   1069.0000000000000       -6.4497237507167862E-002  -2.9009203402987842E-006
   1070.0000000000000       0.24571292984993609        1.8439525829629501E-004
   1071.0000000000000       0.25331738491166544        2.0402215602330413E-004
   1072.0000000000000       -5.1049075618274292E-002  -1.4330159191156699E-006
   1073.0000000000000      -0.29254647224130970       -3.3218813236910875E-004
   1074.0000000000000      -0.17376069761176058       -6.0446986616498986E-005
   1075.0000000000000       0.15901861693551592        4.5772579340003672E-005
   1076.0000000000000       0.29595987820905811        3.4577150641602287E-004
   1077.0000000000000        6.8414216425678992E-002   3.4665428023216352E-006
   1078.0000000000000      -0.24338640379747833       -1.7868725882490294E-004
   1079.0000000000000      -0.25544652550830327       -2.0979207990782297E-004
   1080.0000000000000        4.7086393741425918E-002   1.1234851874385789E-006
   1081.0000000000000       0.29163045691305556        3.2861597060914090E-004
   1082.0000000000000       0.17701945990451198        6.4093224337693480E-005
   1083.0000000000000      -0.15559837861319567       -4.2768771143256429E-005
   1084.0000000000000      -0.29659032987699446       -3.4832791454355433E-004
   1085.0000000000000       -7.2318930583047308E-002  -4.1000494062766100E-006
   1086.0000000000000       0.24101624535011881        1.7301061320328318E-004
   1087.0000000000000       0.25752987173819120        2.1555785482042837E-004
   1088.0000000000000       -4.3115270449026417E-002  -8.6178769805950788E-007
   1089.0000000000000      -0.29066216040750098       -3.2487307039731487E-004
   1090.0000000000000      -0.18024648754463138       -6.7856366300395867E-005
   1091.0000000000000       0.15215024584075079        3.9883825740607880E-005
   1092.0000000000000       0.29716761116977697        3.5068189289109254E-004
   1093.0000000000000        7.6210679972914891E-002   4.8049230242837942E-006
   1094.0000000000000      -0.23860287932649105       -1.6737136444998685E-004
   1095.0000000000000      -0.25956704997053931       -2.2131248196285641E-004
   1096.0000000000000        3.9136417928954795E-002   6.4403352719393165E-007
   1097.0000000000000       0.28964175628226002        3.2096532965498456E-004
   1098.0000000000000       0.18344120201605482        7.1735323222756357E-005
   1099.0000000000000      -0.14867483677222962       -3.7117304636814327E-005
   1100.0000000000000      -0.29769161861426519       -3.5282958741193326E-004
   1101.0000000000000       -8.0088767047773360E-002  -5.5845656336552808E-006
   1102.0000000000000       0.23614673854368567        1.6177537377882309E-004
   1103.0000000000000       0.26155769506935533        2.2704885372776205E-004
   1104.0000000000000       -3.5150549340542965E-002  -4.6628619387501360E-007
   1105.0000000000000      -0.28856942746733644       -3.1689886478457959E-004
   1106.0000000000000      -0.18660303059556840       -7.5728785038878539E-005
   1107.0000000000000       0.14517277432930706        3.4468580501208039E-005
   1108.0000000000000       0.29816225823408937        3.5476746881430322E-004
   1109.0000000000000        8.3952496305014265E-002   6.4422933655910813E-006
   1110.0000000000000      -0.23364826323606649       -1.5622831209869786E-004
   1111.0000000000000      -0.26350145016748594       -2.3275976514139086E-004
   1112.0000000000000        3.1158379238875204E-002   3.2456715199096141E-007
   1113.0000000000000       0.28744536616139232        3.1267999523052018E-004
   1114.0000000000000       0.18973140656369333        7.9835218358547793E-005
   1115.0000000000000      -0.14164468657770640       -3.1936842156252924E-005
   1116.0000000000000      -0.29857944567584155       -3.5649234238610268E-004
   1117.0000000000000       -8.7801175220844865E-002  -7.3813317804534324E-006
   1118.0000000000000       0.23110790131058134        1.5073565408537466E-004
   1119.0000000000000       0.26539796686897998        2.3843792702531768E-004
   1120.0000000000000       -2.7160623169596717E-002  -2.1486019360927320E-007
   1121.0000000000000      -0.28626977395545838       -3.0831522855848229E-004
   1122.0000000000000      -0.19282576887226230       -8.4052863515484745E-005
   1123.0000000000000       0.13809120588383761        2.9521098762538333E-005
   1124.0000000000000       0.29894310614944758        3.5800135621578711E-004
   1125.0000000000000        9.1634113834463432E-002   8.4048108294144437E-006
   1126.0000000000000      -0.22852610809277457       -1.4530267168821144E-004
   1127.0000000000000      -0.26724690504936705       -2.4407597846745816E-004
   1128.0000000000000        2.3157998096953125E-002   1.3311584506836094E-007
   1129.0000000000000       0.28504286156223879        3.0381124377316081E-004
   1130.0000000000000       0.19588556289779077        8.8379733377138425E-005
   1131.0000000000000      -0.13451296928769330       -2.7220185027154487E-005
   1132.0000000000000      -0.29925317447057692       -3.5929200895459058E-004
   1133.0000000000000       -9.5450625139304246E-002  -9.5157599446309811E-006
   1134.0000000000000       0.22590334660575098        1.3993442937578331E-004
   1135.0000000000000       0.26904793331237387        2.4966650173638400E-004
   1136.0000000000000       -1.9151221441056174E-002  -7.5255694968962385E-008
   1137.0000000000000      -0.28376484893291071       -2.9917487586590946E-004
   1138.0000000000000      -0.19891024010453823       -9.2813611080356612E-005
   1139.0000000000000       0.13091061814161301        2.5032765954838171E-005
   1140.0000000000000       0.29950959503105934        3.6036215637202441E-004
   1141.0000000000000        9.9250024675860180E-002   1.0717102865501094E-005
   1142.0000000000000      -0.22324008694843125       -1.3463577808707576E-004
   1143.0000000000000      -0.27080072878385808       -2.5520203565917315E-004
   1144.0000000000000        1.5141011505223574E-002   3.7176733284656937E-008
   1145.0000000000000       0.28243596513240043        2.9441309929173520E-004
   1146.0000000000000       0.20189925835555764        9.7352049006094280E-005
   1147.0000000000000      -0.12728479849726360       -2.2957342137528206E-005
   1148.0000000000000      -0.29971232187355523       -3.6121001740969016E-004
   1149.0000000000000      -0.10303163145077002       -1.2011652817299205E-005
   1150.0000000000000       0.22053680656900185        1.2941135165907649E-004
   1151.0000000000000       0.27250497723647177        2.6067509039703933E-004
   1152.0000000000000       -1.1128087068662130E-002  -1.4755645312151600E-008
   1153.0000000000000      -0.28105644848494665       -2.8953301230321131E-004
   1154.0000000000000      -0.20485208159532725       -1.0199236721053988E-004
   1155.0000000000000       0.12363616023812561        2.0992254343975672E-005
   1156.0000000000000       0.29986131865479504        3.6183417881143799E-004
   1157.0000000000000       0.10679476752739640        1.3402107274048622E-005
   1158.0000000000000      -0.21779398999417587       -1.2426556270236146E-004
   1159.0000000000000      -0.27416037320271275       -2.6607816258332842E-004
   1160.0000000000000        7.1131678159377931E-003   3.8530929386749880E-009
   1161.0000000000000       0.27962654625408034        2.8454181955633461E-004
   1162.0000000000000       0.20776818056956201        1.0673165385086927E-004
   1163.0000000000000      -0.11996535746328960       -1.9135688918446465E-005
   1164.0000000000000      -0.29995655866381099       -3.6223359900250276E-004
   1165.0000000000000      -0.11053875841025269       -1.4891042935564419E-005
   1166.0000000000000       0.21501212912525552        1.1920260011882009E-004
   1167.0000000000000       0.27576661980110562        2.7140374986242717E-004
   1168.0000000000000       -3.0969733705884543E-003  -3.1797281472841796E-010
   1169.0000000000000      -0.27814651478139601       -2.7944681635508448E-004
   1170.0000000000000      -0.21064703250303699       -1.1156676446862838E-004
   1171.0000000000000       0.11627304811654653        1.7385682767250192E-005
   1172.0000000000000       0.29999802482723242        3.6240761091918712E-004
   1173.0000000000000       0.11426293264576526        1.6480910381064227E-005
   1174.0000000000000      -0.21219172257761076       -1.1422642538004219E-004
   1175.0000000000000      -0.27732342913485197       -2.7664436760300608E-004
   1176.0000000000000       -9.1977627572115790E-004  -8.3294259753142520E-012
   1177.0000000000000       0.27661661939526322        2.7425537211281874E-004
   1178.0000000000000       0.21348812139602885        1.1649432268227673E-004
   1179.0000000000000      -0.11255989438281694       -1.5740128744521881E-005
   1180.0000000000000      -0.29998570970844829       -3.6235592380537993E-004
   1181.0000000000000      -0.11796662272389664       -1.8174029227960251E-005
   1182.0000000000000       0.20933327597148307        1.0934077113129549E-004
   1183.0000000000000       0.27883052211145293        2.8179256398424928E-004
   1184.0000000000000        4.9363611714737408E-003   1.2876972333792413E-009
   1185.0000000000000      -0.27503713430746934       -2.6897491388156526E-004
   1186.0000000000000      -0.21629093772291383       -1.2151072033351725E-004
   1187.0000000000000       0.10882656179897418        1.4196780445820713E-005
   1188.0000000000000       0.29991961551759327        3.6207862403952616E-004
   1189.0000000000000       0.12164916467630031        1.9972582767609592E-005
   1190.0000000000000      -0.20643730174663563       -1.0454913941314808E-004
   1191.0000000000000      -0.28028762860096956       -2.8684093641044274E-004
   1192.0000000000000       -8.9520609756304961E-003  -7.6810432259513789E-009
   1193.0000000000000       0.27340834278550630        2.6361291094294318E-004
   1194.0000000000000       0.21905497911635491        1.2661211984076032E-004
   1195.0000000000000      -0.10507371964743936       -1.2753257617420485E-005
   1196.0000000000000      -0.29979975410351262       -3.6157617486766241E-004
   1197.0000000000000      -0.12530989845282686       -2.1878612921888783E-005
   1198.0000000000000       0.20350431896784507        9.9854800401525111E-005
   1199.0000000000000       0.28169448728349228        2.9178214702847011E-004
   1200.0000000000000        1.2966155924899801E-002   2.3344068519065280E-008
