   1.0000000000000000        0.0000000000000000        0.0000000000000000     
   2.0000000000000000      -0.10022902779739619       -1.1042608359189861E-005
   3.0000000000000000      -0.18893949154482820       -7.8780901256639740E-005
   4.0000000000000000      -0.25593656863405323       -2.1113755601052654E-004
   5.0000000000000000      -0.29352079174976015       -3.3602136795802813E-004
   6.0000000000000000      -0.29737289040928705       -3.5152200530775668E-004
   7.0000000000000000      -0.26705017205078829       -2.4347122334384829E-004
   8.0000000000000000      -0.20603739733885867       -1.0389976876658816E-004
   9.0000000000000000      -0.12134630298139254       -1.9820227430052923E-005
   10.000000000000000       -2.2709795865446487E-002  -1.2552925869988940E-007
   11.000000000000000        7.8536576318466958E-002   5.2629860782459656E-006
   12.000000000000000       0.17075733382095709        5.7219861463888840E-005
   13.000000000000000       0.24335424252624577        1.7860930190542463E-004
   14.000000000000000       0.28798428882786525        3.1469713336785865E-004
   15.000000000000000       0.29951847907640777        3.6039927865071336E-004
   16.000000000000000       0.27663127603049836        2.7430474704591575E-004
   17.000000000000000       0.22195293281990272        1.3212906354340942E-004
   18.000000000000000       0.14176721785270441        3.2022518991893121E-005
   19.000000000000000        4.5289268843955711E-002   9.9929470752370424E-007
   20.000000000000000       -5.6393433276925961E-002  -1.9345199200112750E-006
   21.000000000000000      -0.15159526466115963       -3.9432645142794124E-005
   22.000000000000000      -0.22937539891461067       -1.4707345153159286E-004
   23.000000000000000      -0.28079515352917089       -2.8861585945998657E-004
   24.000000000000000      -0.29994524503307268       -3.6218613316649781E-004
   25.000000000000000      -0.28462489825902798       -3.0228878643217682E-004
   26.000000000000000      -0.23659476478011171       -1.6278549398400052E-004
   27.000000000000000      -0.16137458454561088       -4.7926340125373668E-005
   28.000000000000000       -6.7608843917852213E-002  -3.3446702932636835E-006
   29.000000000000000        3.3926669755813238E-002   4.1917143290555278E-007
   30.000000000000000       0.13156324789397406        2.5419654009123081E-005
   31.000000000000000       0.21408025706955910        1.1754114737043085E-004
   32.000000000000000       0.27199464157077868        2.5902672229436373E-004
   33.000000000000000       0.29865073923174346        3.5678777542168439E-004
   34.000000000000000       0.29098516637662192        3.2611786292310830E-004
   35.000000000000000       0.24987886930772138        1.9496034369889616E-004
   36.000000000000000       0.18005588383302901        6.7629807780515558E-005
   37.000000000000000        8.9540437541741805E-002   7.8345743045207723E-006
   38.000000000000000       -1.1265213976176058E-002  -1.5307991037093579E-008
   39.000000000000000      -0.11077623965165721       -1.4989138851527942E-005
   40.000000000000000      -0.19755658999676548       -9.0809789546619806E-005
   41.000000000000000      -0.26163325574254243       -2.2726882204177382E-004
   42.000000000000000      -0.29564239034907486       -3.4448979230196006E-004
   43.000000000000000      -0.29567558122196258       -3.4462360838813957E-004
   44.000000000000000      -0.26172901398096754       -2.2754782387771571E-004
   45.000000000000000      -0.19770391083873273       -9.1026330074843846E-005
   46.000000000000000      -0.11095819262283717       -1.5064597101137355E-005
   47.000000000000000       -1.1460888589127751E-002  -1.6119789688814346E-008
   48.000000000000000        8.9353528673789928E-002   7.7849846384239624E-006
   49.000000000000000       0.17989922074124853        6.7443998772014446E-005
   50.000000000000000       0.24977045610111381        1.9467970892141540E-004
   51.000000000000000       0.29093746215589195        3.2593378442653993E-004
   52.000000000000000       0.29866922628616316        3.5686441570873830E-004
   53.000000000000000       0.27207719532088670        2.5929281777104256E-004
   54.000000000000000       0.21421739024339476        1.1778456716042250E-004
   55.000000000000000       0.13173920080159285        2.5524667027544406E-005
   56.000000000000000        3.4121221470870731E-002   4.2643761613874440E-007
   57.000000000000000       -6.7418051756334585E-002  -3.3162281672018771E-006
   58.000000000000000      -0.16120947824131984       -4.7773117458138456E-005
   59.000000000000000      -0.23647431874482450       -1.6251347192166454E-004
   60.000000000000000      -0.28456295444961188       -3.0206366374260958E-004
   61.000000000000000      -0.29994892218048380       -3.6220155993057807E-004
   62.000000000000000      -0.28086402904790386       -2.8885739327425789E-004
   63.000000000000000      -0.22950155745952858       -1.4733786089463492E-004
   64.000000000000000      -0.15176420779400007       -3.9569608324829637E-005
   65.000000000000000       -5.6585745631379240E-002  -1.9544809726852531E-006
   66.000000000000000        4.5095688272720820E-002   9.8649399071851286E-007
   67.000000000000000       0.14159461580354496        3.1901877564526579E-005
   68.000000000000000       0.22182114515236911        1.3187437800952123E-004
   69.000000000000000       0.27655544810224492        2.7404937453717434E-004
   70.000000000000000       0.29950732521411388        3.6035267235598402E-004
   71.000000000000000       0.28803909086295748        3.1490282595173099E-004
   72.000000000000000       0.24346870247241947        1.7888686283381409E-004
   73.000000000000000       0.17091829767254216        5.7389629452008036E-005
   74.000000000000000        7.8725545704807831E-002   5.3014483214107119E-006
   75.000000000000000       -2.2514537765562025E-002  -1.2231653490659591E-007
   76.000000000000000      -0.12116719569028947       -1.9730505394968601E-005
   77.000000000000000      -0.20589502431761952       -1.0366929549649495E-004
   78.000000000000000      -0.26696089515135707       -2.4319716952957821E-004
   79.000000000000000      -0.29734696954502277       -3.5141583494648662E-004
   80.000000000000000      -0.29356120581338713       -3.3618112211329074E-004
   81.000000000000000      -0.25603867313935558       -2.1141872580778654E-004
   82.000000000000000      -0.18909155240333300       -7.8982563178117961E-005
   83.000000000000000      -0.10041356979342576       -1.1104712538858990E-005
   84.000000000000000       -1.9581511651244483E-004  -8.0372276153914118E-014
   85.000000000000000       0.10004444309417025        1.0980727387140475E-005
   86.000000000000000       0.18878735019484968        7.8579504790540660E-005
   87.000000000000000       0.25583435508963770        2.1085637252183997E-004
   88.000000000000000       0.29348025263328792        3.3586117999087563E-004
   89.000000000000000       0.29739868458033647        3.5162768209871434E-004
   90.000000000000000       0.26713933517627120        2.4374516612125729E-004
   91.000000000000000       0.20617968258475952        1.0413047432550136E-004
   92.000000000000000       0.12152535857016819        1.9910204518760069E-005
   93.000000000000000        2.2905044290058619E-002   1.2879765866237269E-007
   94.000000000000000       -7.8347573464004935E-002  -5.2247062847761859E-006
   95.000000000000000      -0.17059629722356887       -5.7050374856469471E-005
   96.000000000000000      -0.24323967890152806       -1.7833181572225228E-004
   97.000000000000000      -0.28792936409760472       -3.1449108664120232E-004
   98.000000000000000      -0.29952950533171019       -3.6044535646968031E-004
   99.000000000000000      -0.27670698610287386       -2.7455990784159325E-004
   100.00000000000000      -0.22208462592082365       -1.3238393058098981E-004
   101.00000000000000      -0.14193975950340976       -3.2143436199806385E-005
   102.00000000000000       -4.5482830120168669E-002  -1.0122049364304888E-006
   103.00000000000000        5.6201096905212480E-002   1.9146938030898839E-006
   104.00000000000000       0.15142625694272760        3.9295963219781648E-005
   105.00000000000000       0.22924914264668972        1.4680919217965215E-004
   106.00000000000000       0.28072615838365700        2.8837406479973913E-004
   107.00000000000000       0.29994144009709811        3.6217017084241545E-004
   108.00000000000000       0.28468672080696650        3.0251359995096106E-004
   109.00000000000000       0.23671511001129183        1.6305762994374488E-004
   110.00000000000000       0.16153962210529585        4.8079846023828344E-005
   111.00000000000000        6.7799607275323789E-002   3.3732720315001749E-006
   112.00000000000000       -3.3732103595326086E-002  -4.1198795850586949E-007
   113.00000000000000      -0.13138723892735260       -2.5314907842264223E-005
   114.00000000000000      -0.21394303269516907       -1.1729793688938453E-004
   115.00000000000000      -0.27191197194018263       -2.5876046590183883E-004
   116.00000000000000      -0.29863212493944968       -3.5671062091662198E-004
   117.00000000000000      -0.29103274662401829       -3.2630154497886984E-004
   118.00000000000000      -0.24998717605603563       -1.9524101003490246E-004
   119.00000000000000      -0.18021247019990552       -6.7815892213999039E-005
   120.00000000000000       -8.9727308270249592E-002  -7.8843679564389906E-006
   121.00000000000000        1.1069534546346713E-002   1.4523904591951236E-008
   122.00000000000000       0.11059423948540834        1.4913920848546755E-005
   123.00000000000000       0.19740918499443474        9.0593500236552219E-005
   124.00000000000000       0.26153738603798993        2.2698975905472530E-004
   125.00000000000000       0.29560907352378718        3.4435550996112294E-004
   126.00000000000000       0.29570864612680442        3.4475695769700372E-004
   127.00000000000000       0.26182466072099292        2.2782676374684841E-004
   128.00000000000000       0.19785114745099749        9.1243121526002362E-005
   129.00000000000000       0.11114009831331903        1.5140295869121452E-005
   130.00000000000000        1.1656558319287058E-002   1.6959780882200018E-008
   131.00000000000000       -8.9166581754366259E-002  -7.7355986084438581E-006
   132.00000000000000      -0.17974248102624088       -6.7258465366661980E-005
   133.00000000000000      -0.24966193647271889       -1.9439910644078733E-004
   134.00000000000000      -0.29088963398427115       -3.2574931018596650E-004
   135.00000000000000      -0.29868758609648116       -3.5694054148284005E-004
   136.00000000000000      -0.27215963315533542       -2.5955875146225067E-004
   137.00000000000000      -0.21435443213991420       -1.1802819578921184E-004
   138.00000000000000      -0.13191509757525352       -2.5629947076803850E-005
   139.00000000000000       -3.4315758661946819E-002  -4.3378697281602910E-007
   140.00000000000000        6.7227230867801344E-002   3.2879452426312084E-006
   141.00000000000000       0.16104430324804078        4.7620178006801243E-005
   142.00000000000000       0.23635377196479737        1.6224156442430082E-004
   143.00000000000000       0.28450088940510870        3.0183823268829004E-004
   144.00000000000000       0.29995247153729870        3.6221645107144425E-004
   145.00000000000000       0.28093278491202767        2.8909866540583531E-004
   146.00000000000000       0.22962761823893227        1.4760241970925947E-004
   147.00000000000000       0.15193308626174382        3.9706852824592950E-005
   148.00000000000000        5.6778033873776362E-002   1.9745773920696573E-006
   149.00000000000000       -4.4902088488936960E-002  -9.7380233542917677E-007
   150.00000000000000      -0.14142195345256720       -3.1781511808966606E-005
   151.00000000000000      -0.22168926297141558       -1.3161987448488671E-004
   152.00000000000000      -0.27647950234364127       -2.7379379115596175E-004
   153.00000000000000      -0.29949604375045730       -3.6030553777369417E-004
   154.00000000000000      -0.28809377018076776       -3.1510816364330586E-004
   155.00000000000000      -0.24358305869128472       -1.7916449779675184E-004
   156.00000000000000      -0.17107918868284608       -5.7559678725899318E-005
   157.00000000000000       -7.8914481563582758E-002  -5.3400934015463049E-006
   158.00000000000000        2.2319270056179005E-002   1.1915901258634047E-007
   159.00000000000000       0.12098803678714416        1.9641038190477433E-005
   160.00000000000000       0.20575256358091312        1.0343905487499022E-004
   161.00000000000000       0.26687150451601299        2.4292300554005673E-004
   162.00000000000000       0.29732092200294447        3.5130917144724985E-004
   163.00000000000000       0.29360149481077485        3.3634044186369382E-004
   164.00000000000000       0.25614066857113510        2.1169988113103991E-004
   165.00000000000000       0.18924353269244723        7.9184490326632791E-005
   166.00000000000000       0.10059806900389769        1.1167040241752782E-005
   167.00000000000000        3.9163014959989580E-004   6.4297797547938256E-013
   168.00000000000000       -9.9859815795574638E-002  -1.0919069317595177E-005
   169.00000000000000      -0.18863512840506841       -7.8378373972057722E-005
   170.00000000000000      -0.25573203254052634       -2.1057517612363424E-004
   171.00000000000000      -0.29343958848508805       -3.3570055883661465E-004
   172.00000000000000      -0.29742435204690471       -3.5173286490557647E-004
   173.00000000000000      -0.26722838448981878       -2.4401899699994097E-004
   174.00000000000000      -0.20632187996854795       -1.0436141176837290E-004
   175.00000000000000      -0.12170436239430080       -2.0000436897314311E-005
   176.00000000000000       -2.3100282973625309E-002  -1.3212220937388009E-007
   177.00000000000000        7.8158537243014095E-002   5.1866085617789040E-006
   178.00000000000000       0.17043518795078660        5.6881169696912541E-005
   179.00000000000000       0.24312501164707503        1.7805440499397702E-004
   180.00000000000000       0.28787431670661717        3.1428468656831263E-004
   181.00000000000000       0.29954040397617754        3.6049090563399161E-004
   182.00000000000000       0.27678257829385167        2.7481485608377013E-004
   183.00000000000000       0.22221622441956801        1.3263897864959357E-004
   184.00000000000000       0.14211224067446207        3.2264629306692309E-005
   185.00000000000000        4.5676372018894892E-002   1.0252251277478426E-006
   186.00000000000000       -5.6008736585318443E-002  -1.8950021879523971E-006
   187.00000000000000      -0.15125718470316782       -3.9159562483823945E-005
   188.00000000000000      -0.22912278869828362       -1.4654508339718915E-004
   189.00000000000000      -0.28065704362997745       -2.8813201009830514E-004
   190.00000000000000      -0.29993750737435942       -3.6215367302245871E-004
   191.00000000000000      -0.28474842206708856       -3.0273810349368941E-004
   192.00000000000000      -0.23683535439514555       -1.6332987916862902E-004
   193.00000000000000      -0.16170459085005304       -4.8233635154064974E-005
   194.00000000000000       -6.7990341760232512E-002  -3.4020337934705038E-006
   195.00000000000000        3.3537523041936627E-002   4.0488672718713314E-007
   196.00000000000000       0.13121117399241131        2.5210428356090749E-005
   197.00000000000000       0.21380571717257513        1.1705493614270373E-004
   198.00000000000000       0.27182918646431892        2.5849404946307123E-004
   199.00000000000000       0.29861338342054916        3.5663295251114153E-004
   200.00000000000000       0.29108020288416647        3.2648482993101425E-004
   201.00000000000000       0.25009537630955786        1.9552170719027762E-004
   202.00000000000000       0.18036897981007077        6.8002251975963563E-005
   203.00000000000000        8.9914140738045031E-002   7.9343659343314026E-006
   204.00000000000000       -1.0873850435358110E-002  -1.3767050225750906E-008
   205.00000000000000      -0.11041219222598467       -1.4838942826337430E-005
   206.00000000000000      -0.19726169587481746       -9.0377462400002123E-005
   207.00000000000000      -0.26144140489958995       -2.2671063573177552E-004
   208.00000000000000      -0.29557563075285748       -3.4422076185394631E-004
   209.00000000000000      -0.29574158504216713       -3.4488983968400757E-004
   210.00000000000000      -0.26192019589629562       -2.2810564073351221E-004
   211.00000000000000      -0.19799829975115285       -9.1460163584152417E-005
   212.00000000000000      -0.11132195666993355       -1.5216235440005902E-005
   213.00000000000000       -1.1852223100739596E-002  -1.7828444894102537E-008
   214.00000000000000        8.8979596821436441E-002   7.6864158511284659E-006
   215.00000000000000       0.17958566470585649        6.7073207642080992E-005
   216.00000000000000       0.24955331049781712        1.9411853709458638E-004
   217.00000000000000       0.29084168188855886        3.2556444091601342E-004
   218.00000000000000       0.29870581865485846        3.5701615244413635E-004
   219.00000000000000       0.27224195504633919        2.5982452252204806E-004
   220.00000000000000       0.21449138273127863        1.1827203287225621E-004
   221.00000000000000       0.13209093817138162        2.5735494354118198E-005
   222.00000000000000        3.4510281198455471E-002   4.4121996534946119E-007
   223.00000000000000       -6.7036381363334188E-002  -3.2598211134618637E-006
   224.00000000000000      -0.16087905963613561       -4.7467521768610710E-005
   225.00000000000000      -0.23623312447794045       -1.6196977210987027E-004
   226.00000000000000      -0.28443870314640951       -3.0161249405585768E-004
   227.00000000000000      -0.29995589310310444       -3.6223080653457687E-004
   228.00000000000000      -0.28100142107540804       -2.8933967495403570E-004
   229.00000000000000      -0.22975358116540273       -1.4786712732035902E-004
   230.00000000000000      -0.15210190001502791       -3.9844378724228241E-005
   231.00000000000000       -5.6970297943627214E-002  -1.9948096123577008E-006
   232.00000000000000        4.4708469557818008E-002   9.6121928967754842E-007
   233.00000000000000       0.14124923081943647        3.1661421561854578E-005
   234.00000000000000       0.22155728636558761        1.3136555354183752E-004
   235.00000000000000       0.27640343880737700        2.7353799783431238E-004
   236.00000000000000       0.29948463468860309        3.6025787508360812E-004
   237.00000000000000       0.28814832675436386        3.1531314567579023E-004
   238.00000000000000       0.24369731112393719        1.7944220605782253E-004
   239.00000000000000       0.17124000686400639        5.7730009303266387E-005
   240.00000000000000        7.9103383801657559E-002   5.3789216985676739E-006
   241.00000000000000       -2.2123992837901424E-002  -1.1605621747564261E-007
   242.00000000000000      -0.12080882632232033       -1.9551825572785031E-005
   243.00000000000000      -0.20561001517275096       -1.0320904723490959E-004
   244.00000000000000      -0.26678200017485332       -2.4264873221217570E-004
   245.00000000000000      -0.29729474778572268       -3.5120201519189592E-004
   246.00000000000000      -0.29364165871512482       -3.3649932656452068E-004
   247.00000000000000      -0.25624255485866509       -2.1198102109674997E-004
   248.00000000000000      -0.18939543234278020       -7.9386682483741506E-005
   249.00000000000000      -0.10078252533916121       -1.1229591778972429E-005
   250.00000000000000       -5.8744499837512997E-004  -2.1700491597017998E-012
   251.00000000000000        9.9675145886869584E-002   1.0857633802578113E-005
   252.00000000000000       0.18848282624923829        7.8177509021324027E-005
   253.00000000000000       0.25562960103942289        2.1029396764729445E-004
   254.00000000000000       0.29339879931636043        3.3553950508211398E-004
   255.00000000000000       0.29744989280119322        3.5183755333041396E-004
   256.00000000000000       0.26731731996141855        2.4429271514218919E-004
   257.00000000000000       0.20646398947639910        1.0459258080745365E-004
   258.00000000000000       0.12188331433563401        2.0090924772912184E-005
   259.00000000000000        2.3295511780735800E-002   1.3550338408113954E-007
   260.00000000000000       -7.7969467740253595E-002  -5.1486925260779471E-006
   261.00000000000000      -0.17027400608024221       -5.6712246058700672E-005
   262.00000000000000      -0.24301024082197906       -1.7777707045401730E-004
   263.00000000000000      -0.28781914666979291       -3.1407793387322138E-004
   264.00000000000000      -0.29955117500454848       -3.6053592596068350E-004
   265.00000000000000      -0.27685805256446971       -2.7506959088676450E-004
   266.00000000000000      -0.22234772824538424       -1.3289420720709571E-004
   267.00000000000000      -0.14228466131544565       -3.2386098451628731E-005
   268.00000000000000       -4.5869894474934864E-002  -1.0383557326832918E-006
   269.00000000000000        5.5816352386327310E-002   1.8754446403190525E-006
   270.00000000000000       0.15108804805221829        3.9023442898321576E-005
   271.00000000000000       0.22899633715704101        1.4628112583556878E-004
   272.00000000000000       0.28058780931762101        2.8788969626890651E-004
   273.00000000000000       0.29993344686673301        3.6213663977297818E-004
   274.00000000000000       0.28481000200762080        3.0296229623587350E-004
   275.00000000000000       0.23695549786705011        1.6360224097672376E-004
   276.00000000000000       0.16186949070223886        4.8387707508635509E-005
   277.00000000000000        6.8181047278558116E-002   3.4309559864712977E-006
   278.00000000000000       -3.3342928200231749E-002  -3.9786727491117209E-007
   279.00000000000000      -0.13103505314060548       -2.5106215355521779E-005
   280.00000000000000      -0.21366831054802143       -1.1681214554372439E-004
   281.00000000000000      -0.27174628517105948       -2.5822747382386548E-004
   282.00000000000000      -0.29859451467716847       -3.5655477048672171E-004
   283.00000000000000      -0.29112753512416861       -3.2666771704447099E-004
   284.00000000000000      -0.25020346999325760       -1.9580243432489291E-004
   285.00000000000000      -0.18052541254800078       -6.8188886868970845E-005
   286.00000000000000       -9.0100934898862811E-002  -7.9845685977730032E-006
   287.00000000000000        1.0678161691679450E-002   1.3036947396520027E-008
   288.00000000000000       0.11023009786164008        1.4764204471594922E-005
   289.00000000000000       0.19711412271389134        9.0161676339237714E-005
   290.00000000000000       0.26134531237677866        2.2643145293742848E-004
   291.00000000000000       0.29554206205498201        3.4408554851832868E-004
   292.00000000000000       0.29577439796576699        3.4502225388333000E-004
   293.00000000000000       0.26201561950025226        2.2838445409567381E-004
   294.00000000000000       0.19814536772242969        9.1677456028855896E-005
   295.00000000000000       0.11150376756655513        1.5292416067080256E-005
   296.00000000000000        1.2047882797778428E-002   1.8726261616694221E-008
   297.00000000000000       -8.8792574013027883E-002  -7.6374360287833731E-006
   298.00000000000000      -0.17942877190284329       -6.6888225798625647E-005
   299.00000000000000      -0.24944457820334190       -1.9383800159442397E-004
   300.00000000000000      -0.29079360586562375       -3.2537917721700180E-004
   301.00000000000000      -0.29872392395270575       -3.5709124829142412E-004
   302.00000000000000      -0.27232416095146877       -2.6009013005706455E-004
   303.00000000000000      -0.21462824194080404       -1.1851607793681584E-004
   304.00000000000000      -0.13226672249152940       -2.5841309022916135E-005
   305.00000000000000       -3.4704789066910498E-002  -4.4873706041151069E-007
   306.00000000000000        6.6845503264672479E-002   3.2318553600270964E-006
   307.00000000000000       0.16071374751285852        4.7315148773624689E-005
   308.00000000000000       0.23611237636794488        1.6169809569822321E-004
   309.00000000000000       0.28437639571666129        3.0138644871327948E-004
   310.00000000000000       0.29995918687522283        3.6224462625785109E-004
   311.00000000000000       0.28106993752107695        2.8958042112085683E-004
   312.00000000000000       0.22987944625264678        1.4813198328410612E-004
   313.00000000000000       0.15227064896686790        3.9982186074212609E-005
   314.00000000000000        5.7162537741870835E-002   2.0151780633505500E-006
   315.00000000000000       -4.4514831579117196E-002  -9.4874440346475570E-007
   316.00000000000000      -0.14107644800852934       -3.1541606717890773E-005
   317.00000000000000      -0.22142521534403503       -1.3111141559834171E-004
   318.00000000000000      -0.27632725749872561       -2.7328199534483585E-004
   319.00000000000000      -0.29947309803648142       -3.6020968448724044E-004
   320.00000000000000      -0.28820276057508176       -3.1551777135187958E-004
   321.00000000000000      -0.24381145975225302       -1.7971998697869675E-004
   322.00000000000000      -0.17140075200411417       -5.7900620963256676E-005
   323.00000000000000       -7.9292252271187177E-002  -5.4179335805024410E-006
   324.00000000000000        2.1928706263587457E-002   1.1300767596640150E-007
   325.00000000000000       0.12062956438814333        1.9462867318217664E-005
   326.00000000000000       0.20546737916656474        1.0297927295524448E-004
   327.00000000000000       0.26669238217397678        2.4237435043147242E-004
   328.00000000000000       0.29726844690914306        3.5109436661761261E-004
   329.00000000000000       0.29368169752365242        3.3665777566733860E-004
   330.00000000000000       0.25634433199488188        2.1226214499622115E-004
   331.00000000000000       0.18954725133024386        7.9589139490094957E-005
   332.00000000000000       0.10096693876997287        1.1292367481494780E-005
   333.00000000000000        7.8325963180005467E-004   5.1438163304680521E-012
   334.00000000000000       -9.9490433611427009E-002  -1.0796420579299209E-005
   335.00000000000000      -0.18833044384661671       -7.7976910216904588E-005
   336.00000000000000      -0.25552706066656378       -2.1001274799877174E-004
   337.00000000000000      -0.29335788514810363       -3.3537801935422309E-004
   338.00000000000000      -0.29747530683002604       -3.5194174695489939E-004
   339.00000000000000      -0.26740614154523407       -2.4456631966121578E-004
   340.00000000000000      -0.20660601102239923       -1.0482398103656197E-004
   341.00000000000000      -0.12206221438176121       -2.0181668405367860E-005
   342.00000000000000       -2.3490730697854921E-002  -1.3894165799507866E-007
   343.00000000000000        7.7780364985687842E-002   5.1109577830724981E-006
   344.00000000000000       0.17011275163747441        5.6543603959590365E-005
   345.00000000000000       0.24289536644441825        1.7749981273588813E-004
   346.00000000000000       0.28776385400076404        3.1387082927612049E-004
   347.00000000000000       0.29956181840846019        3.6058041725568150E-004
   348.00000000000000       0.27693340885571366        2.7532411129714866E-004
   349.00000000000000       0.22247913734224650        1.3314961573851919E-004
   350.00000000000000       0.14245702133751834        3.2507843745678901E-005
   351.00000000000000        4.6063397388579883E-002   1.0515971998328266E-006
   352.00000000000000       -5.5623944407355533E-002  -1.8560207286204454E-006
   353.00000000000000      -0.15091884700160524       -3.8887604346706158E-005
   354.00000000000000      -0.22886978803172869       -1.4601731998016261E-004
   355.00000000000000      -0.28051845545138782       -2.8764712406863024E-004
   356.00000000000000      -0.29992925857484554       -3.6211907115697500E-004
   357.00000000000000      -0.28487146061878615       -3.0318617743370780E-004
   358.00000000000000      -0.23707554040794848       -1.6387471478823852E-004
   359.00000000000000      -0.16203432153281491       -4.8542063030686719E-005
   360.00000000000000       -6.8371723681041482E-002  -3.4600390088775549E-006
   361.00000000000000        3.3148319153116564E-002   3.9092913663173619E-007
   362.00000000000000       0.13085887646266819        2.5002268667859460E-005
   363.00000000000000       0.21353081289229014        1.1656956554780809E-004
   364.00000000000000       0.27166326810310093        2.5796073987752752E-004
   365.00000000000000       0.29857551872067767        3.5647607516489812E-004
   366.00000000000000       0.29117474334074323        3.2685020569965680E-004
   367.00000000000000       0.25031145709964076        1.9608319077302609E-004
   368.00000000000000       0.18068176840285008        6.8375796819095293E-005
   369.00000000000000        9.0287690706426629E-002   8.0349763059019911E-006
   370.00000000000000       -1.0482468363778604E-002  -1.2333115516528949E-008
   371.00000000000000      -0.11004795663235355       -1.4689705573554421E-005
   372.00000000000000      -0.19696646562721412       -8.9946142412758705E-005
   373.00000000000000      -0.26124910851049538       -2.2615221151082396E-004
   374.00000000000000      -0.29550836744446241       -3.4394987047591636E-004
   375.00000000000000      -0.29580708487773838       -3.4515419975971048E-004
   376.00000000000000      -0.26211093147515946       -2.2866320294161134E-004
   377.00000000000000      -0.19829235127591840       -9.1894998531914703E-005
   378.00000000000000      -0.11168553099057887       -1.5368838050411503E-005
   379.00000000000000       -1.2243537396838517E-002  -1.9653711428024514E-008
   380.00000000000000        8.8605513342106854E-002   7.5886587703272537E-006
   381.00000000000000       0.17927180262807854        6.6703519903336299E-005
   382.00000000000000       0.24933573961619609        1.9355750065108858E-004
   383.00000000000000       0.29074540597885423        3.2519351994662838E-004
   384.00000000000000       0.29874190197591921        3.5716582870239089E-004
   385.00000000000000       0.27240625083570130        2.6035557319765008E-004
   386.00000000000000       0.21476500971018292        1.1876033054142542E-004
   387.00000000000000       0.13244245046080561        2.5947391259781959E-005
   388.00000000000000        3.4899282149748453E-002   4.5633872049620877E-007
   389.00000000000000       -6.6654596687174258E-002  -3.2040475760367883E-006
   390.00000000000000      -0.16054836688967053       -4.7163058962442671E-005
   391.00000000000000      -0.23599152764318210       -1.6142653573849382E-004
   392.00000000000000      -0.28431396712018375       -3.0116009738819958E-004
   393.00000000000000      -0.29996235285342548       -3.6225791019131576E-004
   394.00000000000000      -0.28113833423203188       -2.8982090310861669E-004
   395.00000000000000      -0.23000521333482390       -1.4839698677757726E-004
   396.00000000000000      -0.15243933298521031       -4.0120274886874685E-005
   397.00000000000000       -5.7354753118044652E-002  -2.0356831689445262E-006
   398.00000000000000        4.4321174635332014E-002   9.3637722538275165E-007
   399.00000000000000       0.14090360509345812        3.1422067149299994E-005
   400.00000000000000       0.22129304998655555        1.3085746120720463E-004
   401.00000000000000       0.27625095846369913        2.7302578459721471E-004
   402.00000000000000       0.29946143379489198        3.6016096615817402E-004
   403.00000000000000       0.28825707160998915        3.1572203988391263E-004
   404.00000000000000       0.24392550450721373        1.7999783979623835E-004
   405.00000000000000       0.17156142417805367        5.8071513787862753E-005
   406.00000000000000        7.9481087026448655E-002   5.4571294566546751E-006
   407.00000000000000       -2.1733410277115599E-002  -1.1001291106506363E-007
   408.00000000000000      -0.12045025112495786       -1.9374163225885754E-005
   409.00000000000000      -0.20532465567404942       -1.0274973247496874E-004
   410.00000000000000      -0.26660265055156446       -2.4209986105877456E-004
   411.00000000000000      -0.29724201938441080       -3.5098622614445810E-004
   412.00000000000000      -0.29372161121212498       -3.3681578854015680E-004
   413.00000000000000      -0.25644599991824268       -2.1254325196966756E-004
   414.00000000000000      -0.18969898956305817       -7.9791861094887976E-005
   415.00000000000000      -0.10115130918486270       -1.1355367651730608E-005
   416.00000000000000       -9.7907393152530026E-004  -1.0046505868956245E-011
   417.00000000000000        9.9305678883231246E-002   1.0735429274937499E-005
   418.00000000000000       0.18817798115341197        7.7776577621460437E-005
   419.00000000000000       0.25542441139248095        2.0973151778239473E-004
   420.00000000000000       0.29331684601241004        3.3521610232478975E-004
   421.00000000000000       0.29750059411357804        3.5204544533507236E-004
   422.00000000000000       0.26749484920342387        2.4483980969442311E-004
   423.00000000000000       0.20674794454604151        1.0505561208937371E-004
   424.00000000000000       0.12224106242454222        2.0272668005272755E-005
   425.00000000000000        2.3685939606990770E-002   1.4243750438311554E-007
   426.00000000000000       -7.7591229093600653E-002  -5.0734039545638590E-006
   427.00000000000000      -0.16995142471992516       -5.6375243491454594E-005
   428.00000000000000      -0.24278038858379444       -1.7722263259576702E-004
   429.00000000000000      -0.28770843873291618       -3.1366337357201820E-004
   430.00000000000000      -0.29957233419097146       -3.6062437937450906E-004
   431.00000000000000      -0.27700864718923940       -2.7557841663407604E-004
   432.00000000000000      -0.22261045160734522       -1.3340520363642723E-004
   433.00000000000000      -0.14262932060579783       -3.2629865266134074E-005
   434.00000000000000       -4.6256880677390040E-002  -1.0649499786682023E-006
   435.00000000000000        5.5431512730376525E-002   1.8367300191797555E-006
   436.00000000000000       0.15074958165357560        3.8752046784210889E-005
   437.00000000000000       0.22874314139880619        1.4575366645639545E-004
   438.00000000000000       0.28044898207316293        2.8740429438467967E-004
   439.00000000000000       0.29992494250119411        3.6210096724719290E-004
   440.00000000000000       0.28493279786340697        3.0340974624420828E-004
   441.00000000000000       0.23719548194526063        1.6414729990084083E-004
   442.00000000000000       0.16219908338915032        4.8696701827459046E-005
   443.00000000000000        6.8562371022479238E-002   3.4892832897860720E-006
   444.00000000000000       -3.2953696052928756E-002  -3.8407184953287606E-007
   445.00000000000000      -0.13068264409653144       -2.4898588147110554E-005
   446.00000000000000      -0.21339322426396057       -1.1632719658733628E-004
   447.00000000000000      -0.27158013529581182       -2.5769384849358629E-004
   448.00000000000000      -0.29855639555916980       -3.5639686685539127E-004
   449.00000000000000      -0.29122182750532472       -3.2703229518036940E-004
   450.00000000000000      -0.25041933756341200       -1.9636397571791805E-004
   451.00000000000000      -0.18083804728009742       -6.8562981651324530E-005
   452.00000000000000       -9.0474408047852020E-002  -8.0855893993263333E-006
   453.00000000000000        1.0286770569930343E-002   1.1655074189864743E-008
   454.00000000000000       0.10986576845330807        1.4615445787627652E-005
   455.00000000000000       0.19681872457235200        8.9730860747153508E-005
   456.00000000000000       0.26115279337610314        2.2587291239025832E-004
   457.00000000000000       0.29547454694774045        3.4381372829867793E-004
   458.00000000000000       0.29583964575256311        3.4528567675650606E-004
   459.00000000000000       0.26220613178041047        2.2894188642889047E-004
   460.00000000000000       0.19843925034899818        9.2112790802512736E-005
   461.00000000000000       0.11186724683213528        1.5445501648577020E-005
   462.00000000000000        1.2439186779665908E-002   2.0611274156492096E-008
   463.00000000000000       -8.8418414921721686E-002  -7.5400837303298449E-006
   464.00000000000000      -0.17911475697641324       -6.6519090121012586E-005
   465.00000000000000      -0.24922679480213272       -1.9327703507458196E-004
   466.00000000000000      -0.29069708220583512       -3.2500746963305406E-004
   467.00000000000000      -0.29875975272966537       -3.5723989343644004E-004
   468.00000000000000      -0.27248822463484296       -2.6062085097955726E-004
   469.00000000000000      -0.21490168593240938       -1.1900479015609149E-004
   470.00000000000000      -0.13261812194168954       -2.6053741202403093E-005
   471.00000000000000       -3.5093760364107593E-002  -4.6402540920635340E-007
   472.00000000000000        6.6463661712173328E-002   3.1763973497526864E-006
   473.00000000000000       0.16038291792553785        4.7011252410190664E-005
   474.00000000000000       0.23587057837666547        1.6115509292408169E-004
   475.00000000000000       0.28425141741700960        3.0093344101083210E-004
   476.00000000000000       0.29996539103576475        3.6227065827970910E-004
   477.00000000000000       0.28120661119123586        2.9006112011995954E-004
   478.00000000000000       0.23013088247053454        1.4866213744917350E-004
   479.00000000000000       0.15260795217866813        4.0258645370708175E-005
   480.00000000000000        5.7546944127387555E-002   2.0563253746492313E-006
   481.00000000000000       -4.4127498808967963E-002  -9.2411730375150198E-007
   482.00000000000000      -0.14073070220954756       -3.1302802769819030E-005
   483.00000000000000      -0.22116079034945690       -1.3060369087459174E-004
   484.00000000000000      -0.27617454176208361       -2.7276936654725009E-004
   485.00000000000000      -0.29944964197085056       -3.6011172029780267E-004
   486.00000000000000      -0.28831125981663980       -3.1592595044917823E-004
   487.00000000000000      -0.24403944534023175       -1.8027576379585906E-004
   488.00000000000000      -0.17172202320274546       -5.8242687583889824E-005
   489.00000000000000       -7.9669887919613644E-002  -5.4965096941074440E-006
   490.00000000000000        2.1538104961679735E-002   1.0707144787868785E-007
   491.00000000000000       0.12027088648123289        1.9285712999201251E-005
   492.00000000000000       0.20518184460323158        1.0252042590439255E-004
   493.00000000000000       0.26651280537791433        2.4182526505261051E-004
   494.00000000000000       0.29721546522278514        3.5087759419433532E-004
   495.00000000000000       0.29376139974936705        3.3697336452473100E-004
   496.00000000000000       0.25654755858543299        2.1282434120678908E-004
   497.00000000000000       0.18985064692249323        7.9994847009615529E-005
   498.00000000000000       0.10133563650528161        1.1418592602560120E-005
   499.00000000000000        1.1748877442775479E-003   1.7360336552822131E-011
   500.00000000000000       -9.9120881846876313E-002  -1.0674659592538895E-005
   501.00000000000000      -0.18802543823449344       -7.7576511439767805E-005
   502.00000000000000      -0.25532165329746487       -2.0945027790275004E-004
   503.00000000000000      -0.29327568188277986       -3.3505375443580027E-004
   504.00000000000000      -0.29752575465911635       -3.5214864813971924E-004
   505.00000000000000      -0.26758344289819497       -2.4511318437897111E-004
   506.00000000000000      -0.20688978993627460       -1.0528747351550297E-004
   507.00000000000000      -0.12241985838778065       -2.0363923798501733E-005
   508.00000000000000       -2.3881138355349055E-002  -1.4599139569145809E-007
   509.00000000000000        7.7402060144571433E-002   5.0360306550780105E-006
   510.00000000000000       0.16979002545391172        5.6207164774728786E-005
   511.00000000000000       0.24266530728909264        1.7694553073936648E-004
   512.00000000000000       0.28765290090969126        3.1345556759426318E-004
   513.00000000000000       0.29958272234378269        3.6066781212707084E-004
   514.00000000000000       0.27708376753286612        2.7583250603514472E-004
   515.00000000000000       0.22274167107841739        1.3366097056567507E-004
   516.00000000000000       0.14280155923122798        3.2752163263596735E-005
   517.00000000000000        4.6450344189926919E-002   1.0784145135573152E-006
   518.00000000000000       -5.5239057437373854E-002  -1.8175720779770008E-006
   519.00000000000000      -0.15058025214065610       -3.8616770188911621E-005
   520.00000000000000      -0.22861639731223002       -1.4549016584139689E-004
   521.00000000000000      -0.28037938923739059       -2.8716120814829360E-004
   522.00000000000000      -0.29992049864761755       -3.6208232811550878E-004
   523.00000000000000      -0.28499401369353644       -3.0363300178559661E-004
   524.00000000000000      -0.23731532242788669       -1.6441999565966665E-004
   525.00000000000000      -0.16236377608350575       -4.8851623784612387E-005
   526.00000000000000       -6.8752989153626737E-002  -3.5186892267714310E-006
   527.00000000000000        3.2759058774305988E-002   3.7729494087145707E-007
   528.00000000000000       0.13050635599154950        2.4795173535477968E-005
   529.00000000000000       0.21325554472165106        1.1608503909339388E-004
   530.00000000000000       0.27149688681432627        2.5742680063682002E-004
   531.00000000000000       0.29853714520079216        3.5631714586989465E-004
   532.00000000000000       0.29126878758112440        3.2721398473959973E-004
   533.00000000000000       0.25052711133861000        1.9664478839204427E-004
   534.00000000000000       0.18099424905745676        6.8750441155743084E-005
   535.00000000000000        9.0661086843589977E-002   8.1364082270049509E-006
   536.00000000000000       -1.0091068463319350E-002  -1.1002343053743840E-008
   537.00000000000000      -0.10968353346708630       -1.4541424861607718E-005
   538.00000000000000      -0.19667089961215889       -8.9515831621740438E-005
   539.00000000000000      -0.26105636694592288       -2.2559355621463940E-004
   540.00000000000000      -0.29544060054296534       -3.4367712236567263E-004
   541.00000000000000      -0.29587208059959841       -3.4541668445939566E-004
   542.00000000000000      -0.26230122037544623       -2.2922050371462175E-004
   543.00000000000000      -0.19858606482672905       -9.2330832470701211E-005
   544.00000000000000      -0.11204891501380616       -1.5522407132971313E-005
   545.00000000000000       -1.2634830793118985E-002  -2.1599429356873177E-008
   546.00000000000000        8.8231278831583757E-002   7.4917105540331263E-006
   547.00000000000000       0.17895763507081555        6.6334936647835632E-005
   548.00000000000000       0.24911774380756666        1.9299660562401363E-004
   549.00000000000000       0.29064863460162926        3.2482102710386883E-004
   550.00000000000000       0.29877747619990352        3.5731344217506566E-004
   551.00000000000000       0.27257008240163022        2.6088596281693033E-004
   552.00000000000000       0.21503827064676143        1.1924945651116167E-004
   553.00000000000000       0.13279373704729924        2.6160359139488561E-005
   554.00000000000000        3.5288223557768159E-002   4.7179758714533975E-007
   555.00000000000000       -6.6272698421015505E-002  -3.1489042690176091E-006
   556.00000000000000      -0.16021740057291378       -4.6859729001263266E-005
   557.00000000000000      -0.23574952861992426       -1.6088376789880900E-004
   558.00000000000000      -0.28418874658916343       -3.0070648022922957E-004
   559.00000000000000      -0.29996830142094616       -3.6228287047240294E-004
   560.00000000000000      -0.28127476827230818       -2.9030107097289593E-004
   561.00000000000000      -0.23025645356135865       -1.4892743461532277E-004
   562.00000000000000      -0.15277650629492395       -4.0397297437291993E-005
   563.00000000000000       -5.7739110619449072E-002  -2.0771051037011120E-006
   564.00000000000000        4.3933804182538651E-002   9.1196418662073646E-007
   565.00000000000000       0.14055773930710888        3.1183813364626298E-005
   566.00000000000000       0.22102843648908702        1.3035010510540924E-004
   567.00000000000000       0.27609800737191842        2.7251274187651772E-004
   568.00000000000000       0.29943772256938089        3.6006194710104728E-004
   569.00000000000000       0.28836532521060626        3.1612950244414630E-004
   570.00000000000000       0.24415328220276367        1.8055375826199371E-004
   571.00000000000000       0.17188254912434259        5.8414142400981218E-005
   572.00000000000000        7.9858654870245446E-002   5.5360746733190436E-006
   573.00000000000000       -2.1342790679166699E-002  -1.0418281546729360E-007
   574.00000000000000      -0.12009147059733845       -1.9197516435726861E-005
   575.00000000000000      -0.20503894616773374       -1.0229135384353985E-004
   576.00000000000000      -0.26642284662720672       -2.4155056307736405E-004
   577.00000000000000      -0.29718878443557917       -3.5076847119099085E-004
   578.00000000000000      -0.29380106314681298       -3.3713050313287075E-004
   579.00000000000000      -0.25664900795318474       -2.1310541189663524E-004
   580.00000000000000      -0.19000222345213247       -8.0198097161751782E-005
   581.00000000000000      -0.10151992065269888       -1.1482042646195812E-005
   582.00000000000000       -1.3707011263298242E-003  -2.7567529516815516E-011
   583.00000000000000        9.8936042581093050E-002   1.0614111212620778E-005
   584.00000000000000       0.18787281537259024        7.7376712160212786E-005
   585.00000000000000       0.25521878642529444        2.0916902916342600E-004
   586.00000000000000       0.29323439285023578        3.3489097659399498E-004
   587.00000000000000       0.29755078844687877        3.5225135492843943E-004
   588.00000000000000       0.26767192259180295        2.4538644285178649E-004
   589.00000000000000       0.20703154723386225        1.0551956511141279E-004
   590.00000000000000       0.12259860219530236        2.0455436010098817E-005
   591.00000000000000        2.4076326999026069E-002   1.4960380803772736E-007
   592.00000000000000       -7.7212858219193631E-002  -4.9988374986480469E-006
   593.00000000000000      -0.16962855379305120       -5.6039367748842795E-005
   594.00000000000000      -0.24255012260934214       -1.7666850787139825E-004
   595.00000000000000      -0.28759724051512880       -3.1324741195475086E-004
   596.00000000000000      -0.29959298286246822       -3.6071071534131855E-004
   597.00000000000000      -0.27715876974753129       -2.7608637827612883E-004
   598.00000000000000      -0.22287279565270030       -1.3391691591638086E-004
   599.00000000000000      -0.14297373695607815       -3.2874737726222109E-005
   600.00000000000000       -4.6643787981788136E-002  -1.0919912630134281E-006
   601.00000000000000        5.5046578610341075E-002   1.7985464706489598E-006
   602.00000000000000       0.15041085841418478        3.8481774393117041E-005
   603.00000000000000       0.22848955582599811        1.4522681871109906E-004
   604.00000000000000       0.28030967692407111        2.8691786603100069E-004
   605.00000000000000       0.29991592701600911        3.6206315383592353E-004
   606.00000000000000       0.28505510812676682        3.0385594341573595E-004
   607.00000000000000       0.23743506180476981        1.6469280140875818E-004
   608.00000000000000       0.16252839966321056        4.9006829007517173E-005
   609.00000000000000        6.8943577993273025E-002   3.5482572273222680E-006
   610.00000000000000       -3.2564407747323901E-002  -3.7059795704518486E-007
   611.00000000000000      -0.13033001228568206       -2.4692024685262284E-005
   612.00000000000000      -0.21311777432401860       -1.1584309349576592E-004
   613.00000000000000      -0.27141352263472024       -2.5715959698616246E-004
   614.00000000000000      -0.29851776765374605       -3.5623691252208384E-004
   615.00000000000000      -0.29131562358163765       -3.2739527382597976E-004
   616.00000000000000      -0.25063477837931880       -1.9692562802705688E-004
   617.00000000000000      -0.18115037377981760       -6.8938175321838952E-005
   618.00000000000000       -9.0847727014107926E-002  -8.1874331373082836E-006
   619.00000000000000        9.8953619877047115E-003   1.0374440990222764E-008
   620.00000000000000       0.10950125175132754        1.4467642515933670E-005
   621.00000000000000       0.19652299102062601        8.9301055620803581E-005
   622.00000000000000       0.26095982929537287        2.2531414392125887E-004
   623.00000000000000       0.29540652828085923        3.4354005334950226E-004
   624.00000000000000       0.29590438939338859        3.4554722231497766E-004
   625.00000000000000       0.26239619721975532        2.2949905395545917E-004
   626.00000000000000       0.19873279475130259        9.2549123398599916E-005
   627.00000000000000       0.11223053545819366        1.5599554774238830E-005
   628.00000000000000        1.2830469493421977E-002   2.2618657572534486E-008
   629.00000000000000       -8.8044105151420402E-002  -7.4435388861059221E-006
   630.00000000000000      -0.17880043686613178       -6.6151059481725153E-005
   631.00000000000000      -0.24900858667895787       -1.9271621305763797E-004
   632.00000000000000      -0.29060006315231385       -3.2463419292215966E-004
   633.00000000000000      -0.29879507237908276       -3.5738647462846111E-004
   634.00000000000000      -0.27265182395525323       -2.6115090736737761E-004
   635.00000000000000      -0.21517476374627839       -1.1949432907412634E-004
   636.00000000000000      -0.13296929551485465       -2.6267245130930106E-005
   637.00000000000000       -3.5482671786615051E-002  -4.7965572303736267E-007
   638.00000000000000        6.6081706895058795E-002   3.1215679212582221E-006
   639.00000000000000       0.16005181496132048        4.6708488781433507E-005
   640.00000000000000       0.23562837842453041        1.6061256130538282E-004
   641.00000000000000       0.28412595468563595        3.0047921593467344E-004
   642.00000000000000       0.29997108400772993        3.6229454672090069E-004
   643.00000000000000       0.28134280556783697        2.9054075525653206E-004
   644.00000000000000       0.23038192655379805        1.4919287768576801E-004
   645.00000000000000       0.15294499520214641        4.0536231095146640E-005
   646.00000000000000        5.7931252512358658E-002   2.0980227862693073E-006
   647.00000000000000       -4.3740090976771250E-002  -8.9991743032783518E-007
   648.00000000000000      -0.14038471652149659       -3.1065098845598036E-005
   649.00000000000000      -0.22089598846183373       -1.3009670440329642E-004
   650.00000000000000      -0.27602135535304778       -2.7225591154116764E-004
   651.00000000000000      -0.29942567559556116       -3.6001164676489542E-004
   652.00000000000000      -0.28841926774950322       -3.1633269504805140E-004
   653.00000000000000      -0.24426701504631051       -1.8083182247810331E-004
   654.00000000000000      -0.17204300181715429       -5.8585878104452882E-005
   655.00000000000000       -8.0047387797921879E-002  -5.5758247742387738E-006
   656.00000000000000        2.1147467164440159E-002   1.0134653344133225E-007
   657.00000000000000       0.11991200354971290        1.9109573300522143E-005
   658.00000000000000       0.20489596047954986        1.0206251672694231E-004
   659.00000000000000       0.26633277436979608        2.4127575609097580E-004
   660.00000000000000       0.29716197703416003        3.5065885756001259E-004
   661.00000000000000       0.29384060137334944        3.3728720370919017E-004
   662.00000000000000       0.25675034797827645        2.1338646322760269E-004
   663.00000000000000       0.19015371903328618        8.0401611260309355E-005
   664.00000000000000       0.10170416154860208        1.1545718094180875E-005
   665.00000000000000        1.5665139244090377E-003   4.1150291644731209E-011
   666.00000000000000       -9.8751161164630341E-002  -1.0553783815048340E-005
   667.00000000000000      -0.18772011236055816       -7.7177179628227951E-005
   668.00000000000000      -0.25511581081979512       -2.0888777236732423E-004
   669.00000000000000      -0.29319297885879436       -3.3472776912769940E-004
   670.00000000000000      -0.29757569546619983       -3.5235356529978302E-004
   671.00000000000000      -0.26776028818355080       -2.4565958405474604E-004
   672.00000000000000      -0.20717321632779664       -1.0575188642417536E-004
   673.00000000000000      -0.12277729377095542       -2.0547204864272510E-005
   674.00000000000000       -2.4271505385232539E-002  -1.5327521360332723E-007
   675.00000000000000        7.7023623398074767E-002   4.9618240988135409E-006
   676.00000000000000       0.16946700986369664        5.5871852531955215E-005
   677.00000000000000       0.24243483459361617        1.7639156469557930E-004
   678.00000000000000       0.28754145759273136        3.1303890748868475E-004
   679.00000000000000       0.29960311574265652        3.6075308884729129E-004
   680.00000000000000       0.27723365393511440        2.7634003294828703E-004
   681.00000000000000       0.22300382527432974        1.3417303916855194E-004
   682.00000000000000       0.14314585364567406        3.2997588727729608E-005
   683.00000000000000        4.6837211901545071E-002   1.1056806708771556E-006
   684.00000000000000       -5.4854076331281823E-002  -1.7796527624921124E-006
   685.00000000000000      -0.15024140060672020       -3.8347059372893928E-005
   686.00000000000000      -0.22836261699415006       -1.4496362564022757E-004
   687.00000000000000      -0.28023984518770784       -2.8667426896488519E-004
   688.00000000000000      -0.29991122760831651       -3.6204344448455907E-004
   689.00000000000000      -0.28511608111521147       -3.0407857025430130E-004
   690.00000000000000      -0.23755470002489629       -1.6496571649106574E-004
   691.00000000000000      -0.16269295399936878       -4.9162317434666797E-005
   692.00000000000000       -6.9134137460219763E-002  -3.5779876984945401E-006
   693.00000000000000        3.2369742707749116E-002   3.6398042022251984E-007
   694.00000000000000       0.13015361305405848        2.4589141410836452E-005
   695.00000000000000       0.21297991322814389        1.1560136039531780E-004
   696.00000000000000       0.27133004282218520        2.5689223850625695E-004
   697.00000000000000       0.29849826292628717        3.5615616712760819E-004
   698.00000000000000       0.29136233547013723        3.2757616169492735E-004
   699.00000000000000       0.25074233863966805        1.9720649385378473E-004
   700.00000000000000       0.18130642132493188        6.9126183937292604E-005
   701.00000000000000        9.1034328479889765E-002   8.2386644780174003E-006
   702.00000000000000       -9.6996512962732595E-003  -9.7708875239624107E-009
   703.00000000000000      -0.10931892338369102       -1.4394098470311821E-005
   704.00000000000000      -0.19637499859701080       -8.9086532637579178E-005
   705.00000000000000      -0.26086318046558188       -2.2503467634729692E-004
   706.00000000000000      -0.29537233018829423       -3.4340252182813542E-004
   707.00000000000000      -0.29593657212016883       -3.4567728981854120E-004
   708.00000000000000      -0.26249106220523494       -2.2977753610895971E-004
   709.00000000000000      -0.19887944000782087       -9.2767663213732198E-005
   710.00000000000000      -0.11241210808792031       -1.5676944842269579E-005
   711.00000000000000       -1.3026102727435911E-002  -2.3669438219617352E-008
   712.00000000000000        8.7856893960975110E-002   7.3955683706472096E-006
   713.00000000000000       0.17864316248536799        6.5967458816478436E-005
   714.00000000000000       0.24889932346281171        1.9243585813284795E-004
   715.00000000000000       0.29055136789584191        3.2444696785169174E-004
   716.00000000000000       0.29881254125970635        3.5745899050881706E-004
   717.00000000000000       0.27273344940673921        2.6141568423390519E-004
   718.00000000000000       0.21531116517280896        1.1973940739834523E-004
   719.00000000000000       0.13314479720702829        2.6374399311097221E-005
   720.00000000000000        3.5677104898435986E-002   4.8760027709056873E-007
   721.00000000000000       -6.5890687215673135E-002  -3.0943878934864345E-006
   722.00000000000000      -0.15988616116130386       -4.6557531741149025E-005
   723.00000000000000      -0.23550712784209876       -1.6034147378539562E-004
   724.00000000000000      -0.28406304173317898       -3.0025164893837468E-004
   725.00000000000000      -0.29997373879493039       -3.6230568697883162E-004
   726.00000000000000      -0.28141072300016823       -2.9078017196111465E-004
   727.00000000000000      -0.23050730139439629       -1.4945846606906899E-004
   728.00000000000000      -0.15311341906895945       -4.0675446599871233E-005
   729.00000000000000       -5.8123369724256219E-002  -2.1190788521656493E-006
   730.00000000000000        4.3546358997797428E-002   8.8797656519653898E-007
   731.00000000000000       0.14021163392642522        3.0946659081042013E-005
   732.00000000000000       0.22076344641871701        1.2984348945121435E-004
   733.00000000000000       0.27594458573812852        2.7199887640612516E-004
   734.00000000000000       0.29941350105452380        3.5996081948841028E-004
   735.00000000000000       0.28847308741034899        3.1653552751397375E-004
   736.00000000000000       0.24438064382241756        1.8110995572668176E-004
   737.00000000000000       0.17220338121282133        5.8757894619426425E-005
   738.00000000000000        8.0236086622235164E-002   5.6157603763059338E-006
   739.00000000000000       -2.0952134640053573E-002  -9.8562128542770792E-008
   740.00000000000000      -0.11973248541481625       -1.9021883357830534E-005
   741.00000000000000      -0.20475288739557981       -1.0183391457997024E-004
   742.00000000000000      -0.26624258864405670       -2.4100084495317500E-004
   743.00000000000000      -0.29713504304920901       -3.5054875380755089E-004
   744.00000000000000      -0.29388001441213146       -3.3744346565609928E-004
   745.00000000000000      -0.25685157861753327       -2.1366749438744243E-004
   746.00000000000000      -0.19030513360141105       -8.0605389085373707E-005
   747.00000000000000      -0.10188835911449733       -1.1609619257387502E-005
   748.00000000000000       -1.7623260550911671E-003  -5.8590823819465206E-011
   749.00000000000000        9.8566237676254984E-002   1.0493677079034594E-005
   750.00000000000000       0.18756732937231033        7.6977914187095333E-005
   751.00000000000000       0.25501272652483864        2.0860650831665408E-004
   752.00000000000000       0.29315143995551141        3.3456413277276753E-004
   753.00000000000000       0.29760047570646830        3.5245527885417380E-004
   754.00000000000000       0.26784853976187489        2.4593260751405190E-004
   755.00000000000000       0.20731479715772130        1.0598443708221745E-004
   756.00000000000000       0.12295593291118398        2.0639230518652100E-005
   757.00000000000000        2.4466673430814736E-002   1.5700608568295296E-007
   758.00000000000000       -7.6834355761836406E-002  -4.9249900686224407E-006
   759.00000000000000      -0.16930539373467227       -5.5704619181032104E-005
   760.00000000000000      -0.24231944329103200       -1.7611470191461801E-004
   761.00000000000000      -0.28748555216626476       -3.1283005495818725E-004
   762.00000000000000      -0.29961312098003079       -3.6079493247711663E-004
   763.00000000000000      -0.27730842001016159       -2.7659346900904048E-004
   764.00000000000000      -0.22313475988748191       -1.3442933980094358E-004
   765.00000000000000      -0.14331790947227022       -3.3120716560298566E-005
   766.00000000000000       -4.7030615866791456E-002  -1.1194831854867080E-006
   767.00000000000000        5.4661550819569617E-002   1.7608905318010903E-006
   768.00000000000000       0.15007187879045805        3.8212625054951570E-005
   769.00000000000000       0.22823558087076684        1.4470058720230882E-004
   770.00000000000000       0.28016989405805198        2.8643041779583087E-004
   771.00000000000000       0.29990640042654193        3.6202320013966125E-004
   772.00000000000000       0.28517693263289345        3.0430088150145334E-004
   773.00000000000000       0.23767423703729551        1.6523874024844821E-004
   774.00000000000000       0.16285743902187369        4.9318089058625747E-005
   775.00000000000000        6.9324667473280990E-002   3.6078810469114734E-006
   776.00000000000000       -3.2175063877379645E-002  -3.5744186916824563E-007
   777.00000000000000      -0.12997715837183185       -2.4486523525675416E-005
   778.00000000000000      -0.21284196129605570       -1.1535983987431852E-004
   779.00000000000000      -0.27124644741228682       -2.5662472606646590E-004
   780.00000000000000      -0.29847863104077643       -3.5607491006224676E-004
   781.00000000000000      -0.29140892322672202       -3.2775664766802838E-004
   782.00000000000000      -0.25084979207383273       -1.9748738510223389E-004
   783.00000000000000      -0.18146239162631739       -6.9314466855354323E-005
   784.00000000000000       -9.1220891161435835E-002  -8.2901025963234998E-006
   785.00000000000000        9.5039364724055202E-003   9.1912018831929961E-009
   786.00000000000000       0.10913654844185587        1.4320792443716542E-005
   787.00000000000000       0.19622692250985491        8.8872263100512147E-005
   788.00000000000000       0.26076642049772614        2.2475515432943122E-004
   789.00000000000000       0.29533800623104495        3.4326452813533139E-004
   790.00000000000000       0.29596862876622793        3.4580688646709037E-004
   791.00000000000000       0.26258581542682613        2.3005594972823652E-004
   792.00000000000000       0.19902600053380703        9.2986451620044429E-005
   793.00000000000000       0.11259363269614267        1.5754577550730367E-005
   794.00000000000000        1.3221730411813268E-002   2.4752250984516386E-008
   795.00000000000000       -8.7669645340007249E-002  -7.3477986511854643E-006
   796.00000000000000      -0.17848581199552924       -6.5784134778914163E-005
   797.00000000000000      -0.24878995420567857       -1.9215554160617902E-004
   798.00000000000000      -0.29050254885295951       -3.2425935259102547E-004
   799.00000000000000      -0.29882988283433187       -3.5753098953032747E-004
   800.00000000000000      -0.27281495866295502       -2.6168029235782559E-004
   801.00000000000000      -0.21544747486824062       -1.1998469103588464E-004
   802.00000000000000      -0.13332024229946246       -2.6481822004890390E-005
   803.00000000000000       -3.5871522810394726E-002  -4.9563171205613786E-007
   804.00000000000000        6.5699639600547685E-002   3.0673637915232877E-006
   805.00000000000000       0.15972043924343904        4.6406857869732217E-005
   806.00000000000000       0.23538577692428678        1.6007050597932203E-004
   807.00000000000000       0.28400000775859591        3.0002378005226742E-004
   808.00000000000000       0.29997626578141656        3.6231629120195286E-004
   809.00000000000000       0.28147852054036637        2.9101932024869670E-004
   810.00000000000000       0.23063257802973869        1.4972419917259791E-004
   811.00000000000000       0.15328177770338106        4.0814943908737379E-005
   812.00000000000000        5.8315462173292226E-002   2.1402737308433114E-006
   813.00000000000000       -4.3352608466346976E-002  -8.7614114710511704E-007
   814.00000000000000      -0.14003849159563489       -3.0828493938288888E-005
   815.00000000000000      -0.22063081022708869       -1.2959046038897744E-004
   816.00000000000000      -0.27586769855986759       -2.7174163733651645E-004
   817.00000000000000      -0.29940119896027773       -3.5990946550955018E-004
   818.00000000000000      -0.28852678417021427       -3.1673799909603929E-004
   819.00000000000000      -0.24449416848267452       -1.8138815728925228E-004
   820.00000000000000      -0.17236368724301579       -5.8930191869825298E-005
   821.00000000000000       -8.0424751262792180E-002  -5.6558818584483299E-006
   822.00000000000000        2.0756793189226349E-002   9.5829125307504837E-008
   823.00000000000000       0.11955291626913045        1.8934446371081680E-005
   824.00000000000000       0.20460972707875610        1.0160554791653411E-004
   825.00000000000000       0.26615228948841130        2.4072583052340256E-004
   826.00000000000000       0.29710798245377068        3.5043816020576587E-004
   827.00000000000000       0.29391930224636753        3.3759928837752385E-004
   828.00000000000000       0.25695269975572410        2.1394850436279100E-004
   829.00000000000000       0.19045646709199868        8.0809430415740340E-005
   830.00000000000000       0.10207251327190915        1.1673746446016422E-005
   831.00000000000000        1.9581374349524768E-003   8.0371317579700562E-011
   832.00000000000000       -9.8381272194751748E-002  -1.0433790683144387E-005
   833.00000000000000      -0.18741446647293844       -7.6778916036182444E-005
   834.00000000000000      -0.25490953358434298       -2.0832523781292997E-004
   835.00000000000000      -0.29310977615808415       -3.3440006815053328E-004
   836.00000000000000      -0.29762512915712669       -3.5255649519391090E-004
   837.00000000000000      -0.26793667722609416       -2.4620551217104829E-004
   838.00000000000000      -0.20745628966331703       -1.0621721671265256E-004
   839.00000000000000      -0.12313451979477028       -2.0731513327080955E-005
   840.00000000000000       -2.4661831052623328E-002  -1.6079689742501446E-007
   841.00000000000000        7.6645055526176342E-002   4.8883350467202217E-006
   842.00000000000000       0.16914370547483285        5.5537667751852131E-005
   843.00000000000000       0.24220394875075085        1.7583792023022498E-004
   844.00000000000000       0.28742952425954676        3.1262085512635427E-004
   845.00000000000000       0.29962299857032820        3.6083624606500606E-004
   846.00000000000000       0.27738306794081963        2.7684668559727543E-004
   847.00000000000000       0.22326559943637336        1.3468581729105770E-004
   848.00000000000000       0.14348990423975078        3.3244121252276756E-005
   849.00000000000000        4.7223999795129513E-002   1.1333992548943193E-006
   850.00000000000000       -5.4469001882524765E-002  -1.7422593164229837E-006
   851.00000000000000      -0.14990229303762148       -3.8078471364948169E-005
   852.00000000000000      -0.22810844760070492       -1.4443770415715308E-004
   853.00000000000000      -0.28009982356490543       -2.8618631337017677E-004
   854.00000000000000      -0.29990144547632241       -3.6200242089660890E-004
   855.00000000000000      -0.28523766265388772       -3.0452287635814853E-004
   856.00000000000000      -0.23779367279103994       -1.6551187202167679E-004
   857.00000000000000      -0.16302185466064820       -4.9474143870818329E-005
   858.00000000000000       -6.9515167951283430E-002  -3.6379376787609634E-006
   859.00000000000000        3.1980371339156412E-002   3.5098183764583269E-007
   860.00000000000000       0.12980064831417887        2.4384170842359542E-005
   861.00000000000000       0.21270391868484737        1.1511853253118605E-004
   862.00000000000000       0.27116273644064004        2.5635706053609965E-004
   863.00000000000000       0.29845887197756621        3.5599314152965381E-004
   864.00000000000000       0.29145538683154371        3.2793673106816182E-004
   865.00000000000000       0.25095713855948848        1.9776830080117655E-004
   866.00000000000000       0.18161828461752444        6.9503023928018911E-005
   867.00000000000000        9.1407414979263066E-002   8.3417478388269365E-006
   868.00000000000000       -9.3082175994837757E-003  -8.6349032383614818E-009
   869.00000000000000      -0.10895412700352108       -1.4247724154389949E-005
   870.00000000000000      -0.19607876282224471       -8.8658247283427734E-005
   871.00000000000000      -0.26066954943302934       -2.2447557870383959E-004
   872.00000000000000      -0.29530355644808731       -3.4312607290069576E-004
   873.00000000000000      -0.29600055931790853       -3.4593601175933990E-004
   874.00000000000000      -0.26268045677644186       -2.3033429376990823E-004
   875.00000000000000      -0.19917247626682058       -9.3205488320171394E-005
   876.00000000000000      -0.11277510946453073       -1.5832453278773162E-005
   877.00000000000000       -1.3417352463208895E-002  -2.5867575475948687E-008
   878.00000000000000        8.7482359501918933E-002   7.3002294045464874E-006
   879.00000000000000       0.17832838546365309        6.5601087494612302E-005
   880.00000000000000       0.24868047895415413        1.9187526423329916E-004
   881.00000000000000       0.29045360604446552        3.2407134783994228E-004
   882.00000000000000       0.29884709709557117        3.5760247140919466E-004
   883.00000000000000       0.27289635168917431        2.6194473086954355E-004
   884.00000000000000       0.21558369277450001        1.2023017953751756E-004
   885.00000000000000       0.13349563059218389        2.6589513307049663E-005
   886.00000000000000        3.6065925439661542E-002   5.0375049046907226E-007
   887.00000000000000       -6.5508563858481930E-002  -3.0404951629954716E-006
   888.00000000000000      -0.15955464927833013       -4.6256467155385019E-005
   889.00000000000000      -0.23526432580947626       -1.5979965871970142E-004
   890.00000000000000      -0.28393685278874181       -2.9979561008900454E-004
   891.00000000000000      -0.29997866496611192       -3.6232635934814895E-004
   892.00000000000000      -0.28154619815954707       -2.9125819928186973E-004
   893.00000000000000      -0.23075775640645241       -1.4999007640255002E-004
   894.00000000000000      -0.15345007103368394       -4.0954723076961392E-005
   895.00000000000000       -5.8507529777627659E-002  -2.1616078513943425E-006
   896.00000000000000        4.3158839464965279E-002   8.6441072303408458E-007
   897.00000000000000       0.13986528960289107        3.0710603283695382E-005
   898.00000000000000       0.22049808003798158        1.2933761789714782E-004
   899.00000000000000       0.27579069385102190        2.7148419519766365E-004
   900.00000000000000       0.29938876930051095        3.5985758495823912E-004
   901.00000000000000       0.28858035800622212        3.1694010904942979E-004
   902.00000000000000       0.24460758889783601        1.8166642624782624E-004
   903.00000000000000       0.17252391983944088        5.9102769778366772E-005
   904.00000000000000        8.0613381639214263E-002   5.6961895990803282E-006
   905.00000000000000       -2.0561442895181695E-002  -9.3147048145781341E-008
   906.00000000000000      -0.11937329618915898       -1.8847262102892549E-005
   907.00000000000000      -0.20446647959007069       -1.0137741708589161E-004
   908.00000000000000      -0.26606187694133088       -2.4045071366081473E-004
   909.00000000000000      -0.29708079527854397       -3.5032707726412841E-004
   910.00000000000000      -0.29395846485931953       -3.3775467127891397E-004
   911.00000000000000      -0.25705371149405110       -2.1422949274107198E-004
   912.00000000000000      -0.19060771944057489       -8.1013735028915396E-005
   913.00000000000000      -0.10225662381104789       -1.1738099923601215E-005
   914.00000000000000       -2.1539479805695485E-003  -1.0697395396527178E-010
   915.00000000000000        9.8196264930926078E-002   1.0374124347781318E-005
   916.00000000000000       0.18726152372756807        7.6580185373576707E-005
   917.00000000000000       0.25480623204227232        2.0804396165696870E-004
   918.00000000000000       0.29306798748426305        3.3423557588378608E-004
   919.00000000000000       0.29764965580767172        3.5265721392317847E-004
   920.00000000000000       0.26802470053865834        2.4647829716176921E-004
   921.00000000000000       0.20759769378430251        1.0645022494128307E-004
   922.00000000000000       0.12331305421816571        2.0824053445695815E-005
   923.00000000000000        2.4856978167513425E-002   1.6464812183141710E-007
   924.00000000000000       -7.6455722501642773E-002  -4.8518585928758513E-006
   925.00000000000000      -0.16898194515306417       -5.5370998299010793E-005
   926.00000000000000      -0.24208835110448451       -1.7556122054047333E-004
   927.00000000000000      -0.28737337389644763       -3.1241130875726207E-004
   928.00000000000000      -0.29963274850934057       -3.6087702944726722E-004
   929.00000000000000      -0.27745759769528539       -2.7709968185215606E-004
   930.00000000000000      -0.22339634386526133       -1.3494247111515148E-004
   931.00000000000000      -0.14366183787483913       -3.3367802918558701E-005
   932.00000000000000       -4.7417363604170044E-002  -1.1474293268637202E-006
   933.00000000000000        5.4276429739524054E-002   1.7237586940701295E-006
   934.00000000000000       0.14973264342046061        3.7944598227490739E-005
   935.00000000000000       0.22798121705672933        1.4417497670077931E-004
   936.00000000000000       0.28002963373812095        2.8594195653471521E-004
   937.00000000000000       0.29989636275269904        3.6198110680824063E-004
   938.00000000000000       0.28529827115232081        3.0474455402613792E-004
   939.00000000000000       0.23791300715014585        1.6578511095546270E-004
   940.00000000000000       0.16318620084564459        4.9630481861524556E-005
   941.00000000000000        6.9705638813066281E-002   3.6681579997947309E-006
   942.00000000000000       -3.1785665176026157E-002  -3.4459985922437232E-007
   943.00000000000000      -0.12962408295629987       -2.4282083172574743E-005
   944.00000000000000      -0.21256578545333060       -1.1487743879050306E-004
   945.00000000000000      -0.27107891000275380       -2.5608924297553621E-004
   946.00000000000000      -0.29843898574480249       -3.5591086185030095E-004
   947.00000000000000      -0.29150172626480708       -3.2811641121950852E-004
   948.00000000000000      -0.25106437820406763       -1.9804924057980876E-004
   949.00000000000000      -0.18177410012100220       -6.9691854871217537E-005
   950.00000000000000       -9.1593899853904912E-002  -8.3936005515331390E-006
   951.00000000000000        9.1124947608920252E-003   8.1015107031500625E-009
   952.00000000000000       0.10877165927659810        1.4174893371719948E-005
   953.00000000000000       0.19593051949151258        8.8444485306434290E-005
   954.00000000000000       0.26057256731276235        2.2419595030619282E-004
   955.00000000000000       0.29526898085409836        3.4298715665754197E-004
   956.00000000000000       0.29603236373896208        3.4606466510410806E-004
   957.00000000000000       0.26277498628116019        2.3061256758735843E-004
   958.00000000000000       0.19931886714445696        9.3424773015440889E-005
   959.00000000000000       0.11295653818624776        1.5910572238725628E-005
   960.00000000000000        1.3612968658725546E-002   2.7015890392477752E-008
   961.00000000000000       -8.7295036125621034E-002  -7.2528601715274729E-006
   962.00000000000000      -0.17817088295680947       -6.5418317087914359E-005
   963.00000000000000      -0.24857089783309433       -1.9159502696892207E-004
   964.00000000000000      -0.29040453952626066       -3.2388295443398513E-004
   965.00000000000000      -0.29886418403609022       -3.5767343586362365E-004
   966.00000000000000      -0.27297762845072066       -2.6220899889949588E-004
   967.00000000000000      -0.21571981873647070       -1.2047587227737049E-004
   968.00000000000000      -0.13367096213553481       -2.6697473464861567E-005
   969.00000000000000       -3.6260312703413185E-002  -5.1195707464707755E-007
   970.00000000000000        6.5317460207168859E-002   3.0137816130114535E-006
   971.00000000000000       0.15938879145496082        4.6106359692177297E-005
   972.00000000000000       0.23514277428936597        1.5952893206521560E-004
   973.00000000000000       0.28387357685052306        2.9956713986195040E-004
   974.00000000000000       0.29998093634641937        3.6233589137082609E-004
   975.00000000000000       0.28161375578072273        2.9149680805363011E-004
   976.00000000000000       0.23088283647120655        1.5025609716393538E-004
   977.00000000000000       0.15361829898816837        4.1094784158685661E-005
   978.00000000000000        5.8699572318435977E-002   2.1830816271803327E-006
   979.00000000000000       -4.2965051937947342E-002  -8.5278483144272511E-007
   980.00000000000000      -0.13969202802198469       -3.0592986982645251E-005
   981.00000000000000      -0.22036525590794404       -1.2908496247430619E-004
   982.00000000000000      -0.27571357169946098       -2.7122655103896105E-004
   983.00000000000000      -0.29937621208024612       -3.5980517803861509E-004
   984.00000000000000      -0.28863380889554796       -3.1714185663038008E-004
   985.00000000000000      -0.24472090518141337       -1.8194476227904492E-004
   986.00000000000000      -0.17268407881959677       -5.9275628143145941E-005
   987.00000000000000       -8.0801977671137434E-002  -5.7366839761021860E-006
   988.00000000000000        2.0366083841146583E-002   9.0515421343473718E-008
   989.00000000000000       0.11919362537962609        1.8760330376997363E-005
   990.00000000000000       0.20432314488826392        1.0114952227348686E-004
   991.00000000000000       0.26597135104133479        2.4017549522427356E-004
   992.00000000000000       0.29705348153511174        3.5021550541556131E-004
   993.00000000000000       0.29399750220649723        3.3790961365685196E-004
   994.00000000000000       0.25715461378924481        2.1451045870806687E-004
   995.00000000000000       0.19075889058270018        8.1218302701116350E-005
   996.00000000000000       0.10244069091617154        1.1802680090816372E-005
   997.00000000000000        2.3497574688252213E-003   1.3888087756819026E-010
   998.00000000000000       -9.8011215567589946E-002  -1.0314677622748252E-005
   999.00000000000000      -0.18710850120135894       -7.6381722396086024E-005
   1000.0000000000000      -0.25470282201645089       -2.0776268084956039E-004
   1001.0000000000000      -0.29302607392190522       -3.3407065647895188E-004
   1002.0000000000000      -0.29767405564765398       -3.5275743464803836E-004
   1003.0000000000000      -0.26811260966206624       -2.4675096162203570E-004
   1004.0000000000000      -0.20773900935964809       -1.0668346122612220E-004
   1005.0000000000000      -0.12349153623262135       -2.0916851161651104E-005
   1006.0000000000000       -2.5052114692344616E-002  -1.6856023175606527E-007
   1007.0000000000000        7.6266356903937987E-002   4.8155603448855918E-006
   1008.0000000000000       0.16882011295376237        5.5204610994521493E-005
   1009.0000000000000       0.24197265015396280        1.7528460295293468E-004
   1010.0000000000000       0.28731710110088959        3.1220141661595356E-004
   1011.0000000000000       0.29964237078609496        3.6091728243376446E-004
   1012.0000000000000       0.27753200918876186        2.7735245673287192E-004
   1013.0000000000000       0.22352699311844354        1.3519930074822945E-004
   1014.0000000000000       0.14383371030428471        3.3491761673038323E-005
   1015.0000000000000        4.7610707073604458E-002   1.1615738387381348E-006
   1016.0000000000000       -5.4083834335201343E-002  -1.7053882156269072E-006
   1017.0000000000000      -0.14956293001125293       -3.7811005566137308E-005
   1018.0000000000000      -0.22785388938371004       -1.4391240559069617E-004
   1019.0000000000000      -0.27995932465780476       -2.8569734831128684E-004
   1020.0000000000000      -0.29989115225756380       -3.6195925795801912E-004
   1021.0000000000000      -0.28535875810237105       -3.0496591370797845E-004
   1022.0000000000000      -0.23803224023404312       -1.6605845677827451E-004
   1023.0000000000000      -0.16335047738967165       -4.9787102908043987E-005
   1024.0000000000000       -6.9896079977481387E-002  -3.6985424153269950E-006
   1025.0000000000000        3.1590945470941427E-002   3.3829546728005850E-007
   1026.0000000000000       0.12944746249944286        2.4180260399662271E-005
   1027.0000000000000       0.21242756156171175        1.1463655890377936E-004
   1028.0000000000000       0.27099496795480738        2.5582127368060887E-004
   1029.0000000000000       0.29841897239365534        3.5582807152436936E-004
   1030.0000000000000       0.29154794147384305        3.2829568731979227E-004
   1031.0000000000000       0.25117151096165302        1.9833020366574270E-004
   1032.0000000000000       0.18192983840376994        6.9880959938880272E-005
   1033.0000000000000        9.1780345572911190E-002   8.4456610426386656E-006
   1034.0000000000000       -8.9167681796526316E-003  -7.5905436923818453E-009
   1035.0000000000000      -0.10858914494824735       -1.4102299656868971E-005
   1036.0000000000000      -0.19578219289818438       -8.8230977897979024E-005
   1037.0000000000000      -0.26047547424755108       -2.2391627017119808E-004
   1038.0000000000000      -0.29523427943900715       -3.4284777984123365E-004
   1039.0000000000000      -0.29606404208377329       -3.4619284627839339E-004
   1040.0000000000000      -0.26286940369851031       -2.3089076973953267E-004
   1041.0000000000000      -0.19946517300000066       -9.3644305249160895E-005
   1042.0000000000000      -0.11313791891338129       -1.5988934753448331E-005
   1043.0000000000000       -1.3808579333686366E-002  -2.8197677677037854E-008
   1044.0000000000000        8.7107675825480971E-002   7.2056907291329461E-006
   1045.0000000000000       0.17801330465454737        6.5235823812020169E-005
   1046.0000000000000       0.24846121065453966        1.9131482996724455E-004
   1047.0000000000000       0.29035534921410178        3.2369417267174997E-004
   1048.0000000000000       0.29888114363655544        3.5774388256375466E-004
   1049.0000000000000       0.27305878885510676        2.6247309538979453E-004
   1050.0000000000000       0.21585585298740434        1.2072176932969875E-004
   1051.0000000000000       0.13384623647962332        2.6805702416223203E-005
   1052.0000000000000        3.6454684380169827E-002   5.2025192074053729E-007
   1053.0000000000000       -6.5126328591659413E-002  -2.9872227080423908E-006
   1054.0000000000000      -0.15922286548894146       -4.5956535145102587E-005
   1055.0000000000000      -0.23502112276261022       -1.5925832742554161E-004
   1056.0000000000000      -0.28381018001616953       -2.9933837034849440E-004
   1057.0000000000000      -0.29998307992609580       -3.6234488725195188E-004
   1058.0000000000000      -0.28168119351957366       -2.9173514623804522E-004
   1059.0000000000000      -0.23100781808158266       -1.5052226067064882E-004
   1060.0000000000000      -0.15378646137521548       -4.1235127106752255E-005
   1061.0000000000000       -5.8891590124893749E-002  -2.2046955326785070E-006
   1062.0000000000000        4.2771246382629143E-002   8.4126304355477511E-007
   1063.0000000000000       0.13951870705040390        3.0475644983165457E-005
   1064.0000000000000       0.22023233779870463        1.2883249443771831E-004
   1065.0000000000000       0.27563633197285470        2.7096870517447080E-004
   1066.0000000000000       0.29936352733184518        3.5975224507074112E-004
   1067.0000000000000       0.28868713677741820        3.1734324095264823E-004
   1068.0000000000000       0.24483411728490623        1.8222316466168443E-004
   1069.0000000000000       0.17284416445795256        5.9448767254734631E-005
   1070.0000000000000        8.0990539143700968E-002   5.7773653378091527E-006
   1071.0000000000000       -2.0170716249733985E-002  -8.7933770887368350E-008
   1072.0000000000000      -0.11901390353248197       -1.8673650768605411E-005
   1073.0000000000000      -0.20417972334126835       -1.0092186431344992E-004
   1074.0000000000000      -0.26588071189169493       -2.3990017626879834E-004
   1075.0000000000000      -0.29702604121548903       -3.5010344501469712E-004
   1076.0000000000000      -0.29403641435468530       -3.3806411525098281E-004
   1077.0000000000000      -0.25725540638247735       -2.1479140084765898E-004
   1078.0000000000000      -0.19090998034620815       -8.1423133061045332E-005
   1079.0000000000000      -0.10262471450876688       -1.1867487256321783E-005
   1080.0000000000000       -2.5455662353791285E-003  -1.7657431923109390E-010
   1081.0000000000000        9.7826124711652626E-002   1.0255450354310873E-005
   1082.0000000000000       0.18695539906875927        7.6183527440540651E-005
   1083.0000000000000       0.25459930332949482        2.0748139558809676E-004
   1084.0000000000000       0.29298403557870689        3.3390531091513588E-004
   1085.0000000000000       0.29769832864940665        3.5285715690547243E-004
   1086.0000000000000       0.26820040462145872        2.4702350488184962E-004
   1087.0000000000000       0.20788023663150518        1.0691692568978099E-004
   1088.0000000000000       0.12366996538015554        2.1009906496078595E-005
   1089.0000000000000        2.5247240404778194E-002   1.7253369704645022E-007
   1090.0000000000000       -7.6076958678607379E-002  -4.7794398881396573E-006
   1091.0000000000000      -0.16865820859943451       -5.5038505534801450E-005
   1092.0000000000000      -0.24185684627865178       -1.7500806895566492E-004
   1093.0000000000000      -0.28726070593712422       -3.1199117961854613E-004
   1094.0000000000000      -0.29965186541694927       -3.6095700495056868E-004
   1095.0000000000000      -0.27760630254868018       -2.7760500991991742E-004
   1096.0000000000000      -0.22365754704715232       -1.3545630548063417E-004
   1097.0000000000000      -0.14400552133231145       -3.3615997539877242E-005
   1098.0000000000000       -4.7804030534844458E-002  -1.1758332680981995E-006
   1099.0000000000000        5.3891216163838337E-002   1.6871474838813713E-006
   1100.0000000000000       0.14939315300344821        3.7677693398405905E-005
   1101.0000000000000       0.22772646454495177        1.4364999120844511E-004
   1102.0000000000000       0.27988889620330382        2.8545248902378030E-004
   1103.0000000000000       0.29988581400442516        3.6193687448000489E-004
   1104.0000000000000       0.28541912343524617        3.0518695444945067E-004
   1105.0000000000000       0.23815137199171674        1.6633190882785486E-004
   1106.0000000000000       0.16351468457426102        4.9944007333881096E-005
   1107.0000000000000        7.0086491227560693E-002   3.7290913083802685E-006
   1108.0000000000000       -3.1396212445791813E-002  -3.3206819941261316E-007
   1109.0000000000000      -0.12927078664078254       -2.4078702115880446E-005
   1110.0000000000000      -0.21228924736481125       -1.1439589380830996E-004
   1111.0000000000000      -0.27091091057210687       -2.5555315428514824E-004
   1112.0000000000000      -0.29839883187553956       -3.5574477064110476E-004
   1113.0000000000000      -0.29159403253774185       -3.2847455907906536E-004
   1114.0000000000000      -0.25127853655742466       -1.9861118868437500E-004
   1115.0000000000000      -0.18208549895505033       -7.0070338439596428E-005
   1116.0000000000000       -9.1966752455849177E-002  -8.4979297686055599E-006
   1117.0000000000000        8.7210375202429469E-003   7.1015201398759873E-009
   1118.0000000000000       0.10840658461706400        1.4029942933053989E-005
   1119.0000000000000       0.19563378289399333        8.8017725022787244E-005
   1120.0000000000000       0.26037827007083791        2.2363653853485894E-004
   1121.0000000000000       0.29519945229200251        3.4270794328718001E-004
   1122.0000000000000       0.29609559424844623        3.4632055442028968E-004
   1123.0000000000000       0.26296370925770374        2.3116890017434757E-004
   1124.0000000000000       0.19961139408416134        9.3864085190159514E-005
   1125.0000000000000       0.11331925118050598        1.6067540921072772E-005
   1126.0000000000000        1.4004183846543948E-002   2.9413413325024478E-008
   1127.0000000000000       -8.6920278146655289E-002  -7.1587205840203109E-006
   1128.0000000000000      -0.17785565028666159       -6.5053607398510410E-005
   1129.0000000000000      -0.24835141777823283       -1.9103467478091637E-004
   1130.0000000000000      -0.29030603526931908       -3.2350500379538369E-004
   1131.0000000000000      -0.29889797592590306       -3.5781381138203541E-004
   1132.0000000000000      -0.27313983304133505       -2.6273702003598489E-004
   1133.0000000000000      -0.21599179508114716       -1.2096786953969078E-004
   1134.0000000000000      -0.13402145379998601       -2.6914200483309404E-005
   1135.0000000000000       -3.6649040803110815E-002  -5.2863550847720382E-007
   1136.0000000000000        6.4935169502483736E-002   2.9608180897207992E-006
   1137.0000000000000       0.15905687192446213        4.5806993926553747E-005
   1138.0000000000000       0.23489937093388297        1.5898784466444844E-004
   1139.0000000000000       0.28374666217687566        2.9910930187346740E-004
   1140.0000000000000       0.29998509569811094        3.6235334693012871E-004
   1141.0000000000000       0.28174851115492322        2.9197321231919505E-004
   1142.0000000000000       0.23113270145172157        1.5078856689515669E-004
   1143.0000000000000       0.15395455848302264        4.1375752273822448E-005
   1144.0000000000000        5.9083582567237156E-002   2.2264499342136014E-006
   1145.0000000000000       -4.2577422605089017E-002  -8.2984488889990609E-007
   1146.0000000000000      -0.13934532639097477       -3.0358576897848479E-005
   1147.0000000000000      -0.22009932605147109       -1.2858021482357347E-004
   1148.0000000000000      -0.27555897492452736       -2.7071065920588412E-004
   1149.0000000000000      -0.29935071502451421       -3.5969878611295607E-004
   1150.0000000000000      -0.28874034174311708       -3.1754426170522049E-004
   1151.0000000000000      -0.24494722491789028       -1.8250163207749723E-004
   1152.0000000000000      -0.17300417622947289       -5.9622186538154138E-005
   1153.0000000000000       -8.1179066380104026E-002  -5.8182341483379596E-006
   1154.0000000000000        1.9975339786031526E-002   8.5401615346037687E-008
   1155.0000000000000       0.11883413123716322        1.8587223285259057E-005
   1156.0000000000000       0.20403621480573392        1.0069444322576074E-004
   1157.0000000000000       0.26578995933691446        2.3962475706329342E-004
   1158.0000000000000       0.29699847439023136        3.4999089673847108E-004
   1159.0000000000000       0.29407520117626285        3.3821817503043301E-004
   1160.0000000000000       0.25735608951843680        2.1507231914612746E-004
   1161.0000000000000       0.19106098899001309        8.1628226321009119E-005
   1162.0000000000000       0.10280869411662147        1.1932521588668046E-005
   1163.0000000000000        2.7413736380341677E-003   2.2053631346334887E-010
   1164.0000000000000       -9.7640991913780104E-002  -1.0196442049432088E-005
   1165.0000000000000      -0.18680221706723302       -7.5985600277291170E-005
   1166.0000000000000      -0.25449567632091602       -2.0720010747398037E-004
   1167.0000000000000      -0.29294187241286335       -3.3373953958445280E-004
   1168.0000000000000      -0.29772247485440323       -3.5295638051821533E-004
   1169.0000000000000      -0.26828808519165026       -2.4729592549343614E-004
   1170.0000000000000      -0.20802137513668847       -1.0715061728789536E-004
   1171.0000000000000      -0.12384834183945302       -2.1103219800375909E-005
   1172.0000000000000       -2.5442355639291214E-002  -1.7656899882709593E-007
   1173.0000000000000        7.5887528311737756E-002   4.7434969103669148E-006
   1174.0000000000000       0.16849623262108079        5.4872682444907049E-005
   1175.0000000000000       0.24174093919742137        1.7473161845719503E-004
   1176.0000000000000       0.28720418830834671        3.1178059808167880E-004
   1177.0000000000000       0.29966123237076392        3.6099619672690477E-004
   1178.0000000000000       0.27768047753137931        2.7785733983260439E-004
   1179.0000000000000       0.22378800587508399        1.3571348533512106E-004
   1180.0000000000000       0.14417727125337579        3.3740510897159355E-005
   1181.0000000000000        4.7997333353844061E-002   1.1902080211451417E-006
   1182.0000000000000       -5.3698575032711839E-002  -1.6690360358057591E-006
   1183.0000000000000      -0.14922331210594300       -3.7544661360736187E-005
   1184.0000000000000      -0.22759894286756832       -1.4338773468298063E-004
   1185.0000000000000      -0.27981834860560356       -2.8520738021907286E-004
   1186.0000000000000      -0.29988034798032365       -3.6191395639916912E-004
   1187.0000000000000      -0.28547936725429557       -3.0540767592747485E-004
   1188.0000000000000      -0.23827040211754780       -1.6660546585526735E-004
   1189.0000000000000      -0.16367882186085994       -5.0101194678126538E-005
   1190.0000000000000       -7.0276872889679168E-002  -3.7598051489488675E-006
   1191.0000000000000        3.1201465766747580E-002   3.2591757537006487E-007
   1192.0000000000000       0.12909405595976534        2.3977408420057144E-005
   1193.0000000000000       0.21215084272439780        1.1415544358092287E-004
   1194.0000000000000       0.27082673765059118        2.5528488489309108E-004
   1195.0000000000000       0.29837856425651021        3.5566095976568061E-004
   1196.0000000000000       0.29163999930533779        3.2865302531497986E-004
   1197.0000000000000       0.25138545525120221        1.9889219566349354E-004
   1198.0000000000000       0.18224108215273130        7.0259990760771635E-005
   1199.0000000000000        9.2153119891357313E-002   8.5504069244938003E-006
   1200.0000000000000       -8.5253034246038986E-003  -6.6339603922877045E-009
