   1.0000000000000000        0.0000000000000000        0.0000000000000000     
   2.0000000000000000      -0.13550508333348221       -2.7845161157386964E-005
   3.0000000000000000      -0.24178935886610137       -1.7484706429970413E-004
   4.0000000000000000      -0.29593329980813909       -3.4566406288854374E-004
   5.0000000000000000      -0.28626111029353829       -3.0828324112723950E-004
   6.0000000000000000      -0.21485853636061356       -1.1892757263450878E-004
   7.0000000000000000       -9.7123088112671174E-002  -1.0032598161870618E-005
   8.0000000000000000        4.1556335233314319E-002   7.7140214427404447E-007
   9.0000000000000000       0.17127439967749600        5.7766482992564037E-005
   10.000000000000000       0.26405823116714039        2.3441583297453670E-004
   11.000000000000000       0.29989958765022068        3.6199463010111856E-004
   12.000000000000000       0.27106950897541221        2.5605922112671107E-004
   13.000000000000000       0.18378501790951832        7.2162052685593645E-005
   14.000000000000000        5.6868458781250020E-002   1.9840756741650866E-006
   15.000000000000000       -8.2311421121361944E-002  -6.0678325953160250E-006
   16.000000000000000      -0.20374136753996777       -1.0022836744748542E-004
   17.000000000000000      -0.28123578625773121       -2.9016381355302136E-004
   18.000000000000000      -0.29808349966666647       -3.5444258706939430E-004
   19.000000000000000      -0.25065140572156319       -1.9696902612655200E-004
   20.000000000000000      -0.14916793324300798       -3.7501355847142299E-005
   21.000000000000000       -1.5517346443958885E-002  -4.0019435217828855E-008
   22.000000000000000       0.12147945724122765        1.9887111872267009E-005
   23.000000000000000       0.23227999002355854        1.5325161245113280E-004
   24.000000000000000       0.29299082301502916        3.3393200292279861E-004
   25.000000000000000       0.29052005192251723        3.2432660833548680E-004
   26.000000000000000       0.22540048278293073        1.3892229383034047E-004
   27.000000000000000       0.11167473575578246        1.5364291915094935E-005
   28.000000000000000       -2.6132956460288289E-002  -1.9135740884184906E-007
   29.000000000000000      -0.15830524313147892       -4.5134159561371526E-005
   30.000000000000000      -0.25634001282167307       -2.1225020899111026E-004
   31.000000000000000      -0.29909669211258932       -3.5864019134751349E-004
   32.000000000000000      -0.27735507554989774       -2.7675171015337474E-004
   33.000000000000000      -0.19580360421514112       -8.8261775104201215E-005
   34.000000000000000       -7.2028333266349207E-002  -4.0504124623647272E-006
   35.000000000000000        6.7279388796210815E-002   3.2956597324472830E-006
   36.000000000000000       0.19207873936033493        8.3020247535923482E-005
   37.000000000000000       0.27545753368201104        2.7037256401106111E-004
   38.000000000000000       0.29943566604454319        3.6005335999239477E-004
   39.000000000000000       0.25884240498064731        2.1925217065357983E-004
   40.000000000000000       0.16243142859369997        4.8915363621579910E-005
   41.000000000000000        3.0993149622342276E-002   3.1942316782392937E-007
   42.000000000000000      -0.10712860458077723       -1.3530529842682967E-005
   43.000000000000000      -0.22214875781551080       -1.3250817766049565E-004
   44.000000000000000      -0.28926394693016289       -3.1952793357274131E-004
   45.000000000000000      -0.29400120904136678       -3.3792432931566900E-004
   46.000000000000000      -0.23533898376005602       -1.5996611211118480E-004
   47.000000000000000      -0.12592740618011736       -2.2212053347692512E-005
   48.000000000000000        1.0639614149599559E-002   1.2896243162909891E-008
   49.000000000000000       0.14491226948218527        3.4277007051583720E-005
   50.000000000000000       0.24793551727279944        1.8997625841214792E-004
   51.000000000000000       0.29749305056093683        3.5201450810175137E-004
   52.000000000000000       0.28289810308242186        2.9606227394562556E-004
   53.000000000000000       0.20729798226389953        1.0595679854289399E-004
   54.000000000000000        8.6995372445800939E-002   7.1775175058637413E-006
   55.000000000000000       -5.2067235117098189E-002  -1.5208649014565171E-006
   56.000000000000000      -0.17990187519260820       -6.7447144011556728E-005
   57.000000000000000      -0.26894182219405438       -2.4933440333254123E-004
   58.000000000000000      -0.29998617890147294       -3.6235789292198212E-004
   59.000000000000000      -0.26634042760149029       -2.4129909641237149E-004
   60.000000000000000      -0.17526006016144779       -6.2105685432516480E-005
   61.000000000000000       -4.6385977489809466E-002  -1.0739221793908622E-006
   62.000000000000000        9.2490945662123833E-002   8.6460926827210610E-006
   63.000000000000000       0.21142278572223039        1.1289670576815475E-004
   64.000000000000000       0.28476264919967986        3.0278988830962587E-004
   65.000000000000000       0.29669526184757933        3.4875485727965661E-004
   66.000000000000000       0.24464743178145662        1.8176425458823754E-004
   67.000000000000000       0.13984294191310440        3.0695415172307493E-005
   68.000000000000000        4.8822126821291990E-003   1.2457833129036009E-009
   69.000000000000000      -0.13113133460492643       -2.5163149244089932E-005
   70.000000000000000      -0.23886724513614516       -1.6798224988760438E-004
   71.000000000000000      -0.29509295628460236       -3.4228062599163351E-004
   72.000000000000000      -0.28768375170401189       -3.1357098865815675E-004
   73.000000000000000      -0.21823737915169536       -1.2508696098205026E-004
   74.000000000000000      -0.10172950636535576       -1.1554496337404616E-005
   75.000000000000000        3.6715686261561888E-002   5.3153093710139832E-007
   76.000000000000000       0.16724337512271917        5.3602037922512806E-005
   77.000000000000000       0.26170609575691517        2.2748102522380633E-004
   78.000000000000000       0.29973356439814997        3.6129895174820815E-004
   79.000000000000000       0.27312539973999861        2.6269000213678331E-004
   80.000000000000000       0.18761948294724576        7.7045893127620179E-005
   81.000000000000000        6.1654620143728862E-002   2.5318273246337230E-006
   82.000000000000000       -7.7605668638606476E-002  -5.0762643935849016E-006
   83.000000000000000      -0.20013078947219806       -9.4647807596095552E-005
   84.000000000000000      -0.27949898076332857       -2.8409983640718939E-004
   85.000000000000000      -0.29859499778380133       -3.5655677205284229E-004
   86.000000000000000      -0.25330090614047457       -2.0397797686194777E-004
   87.000000000000000      -0.15338408808820309       -4.0899879645635774E-005
   88.000000000000000       -2.0390968783061150E-002  -9.0847845523374472E-008
   89.000000000000000       0.11699933301156146        1.7720817297275772E-005
   90.000000000000000       0.22915947414669027        1.4662172784526124E-004
   91.000000000000000       0.29190283485628632        3.2967496123000332E-004
   92.000000000000000       0.29169920919581449        3.2888302119297232E-004
   93.000000000000000       0.22859250774147932        1.4544053932501644E-004
   94.000000000000000       0.11619128855425945        1.7348231213775824E-005
   95.000000000000000       -2.1265841653990723E-002  -1.0305920383617347E-007
   96.000000000000000      -0.15413712861271975       -4.1528867097132552E-005
   97.000000000000000      -0.25376972592774211       -2.0523772470136054E-004
   98.000000000000000      -0.29867849883722830       -3.5690286111757165E-004
   99.000000000000000      -0.27917915659417442       -2.8299408529749493E-004
   100.00000000000000      -0.19947660812466309       -9.3661479481242806E-005
   101.00000000000000       -7.6758200151928691E-002  -4.9102214707793908E-006
   102.00000000000000        6.2512624590355809E-002   2.6396835956846921E-006
   103.00000000000000       0.18830300016199888        7.7940822383794570E-005
   104.00000000000000       0.27348703359079868        2.6387003369542089E-004
   105.00000000000000       0.29969533084935562        3.6113889505991724E-004
   106.00000000000000       0.26127623962970470        2.2623093550241659E-004
   107.00000000000000       0.16651459215193848        5.2872600814958560E-005
   108.00000000000000        3.5845133885812092E-002   4.9453643142760638E-007
   109.00000000000000      -0.10255409910228418       -1.1842590116478486E-005
   110.00000000000000      -0.21883819408028091       -1.2620639444612557E-004
   111.00000000000000      -0.28793122691321926       -3.1449807313448130E-004
   112.00000000000000      -0.29493372532244566       -3.4164249851781179E-004
   113.00000000000000      -0.23833564514501454       -1.6675555204338273E-004
   114.00000000000000      -0.13034200173562363       -2.4699028238149763E-005
   115.00000000000000        5.7590638258648357E-003   2.0448329124334498E-009
   116.00000000000000       0.14061822396930709        3.1225387692410795E-005
   117.00000000000000       0.24515396011470220        1.8301144013077749E-004
   118.00000000000000       0.29682380685033566        3.4927844322273928E-004
   119.00000000000000       0.28448549095008863        3.0178232330409195E-004
   120.00000000000000       0.21079969162573131        1.1182756661061198E-004
   121.00000000000000        9.1656281990352820E-002   8.4109949014483359E-006
   122.00000000000000       -4.7252220834402718E-002  -1.1354397076894119E-006
   123.00000000000000      -0.17597108332119113       -6.2903520274810664E-005
   124.00000000000000      -0.26674290295449499       -2.4252899947176001E-004
   125.00000000000000      -0.29999331521655648       -3.6238784377374606E-004
   126.00000000000000      -0.26855208057034058       -2.4811755461660314E-004
   127.00000000000000      -0.17919930092786832       -6.6618330583422322E-005
   128.00000000000000       -5.1203333874812074E-002  -1.4461008061250714E-006
   129.00000000000000        8.7834305867400056E-002   7.3897946847555311E-006
   130.00000000000000       0.20793103721801781        1.0700099623167620E-004
   131.00000000000000       0.28318876530194714        2.9710323323304101E-004
   132.00000000000000       0.29737864059029012        3.5154556117840071E-004
   133.00000000000000       0.24744070689314535        1.8872283193058009E-004
   134.00000000000000       0.14414376141431909        3.3716192027065934E-005
   135.00000000000000        9.7631322516923101E-003   9.9640168673213361E-009
   136.00000000000000      -0.12672285417160997       -2.2646736305452881E-005
   137.00000000000000      -0.23588186455425922       -1.6118040764398408E-004
   138.00000000000000      -0.29417445385417601       -3.3861265667420510E-004
   139.00000000000000      -0.28903019662158919       -3.1864116772451477E-004
   140.00000000000000      -0.22155841915017169       -1.3136773488347950E-004
   141.00000000000000      -0.10630898033029228       -1.3216726048315623E-005
   142.00000000000000        3.1865312710894510E-002   3.4720104737575168E-007
   143.00000000000000       0.16316805410758228        4.9613202213238803E-005
   144.00000000000000       0.25928464432147252        2.2050778730285978E-004
   145.00000000000000       0.29948815311528293        3.6027257318583877E-004
   146.00000000000000       0.27510894998912883        2.6921327106226402E-004
   147.00000000000000       0.19140425475607109        8.2095823937789367E-005
   148.00000000000000        6.6424451587747124E-002   3.1707391086238198E-006
   149.00000000000000       -7.2879361317555610E-002  -4.1969330491410728E-006
   150.00000000000000      -0.19646720433248702       -8.9220145818864893E-005
   151.00000000000000      -0.27768814662288421       -2.7788343891288405E-004
   152.00000000000000      -0.29902740943382544       -3.5835190011876584E-004
   153.00000000000000      -0.25588331676390991       -2.1099102746384110E-004
   154.00000000000000      -0.15755961728888859       -4.4473620659028599E-005
   155.00000000000000       -2.5259190294795026E-002  -1.7277905165746823E-007
   156.00000000000000       0.11248822013811381        1.5709463659235495E-005
   157.00000000000000       0.22597826265846652        1.4008568445612142E-004
   158.00000000000000       0.29073753274045833        3.2516320161734104E-004
   159.00000000000000       0.29280110642850787        3.3318656779629025E-004
   160.00000000000000       0.23172398720560886        1.5205423453098298E-004
   161.00000000000000       0.12067706665676319        1.9486412950377621E-005
   162.00000000000000       -1.6393094378126239E-002  -4.7187887879996656E-008
   163.00000000000000      -0.14992818906502633       -3.8098935438951397E-005
   164.00000000000000      -0.25113222510286742       -1.9822713855756216E-004
   165.00000000000000      -0.29818119697897177       -3.5484562716280239E-004
   166.00000000000000      -0.28092929369815350       -2.8908641053617572E-004
   167.00000000000000      -0.20309677827604938       -9.9214931221271632E-005
   168.00000000000000       -8.1467736724826545E-002  -5.8811905878206313E-006
   169.00000000000000        5.7729303149340640E-002   2.0760411813091487E-006
   170.00000000000000       0.18447738664292265        7.3026924914855061E-005
   171.00000000000000       0.27144409717274115        2.5725757123402980E-004
   172.00000000000000       0.29987561775354721        3.6189412432275600E-004
   173.00000000000000       0.26364087213402099        2.3317360758573163E-004
   174.00000000000000       0.17055365232395281        5.7005552191443436E-005
   175.00000000000000        4.0687624135792785E-002   7.2390490112029515E-007
   176.00000000000000       -9.7952430941030885E-002  -1.0295841911113303E-005
   177.00000000000000      -0.21546966842550153       -1.2002466247422087E-004
   178.00000000000000      -0.28652224485856198       -3.0924853468764125E-004
   179.00000000000000      -0.29578812487014794       -3.4507765981230186E-004
   180.00000000000000      -0.24126918047673662       -1.7360982431725039E-004
   181.00000000000000      -0.13472207464918312       -2.7351089972098436E-005
   182.00000000000000        8.7698814502525178E-004   7.2202053693077422E-012
   183.00000000000000       0.13628693403381273        2.8344661431291257E-005
   184.00000000000000       0.24230747100072925        1.7608599514566838E-004
   185.00000000000000       0.29607594579785607        3.4624102244527259E-004
   186.00000000000000       0.28599752944088264        3.0731131306653510E-004
   187.00000000000000       0.21424556819883922        1.1783463072250571E-004
   188.00000000000000        9.6292915319458827E-002   9.7737233559211342E-006
   189.00000000000000       -4.2424691182699127E-002  -8.2092093647716053E-007
   190.00000000000000      -0.17199368335589216       -5.8533053330053783E-005
   191.00000000000000      -0.26447333363464498       -2.3565639568610817E-004
   192.00000000000000      -0.29992099470458211       -3.6208440872012891E-004
   193.00000000000000      -0.27069260432383235       -2.5485783713862729E-004
   194.00000000000000      -0.18309107858319090       -7.1302632092715357E-005
   195.00000000000000       -5.6007128408604681E-002  -1.8948381374858427E-006
   196.00000000000000        8.3154402137199199E-002   6.2582860460384048E-006
   197.00000000000000       0.20438421571109203        1.0124657591896433E-004
   198.00000000000000       0.28153987547638210        2.9123587584797036E-004
   199.00000000000000       0.29798325503045864        3.5402941758105432E-004
   200.00000000000000       0.25016844434754915        1.9571143662260970E-004
   201.00000000000000       0.14840640268170238        3.6909396871332627E-005
   202.00000000000000        1.4641465903736633E-002   3.3615898841796618E-008
   203.00000000000000      -0.12228080970286394       -2.0292930194548383E-005
   204.00000000000000      -0.23283400785437011       -1.5445172155174349E-004
   205.00000000000000      -0.29317803579993063       -3.3466889585311596E-004
   206.00000000000000      -0.29030008841733995       -3.2348219750925964E-004
   207.00000000000000      -0.22482077672174947       -1.3776226408480262E-004
   208.00000000000000      -0.11086029705470210       -1.5023966235511799E-005
   209.00000000000000        2.7006499284876643E-002   2.1121898034606660E-007
   210.00000000000000       0.15904951613555346        4.5800375163878562E-005
   211.00000000000000       0.25679451827431526        2.1350905165332649E-004
   212.00000000000000       0.29916341880830927        3.5891802179900700E-004
   213.00000000000000       0.27701963430647303        2.7561556839231775E-004
   214.00000000000000       0.19513833079932855        8.7308509065439811E-005
   215.00000000000000        7.1176689651233582E-002   3.9072818534023017E-006
   216.00000000000000       -6.8133751091591560E-002  -3.4237677045128906E-006
   217.00000000000000      -0.19275158255086677       -8.3949902529642634E-005
   218.00000000000000      -0.27580376342092461       -2.7152787598011714E-004
   219.00000000000000      -0.29938062009477234       -3.5982357396907035E-004
   220.00000000000000      -0.25839795365934237       -2.1799580616153934E-004
   221.00000000000000      -0.16169341499524395       -4.8223205692487974E-005
   222.00000000000000       -3.0120721676716193E-002  -2.9316341250266742E-007
   223.00000000000000       0.10794731334609592        1.3849039153698698E-005
   224.00000000000000       0.22273719807198636        1.3365224600140886E-004
   225.00000000000000       0.28949522528595062        3.2040723934504203E-004
   226.00000000000000       0.29382545179271657        3.3722715503633588E-004
   227.00000000000000       0.23479409183773708        1.5875423557199880E-004
   228.00000000000000       0.12513088205519768        2.1782599087567534E-005
   229.00000000000000       -1.1516005124928598E-002  -1.6353524562787420E-008
   230.00000000000000      -0.14567953917834267       -3.4843396019336957E-005
   231.00000000000000      -0.24842820885891961       -1.9123058749508825E-004
   232.00000000000000      -0.29760491825112928       -3.5247351629921010E-004
   233.00000000000000      -0.28260502332210286       -2.9501555782400203E-004
   234.00000000000000      -0.20666315583591596       -1.0491719456173922E-004
   235.00000000000000       -8.6155695624316506E-002  -6.9692349297769478E-006
   236.00000000000000        5.2930691444594689E-002   1.5981389888311392E-006
   237.00000000000000       0.18060291210401616        6.8281485046327694E-005
   238.00000000000000       0.26932926554634412        2.5054865224263291E-004
   239.00000000000000       0.29997647900446167        3.6231718598053861E-004
   240.00000000000000       0.26593567617616198        2.4006710272068271E-004
   241.00000000000000       0.17454753928782382        6.1313447757156575E-005
   242.00000000000000        4.5519337746160481E-002   1.0146523947731805E-006
   243.00000000000000       -9.3324818937195034E-002  -8.8853920724125107E-006
   244.00000000000000      -0.21204407307028619       -1.1397020694185706E-004
   245.00000000000000      -0.28503737396287376       -3.0379121585639551E-004
   246.00000000000000      -0.29656418138123886       -3.4822158742466844E-004
   247.00000000000000      -0.24413881275292046       -1.8051840526949088E-004
   248.00000000000000      -0.13906646477502246       -3.0170945341610545E-005
   249.00000000000000       -4.0053197817180560E-003  -6.8785340125052452E-010
   250.00000000000000       0.13191954690113999        2.5632614046829305E-005
   251.00000000000000       0.23939680386886830        1.6921098058234545E-004
   252.00000000000000       0.29524966548740245        3.4290957172076705E-004
   253.00000000000000       0.28743381803583551        3.1263688354099160E-004
   254.00000000000000       0.21763469921554016        1.2397144513291692E-004
   255.00000000000000       0.10090404424925585        1.1270930866936591E-005
   256.00000000000000       -3.7585924912006193E-002  -5.7031764788562782E-007
   257.00000000000000      -0.16797072885859235       -5.4337142025132559E-005
   258.00000000000000      -0.26213371541434111       -2.2872987546468046E-004
   259.00000000000000      -0.29976923652274129       -3.6144833663570661E-004
   260.00000000000000      -0.27276143186538526       -2.6150650182153062E-004
   261.00000000000000      -0.18693436242643249       -7.6156323916444727E-005
   262.00000000000000       -6.0796088851530650E-002  -2.4269126258365729E-006
   263.00000000000000        7.8452473899476169E-002   5.2459290066024103E-006
   264.00000000000000       0.20078326054296511        9.5639070081056095E-005
   265.00000000000000       0.27981641641504240        2.8520066938306156E-004
   266.00000000000000       0.29850894504082831        3.5620038698637327E-004
   267.00000000000000       0.25282992172852004        2.0271836205350648E-004
   268.00000000000000       0.15262973673452035        4.0276546418664824E-005
   269.00000000000000        1.9515921657743410E-002   7.9640107770850097E-008
   270.00000000000000      -0.11780637769599714       -1.8098403206128630E-005
   271.00000000000000      -0.22972448223180444       -1.4780594525165477E-004
   272.00000000000000      -0.29210396602884009       -3.3045868178457698E-004
   273.00000000000000      -0.29149309077162117       -3.2808292137333900E-004
   274.00000000000000      -0.22802358781588647       -1.4426243150276379E-004
   275.00000000000000      -0.11538225116512993       -1.6980622383714715E-005
   276.00000000000000        2.2140532863820377E-002   1.1631690951637269E-007
   277.00000000000000       0.15488885193297189        4.2163513459141479E-005
   278.00000000000000       0.25423637712102637        2.0649753461919677E-004
   279.00000000000000       0.29875944747771366        3.5723862680970024E-004
   280.00000000000000       0.27885694665328403        2.8188349259809786E-004
   281.00000000000000       0.19882072216903160        9.2680113252480135E-005
   282.00000000000000        7.5910075715334438E-002   4.7477654984732853E-006
   283.00000000000000       -6.3370094756719356E-002  -2.7505192965857841E-006
   284.00000000000000      -0.18898490820226671       -7.8841093500137171E-005
   285.00000000000000      -0.27384633028431926       -2.6504651825973023E-004
   286.00000000000000      -0.29965453620445898       -3.6096817930524733E-004
   287.00000000000000      -0.26084415075760425       -2.2497968187724568E-004
   288.00000000000000      -0.16578438620312297       -5.2148834107557048E-005
   289.00000000000000       -3.4974275224242818E-002  -4.5929263022928043E-007
   290.00000000000000       0.10337781547902328        1.2135239979862721E-005
   291.00000000000000       0.21943713886715691        1.2732970247110139E-004
   292.00000000000000       0.28817624156832772        3.1541806896176922E-004
   293.00000000000000       0.29477197396196786        3.4099523850246135E-004
   294.00000000000000       0.23780200839601220        1.6553094697728874E-004
   295.00000000000000       0.12955155503873936        2.4240234498757016E-005
   296.00000000000000       -6.6358657894863768E-003  -3.1282846320660069E-009
   297.00000000000000      -0.14139230431847305       -3.1760874853360363E-005
   298.00000000000000      -0.24565839346437851       -1.8425989701339166E-004
   299.00000000000000      -0.29694981529130815       -3.4979230441507727E-004
   300.00000000000000      -0.28420590159378445       -3.0076859325544681E-004
   301.00000000000000      -0.21017479608062167       -1.1076282616529921E-004
   302.00000000000000       -9.0820835087924517E-002  -8.1800678729877050E-006
   303.00000000000000        4.8118060411786678E-002   1.1992452478885314E-006
   304.00000000000000       0.17668060266266220        6.3706943032960779E-005
   305.00000000000000       0.26714309883575765        2.4375673474287963E-004
   306.00000000000000       0.29999788788909942        3.6240703615124674E-004
   307.00000000000000       0.26816004396693405        2.4689818375871924E-004
   308.00000000000000       0.17849519529990929        6.5795056726444630E-005
   309.00000000000000        5.0338995014326426E-002   1.3738071061809951E-006
   310.00000000000000       -8.8672488669734054E-002  -7.6060986227718403E-006
   311.00000000000000      -0.20856231530073518       -1.0804975384272024E-004
   312.00000000000000      -0.28347700747934179       -2.9813836167640566E-004
   313.00000000000000      -0.29726168931424074       -3.5106671225977474E-004
   314.00000000000000      -0.24694378197793507       -1.8747037517901635E-004
   315.00000000000000      -0.14337402148080050       -3.3160941170722325E-005
   316.00000000000000       -8.8865669213275215E-003  -7.5136669999017310E-009
   317.00000000000000       0.12751721929526860        2.3086666502452671E-005
   318.00000000000000       0.23642272958106925        1.6239706459836208E-004
   319.00000000000000       0.29434518476415017        3.3929208441925234E-004
   320.00000000000000       0.28879397635778137        3.1774700752270870E-004
   321.00000000000000       0.22096618707356092        1.3023096347542003E-004
   322.00000000000000       0.10548844759887532        1.2907601570445334E-005
   323.00000000000000       -3.2737203558591381E-002  -3.7653901229416435E-007
   324.00000000000000      -0.16390328524193618       -5.0316720681331795E-005
   325.00000000000000      -0.25972466793754673       -2.2176258195460996E-004
   326.00000000000000      -0.29953808086166644       -3.6048119615832429E-004
   327.00000000000000      -0.27475801527236082       -2.6805007483443009E-004
   328.00000000000000      -0.19072813446175349       -8.1176652713649104E-005
   329.00000000000000       -6.5568946652994689E-002  -3.0489688478351704E-006
   330.00000000000000        7.3729766583106579E-002   4.3468794318147045E-006
   331.00000000000000       0.19712912557280474        9.0183596875341917E-005
   332.00000000000000       0.27801884461978504        2.7901067719684667E-004
   333.00000000000000       0.29895557137105805        3.5805317097108424E-004
   334.00000000000000       0.25542443407235843        2.0973157988707689E-004
   335.00000000000000       0.15681264503167500        4.3818756314889168E-005
   336.00000000000000        2.4385208385831292E-002   1.5544149828323946E-007
   337.00000000000000      -0.11330074319328147       -1.6059505710608782E-005
   338.00000000000000      -0.22655411132487646       -1.4125238660385740E-004
   339.00000000000000      -0.29095252900413260       -3.2599191468919703E-004
   340.00000000000000      -0.29260888768473498       -3.3243264723281841E-004
   341.00000000000000      -0.23116600417419533       -1.5085964239365670E-004
   342.00000000000000      -0.11987364490247823       -1.9090812738871688E-005
   343.00000000000000        1.7268702187522939E-002   5.5164228770676418E-008
   344.00000000000000       0.15068716368106469        3.8702142687081737E-005
   345.00000000000000       0.25161089837791323        1.9948570459270756E-004
   346.00000000000000       0.29827634613918025        3.5523850616642926E-004
   347.00000000000000       0.28062040042006242        2.8800374228647832E-004
   348.00000000000000       0.20245045338278186        9.8206297508030094E-005
   349.00000000000000        8.0623356153295300E-002   5.6983264136377185E-006
   350.00000000000000       -5.8589654229218142E-002  -2.1707733679386286E-006
   351.00000000000000      -0.18516817888057960       -7.3897233500146316E-005
   352.00000000000000      -0.27181636572182616       -2.5845280939233907E-004
   353.00000000000000      -0.29984908522075560       -3.6178289939256753E-004
   354.00000000000000      -0.26322126008703461       -2.3192979587624205E-004
   355.00000000000000      -0.16983144748678555       -5.6250266985215523E-005
   356.00000000000000       -3.9818565277043437E-002  -6.7838823095547128E-007
   357.00000000000000        9.8780936692469304E-002   1.0563483822479968E-005
   358.00000000000000       0.21607895920114720        1.2112586012388538E-004
   359.00000000000000       0.28678093089850815        3.1020712352808897E-004
   360.00000000000000       0.29564042221478359        3.4448185864625539E-004
   361.00000000000000       0.24074694028371982        1.7237433758283570E-004
   362.00000000000000       0.13393791461412574        2.6862433364632355E-005
   363.00000000000000       -1.7539687956036104E-003  -5.7761222401715441E-011
   364.00000000000000      -0.13706762013525459       -2.8849604934628080E-005
   365.00000000000000      -0.24282351245882208       -1.7732655408937763E-004
   366.00000000000000      -0.29621606163350223       -3.4680849375673585E-004
   367.00000000000000      -0.28573150454719165       -3.0633282103569438E-004
   368.00000000000000      -0.21363076911107934       -1.1674587627109995E-004
   369.00000000000000       -9.5461919630989753E-002  -9.5191880024055320E-006
   370.00000000000000        4.3292684664812293E-002   8.7250215632278975E-007
   371.00000000000000       0.17271149724464138        5.9305256732129061E-005
   372.00000000000000       0.26488617604064724        2.3689521932175161E-004
   373.00000000000000       0.29993983873504931        3.6216345303662198E-004
   374.00000000000000       0.27031338638616181        2.5365349716779451E-004
   375.00000000000000       0.18239557471870432        7.0448678077995053E-005
   376.00000000000000        5.5145319464953213E-002   1.8082897359895459E-006
   377.00000000000000       -8.3996672430138933E-002  -6.4525843043784735E-006
   378.00000000000000      -0.20502531725113451       -1.0226952569801381E-004
   379.00000000000000      -0.28184155871044475       -2.9230252199425233E-004
   380.00000000000000      -0.29788046393410550       -3.5360615122567094E-004
   381.00000000000000      -0.24968334518052668       -1.9445443921385394E-004
   382.00000000000000      -0.14764360391929757       -3.6323051098661324E-005
   383.00000000000000       -1.3765460347105183E-002  -2.7934269794581739E-008
   384.00000000000000       0.12308111716173184        2.0703888305164528E-005
   385.00000000000000       0.23338603589776066        1.5565450666674716E-004
   386.00000000000000       0.29336274317604855        3.3539719046825388E-004
   387.00000000000000       0.29007764409575332        3.2263003222880585E-004
   388.00000000000000       0.22423914943481174        1.3660564391914246E-004
   389.00000000000000       0.11004491093799247        1.4688462028543041E-005
   390.00000000000000       -2.7879811294875517E-002  -2.3240611576776429E-007
   391.00000000000000      -0.15979242999261167       -4.6472269253984178E-005
   392.00000000000000      -0.25724682923342379       -2.1476748254629007E-004
   393.00000000000000      -0.29922758895732798       -3.5918536948988659E-004
   394.00000000000000      -0.27668182575271177       -2.7447509099149715E-004
   395.00000000000000      -0.19447138975675729       -8.6360371627722742E-005
   396.00000000000000       -7.0324437800924178E-002  -3.7675052384288423E-006
   397.00000000000000        6.8987531189720300E-002   3.5550998260966821E-006
   398.00000000000000       0.19342277853753287        8.4884767308827312E-005
   399.00000000000000       0.27614763625364813        2.7267912919704386E-004
   400.00000000000000       0.29932301573958647        3.5958323336680143E-004
   401.00000000000000       0.25795129412002699        2.1673876775018896E-004
   402.00000000000000       0.16095401961903139        4.7536728753496737E-005
   403.00000000000000        2.9248036259976781E-002   2.6837974556838372E-007
   404.00000000000000      -0.10876509962983753       -1.4172279894260434E-005
   405.00000000000000      -0.22332373493762470       -1.3479989359674403E-004
   406.00000000000000      -0.28972402971252514       -3.2127901976835454E-004
   407.00000000000000      -0.29364718359588965       -3.3652118714179051E-004
   408.00000000000000      -0.23424719344376627       -1.5754483514724557E-004
   409.00000000000000      -0.12433328854011132       -2.1358354638394204E-005
   410.00000000000000        1.2392297688335746E-002   2.0379014196022751E-008
   411.00000000000000       0.14644556400692296        3.5415368300334267E-005
   412.00000000000000       0.24891877747062272        1.9248575184356109E-004
   413.00000000000000       0.29771424272024793        3.5292254984435308E-004
   414.00000000000000       0.28230952850811664        2.9396315900901868E-004
   415.00000000000000       0.20602656327044014        1.0388221742281020E-004
   416.00000000000000        8.5315282528407782E-002   6.7649145489535728E-006
   417.00000000000000       -5.3793695392542237E-002  -1.6779625208633195E-006
   418.00000000000000      -0.18130240554586691       -6.9121341054790561E-005
   419.00000000000000      -0.26971440727774437       -2.5176022337368187E-004
   420.00000000000000      -0.29996421561053577       -3.6226572620120948E-004
   421.00000000000000      -0.26552865217774430       -2.3883309568333195E-004
   422.00000000000000      -0.17383352687467626       -6.0526816070247087E-005
   423.00000000000000       -4.4652309044004877E-002  -9.5758997632048974E-007
   424.00000000000000        9.4157894590084779E-002   9.1289236634481913E-006
   425.00000000000000       0.21266354833595141        1.1504803282537343E-004
   426.00000000000000       0.28530966285957970        3.0478623375981758E-004
   427.00000000000000       0.29643056658192396        3.4767867525998728E-004
   428.00000000000000       0.24362810737533236        1.7927395677142422E-004
   429.00000000000000       0.13828879925241844        2.9651965899006229E-005
   430.00000000000000        3.1283926182604318E-003   3.2774912379107167E-010
   431.00000000000000      -0.13270663182568773       -2.6107438775237619E-005
   432.00000000000000      -0.23992431681750806       -1.7044168367297491E-004
   433.00000000000000      -0.29540385157918009       -3.4352928711006237E-004
   434.00000000000000      -0.28718142804424612       -3.1169582626234410E-004
   435.00000000000000      -0.21703015947011753       -1.2285988952629123E-004
   436.00000000000000      -0.10007771980800433       -1.0991865682326703E-005
   437.00000000000000        3.8455842331065575E-002   6.1093797163076991E-007
   438.00000000000000       0.16869664723064712        5.5077909363766920E-005
   439.00000000000000       0.26255909496485091        2.2997741065780558E-004
   440.00000000000000       0.29980234692239621        3.6158703785677578E-004
   441.00000000000000       0.27239513306295138        2.6031961081623441E-004
   442.00000000000000       0.18624764437242350        7.5272132278936347E-005
   443.00000000000000        5.9937038016324051E-002   2.3249014698232437E-006
   444.00000000000000       -7.9298608799150683E-002  -5.4192498780239969E-006
   445.00000000000000      -0.20143401578725073       -9.6635239049293082E-005
   446.00000000000000      -0.28013146087439805       -2.8629650802106056E-004
   447.00000000000000      -0.29842034134041262       -3.5583373403215841E-004
   448.00000000000000      -0.25235677667898299       -2.0145895092769234E-004
   449.00000000000000      -0.15187408117850557       -3.9658862495315462E-005
   450.00000000000000       -1.8640707686182863E-002  -6.9393214946857038E-008
   451.00000000000000       0.11861241551811853        1.8481011072841755E-005
   452.00000000000000       0.23028752721321832        1.4899313925180810E-004
   453.00000000000000       0.29230260094691629        3.3123412344795403E-004
   454.00000000000000       0.29128448132841128        3.2727472200066467E-004
   455.00000000000000       0.22745271936788083        1.4308745608133721E-004
   456.00000000000000       0.11457222769338081        1.6617967921011835E-005
   457.00000000000000       -2.3015034728756514E-002  -1.3066363370085076E-007
   458.00000000000000      -0.15563925168469755       -4.2803822984613512E-005
   459.00000000000000      -0.25470085562124078       -2.0775733496603970E-004
   460.00000000000000      -0.29883784302946320       -3.5756404266629714E-004
   461.00000000000000      -0.27853235373307728       -2.8076813509992141E-004
   462.00000000000000      -0.19816313707958658       -9.1703735585882352E-005
   463.00000000000000       -7.5061302678052902E-002  -4.5888615524819165E-006
   464.00000000000000        6.4227023485869950E-002   2.8643721634633829E-006
   465.00000000000000       0.18966520115951327        7.9746687702713005E-005
   466.00000000000000       0.27420328682153272        2.6621937799108667E-004
   467.00000000000000       0.29961118081741001        3.6078681807935522E-004
   468.00000000000000       0.26040983274693191        2.2372733933023227E-004
   469.00000000000000       0.16505276360385970        5.1430740791860147E-005
   470.00000000000000        3.4103117580163177E-002   4.2575794037502645E-007
   471.00000000000000      -0.10420064845626312       -1.2432473407795592E-005
   472.00000000000000      -0.22003420848912530       -1.2845684166918226E-004
   473.00000000000000      -0.28841879357522993       -3.1633090846316367E-004
   474.00000000000000      -0.29460770355937521       -3.4033889569437949E-004
   475.00000000000000      -0.23726633944917638       -1.6430849428184831E-004
   476.00000000000000      -0.12876000114312147       -2.3786751063014521E-005
   477.00000000000000        7.5126110801310491E-003   4.5394070638043235E-009
   478.00000000000000       0.14216517646873192        3.2301888299793343E-005
   479.00000000000000       0.24616072751951634        1.8550955987113000E-004
   480.00000000000000       0.29707328611344003        3.5029640082223656E-004
   481.00000000000000       0.28392388348649683        2.9974877071834263E-004
   482.00000000000000       0.20954810455179840        1.0970252085628693E-004
   483.00000000000000        8.9984611994431876E-002   7.9532804653326598E-006
   484.00000000000000       -4.8983488650456944E-002  -1.2653789361468472E-006
   485.00000000000000      -0.17738861220722185       -6.4515944091611178E-005
   486.00000000000000      -0.26754101173802525       -2.4498222457144876E-004
   487.00000000000000      -0.29999989688025080       -3.6241546852634022E-004
   488.00000000000000      -0.26776571582025749       -2.4567636873687465E-004
   489.00000000000000      -0.17778956425554621       -6.4977333841030949E-005
   490.00000000000000       -4.9474226111370249E-002  -1.3039441011779840E-006
   491.00000000000000        8.9509913773353197E-002   7.8264612821157855E-006
   492.00000000000000       0.20919181097935910        1.0910303681133531E-004
   493.00000000000000       0.28376282717986445        2.9916758569461513E-004
   494.00000000000000       0.29714219775821005        3.5057799894092816E-004
   495.00000000000000       0.24644474672406078        1.8621895472493725E-004
   496.00000000000000       0.14260305644363672        3.2611244479055839E-005
   497.00000000000000        8.0099255795145711E-003   5.5019913032003990E-009
   498.00000000000000      -0.12831049457304017       -2.3531861990018727E-005
   499.00000000000000      -0.23696157426127132       -1.6361602505135596E-004
   500.00000000000000      -0.29451340027178624       -3.3996256026527723E-004
   501.00000000000000      -0.28855528813828979       -3.1684551905916572E-004
   502.00000000000000      -0.22037206678842849       -1.2909790909579547E-004
   503.00000000000000      -0.10466701333306411       -1.2603129900154077E-005
   504.00000000000000        3.3608814506250195E-002   4.0747893675837178E-007
   505.00000000000000       0.16463711577211379        5.1025917835812473E-005
   506.00000000000000       0.26016247196370179        2.2301647982949974E-004
   507.00000000000000       0.29958544885962807        3.6067921235152426E-004
   508.00000000000000       0.27440473262172760        2.6688305355159424E-004
   509.00000000000000       0.19005038421464818        8.0262754323033640E-005
   510.00000000000000        6.4712881524310290E-002   2.9303118457704029E-006
   511.00000000000000       -7.4579541846428468E-002  -4.5002872438570486E-006
   512.00000000000000      -0.19778936210834933       -9.1152103030351473E-005
   513.00000000000000      -0.27834716681326566       -2.8013334819012068E-004
   514.00000000000000      -0.29888117852810220       -3.5774402750748686E-004
   515.00000000000000      -0.25496336853589113       -2.0847193825467524E-004
   516.00000000000000      -0.15606433264647604       -4.3169563811868442E-005
   517.00000000000000       -2.3511017949810305E-002  -1.3930226964530902E-007
   518.00000000000000       0.11411229808285281        1.6414442077634823E-005
   519.00000000000000       0.22712802402732185        1.4242235093285329E-004
   520.00000000000000       0.29116503890179085        3.2681268551569716E-004
   521.00000000000000       0.29241416837261486        3.3167029826197908E-004
   522.00000000000000       0.23060604563087428        1.4966788998139820E-004
   523.00000000000000       0.11906919862012126        1.8700290060806412E-005
   524.00000000000000       -1.8144162494097150E-002  -6.3991391731752183E-008
   525.00000000000000      -0.15144485045428643       -3.9310984064381145E-005
   526.00000000000000      -0.25208742150837987       -2.0074465473459105E-004
   527.00000000000000      -0.29836894631470490       -3.5562119305753662E-004
   528.00000000000000      -0.28030910902914963       -2.8691588436511976E-004
   529.00000000000000      -0.20180239851885398       -9.7202496327598102E-005
   530.00000000000000       -7.9778286534237380E-002  -5.5192062353374548E-006
   531.00000000000000        5.9449504484530610E-002   2.2683107705720647E-006
   532.00000000000000       0.18585738878784180        7.4772962721780830E-005
   533.00000000000000       0.27218631136019461        2.5964485723030704E-004
   534.00000000000000       0.29981999028055167        3.6166096417259699E-004
   535.00000000000000       0.26279939863898139        2.3068447416689481E-004
   536.00000000000000       0.16910779126926787        5.5500632847380613E-005
   537.00000000000000        3.8949166280636403E-002   6.3481106997109603E-007
   538.00000000000000       -9.9608598229228115E-002  -1.0835552844392246E-005
   539.00000000000000      -0.21668640343810075       -1.2223112481442476E-004
   540.00000000000000      -0.28703716622500214       -3.1115893789530674E-004
   541.00000000000000      -0.29549019313914082       -3.4387670568375304E-004
   542.00000000000000      -0.24022264278984279       -1.7114066614787131E-004
   543.00000000000000      -0.13315260999033751       -2.6379176523969330E-005
   544.00000000000000        2.6309345271987353E-003   1.9494177544263608E-010
   545.00000000000000       0.13784713477846866        2.9360005263017459E-005
   546.00000000000000       0.24333747878767140        1.7856867784253331E-004
   547.00000000000000       0.29635364610551596        3.4736643268963509E-004
   548.00000000000000       0.28546303786630428        3.0534783586100072E-004
   549.00000000000000       0.21301414450441206        1.1566134868133183E-004
   550.00000000000000        9.4630108223218837E-002   9.2689623867047740E-006
   551.00000000000000       -4.4160308182086605E-002  -9.2618656799815220E-007
   552.00000000000000      -0.17342783525578917       -6.0083086260115642E-005
   553.00000000000000      -0.26529675475254444       -2.3813222686817640E-004
   554.00000000000000      -0.29995611957894097       -3.6223175674876318E-004
   555.00000000000000      -0.26993185844047929       -2.5244627936598290E-004
   556.00000000000000      -0.18169851205182663       -6.9600204667875568E-005
   557.00000000000000       -5.4283039336571699E-002  -1.7243914892571369E-006
   558.00000000000000        8.4838225183761620E-002   6.6507606408579972E-006
   559.00000000000000       0.20566466676435219        1.0329718552231475E-004
   560.00000000000000       0.28214083346882890        2.9336367725052784E-004
   561.00000000000000       0.29777512725958971        3.5317282128850076E-004
   562.00000000000000       0.24919611214805590        1.9319810198277563E-004
   563.00000000000000       0.14687954338320991        3.5742310605726372E-005
   564.00000000000000        1.2889337015910440E-002   2.2931501741848872E-008
   565.00000000000000      -0.12388037274698921       -2.1120006256123381E-005
   566.00000000000000      -0.23393606967750630       -1.5685991283698788E-004
   567.00000000000000      -0.29354494358685279       -3.3611683134987069E-004
   568.00000000000000      -0.28985272090342856       -3.2177017627338524E-004
   569.00000000000000      -0.22365560592177733       -1.3545248158111748E-004
   570.00000000000000      -0.10922858441418963       -1.4357754443875711E-005
   571.00000000000000        2.8752885122874550E-002   2.5496110208539625E-007
   572.00000000000000       0.16053397819886234        4.7149842981917539E-005
   573.00000000000000       0.25769694181154618        2.1602542845734204E-004
   574.00000000000000       0.29928920200720655        3.5944221321396067E-004
   575.00000000000000       0.27634165274156941        2.7333035532515256E-004
   576.00000000000000       0.19380278693320904        8.5417386417129671E-005
   577.00000000000000        6.9471585049478826E-002   3.6310464521620543E-006
   578.00000000000000       -6.9840721743424691E-002  -3.6896927156999465E-006
   579.00000000000000      -0.19409232165119181       -8.5824819890538027E-005
   580.00000000000000      -0.27648914916659434       -2.7382624569127453E-004
   581.00000000000000      -0.29926285347507592       -3.5933235726972289E-004
   582.00000000000000      -0.25750243021501562       -2.1548112930600683E-004
   583.00000000000000      -0.16021324872463286       -4.6855932621585446E-005
   584.00000000000000       -2.8375101038349986E-002  -2.4503006581550907E-007
   585.00000000000000       0.10958195637845179        1.4500277661144028E-005
   586.00000000000000       0.22390836335313455        1.3595107345055416E-004
   587.00000000000000       0.28995035827252802        3.2214321009508705E-004
   588.00000000000000       0.29346640601720131        3.3580647977309426E-004
   589.00000000000000       0.23369829329555153        1.5633796759949656E-004
   590.00000000000000       0.12353463251422395        2.0939300837277196E-005
   591.00000000000000       -1.3268484421099158E-002  -2.5015837928352975E-008
   592.00000000000000      -0.14721033723885057       -3.5992932672264361E-005
   593.00000000000000      -0.24940721886702438       -1.9374168356950714E-004
   594.00000000000000      -0.29782102302277841       -3.5336157345795545E-004
   595.00000000000000      -0.28201162114765127       -2.9290515188775063E-004
   596.00000000000000      -0.20538821017251910       -1.0285190014469559E-004
   597.00000000000000       -8.4474140423698427E-002  -6.5645237647759184E-006
   598.00000000000000        5.4656239706270246E-002   1.7603748379721594E-006
   599.00000000000000       0.18200034974939772        6.9966699302861576E-005
   600.00000000000000       0.27009724408977559        2.5296903878981681E-004
   601.00000000000000       0.29994938881818883        3.6220351765675282E-004
   602.00000000000000       0.26511935902772926        2.3759715217075872E-004
   603.00000000000000       0.17311802882458763        5.9745798391240149E-005
   604.00000000000000        4.3784898827276125E-002   9.0269443429568711E-007
   605.00000000000000       -9.4990165866299978E-002  -9.3767179411051254E-006
   606.00000000000000      -0.21328120629929750       -1.1613014576006625E-004
   607.00000000000000      -0.28557951363866607       -3.0577487054795884E-004
   608.00000000000000      -0.29629441859723704       -3.4712616308320060E-004
   609.00000000000000      -0.24311532003322325       -1.7803097334986170E-004
   610.00000000000000      -0.13750995189798393       -2.9138464051193235E-005
   611.00000000000000       -2.2514388602977099E-003  -1.2216683929331185E-010
   612.00000000000000       0.13349258262126415        2.6587639209836518E-005
   613.00000000000000       0.24044977945298524        1.7167429822971373E-004
   614.00000000000000       0.29555551326058238        3.4413972435098363E-004
   615.00000000000000       0.28692658393677895        3.1074788588128760E-004
   616.00000000000000       0.21642376510602895        1.2175233622838384E-004
   617.00000000000000        9.9250540135949528E-002   1.0717272503677486E-005
   618.00000000000000       -3.9325431188625741E-002  -6.5343323256831349E-007
   619.00000000000000      -0.16942112386215000       -5.5824335440138841E-005
   620.00000000000000      -0.26298223073968152       -2.3122355490373013E-004
   621.00000000000000      -0.29983289531122120       -3.6171504436360315E-004
   622.00000000000000      -0.27202650643351128       -2.5912940714831325E-004
   623.00000000000000      -0.18555933481795522       -7.4393335546522023E-005
   624.00000000000000       -5.9077475047751141E-002  -2.2257556871250642E-006
   625.00000000000000        8.0144066039371784E-002   5.5962613409305623E-006
   626.00000000000000       0.20208304969554322        9.7636286126897171E-005
   627.00000000000000       0.28044411137414055        2.8738727589791167E-004
   628.00000000000000       0.29832918744709341        3.5545684214205214E-004
   629.00000000000000       0.25188147507262948        2.0019981403051790E-004
   630.00000000000000       0.15111712763699767        3.9046822179277329E-005
   631.00000000000000        1.7765334556806990E-002   6.0064347520727125E-008
   632.00000000000000      -0.11941743971843394       -1.8868662859611628E-005
   633.00000000000000      -0.23084860423425843       -1.5018325688533128E-004
   634.00000000000000      -0.29249873797632936       -3.3200122779132243E-004
   635.00000000000000      -0.29107338269903354       -3.2645848408835031E-004
   636.00000000000000      -0.22687990718544268       -1.4191566380841297E-004
   637.00000000000000      -0.11376122512560001       -1.6260244684556203E-005
   638.00000000000000        2.3889340054202068E-002   1.4614200198825400E-007
   639.00000000000000       0.15638832127609084        4.3449799284546782E-005
   640.00000000000000       0.25516315753361563        2.0901705430415428E-004
   641.00000000000000       0.29891368481271124        3.5787908292180193E-004
   642.00000000000000       0.27820538051679006        2.7964808929807156E-004
   643.00000000000000       0.19750385865924092        9.0732373097589795E-005
   644.00000000000000        7.4211887921413450E-002   4.4334744272856192E-006
   645.00000000000000       -6.5083403352306710E-002  -2.9812797380218023E-006
   646.00000000000000      -0.19034387340972592       -8.0657586061951529E-005
   647.00000000000000      -0.27455790005264230       -2.6738853452214900E-004
   648.00000000000000      -0.29956526503895253       -3.6059482571489462E-004
   649.00000000000000      -0.25997328936071262       -2.2247398303938749E-004
   650.00000000000000      -0.16431973040231757       -5.0718323106450027E-005
   651.00000000000000       -3.3231668641057616E-002  -3.9389069827837026E-007
   652.00000000000000       0.10502259096952700        1.2734317592798521E-005
   653.00000000000000       0.22062939777216076        1.2958776782689656E-004
   654.00000000000000       0.28865888081330321        3.1723652419605596E-004
   655.00000000000000       0.29444091556441021        3.3967352077480557E-004
   656.00000000000000       0.23672864290336576        1.6308825316169715E-004
   657.00000000000000       0.12796734690749367        2.3338560737284749E-005
   658.00000000000000       -8.3892920308642066E-003  -6.3214524955154505E-009
   659.00000000000000      -0.14293683360000248       -3.2848439043385545E-005
   660.00000000000000      -0.24666095796720652       -1.8676036291148871E-004
   661.00000000000000      -0.29719421824638509       -3.5079069299705115E-004
   662.00000000000000      -0.28363943910593326       -2.9872292890615731E-004
   663.00000000000000      -0.20891962229535835       -1.0864668620042141E-004
   664.00000000000000       -8.9147619922467822E-002  -7.7306013549226507E-006
   665.00000000000000        4.9848498430465925E-002   1.3338808242195697E-006
   666.00000000000000       0.17809510573546744        6.5330513050847045E-005
   667.00000000000000       0.26793663832479792        2.4620539166726350E-004
   668.00000000000000       0.29999934217237623        3.6241314022523395E-004
   669.00000000000000       0.26736909937448028        2.4445218679053517E-004
   670.00000000000000       0.17708241399364996        6.4165173105599414E-005
   671.00000000000000        4.8609034418319132E-002   1.2364719391242232E-006
   672.00000000000000       -9.0346573955113543E-002  -8.0509143549707417E-006
   673.00000000000000      -0.20981951907497812       -1.1016081061163537E-004
   674.00000000000000      -0.28404622189299189       -3.0019083163083157E-004
   675.00000000000000      -0.29702016692490563       -3.5007945937758040E-004
   676.00000000000000      -0.24594360543560542       -1.8496863699399391E-004
   677.00000000000000      -0.14183087264561897       -3.2067091239387617E-005
   678.00000000000000       -7.1332159272089546E-003  -3.8857667666561073E-009
   679.00000000000000       0.12910267335248429        2.3982340643057251E-005
   680.00000000000000       0.23749839394692024        1.6483723044108349E-004
   681.00000000000000       0.29467909899316180        3.4062403293022038E-004
   682.00000000000000       0.28831413406019057        3.1593676914795269E-004
   683.00000000000000       0.21977606327773888        1.2796861644284751E-004
   684.00000000000000       0.10384468461787835        1.2303284295239064E-005
   685.00000000000000       -3.4480138383057697E-002  -4.4006263248101217E-007
   686.00000000000000      -0.16536953925187226       -5.1740791797163218E-005
   687.00000000000000      -0.26059805286729648       -2.2426940682813935E-004
   688.00000000000000      -0.29963025670029819       -3.6086660601661346E-004
   689.00000000000000      -0.27404910494371398       -2.6571228481667256E-004
   690.00000000000000      -0.18937100996871700       -7.9354148978043660E-005
   691.00000000000000       -6.3856263108113417E-002  -2.8147307457752240E-006
   692.00000000000000        7.5428679777868643E-002   4.6571919096385140E-006
   693.00000000000000       0.19844790850730179        9.2125639073187683E-005
   694.00000000000000       0.27867311029299624        2.8125137451158867E-004
   695.00000000000000       0.29880423154631414        3.5742449420894640E-004
   696.00000000000000       0.25450012416754286        2.0721217484906171E-004
   697.00000000000000       0.15531468670707937        4.2526040229145087E-005
   698.00000000000000        2.2636626735774330E-002   1.2431883787133317E-007
   699.00000000000000      -0.11492287780679747       -1.6774296388912974E-005
   700.00000000000000      -0.22769999576945343       -1.4359552708818391E-004
   701.00000000000000      -0.29137506056691492       -3.2762545227409237E-004
   702.00000000000000      -0.29221695021818805       -3.3089957893158068E-004
   703.00000000000000      -0.23004411640522729       -1.4847903100158663E-004
   704.00000000000000      -0.11826373481211946       -1.8314823585187947E-005
   705.00000000000000        1.9019467607294997E-002   7.3712265823775911E-008
   706.00000000000000       0.15220124303075702        3.9925465835932682E-005
   707.00000000000000       0.25256179038384935        2.0200391892796754E-004
   708.00000000000000       0.29845899674371645        3.5599365779992356E-004
   709.00000000000000       0.27999542226027291        2.8582291290686228E-004
   710.00000000000000       0.20115261911950763        9.6203556800394745E-005
   711.00000000000000        7.8932535156560166E-002   5.3437960415009928E-006
   712.00000000000000       -6.0308846841220967E-002  -2.3686918313189795E-006
   713.00000000000000      -0.18654501031046289       -7.5654096052127926E-005
   714.00000000000000      -0.27255393098590008       -2.6083363681780810E-004
   715.00000000000000      -0.29978833316906611       -3.6152832831506303E-004
   716.00000000000000      -0.26237529146268457       -2.2943771873061214E-004
   717.00000000000000      -0.16838269002860604       -5.4756655022646443E-005
   718.00000000000000       -3.8079434437755466E-002  -5.9313223960412067E-007
   719.00000000000000       0.10043540880768541        1.1112077792976448E-005
   720.00000000000000       0.21729199584902736        1.2334041515719822E-004
   721.00000000000000       0.28729094858741111        3.1210390809652548E-004
   722.00000000000000       0.29533743890370012        3.4326224766154757E-004
   723.00000000000000       0.23969629226604847        1.6990887106298745E-004
   724.00000000000000       0.13236616761413478        2.5901304303854598E-005
   725.00000000000000       -3.5078776360163472E-003  -4.6207632100714442E-010
   726.00000000000000      -0.13862547142643594       -2.9875875832081990E-005
   727.00000000000000      -0.24384936579902558       -1.7981230331457360E-004
   728.00000000000000      -0.29648869801683514       -3.4791479577402009E-004
   729.00000000000000      -0.28519213175688568       -3.0435642901419346E-004
   730.00000000000000      -0.21239569935319891       -1.1458108604397721E-004
   731.00000000000000       -9.3797487872983920E-002  -9.0230164223309547E-006
   732.00000000000000        4.5027554181985070E-002   9.8201482492641504E-007
   733.00000000000000       0.17414269109676647        6.0866534252876079E-005
   734.00000000000000       0.26570506645733305        2.3936734207788258E-004
   735.00000000000000       0.29996983710269143        3.6228931443971576E-004
   736.00000000000000       0.26954802380852105        2.5123626191756322E-004
   737.00000000000000       0.18099989676149528        6.8757225908043471E-005
   738.00000000000000        5.3420295048663427E-002   1.6431042457567357E-006
   739.00000000000000       -8.5679052670226671E-002  -6.8528478933348015E-006
   740.00000000000000      -0.20630225863452240       -1.0432952322248933E-004
   741.00000000000000      -0.28243769709868816       -2.9441926645633700E-004
   742.00000000000000      -0.29766724586422283       -3.5272946163182839E-004
   743.00000000000000      -0.24870674972431764       -1.9194249403542028E-004
   744.00000000000000      -0.14611422778555894       -3.5167167261680252E-005
   745.00000000000000       -1.2013103676328329E-002  -1.8564518408533304E-008
   746.00000000000000       0.12467856994637538        2.1541303946630095E-005
   747.00000000000000       0.23448410414273735        1.5806788334579518E-004
   748.00000000000000       0.29372463543208438        3.3682776341431179E-004
   749.00000000000000       0.28962532072724728        3.2090269359249444E-004
   750.00000000000000       0.22307015093634283        1.3430282430406399E-004
   751.00000000000000       0.10841132458960558        1.4031818369301821E-005
   752.00000000000000       -2.9625713099294963E-002  -2.7892615080624522E-007
   753.00000000000000      -0.16127415453573335       -4.7833097294667183E-005
   754.00000000000000      -0.25814485234063095       -2.1728281648461973E-004
   755.00000000000000      -0.29934825742221693       -3.5968853256770965E-004
   756.00000000000000      -0.27599911826161339       -2.7218143925163352E-004
   757.00000000000000      -0.19313252793623215       -8.4479576177849534E-005
   758.00000000000000       -6.8618138345245341E-002  -3.4978690900204748E-006
   759.00000000000000        7.0693315325858500E-002   3.8275828025913447E-006
   760.00000000000000       0.19476020601037036        8.6770037450595289E-005
   761.00000000000000       0.27682829929627312        2.7496914801120314E-004
   762.00000000000000       0.29920013379049232        3.5907096547059314E-004
   763.00000000000000       0.25705136585217586        2.1422296457269526E-004
   764.00000000000000       0.15947110881959120        4.6180816875225857E-005
   765.00000000000000        2.7501923332654110E-002   2.2307219136758488E-007
   766.00000000000000      -0.11039787693631752       -1.4833057917408135E-005
   767.00000000000000      -0.22449107822980677       -1.3710573797143382E-004
   768.00000000000000      -0.29017420897804846       -3.2299974576811862E-004
   769.00000000000000      -0.29328312057331901       -3.3508308739237189E-004
   770.00000000000000      -0.23314739586450439       -1.5513368865836705E-004
   771.00000000000000      -0.12273492093005586       -2.0525418210770489E-005
   772.00000000000000        1.4144557626278613E-002   3.0307090275983051E-008
   773.00000000000000       0.14797385270379701        3.6576097915927160E-005
   774.00000000000000       0.24989352906781728        1.9499831506277328E-004
   775.00000000000000       0.29792525822981075        3.5379055260041615E-004
   776.00000000000000       0.28171130385799298        2.9184161140386681E-004
   777.00000000000000       0.20474810169183058        1.0182627445909104E-004
   778.00000000000000        8.3632276163078625E-002   6.3680296590682420E-006
   779.00000000000000       -5.5518316808723982E-002  -1.8454151159208138E-006
   780.00000000000000      -0.18269673852785687       -7.0817546032267805E-005
   781.00000000000000      -0.27047777286247326       -2.5417502100654290E-004
   782.00000000000000      -0.29993199876357290       -3.6213056534181877E-004
   783.00000000000000      -0.26470780032186575       -2.3635934939259242E-004
   784.00000000000000      -0.17240105147991130       -5.8970402719539031E-005
   785.00000000000000       -4.2917114163006691E-002  -8.4992514632998229E-007
   786.00000000000000        9.5821625123230350E-002   9.6288048773588843E-006
   787.00000000000000       0.21389704153466138        1.1721650717556315E-004
   788.00000000000000       0.28584692390810829        3.0675705448216938E-004
   789.00000000000000       0.29615573853552712        3.4656409365429791E-004
   790.00000000000000       0.24260045519088250        1.7678951901392031E-004
   791.00000000000000       0.13672992955372507        2.8630426802504931E-005
   792.00000000000000        1.3744658622957936E-003   2.7795303674586159E-011
   793.00000000000000      -0.13427739288397902       -2.7073230975813664E-005
   794.00000000000000      -0.24097318720166011       -1.7290876275249153E-004
   795.00000000000000      -0.29570464919962314       -3.4474083608575636E-004
   796.00000000000000      -0.28666928785123746       -3.0979313150125140E-004
   797.00000000000000      -0.21581552106316898       -1.2064882630505395E-004
   798.00000000000000       -9.8422512433859258E-002  -1.0447122816936387E-005
   799.00000000000000        4.0194683845732770E-002   6.9784464570906755E-007
   800.00000000000000       0.17014415267771574        5.6576415575942401E-005
   801.00000000000000       0.26340311929055726        2.3246823272126673E-004
   802.00000000000000       0.29986088142390599        3.6183234595166410E-004
   803.00000000000000       0.27165555521558177        2.5793596922606122E-004
   804.00000000000000       0.18486943953582735        7.3519950186005695E-005
   805.00000000000000        5.8217406948862634E-002   2.1294369121991886E-006
   806.00000000000000       -8.0988838260632467E-002  -5.7769975089927122E-006
   807.00000000000000      -0.20273035656654281       -9.8642182092229799E-005
   808.00000000000000      -0.28075436529283887       -2.8847289720789534E-004
   809.00000000000000      -0.29823548410262718       -3.5506974087387794E-004
   810.00000000000000      -0.25140402104745474       -1.9894102169657062E-004
   811.00000000000000      -0.15035888281982179       -3.8440419737921481E-005
   812.00000000000000       -1.6889809331904003E-002  -5.1610634480576180E-008
   813.00000000000000       0.12022144367345866        1.9261380271376156E-005
   814.00000000000000       0.23140770841124353        1.5137624461911256E-004
   815.00000000000000       0.29269237537847176        3.3275993644814870E-004
   816.00000000000000       0.29085979658599265        3.2563426858155624E-004
   817.00000000000000       0.22630515598021606        1.4074710475949886E-004
   818.00000000000000       0.11294925052176391        1.5907429248941305E-005
   819.00000000000000       -2.4763441090096382E-002  -1.6279457492108333E-007
   820.00000000000000      -0.15713605466349809       -4.4101445994405500E-005
   821.00000000000000      -0.25562327905371468       -2.1027662111189018E-004
   822.00000000000000      -0.29898697216786851       -3.5818372261134520E-004
   823.00000000000000      -0.27787602990279459       -2.7852343249651964E-004
   824.00000000000000      -0.19684289222650952       -8.9766051142357595E-005
   825.00000000000000       -7.3361839245452129E-002  -4.2815688933396572E-006
   826.00000000000000        6.5939226901410880E-002   3.1012793942130384E-006
   827.00000000000000       0.19102091893698434        8.1573768587461077E-005
   828.00000000000000       0.27491016711614302        2.6855391040994073E-004
   829.00000000000000       0.29951678929072367        3.6039221759003747E-004
   830.00000000000000       0.25953452439956970        2.2121968802426190E-004
   831.00000000000000       0.16358529309628581        5.0011583250991367E-005
   832.00000000000000        3.2359935437523211E-002   3.6364913331968372E-007
   833.00000000000000      -0.10584363586405351       -1.3040799411608850E-005
   834.00000000000000      -0.22122270153561543       -1.3072243617276918E-004
   835.00000000000000      -0.28889650126967586       -3.1813484946599074E-004
   836.00000000000000      -0.29427161132208185       -3.3899916455988513E-004
   837.00000000000000      -0.23618892343969011       -1.6187028252668580E-004
   838.00000000000000      -0.12717359923213986       -2.2895645987146035E-005
   839.00000000000000        9.2659012895295323E-003   8.5176557186581903E-009
   840.00000000000000       0.14370726948642701        3.3400538111199892E-005
   841.00000000000000       0.24715908045346710        1.8801223981887834E-004
   842.00000000000000       0.29731261063804088        3.5127514221284769E-004
   843.00000000000000       0.28335257083812943        2.9769114091062333E-004
   844.00000000000000       0.20828935448102096        1.0759535702377503E-004
   845.00000000000000        8.8309866158196068E-002   7.5119989991814113E-006
   846.00000000000000       -5.0713082084150957E-002  -1.4047908001185229E-006
   847.00000000000000      -0.17880007732284445       -6.6150639337334114E-005
   848.00000000000000      -0.26832997534013070       -2.4742615883978884E-004
   849.00000000000000      -0.29999622377091695       -3.6240005143637369E-004
   850.00000000000000      -0.26697019814530953       -2.4322571584936743E-004
   851.00000000000000      -0.17637375044500808       -6.3358584876462432E-005
   852.00000000000000       -4.7743427052974317E-002  -1.1713506372438929E-006
   853.00000000000000        9.1182461932106981E-002   8.2794892803022834E-006
   854.00000000000000       0.21044543402343105        1.1122303951843613E-004
   855.00000000000000       0.28432718933177564        3.0120802684108742E-004
   856.00000000000000       0.29689559781707170        3.4957113237512791E-004
   857.00000000000000       0.24544036247548559        1.8371948814017349E-004
   858.00000000000000       0.14105747693157725        3.1528470687883858E-005
   859.00000000000000        6.2564450375033852E-003   2.6217500316859189E-009
   860.00000000000000      -0.12989374911575693       -2.4438120058513070E-005
   861.00000000000000      -0.23803318396550763       -1.6606062166574684E-004
   862.00000000000000      -0.29484227945948194       -3.4127645134263650E-004
   863.00000000000000      -0.28807051606847495       -3.1502082437697332E-004
   864.00000000000000      -0.21917818144396192       -1.2684312952810923E-004
   865.00000000000000      -0.10302146861186780       -1.2008037755756401E-005
   866.00000000000000        3.5351167465381528E-002   4.7433180922710746E-007
   867.00000000000000       0.16610054977183694        5.2461340734367612E-005
   868.00000000000000       0.26103140664846314        2.2552128724135802E-004
   869.00000000000000       0.29967250399423823        3.6104336223395384E-004
   870.00000000000000       0.27369113539069234        2.6453784702162148E-004
   871.00000000000000       0.18869001720462036        7.8450855721728865E-005
   872.00000000000000        6.2999099270590136E-002   2.7021881580341775E-006
   873.00000000000000       -7.6277172985870265E-002  -4.8176286492644838E-006
   874.00000000000000      -0.19910475893214241       -9.3104178648160252E-005
   875.00000000000000      -0.27899667242876491       -2.8236467980719926E-004
   876.00000000000000      -0.29872473109612430       -3.5709459639591173E-004
   877.00000000000000      -0.25403470500035663       -2.0595236167142477E-004
   878.00000000000000      -0.15456371350061257       -4.1888181947091307E-005
   879.00000000000000       -2.1762041798079737E-002  -1.1044860628299795E-007
   880.00000000000000       0.11573247530928682        1.7139091933049958E-005
   881.00000000000000       0.22827002157274565        1.4477186422333837E-004
   882.00000000000000       0.29158259223877986        3.2843015398182653E-004
   883.00000000000000       0.29201723481197212        3.3012054723396110E-004
   884.00000000000000       0.22948022138929491        1.4729311877977820E-004
   885.00000000000000       0.11745726049024370        1.7934391652915013E-005
   886.00000000000000       -1.9894610186520157E-002  -8.4369699965722314E-008
   887.00000000000000      -0.15295633518695387       -4.0545593942842627E-005
   888.00000000000000      -0.25303400087547584       -2.0326342670260901E-004
   889.00000000000000      -0.29854649662798560       -3.5635587090482518E-004
   890.00000000000000      -0.27967934274469819       -2.8472490379897748E-004
   891.00000000000000      -0.20050112052970742       -9.5209507363849639E-005
   892.00000000000000       -7.8086109382655908E-002  -5.1720616279906091E-006
   893.00000000000000        6.1167673681864036E-002   2.4719547807182815E-006
   894.00000000000000       0.18723103768217300        7.6540616800437354E-005
   895.00000000000000       0.27291922157339421        2.6201907040803091E-004
   896.00000000000000       0.29975411417700110        3.6138500245864449E-004
   897.00000000000000       0.26194894211540071        2.2818960527039916E-004
   898.00000000000000       0.16765614961441891        5.4018337746801552E-005
   899.00000000000000        3.7209376903597068E-002   5.5331046118611919E-007
   900.00000000000000      -0.10126136083537562       -1.1393086934204675E-005
   901.00000000000000      -0.21789573135564685       -1.2445368959853603E-004
   902.00000000000000      -0.28754227593768622       -3.1304196549335086E-004
   903.00000000000000      -0.29518216076397635       -3.4263853188270274E-004
   904.00000000000000      -0.23916789354572715       -1.6867901423398235E-004
   905.00000000000000      -0.13157859408118699       -2.5428801035142745E-005
   906.00000000000000        4.3847910470585357E-003   9.0247322921992061E-010
   907.00000000000000       0.13940262367515369        3.0397229759727679E-005
   908.00000000000000       0.24435916879231048        1.8105736573031429E-004
   909.00000000000000       0.29662121623546955        3.4845354042233517E-004
   910.00000000000000       0.28491878840396634        3.0335867158541422E-004
   911.00000000000000       0.21177543933651996        1.1350512713214015E-004
   912.00000000000000        9.2964066226100733E-002   8.7813200287378914E-006
   913.00000000000000       -4.5894415391551174E-002  -1.0400274895734022E-006
   914.00000000000000      -0.17485605899991266       -6.1655593124667184E-005
   915.00000000000000      -0.26611110740555388       -2.4060048719338426E-004
   916.00000000000000      -0.29998099118033478       -3.6233612148805626E-004
   917.00000000000000      -0.26916188570981786       -2.5002352257347564E-004
   918.00000000000000      -0.18029973448362041       -6.7919754667721257E-005
   919.00000000000000       -5.2557094523667310E-002  -1.5643888034886962E-006
   920.00000000000000        8.6519147972327057E-002   7.0588788686862291E-006
   921.00000000000000       0.20693808751498319        1.0536650651035644E-004
   922.00000000000000       0.28273214720441320        2.9546921552717133E-004
   923.00000000000000       0.29755682073866185        3.5227610734005395E-004
   924.00000000000000       0.24821526193635252        1.9068768293217103E-004
   925.00000000000000       0.14534766354486509        3.4597612291724979E-005
   926.00000000000000        1.1136767397598800E-002   1.4790208999706234E-008
   927.00000000000000      -0.12547570143017669       -2.1967800499669188E-005
   928.00000000000000      -0.23503013478568663       -1.5927836216926143E-004
   929.00000000000000      -0.29390181720538028       -3.3752993246295639E-004
   930.00000000000000      -0.28939544543686574       -3.2002764845965920E-004
   931.00000000000000      -0.22248278985464520       -1.3315672001057774E-004
   932.00000000000000      -0.10759313831830737       -1.3710628294210051E-005
   933.00000000000000        3.0498287904336282E-002   3.0434341282317147E-007
   934.00000000000000       0.16201295291307746        4.8522032799717038E-005
   935.00000000000000       0.25859055670758946        2.1853957217774354E-004
   936.00000000000000       0.29940475470770972        3.5992430805455546E-004
   937.00000000000000       0.27565422518602922        2.7102842026143653E-004
   938.00000000000000       0.19246061827931113        8.3546962986354682E-005
   939.00000000000000        6.7764105525284446E-002   3.3679367095406709E-006
   940.00000000000000       -7.1545304786998304E-002  -3.9688063824996559E-006
   941.00000000000000      -0.19542642622632173       -8.7720397319810374E-005
   942.00000000000000      -0.27716508385133920       -2.7610775897521475E-004
   943.00000000000000      -0.29913485726178002       -3.5879907885805320E-004
   944.00000000000000      -0.25659810481482676       -2.1296434664401666E-004
   945.00000000000000      -0.15872760589100790       -4.5511380157217817E-005
   946.00000000000000       -2.6628510326478162E-002  -2.0246386934656203E-007
   947.00000000000000       0.11121285381097035        1.5170645486818869E-005
   948.00000000000000       0.22507187468123535        1.3826383943483031E-004
   949.00000000000000       0.29039558002251398        3.2384856331552406E-004
   950.00000000000000       0.29309732877094874        3.3435106493481841E-004
   951.00000000000000       0.23259450620942523        1.5393205484032094E-004
   952.00000000000000       0.12193416049453720        2.0116686813643927E-005
   953.00000000000000       -1.5020510235872680E-002  -3.6295837757340616E-008
   954.00000000000000      -0.14873610339052520       -3.7164871749276808E-005
   955.00000000000000      -0.25037770360729478       -1.9625557706943396E-004
   956.00000000000000      -0.29802694746779790       -3.5420945363575426E-004
   957.00000000000000      -0.28140857906146260       -2.9077261196930879E-004
   958.00000000000000      -0.20410624370638558       -1.0080537271414010E-004
   959.00000000000000       -8.2789697477249444E-002  -6.1753992985634649E-006
   960.00000000000000        5.6379919470316703E-002   1.9331224276622496E-006
   961.00000000000000       0.18339156626255451        7.1673867656754200E-005
   962.00000000000000       0.27085599010150435        2.5537809124543667E-004
   963.00000000000000       0.29991204559098211        3.6204687504845718E-004
   964.00000000000000       0.26429397951217920        2.3511976393086550E-004
   965.00000000000000       0.17168260062471616        5.8200635950396001E-005
   966.00000000000000        4.2048963019920414E-002   7.9924143735175867E-007
   967.00000000000000       -9.6652265520783515E-002  -9.8852144303584346E-006
   968.00000000000000      -0.21451104887785574       -1.1830707840969008E-004
   969.00000000000000      -0.28611189150991334       -3.0773271493984519E-004
   970.00000000000000      -0.29601452767027042       -3.4599251101866753E-004
   971.00000000000000      -0.24208351716665402       -1.7554965697815498E-004
   972.00000000000000      -0.13594873876147948       -2.8127840569378381E-005
   973.00000000000000       -4.9748083917455191E-004  -1.3179438679663457E-012
   974.00000000000000       0.13506105540704877        2.7564228824910330E-005
   975.00000000000000       0.24149453567453213        1.7414501571553305E-004
   976.00000000000000       0.29585125814619656        3.4533257587419968E-004
   977.00000000000000       0.28640954190324613        3.0883163244203133E-004
   978.00000000000000       0.21520543292694261        1.1954940144663474E-004
   979.00000000000000        9.7593643646083611E-002   1.0181387758365071E-005
   980.00000000000000       -4.1063593012591749E-002  -7.4421334698454348E-007
   981.00000000000000      -0.17086572772823483       -5.7334144740534205E-005
   982.00000000000000      -0.26382175675252767       -2.3371136717037245E-004
   983.00000000000000      -0.29988630502636082       -3.6193893330562323E-004
   984.00000000000000      -0.27128228240136387       -2.5673937459547733E-004
   985.00000000000000      -0.18417796420110730       -7.2651992018228759E-005
   986.00000000000000       -5.7356841617522421E-002  -2.0359067318351010E-006
   987.00000000000000        8.1832918378523217E-002   5.9614923467325560E-006
   988.00000000000000       0.20337593117750125        9.9652897917064230E-005
   989.00000000000000       0.28106222007686321        2.8955329650316134E-004
   990.00000000000000       0.29813923216747634        3.5467246097221764E-004
   991.00000000000000       0.25092441860807968        1.9768264354250639E-004
   992.00000000000000       0.14959935284402903        3.7839648529370439E-005
   993.00000000000000        1.6014140051278072E-002   4.3989171692219924E-008
   994.00000000000000      -0.12102442000015659       -1.9659184310933773E-005
   995.00000000000000      -0.23196483505579002       -1.5257204882553857E-004
   996.00000000000000      -0.29288351159052051       -3.3351019221753559E-004
   997.00000000000000      -0.29064372495061463       -3.2480213785303694E-004
   998.00000000000000      -0.22572847103004678       -1.3958182963600196E-004
   999.00000000000000      -0.11213631069162505       -1.5559497767520539E-005
   1000.0000000000000        2.5637330784327374E-002   1.8066386854820439E-007
   1001.0000000000000       0.15788244498060647        4.4758765582942169E-005
   1002.0000000000000       0.25608121595631789        2.1153596238488316E-004
   1003.0000000000000       0.29905770448093039        3.5847793767963311E-004
   1004.0000000000000       0.27754430454765433        2.7739424123667704E-004
   1005.0000000000000       0.19618024385093841        8.8804795627553301E-005
   1006.0000000000000        7.2511163643888973E-002   4.1331093828459265E-006
   1007.0000000000000       -6.6794486956061591E-002  -3.2244083799165828E-006
   1008.0000000000000      -0.19169633227863905       -8.2495215499348674E-005
   1009.0000000000000      -0.27526008477722447       -2.6971542695879635E-004
   1010.0000000000000      -0.29946575397276048       -3.6017900973972961E-004
   1011.0000000000000      -0.25909354154367958       -2.1996452868972786E-004
   1012.0000000000000      -0.16284945761071457       -4.9310522398047713E-005
   1013.0000000000000       -3.1487925974542627E-002  -3.3499142823453151E-007
   1014.0000000000000       0.10666377625447003        1.3351945557151372E-005
   1015.0000000000000       0.22181411480427440        1.3186080178672528E-004
   1016.0000000000000       0.28913165298824595        3.1902581814465751E-004
   1017.0000000000000       0.29409979238708306        3.3831587924776233E-004
   1018.0000000000000       0.23564718558492048        1.6065464045516702E-004
   1019.0000000000000       0.12637876477398371        2.2457988782978413E-005
   1020.0000000000000       -1.0142431644156215E-002  -1.1171232117010044E-008
   1021.0000000000000      -0.14447647705321945       -3.3958195515318835E-005
   1022.0000000000000      -0.24765509080136183       -1.8926512430758686E-004
   1023.0000000000000      -0.29742846229613179       -3.5174971063866645E-004
   1024.0000000000000      -0.28306328104201595       -2.9665347993054346E-004
   1025.0000000000000      -0.20765730689643194       -1.0654856862960107E-004
   1026.0000000000000       -8.7471357727512508E-002  -7.2974415527823084E-006
   1027.0000000000000        5.1577232636131225E-002   1.4781486850657647E-006
   1028.0000000000000       0.17950352116876619        6.6976312015909045E-005
   1029.0000000000000       0.26872101917207442        2.4864444764617345E-004
   1030.0000000000000       0.29999054170263756        3.6237620320306589E-004
   1031.0000000000000       0.26656901535045058        2.4199703277020336E-004
   1032.0000000000000       0.17566357943913080        6.2557578891182743E-005
   1033.0000000000000        4.6877411964065897E-002   1.1085401547515592E-006
   1034.0000000000000       -9.2017570694451351E-002  -8.5122173331932164E-006
   1035.0000000000000      -0.21106955077453921       -1.1228968812589402E-004
   1036.0000000000000      -0.28460572691613795       -3.0221909783400874E-004
   1037.0000000000000      -0.29676849157860580       -3.4905305795913694E-004
   1038.0000000000000      -0.24493502206458564       -1.8247157354408898E-004
   1039.0000000000000      -0.14028287554081587       -3.0995371234044479E-005
   1040.0000000000000       -5.3796209616407556E-003  -1.6666821245342296E-009
   1041.0000000000000       0.13068371459853945        2.4899217039993809E-005
   1042.0000000000000       0.23856593983257082        1.6728613957461559E-004
   1043.0000000000000       0.29500294035363933        3.4191976559263518E-004
   1044.0000000000000       0.28782443640024680        3.1409775277203508E-004
   1045.0000000000000       0.21857842677734821        1.2572149292666902E-004
   1046.0000000000000       0.10219737221903934        1.1717362909922999E-005
   1047.0000000000000       -3.6221894725871860E-002  -5.1032812006417561E-007
   1048.0000000000000      -0.16683014061925838       -5.3187561547746228E-005
   1049.0000000000000      -0.26146252974303036       -2.2677204635148101E-004
   1050.0000000000000      -0.29971219038775848       -3.6120946698329701E-004
   1051.0000000000000      -0.27333082685012627       -2.6335981765979259E-004
   1052.0000000000000      -0.18800741217580288       -7.7552894088169080E-005
   1053.0000000000000       -6.2141397063955203E-002  -2.5926464213443186E-006
   1054.0000000000000        7.7125014354808508E-002   4.9816325407425097E-006
   1055.0000000000000       0.19975990808313493        9.4087695651844230E-005
   1056.0000000000000       0.27931785024935385        2.8347318662473451E-004
   1057.0000000000000       0.29864267784486304        3.5675436009160869E-004
   1058.0000000000000       0.25356711493802991        2.0469257003468051E-004
   1059.0000000000000       0.15381141920475971        4.1255984811125942E-005
   1060.0000000000000        2.0887271167896199E-002   9.7648939319021136E-008
   1061.0000000000000      -0.11654108380097052       -1.7508851802337584E-005
   1062.0000000000000      -0.22883809683788531       -1.4595131175496829E-004
   1063.0000000000000      -0.29178763220881548       -3.2922673029839615E-004
   1064.0000000000000      -0.29181502398792075       -3.2933326257875942E-004
   1065.0000000000000      -0.22891436531257969       -1.4611020578549582E-004
   1066.0000000000000      -0.11664978241812834       -1.7558972160566851E-005
   1067.0000000000000        2.0769582753098519E-002   9.6006495930871675E-008
   1068.0000000000000       0.15371012022892658        4.1171373503816278E-005
   1069.0000000000000       0.25350404917304864        2.0452310808157458E-004
   1070.0000000000000       0.29863144526097213        3.5670780396453270E-004
   1071.0000000000000       0.27936087308169438        2.8362193292727071E-004
   1072.0000000000000       0.19984790873205757        9.4220376876738750E-005
   1073.0000000000000        7.7239016311126327E-002   5.0039685327470903E-006
   1074.0000000000000       -6.2025977804142485E-002  -2.5781377462251641E-006
   1075.0000000000000      -0.18791546504041315       -7.7432507623695303E-005
   1076.0000000000000      -0.27328217988353526       -2.6320107950221071E-004
   1077.0000000000000      -0.29971733357497732       -3.6123099791437682E-004
   1078.0000000000000      -0.26152035410366969       -2.2694020910977568E-004
   1079.0000000000000      -0.16692817669840779       -5.3285685605799986E-005
   1080.0000000000000       -3.6339001667756443E-002  -5.1530440088593827E-007
   1081.0000000000000       0.10208644751753690        1.1678608531070339E-005
   1082.0000000000000       0.21849760479863869        1.2557090589232782E-004
   1083.0000000000000       0.28779114588903482        3.1397304049002756E-004
   1084.0000000000000       0.29502436009518840        3.4200560671120421E-004
   1085.0000000000000       0.23863745080771848        1.6745115557421155E-004
   1086.0000000000000       0.13078989587038592        2.4961650610834048E-005
   1087.0000000000000       -5.2616667077736564E-003  -1.5594320024767796E-009
   1088.0000000000000      -0.14017858438816069       -3.0924079277550091E-005
   1089.0000000000000      -0.24486688357433281       -1.8230380111005005E-004
   1090.0000000000000      -0.29675119962896301       -3.4898262466889502E-004
   1091.0000000000000      -0.28464301040586004       -3.0235463641843587E-004
   1092.0000000000000      -0.21115336935969969       -1.1243350882110706E-004
   1093.0000000000000       -9.2129849873681849E-002  -8.5438425682815763E-006
   1094.0000000000000        4.6760884678862517E-002   1.1002650249577980E-006
   1095.0000000000000       0.17556793241448751        6.2450253922710522E-005
   1096.0000000000000       0.26651487425776127        2.4183158551260630E-004
   1097.0000000000000       0.29998958172133067        3.6237217418512825E-004
   1098.0000000000000       0.26877344744417614        2.4880813922098792E-004
   1099.0000000000000       0.17959803187147491        6.7087804512163407E-005
   1100.0000000000000        5.1693444588202048E-002   1.4882057260278604E-006
   1101.0000000000000       -8.7358504178179655E-002  -7.2688861565856591E-006
   1102.0000000000000      -0.20757214817387556       -1.0640810273888823E-004
   1103.0000000000000      -0.28302418108211713       -2.9651344944938568E-004
   1104.0000000000000      -0.29744385279259855       -3.5181279383445397E-004
   1105.0000000000000      -0.24772165298424983       -1.8943373628417499E-004
   1106.0000000000000      -0.14457985721192840       -3.4033636603468458E-005
   1107.0000000000000       -1.0260336506207101E-002  -1.1565439164691502E-008
   1108.0000000000000       0.12627176089428127        2.2399515235666981E-005
   1109.0000000000000       0.23557415711315755        1.6049129283070588E-004
   1110.0000000000000       0.29407648744785198        3.3822328500677536E-004
   1111.0000000000000       0.28916309714319105        3.1914510644723087E-004
   1112.0000000000000       0.22189352750986088        1.3201421502091398E-004
   1113.0000000000000       0.10677403259223965        1.3394158469791709E-005
   1114.0000000000000       -3.1370602081267726E-002  -3.3125496374389055E-007
   1115.0000000000000      -0.16275036678133925       -4.9216649212002663E-005
   1116.0000000000000      -0.25903405138757002       -2.1979562244764665E-004
   1117.0000000000000      -0.29945869339765468       -3.6014952103553431E-004
   1118.0000000000000      -0.27530697635115342       -2.6987137573807171E-004
   1119.0000000000000      -0.19178706413248184       -8.2619569287488545E-005
   1120.0000000000000       -6.6909493616071222E-002  -3.2412125669274558E-006
   1121.0000000000000        7.2396682846028751E-002   4.1133995506653729E-006
   1122.0000000000000       0.19609097596980535        8.8675874941487615E-005
   1123.0000000000000       0.27749949984531813        2.7724200077439219E-004
   1124.0000000000000       0.29906702440517841        3.5851671880395811E-004
   1125.0000000000000       0.25614265083093424        2.1170534815778680E-004
   1126.0000000000000       0.15798274676634819        4.4847621407861792E-005
   1127.0000000000000        2.5754870040230134E-002   1.8316279979220254E-007
   1128.0000000000000      -0.11202688029798263       -1.5513065212950585E-005
   1129.0000000000000      -0.22565074774412927       -1.3942532943445136E-004
   1130.0000000000000      -0.29061446930377111       -3.2468959853007985E-004
   1131.0000000000000      -0.29290903225579856       -3.3361046838850964E-004
   1132.0000000000000      -0.23203962870284023       -1.5273312066583984E-004
   1133.0000000000000      -0.12113235779508889       -1.9713086303509331E-005
   1134.0000000000000        1.5896334206152597E-002   4.3025106374774589E-008
   1135.0000000000000       0.14949708302854348        3.7759262030471555E-005
   1136.0000000000000       0.25085973850313559        1.9751340119873706E-004
   1137.0000000000000       0.29812608986773786        3.5461824362688994E-004
   1138.0000000000000       0.28110344963552508        2.8969822975295442E-004
   1139.0000000000000       0.20346264129231592        9.9789225425631398E-005
   1140.0000000000000        8.1946411029741831E-002   5.9865992858028249E-006
   1141.0000000000000       -5.7241040602345639E-002  -2.0235357244610940E-006
   1142.0000000000000      -0.18408482657300190       -7.2535649130015320E-005
   1143.0000000000000      -0.27123189269635045       -2.5657817184349758E-004
   1144.0000000000000      -0.29988952947092967       -3.6195245344122914E-004
   1145.0000000000000      -0.26387790013504298       -2.3387847242215421E-004
   1146.0000000000000      -0.17096268308600726       -5.7436505596853057E-005
   1147.0000000000000       -4.1180452263788012E-002  -7.5060246115054527E-007
   1148.0000000000000        9.7482080224821147E-002   1.0145976311275226E-005
   1149.0000000000000       0.21512322327651826        1.1940182045555044E-004
   1150.0000000000000       0.28637441401092739        3.0870178055025939E-004
   1151.0000000000000       0.29587078716442922        3.4541145938433711E-004
   1152.0000000000000       0.24156451037811627        1.7431145025243908E-004
   1153.0000000000000       0.13516638619704080        2.7630691469330068E-005
   1154.0000000000000       -3.7950843525331508E-004  -5.8510260314708941E-013
   1155.0000000000000      -0.13584356399288069       -2.8060647757759722E-005
   1156.0000000000000      -0.24201382058144047       -1.7538299537656798E-004
   1157.0000000000000      -0.29599533889293117       -3.4591489804283390E-004
   1158.0000000000000      -0.28614734847800921       -3.0786345930990821E-004
   1159.0000000000000      -0.21459350571747407       -1.1845410176882738E-004
   1160.0000000000000       -9.6763940855856476E-002  -9.9200382479306879E-006
   1161.0000000000000        4.1932151263797193E-002   7.9258036743536676E-007
   1162.0000000000000       0.17158584261678766        5.8097516943361215E-005
   1163.0000000000000       0.26423813981479971        2.3495288273274651E-004
   1164.0000000000000       0.29990916590819910        3.6203479796905510E-004
   1165.0000000000000       0.27090669141856039        2.5553970212198788E-004
   1166.0000000000000       0.18348491516349935        7.1789477182317829E-005
   1167.0000000000000        5.6495786133906593E-002   1.9451264951229582E-006
   1168.0000000000000       -8.2676299179819238E-002  -6.1497795822087180E-006
   1169.0000000000000      -0.20401976739537289       -1.0066840259472881E-004
   1170.0000000000000      -0.28136767299616383       -2.9062839784333794E-004
   1171.0000000000000      -0.29804043240284911       -3.5426503346433556E-004
   1172.0000000000000      -0.25044267169920637       -1.9642474866293324E-004
   1173.0000000000000      -0.14883854468425831       -3.7244502159459615E-005
   1174.0000000000000       -1.5138333919197854E-002  -3.7157006175157495E-008
   1175.0000000000000       0.12182636209286954        2.0062096027060719E-005
   1176.0000000000000       0.23251997940688102        1.5377061521609808E-004
   1177.0000000000000       0.29307214479760596        3.3425193739274349E-004
   1178.0000000000000       0.29042516950170139        3.2396215372329404E-004
   1179.0000000000000       0.22514985689564607        1.3841988715975956E-004
   1180.0000000000000       0.11132241232284504        1.5216426036988943E-005
   1181.0000000000000       -2.6511001112109696E-002  -1.9979231945240693E-007
   1182.0000000000000      -0.15862748608744623       -4.5421760697203657E-005
   1183.0000000000000      -0.25653696447498625       -2.1279500604943745E-004
   1184.0000000000000      -0.29912588114744237       -3.5876170483430819E-004
   1185.0000000000000      -0.27721020760436482       -2.7626059380456993E-004
   1186.0000000000000      -0.19551591877308036       -8.7848630706752765E-005
   1187.0000000000000       -7.1659868115002634E-002  -3.9880601456057138E-006
   1188.0000000000000        6.7649176479694706E-002   3.3507037992355657E-006
   1189.0000000000000       0.19237010723248038        8.3421905471861674E-005
   1190.0000000000000       0.27560765015820932        2.7087300664299755E-004
   1191.0000000000000       0.29941215952119371        3.5995521909490044E-004
   1192.0000000000000       0.25865034456153346        2.1870857941879844E-004
   1193.0000000000000       0.16211223093775157        4.8615142262129263E-005
   1194.0000000000000        3.0615647148400045E-002   3.0787564962327916E-007
   1195.0000000000000      -0.10748300539298179       -1.3667782492755961E-005
   1196.0000000000000      -0.22240363271162852       -1.3300281942522877E-004
   1197.0000000000000      -0.28936433380965393       -3.1990936369056676E-004
   1198.0000000000000      -0.29392546017418347       -3.3762371701930981E-004
   1199.0000000000000      -0.23510343396856637       -1.5944138477373888E-004
   1200.0000000000000      -0.12558285032541328       -2.2025570816254727E-005
