   1.0000000000000000        0.0000000000000000        0.0000000000000000     
   2.0000000000000000       0.29910236260678802        3.5866379495425331E-004
   3.0000000000000000       -4.6241250325538275E-002  -1.0638670937719626E-006
   4.0000000000000000      -0.29195346143117235       -3.2987209212859467E-004
   5.0000000000000000        9.1377279930206598E-002   8.3333891875746098E-006
   6.0000000000000000       0.27782652629601146        2.7835469497988297E-004
   7.0000000000000000      -0.13432928417905918       -2.7105553621244611E-005
   8.0000000000000000      -0.25705920770434859       -2.1424478986982188E-004
   9.0000000000000000       0.17407065923321782        6.0787262377069038E-005
   10.000000000000000       0.23014786919875288        1.4869800506519320E-004
   11.000000000000000      -0.20965153909908366       -1.0987700713628113E-004
   12.000000000000000      -0.19773572368400835       -9.1073139622718186E-005
   13.000000000000000       0.24022149855204250        1.7113798105958939E-004
   14.000000000000000       0.16059745987589480        4.7208170469717985E-005
   15.000000000000000      -0.26504987930786306       -2.3738783509868143E-004
   16.000000000000000      -0.11962072632216775       -1.8967432261364781E-005
   17.000000000000000       0.28354325362218730        2.9837666306395226E-004
   18.000000000000000        7.5784915549593171E-002   4.7241034133395236E-006
   19.000000000000000      -0.29525960791737393       -3.4294950620209874E-004
   20.000000000000000       -3.0137755421083660E-002  -2.9366178352635697E-007
   21.000000000000000       0.29991890743119382        3.6207565416368183E-004
   22.000000000000000       -1.6229732802738980E-002  -4.5790593728353231E-008
   23.000000000000000      -0.29740978937974372       -3.5167318542250005E-004
   24.000000000000000        6.2209311165528663E-002   2.6012091210795043E-006
   25.000000000000000       0.28779222466004856        3.1397708114906604E-004
   26.000000000000000      -0.10670201321664524       -1.3366574687058724E-005
   27.000000000000000      -0.27129608447450193       -2.5678354280638947E-004
   28.000000000000000       0.14864441061260319        3.7093697783915602E-005
   29.000000000000000       0.24831564613652174        1.9094346469165880E-004
   30.000000000000000      -0.18703403031561419       -7.6285271412534597E-005
   31.000000000000000      -0.21940016937518120       -1.2726015356530218E-004
   32.000000000000000       0.22095331488803571        1.3020633696119246E-004
   33.000000000000000       0.18524076837630968        7.3989118072724869E-005
   34.000000000000000      -0.24959155320327392       -1.9421727879393347E-004
   35.000000000000000      -0.14665389333385034       -3.5572052503956102E-005
   36.000000000000000       0.27226425740314192        2.5989656066538306E-004
   37.000000000000000       0.10456181632198609        1.2564496199605622E-005
   38.000000000000000      -0.28842952296941321       -3.1637133642122201E-004
   39.000000000000000       -5.9970587898832396E-002  -2.3288303262215357E-006
   40.000000000000000       0.29770098088445901        3.5286805460586258E-004
   41.000000000000000        1.3945991305010183E-002   2.9048150756896378E-008
   42.000000000000000      -0.29985703230896932       -3.6181621088834861E-004
   43.000000000000000        3.2411931019731062E-002   3.6540783008679806E-007
   44.000000000000000       0.29484614505700935        3.4129191857108234E-004
   45.000000000000000       -7.7995169755377583E-002  -5.1538357661537391E-006
   46.000000000000000      -0.28278808527637622       -2.9566901102650754E-004
   47.000000000000000       0.12171423143840225        2.0005419883350629E-005
   48.000000000000000       0.26397105489563411        2.3415594153224396E-004
   49.000000000000000      -0.16252417864758689       -4.9002845128670065E-005
   50.000000000000000      -0.23884480325623964       -1.6793032703144652E-004
   51.000000000000000       0.19944960524759417        9.3620927973619755E-005
   52.000000000000000       0.20800987756991712        1.0713156607432522E-004
   53.000000000000000      -0.23160794975234875       -1.5180522800995017E-004
   54.000000000000000      -0.17220326912810208       -5.8757774276309782E-005
   55.000000000000000       0.25823058959119533        2.1752413890144913E-004
   56.000000000000000       0.13228079833606826        2.5849795118257757E-005
   57.000000000000000      -0.27868121209985669       -2.8127920906515522E-004
   58.000000000000000       -8.9196659590313546E-002  -7.7435299046023164E-006
   59.000000000000000       0.29247102314772139        3.3189274801245772E-004
   60.000000000000000        4.3980614900892029E-002   9.1489139403871219E-007
   61.000000000000000      -0.29927042989723224       -3.5936394319217391E-004
   62.000000000000000        2.2866186418339478E-003   1.2798357881943706E-010
   63.000000000000000       0.29891691846357271        3.5789252014932179E-004
   64.000000000000000       -4.8499199287289817E-002  -1.2280776975856962E-006
   65.000000000000000      -0.29141893818924092       -3.2779545698751562E-004
   66.000000000000000        9.3552591553959369E-002   8.9515316386992058E-006
   67.000000000000000       0.27695569969474398        2.7539943516268986E-004
   68.000000000000000      -0.13636996593727563       -2.8398071392198144E-005
   69.000000000000000      -0.25587289153223974       -2.1096235036583116E-004
   70.000000000000000       0.17592793641180601        6.2854897817325915E-005
   71.000000000000000       0.22867441781918363        1.4561074616864812E-004
   72.000000000000000      -0.21128102057090661       -1.1265280004773962E-004
   73.000000000000000      -0.19601035433233516       -8.8559557964614823E-005
   74.000000000000000       0.24158423777750071        1.7435839347594234E-004
   75.000000000000000       0.15866141092576028        4.5452113605354471E-005
   76.000000000000000      -0.26611330520337823       -2.4060717521961065E-004
   77.000000000000000      -0.11752027163946528       -1.7963917624923557E-005
   78.000000000000000       0.28428194904772625        3.0104405929014190E-004
   79.000000000000000        7.3570258492195367E-002   4.3184832645073046E-006
   80.000000000000000      -0.29565591717623801       -3.4454432360368715E-004
   81.000000000000000       -2.7861828919052426E-002  -2.3195614404607834E-007
   82.000000000000000       0.29996335826210785        3.6226212880522356E-004
   83.000000000000000       -1.8512531406954767E-002  -6.7970784084529115E-008
   84.000000000000000      -0.29710131935513417       -3.5041093313589538E-004
   85.000000000000000        6.4444420278088221E-002   2.8937519296946091E-006
   86.000000000000000       0.28713820656920552        3.1153489558767523E-004
   87.000000000000000      -0.10883601107911393       -1.4200549767777235E-005
   88.000000000000000      -0.27031215016054422       -2.5364957833023678E-004
   89.000000000000000       0.15062629214533269        3.8653518468843878E-005
   90.000000000000000       0.24702531273654532        1.8767543277339584E-004
   91.000000000000000      -0.18881642619963360       -7.8617965273521456E-005
   92.000000000000000      -0.21783427746599091       -1.2434003190249615E-004
   93.000000000000000       0.22249362374795095        1.3317779398934845E-004
   94.000000000000000       0.18343674453664122        7.1729802731992128E-005
   95.000000000000000      -0.25085295983066103       -1.9749567047265743E-004
   96.000000000000000      -0.14465485598210612       -3.4088439845196624E-005
   97.000000000000000       0.27321661268368813        2.6298724728440401E-004
   98.000000000000000       0.10241554470063358        1.1793843229186383E-005
   99.000000000000000      -0.28905006448250320       -3.1871646367123886E-004
   100.00000000000000       -5.7728380574649504E-002  -2.0759411184991609E-006
   101.00000000000000       0.29797487695202179        3.5399490378067947E-004
   102.00000000000000        1.1661439556657898E-002   1.6981100403321749E-008
   103.00000000000000      -0.29977773649017325       -3.6148393939712672E-004
   104.00000000000000        3.4684223558263422E-002   4.4793825364932698E-007
   105.00000000000000       0.29441555261596164        3.3957242976731555E-004
   106.00000000000000       -8.0200892734781690E-002  -5.6082974181468780E-006
   107.00000000000000      -0.28201648788306294       -2.9292241188550111E-004
   108.00000000000000       0.12380066533067011        2.1078251018814506E-005
   109.00000000000000       0.26287689464280273        2.3091285296306357E-004
   110.00000000000000      -0.16444145533409268       -5.0836137268243436E-005
   111.00000000000000      -0.23745423187151141       -1.6473650872376143E-004
   112.00000000000000       0.20115189942636175        9.6202454546061704E-005
   113.00000000000000       0.20635613135848344        1.0441709414242483E-004
   114.00000000000000      -0.23305457467613730       -1.5493146485558097E-004
   115.00000000000000      -0.17032587458561491       -5.6766566854295259E-005
   116.00000000000000       0.25938696912184028        2.2079909464250920E-004
   117.00000000000000       0.13022462741851928        2.4630524088609810E-005
   118.00000000000000      -0.27951970746455901       -2.8417161277003908E-004
   119.00000000000000       -8.7010857221071505E-002  -7.1813976751336488E-006
   120.00000000000000       0.29297159326275768        3.3385638514127846E-004
   121.00000000000000        4.1717424348752787E-002   7.8043292998612221E-007
   122.00000000000000      -0.29942111057292320       -3.5999258766132407E-004
   123.00000000000000        4.5731044387276676E-003   1.0238179476273268E-009
   124.00000000000000       0.29871410824450456        3.5705053384230817E-004
   125.00000000000000       -5.0754330606819553E-002  -1.4082356168270357E-006
   126.00000000000000      -0.29086748446739846       -3.2566390703914249E-004
   127.00000000000000        9.5722468083199272E-002   9.5985023211287269E-006
   128.00000000000000       0.27606878290185310        2.7241480006194238E-004
   129.00000000000000      -0.13840272505389262       -2.9727602961815129E-005
   130.00000000000000      -0.25467170997743482       -2.0767811132568325E-004
   131.00000000000000       0.17777499276223790        6.4960524687452748E-005
   132.00000000000000       0.22718768123907546        1.4254437950621149E-004
   133.00000000000000      -0.21289822731793037       -1.1545830319941590E-004
   134.00000000000000      -0.19427359740418479       -8.6080627073076179E-005
   135.00000000000000       0.24293294176199628        1.7759046752446178E-004
   136.00000000000000       0.15671614430497058        4.3734653944822052E-005
   137.00000000000000      -0.26716127080067098       -2.4381259714662692E-004
   138.00000000000000      -0.11541298938749125       -1.6994490318205651E-005
   139.00000000000000       0.28500412863724500        3.0366990365526602E-004
   140.00000000000000        7.1351327281318030E-002   3.9363492869434975E-006
   141.00000000000000      -0.29603504980935125       -3.4607553237805418E-004
   142.00000000000000       -2.5584283702602441E-002  -1.7954356233427974E-007
   143.00000000000000       0.29999038221926599        3.6237553385280047E-004
   144.00000000000000       -2.0794254459808204E-002  -9.6349271411529887E-008
   145.00000000000000      -0.29677558873171306       -3.4908196924329207E-004
   146.00000000000000        6.6675785418154318E-002   3.2071259788681658E-006
   147.00000000000000       0.28646750672350957        3.0904599618075343E-004
   148.00000000000000      -0.11096368589876400       -1.5066879277939034E-005
   149.00000000000000      -0.26931251157913783       -2.5049605068204391E-004
   150.00000000000000       0.15259942282138028        4.0251638056289463E-005
   151.00000000000000       0.24572062802687616        1.8441437151641712E-004
   152.00000000000000      -0.19058785245012219       -8.0986878353490188E-005
   153.00000000000000      -0.21625573006153984       -1.2144673621704943E-004
   154.00000000000000       0.22402100649133264        1.3617371313046249E-004
   155.00000000000000       0.18162206368729930        6.9507599386979730E-005
   156.00000000000000      -0.25209979271622057       -2.0077741927055113E-004
   157.00000000000000      -0.14264741460300645       -3.2642697883142921E-005
   158.00000000000000       0.27415309500164703        2.6605421806538720E-004
   159.00000000000000       0.10026332314231014        1.1054131837968280E-005
   160.00000000000000      -0.28965381313882704       -3.2101128459782117E-004
   161.00000000000000       -5.5482819354956636E-002  -1.8418601275825418E-006
   162.00000000000000       0.29823146167376785        3.5505313119838509E-004
   163.00000000000000        9.3762103872352936E-003   8.8255392075592755E-009
   164.00000000000000      -0.29968102458323920       -3.6107901944870007E-004
   165.00000000000000        3.6954501128108670E-002   5.4199339117505621E-007
   166.00000000000000       0.29396785560325167        3.3779193874658003E-004
   167.00000000000000       -8.2401956241675775E-002  -6.0880961943866322E-006
   168.00000000000000      -0.28122850628165064       -2.9013818606850805E-004
   169.00000000000000       0.12587990687953407        2.2186280857592588E-005
   170.00000000000000       0.26176746209938057        2.2765992065667490E-004
   171.00000000000000      -0.16634917851850908       -5.2708025312375023E-005
   172.00000000000000      -0.23604986520698595       -1.6155758365985135E-004
   173.00000000000000       0.20284250740040979        9.8817226660898857E-005
   174.00000000000000       0.20469039651640644        1.0173418420568139E-004
   175.00000000000000      -0.23448765981647868       -1.5807574341915529E-004
   176.00000000000000      -0.16843858470503723       -5.4813751113629212E-005
   177.00000000000000       0.26052827916711713        2.2406834341093219E-004
   178.00000000000000       0.12816089085152860        2.3447451757213714E-005
   179.00000000000000      -0.28034196366314679       -2.8703054803818045E-004
   180.00000000000000       -8.4819999843830124E-002  -6.6464256412467963E-006
   181.00000000000000       0.29345514271736778        3.3576199000246321E-004
   182.00000000000000        3.9451810118345386E-002   6.5976904310243747E-007
   183.00000000000000      -0.29955439586950339       -3.6054938927868767E-004
   184.00000000000000        6.8593245185433124E-003   3.4551004110700025E-009
   185.00000000000000       0.29849394372249277        3.5613828852259014E-004
   186.00000000000000       -5.3006513302871060E-002  -1.6050477388106813E-006
   187.00000000000000      -0.29029913231130822       -3.2347853094378274E-004
   188.00000000000000        9.7886783422301532E-002   1.0274834934437127E-005
   189.00000000000000       0.27516582740325007        2.6940216468721077E-004
   190.00000000000000      -0.14042744346322641       -3.1094385318658237E-005
   191.00000000000000      -0.25345573291733409       -2.0439335150520578E-004
   192.00000000000000       0.17961172094870734        6.7103964278692103E-005
   193.00000000000000       0.22568774576445633        1.3949981073292186E-004
   194.00000000000000      -0.21450306541023634       -1.1829285075925606E-004
   195.00000000000000      -0.19252555382562783       -8.3636766838099269E-005
   196.00000000000000       0.24426753213003669        1.8083308743004382E-004
   197.00000000000000       0.15476177293770871        4.2055750088243081E-005
   198.00000000000000      -0.26819371523207441       -2.4700273071130816E-004
   199.00000000000000      -0.11329900215372260       -1.6058749983389402E-005
   200.00000000000000       0.28570975042385999        3.0625291370711650E-004
   201.00000000000000        6.9128250727721371E-002   3.5770667646628517E-006
   202.00000000000000      -0.29639698379576479       -3.4754232551717555E-004
   203.00000000000000       -2.3305252124290046E-002  -1.3567357348541408E-007
   204.00000000000000       0.29999997773265275        3.6241580789287645E-004
   205.00000000000000       -2.3074769505296275E-002  -1.3168454686455755E-007
   206.00000000000000      -0.29643261642797675       -3.4768699923465329E-004
   207.00000000000000        6.8903276780698255E-002   3.5419909752688467E-006
   208.00000000000000       0.28578016406866763        3.0651161679300597E-004
   209.00000000000000      -0.11308491416210417       -1.5966007584746239E-005
   210.00000000000000      -0.26829722683577767       -2.4732434165625867E-004
   211.00000000000000       0.15456368797807446        4.1888160384095439E-005
   212.00000000000000       0.24440166776616024        1.8116145225899151E-004
   213.00000000000000      -0.19234820623401691       -8.3391665618305849E-005
   214.00000000000000      -0.21466461891782501       -1.1858100714542161E-004
   215.00000000000000       0.22553537426657694        1.3919325926891116E-004
   216.00000000000000       0.17979683120026130        6.7322758390266660E-005
   217.00000000000000      -0.25333197947990121       -2.0406128978142995E-004
   218.00000000000000      -0.14063168588315883       -3.1234646040650182E-005
   219.00000000000000       0.27507364993584144        2.6909608917226140E-004
   220.00000000000000        9.8105276618459233E-002   1.0344865428423209E-005
   221.00000000000000      -0.29024073388987315       -3.2325464147641775E-004
   222.00000000000000       -5.3234034767837626E-002  -1.6258993514600704E-006
   223.00000000000000       0.29847072012457448        3.5604217068005808E-004
   224.00000000000000        7.0904364911811351E-003   3.8162682817728043E-009
   225.00000000000000      -0.29956690220197713       -3.6060166995061397E-004
   226.00000000000000        3.9222631764244155E-002   6.4830967277987916E-007
   227.00000000000000       0.29350308003503389        3.3595137369057205E-004
   228.00000000000000       -8.4598232469039747E-002  -6.5938304203490471E-006
   229.00000000000000      -0.28042418621477094       -2.8731766452723162E-004
   230.00000000000000       0.12795183522412765        2.3329848795180341E-005
   231.00000000000000       0.26064282180547726        2.2439848824379495E-004
   232.00000000000000      -0.16824723725279764       -5.4618466146006585E-005
   233.00000000000000      -0.23463178478703550       -1.5839458889910370E-004
   234.00000000000000       0.20452133089885635        1.0146472704269604E-004
   235.00000000000000       0.20301276984251121        9.9083404807055498E-005
   236.00000000000000      -0.23590712209099146       -1.6123707072272027E-004
   237.00000000000000      -0.16654150904493711       -5.2899415784894764E-005
   238.00000000000000       0.26165445338515197        2.2733056094699009E-004
   239.00000000000000       0.12608970868943917        2.2300272794926459E-005
   240.00000000000000      -0.28114793287652673       -2.8985466434267558E-004
   241.00000000000000       -8.2624214639621607E-002  -6.1380364608368627E-006
   242.00000000000000       0.29392164340338495        3.3760857563615998E-004
   243.00000000000000        3.7183903868874858E-002   5.5217235766299299E-007
   244.00000000000000      -0.29967027805982560       -3.6103404754038747E-004
   245.00000000000000        9.1451461642401526E-003   8.1889215355460730E-009
   246.00000000000000       0.29825643769429439        3.5515627382770701E-004
   247.00000000000000       -5.5255616359340544E-002  -1.8192151327216771E-006
   248.00000000000000      -0.28971391477660902       -3.2124044073126185E-004
   249.00000000000000       0.10004541193077869        1.0981051564687696E-005
   250.00000000000000       0.27424688568449551        2.6636290806093007E-004
   251.00000000000000      -0.14244400350475811       -3.2498637549614210E-005
   252.00000000000000      -0.25222503084758846       -2.0110933584599261E-004
   253.00000000000000       0.18143801434733264        6.9285015061425317E-005
   254.00000000000000       0.22417469858180522        1.3647792312540842E-004
   255.00000000000000      -0.21609544149036933       -1.2115575244626121E-004
   256.00000000000000      -0.19076632526000381       -8.1228373070579734E-005
   257.00000000000000       0.24558793140718405        1.8408511912162252E-004
   258.00000000000000       0.15279841042573758        4.0415340320307341E-005
   259.00000000000000      -0.26921057849987401       -2.5017620103050389E-004
   260.00000000000000      -0.11117843249549290       -1.5156281596976398E-005
   261.00000000000000       0.28639877344524262        3.0879182176248341E-004
   262.00000000000000        6.6901158052481799E-002   3.2399926380824410E-006
   263.00000000000000      -0.29674169808186168       -3.4894392793638186E-004
   264.00000000000000       -2.1024866727631254E-002  -9.9592855281223529E-008
   265.00000000000000       0.29999214424484100        3.6238292911298497E-004
   266.00000000000000       -2.5353943983357281E-002  -1.7473278255122205E-007
   267.00000000000000      -0.29607242237431947       -3.4622676205122945E-004
   268.00000000000000        7.1126765228042371E-002   3.8989989191757300E-006
   269.00000000000000       0.28507621851524501        3.0393300793181411E-004
   270.00000000000000      -0.11519957256773099       -1.6898365157830388E-005
   271.00000000000000      -0.26726635497858781       -2.4413583036422885E-004
   272.00000000000000       0.15651897337895906        4.3563169324623119E-005
   273.00000000000000       0.24306850854066117        1.7791782891174039E-004
   274.00000000000000      -0.19409738522633360       -8.5831957862432789E-005
   275.00000000000000      -0.21306103647311631       -1.1574356127028675E-004
   276.00000000000000       0.22703663927898302        1.4223557477630885E-004
   277.00000000000000       0.17796115305923041        6.5175506784055854E-005
   278.00000000000000      -0.25454944849743721       -2.0734603181915800E-004
   279.00000000000000      -0.13860778705359703       -2.9864085300467885E-005
   280.00000000000000       0.27597822395031463        2.7211147842458896E-004
   281.00000000000000        9.5941530438223774E-002   9.6655351114776402E-006
   282.00000000000000      -0.29081079261879722       -3.2544539776920131E-004
   283.00000000000000       -5.0982157460203917E-002  -1.4273644056917934E-006
   284.00000000000000       0.29869263843355492        3.5696149239560859E-004
   285.00000000000000        4.8042505945144372E-003   1.1870488626618699E-009
   286.00000000000000      -0.29943537597920639       -3.6005214882515308E-004
   287.00000000000000        4.1488483557461271E-002   7.6761935943980639E-007
   288.00000000000000       0.29302125294318104        3.3405169126986343E-004
   289.00000000000000       -8.6789593887393518E-002  -7.1260885958020086E-006
   290.00000000000000      -0.27960357443456718       -2.8446218814003781E-004
   291.00000000000000       0.13001632999229934        2.4509278240479622E-005
   292.00000000000000       0.25950303896154125        2.2112988998426980E-004
   293.00000000000000      -0.17013552149796959       -5.6567395322215219E-005
   294.00000000000000      -0.23320007304010829       -1.5524854108125763E-004
   295.00000000000000       0.20618827228616121        1.0414441391311865E-004
   296.00000000000000       0.20132334890490297        9.6465300188004668E-005
   297.00000000000000      -0.23731287894566833       -1.6441443214226063E-004
   298.00000000000000      -0.16463475787660584       -5.1023627813622069E-005
   299.00000000000000       0.26276542634896533        2.3058441351748906E-004
   300.00000000000000       0.12401120100798227        2.1188665289193372E-005
   301.00000000000000      -0.28193756837904388       -2.9264262030734571E-004
   302.00000000000000       -8.0423629243116204E-002  -5.6556426776299632E-006
   303.00000000000000       0.29437106819173492        3.3939518255545777E-004
   304.00000000000000        3.4913837496906797E-002   4.5691104610198294E-007
   305.00000000000000      -0.29976875040284534       -3.6144630057010458E-004
   306.00000000000000        1.1430436507335650E-002   1.5991611083362336E-008
   307.00000000000000       0.29800160395822034        3.5410501602761376E-004
   308.00000000000000       -5.7501509385623387E-002  -2.0514328382488175E-006
   309.00000000000000      -0.28911186579098946       -3.1895077038443927E-004
   310.00000000000000       0.10219822813328978        1.1717662286529666E-005
   311.00000000000000       0.27331201119064957        2.6329841213456782E-004
   312.00000000000000      -0.14445228790061315       -3.3940560517044946E-005
   313.00000000000000      -0.25097967534173521       -1.9782731606823520E-004
   314.00000000000000       0.18325376680027225        7.1503452211477706E-005
   315.00000000000000       0.22264862759413531        1.3347957700531773E-004
   316.00000000000000      -0.21767526324113709       -1.2404629445706423E-004
   317.00000000000000      -0.18899601369769314       -7.8855817041097447E-005
   318.00000000000000       0.24689406284164508        1.8734541028185336E-004
   319.00000000000000       0.15082617095465398        3.8813342787306640E-005
   320.00000000000000      -0.27021180146700402       -2.5333162932650918E-004
   321.00000000000000      -0.10905140373979913       -1.4286656137033296E-005
   322.00000000000000       0.28707115764963753        3.1128537552544810E-004
   323.00000000000000        6.4670178642282763E-002   2.9244757494231105E-006
   324.00000000000000      -0.29706917268300664       -3.5027959754257737E-004
   325.00000000000000       -1.8743259716808396E-002  -7.0545479009632397E-008
   326.00000000000000       0.29996688221037104        3.6227691531820461E-004
   327.00000000000000       -2.7631645342423551E-002  -2.2624757383399646E-007
   328.00000000000000      -0.29569502752040017       -3.4470202948767473E-004
   329.00000000000000        7.3346121446692503E-002   4.2787936928859651E-006
   330.00000000000000       0.28435571098088108        3.0131143594306790E-004
   331.00000000000000      -0.11730753826101845       -1.7864368353053795E-005
   332.00000000000000      -0.26621995577183916       -2.4093189166919511E-004
   333.00000000000000       0.15846516566735855        4.5276728903345415E-005
   334.00000000000000       0.24172122784257188        1.7468463763656679E-004
   335.00000000000000      -0.19583528769975805       -8.8307361709324297E-005
   336.00000000000000      -0.21144507589022485       -1.1293509109443854E-004
   337.00000000000000       0.22852471421712650        1.4529977858648537E-004
   338.00000000000000       0.17611513607969340        6.3066048722618207E-005
   339.00000000000000      -0.25575212903792455       -2.1063038140851540E-004
   340.00000000000000      -0.13657583544882526       -2.8530798210342417E-005
   341.00000000000000       0.27686676465664184        2.7509900711135122E-004
   342.00000000000000        9.3772210373899073E-002   9.0156200501044030E-006
   343.00000000000000      -0.29136395617380362       -3.2758243915372612E-004
   344.00000000000000       -4.8727318258643730E-002  -1.2455548062548046E-006
   345.00000000000000       0.29889720369284634        3.5781060294375749E-004
   346.00000000000000        2.5177857265469661E-003   1.7085610045544827E-010
   347.00000000000000      -0.29928645355616351       -3.5943075273997061E-004
   348.00000000000000        4.3751925146155911E-002   9.0065030604983969E-007
   349.00000000000000       0.29252240229236925        3.3209387552731064E-004
   350.00000000000000       -8.8975913118758285E-002  -7.6854490640512542E-006
   351.00000000000000      -0.27876671866747821       -2.8157310661148751E-004
   352.00000000000000       0.13207327124376381        2.5724876277872580E-005
   353.00000000000000       0.25834817985341219        2.1785545123914133E-004
   354.00000000000000      -0.17201392132027693       -5.8554726011284886E-005
   355.00000000000000      -0.23175481314389906       -1.5212043571485948E-004
   356.00000000000000       0.20784323492224607        1.0685572156665038E-004
   357.00000000000000       0.19962223154261829        9.3880389536703460E-005
   358.00000000000000      -0.23870484871070755       -1.6760679254448297E-004
   359.00000000000000      -0.16271844209331379       -4.9186432489596903E-005
   360.00000000000000       0.26386113351471979        2.3382855858694807E-004
   361.00000000000000       0.12192548868785612        2.0112291489009392E-005
   362.00000000000000      -0.28271082419902288       -2.9539308348490738E-004
   363.00000000000000       -7.8218371501012518E-002  -5.1986469598707036E-006
   364.00000000000000       0.29480339102724434        3.4112087991635331E-004
   365.00000000000000        3.2641742747252331E-002   3.7324907808658744E-007
   366.00000000000000      -0.29984980717764675       -3.6178592548962872E-004
   367.00000000000000        1.3715062640502941E-002   2.7628483449750473E-008
   368.00000000000000       0.29772945731926392        3.5298507759211231E-004
   369.00000000000000       -5.9744061765297757E-002  -2.3023895098481944E-006
   370.00000000000000      -0.28849302040505270       -3.1661067589367528E-004
   371.00000000000000       0.10434510695836757        1.2485164930425472E-005
   372.00000000000000       0.27236125812058509        2.6021006018383689E-004
   373.00000000000000      -0.14645218034344740       -3.5420336992874276E-005
   374.00000000000000      -0.24971973875079068       -1.9454852922599499E-004
   375.00000000000000       0.18505887270839019        7.3759027532126830E-005
   376.00000000000000       0.22110962146109961        1.3050560960424984E-004
   377.00000000000000      -0.21924243878248062       -1.2696373848772289E-004
   378.00000000000000      -0.18721472220420918       -7.6519446603467292E-005
   379.00000000000000       0.24818585055152401        1.9061279121027904E-004
   380.00000000000000       0.14884516886403715        3.7249655430130256E-005
   381.00000000000000      -0.27119732602834451       -2.5646763433593894E-004
   382.00000000000000      -0.10691803945994353       -1.3449430661069841E-005
   383.00000000000000       0.28772686393420788        3.1373233918245377E-004
   384.00000000000000        6.2435442109614075E-002   2.6298571394959671E-006
   385.00000000000000      -0.29737938855242763       -3.5154862533075444E-004
   386.00000000000000       -1.6460563924370824E-002  -4.7773181147260432E-008
   387.00000000000000       0.29992419309688317        3.6209782392033731E-004
   388.00000000000000       -2.9907741533918456E-002  -2.8697969361173386E-007
   389.00000000000000      -0.29530045372086317       -3.4311360507888899E-004
   390.00000000000000        7.5561216499427611E-002   4.6820108549437912E-006
   391.00000000000000       0.28361868337020041        2.9864818197085618E-004
   392.00000000000000      -0.11940868877616490       -1.8864419077857612E-005
   393.00000000000000      -0.26515809007035224       -2.3771389648824192E-004
   394.00000000000000       0.16040215153818482        4.7028882311889631E-005
   395.00000000000000       0.24035990394442380        1.7146299605069970E-004
   396.00000000000000      -0.19756181290027922       -9.0817460058882179E-005
   397.00000000000000      -0.20981683125078665       -1.1015626528030996E-004
   398.00000000000000       0.22999951262879859        1.4838496717856276E-004
   399.00000000000000       0.17425888728354472        6.0994564936091118E-005
   400.00000000000000      -0.25693995122962054       -2.1391306134449861E-004
   401.00000000000000      -0.13453594924187756       -2.7234549679927644E-005
   402.00000000000000       0.27773922016362379        2.7805729874961365E-004
   403.00000000000000        9.1597442455771921E-002   8.3945876987448292E-006
   404.00000000000000      -0.29190019248551691       -3.2966467486996679E-004
   405.00000000000000       -4.6469648161821475E-002  -1.0797642428156876E-006
   406.00000000000000       0.29908440401788694        3.5858904602740409E-004
   407.00000000000000        2.3117444391532020E-004   1.3224738764047121E-013
   408.00000000000000      -0.29912014358474631       -3.5873781685894391E-004
   409.00000000000000        4.6012824893394290E-002   1.0481256519429359E-006
   410.00000000000000       0.29200655703212691        3.3007893727731016E-004
   411.00000000000000       -9.1157063145252223E-002  -8.2724797612768923E-006
   412.00000000000000      -0.27791366742979096       -2.7865177687031101E-004
   413.00000000000000       0.13412253922715045        2.6976933207493612E-005
   414.00000000000000       0.25717831157456644        2.1457648691832029E-004
   415.00000000000000      -0.17388232782044627       -6.0580349732460297E-005
   416.00000000000000      -0.23029608906320492       -1.4901124692360794E-004
   417.00000000000000       0.20948612255707866        1.0959805940085776E-004
   418.00000000000000       0.19790951710560375        9.1329168903283889E-005
   419.00000000000000      -0.24008295051729148       -1.7081309648531696E-004
   420.00000000000000      -0.16079267279249287       -4.7387853294784832E-005
   421.00000000000000       0.26494151122547033        2.3706164560572513E-004
   422.00000000000000       0.11983269290201534        1.9070797828989613E-005
   423.00000000000000      -0.28346765550735131       -2.9810473270077862E-004
   424.00000000000000       -7.6008569531456890E-002  -4.7664424116448797E-006
   425.00000000000000       0.29521858676541446        3.4278476564046797E-004
   426.00000000000000        3.0367751482068925E-002   3.0044649906690033E-007
   427.00000000000000      -0.29991344367510059       -3.6205273857865323E-004
   428.00000000000000        1.5998892113705136E-002   4.3863586415366847E-008
   429.00000000000000       0.29744001362466266        3.5179705685258887E-004
   430.00000000000000       -6.1983143213522732E-002  -2.5727671917187043E-006
   431.00000000000000      -0.28785741449604474       -3.1422133321570183E-004
   432.00000000000000       0.10648592367948677        1.3284044756691885E-005
   433.00000000000000       0.27139468176652443        2.5709923699567753E-004
   434.00000000000000      -0.14844356403605466       -3.6938130289171546E-005
   435.00000000000000      -0.24844529427288384       -1.9127419728564850E-004
   436.00000000000000       0.18685322742159052        7.6051469784782467E-005
   437.00000000000000       0.21955776959384010        1.2755683485398387E-004
   438.00000000000000      -0.22079687706670903       -1.2990732256337387E-004
   439.00000000000000      -0.18542255404901947       -7.4219585146494005E-005
   440.00000000000000       0.24946321948824762        1.9388607526155669E-004
   441.00000000000000       0.14685551936374591        3.5724156845073644E-005
   442.00000000000000      -0.27216709498696445       -2.5958283280964558E-004
   443.00000000000000      -0.10477846359730128       -1.2644148672544627E-005
   444.00000000000000       0.28836585428471573        3.1613149487824340E-004
   445.00000000000000        6.0197078558956181E-002   2.3554703631267359E-006
   446.00000000000000      -0.29767232766761359       -3.5275033633814362E-004
   447.00000000000000       -1.4176911688444893E-002  -3.0515605508905921E-008
   448.00000000000000       0.29986407938447301        3.6184575188493882E-004
   449.00000000000000       -3.2182100185018499E-002  -3.5767681456692783E-007
   450.00000000000000      -0.29488872402123245       -3.4146232457418801E-004
   451.00000000000000        7.7771921696586255E-002   5.1092773324583269E-006
   452.00000000000000       0.28286517841200348        2.9594454040536035E-004
   453.00000000000000      -0.12150290204330780       -1.9898904482613828E-005
   454.00000000000000      -0.26408081956499546       -2.3448321016098251E-004
   455.00000000000000       0.16232981869566823        4.8819652485922932E-005
   456.00000000000000       0.23898461593461132        1.6825400284899424E-004
   457.00000000000000      -0.19927686041600071       -9.3361811105160307E-005
   458.00000000000000      -0.20817639675250704       -1.0740772721446331E-004
   459.00000000000000       0.23146094883311252        1.5149021465946035E-004
   460.00000000000000       0.17239251462513536        5.8961213756995008E-005
   461.00000000000000      -0.25811284592160583       -2.1719278147053737E-004
   462.00000000000000      -0.13248824694336364       -2.5975086940557687E-005
   463.00000000000000       0.27859554005247267        2.8098498331976043E-004
   464.00000000000000        8.9417353030631183E-002   7.8018941282654479E-006
   465.00000000000000      -0.29241947036607840       -3.3169103782193531E-004
   466.00000000000000       -4.4209278609213601E-002  -9.2928086796142484E-007
   467.00000000000000       0.29925422853296002        3.5929640278903384E-004
   468.00000000000000       -2.0554502691832871E-003  -9.2959313028683075E-011
   469.00000000000000      -0.29893645572701150       -3.5797371454836848E-004
   470.00000000000000        4.8271051448414419E-002   1.2107635820496094E-006
   471.00000000000000       0.29147374716130603        3.2800791352938127E-004
   472.00000000000000       -9.3332917249307104E-002  -8.8877379027018101E-006
   473.00000000000000      -0.27704447033157820       -2.7569956315320947E-004
   474.00000000000000       0.13616401538758310        2.8265722858532195E-005
   475.00000000000000       0.25599350209046334        2.1129430094155174E-004
   476.00000000000000      -0.17574063233520842       -6.2644135296834519E-005
   477.00000000000000      -0.22882398572573254       -1.4592192749198469E-004
   478.00000000000000       0.21111683974434703        1.1237081259757247E-004
   479.00000000000000       0.19618530457476652        8.8812108398441227E-005
   480.00000000000000      -0.24144710430228489       -1.7403226862064522E-004
   481.00000000000000      -0.15885756197172282       -4.5627892817661716E-005
   482.00000000000000       0.26600649658567810        2.4028231642177119E-004
   483.00000000000000       0.11773293523494037        1.8063815307924848E-005
   484.00000000000000      -0.28420801828690362       -3.0077625785288975E-004
   485.00000000000000       -7.3794351716600287E-002  -4.3584128659030845E-006
   486.00000000000000       0.29561663128475263        3.4438596761191074E-004
   487.00000000000000        2.8091995951441382E-002   2.3775969914859020E-007
   488.00000000000000      -0.29995965619813780       -3.6224659543648429E-004
   489.00000000000000        1.8281792104442435E-002   6.5459442263312255E-008
   490.00000000000000       0.29713328961940128        3.5054158689578154E-004
   491.00000000000000       -6.4218623647107051E-002  -2.8632410274002661E-006
   492.00000000000000      -0.28720508502785141       -3.1178393833349857E-004
   493.00000000000000       0.10862055366187003        1.4114774045477249E-005
   494.00000000000000       0.27041233828334155        2.5396732719380137E-004
   495.00000000000000      -0.15042632389473592       -3.8494085611137687E-005
   496.00000000000000      -0.24715641594900367       -1.8800552652363520E-004
   497.00000000000000       0.18863672658322117        7.8380483714722131E-005
   498.00000000000000       0.21799316234174276        1.2463404355121248E-004
   499.00000000000000      -0.22233848778612356       -1.3287626101402849E-004
   500.00000000000000      -0.18361961345962866       -7.1956532721632473E-005
   501.00000000000000       0.25072609544092561        1.9716405940308661E-004
   502.00000000000000       0.14485733804580422        3.4236706167792063E-005
   503.00000000000000      -0.27312105194182085       -2.6267584003879154E-004
   504.00000000000000      -0.10263280045411982       -1.1870340428775342E-005
   505.00000000000000       0.28898809153737604        3.1848164277184575E-004
   506.00000000000000        5.7955217484799634E-002   2.1006416389895296E-006
   507.00000000000000      -0.29794797300977532       -3.5388409013680888E-004
   508.00000000000000       -1.1892435821062039E-002  -1.8010569849055169E-008
   509.00000000000000       0.29978654457608539        3.6152083569001718E-004
   510.00000000000000       -3.4454589163044128E-002  -4.3908326128426358E-007
   511.00000000000000      -0.29445986221743886       -3.3974905346490912E-004
   512.00000000000000        7.9978108603543013E-002   5.5612111315872793E-006
   513.00000000000000       0.28209523992694757        2.9320181888063560E-004
   514.00000000000000      -0.12359005614102982       -2.0968196519377370E-005
   515.00000000000000      -0.26298820684160523       -2.3124119180533141E-004
   516.00000000000000       0.16424805503013371        5.0649041107582022E-005
   517.00000000000000       0.23759544371279764        1.6505873734749620E-004
   518.00000000000000      -0.20098033060836126       -9.5939948877625538E-005
   519.00000000000000      -0.20652386789737989       -1.0469009698078278E-004
   520.00000000000000       0.23290893792548148        1.5461457305004803E-004
   521.00000000000000       0.17051612653451453        5.6966130797261839E-005
   522.00000000000000      -0.25927074525921923       -2.2046824097875077E-004
   523.00000000000000      -0.13043284751798218       -2.4752139929279423E-005
   524.00000000000000       0.27943567446626255        2.8388069514473466E-004
   525.00000000000000        8.7232069021752276E-002   7.2369843949580657E-006
   526.00000000000000      -0.29292175964716882       -3.3366048597337141E-004
   527.00000000000000       -4.1946340368408559E-002  -7.9338749580321419E-007
   528.00000000000000       0.29940666737182559        3.5993229217665406E-004
   529.00000000000000       -4.3419555674518492E-003  -8.7628092089936294E-010
   530.00000000000000      -0.29873540068023996       -3.5713885715643655E-004
   531.00000000000000        5.0526473615757926E-002   1.3892770514762376E-006
   532.00000000000000       0.29092400363438953        3.2588186627674617E-004
   533.00000000000000       -9.5503349021030151E-002  -9.5317696824653106E-006
   534.00000000000000      -0.27615917787030275       -2.7271783532949612E-004
   535.00000000000000       0.13819758087121684        2.9591501369927846E-005
   536.00000000000000       0.25479382023459668        2.0801018551848310E-004
   537.00000000000000      -0.17758872690324648       -6.4745929085628016E-005
   538.00000000000000      -0.22733858829605305       -1.4285340704746032E-004
   539.00000000000000       0.21273529174480163        1.1517334200450267E-004
   540.00000000000000       0.19444969432968903        8.6329654903561753E-005
   541.00000000000000      -0.24279723064877901       -1.7726321374232683E-004
   542.00000000000000      -0.15691322205451161       -4.3906532549010379E-005
   543.00000000000000       0.26705602798348554        2.4348920767350551E-004
   544.00000000000000       0.11562633767557387        1.7090959796756565E-005
   545.00000000000000      -0.28493186952506278       -3.0340636156717278E-004
   546.00000000000000       -7.1575846966467696E-002  -3.9739332214742100E-006
   547.00000000000000       0.29599750146019516        3.4592364430069454E-004
   548.00000000000000        2.5814608369203299E-002   1.8444165932691407E-007
   549.00000000000000      -0.29998844206196446       -3.6236739110923261E-004
   550.00000000000000        2.0563629983811824E-002   9.3176795148677918E-008
   551.00000000000000       0.29680930315743514        3.4921933588857867E-004
   552.00000000000000       -6.6450373192066328E-002  -3.1744789802917735E-006
   553.00000000000000      -0.28653606989864694       -3.0929970574459186E-004
   554.00000000000000       0.11074887341225280        1.4977812199415724E-005
   555.00000000000000       0.26941428474192830        2.5081571450838696E-004
   556.00000000000000      -0.15240034448388992       -4.0088328215759109E-005
   557.00000000000000      -0.24585317881880986       -1.8474370734244933E-004
   558.00000000000000       0.19040926657790769        8.0745750463464443E-005
   559.00000000000000       0.21641589022094335        1.2173800176019849E-004
   560.00000000000000      -0.22386718137826453       -1.3586974464282732E-004
   561.00000000000000      -0.18180600518089349       -6.9730565604136550E-005
   562.00000000000000       0.25197440488902806        2.0044552439188695E-004
   563.00000000000000       0.14285074099790648        3.2787143454013144E-005
   564.00000000000000      -0.27405914147118499       -2.6574527134375168E-004
   565.00000000000000      -0.10048117468629737       -1.1127523248306751E-005
   566.00000000000000       0.28959353954227218        3.2078160258214934E-004
   567.00000000000000        5.5709989405101801E-002   1.8646903304545060E-006
   568.00000000000000      -0.29820630856483460       -3.5494928138570805E-004
   569.00000000000000       -9.6072690426784683E-003  -9.4943152638243942E-009
   570.00000000000000       0.29969159315728761        3.6112325103813340E-004
   571.00000000000000       -3.6725076443937549E-002  -5.3193974643996968E-007
   572.00000000000000      -0.29401389327418825       -3.3797468794085375E-004
   573.00000000000000        8.2179648779460518E-002   6.0384209865342425E-006
   574.00000000000000       0.28130891264590008        2.9042133664558989E-004
   575.00000000000000      -0.12567003032265575       -2.2072652160673746E-005
   576.00000000000000      -0.26188031537734990       -2.2798919349410610E-004
   577.00000000000000       0.16615674909842482        5.2517028782949554E-005
   578.00000000000000       0.23619246815753714        1.6187825943544314E-004
   579.00000000000000      -0.20267212451140368       -9.8551383043175424E-005
   580.00000000000000      -0.20485934069184017       -1.0200396995098678E-004
   581.00000000000000       0.23434339578255103        1.5775707259138837E-004
   582.00000000000000       0.16862983202359472        5.5009429281623461E-005
   583.00000000000000      -0.26041358182813173       -2.2373812672149909E-004
   584.00000000000000      -0.12836987037760939       -2.3565421589934823E-005
   585.00000000000000       0.28025957459597595        2.8674307549341464E-004
   586.00000000000000        8.5041716852851904E-002   6.6992925682395609E-006
   587.00000000000000      -0.29340703114745020       -3.3557200306963891E-004
   588.00000000000000       -3.9680965184622594E-002  -6.7136198099056510E-007
   589.00000000000000       0.29954171166285609        3.6049637121273538E-004
   590.00000000000000       -6.6282086125309643E-003  -3.1174671076435115E-009
   591.00000000000000      -0.29851699007592958       -3.5623369323713357E-004
   592.00000000000000        5.2778960362891994E-002   1.5843735155335666E-006
   593.00000000000000       0.29035735838964938        3.2370188174721043E-004
   594.00000000000000       -9.7668232101372654E-002  -1.0205109888138348E-005
   595.00000000000000      -0.27525784147851468       -2.6970796811028242E-004
   596.00000000000000       0.14022311753465486        3.0954507498248099E-005
   597.00000000000000       0.25357933570449548        2.0472542044725191E-004
   598.00000000000000      -0.17942650415640748       -6.6885554733347874E-005
   599.00000000000000      -0.22583998324987647       -1.3980659403529645E-004
   600.00000000000000       0.21434138453175969        1.1800498419599939E-004
   601.00000000000000       0.19270278720355874        8.3882230719505154E-005
   602.00000000000000      -0.24413325144885284       -1.8050481881100802E-004
   603.00000000000000      -0.15495976600054701       -4.2223733248346080E-005
   604.00000000000000       0.26809004431353745        2.4668094926394294E-004
   605.00000000000000       0.11351302286885750        1.6151832459671087E-005
   606.00000000000000      -0.28563916716847720       -3.0599376000743530E-004
   607.00000000000000       -6.9353183626672282E-002  -3.6123695478879007E-006
   608.00000000000000       0.29636117516445037        3.4739698547409863E-004
   609.00000000000000        2.3535721044005087E-002   1.3974221704686279E-007
   610.00000000000000      -0.29999979959389445       -3.6241506018093764E-004
   611.00000000000000        2.2844273184615422E-002   1.2777435474916375E-007
   612.00000000000000       0.29646807306130080        3.4783100593101745E-004
   613.00000000000000       -6.8678262191168488E-002  -3.5071415525305554E-006
   614.00000000000000      -0.28585040797598704       -3.0676986765104121E-004
   615.00000000000000       0.11287075902112678        1.5873604826875444E-005
   616.00000000000000       0.26840057912587889        2.4764578087032750E-004
   617.00000000000000      -0.15436551111948041       -4.1720963959612145E-005
   618.00000000000000      -0.24453565827757426       -1.8148991211549366E-004
   619.00000000000000       0.19217074442696683        8.3146927306786784E-005
   620.00000000000000       0.21482604505610714        1.1886945280212113E-004
   621.00000000000000      -0.22538286884671579       -1.3888694054291342E-004
   622.00000000000000      -0.17998183457742808       -6.7541936582181042E-005
   623.00000000000000       0.25320807561497627        2.0372923697704507E-004
   624.00000000000000       0.14083584479667294        3.1375289964784873E-005
   625.00000000000000      -0.27498130907517249       -2.6878974280692585E-004
   626.00000000000000       -9.8323711560105428E-002  -1.0415201902809139E-005
   627.00000000000000       0.29018216312488720        3.2303021437217320E-004
   628.00000000000000        5.3461524760152819E-002   1.6469290872888336E-006
   629.00000000000000      -0.29844731932435409       -3.5594534035388037E-004
   630.00000000000000       -7.3215441138900286E-003  -4.2017625476899151E-009
   631.00000000000000       0.29957923065285097        3.6065321293989982E-004
   632.00000000000000       -3.8993430119932955E-002  -6.3698310877754716E-007
   633.00000000000000      -0.29355084310079416       -3.3614015324355225E-004
   634.00000000000000        8.4376414860165352E-002   6.5415063031512179E-006
   635.00000000000000       0.28050624225186288        2.8760442374373954E-004
   636.00000000000000      -0.12774270349314176       -2.3212612308130937E-005
   637.00000000000000      -0.26075720967519711       -2.2472855984619408E-004
   638.00000000000000       0.16805579001175902        5.4423574694017029E-005
   639.00000000000000       0.23477577043419931        1.5871360760767554E-004
   640.00000000000000      -0.20435214383752423       -1.0119559887244173E-004
   641.00000000000000      -0.20318291183938700       -9.9349917094492037E-005
   642.00000000000000       0.23576423889431389        1.6091672168413331E-004
   643.00000000000000       0.16673374067981855        5.3091200259104178E-005
   644.00000000000000      -0.26154128923333647       -2.2700111554929214E-004
   645.00000000000000      -0.12629943537436150       -2.2414628175941103E-005
   646.00000000000000       0.28106719257575324        2.8957077319193339E-004
   647.00000000000000        8.2846424042809785E-002   6.1882424437523798E-006
   648.00000000000000      -0.29387525667426090       -3.3742459947476287E-004
   649.00000000000000       -3.7413284668625660E-002  -5.6247741082123499E-007
   650.00000000000000       0.29965935359342805        3.6098833556164284E-004
   651.00000000000000       -8.9140765807162979E-003  -7.5836710915807800E-009
   652.00000000000000      -0.29828123662651607       -3.5525870877085609E-004
   653.00000000000000        5.5028380553165716E-002   1.7967546312556190E-006
   654.00000000000000       0.28977384434729131        3.2146906952104935E-004
   655.00000000000000       -9.9827441246858592E-002  -1.0908281930788307E-005
   656.00000000000000      -0.27434051352086314       -2.6667134008806834E-004
   657.00000000000000       0.14224050770094826        3.2354962169497399E-005
   658.00000000000000       0.25235011920876588        2.0144127283308597E-004
   659.00000000000000      -0.18125385732594035       -6.9062812940009550E-005
   660.00000000000000      -0.22432825765117592       -1.3678237393582732E-004
   661.00000000000000       0.21593502479656754        1.2086505155060819E-004
   662.00000000000000       0.19094468468587450        8.1470233952607996E-005
   663.00000000000000      -0.24545508891831180       -1.8375595106024235E-004
   664.00000000000000      -0.15299730729913422       -4.0579435202458583E-005
   665.00000000000000       0.26910848550292138        2.4985616678666436E-004
   666.00000000000000       0.11139311307492385        1.5246019607860318E-005
   667.00000000000000      -0.28632987012550432       -3.0853718385153307E-004
   668.00000000000000       -6.7126491097380003E-002  -3.2730796553456301E-006
   669.00000000000000       0.29670763122800514        3.4880521271601634E-004
   670.00000000000000        2.1255466371627233E-002   1.0290832533042856E-007
   671.00000000000000      -0.29999372813506181       -3.6238957683801503E-004
   672.00000000000000        2.5123588930646899E-002   1.7000853418770406E-007
   673.00000000000000       0.29610961915533307        3.4637733259517301E-004
   674.00000000000000       -7.0902161211466350E-002  -3.8618815022205880E-006
   675.00000000000000      -0.28514813918137166       -3.0419567331766112E-004
   676.00000000000000       0.11498608721398941        1.6802583835775504E-005
   677.00000000000000       0.26737128032812085        2.4445890551725181E-004
   678.00000000000000      -0.15632170939338783       -4.3392078634732305E-005
   679.00000000000000      -0.24320393102722426       -1.7824529703732843E-004
   680.00000000000000       0.19392105779438926        8.5583647541087479E-005
   681.00000000000000       0.21322371901541351        1.1602911534263697E-004
   682.00000000000000      -0.22688546250546390       -1.4192699378090954E-004
   683.00000000000000      -0.17814720762748251       -6.5390875112672264E-005
   684.00000000000000       0.25442703594122162        2.0701394851334440E-004
   685.00000000000000       0.13881276674856508        3.0000948620659706E-005
   686.00000000000000      -0.27588750117891014       -2.7180787220736384E-004
   687.00000000000000       -9.6160535625103655E-002  -9.7328684970330368E-006
   688.00000000000000       0.29075392801931621        3.2522633920863245E-004
   689.00000000000000        5.1209954178276590E-002   1.4466641569771436E-006
   690.00000000000000      -0.29867099128640956       -3.5687173341405343E-004
   691.00000000000000       -5.0353941070766621E-003  -1.3667667694948711E-009
   692.00000000000000       0.29944946359066377        3.6011097537495178E-004
   693.00000000000000       -4.1259518407219871E-002  -7.5494604992282560E-007
   694.00000000000000      -0.29307073865863592       -3.3424640332567718E-004
   695.00000000000000        8.6568278951563285E-002   7.0710565149380546E-006
   696.00000000000000       0.27968727537731852        2.8475242003151433E-004
   697.00000000000000      -0.12980795498517680       -2.4388401858161196E-005
   698.00000000000000      -0.25961895470940038       -2.2146062564038687E-004
   699.00000000000000       0.16994506744217014        5.6368616363031462E-005
   700.00000000000000       0.23334543284319925        1.5556580051872597E-004
   701.00000000000000      -0.20602029078008718       -1.0387205689163433E-004
   702.00000000000000      -0.20149467873496571       -9.6728484962698688E-005
   703.00000000000000       0.23717138523281531        1.6409250917075451E-004
   704.00000000000000       0.16482796289323981        5.1211513049569308E-005
   705.00000000000000      -0.26265380195878080       -2.3025587466204416E-004
   706.00000000000000      -0.12422166279363187       -2.1299439554520163E-005
   707.00000000000000       0.28185848138998831        2.9236244526271700E-004
   708.00000000000000        8.0646318130842831E-002   5.7032475616192479E-006
   709.00000000000000      -0.29432640902525392       -3.3921731299039624E-004
   710.00000000000000       -3.5143430842592978E-002  -4.6600240168939143E-007
   711.00000000000000       0.29975958631137267        3.6140791938323741E-004
   712.00000000000000       -1.1199426670675213E-002  -1.5041311113984786E-008
   713.00000000000000      -0.29802815399650995       -3.5421442621006436E-004
   714.00000000000000        5.7274604052436465E-002   2.0271160903365450E-006
   715.00000000000000       0.28917349540754206        3.1918456163477441E-004
   716.00000000000000      -0.10198085101250910       -1.1641797139221380E-005
   717.00000000000000      -0.27340724740605798       -2.6360933315878066E-004
   718.00000000000000       0.14424963416643244        3.3793068184067272E-005
   719.00000000000000       0.25110624170753759        1.9815899441895707E-004
   720.00000000000000      -0.18307068002735477       -7.1277481019705338E-005
   721.00000000000000      -0.22280349932618496       -1.3378160939262330E-004
   722.00000000000000       0.21751611995402179        1.2375283234573956E-004
   723.00000000000000       0.18917548913339560        7.9094038888037700E-005
   724.00000000000000      -0.24676266626279153       -1.8701546006806948E-004
   725.00000000000000      -0.15102595996260212       -3.8973558489150950E-005
   726.00000000000000       0.27011129226201669        2.5301348161107222E-004
   727.00000000000000       0.10926673171129790        1.4373093696627400E-005
   728.00000000000000      -0.28700393826859766       -3.1103537926355825E-004
   729.00000000000000       -6.4895899014808550E-002  -2.9554132281154945E-006
   730.00000000000000       0.29703684960757765        3.5014758076981850E-004
   731.00000000000000        1.8973976827288536E-002   7.3184310999406023E-008
   732.00000000000000      -0.29997022803722928       -3.6229095487845607E-004
   733.00000000000000        2.7401445358236829E-002   2.2063321443834193E-007
   734.00000000000000       0.29573396226451260        3.4485908429624705E-004
   735.00000000000000       -7.3121941051817158E-002  -4.2393435590079887E-006
   736.00000000000000      -0.28442930414266926       -3.0157838684303356E-004
   737.00000000000000       0.11709473509730231        1.7765167025499283E-005
   738.00000000000000       0.26632644814749373        2.4125646411201699E-004
   739.00000000000000      -0.15826882613503318       -4.5101738520046963E-005
   740.00000000000000      -0.24185807443668755       -1.7501100000775653E-004
   741.00000000000000       0.19566010499278488        8.8055520381811315E-005
   742.00000000000000       0.21160900597634261        1.1321768570133401E-004
   743.00000000000000      -0.22837487487281749       -1.4498902540992676E-004
   744.00000000000000      -0.17630223091678585       -6.3277587487196543E-005
   745.00000000000000       0.25563121475234024        2.1029839559727655E-004
   746.00000000000000       0.13678162389331086        2.8663903626124874E-005
   747.00000000000000      -0.27677766513564811       -2.7479827996416733E-004
   748.00000000000000       -9.3991773346503646E-002  -9.0800036257727924E-006
   749.00000000000000       0.29130880114764229        3.2736886114189919E-004
   750.00000000000000        4.8955408468241556E-002   1.2631956597086384E-006
   751.00000000000000      -0.29887731145640334       -3.5772796350604753E-004
   752.00000000000000       -2.7489512812855486E-003  -2.2237019998967150E-010
   753.00000000000000       0.29930229950976095        3.5949683110399818E-004
   754.00000000000000       -4.3523209653599397E-002  -8.8655686997945187E-007
   755.00000000000000      -0.29257360772286217       -3.3229441912433551E-004
   756.00000000000000        8.8755113713634551E-002   7.6276510173333256E-006
   757.00000000000000       0.27885205960152076        2.8186667419757003E-004
   758.00000000000000      -0.13186566531920188       -2.5600329846678649E-005
   759.00000000000000      -0.25846561674509078       -2.1818671743132218E-004
   760.00000000000000       0.17182447162891787        5.8352069423732035E-005
   761.00000000000000       0.23190153918643053        1.5243583735186658E-004
   762.00000000000000      -0.20767646883294708       -1.0658019419032570E-004
   763.00000000000000      -0.19979473945930928       -9.4140195688668167E-005
   764.00000000000000       0.23856475252922077        1.6728340083216732E-004
   765.00000000000000       0.16291260891749615        4.9370414556348474E-005
   766.00000000000000      -0.26375105537117238       -2.3350106237863112E-004
   767.00000000000000      -0.12213667334710258       -2.0219519512170093E-005
   768.00000000000000       0.28263339526079934        2.9511675926470601E-004
   769.00000000000000        7.8441526935793288E-002   5.2437115733712044E-006
   770.00000000000000      -0.29476046198997685       -3.4094920965569656E-004
   771.00000000000000       -3.2871535022800089E-002  -3.8120131825000407E-007
   772.00000000000000       0.29984240399350232        3.6175489585086717E-004
   773.00000000000000       -1.3484126111162072E-002  -2.6255816531973988E-008
   774.00000000000000      -0.29775775701920942       -3.5310140492208347E-004
   775.00000000000000        5.9517500087544535E-002   2.2761471890482335E-006
   776.00000000000000       0.28855634644867995        3.1684951167186364E-004
   777.00000000000000      -0.10412833576614008       -1.2406154418481221E-005
   778.00000000000000      -0.27245809712569519       -2.6052333007619058E-004
   779.00000000000000       0.14625038020753645        3.5269009924328636E-005
   780.00000000000000       0.24984777591922364        1.9487982495352397E-004
   781.00000000000000      -0.18487686715326992       -7.3529313818647060E-005
   782.00000000000000      -0.22126579685829520       -1.3080513998149206E-004
   783.00000000000000       0.21908457814774795        1.2666759086979833E-004
   784.00000000000000       0.18739530289816253        7.6753994930632498E-005
   785.00000000000000      -0.24805590751639378       -1.9028217787736302E-004
   786.00000000000000      -0.14904583851967990       -3.7406003245847548E-005
   787.00000000000000       0.27109840657614093        2.5615151330093445E-004
   788.00000000000000       0.10713400231367050        1.3532613170922116E-005
   789.00000000000000      -0.28766133243663816       -3.1348710886099941E-004
   790.00000000000000       -6.2661536423851111E-002  -2.6587120052618783E-006
   791.00000000000000       0.29734881113328943        3.5142337714269285E-004
   792.00000000000000        1.6691384957949775E-002   4.9812132066153788E-008
   793.00000000000000      -0.29992930067812817       -3.6211924776410805E-004
   794.00000000000000        2.9677709852910877E-002   2.8039945553918854E-007
   795.00000000000000       0.29534112421325631        3.4327706163772348E-004
   796.00000000000000       -7.5337472750388906E-002  -4.6401641380042574E-006
   797.00000000000000      -0.28369394470660070       -2.9891928807615226E-004
   798.00000000000000       0.11919658016563081        1.8761757778219096E-005
   799.00000000000000       0.26526614328527515        2.3803982787439599E-004
   800.00000000000000      -0.16020674798383308       -4.6849988891012003E-005
   801.00000000000000      -0.24049816669575969       -1.7178814053080474E-004
   802.00000000000000       0.19738778498929066        9.0562130874375740E-005
   803.00000000000000       0.20998199876415272        1.1043583292826296E-004
   804.00000000000000      -0.22985101941886771       -1.4807213418601979E-004
   805.00000000000000      -0.17444701163235368       -6.1202257007705605E-005
   806.00000000000000       0.25682054195056636        2.1358130193016524E-004
   807.00000000000000       0.13474253448025597        2.7363921771401384E-005
   808.00000000000000      -0.27765174922981867       -2.7775959008784971E-004
   809.00000000000000       -9.1817550458222055E-002  -8.4560758259642294E-006
   810.00000000000000       0.29184675020268802        3.2945668649608057E-004
   811.00000000000000        4.6698018611661278E-002   1.0958178618042960E-006
   812.00000000000000      -0.29906626784781914       -3.5851357056932581E-004
   813.00000000000000       -4.6234875056020222E-004  -1.0579785659539620E-012
   814.00000000000000       0.29913774695988660        3.5881111141182893E-004
   815.00000000000000       -4.5784372346132717E-002  -1.0325392018480507E-006
   816.00000000000000      -0.29205947923274916       -3.3028520913631594E-004
   817.00000000000000        9.0936792098546645E-002   8.2118588137300836E-006
   818.00000000000000       0.27800064344773073        2.7894854278410266E-004
   819.00000000000000      -0.13391571469628288       -2.6848688282529008E-005
   820.00000000000000      -0.25729726278737136       -2.1490815119921313E-004
   821.00000000000000       0.17369389338486449        6.0373827399839797E-005
   822.00000000000000       0.23044417246968554        1.4932469249248994E-004
   823.00000000000000      -0.20932058157311023       -1.0931942247019561E-004
   824.00000000000000      -0.19808319277324057       -9.1585547001830805E-005
   825.00000000000000       0.23994425967087901        1.7048834286159670E-004
   826.00000000000000       0.16098779026055929        4.7567930877880801E-005
   827.00000000000000      -0.26483298572373437       -2.3673532892334138E-004
   828.00000000000000      -0.12004458816573181       -1.9174516061153283E-005
   829.00000000000000       0.28339188907058227        2.9783239222798885E-004
   830.00000000000000        7.6232178548702637E-002   4.8090285366689258E-006
   831.00000000000000      -0.29517739035139490       -3.4261938452710748E-004
   832.00000000000000       -3.0597729476059807E-002  -3.0733460756125311E-007
   833.00000000000000       0.29990780182838472        3.6202907727752210E-004
   834.00000000000000       -1.5768042168731802E-002  -4.1991373585250399E-008
   835.00000000000000      -0.29747006124176051       -3.5192023883410335E-004
   836.00000000000000        6.1756938353683802E-002   2.5445306537391799E-006
   837.00000000000000       0.28792243332500866        3.1446509384153176E-004
   838.00000000000000      -0.10626977048693848       -1.3201840203065567E-005
   839.00000000000000      -0.27149311793531167       -2.5741471575960537E-004
   840.00000000000000       0.14824262958756410        3.6782953065149846E-005
   841.00000000000000       0.24857479480541336        1.9160498755500525E-004
   842.00000000000000      -0.18667231354757924       -7.5818041932579030E-005
   843.00000000000000      -0.21971523958291003       -1.2785378199875618E-004
   844.00000000000000       0.22064030825553724        1.2960856755208998E-004
   845.00000000000000       0.18560422961857595        7.4450428457021239E-005
   846.00000000000000      -0.24933473754609917       -1.9355491953087310E-004
   847.00000000000000      -0.14705705800884314       -3.5876649942741113E-005
   848.00000000000000       0.27206977097374702        2.5926887818971062E-004
   849.00000000000000       0.10499504878653233        1.2724122890490195E-005
   850.00000000000000      -0.28830201443720921       -3.1589115267576775E-004
   851.00000000000000       -6.0423533405861873E-002  -2.3823102966830246E-006
   852.00000000000000       0.29764349768121262        3.5263192341230848E-004
   853.00000000000000        1.4407823374613129E-002   3.2031634368338101E-008
   854.00000000000000      -0.29987094841549905       -3.6187454838109020E-004
   855.00000000000000        3.1952250171266308E-002   3.5005525734789395E-007
   856.00000000000000       0.29493112782414965        3.4163209673140877E-004
   857.00000000000000       -7.7548627052350952E-002  -5.0649709452722294E-006
   858.00000000000000      -0.28294210359510563       -2.9621967038847056E-004
   859.00000000000000       0.12129150030876118        1.9792744750234996E-005
   860.00000000000000       0.26419042734165404        2.3481036272657600E-004
   861.00000000000000      -0.16213536235296799       -4.8636854571496182E-005
   862.00000000000000      -0.23912428681056108       -1.6857781923542564E-004
   863.00000000000000       0.19910399741144011        9.3103039817962952E-005
   864.00000000000000       0.20834279229563882        1.0768420423544779E-004
   865.00000000000000      -0.23131381038452181       -1.5117539646521954E-004
   866.00000000000000      -0.17258165755626134       -5.9165044171531809E-005
   867.00000000000000       0.25799494902121844        2.1686138059821443E-004
   868.00000000000000       0.13269561697371898        2.6100752052923640E-005
   869.00000000000000      -0.27850970268004066       -2.8069043113877507E-004
   870.00000000000000       -8.9637993808650132E-002  -7.8605424477095678E-006
   871.00000000000000       0.29236774393140097        3.3148874583544859E-004
   872.00000000000000        4.4437915755384728E-002   9.4381944761937770E-007
   873.00000000000000      -0.29923784948291865       -3.5922813194415028E-004
   874.00000000000000        1.8242806410910916E-003   6.4989919394570385E-011
   875.00000000000000       0.29895581550099704        3.5805418581686120E-004
   876.00000000000000       -4.8042875118781588E-002  -1.1936117442125817E-006
   877.00000000000000      -0.29152838305745365       -3.2821980766795653E-004
   878.00000000000000        9.3113187358035504E-002   8.8242382168321199E-006
   879.00000000000000       0.27713307638039753        2.7599938921114809E-004
   880.00000000000000      -0.13595798401536363       -2.8133752414487706E-005
   881.00000000000000      -0.25611396071372444       -2.1162623200790269E-004
   882.00000000000000       0.17555322410281829        6.2433761491180662E-005
   883.00000000000000       0.22897341771232341        1.4623332132578218E-004
   884.00000000000000      -0.21095253348309020       -1.1208912937594208E-004
   885.00000000000000      -0.19636013811193423       -8.9065012257313493E-005
   886.00000000000000       0.24130982718723529        1.7370626347414081E-004
   887.00000000000000       0.15905361874799676        4.5804066624542462E-005
   888.00000000000000      -0.26589953015990864       -2.3995731722870420E-004
   889.00000000000000      -0.11794552930651206       -1.8164061989538703E-005
   890.00000000000000       0.28413391875336724        3.0050803300460470E-004
   891.00000000000000        7.4018401325370159E-002   4.3985832084850905E-006
   892.00000000000000      -0.29557716988735572       -3.4422696243707111E-004
   893.00000000000000       -2.8322146302918169E-002  -2.4365901288962586E-007
   894.00000000000000       0.29995577601662310        3.6223031528102672E-004
   895.00000000000000       -1.8051042155451291E-002  -6.3010670754524100E-008
   896.00000000000000      -0.29716508344229459       -3.5067155805306257E-004
   897.00000000000000        6.3992788746933024E-002   2.8329423382629687E-006
   898.00000000000000       0.28727179286477394        3.1203250204661219E-004
   899.00000000000000      -0.10840503181127666       -1.4029328581140402E-005
   900.00000000000000      -0.27051236589699174       -2.5428487487222145E-004
   901.00000000000000       0.15022626656344693        3.8335044287621874E-005
   902.00000000000000       0.24728737263844910        1.8833569091099642E-004
   903.00000000000000      -0.18845691490081373       -7.8143372636135816E-005
   904.00000000000000      -0.21815191758225441       -1.2492832826857807E-004
   905.00000000000000       0.22218321989464032        1.3257497911081334E-004
   906.00000000000000       0.18380237335004146        7.2183641771655387E-005
   907.00000000000000      -0.25059908205613285       -1.9683248362679356E-004
   908.00000000000000      -0.14505973397163049       -3.4385359660164481E-005
   909.00000000000000       0.27302532902179139        2.6236419182832266E-004
   910.00000000000000       0.10284999539597524        1.1947154437828781E-005
   911.00000000000000      -0.28892594704881575       -3.1824630910805621E-004
   912.00000000000000       -5.8182019981378959E-002  -2.1255351069265849E-006
   913.00000000000000       0.29792089213103806        3.5377257563376876E-004
   914.00000000000000        1.2123424744617948E-002   1.9080807523039439E-008
   915.00000000000000      -0.29979517464728667       -3.6155698921101580E-004
   916.00000000000000        3.4224934170069277E-002   4.3034529506430967E-007
   917.00000000000000       0.29450399691662027        3.3992505249324319E-004
   918.00000000000000       -7.9755276577674700E-002  -5.5143831095576294E-006
   919.00000000000000      -0.28217382448765410       -2.9348084000742922E-004
   920.00000000000000       0.12337937381879496        2.0858501563494932E-005
   921.00000000000000       0.26309936308064902        2.3156942924643234E-004
   922.00000000000000      -0.16405455719635226       -5.0462339477224088E-005
   923.00000000000000      -0.23773651459894751       -1.6538111741696274E-004
   924.00000000000000       0.20080864255299477        9.5677783702610063E-005
   925.00000000000000       0.20669148180324931        1.0496342182687149E-004
   926.00000000000000      -0.23276316278648579       -1.5429786648767015E-004
   927.00000000000000      -0.17070627705938185       -5.7166086865361056E-005
   928.00000000000000       0.25915436744269138        2.2013733035556048E-004
   929.00000000000000       0.13064099029280488        2.4874126142502483E-005
   930.00000000000000      -0.27935147564206975       -2.8358943719176104E-004
   931.00000000000000       -8.7453228957540902E-002  -7.2928492956862759E-006
   932.00000000000000       0.29287175206577681        3.3346399456454242E-004
   933.00000000000000        4.2175231203877180E-002   8.0648378995777656E-007
   934.00000000000000      -0.29939204635782229       -3.5987126259237433E-004
   935.00000000000000        4.1108040480995183E-003   7.4364475878289786E-010
   936.00000000000000       0.29875651570270539        3.5722646174762374E-004
   937.00000000000000       -5.0298586760040322E-002  -1.3704879931452084E-006
   938.00000000000000      -0.29098035005189854       -3.2609927421389134E-004
   939.00000000000000        9.5284173050769055E-002   9.4653365486612420E-006
   940.00000000000000       0.27624940880228471        2.7302058280483468E-004
   941.00000000000000      -0.13799235462738346       -2.9455780288167133E-005
   942.00000000000000      -0.25491577927006825       -2.0834225328309126E-004
   943.00000000000000       0.17740235576184360        6.4531720367815918E-005
   944.00000000000000       0.22748936036030790        1.4316265647453213E-004
   945.00000000000000      -0.21257222975190421       -1.1488867821291598E-004
   946.00000000000000      -0.19462567557914015       -8.6579040479524300E-005
   947.00000000000000       0.24266137540454363        1.7693606902361548E-004
   948.00000000000000       0.15711020674874587        4.4078805397181409E-005
   949.00000000000000      -0.26695062671700787       -2.4316566375419971E-004
   950.00000000000000      -0.11583961769188522       -1.7187774189875300E-005
   951.00000000000000       0.28485944119969570        3.0314238290628514E-004
   952.00000000000000        7.1800323878895830E-002   4.0117513367142029E-006
   953.00000000000000      -0.29595977728059797       -3.4577109836119260E-004
   954.00000000000000       -2.6044917707195418E-002  -1.8942784749693207E-007
   955.00000000000000       0.29998632377107648        3.6235850091471966E-004
   956.00000000000000       -2.0332993436608077E-002  -9.0074643630057351E-008
   957.00000000000000      -0.29684284133900840       -3.4935602712756462E-004
   958.00000000000000        6.6224921371814446E-002   3.1420509446618875E-006
   959.00000000000000       0.28660446286802455        3.0955294894165349E-004
   960.00000000000000      -0.11053399516351410       -1.4889079908628518E-005
   961.00000000000000      -0.26951589798916953       -2.5113519127589702E-004
   962.00000000000000       0.15220117589246862        3.9925410996270133E-005
   963.00000000000000       0.24598558358406059        1.8507312509874273E-004
   964.00000000000000      -0.19023056753356529       -8.0504989476826741E-005
   965.00000000000000      -0.21657592168014136       -1.2202954796906717E-004
   966.00000000000000       0.22371322305471106        1.3556601798557047E-004
   967.00000000000000       0.18198983877442035        6.9953913532546944E-005
   968.00000000000000      -0.25184886759228037       -2.0011365289469293E-004
   969.00000000000000      -0.14305398244593107       -3.2931974369878998E-005
   970.00000000000000       0.27396502520552701        2.6543606951175922E-004
   971.00000000000000       0.10069896676247279        1.1201226425616239E-005
   972.00000000000000      -0.28953309402304639       -3.2055139587189232E-004
   973.00000000000000       -5.5937126374883378E-002  -1.8877064552881648E-006
   974.00000000000000       0.29818097836707003        3.5484472489456613E-004
   975.00000000000000        9.8383217839332088E-003   1.0196040278822825E-008
   976.00000000000000      -0.29970198377569518       -3.6116674206431088E-004
   977.00000000000000        3.6495629813931972E-002   5.2201065840839879E-007
   978.00000000000000       0.29405975630555448        3.3815682191578548E-004
   979.00000000000000       -8.1957292586468999E-002  -5.9890102686825478E-006
   980.00000000000000      -0.28138915201870907       -2.9070411503597323E-004
   981.00000000000000       0.12546007939721945        2.1959386497473706E-005
   982.00000000000000       0.26199301335621672        2.2831837867171939E-004
   983.00000000000000      -0.16596422101514333       -5.2326426366834132E-005
   984.00000000000000      -0.23633493068587266       -1.6219909659938902E-004
   985.00000000000000       0.20250162096745167        9.8285874018603584E-005
   986.00000000000000       0.20502816322263628        1.0227408353978605E-004
   987.00000000000000      -0.23419899242220152       -1.5743857668182784E-004
   988.00000000000000      -0.16882097909508972       -5.5205500567742608E-005
   989.00000000000000       0.26029872985662778        2.2340783954838769E-004
   990.00000000000000       0.12857877380449589        2.3683758688225461E-005
   991.00000000000000      -0.28017701921169424       -2.8645524880597140E-004
   992.00000000000000       -8.5263383364450482E-002  -6.7524318026610447E-006
   993.00000000000000       0.29335874532461786        3.3538141378393132E-004
   994.00000000000000        3.9910096411591794E-002   6.8308921903977310E-007
   995.00000000000000      -0.29952884958956699       -3.6044261604540869E-004
   996.00000000000000        6.3970886310536160E-003   2.8025756189306685E-009
   997.00000000000000       0.29853985914366771        3.5632838418662267E-004
   998.00000000000000       -5.2551375670405166E-002  -1.5638759229490349E-006
   999.00000000000000      -0.29041541205498017       -3.2392469259170443E-004
   1000.0000000000000        9.7449623049693068E-002   1.0135689839282371E-005
   1001.0000000000000       0.27534969205154192        2.7001349783052251E-004
   1002.0000000000000      -0.14001870834217034       -3.0815012446247926E-005
   1003.0000000000000      -0.25370278806676283       -2.0505749610902062E-004
   1004.0000000000000       0.17924118093353583        6.6667529972576285E-005
   1005.0000000000000       0.22599208663243939        1.4011360827400292E-004
   1006.0000000000000      -0.21417957628058154       -1.1771740800621296E-004
   1007.0000000000000      -0.19287990594136747       -8.4128056419572795E-005
   1008.0000000000000       0.24399882580234403        1.8017664758235866E-004
   1009.0000000000000       0.15515766716858559        4.2392110039540498E-005
   1010.0000000000000      -0.26798621432981495       -2.4635899932024788E-004
   1011.0000000000000      -0.11372697618042428       -1.6245255448975735E-005
   1012.0000000000000       0.28556841425912449        3.0573415668377712E-004
   1013.0000000000000        6.9578075072208229E-002   3.6478999501778061E-006
   1014.0000000000000      -0.29632519048990053       -3.4725097962588357E-004
   1015.0000000000000       -2.3766175988305348E-002  -1.4389125484438792E-007
   1016.0000000000000       0.29999944331702189        3.6241356476345921E-004
   1017.0000000000000       -2.2613762881212279E-002  -1.2394221004107070E-007
   1018.0000000000000      -0.29650335365309716       -3.4797434473972768E-004
   1019.0000000000000        6.8453206548840309E-002   3.4725177422112606E-006
   1020.0000000000000       0.28592048210441545        3.0702766498228405E-004
   1021.0000000000000      -0.11265653685795489       -1.5781541271435093E-005
   1022.0000000000000      -0.26850377210331910       -2.4796704712425256E-004
   1023.0000000000000       0.15416724283896013        4.1554161040066064E-005
   1024.0000000000000       0.24466950358471573        1.8181846581532006E-004
   1025.0000000000000      -0.19199316840251016       -8.2902552148566601E-005
   1026.0000000000000      -0.21498734343669559       -1.1915818647688455E-004
   1027.0000000000000       0.22523022959543013        1.3858085545218480E-004
   1028.0000000000000       0.18016673119394816        6.7761498895457177E-005
   1029.0000000000000      -0.25308402154615534       -2.0339719479167779E-004
   1030.0000000000000      -0.14103992045243172       -3.1516317561327780E-005
   1031.0000000000000       0.27488880493172824        2.6848312720307058E-004
   1032.0000000000000        9.8542087853640409E-002   1.0485844803489832E-005
   1033.0000000000000      -0.29012342008667968       -3.2280525093135188E-004
   1034.0000000000000       -5.3688983007233536E-002  -1.6681376541589620E-006
   1035.0000000000000       0.29842374127916255        3.5584779784070524E-004
   1036.0000000000000        7.5526472494471556E-003   4.6123753459244463E-009
   1037.0000000000000      -0.29959138121480450       -3.6070401796198839E-004
   1038.0000000000000        3.8764205182983347E-002   6.2578858970862672E-007
   1039.0000000000000       0.29359843179985551        3.3632832731828781E-004
   1040.0000000000000       -8.4154547148921358E-002  -6.4894526862013363E-006
   1041.0000000000000      -0.28058813177513353       -2.8789082447092226E-004
   1042.0000000000000       0.12753349616195511        2.3095742181596679E-005
   1043.0000000000000       0.26087144270835366        2.2505855684324232E-004
   1044.0000000000000      -0.16786424286421928       -5.4229076599067413E-005
   1045.0000000000000      -0.23491961649870419       -1.5903279811828010E-004
   1046.0000000000000       0.20418283512582400        1.0092679977890123E-004
   1047.0000000000000       0.20335293318708186        9.9616762811602217E-005
   1048.0000000000000      -0.23562121587473867       -1.6059653798888661E-004
   1049.0000000000000      -0.16692587365723402       -5.3283379024787709E-005
   1050.0000000000000       0.26142796977937427        2.2667158604501730E-004
   1051.0000000000000       0.12650908731671695        2.2529347617073914E-005
   1052.0000000000000      -0.28098628542757609       -2.8928651399913387E-004
   1053.0000000000000       -8.3068584252130609E-002  -6.2387147397724376E-006
   1054.0000000000000       0.29382869541523415        3.3724001112902884E-004
   1055.0000000000000        3.7642642975332624E-002   5.7290929006741840E-007
   1056.0000000000000      -0.29964825119053334       -3.6094188376498582E-004
   1057.0000000000000        8.6830015644168111E-003   7.0089959006485770E-009
   1058.0000000000000       0.29830585841091006        3.5536043528204368E-004
   1059.0000000000000       -5.4801112071363872E-002  -1.7744779079049168E-006
   1060.0000000000000      -0.28983360188771884       -3.2169717006128224E-004
   1061.0000000000000        9.9609411549358789E-002   1.0835822524322563E-005
   1062.0000000000000       0.27443397862444868        2.6697951327636150E-004
   1063.0000000000000      -0.14203692743530744       -3.2211671630815159E-005
   1064.0000000000000      -0.25247505757456618       -2.0177322854398285E-004
   1065.0000000000000       0.18106959278826326        6.8840993332372355E-005
   1066.0000000000000       0.22448168351534584        1.3708706449965712E-004
   1067.0000000000000      -0.21577447968763039       -1.2057463357650712E-004
   1068.0000000000000      -0.19112293062203078       -8.1712460626147027E-005
   1069.0000000000000       0.24532210067921287        1.8342686863061209E-004
   1070.0000000000000       0.15319611344357684        4.0743922896258370E-005
   1071.0000000000000      -0.26900623283413100       -2.4953594995692703E-004
   1072.0000000000000      -0.11160772750958041       -1.5336093760475638E-005
   1073.0000000000000       0.28626079674267485        3.0828208350334806E-004
   1074.0000000000000        6.7351784010578133E-002   3.3063876470092064E-006
   1075.0000000000000      -0.29667338819037220       -3.4866582433384767E-004
   1076.0000000000000       -2.1486053533569208E-002  -1.0629646781507016E-007
   1077.0000000000000       0.29999513389225729        3.6239547700480886E-004
   1078.0000000000000       -2.4893219098850890E-002  -1.6537004844337312E-007
   1079.0000000000000      -0.29614664010766734       -3.4652724310581262E-004
   1080.0000000000000        7.0677514822046747E-002   3.8249962848170635E-006
   1081.0000000000000       0.28521989048418828        3.0445789810027042E-004
   1082.0000000000000      -0.11477253358198013       -1.6707145986644432E-005
   1083.0000000000000      -0.26747604704059103       -2.4478182196746833E-004
   1084.0000000000000       0.15612435318096538        4.3221382437529655E-005
   1085.0000000000000       0.24333920910028894        1.7857287063687897E-004
   1086.0000000000000      -0.19374461510639521       -8.5335696376835342E-005
   1087.0000000000000      -0.21338627514303385       -1.1631496523005888E-004
   1088.0000000000000       0.22673415100828623        1.4161863744080824E-004
   1089.0000000000000       0.17833315652511675        6.5606629668658694E-005
   1090.0000000000000      -0.25430447215941759       -2.0668186211858345E-004
   1091.0000000000000      -0.13901766401708063       -3.0138193155294366E-005
   1092.0000000000000       0.27579661453186294        2.7150398246704726E-004
   1093.0000000000000        9.6379483976975031E-002   9.8005031640524369E-006
   1094.0000000000000      -0.29069689080565436       -3.2500673289482759E-004
   1095.0000000000000       -5.1437720488088173E-002  -1.4661355857594672E-006
   1096.0000000000000       0.29864916676359710        3.5678125717334569E-004
   1097.0000000000000        5.2665339312545799E-003   1.5637637846294026E-009
   1098.0000000000000      -0.29946337339025586       -3.6016906695000931E-004
   1099.0000000000000        4.1030528480533346E-002   7.4241222083757492E-007
   1100.0000000000000       0.29312005020094406        3.3444051957531797E-004
   1101.0000000000000       -8.6346912611843560E-002  -7.0163008564427490E-006
   1102.0000000000000      -0.27977081029354156       -2.8504230722122860E-004
   1103.0000000000000       0.12959950365437825        2.4267895288392616E-005
   1104.0000000000000       0.25973471629658729        2.2179130024614163E-004
   1105.0000000000000      -0.16975451235862493       -5.6170229896437586E-005
   1106.0000000000000      -0.23349065426249307       -1.5588324272450049E-004
   1107.0000000000000       0.20585218694000815        1.0360002367419230E-004
   1108.0000000000000       0.20166588902188390        9.6992008662596230E-005
   1109.0000000000000      -0.23702975051764097       -1.6377074020756743E-004
   1110.0000000000000      -0.16502106991892146       -5.1399792599176938E-005
   1111.0000000000000       0.26254202160584417        2.2992723798633848E-004
   1112.0000000000000       0.12443205107137509        2.1410574439018637E-005
   1113.0000000000000      -0.28177922708226227       -2.9208188854651016E-004
   1114.0000000000000       -8.0868959131116039E-002  -5.7511126633212616E-006
   1115.0000000000000       0.29428157503508712        3.3903882159093147E-004
   1116.0000000000000        3.5373002626609161E-002   4.7521304943831602E-007
   1117.0000000000000      -0.29975024422388519       -3.6136879605994576E-004
   1118.0000000000000        1.0968410044244134E-002   1.4129409682279532E-008
   1119.0000000000000       0.29805452709909741        3.5432313392783180E-004
   1120.0000000000000       -5.7047664709824183E-002  -2.0029901661688719E-006
   1121.0000000000000      -0.28923495335135185       -3.1941783642996507E-004
   1122.0000000000000       0.10176341307323168        1.1566247141364989E-005
   1123.0000000000000       0.27350232127336249        2.6392000892664003E-004
   1124.0000000000000      -0.14404689465497217       -3.3645962488053058E-005
   1125.0000000000000      -0.25123265912053994       -1.9849070495495916E-004
   1126.0000000000000       0.18288748465842328        7.1051889833853094E-005
   1127.0000000000000       0.22295823875842904        1.3408389011463346E-004
   1128.0000000000000      -0.21735684731446286       -1.2345964563298173E-004
   1129.0000000000000      -0.18935485169555735       -7.9332629529436899E-005
   1130.0000000000000       0.24663112315727725        1.8668558354815827E-004
   1131.0000000000000       0.15122565953347247        3.9134166076096839E-005
   1132.0000000000000      -0.27001062297027068       -2.5269513776678398E-004
   1133.0000000000000      -0.10948199480065879       -1.4459862884657932E-005
   1134.0000000000000       0.28693654842522542        3.1078490791942441E-004
   1135.0000000000000        6.5121580034117901E-002   2.9865648813951810E-006
   1136.0000000000000      -0.29700435015288368       -3.5001488355431213E-004
   1137.0000000000000       -1.9204682810524402E-002  -7.5888067025096953E-008
   1138.0000000000000       0.29997339574714588        3.6230424743533256E-004
   1139.0000000000000       -2.7171229103184057E-002  -2.1511229146265522E-007
   1140.0000000000000      -0.29577272142659045       -3.4501548734998063E-004
   1141.0000000000000        7.2897716966514869E-002   4.2001321267563933E-006
   1142.0000000000000       0.28450272836697810        3.0184491021585885E-004
   1143.0000000000000      -0.11688186240321194       -1.7666313294007151E-005
   1144.0000000000000      -0.26643278250839603       -2.4158089186948492E-004
   1145.0000000000000       0.15807239274194618        4.4927142684695207E-005
   1146.0000000000000       0.24199477741646905        1.7533747929551166E-004
   1147.0000000000000      -0.19548480589198727       -8.7804033815872630E-005
   1148.0000000000000      -0.21177280981590341       -1.1350058160870877E-004
   1149.0000000000000       0.22822489992044298        1.4467848767703157E-004
   1150.0000000000000       0.17648922129252129        6.3489514477879666E-005
   1151.0000000000000      -0.25551014852794240       -2.0996639365597746E-004
   1152.0000000000000      -0.13698733111742831       -2.8797387870776322E-005
   1153.0000000000000       0.27668840126521016        2.7449725541278658E-004
   1154.0000000000000        9.4211280772575220E-002   9.1446830479935551E-006
   1155.0000000000000      -0.29125347314350775       -3.2715472406843994E-004
   1156.0000000000000       -4.9183469608318306E-002  -1.2810009772849698E-006
   1157.0000000000000       0.29885724172390221        3.5764460211527870E-004
   1158.0000000000000        2.9801152037081161E-003   2.8331919374949031E-010
   1159.0000000000000      -0.29931796773887859       -3.5956217787951766E-004
   1160.0000000000000        4.3294468040729693E-002   8.7261030893430448E-007
   1161.0000000000000       0.29262463930120136        3.3249437732488934E-004
   1162.0000000000000       -8.8534261606087752E-002  -7.5701352088915610E-006
   1163.0000000000000      -0.27893723505759527       -2.8215991112713861E-004
   1164.0000000000000       0.13165798184631913        2.5476156227590846E-005
   1165.0000000000000       0.25858290016094454        2.1851793602410262E-004
   1166.0000000000000      -0.17163491967998432       -5.8149804115752786E-005
   1167.0000000000000      -0.23204812699519650       -1.5275143020852155E-004
   1168.0000000000000       0.20750957942621129        1.0630498460847921E-004
   1169.0000000000000       0.19996712873870218        9.4400345694053479E-005
   1170.0000000000000      -0.23842451451972643       -1.6696015235939953E-004
   1171.0000000000000      -0.16310667900483838       -4.9554791314351861E-005
   1172.0000000000000       0.26364082061332828        2.3317345455362303E-004
   1173.0000000000000       0.12234778573737380        2.0327104552372707E-005
   1174.0000000000000      -0.28255579849602308       -2.9484003968463599E-004
   1175.0000000000000       -7.8664635792316584E-002  -5.2890302111367637E-006
   1176.0000000000000       0.29471735787337583        3.4077690831827215E-004
   1177.0000000000000        3.3101307779364958E-002   3.8926531928840392E-007
   1178.0000000000000      -0.29983482276416618       -3.6172312215723446E-004
   1179.0000000000000        1.3253181295897691E-002   2.4929357840856935E-008
   1180.0000000000000       0.29778587980974369        3.5321703531269181E-004
   1181.0000000000000       -5.9290903068543475E-002  -2.2501026702193633E-006
   1182.0000000000000      -0.28861950122536967       -3.1708784314454829E-004
   1183.0000000000000       0.10391150248098129        1.2327464025310400E-005
   1184.0000000000000       0.27255477434630282        2.6083636886411359E-004
   1185.0000000000000      -0.14604849322874863       -3.5118071275558648E-005
   1186.0000000000000      -0.24997566488390555       -1.9521116537168944E-004
   1187.0000000000000       0.18469475181902298        7.3299977223766714E-005
   1188.0000000000000       0.22142184086876668        1.3110492703678273E-004
   1189.0000000000000      -0.21892658723077837       -1.2637171088367464E-004
   1190.0000000000000      -0.18757577231755229       -7.6988916105999317E-005
   1191.0000000000000       0.24792581718668141        1.8995162612666896E-004
   1192.0000000000000       0.14924641991509655        3.7562741720070709E-005
   1193.0000000000000      -0.27099932638650481       -2.5583518180108351E-004
   1194.0000000000000      -0.10734990155166561       -1.3616122657065501E-005
   1195.0000000000000       0.28759563004784910        3.1324139084231507E-004
   1196.0000000000000        6.2887592710267240E-002   2.6877742486700764E-006
   1197.0000000000000      -0.29731805714964488       -3.5129744157739258E-004
   1198.0000000000000       -1.6922196359228574E-002  -5.1908238295350390E-008
   1199.0000000000000       0.29993423014460174        3.6213992546195559E-004
   1200.0000000000000       -2.9447660549400709E-002  -2.7392029924368988E-007
