   1.0000000000000000        0.0000000000000000        0.0000000000000000     
   2.0000000000000000       0.20130175685750679        9.6432169091227119E-005
   3.0000000000000000      -0.29851120017592475       -3.5620972294067777E-004
   4.0000000000000000       0.24136172517830859        1.7382945638680784E-004
   5.0000000000000000       -5.9405091188135493E-002  -2.2632019925532517E-006
   6.0000000000000000      -0.15326967201414718       -4.0804902258639225E-005
   7.0000000000000000       0.28668931591499608        3.0986736701448274E-004
   8.0000000000000000      -0.27186308940521225       -2.5860312858991150E-004
   9.0000000000000000       0.11645757345532540        1.7470412556581488E-005
   10.000000000000000        9.9167676486719786E-002   1.0690025551828315E-005
   11.000000000000000      -0.26351372730530426       -2.3279618429800688E-004
   12.000000000000000       0.29159790961007315        3.2848960887039958E-004
   13.000000000000000      -0.16889800781983669       -5.5284653931747539E-005
   14.000000000000000       -4.1138361672242850E-002  -7.4829700456682961E-007
   15.000000000000000       0.22990225292806576        1.4818001291186971E-004
   16.000000000000000      -0.29978463133083633       -3.6151282101928167E-004
   17.000000000000000       0.21464960538636246        1.1855420634021113E-004
   18.000000000000000       -1.8520148136218370E-002  -6.8054761657731767E-008
   19.000000000000000      -0.18718600183276576       -7.6482190654745264E-005
   20.000000000000000       0.29609903733246684        3.4633449265259494E-004
   21.000000000000000      -0.25190047403539340       -2.0025002941490179E-004
   22.000000000000000        7.7445207909256061E-002   5.0445387285047457E-006
   23.000000000000000       0.13705665786983201        2.8842471592757432E-005
   24.000000000000000      -0.28068708751544180       -2.8823721067046436E-004
   25.000000000000000       0.27917537445420559        2.8298102920634575E-004
   26.000000000000000      -0.13330321933058295       -2.6471385779178633E-005
   27.000000000000000       -8.1499484245659545E-002  -5.8881424681683341E-006
   28.000000000000000       0.25415913849909311        2.0628860820504308E-004
   29.000000000000000      -0.29539414376854334       -3.4349024256814732E-004
   30.000000000000000       0.18388204782809792        7.2282811450144501E-005
   31.000000000000000        2.2714701525707696E-002   1.2561069215581964E-007
   32.000000000000000      -0.21756577177840750       -1.2384433577802752E-004
   33.000000000000000       0.29991447303463564        3.6205705573553397E-004
   34.000000000000000      -0.22717862934189773       -1.4252585887727996E-004
   35.000000000000000        3.6969647400345543E-002   5.4266155324215771E-007
   36.000000000000000       0.17235618773794242        5.8922123367040300E-005
   37.000000000000000      -0.29255734448238363       -3.3223071452929785E-004
   38.000000000000000       0.26147829730252581        2.2681789150508623E-004
   39.000000000000000       -9.5189894099216799E-002  -9.4368574738481591E-006
   40.000000000000000      -0.12032081323503564       -1.9310305393527026E-005
   41.000000000000000       0.27361412112324640        2.6428570499473643E-004
   42.000000000000000      -0.28542268825635014       -3.0520001175566008E-004
   43.000000000000000       0.14964035296163158        3.7871909286744888E-005
   44.000000000000000        6.3520395653654388E-002   2.7702640664115164E-006
   45.000000000000000      -0.24383500795438526       -1.7977733202008292E-004
   46.000000000000000       0.29806353688405363        3.5436027759865697E-004
   47.000000000000000      -0.19816463233681700       -9.1705947209875236E-005
   48.000000000000000       -4.2043915040527640E-003  -7.9560124745631137E-010
   49.000000000000000       0.20439934172788166        1.0127062466962295E-004
   50.000000000000000      -0.29890022997799592       -3.5782317654493270E-004
   51.000000000000000       0.23884103420733838        1.6792160792305187E-004
   52.000000000000000       -5.5278118390456432E-002  -1.8214494891655406E-006
   53.000000000000000      -0.15686888589384251       -4.3867823941584670E-005
   54.000000000000000       0.28789963213517489        3.1437959343579198E-004
   55.000000000000000      -0.27005865840431537       -2.5284700019236235E-004
   56.000000000000000       0.11257145911011135        1.5745080441601520E-005
   57.000000000000000       0.10312598036918906        1.2045249540473560E-005
   58.000000000000000      -0.26549739801250855       -2.3873854280216940E-004
   59.000000000000000       0.29058119915874298        3.2456165390166807E-004
   60.000000000000000      -0.16540665300010193       -5.1777204215631495E-005
   61.000000000000000       -4.5298995610004333E-002  -9.9994081962147305E-007
   62.000000000000000       0.23258071917543344        1.5390217986764642E-004
   63.000000000000000      -0.29959590600974240       -3.6072293890110932E-004
   64.000000000000000       0.21169127760084891        1.1335970726714047E-004
   65.000000000000000       -1.4321957024173840E-002  -3.1462157281342504E-008
   66.000000000000000      -0.19045318884018989       -8.0805006433109643E-005
   67.000000000000000       0.29674577119735535        3.4896051600200799E-004
   68.000000000000000      -0.24959233134779810       -1.9421928833981183E-004
   69.000000000000000        7.3375719822837956E-002   4.2840207166679339E-006
   70.000000000000000       0.14078317577713662        3.1338964369855331E-005
   71.000000000000000      -0.28214366809384378       -2.9337374256373607E-004
   72.000000000000000       0.27760882585365060        2.7761359080674420E-004
   73.000000000000000      -0.12952359739302874       -2.4224116269091421E-005
   74.000000000000000       -8.5537752508721795E-002  -6.8186002146902729E-006
   75.000000000000000       0.25636788107448777        2.1232723174864382E-004
   76.000000000000000      -0.29463122896572058       -3.4043282990334721E-004
   77.000000000000000       0.18054197571912248        6.8208669339370843E-005
   78.000000000000000        2.6904793264800428E-002   2.0883886444046869E-007
   79.000000000000000      -0.22043920395961270       -1.2922557983343136E-004
   80.000000000000000       0.29998540561732290        3.6235464759556616E-004
   81.000000000000000      -0.22441038337875394       -1.3694540588427259E-004
   82.000000000000000        3.2793671499509139E-002   3.7849420056581360E-007
   83.000000000000000       0.17578051347134091        6.2688968864991999E-005
   84.000000000000000      -0.29345931532120573       -3.3577847114462896E-004
   85.000000000000000       0.25939150781156090        2.2081202262437362E-004
   86.000000000000000       -9.1193414579626556E-002  -8.2825132211666701E-006
   87.000000000000000      -0.12416041963271540       -2.1267163708477098E-005
   88.000000000000000       0.27531140961843531        2.6988612322878232E-004
   89.000000000000000      -0.28409999794429219       -3.0038530950457813E-004
   90.000000000000000       0.14598164153788784        3.5068190156432833E-005
   91.000000000000000        6.7623223425982343E-002   3.3468205396101517E-006
   92.000000000000000      -0.24626039672844730       -1.8575826994733104E-004
   93.000000000000000       0.29755732802561458        3.5227818896290650E-004
   94.000000000000000      -0.19498858440493502       -8.7094972561339368E-005
   95.000000000000000       -8.4079571826481576E-003  -6.3637446119326573E-009
   96.000000000000000       0.20745677851533983        1.0621802160741817E-004
   97.000000000000000      -0.29923054987838771       -3.5919770920602438E-004
   98.000000000000000       0.23627343010708163        1.6206053377229075E-004
   99.000000000000000       -5.1140287913926351E-002  -1.4407433191875159E-006
   100.00000000000000      -0.16043728763633344       -4.7061100804397072E-005
   101.00000000000000       0.28905339918222533        3.1872910301553644E-004
   102.00000000000000      -0.26820118257313436       -2.4702592093015527E-004
   103.00000000000000       0.10866323350893627        1.4131737031414765E-005
   104.00000000000000       0.10706402824972674        1.3505622760803909E-005
   105.00000000000000      -0.26742891979998407       -2.4463652357620936E-004
   106.00000000000000       0.28950741281049819        3.2045362851981205E-004
   107.00000000000000      -0.16188280907912381       -4.8400166563179032E-005
   108.00000000000000       -4.9450731870742316E-002  -1.3020800578421345E-006
   109.00000000000000       0.23521350201289615        1.5968641907915726E-004
   110.00000000000000      -0.29934833414303169       -3.5968885265679710E-004
   111.00000000000000       0.20869136942158606        1.0826507895004951E-004
   112.00000000000000       -1.0120952832056860E-002  -1.1100398149805769E-008
   113.00000000000000      -0.19368296704276358       -8.5249186490470171E-005
   114.00000000000000       0.29733421834730500        3.5136361615023559E-004
   115.00000000000000      -0.24723516382085994       -1.8820401079516172E-004
   116.00000000000000        6.9291819229389998E-002   3.6027153289411391E-006
   117.00000000000000       0.14448204107554613        3.3962252848361305E-005
   118.00000000000000      -0.28354483007683523       -2.9838233572680706E-004
   119.00000000000000       0.27598774937511950        2.7214337084957449E-004
   120.00000000000000      -0.12571853443332526       -2.2098876795551220E-005
   121.00000000000000       -8.9559219485786767E-002  -7.8395692635971348E-006
   122.00000000000000       0.25852626793992473        2.1835795359388850E-004
   123.00000000000000      -0.29381044278257828       -3.3716767191206985E-004
   124.00000000000000       0.17716644165922912        6.4261296369173493E-005
   125.00000000000000        3.1089600441139974E-002   3.2241923472737977E-007
   126.00000000000000      -0.22326933755452272       -1.3469315025076953E-004
   127.00000000000000       0.29999741514766265        3.6240505192778856E-004
   128.00000000000000      -0.22159805881152800       -1.3144408373786119E-004
   129.00000000000000        2.8611254343890908E-002   2.5120707066942252E-007
   130.00000000000000       0.17917031249978407        6.6584291075075485E-005
   131.00000000000000      -0.29430364496638944       -3.3912667625189170E-004
   132.00000000000000       0.25725376871069122        2.1478683386642308E-004
   133.00000000000000       -8.7179022874175241E-002  -7.2236282891317147E-006
   134.00000000000000      -0.12797563844231305       -2.3343218497426749E-005
   135.00000000000000       0.27695462154775385        2.7539579158297940E-004
   136.00000000000000      -0.28272150477476293       -2.9543121567989915E-004
   137.00000000000000       0.14229425656157330        3.2392867602066427E-005
   138.00000000000000        7.1712768663029461E-002   3.9969719603489335E-006
   139.00000000000000      -0.24863741508155116       -1.9176509772904739E-004
   140.00000000000000       0.29699267304509624        3.4996721500362414E-004
   141.00000000000000      -0.19177423681425507       -8.2601980405784840E-005
   142.00000000000000       -1.2609871407430953E-002  -2.1471644269997196E-008
   143.00000000000000       0.21047346669839451        1.1127078854146106E-004
   144.00000000000000      -0.29950209499200453       -3.6033081958539837E-004
   145.00000000000000       0.23365941728576578        1.5625275446485215E-004
   146.00000000000000       -4.6992412406869889E-002  -1.1167476488164935E-006
   147.00000000000000      -0.16397417635884223       -5.0384925414251195E-005
   148.00000000000000       0.29015039043867957        3.2290852171078200E-004
   149.00000000000000      -0.26629102673811139       -2.4114846761917581E-004
   150.00000000000000       0.10473366433715704        1.2627649546205173E-005
   151.00000000000000       0.11098104670764669        1.5074093370684700E-005
   152.00000000000000      -0.26930791328577885       -2.5048161515567140E-004
   153.00000000000000       0.28837676149253355        3.1617257241504254E-004
   154.00000000000000      -0.15832716818050960       -4.5153686754536546E-005
   155.00000000000000       -5.3592755032082530E-002  -1.6591429724918068E-006
   156.00000000000000       0.23780008423370402        1.6552654363351525E-004
   157.00000000000000      -0.29904196435180253       -3.5841244904821139E-004
   158.00000000000000       0.20565047013854540        1.0327428489943565E-004
   159.00000000000000       -5.9179606851182008E-003  -2.2188110119627981E-009
   160.00000000000000      -0.19687470208926305       -8.9812384595813028E-005
   161.00000000000000       0.29786426318013426        3.5353947763782300E-004
   162.00000000000000      -0.24482943438945368       -1.8221164246032734E-004
   163.00000000000000        6.5194308355071978E-002   2.9966507732038314E-006
   164.00000000000000       0.14815252725047107        3.6713517679291496E-005
   165.00000000000000      -0.28489029826088630       -3.0325482517470540E-004
   166.00000000000000       0.27431246348387700        2.6657890754066031E-004
   167.00000000000000      -0.12188877793604760       -2.0093691903310761E-005
   168.00000000000000       -9.3563095198199789E-002  -8.9545896939085508E-006
   169.00000000000000       0.26063387514563885        2.2437268794950739E-004
   170.00000000000000      -0.29293194643162068       -3.3370052346909363E-004
   171.00000000000000       0.17375610861471641        6.0441959052479901E-005
   172.00000000000000        3.5268300936990210E-002   4.7099736104380042E-007
   173.00000000000000      -0.22605561659907586       -1.4024198928144538E-004
   174.00000000000000       0.29995049926420841        3.6220817644250832E-004
   175.00000000000000      -0.21874220801344230       -1.2602705866838375E-004
   176.00000000000000        2.4423217373422134E-002   1.5617018301756098E-007
   177.00000000000000       0.18252491888723571        7.0606930400918968E-005
   178.00000000000000      -0.29509016755461209       -3.4226944184995178E-004
   179.00000000000000       0.25506549982051224        2.0875046332757382E-004
   180.00000000000000       -8.3147507488597339E-002  -6.2567121433871096E-006
   181.00000000000000      -0.13176572031157313       -2.5540520584175847E-005
   182.00000000000000       0.27854343409736282        2.8080615218057812E-004
   183.00000000000000      -0.28128747954606453       -2.9034583893794614E-004
   184.00000000000000       0.13857892200089500        2.9844847347788107E-005
   185.00000000000000        7.5788228232591959E-002   4.7247286617089949E-006
   186.00000000000000      -0.25096559614073971       -1.9779044642048810E-004
   187.00000000000000       0.29636968284395382        3.4743151205598023E-004
   188.00000000000000      -0.18852222103285982       -7.8229429500326593E-005
   189.00000000000000       -1.6809308734855980E-002  -5.0875851484187433E-008
   190.00000000000000       0.21344881383813227        1.1642507556617872E-004
   191.00000000000000      -0.29971481198501626       -3.6122044165115639E-004
   192.00000000000000       0.23099950914481629        1.5050455485167788E-004
   193.00000000000000       -4.2835306731687582E-002  -8.4505983871904306E-007
   194.00000000000000      -0.16747885725889741       -5.3839250917990240E-005
   195.00000000000000       0.29119039046741685        3.2691070922342838E-004
   196.00000000000000      -0.26432856609153971       -2.3522317438587923E-004
   197.00000000000000       0.10078352340731649        1.1229930885927170E-005
   198.00000000000000       0.11487626623309784        1.6753457783709127E-005
   199.00000000000000      -0.27113400935233123       -2.5626525572980451E-004
   200.00000000000000       0.28718946730727646        3.1172576685097194E-004
   201.00000000000000      -0.15474042870228441       -4.2037669153650829E-005
   202.00000000000000       -5.7724251518954314E-002  -2.0754933192234561E-006
   203.00000000000000       0.24033995782619466        1.7141612824971483E-004
   204.00000000000000      -0.29867685682330580       -3.5689605283713950E-004
   205.00000000000000       0.20256917709588387        9.8391010264594649E-005
   206.00000000000000       -1.7138059942440583E-003  -5.3883477339726512E-011
   207.00000000000000      -0.20002776705995248       -9.4491978370097449E-005
   208.00000000000000       0.29833580159484052        3.5548417879256581E-004
   209.00000000000000      -0.24237561566623511       -1.7624943741571873E-004
   210.00000000000000        6.1083992100275819E-002   2.4617625732189364E-006
   211.00000000000000       0.15179391346650456        3.9593725392523648E-005
   212.00000000000000      -0.28617980836949969       -3.0798319058405815E-004
   213.00000000000000       0.27258329721264668        2.6092878111853715E-004
   214.00000000000000      -0.11803508007792901       -1.8206403217432386E-005
   215.00000000000000       -9.7548593272724693E-002  -1.0167078153058363E-005
   216.00000000000000       0.26269028878346296        2.3036322495846348E-004
   217.00000000000000      -0.29199591243480938       -3.3003746076417517E-004
   218.00000000000000       0.17031164644227981        5.6751662334536960E-005
   219.00000000000000        3.9440074042696081E-002   6.5917894936228780E-007
   220.00000000000000      -0.22879749386047246       -1.4586677410137277E-004
   221.00000000000000       0.29984466718528291        3.6176438154682852E-004
   222.00000000000000      -0.21584339183291651       -1.2069922901270449E-004
   223.00000000000000        2.0230383201193396E-002   8.8716945075004501E-008
   224.00000000000000       0.18584367377941802        7.4755463560080362E-005
   225.00000000000000      -0.29581872861182523       -3.4520121122004531E-004
   226.00000000000000       0.25282713110561938        2.0271091645526399E-004
   227.00000000000000       -7.9099660157301008E-002  -5.3781544748095003E-006
   228.00000000000000      -0.13552992079363851       -2.7860934139252666E-005
   229.00000000000000       0.28007753522087886        2.8610870166663016E-004
   230.00000000000000      -0.27979820390660742       -2.8513742022584000E-004
   231.00000000000000       0.13483636792877060        2.7422824942919140E-005
   232.00000000000000        7.9848801363186409E-002   5.5340046554291860E-006
   233.00000000000000      -0.25324448260531818       -2.0382676210018767E-004
   234.00000000000000       0.29568847978975438        3.4467562286611103E-004
   235.00000000000000      -0.18523317576772771       -7.3979503417862102E-005
   236.00000000000000       -2.1005444382399367E-002  -9.9316909929031907E-008
   237.00000000000000       0.21638223531995879        1.2167675457404304E-004
   238.00000000000000      -0.29986865907974186       -3.6186495077635971E-004
   239.00000000000000       0.22829422805203903        1.4482197659772928E-004
   240.00000000000000       -3.8669787218593536E-002  -6.2121610235867530E-007
   241.00000000000000      -0.17095064212184291       -5.7423786248171911E-005
   242.00000000000000       0.29217319489110216        3.3072877766694269E-004
   243.00000000000000      -0.26231418609940943       -2.2925851454091371E-004
   244.00000000000000        9.6813586605029131E-002   9.9355461338908800E-006
   245.00000000000000       0.11874892179336262        1.8546354358803492E-005
   246.00000000000000      -0.27290684934999793       -2.6197885192969238E-004
   247.00000000000000       0.28594576344441858        3.0712071494893260E-004
   248.00000000000000      -0.15112329503016886       -3.9051781878029785E-005
   249.00000000000000       -6.1844409960631425E-002  -2.5554246407609123E-006
   250.00000000000000       0.24283262399111391        1.7734851728493583E-004
   251.00000000000000      -0.29825308325220828       -3.5514241971309275E-004
   252.00000000000000       0.19944809557452392        9.3618661202870461E-005
   253.00000000000000        2.4906850425758134E-003   1.6539808807625869E-010
   254.00000000000000      -0.20314154263066200       -9.9285067820117234E-005
   255.00000000000000       0.29874874097197585        3.5719420299941288E-004
   256.00000000000000      -0.23987418959005116       -1.7032444627436720E-004
   257.00000000000000        5.6961677744249657E-002   1.9938995279522566E-006
   258.00000000000000       0.15540548424157832        4.2603622044371191E-005
   259.00000000000000      -0.28741310715748875       -3.1255957702406027E-004
   260.00000000000000       0.27080059014368324        2.5520159408751837E-004
   261.00000000000000      -0.11415819767207304       -1.6434675962587640E-005
   262.00000000000000      -0.10151493101036345       -1.1480321521097004E-005
   263.00000000000000       0.26469510473078650        2.3632124542734764E-004
   264.00000000000000      -0.29100252474384569       -3.2618486487320710E-004
   265.00000000000000       0.16683373170224883        5.3191153588017344E-005
   266.00000000000000        4.3604100339710967E-002   8.9152434011528155E-007
   267.00000000000000      -0.23149443077992149       -1.5156192123876982E-004
   268.00000000000000       0.29967993969781470        3.6107447923167655E-004
   269.00000000000000      -0.21290217984726909       -1.1546522229459845E-004
   270.00000000000000        1.6033575243061621E-002   4.4149591489769141E-008
   271.00000000000000       0.18912592541583312        7.9028199982618725E-005
   272.00000000000000      -0.29648918505557242       -3.4791677458567770E-004
   273.00000000000000       0.25053910223076281        1.9667605044532832E-004
   274.00000000000000       -7.5036276361604398E-002  -4.5842315808446586E-006
   275.00000000000000      -0.13926750052526723       -3.0306130310146253E-005
   276.00000000000000       0.28155662359057360        2.9129501117606193E-004
   277.00000000000000      -0.27825397037951022       -2.7981431244374213E-004
   278.00000000000000       0.13106732933367590        2.5125291192082031E-005
   279.00000000000000        8.3893690613783670E-002   6.4286117026566073E-006
   280.00000000000000      -0.25547362693025638       -2.0986631859455922E-004
   281.00000000000000       0.29494919765869138        3.4170446332402961E-004
   282.00000000000000      -0.18190774694115452       -6.9854113007870638E-005
   283.00000000000000       -2.5197454285435333E-002  -1.7151399413707597E-007
   284.00000000000000       0.21927315496622649        1.2702142174628655E-004
   285.00000000000000      -0.29996360604517747       -3.6226316848906594E-004
   286.00000000000000       0.22554410564989602        1.3921081211521689E-004
   287.00000000000000       -3.4496672473377198E-002  -4.4069720694637191E-007
   288.00000000000000      -0.17438884867626106       -6.1137990414109904E-005
   289.00000000000000       0.29309861079815847        3.3435611179169093E-004
   290.00000000000000      -0.26024828235620195       -2.2326288287172354E-004
   291.00000000000000        9.2824633571366458E-002   8.7413189431032036E-006
   292.00000000000000       0.12259825284998277        2.0455256877977582E-005
   293.00000000000000      -0.27462608511425379       -2.6761379753544040E-004
   294.00000000000000       0.28464589414781738        3.0236512182489237E-004
   295.00000000000000      -0.14747647800259472       -3.6195462791046182E-005
   296.00000000000000       -6.5952420666639047E-002  -3.1031543857874181E-006
   297.00000000000000       0.24527759287357051        1.8331683280948253E-004
   298.00000000000000      -0.29777072692115902       -3.5315472855753814E-004
   299.00000000000000       0.19628783830341248        8.8960364315941796E-005
   300.00000000000000        6.6946871390720425E-003   3.2122190637710993E-009
   301.00000000000000      -0.20621541729589701       -1.0418847450828984E-004
   302.00000000000000       0.29910300021289399        3.5866644908681699E-004
   303.00000000000000      -0.23732564740488182       -1.6444350596288672E-004
   304.00000000000000        5.2828174853350500E-002   1.5888296379827088E-006
   305.00000000000000       0.15898653043187899        4.5743728068972284E-005
   306.00000000000000      -0.28858995226052453       -3.1697631459624452E-004
   307.00000000000000       0.26896469261616773        2.4940595247794056E-004
   308.00000000000000      -0.11025889260221587       -1.4776005687096443E-005
   309.00000000000000      -0.10546132894978265       -1.2897470328442034E-005
   310.00000000000000       0.26664792946861771        2.4223833939641116E-004
   311.00000000000000      -0.28995197834766268       -3.2214940264426947E-004
   312.00000000000000       0.16332304740851575        4.9760926890133891E-005
   313.00000000000000        4.7759562069031015E-002   1.1725429678918716E-006
   314.00000000000000      -0.23414589771313724       -1.5732159235746471E-004
   315.00000000000000       0.29945634914912589        3.6013973063716903E-004
   316.00000000000000      -0.20991914977276077       -1.1032939146101868E-004
   317.00000000000000        1.1833618253381207E-002   1.7744600054605924E-008
   318.00000000000000       0.19237102877219783        8.3423178063893956E-005
   319.00000000000000      -0.29710140513105543       -3.5041128362683438E-004
   320.00000000000000       0.24820186237944716        1.9065356018060741E-004
   321.00000000000000       -7.0958153690282119E-002  -3.8711122505432144E-006
   322.00000000000000      -0.14297772549487009       -3.2877580985639193E-005
   323.00000000000000       0.28298040873069336        2.9635674709342088E-004
   324.00000000000000      -0.27665508222867674       -2.7438495959579559E-004
   325.00000000000000       0.12727254640265007        2.2950538733095049E-005
   326.00000000000000        8.7922101621893817E-002   7.4122531180654135E-006
   327.00000000000000      -0.25765259104794147       -2.1590122972027655E-004
   328.00000000000000       0.29415198173693569        3.3852330884939893E-004
   329.00000000000000      -0.17854658806621096       -6.5854899740924380E-005
   330.00000000000000       -2.9384514632924019E-002  -2.7215950837645346E-007
   331.00000000000000       0.22212100522928194        1.3245440007579286E-004
   332.00000000000000      -0.29999963424448300       -3.6241436615155420E-004
   333.00000000000000       0.22274968175122967        1.3367659637712260E-004
   334.00000000000000       -3.0316781623554695E-002  -2.9893398891216232E-007
   335.00000000000000      -0.17779280204744397       -6.4981069264611577E-005
   336.00000000000000       0.29396645635141999        3.3778638556401460E-004
   337.00000000000000      -0.25813126085463672       -2.1724457973389393E-004
   338.00000000000000        8.8817448213908759E-002   7.6439381310420655E-006
   339.00000000000000       0.12642350293591442        2.2482467759821415E-005
   340.00000000000000      -0.27629137878459997       -2.7316149193935010E-004
   341.00000000000000       0.28329011486979833        2.9746687511442724E-004
   342.00000000000000      -0.14380069344176100       -3.3467924136784976E-005
   343.00000000000000       -7.0047477288527324E-002  -3.7228182433664993E-006
   344.00000000000000       0.24767438455834276        1.8931398655385362E-004
   345.00000000000000      -0.29722988251035920       -3.5093657138441590E-004
   346.00000000000000       0.19308902622555529        8.4418968530656870E-005
   347.00000000000000        1.0897374266841215E-002   1.3856609105511426E-008
   348.00000000000000      -0.20924878698165983       -1.0919874028657577E-004
   349.00000000000000       0.29939850970170817        3.5989824022188729E-004
   350.00000000000000      -0.23473048995104093       -1.5861323097289803E-004
   351.00000000000000        4.8684295741618873E-002   1.2422460034633595E-006
   352.00000000000000       0.16253634829390098        4.9014331706242039E-005
   353.00000000000000      -0.28971011267939789       -3.2122594022691717E-004
   354.00000000000000       0.26707596499262870        2.4355044451722117E-004
   355.00000000000000      -0.10633793025063708       -1.3227724129277253E-005
   356.00000000000000      -0.10938701246499206       -1.4421532850436066E-005
   357.00000000000000       0.26854837928868192        2.4810602058388182E-004
   358.00000000000000      -0.28884447965842192       -3.1793800999247032E-004
   359.00000000000000       0.15978028348026335        4.6461228268453159E-005
   360.00000000000000        5.1905642602262540E-002   1.5066877086328393E-006
   361.00000000000000      -0.23675137359771103       -1.6313969956565413E-004
   362.00000000000000       0.29917393948202914        3.5896184247553257E-004
   363.00000000000000      -0.20689488723596827       -1.0529581256424729E-004
   364.00000000000000        7.6313366284477260E-003   4.7580622293966692E-009
   365.00000000000000       0.19557834687742112        8.7938164092375996E-005
   366.00000000000000      -0.29765526866752878       -3.5268026636378212E-004
   367.00000000000000       0.24581587078212075        1.8465096673074484E-004
   368.00000000000000       -6.6866093436651078E-002  -3.2348642391385658E-006
   369.00000000000000      -0.14665986681638227       -3.5576552297883764E-005
   370.00000000000000       0.28434861084260143        3.0128569082129821E-004
   371.00000000000000      -0.27500185366936103       -2.6885787722452268E-004
   372.00000000000000       0.12345276488541773        2.0896668637386972E-005
   373.00000000000000        9.1933242727448281E-002   8.4885174257964254E-006
   374.00000000000000      -0.25978094725638728       -2.2192346549017013E-004
   375.00000000000000       0.29329698850748320        3.3513777819614207E-004
   376.00000000000000      -0.17515035889415934       -6.1983237398855503E-005
   377.00000000000000       -3.3565803560011029E-002  -4.0591370421195242E-007
   378.00000000000000       0.22492522654158420        1.3797074093009650E-004
   379.00000000000000      -0.29997673659274221       -3.6231826693770836E-004
   380.00000000000000       0.21991150560737147        1.2822460434636865E-004
   381.00000000000000       -2.6130936237613211E-002  -1.9131298478877017E-007
   382.00000000000000      -0.18116183317944676       -6.8951969295404423E-005
   383.00000000000000       0.29477656103697558        3.4101358059052036E-004
   384.00000000000000      -0.25596353713817938       -2.1121179258619085E-004
   385.00000000000000        8.4792817090416625E-002   6.6399636310049812E-006
   386.00000000000000       0.13022392120489690        2.4630112314460896E-005
   387.00000000000000      -0.27790240348580025       -2.7861336185619142E-004
   388.00000000000000       0.28187869173199487        2.9243402277849252E-004
   389.00000000000000      -0.14009666358568398       -3.0868159642390856E-005
   390.00000000000000       -7.4128775202931582E-002  -4.4184639910040603E-006
   391.00000000000000       0.25002252794975161        1.9533268750396171E-004
   392.00000000000000      -0.29663065632419333       -3.4849194383655848E-004
   393.00000000000000       0.18985228786713040        7.9997045370705999E-005
   394.00000000000000        1.5097920656115239E-002   3.6860108984357471E-008
   395.00000000000000      -0.21224105627739312       -1.1431212925264910E-004
   396.00000000000000       0.29963521143379385        3.6088733228760645E-004
   397.00000000000000      -0.23208922662379039       -1.5284000240426153E-004
   398.00000000000000        4.4530853798000758E-002   9.4977247521069944E-007
   399.00000000000000       0.16605424104510502        5.2415484805627547E-005
   400.00000000000000      -0.29077336831240591       -3.2530121560157062E-004
   401.00000000000000       0.26513477850742423        2.3764362474600016E-004
   402.00000000000000      -0.10239608129274975       -1.1787006519497030E-005
   403.00000000000000      -0.11329120995262151       -1.6055367948057224E-005
   404.00000000000000       0.27039608078409233        2.5391574520285733E-004
   405.00000000000000      -0.28768024628997624       -3.1355787227989079E-004
   406.00000000000000       0.15620613531543634        4.3292059437857202E-005
   407.00000000000000        5.6041528118349455E-002   1.8983493403752698E-006
   408.00000000000000      -0.23931034701300868       -1.6900991458800935E-004
   409.00000000000000       0.29883276612982634        3.5754296156312754E-004
   410.00000000000000      -0.20382998645860520       -1.0036828458971240E-004
   411.00000000000000        3.4275560583352455E-003   4.3105583242328712E-010
   412.00000000000000       0.19874724932473453        9.2570647840766116E-005
   413.00000000000000      -0.29815066680166474       -3.5471963887553708E-004
   414.00000000000000       0.24338159625799449        1.7867560401347259E-004
   415.00000000000000       -6.2760899635348824E-002  -2.6714601493166132E-006
   416.00000000000000      -0.15031320100275578       -3.8404098529862898E-005
   417.00000000000000       0.28566096136622554        3.0607376122202218E-004
   418.00000000000000      -0.27329460920857673       -2.6324163010420693E-004
   419.00000000000000       0.11960873455483151        1.8961596040527075E-005
   420.00000000000000        9.5926326596225214E-002   9.6608724893037398E-006
   421.00000000000000      -0.26185827735794720       -2.2792486423884114E-004
   422.00000000000000       0.29238438595893718        3.3155381888516709E-004
   423.00000000000000      -0.17171972696273283       -5.8240237616206203E-005
   424.00000000000000       -3.7740499223413458E-002  -5.7739917673396056E-007
   425.00000000000000       0.22768526791677543        1.4356522863016161E-004
   426.00000000000000      -0.29989491759490033       -3.6197504681100045E-004
   427.00000000000000       0.21703013431495483        1.2285984342773958E-004
   428.00000000000000       -2.1939957941926155E-002  -1.1318185301070228E-007
   429.00000000000000      -0.18449528077578684       -7.3049375691091272E-005
   430.00000000000000       0.29552876584193466        3.4403200359425128E-004
   431.00000000000000      -0.25374553712955022       -2.0517258299300402E-004
   432.00000000000000        8.0751530983586742E-002   5.7258332908530856E-006
   433.00000000000000       0.13399876092474911        2.6900131431411043E-005
   434.00000000000000      -0.27945884256673298       -2.8396087855954254E-004
   435.00000000000000       0.28041190215331901        2.8727475499638937E-004
   436.00000000000000      -0.13636511622782058       -2.8394949910615020E-005
   437.00000000000000       -7.8195512492625727E-002  -5.1940455962251062E-006
   438.00000000000000       0.25232156213814527        2.0136545645450728E-004
   439.00000000000000      -0.29597316598287748       -3.4582523237028135E-004
   440.00000000000000       0.18657825855728974        7.5696889723023787E-005
   441.00000000000000        1.9295501794907133E-002   7.6970437033138368E-008
   442.00000000000000      -0.21519163723940685       -1.1952462633876482E-004
   443.00000000000000       0.29981305889466808        3.6163191997333444E-004
   444.00000000000000      -0.22940237657035059       -1.4712996284389434E-004
   445.00000000000000        4.0368665392381556E-002   7.0696954848292190E-007
   446.00000000000000       0.16953951723446309        5.5946995930347167E-005
   447.00000000000000      -0.29177951025019294       -3.2919514757225293E-004
   448.00000000000000       0.26314151418991988        2.3169399262591830E-004
   449.00000000000000       -9.8434119461638950E-002  -1.0450877227956840E-005
   450.00000000000000      -0.11717315507007420       -1.7801679411376206E-005
   451.00000000000000       0.27219067127535679        2.5965893127013399E-004
   452.00000000000000      -0.28645950676601739       -3.0901640401040484E-004
   453.00000000000000       0.15260130518166196        4.0253184440253166E-005
   454.00000000000000        6.0166405971888312E-002   2.3518506916873442E-006
   455.00000000000000      -0.24182231498610740       -1.7492567370655626E-004
   456.00000000000000       0.29843289615103280        3.5588566906882455E-004
   457.00000000000000      -0.20072504965533855       -9.5550327692897033E-005
   458.00000000000000       -7.7689747206135835E-004  -5.0194870129836041E-012
   459.00000000000000       0.20187711410028283        9.7317843240653576E-005
   460.00000000000000      -0.29858750229332781       -3.5652571838602840E-004
   461.00000000000000       0.24089951662312817        1.7273460606530543E-004
   462.00000000000000       -5.8643378081903938E-002  -2.1767833409912672E-006
   463.00000000000000      -0.15393701095255913       -4.1361056767348166E-005
   464.00000000000000       0.28691720243724450        3.1071303305583932E-004
   465.00000000000000      -0.27153368440969128       -2.5754481494679832E-004
   466.00000000000000       0.11574121096511437        1.7143057595096493E-005
   467.00000000000000        9.9900568377138496E-002   1.0932658660731994E-005
   468.00000000000000      -0.26388417319107077       -2.3389714927342348E-004
   469.00000000000000       0.29141435341081973        3.2777768990631926E-004
   470.00000000000000      -0.16825536565984056       -5.4626751745746363E-005
   471.00000000000000       -4.1907782185301702E-002  -7.9119544787375032E-007
   472.00000000000000       0.23040058759504917        1.4923238603282396E-004
   473.00000000000000      -0.29975419331095010       -3.6138533385794507E-004
   474.00000000000000       0.21410613401934153        1.1758705214504758E-004
   475.00000000000000       -1.7744670205339597E-002  -5.9854888133835169E-008
   476.00000000000000      -0.18779248985649963       -7.7271706856546669E-005
   477.00000000000000       0.29622292296266978        3.4683630123556665E-004
   478.00000000000000      -0.25147769648774093       -1.9913487013234089E-004
   479.00000000000000        7.6694383681797415E-002   4.8978688400653789E-006
   480.00000000000000       0.13774728064242353        2.9294275704103503E-005
   481.00000000000000      -0.28096039061683498       -2.8919558137067790E-004
   482.00000000000000       0.27889003414821928        2.8199738122633146E-004
   483.00000000000000      -0.13260678407243867       -2.6046868238578893E-005
   484.00000000000000       -8.2246890641896719E-002  -6.0534172854645589E-006
   485.00000000000000       0.25457103524233654        2.0740463496777794E-004
   486.00000000000000      -0.29525754071785903       -3.4294120284301391E-004
   487.00000000000000       0.18326758181506367        7.1520523977960677E-005
   488.00000000000000        2.3489292637657169E-002   1.3891611974664470E-007
   489.00000000000000      -0.21809995012350261       -1.2483193965792845E-004
   490.00000000000000       0.29993201714563050        3.6213064244945031E-004
   491.00000000000000      -0.22667046718403447       -1.4148900607042922E-004
   492.00000000000000        3.6198547507580739E-002   5.0933987369612148E-007
   493.00000000000000       0.17299149274811720        5.9608427150375566E-005
   494.00000000000000      -0.29272834100033518       -3.3290100789874245E-004
   495.00000000000000       0.26109656368383632        2.2570997753754228E-004
   496.00000000000000       -9.4452823226084962E-002  -9.2162169025103141E-006
   497.00000000000000      -0.12103208506652623       -1.9663008735471989E-005
   498.00000000000000       0.27393179814493329        2.6532697495906848E-004
   499.00000000000000      -0.28518250093937114       -3.0432123079934353E-004
   500.00000000000000       0.14896650113874840        3.7344134182954976E-005
   501.00000000000000        6.4279465955431339E-002   2.8714409555352221E-006
   502.00000000000000      -0.24428678461292413       -1.8088018991778749E-004
   503.00000000000000       0.29797440806727699        3.5399297227206702E-004
   504.00000000000000      -0.19758068649465280       -9.0845182309013252E-005
   505.00000000000000       -4.9811984044764741E-003  -1.3231069915777110E-009
   506.00000000000000       0.20496732602095225        1.0217668470864168E-004
   507.00000000000000      -0.29896568928135875       -3.5809523294868801E-004
   508.00000000000000       0.23837011973677069        1.6683489906625545E-004
   509.00000000000000       -5.4514338085955093E-002  -1.7466341173887732E-006
   510.00000000000000      -0.15753058439646156       -4.4448039670715950E-005
   511.00000000000000       0.28811708722725371        3.1519575846579797E-004
   512.00000000000000      -0.26971942491907303       -2.5177603766999668E-004
   513.00000000000000       0.11185095326025950        1.5438616908924349E-005
   514.00000000000000       0.10385518797881817        1.2307083051435798E-005
   515.00000000000000      -0.26585823709906187       -2.3983194617890698E-004
   516.00000000000000       0.29038708126775653        3.2381594345455708E-004
   517.00000000000000      -0.16475795568127377       -5.1143376880614195E-005
   518.00000000000000       -4.6066833631385092E-002  -1.0518333597781186E-006
   519.00000000000000       0.23307065204912980        1.5496647749071183E-004
   520.00000000000000      -0.29955459138539869       -3.6055020655427115E-004
   521.00000000000000       0.21114007905191803        1.1241069552979301E-004
   522.00000000000000       -1.3545897065192403E-002  -2.6618413422325227E-008
   523.00000000000000      -0.19105281278462505       -8.1617112207558079E-005
   524.00000000000000       0.29685889597236731        3.4942147591119965E-004
   525.00000000000000      -0.24916046097265673       -1.9310641783024750E-004
   526.00000000000000        7.2622172631052723E-002   4.1522822685085803E-006
   527.00000000000000       0.14146874358187839        3.1814098605204436E-005
   528.00000000000000      -0.28240675220907752       -2.9430909354086817E-004
   529.00000000000000       0.27731338653499471        2.7661031056287386E-004
   530.00000000000000      -0.12882240507775003       -2.3822287211561293E-005
   531.00000000000000       -8.6282114147787428E-002  -7.0003273581280985E-006
   532.00000000000000       0.25677050572035270        2.1344240151142778E-004
   533.00000000000000      -0.29448392099696163       -3.3984498536936364E-004
   534.00000000000000       0.17992090748273601        6.7469698309172870E-005
   535.00000000000000        2.7678469998403264E-002   2.2740113772548095E-007
   536.00000000000000      -0.22096542406612779       -1.3022950362603475E-004
   537.00000000000000       0.29999206283674162        3.6238258743874214E-004
   538.00000000000000      -0.22389403524281748       -1.3592277327671189E-004
   539.00000000000000        3.2021319513382968E-002   3.5233399113463944E-007
   540.00000000000000       0.17640948931723147        6.3399087671825102E-005
   541.00000000000000      -0.29361967412498108       -3.3641235017839444E-004
   542.00000000000000       0.25900032865782635        2.1969992005647823E-004
   543.00000000000000       -9.0452974591271107E-002  -8.0797684979727594E-006
   544.00000000000000      -0.12486724197193960       -2.1641729060844178E-005
   545.00000000000000       0.27561911918047027        2.7091127053678865E-004
   546.00000000000000      -0.28384947982006681       -2.9948016877403395E-004
   547.00000000000000       0.14530243762284839        3.4564212643725222E-005
   548.00000000000000        6.8379899638709496E-002   3.4612897532176919E-006
   549.00000000000000      -0.24670327100899964       -1.8686645724882067E-004
   550.00000000000000       0.29745739189835946        3.5186829592420742E-004
   551.00000000000000      -0.19439751437866781       -8.6255810146736731E-005
   552.00000000000000       -9.1845212105771852E-003  -8.2951658446694677E-009
   553.00000000000000       0.20801727851880256        1.0714382899801653E-004
   554.00000000000000      -0.29928515353262775       -3.5942533201152908E-004
   555.00000000000000       0.23579390208625009        1.6098318823500922E-004
   556.00000000000000       -5.0374590123725103E-002  -1.3767353326821793E-006
   557.00000000000000      -0.16109321596327889       -4.7665431314735553E-005
   558.00000000000000       0.28926038021465661        3.1951438808847733E-004
   559.00000000000000      -0.26785218720834097       -2.4594389664978902E-004
   560.00000000000000       0.10793872581991543        1.3845671893439983E-005
   561.00000000000000       0.10778940837116999        1.3787212560824707E-005
   562.00000000000000      -0.26778008120045838       -2.4572079720371130E-004
   563.00000000000000       0.28930277136883192        3.1967540832851407E-004
   564.00000000000000      -0.16122818398740149       -4.7790459419400494E-005
   565.00000000000000       -5.0216836641847645E-002  -1.3637895364287491E-006
   566.00000000000000       0.23569493682564341        1.6076151628975399E-004
   567.00000000000000      -0.29929615106226010       -3.5947119064093358E-004
   568.00000000000000       0.20813255240687709        1.0733496369276303E-004
   569.00000000000000       -9.3444638019479082E-003  -8.7361836725181304E-009
   570.00000000000000      -0.19427560874257480       -8.6083468468072327E-005
   571.00000000000000       0.29743656012241448        3.5178290121674828E-004
   572.00000000000000      -0.24679428511917789       -1.8709481794185862E-004
   573.00000000000000        6.8535696611601804E-002   3.4851815907582059E-006
   574.00000000000000       0.14516241976348898        3.4460951564568330E-005
   575.00000000000000      -0.28379764373554012       -2.9929314903815168E-004
   576.00000000000000       0.27568226909766758        2.7112203194921622E-004
   577.00000000000000      -0.12501272281936848       -2.1719385280377467E-005
   578.00000000000000       -9.0300390142995166E-002  -8.0384118730183994E-006
   579.00000000000000       0.25891954140163559        2.1947078234514021E-004
   580.00000000000000      -0.29365245881999624       -3.3654206094143420E-004
   581.00000000000000       0.17653889313200755        6.3545895635035024E-005
   582.00000000000000        3.1862210761186754E-002   3.4709949686545846E-007
   583.00000000000000      -0.22378749603695483       -1.3571247956086386E-004
   584.00000000000000       0.29999318416398035        3.6238729373308954E-004
   585.00000000000000      -0.22107362609274783       -1.3043664587620050E-004
   586.00000000000000        2.7837801899837145E-002   2.3135582631532392E-007
   587.00000000000000       0.17979283557979844        6.7318030309370202E-005
   588.00000000000000      -0.29445333444175142       -3.3972302834118319E-004
   589.00000000000000       0.25685322114255338        2.1367205661350139E-004
   590.00000000000000       -8.6435359741535961E-002  -7.0381438888182156E-006
   591.00000000000000      -0.12867787198100047       -2.3740038302756769E-005
   592.00000000000000       0.27725230340729556        2.7640323245928423E-004
   593.00000000000000      -0.28246070488545139       -2.9450120192324794E-004
   594.00000000000000       0.14160983335446331        3.1912501203855446E-005
   595.00000000000000        7.2466902705492900E-002   4.1254815619303446E-006
   596.00000000000000      -0.24907130033635311       -1.9287726813370856E-004
   597.00000000000000       0.29688194922498379        3.4951547253805822E-004
   598.00000000000000      -0.19117615875287658       -8.1784895650549117E-005
   599.00000000000000       -1.3386039995382510E-002  -2.5686842292535282E-008
   600.00000000000000       0.21102637231627505        1.1221565285496777E-004
   601.00000000000000      -0.29954583227096820       -3.6051359404917196E-004
   602.00000000000000       0.23317136985809012        1.5518595143324345E-004
   603.00000000000000       -4.6224947597451306E-002  -1.0627384124355947E-006
   604.00000000000000      -0.16462420564202412       -5.1013380223494285E-005
   605.00000000000000       0.29034685675252925        3.2366158925479789E-004
   606.00000000000000      -0.26593233803984617       -2.4005696224813194E-004
   607.00000000000000       0.10400529708279044        1.2361460758863955E-005
   608.00000000000000       0.11170245679563577        1.5375967776145091E-005
   609.00000000000000      -0.26964932800713565       -2.5155518022706460E-004
   610.00000000000000       0.28816163684934371        3.1536317083404551E-004
   611.00000000000000      -0.15766674437047121       -4.4568100589444073E-005
   612.00000000000000       -5.4356975524620280E-002  -1.7314806877410200E-006
   613.00000000000000       0.23827292612372578        1.6661127023168289E-004
   614.00000000000000      -0.29897892303562240       -3.5815025400061964E-004
   615.00000000000000       0.20508414402242506        1.0236376735034809E-004
   616.00000000000000       -5.1411945433017152E-003  -1.4547462463601061E-009
   617.00000000000000      -0.19746024556621836       -9.0668379662725026E-005
   618.00000000000000       0.29795580185977555        3.5391633324293478E-004
   619.00000000000000      -0.24437963399565202       -1.8110748251257917E-004
   620.00000000000000        6.4435758828238876E-002   2.8925775279514259E-006
   621.00000000000000       0.14882758317992223        3.7235975771977045E-005
   622.00000000000000      -0.28513279180176765       -3.0413960733240104E-004
   623.00000000000000       0.27399700221990569        2.6554109274180826E-004
   624.00000000000000      -0.12117848559410409       -1.9736152670656321E-005
   625.00000000000000       -9.4300929358781871E-002  -9.1711885920491115E-006
   626.00000000000000       0.26101772017314917        2.2548166756294996E-004
   627.00000000000000      -0.29276331750254986       -3.3303824509751413E-004
   628.00000000000000       0.17312220305726767        5.9750333902674209E-005
   629.00000000000000        3.6039693156722404E-002   5.0264980745511896E-007
   630.00000000000000      -0.22656561172533271       -1.4127576050542172E-004
   631.00000000000000       0.29993538091869343        3.6214475276490489E-004
   632.00000000000000      -0.21820979410133778       -1.2503574168408520E-004
   633.00000000000000        2.3648816949452232E-002   1.4176823406360498E-007
   634.00000000000000       0.18314086653722808        7.1364046571135989E-005
   635.00000000000000      -0.29522915842488900       -3.4282721530912890E-004
   636.00000000000000       0.25465566230161996        2.0763450041407338E-004
   637.00000000000000       -8.2400766747868781E-002  -6.0878296647481092E-006
   638.00000000000000      -0.13246322762361193       -2.5959953823987234E-005
   639.00000000000000       0.27883102980795060        2.8179431078569810E-004
   640.00000000000000      -0.28101644909178602       -2.8939246544799099E-004
   641.00000000000000       0.13788941411901015        2.9387866809468507E-005
   642.00000000000000        7.6539671841873783E-002   4.8680092863287740E-006
   643.00000000000000      -0.25139040714291577       -1.9890521770963771E-004
   644.00000000000000       0.29624819307545197        3.4693873081744880E-004
   645.00000000000000      -0.18791725235512302       -7.7434846471032052E-005
   646.00000000000000       -1.7584929497652689E-002  -5.8252133646058741E-008
   647.00000000000000       0.21399401636793944        1.1738825479666037E-004
   648.00000000000000      -0.29974767429392934       -3.6135803415467647E-004
   649.00000000000000       0.23050303816939707        1.4944942924795222E-004
   650.00000000000000       -4.2066225578852090E-002  -8.0022898420891356E-007
   651.00000000000000      -0.16812285987661221       -5.4491794836742008E-005
   652.00000000000000       0.29137630330241188        3.2763026631660341E-004
   653.00000000000000      -0.26396025477541823       -2.3412375949094323E-004
   654.00000000000000       0.10005144017874767        1.0983068793204900E-005
   655.00000000000000       0.11559356413660267        1.7076116198906803E-005
   656.00000000000000      -0.27146561012426301       -2.5732652554480174E-004
   657.00000000000000       0.28696390154732593        3.1088655351830255E-004
   658.00000000000000      -0.15407433542090218       -4.1476159857794639E-005
   659.00000000000000       -5.8486438175141736E-002  -2.1592581239561101E-006
   660.00000000000000       0.24080411426061427        1.7250927227158174E-004
   661.00000000000000      -0.29860296964577171       -3.5658980168395700E-004
   662.00000000000000       0.20199545306311897        9.7500740732591406E-005
   663.00000000000000       -9.3691545254482168E-004  -8.8037905452420203E-012
   664.00000000000000      -0.20060609729918299       -9.5369171629237204E-005
   665.00000000000000       0.29841651919512197        3.5581792430009238E-004
   666.00000000000000      -0.24191698188723215       -1.7515162870505223E-004
   667.00000000000000        6.0323164589689476E-002   2.3703891261173326E-006
   668.00000000000000       0.15246351392072191        4.0140097420641878E-005
   669.00000000000000      -0.28641193415832000       -3.0884047708909740E-004
   670.00000000000000       0.27225791692139600        2.5987607889563268E-004
   671.00000000000000      -0.11732044652184703       -1.7870397965879306E-005
   672.00000000000000       -9.8282946010263050E-002  -1.0402050641326659E-005
   673.00000000000000       0.26306462964254324        2.3146682505462043E-004
   674.00000000000000      -0.29181667181915660       -3.2933967220491846E-004
   675.00000000000000       0.16967150882473922        5.6083970626584896E-005
   676.00000000000000        4.0210096091240433E-002   6.9864977920759371E-007
   677.00000000000000      -0.22929922509416822       -1.4691397426628617E-004
   678.00000000000000       0.29981866443921518        3.6165540842963029E-004
   679.00000000000000      -0.21530310102052097       -1.1972490788745457E-004
   680.00000000000000        1.9455186348138209E-002   7.8898429367048311E-008
   681.00000000000000       0.18645292546005102        7.5535665034499937E-005
   682.00000000000000      -0.29594699357261456       -3.4571941679110659E-004
   683.00000000000000       0.25240808406095400        2.0159523106390114E-004
   684.00000000000000       -7.8349988616777264E-002  -5.2251942472308507E-006
   685.00000000000000      -0.13622256487310203       -2.8303304337550098E-005
   686.00000000000000       0.28035498828940153        2.8707601431149192E-004
   687.00000000000000      -0.27951699611942266       -2.8416222260190579E-004
   688.00000000000000       0.13414191068027886        2.6988966551238955E-005
   689.00000000000000        8.0597407075585270E-002   5.6927685394924737E-006
   690.00000000000000      -0.25366013591032494       -2.0494271922648626E-004
   691.00000000000000       0.29555624793198387        3.4414268349553038E-004
   692.00000000000000      -0.18462143529896419       -7.3207795688354105E-005
   693.00000000000000       -2.1780364972590973E-002  -1.1072803947588862E-007
   694.00000000000000       0.21691962776991386        1.2265745590803691E-004
   695.00000000000000      -0.29989063994066611       -3.6195710974779667E-004
   696.00000000000000       0.22778943149682634        1.4377961858331041E-004
   697.00000000000000       -3.7899241477353969E-002  -5.8473262451857259E-007
   698.00000000000000      -0.17158849100391033       -5.8100337705006337E-005
   699.00000000000000       0.29234851793430588        3.3141358164253212E-004
   700.00000000000000      -0.26193632424696295       -2.2815274694063968E-004
   701.00000000000000        9.6077930672404027E-002   9.7074341034382686E-006
   702.00000000000000       0.11946196713802798        1.8890266685966032E-005
   703.00000000000000      -0.27322857128094385       -2.6302623739951788E-004
   704.00000000000000       0.28570980086952757        3.0625309898535169E-004
   705.00000000000000      -0.15045166322997305       -3.8514262837973816E-005
   706.00000000000000       -6.2604412934510204E-002  -2.6514017166692636E-006
   707.00000000000000       0.24328800371527604        1.7844882416773281E-004
   708.00000000000000      -0.29816836473737618       -3.5479266825731053E-004
   709.00000000000000       0.19886708620884325        9.2749238353932731E-005
   710.00000000000000        3.2675476669044362E-003   3.7346035436733463E-010
   711.00000000000000      -0.20371254603407993       -1.0018289295255780E-004
   712.00000000000000       0.29881862163447309        3.5748423378750821E-004
   713.00000000000000      -0.23940681250741230       -1.6923426852728644E-004
   714.00000000000000        5.6198721690656865E-002   1.9144498219794314E-006
   715.00000000000000       0.15606949781730656        4.3174021430645470E-005
   716.00000000000000      -0.28763481939760865       -3.1338793540372067E-004
   717.00000000000000       0.27046535503460045        2.5413559585086209E-004
   718.00000000000000      -0.11343936391494448       -1.6119754790066439E-005
   719.00000000000000      -0.10224565742541356       -1.1734259992415304E-005
   720.00000000000000       0.26505986830045691        2.3741791953192415E-004
   721.00000000000000      -0.29081270745809867       -3.2545277630430768E-004
   722.00000000000000       0.16618748730169766        5.2547505082703692E-005
   723.00000000000000        4.4372601523766528E-002   9.3965081610733387E-007
   724.00000000000000      -0.23198779993442389       -1.5262149130487615E-004
   725.00000000000000       0.29964305765473320        3.6092015595667545E-004
   726.00000000000000      -0.21235411815994332       -1.1450872190727956E-004
   727.00000000000000        1.5257734364122442E-002   3.8043494755008711E-008
   728.00000000000000       0.18972836134718102        7.9831144702105023E-005
   729.00000000000000      -0.29660669888793284       -3.4839448868194910E-004
   730.00000000000000       0.25011092788929584        1.9556207690083638E-004
   731.00000000000000       -7.4283821001060749E-002  -4.4464935558546445E-006
   732.00000000000000      -0.13995514532141434       -3.0771724630705010E-005
   733.00000000000000       0.28182387951611521        2.9223993019204271E-004
   734.00000000000000      -0.27796264049052860       -2.7881884470164155E-004
   735.00000000000000       0.13036805912193164        2.4714254226794751E-005
   736.00000000000000        8.4639311387315744E-002   6.6035514835835524E-006
   737.00000000000000      -0.25588004081903948       -2.1098201587119172E-004
   738.00000000000000       0.29480624980979503        3.4113231442869750E-004
   739.00000000000000      -0.18128935539316254       -6.9105604729621667E-005
   740.00000000000000       -2.5971521797144150E-002  -1.8782918195635457E-007
   741.00000000000000       0.21980263149405610        1.2801880088692436E-004
   742.00000000000000      -0.29997470116790337       -3.6230972544280734E-004
   743.00000000000000       0.22503108212502304        1.3818226289296612E-004
   744.00000000000000       -3.3724812663313675E-002  -4.1172038572129822E-007
   745.00000000000000      -0.17502041922671208       -6.1838422564359792E-005
   746.00000000000000       0.29326330954545254        3.3500497116181738E-004
   747.00000000000000      -0.25986094425302730       -2.2215230402930361E-004
   748.00000000000000        9.2085549563613617E-002   8.5313551466520314E-006
   749.00000000000000       0.12330690545057463        2.0820861608299184E-005
   750.00000000000000      -0.27493786495188449       -2.6864570832235186E-004
   751.00000000000000       0.28439958114608127        3.0147054764845509E-004
   752.00000000000000      -0.14679943936202444       -3.5681805102907952E-005
   753.00000000000000       -6.6710090951181938E-002  -3.2121142790028832E-006
   754.00000000000000       0.24572410660278288        1.8442300870129025E-004
   755.00000000000000      -0.29767519367542017       -3.5276210957538485E-004
   756.00000000000000       0.19569965793261118        8.8112335774591751E-005
   757.00000000000000        7.4713689754808505E-003   4.4650499293916371E-009
   758.00000000000000      -0.20677898160304720       -1.0510631348431269E-004
   759.00000000000000       0.29916203015523463        3.5891223810453660E-004
   760.00000000000000      -0.23684961924597778       -1.6336219933449803E-004
   761.00000000000000        5.2063240803469579E-002   1.5205133890560929E-006
   762.00000000000000       0.15964482611014327        4.6338225219873366E-005
   763.00000000000000      -0.28880120764587358       -3.1777435054971892E-004
   764.00000000000000       0.26861966817759897        2.4832824593133901E-004
   765.00000000000000      -0.10953599906304803       -1.4481687370809481E-005
   766.00000000000000      -0.10618828630276927       -1.3170941804418854E-005
   767.00000000000000       0.26700304396717017        2.4332652426256994E-004
   768.00000000000000      -0.28975162173979230       -3.2138427621109216E-004
   769.00000000000000       0.16267082327511717        4.9141385678158554E-005
   770.00000000000000        4.8526391301306870E-002   1.2301523000170900E-006
   771.00000000000000      -0.23463080779064666       -1.5839242588234673E-004
   772.00000000000000       0.29940859505788703        3.5994033914856654E-004
   773.00000000000000      -0.20936342475806019       -1.0939148577323931E-004
   774.00000000000000        1.1057285459844732E-002   1.4475733861140729E-008
   775.00000000000000       0.19296653083834298        8.4248474121930068E-005
   776.00000000000000      -0.29720814479169544       -3.5084765132921755E-004
   777.00000000000000       0.24776464499347023        1.8954270207173352E-004
   778.00000000000000       -7.0203062576317130E-002  -3.7478773271014489E-006
   779.00000000000000      -0.14366023581605672       -3.3366648984210236E-005
   780.00000000000000       0.28323741478468245        2.9727774380643022E-004
   781.00000000000000      -0.27635368772868546       -2.7337079128673730E-004
   782.00000000000000       0.12656860120954860        2.2561986893918383E-005
   783.00000000000000        8.8664590333428273E-002   7.6040405434237729E-006
   784.00000000000000      -0.25804968555091479       -2.1701519335300546E-004
   785.00000000000000       0.29399834582397338        3.3791296266528164E-004
   786.00000000000000      -0.17792166623832592       -6.5129864029926795E-005
   787.00000000000000       -3.0157577859380578E-002  -2.9424245804001250E-007
   788.00000000000000       0.22264246202782154        1.3346756334173366E-004
   789.00000000000000      -0.29999984144144282       -3.6241523582992242E-004
   790.00000000000000       0.22222853220591079        1.3266285071778793E-004
   791.00000000000000       -2.9543759630238690E-002  -2.7661454995963303E-007
   792.00000000000000      -0.17841796998375670       -6.5705206878943970E-005
   793.00000000000000       0.29412049845271876        3.3839816463005520E-004
   794.00000000000000      -0.25773452243921613       -2.1613071111784279E-004
   795.00000000000000        8.8075081034847610E-002   7.4514963811549080E-006
   796.00000000000000       0.12712762385244744        2.2870171256210076E-005
   797.00000000000000      -0.27659315539806134       -2.7417634157960368E-004
   798.00000000000000       0.28303349973000835        2.9654681803936646E-004
   799.00000000000000      -0.14311838118592968       -3.2977958347719033E-005
   800.00000000000000       -7.0802665788936195E-002  -3.8455156510238279E-006
   801.00000000000000       0.24811194411030965        1.9042469802133208E-004
   802.00000000000000      -0.29712355340563212       -3.5050179353583597E-004
   803.00000000000000       0.19249379080846585        8.3592830843212977E-005
   804.00000000000000        1.1673722201313219E-002   1.7034825709875950E-008
   805.00000000000000      -0.20980480129818405       -1.1013592333005605E-004
   806.00000000000000       0.29944667739647163        3.6009934027529417E-004
   807.00000000000000      -0.23424590370646647       -1.5754199123977150E-004
   808.00000000000000        4.7917533119004659E-002   1.1842595713797865E-006
   809.00000000000000       0.16318879748449430        4.9632954775940928E-005
   810.00000000000000      -0.28991086963516621       -3.2199229846005805E-004
   811.00000000000000       0.26672121911442009        2.4246261378292632E-004
   812.00000000000000      -0.10561111917837077       -1.2953498421052396E-005
   813.00000000000000      -0.11011005770422404       -1.4715076944411468E-005
   814.00000000000000       0.26889377496461780        2.4918414139019963E-004
   815.00000000000000      -0.28863362308242169       -3.1714115511290018E-004
   816.00000000000000       0.15912220748724190        4.5865812723798141E-005
   817.00000000000000        5.2670649537541046E-002   1.5745960773535564E-006
   818.00000000000000      -0.23722772952391269       -1.6422064546210363E-004
   819.00000000000000       0.29911532270175956        3.5871774640201305E-004
   820.00000000000000      -0.20633160824610092       -1.0437722478730832E-004
   821.00000000000000        6.8546646863991640E-003   3.4480630728828493E-009
   822.00000000000000       0.19616679789311786        8.8785368275696151E-005
   823.00000000000000      -0.29775121307976127       -3.5307450301779386E-004
   824.00000000000000       0.24536969655126897        1.8354459436551907E-004
   825.00000000000000       -6.6108515429124687E-002  -3.1253953055982594E-006
   826.00000000000000      -0.14733710811734724       -3.6089304574802160E-005
   827.00000000000000       0.28459531682458861        3.0218126202778716E-004
   828.00000000000000      -0.27469045343631954       -2.6782658676118161E-004
   829.00000000000000       0.12274428222177586        2.0530230090889167E-005
   830.00000000000000        9.2672454339590940E-002   8.6978027435427756E-006
   831.00000000000000      -0.26016864452158456       -2.2303419724709810E-004
   832.00000000000000       0.29313269475863429        3.3449030962477390E-004
   833.00000000000000      -0.17451902975553979       -6.1281899545000986E-005
   834.00000000000000       -3.4337710377925566E-002  -4.3462155705047448E-007
   835.00000000000000       0.22543856118642353        1.3899874464474678E-004
   836.00000000000000      -0.29996605582323832       -3.6227344774842664E-004
   837.00000000000000       0.21938233221562431        1.2722660744210094E-004
   838.00000000000000       -2.5356903619491073E-002  -1.7479404382223727E-007
   839.00000000000000      -0.18178047592899763       -6.9699589470101947E-005
   840.00000000000000       0.29491991628727970        3.4158720256778456E-004
   841.00000000000000      -0.25555747647675553       -2.1009613413543933E-004
   842.00000000000000        8.4047312821303580E-002   6.4643948121099014E-006
   843.00000000000000       0.13092337187912009        2.5040287152365448E-005
   844.00000000000000      -0.27819411727860244       -2.7960956942219055E-004
   845.00000000000000       0.28161182513929600        2.9148998703713716E-004
   846.00000000000000      -0.13940921222898423       -3.0401676609485151E-005
   847.00000000000000       -7.4881333044168788E-002  -4.5556366671896415E-006
   848.00000000000000       0.25045104785411704        1.9644656755782062E-004
   849.00000000000000      -0.29651355213442543       -3.4801578812276732E-004
   850.00000000000000       0.18925011367988040        7.9193242501795458E-005
   851.00000000000000        1.5873783036251640E-002   4.2842180971036366E-008
   852.00000000000000      -0.21278941159303019       -1.1526793578488196E-004
   853.00000000000000       0.29967250739830426        3.6104337647882947E-004
   854.00000000000000      -0.23159617764675974       -1.5177998312575639E-004
   855.00000000000000        4.3762413485001241E-002   9.0130017014574857E-007
   856.00000000000000       0.16670071535718953        5.3058216701006402E-005
   857.00000000000000      -0.29096358740596390       -3.2603458495738472E-004
   858.00000000000000       0.26477038073794079        2.3654724464215764E-004
   859.00000000000000      -0.10166549518481081       -1.1532334676109928E-005
   860.00000000000000      -0.11401020131644729       -1.6369496232962835E-005
   861.00000000000000       0.27073168991590341        2.5498221885654953E-004
   862.00000000000000      -0.28745893108299564       -3.1273064205023914E-004
   863.00000000000000       0.15554233695627281        4.2720743935482571E-005
   864.00000000000000        5.6804562218331529E-002   1.9773607703742218E-006
   865.00000000000000      -0.23977805504752278       -1.7009977716343007E-004
   866.00000000000000       0.29876329824151798        3.5725460561171008E-004
   867.00000000000000      -0.20325926454367496       -9.9469686767181663E-005
   868.00000000000000        2.6506980802495491E-003   1.9936811153887328E-010
   869.00000000000000       0.19932853349825791        9.3439265831085955E-005
   870.00000000000000      -0.29823579722714511       -3.5507103387403584E-004
   871.00000000000000       0.24292655234126928        1.7757504984131426E-004
   872.00000000000000       -6.2000982721046045E-002  -2.5750029742821229E-006
   873.00000000000000      -0.15098504099229057       -3.8940706813622540E-005
   874.00000000000000       0.28589731872551655        3.0694242982623845E-004
   875.00000000000000      -0.27297326451569615       -2.6219480448159835E-004
   876.00000000000000       0.11889585383363933        1.8616865956806827E-005
   877.00000000000000        9.6662115646092756E-002   9.8882826482270781E-006
   878.00000000000000      -0.26223650123397113       -2.2903084304789779E-004
   879.00000000000000       0.29220946664473768        3.3087036144819590E-004
   880.00000000000000      -0.17108211428978742       -5.7562774182125270E-005
   881.00000000000000       -3.8511098292224287E-002  -6.1358154071291089E-007
   882.00000000000000       0.22819037976078410        1.4460708061551285E-004
   883.00000000000000      -0.29987335094945239       -3.6188462076629073E-004
   884.00000000000000       0.21649304120403415        1.2187849158133964E-004
   885.00000000000000       -2.1165067012252254E-002  -1.0159996081688794E-007
   886.00000000000000      -0.18510727659988149       -7.3820206108732981E-005
   887.00000000000000       0.29566140593299967        3.4456645263091867E-004
   888.00000000000000      -0.25333023427977702       -2.0405660991434815E-004
   889.00000000000000        8.0003036594736107E-002   5.5664664127129245E-006
   890.00000000000000       0.13469340347143488        2.7333115298719130E-005
   891.00000000000000      -0.27974043655852426       -2.8493687600541828E-004
   892.00000000000000       0.28013483624101904        2.8630826658671476E-004
   893.00000000000000      -0.13567266005929965       -2.7951700938804944E-005
   894.00000000000000       -7.8945292670220449E-002  -5.3464135472876408E-006
   895.00000000000000       0.25274095806748093        2.0248110274820113E-004
   896.00000000000000      -0.29584530974752443       -3.4530855137018845E-004
   897.00000000000000       0.18596926409261086        7.4915816095920222E-005
   898.00000000000000        2.0070725946806287E-002   8.6631689606471025E-008
   899.00000000000000      -0.21573222584634671       -1.2049828418121973E-004
   900.00000000000000       0.29983947580326159        3.6174262324733934E-004
   901.00000000000000      -0.22890096152536921       -1.4608227164187673E-004
   902.00000000000000        3.9598698048989800E-002   6.6718454074033737E-007
   903.00000000000000       0.17017988991822308        5.6613774664037698E-005
   904.00000000000000      -0.29195915418371260       -3.2989426453524902E-004
   905.00000000000000       0.26276753623133359        2.3059062690884013E-004
   906.00000000000000       -9.7699902080818787E-002  -1.0215193602300017E-005
   907.00000000000000      -0.11788795107423315       -1.8136873802811392E-005
   908.00000000000000       0.27251642758459749        2.6071216790711103E-004
   909.00000000000000      -0.28622777664158006       -3.0816019307546212E-004
   910.00000000000000       0.15193191532129335        3.9705900072367577E-005
   911.00000000000000        6.0927316814463936E-002   2.4427559883918080E-006
   912.00000000000000      -0.24228128309765853       -1.7602321496242661E-004
   913.00000000000000       0.29835259072814774        3.5555357676631238E-004
   914.00000000000000      -0.20014699630310992       -9.4672338683640558E-005
   915.00000000000000       -1.5537897339833121E-003  -4.0155666672315302E-011
   916.00000000000000       0.20245111746686142        9.8207329999250802E-005
   917.00000000000000      -0.29866180197589615       -3.5683363576851713E-004
   918.00000000000000       0.24043569256030059        1.7164116621521622E-004
   919.00000000000000       -5.7881271795878077E-002  -2.0925680373027212E-006
   920.00000000000000      -0.15460331742429145       -4.1921651170175446E-005
   921.00000000000000       0.28714316474858748        3.1155335352693321E-004
   922.00000000000000      -0.27120245825662170       -2.5648404387079981E-004
   923.00000000000000       0.11502407195245379        1.6819598516595984E-005
   924.00000000000000       0.10063279060468543        1.1178796565949242E-005
   925.00000000000000      -0.26425284952019068       -2.3499683494774192E-004
   926.00000000000000       0.29122884282251221        3.2705943252088422E-004
   927.00000000000000      -0.16761159491912125       -5.3973292341285795E-005
   928.00000000000000       -4.2676921866495375E-002  -8.3569333767175724E-007
   929.00000000000000       0.23089737688264075        1.5028704463428683E-004
   930.00000000000000      -0.29972174505321419       -3.6124946650749893E-004
   931.00000000000000       0.21356122707738462        1.1662319173554537E-004
   932.00000000000000       -1.6969073725890075E-002  -5.2341018025200002E-008
   933.00000000000000      -0.18839771811221165       -7.8065425369399201E-005
   934.00000000000000       0.29634482194376199        3.4733062712255383E-004
   935.00000000000000      -0.25105323273061669       -1.9802002821793933E-004
   936.00000000000000        7.5943045655868610E-002   4.7540119136331589E-006
   937.00000000000000       0.13843697912283440        2.9750371014493601E-005
   938.00000000000000      -0.28123180929380182       -2.9014981334465000E-004
   939.00000000000000       0.27860282333021352        2.8100998710853741E-004
   940.00000000000000      -0.13190945910059954       -2.5626567595900329E-005
   941.00000000000000       -8.2993745882178005E-002  -6.2216812708323989E-006
   942.00000000000000       0.25498122496682579        2.0852061452607317E-004
   943.00000000000000      -0.29511895750092693       -3.4238491728746045E-004
   944.00000000000000       0.18265188647028976        7.0762523147117543E-005
   945.00000000000000        2.4263726570529439E-002   1.5312775172064869E-007
   946.00000000000000      -0.21863266603131432       -1.2582262604570897E-004
   947.00000000000000       0.29994754981545241        3.6219580237591587E-004
   948.00000000000000      -0.22616078473595261       -1.4045470490542310E-004
   949.00000000000000        3.5427204646886028E-002   4.7740530644232394E-007
   950.00000000000000       0.17362563733332387        6.0299143522618737E-005
   951.00000000000000      -0.29289737441944180       -3.3356465928218007E-004
   952.00000000000000       0.26071307926925669        2.2460117530775022E-004
   953.00000000000000       -9.3715118787172813E-002  -8.9989298416529435E-006
   954.00000000000000      -0.12174254480025705       -2.0019720357019426E-005
   955.00000000000000       0.27424763811388164        2.6636538563219796E-004
   956.00000000000000      -0.28494040125397152       -3.0343746895902752E-004
   957.00000000000000       0.14829165029498584        3.6820768438883614E-005
   958.00000000000000        6.5038104631373342E-002   2.9750168011475131E-006
   959.00000000000000      -0.24473692297944846       -1.8198413243099081E-004
   960.00000000000000       0.29788328087559524        3.5361774526385575E-004
   961.00000000000000      -0.19699541481953800       -8.9988369799676361E-005
   962.00000000000000       -5.7579723532360108E-003  -2.0436704450895552E-009
   963.00000000000000       0.20553393563196445        1.0308644305326482E-004
   964.00000000000000      -0.29902914365027122       -3.5835911408701267E-004
   965.00000000000000       0.23789760680283575        1.6574982984615319E-004
   966.00000000000000       -5.3750191846181766E-002  -1.6738760031669422E-006
   967.00000000000000      -0.15819122623762930       -4.5032708316739495E-005
   968.00000000000000       0.28833261018504586        3.1600632055920621E-004
   969.00000000000000      -0.26937838272635523       -2.5070291222186212E-004
   970.00000000000000       0.11112969707262117        1.5135960446617592E-005
   971.00000000000000       0.10458369877267543        1.2572525868186332E-005
   972.00000000000000      -0.26621729332963107       -2.4092378127750659E-004
   973.00000000000000       0.29019101604755948        3.2306412843696334E-004
   974.00000000000000      -0.16410815332206405       -5.0514004234027914E-005
   975.00000000000000       -4.6834362298800968E-002  -1.1054781626780541E-006
   976.00000000000000       0.23355902191454070        1.5603285677012391E-004
   977.00000000000000      -0.29951126787261778       -3.6036914616282699E-004
   978.00000000000000       0.21058746452459035        1.1146512010274611E-004
   979.00000000000000       -1.2769746821027236E-002  -2.2298950348502095E-008
   980.00000000000000      -0.19165115546281852       -8.2433348310379537E-005
   981.00000000000000       0.29697002998077066        3.4987479570761207E-004
   982.00000000000000      -0.24872691905758401       -1.9199412173042380E-004
   983.00000000000000        7.1868138003493814E-002   4.0232237164444567E-006
   984.00000000000000       0.14215336252630012        3.2293570423206849E-005
   985.00000000000000      -0.28266794254938576       -2.9524002468832376E-004
   986.00000000000000       0.27701608753896595        2.7560357495121405E-004
   987.00000000000000      -0.12812034851984891       -2.3424612904667378E-005
   988.00000000000000       -8.7025896949136386E-002  -7.1851676872439493E-006
   989.00000000000000       0.25717140851950310        2.1455725160028194E-004
   990.00000000000000      -0.29433463817263805       -3.3925008266566211E-004
   991.00000000000000       0.17929863241137711        6.6735064608822839E-005
   992.00000000000000        2.8451960763041559E-002   2.4702919675967781E-007
   993.00000000000000      -0.22149016244421743       -1.3123634459632415E-004
   994.00000000000000       0.29999670820438940        3.6240208471217033E-004
   995.00000000000000      -0.22337618550333058       -1.3490287620135938E-004
   996.00000000000000        3.1248753198105605E-002   3.2740397971865358E-007
   997.00000000000000       0.17703728215667508        6.4113587117300362E-005
   998.00000000000000      -0.29377806371495863       -3.3703937680927982E-004
   999.00000000000000       0.25860741255830771        2.1858720985534562E-004
   1000.0000000000000       -8.9711928527206733E-002  -7.8802617669333593E-006
   1001.0000000000000      -0.12557322690825148       -2.2020377973165342E-005
   1002.0000000000000       0.27592498053960374        2.7193326586970334E-004
   1003.0000000000000      -0.28359705776374822       -2.9857031802997687E-004
   1004.0000000000000       0.14462225883225430        3.4064612817220903E-005
   1005.0000000000000        6.9136117136735814E-002   3.5782974395132035E-006
   1006.0000000000000      -0.24714449105144248       -1.8797548363125294E-004
   1007.0000000000000       0.29735546093961351        3.5145061239464666E-004
   1008.0000000000000      -0.19380514039001795       -8.5420692542009693E-005
   1009.0000000000000       -9.9610234345536858E-003  -1.0582368764704773E-008
   1010.0000000000000       0.20857638368827261        1.0807321149743229E-004
   1011.0000000000000      -0.29933775006000413       -3.5964469665107049E-004
   1012.0000000000000       0.23531279257778900        1.5990770283486538E-004
   1013.0000000000000       -4.9608554848719622E-002  -1.3146361767146023E-006
   1014.0000000000000      -0.16174806412046541       -4.8274220185175904E-005
   1015.0000000000000       0.28946542125754449        3.2029381911502134E-004
   1016.0000000000000      -0.26750139547154539       -2.4486000152487485E-004
   1017.0000000000000       0.10721349464814499        1.3563319760938707E-005
   1018.0000000000000       0.10851406568480935        1.4072511547460526E-005
   1019.0000000000000      -0.26812944655610527       -2.4680321061192696E-004
   1020.0000000000000       0.28909618974440854        3.1889132506389357E-004
   1021.0000000000000      -0.16057247811572598       -4.7185210939930240E-005
   1022.0000000000000       -5.0982604641478031E-002  -1.4274021222781821E-006
   1023.0000000000000       0.23617479064205327        1.6183848150965919E-004
   1024.0000000000000      -0.29924196072607362       -3.5924526737660274E-004
   1025.0000000000000       0.20757233923203122        1.0640841772968353E-004
   1026.0000000000000       -8.5679122443417556E-003  -6.7339382183153027E-009
   1027.0000000000000      -0.19486694788300932       -8.6921799383444750E-005
   1028.0000000000000       0.29753690716936537        3.5219440089422408E-004
   1029.0000000000000      -0.24635175113184182       -1.8598645357005534E-004
   1030.0000000000000        6.7779114574270452E-002   3.3701916252048591E-006
   1031.0000000000000       0.14584182518689764        3.4964027124086728E-005
   1032.0000000000000      -0.28404855406056567       -3.0019926372208661E-004
   1033.0000000000000       0.27537493989004175        2.7009752892185343E-004
   1034.0000000000000      -0.12430607308174105       -2.1343980192587136E-005
   1035.0000000000000       -9.1040955481211508E-002  -8.2404879142038132E-006
   1036.0000000000000       0.25931107824922983        2.2058301348850941E-004
   1037.0000000000000      -0.29349250549422934       -3.3590959007041583E-004
   1038.0000000000000       0.17591016101382126        6.2834874451316318E-005
   1039.0000000000000        3.2634607541174254E-002   3.7300394701282142E-007
   1040.0000000000000      -0.22430415344527346       -1.3673455085008173E-004
   1041.0000000000000       0.29998694132224696        3.6236109267959936E-004
   1042.0000000000000      -0.22054771115657182       -1.2943211917394116E-004
   1043.0000000000000        2.7064162765855621E-002   2.1257642868502093E-007
   1044.0000000000000       0.18041415246041750        6.8056108354501519E-005
   1045.0000000000000      -0.29460104942512166       -3.4031233024598741E-004
   1046.0000000000000       0.25645095081226810        2.1255694822674851E-004
   1047.0000000000000       -8.5691117077982687E-002  -6.8557774034176118E-006
   1048.0000000000000      -0.12937924294042216       -2.4141010757193274E-005
   1049.0000000000000       0.27754812586597766        2.7740722859253490E-004
   1050.0000000000000      -0.28219801057678223       -2.9356675666708520E-004
   1051.0000000000000       0.14092446071016715        3.1436474262923667E-005
   1052.0000000000000        7.3220551031139572E-002   4.2566660523261385E-006
   1053.0000000000000      -0.24950351507893331       -1.9399002379587584E-004
   1054.0000000000000       0.29676923437237612        3.4905608374816415E-004
   1055.0000000000000      -0.19057679881475645       -8.0971938569682648E-005
   1056.0000000000000       -1.4162119091069895E-002  -3.0420151952255253E-008
   1057.0000000000000       0.21157786242170726        1.1316395822225338E-004
   1058.0000000000000      -0.29958756070002246       -3.6068804266640807E-004
   1059.0000000000000       0.23268175896766419        1.5412122258891704E-004
   1060.0000000000000       -4.5457172649572497E-002  -1.0104872373884437E-006
   1061.0000000000000      -0.16527313054897980       -5.1646289774195409E-005
   1062.0000000000000       0.29054137589993573        3.2440856087155367E-004
   1063.0000000000000      -0.26557186616725914       -2.3896387810085594E-004
   1064.0000000000000       0.10327623233292942        1.2098885288002358E-005
   1065.0000000000000       0.11242311725024180        1.5681645636731714E-005
   1066.0000000000000      -0.26998893436683563       -2.5262659314452193E-004
   1067.0000000000000       0.28794457954051539        3.1454815577164797E-004
   1068.0000000000000      -0.15700526331289336       -4.3986967970658579E-005
   1069.0000000000000       -5.5120831892833420E-002  -1.8058701253176050E-006
   1070.0000000000000       0.23874416999022474        1.6769764454085698E-004
   1071.0000000000000      -0.29891387662991054       -3.5787987999456893E-004
   1072.0000000000000       0.20451644264479166        1.0145694390015415E-004
   1073.0000000000000       -4.3643936435140418E-003  -8.8993682655399873E-010
   1074.0000000000000      -0.19804446459755928       -9.1528331627252821E-005
   1075.0000000000000       0.29804534237803548        3.5428527226065128E-004
   1076.0000000000000      -0.24392819487132636       -1.8000439838249707E-004
   1077.0000000000000        6.3676776900201126E-002   2.7909086391658185E-006
   1078.0000000000000       0.14950164065713661        3.7762841881230970E-005
   1079.0000000000000      -0.28537337318730460       -3.0501941844418329E-004
   1080.0000000000000       0.27367970360959232        2.6450040794556701E-004
   1081.0000000000000      -0.12046738045967614       -1.9382624831445764E-005
   1082.0000000000000       -9.5038130707433957E-002  -9.3911365971126108E-006
   1083.0000000000000       0.26139981472555018        2.2658976908770495E-004
   1084.0000000000000      -0.29259272532482067       -3.3236931689289528E-004
   1085.0000000000000       0.17248713648244771        5.9063120586631772E-005
   1086.0000000000000        3.6810843127236308E-002   5.3568340623051892E-007
   1087.0000000000000      -0.22707408742423540       -1.4231209085439238E-004
   1088.0000000000000       0.29991825109262521        3.6207290134741274E-004
   1089.0000000000000      -0.21767591689659180       -1.2404750086486121E-004
   1090.0000000000000        2.2874257510632465E-002   1.2827856963340854E-007
   1091.0000000000000       0.18375558587212645        7.2125451677491163E-005
   1092.0000000000000      -0.29536616946183109       -3.4337775041819076E-004
   1093.0000000000000       0.25424411704977712        2.0651847962401432E-004
   1094.0000000000000       -8.1653473130647372E-002  -5.9219409977513889E-006
   1095.0000000000000      -0.13315984634170491       -2.6383601807221747E-005
   1096.0000000000000       0.27911675568497801        2.8277873521426558E-004
   1097.0000000000000      -0.28074353414384812       -2.8843494349103775E-004
   1098.0000000000000       0.13719898125522106        2.8935179528879359E-005
   1099.0000000000000        7.7290601880047827E-002   5.0140977212327016E-006
   1100.0000000000000      -0.25181353231061265       -2.0002031579294146E-004
   1101.0000000000000       0.29612471663196360        3.4643846121661711E-004
   1102.0000000000000      -0.18731102333062813       -7.6644463506106712E-005
   1103.0000000000000       -1.8360431911562988E-002  -6.6308268483786064E-008
   1104.0000000000000       0.21453778387802375        1.1835473308454477E-004
   1105.0000000000000      -0.29977852636979757       -3.6148724801030290E-004
   1106.0000000000000       0.23000502136088019        1.4839658200012078E-004
   1107.0000000000000       -4.1296862868832350E-002  -7.5700344754169919E-007
   1108.0000000000000      -0.16876573500428033       -5.5148782349880044E-005
   1109.0000000000000       0.29156026220156162        3.2834349446179007E-004
   1110.0000000000000      -0.26359017278550467       -2.3302305254536385E-004
   1111.0000000000000        9.9318685575878377E-002   1.0739715337323366E-005
   1112.0000000000000       0.11631008670175069        1.7402667302204827E-005
   1113.0000000000000      -0.27179539053329349       -2.5838535019484017E-004
   1114.0000000000000       0.28673641135135541        3.1004198500078536E-004
   1115.0000000000000      -0.15340720862437568       -4.0919090993608711E-005
   1116.0000000000000       -5.9248232327434466E-002  -2.2452207221980436E-006
   1117.0000000000000       0.24126665594657221        1.7360383590197279E-004
   1118.0000000000000      -0.29852707996253858       -3.5627546863370397E-004
   1119.0000000000000       0.20142037417289707        9.6614279350806071E-005
   1120.0000000000000       -1.6001890696776266E-004  -4.3861300828553592E-014
   1121.0000000000000      -0.20118308230865514       -9.6250221490298035E-005
   1122.0000000000000       0.29849523546980916        3.5614363541456174E-004
   1123.0000000000000      -0.24145672564695375       -1.7405513465376551E-004
   1124.0000000000000        5.9561932941995188E-002   2.2812778473540651E-006
   1125.0000000000000       0.15313209202237882        4.0690901933772417E-005
   1126.0000000000000      -0.28664213900476249       -3.0969252464938262E-004
   1127.0000000000000       0.27193071077438902        2.5882079994997019E-004
   1128.0000000000000      -0.11660502668912961       -1.7538323590631572E-005
   1129.0000000000000       -9.9016639628372510E-002  -1.0640483752604463E-005
   1130.0000000000000       0.26343720656911446        2.3256926316990662E-004
   1131.0000000000000      -0.29163547392072336       -3.2863545207688892E-004
   1132.0000000000000       0.16903023298636402        5.5420714287014486E-005
   1133.0000000000000        4.0979848338875025E-002   7.3965718582571323E-007
   1134.0000000000000      -0.22979941883902455       -1.4796354184788311E-004
   1135.0000000000000       0.29979065101287317        3.6153803821810805E-004
   1136.0000000000000      -0.21476136601999551       -1.1875381849363738E-004
   1137.0000000000000        1.8679859300822905E-002   6.9831624615779359E-008
   1138.0000000000000       0.18706092694220783        7.6320096451355638E-005
   1139.0000000000000      -0.29607327376687653       -3.4623020785966161E-004
   1140.0000000000000       0.25198734412997931        2.0047975450986880E-004
   1141.0000000000000       -7.7599791904397017E-002  -5.0751000951471329E-006
   1142.0000000000000      -0.13691429552156031       -2.8749945347474501E-005
   1143.0000000000000       0.28063056105293355        2.8803930461559514E-004
   1144.0000000000000      -0.27923391374418899       -2.8318316186121839E-004
   1145.0000000000000       0.13344655420541185        2.6559349003196376E-005
   1146.0000000000000        8.1345472408555386E-002   5.8544698075712660E-006
   1147.0000000000000      -0.25407408778559976       -2.0605873727085224E-004
   1148.0000000000000       0.29542203397179123        3.4360242567404103E-004
   1149.0000000000000      -0.18400845713633726       -7.2440352244399289E-005
   1150.0000000000000       -2.2555139496121934E-002  -1.2298001018410554E-007
   1151.0000000000000       0.21745556509686395        1.2364130332094157E-004
   1152.0000000000000      -0.29991060966140953       -3.6204085287429419E-004
   1153.0000000000000       0.22728310694436987        1.4273973433731133E-004
   1154.0000000000000       -3.7128441571058497E-002  -5.4969978942718580E-007
   1155.0000000000000      -0.17222518961340352       -5.8781313204648135E-005
   1156.0000000000000       0.29252188032665055        3.3209183176778525E-004
   1157.0000000000000      -0.26155670562335592       -2.2704597439029327E-004
   1158.0000000000000        9.5341630673320701E-002   9.4827215892966209E-006
   1159.0000000000000       0.12017421158600038        1.9238155301134929E-005
   1160.0000000000000      -0.27354846073319522       -2.6407088285153595E-004
   1161.0000000000000       0.28547192214137912        3.0538039169960424E-004
   1162.0000000000000      -0.14977902269169630       -3.7981163967739927E-005
   1163.0000000000000       -6.3363996334938541E-002  -2.7497201633016467E-006
   1164.0000000000000       0.24374175170422496        1.7955031367134557E-004
   1165.0000000000000      -0.29808164657225539       -3.5443494584876177E-004
   1166.0000000000000       0.19828474359103646        9.1883729602365978E-005
   1167.0000000000000        4.0443883779282637E-003   7.0817923993153452E-010
   1168.0000000000000      -0.20428218286148034       -1.0108446359567264E-004
   1169.0000000000000       0.29888649831594177        3.5776612710170159E-004
   1170.0000000000000      -0.23893783021778348       -1.6814563849701681E-004
   1171.0000000000000        5.5435388748999080E-002   1.8371172436775310E-006
   1172.0000000000000       0.15673246426053358        4.3748869119333443E-005
   1173.0000000000000      -0.28785460297669629       -3.1421079597526214E-004
   1174.0000000000000       0.27012830585083220        2.5306731393417244E-004
   1175.0000000000000      -0.11271976939530076       -1.5808677671607007E-005
   1176.0000000000000      -0.10297569867155087       -1.1991765974067415E-005
   1177.0000000000000       0.26542285415803218        2.3851314274020915E-004
   1178.0000000000000      -0.29062093981383913       -3.2471448634370905E-004
   1179.0000000000000       0.16554012862418949        5.1908307812753983E-005
   1180.0000000000000        4.5140805406238972E-002   9.8946753092345731E-007
   1181.0000000000000      -0.23247961312303050       -1.5368322689421744E-004
   1182.0000000000000       0.29960416608876744        3.6075748139405137E-004
   1183.0000000000000      -0.21180463255134671       -1.1355560100482092E-004
   1184.0000000000000        1.4481790882541997E-002   3.2527674444232465E-008
   1185.0000000000000       0.19032952467946399        8.0638250121529157E-005
   1186.0000000000000      -0.29672222361580286       -3.4886462539928352E-004
   1187.0000000000000       0.24968107652721938        1.9444857510359350E-004
   1188.0000000000000       -7.3530867467521022E-002  -4.3114900809480752E-006
   1189.0000000000000      -0.14064185103636792       -3.1241638331076712E-005
   1190.0000000000000       0.28208924543324670        2.9318054346922268E-004
   1191.0000000000000      -0.27766944669949456       -2.7781980359782327E-004
   1192.0000000000000       0.12966791461689270        2.4307398340898111E-005
   1193.0000000000000        8.5384364004668617E-002   6.7815542397004633E-006
   1194.0000000000000      -0.25628473868776802       -2.1209750464428942E-004
   1195.0000000000000       0.29466132478611756        3.4055302903055861E-004
   1196.0000000000000      -0.18066974805780001       -6.8361414509824243E-005
   1197.0000000000000       -2.6745415691664096E-002  -2.0514525838586277E-007
   1198.0000000000000       0.22033063376085577        1.2901916502524197E-004
   1199.0000000000000      -0.29998378456088332       -3.6234784440551280E-004
   1200.0000000000000       0.22451654965028053        1.3715637593665945E-004
