  0.19758660111543583        1.1000000000000001        5.5122271034868486     
  0.39517320223087166        1.1010471209941679        4.9865331346665949     
  0.59275980334630751        1.1020937826864601        4.5378385735454749     
  0.79034640446174331        1.1031395259764658        4.1547585000237026     
  0.98793300557717911        1.1041838921666158        3.8275995219025281     
   1.1855196066926150        1.1052264231633828        3.5481072064171002     
   1.3831062078080509        1.1062666616782153        3.3092513386986919     
   1.5806928089234868        1.1073041514281208        3.1050433294408077     
   1.7782794100389228        1.1083384373358052        2.9303809477616252     
   1.9758660111543587        1.1093690657292863        2.7809162804093579     
   2.1734526122697946        1.1103955845408882        2.6529434344345768     
   2.3710392133852305        1.1114175435055329        2.5433030237169043     
   2.5686258145006664        1.1124344943582429        2.4493009242564394     
   2.7662124156161023        1.1134459910307635        2.3686391607893236     
   2.9637990167315382        1.1144515898472236        2.2993571081378965     
   3.1613856178469741        1.1154508497187474        2.2397814633123443     
   3.3589722189624101        1.1164433323369292        2.1884836760089481     
   3.5565588200778460        1.1174286023660909        2.1442437219688104     
   3.7541454211932819        1.1184062276342339        2.1060192709081433     
   3.9517320223087178        1.1193757793226053        2.0729194428590958     
   4.1493186234241533        1.1203368321537901        2.0441824675440263     
   4.3469052245395892        1.1212889645782538        2.0191566640602603     
   4.5444918256550251        1.1222317589592465        1.9972842453979875     
   4.7420784267704610        1.1231648017559932        1.9780875264720159     
   4.9396650278858969        1.1240876837050859        1.9611571773812895     
   5.1372516290013328        1.1250000000000000        1.9461422171928546     
   5.3348382301167687        1.1259013504686566        1.9327414890968517     
   5.5324248312322046        1.1267913397489500        1.9206963965035493     
   5.7300114323476405        1.1276695774621672        1.9097847125766167     
   5.9275980334630765        1.1285356783842218        1.8998153036890650     
   6.1251846345785124        1.1293892626146238        1.8906236310905624     
   6.3227712356939483        1.1302299557431188        1.8820679153142077     
   6.5203578368093842        1.1310573890139155        1.8740258650629276     
   6.7179444379248201        1.1318711994874346        1.8663918869533584     
   6.9155310390402560        1.1326710301995053        1.8590747049445706     
   7.1131176401556919        1.1334565303179429        1.8519953288686872     
   7.3107042412711278        1.1342273552964346        1.8450853204874968     
   7.5082908423865637        1.1349831670256683        1.8382853131621275     
   7.7058774435019997        1.1357236339816403        1.8315437477423322     
   7.9034640446174356        1.1364484313710708        1.8248157928279032     
   8.1010506457328706        1.1371572412738697        1.8180624222755861     
   8.2986372468483065        1.1378497527825879        1.8112496268405347     
   8.4962238479637424        1.1385256621387896        1.8043477402600741     
   8.6938104490791783        1.1391846728662920        1.7973308629974794     
   8.8913970501946142        1.1398264959012099        1.7901763693398260     
   9.0889836513100501        1.1404508497187476        1.7828644856528455     
   9.2865702524254861        1.1410574604566852        1.7753779293916754     
   9.4841568535409220        1.1416460620355051        1.7677015999949321     
   9.6817434546563579        1.1422163962751009        1.7598223140920619     
   9.8793300557717938        1.1427682130080254        1.7517285785637422     
   10.076916656887230        1.1433012701892220        1.7434103959397176     
   10.274503258002666        1.1438153340021933        1.7348590974246778     
   10.472089859118102        1.1443101789615608        1.7260671995288568     
   10.669676460233537        1.1447855880119708        1.7170282808657742     
   10.867263061348973        1.1452413526233012        1.7077368761786309     
   11.064849662464409        1.1456772728821301        1.6981883850827555     
   11.262436263579845        1.1460931575794251        1.6883789933747964     
   11.460022864695281        1.1464888242944127        1.6783056050694234     
   11.657609465810717        1.1468640994745947        1.6679657835896988     
   11.855196066926153        1.1472188185118741        1.6573577007627147     
   12.052782668041589        1.1475528258147578        1.6464800924660665     
   12.250369269157025        1.1478659748766034        1.6353322199358817     
   12.447955870272461        1.1481581283398830        1.6239138358886589     
   12.645542471387897        1.1484291580564316        1.6122251547300515     
   12.843129072503332        1.1486789451436581        1.6002668262279820     
   13.040715673618768        1.1489073800366905        1.5880399121156641     
   13.238302274734204        1.1491143625364346        1.5755458651673917     
   13.435888875849640        1.1492998018535254        1.5627865103545546     
   13.633475476965076        1.1494636166481496        1.5497640277462619     
   13.831062078080512        1.1496057350657241        1.5364809368672798     
   14.028648679195948        1.1497260947684138        1.5229400822676871     
   14.226235280311384        1.1498246429624752        1.5091446200945848     
   14.423821881426820        1.1499013364214137        1.4950980054875762     
   14.621408482542256        1.1499561415049431        1.4808039806461490     
   14.818995083657692        1.1499890341737424        1.4662665634407011     
   15.016581684773127        1.1500000000000001        1.4514900364590317     
   15.214168285888563        1.1499890341737424        1.4364789363972532     
   15.411754887003999        1.1499561415049431        1.4212380437198036     
   15.609341488119435        1.1499013364214137        1.4057723725258646     
   15.806928089234871        1.1498246429624752        1.3900871605714717     
   16.004514690350305        1.1497260947684138        1.3741878594059964     
   16.202101291465741        1.1496057350657241        1.3580801245909750     
   16.399687892581177        1.1494636166481496        1.3417698059764371     
   16.597274493696613        1.1492998018535254        1.3252629380164236     
   16.794861094812049        1.1491143625364346        1.3085657301114912     
   16.992447695927485        1.1489073800366905        1.2916845569704636     
   17.190034297042921        1.1486789451436581        1.2746259489883163     
   17.387620898158357        1.1484291580564316        1.2573965826407161     
   17.585207499273793        1.1481581283398830        1.2400032708988020     
   17.782794100389228        1.1478659748766034        1.2224529536704198     
   17.980380701504664        1.1475528258147578        1.2047526882768282     
   18.177967302620100        1.1472188185118741        1.1869096399748638     
   18.375553903735536        1.1468640994745947        1.1689310725371047     
   18.573140504850972        1.1464888242944127        1.1508243389030230     
   18.770727105966408        1.1460931575794251        1.1325968719155954     
   18.968313707081844        1.1456772728821301        1.1142561751583284     
   19.165900308197280        1.1452413526233010        1.0958098139081622     
   19.363486909312716        1.1447855880119708        1.0772654062199523     
   19.561073510428152        1.1443101789615608        1.0586306141584974     
   19.758660111543588        1.1438153340021933        1.0399131351938824     
   19.956246712659024        1.1433012701892220        1.0211206937753634     
   20.153833313774459        1.1427682130080254        1.0022610330992194     
   20.351419914889895        1.1422163962751009       0.98334190708501978     
   20.549006516005331        1.1416460620355051       0.96437107257430821     
   20.746593117120767        1.1410574604566852       0.94535628176481268     
   20.944179718236203        1.1404508497187476       0.92630527489281544     
   21.141766319351639        1.1398264959012099       0.90722577317487252     
   21.339352920467075        1.1391846728662920       0.88812547201973269     
   21.536939521582511        1.1385256621387896       0.86901203451968922     
   21.734526122697947        1.1378497527825879       0.84989308522981033     
   21.932112723813383        1.1371572412738697       0.83077620424260523     
   22.129699324928819        1.1364484313710705       0.81166892156391590     
   22.327285926044254        1.1357236339816403       0.79257871179523010     
   22.524872527159690        1.1349831670256683       0.77351298912620847     
   22.722459128275126        1.1342273552964346       0.75447910264014117     
   22.920045729390562        1.1334565303179429       0.73548433193344265     
   23.117632330505998        1.1326710301995053       0.71653588305002291     
   23.315218931621434        1.1318711994874346       0.69764088472908825     
   23.512805532736870        1.1310573890139155       0.67880638496488155     
   23.710392133852306        1.1302299557431188       0.66003934787496177     
   23.907978734967742        1.1293892626146238       0.64134665087291542     
   24.105565336083178        1.1285356783842218       0.62273508214050999     
   24.303151937198614        1.1276695774621672       0.60421133839288610     
   24.500738538314049        1.1267913397489500       0.58578202292983994     
   24.698325139429485        1.1259013504686566       0.56745364396521214     
   24.895911740544921        1.1250000000000000       0.54923261322549533     
   25.093498341660357        1.1240876837050859       0.53112524480821011     
   25.291084942775793        1.1231648017559932       0.51313775428956498     
   25.488671543891229        1.1222317589592465       0.49527625807064041     
   25.686258145006665        1.1212889645782538       0.47754677295044773     
   25.883844746122101        1.1203368321537901       0.45995521591373034     
   26.081431347237537        1.1193757793226051       0.44250740412108175     
   26.279017948352973        1.1184062276342339       0.42520905508831763     
   26.476604549468409        1.1174286023660909       0.40806578704182422     
   26.674191150583844        1.1164433323369292       0.39108311943626922     
   26.871777751699280        1.1154508497187474       0.37426647362105298     
   27.069364352814716        1.1144515898472236       0.35762117364111917     
   27.266950953930152        1.1134459910307632       0.34115244715855464     
   27.464537555045588        1.1124344943582427       0.32486542648050898     
   27.662124156161024        1.1114175435055329       0.30876514967945129     
   27.859710757276460        1.1103955845408879       0.29285656179178993     
   28.057297358391896        1.1093690657292863       0.27714451608093893     
   28.254883959507332        1.1083384373358052       0.26163377535094179     
   28.452470560622768        1.1073041514281206       0.24632901329737797     
   28.650057161738204        1.1062666616782153       0.23123481588219610     
   28.847643762853640        1.1052264231633828       0.21635568271938418     
   29.045230363969075        1.1041838921666158       0.20169602845924764     
   29.242816965084511        1.1031395259764658       0.18726018415874607     
   29.440403566199947        1.1020937826864601       0.17305239862630706     
   29.637990167315383        1.1010471209941679       0.15907683972979911     
   29.835576768430819        1.1000000000000001       0.14533759565675641     
   30.033163369546255        1.0989528790058323       0.13183867611658373     
   30.230749970661691        1.0979062173135401       0.11858401347510700     
   30.428336571777127        1.0968604740235344       0.10557746381205117     
   30.625923172892563        1.0958161078333843        9.2822807893055609E-002
   30.823509774007999        1.0947735768366174        8.0323752048050881E-002
   31.021096375123435        1.0937333383217849        6.8083928948827047E-002
   31.218682976238870        1.0926958485718794        5.6106898278809970E-002
   31.416269577354306        1.0916615626641950        4.4396147289276391E-002
   31.613856178469742        1.0906309342707139        3.2955091236152083E-002
   31.811442779585178        1.0896044154591120        2.1787073693146617E-002
   32.009029380700611        1.0885824564944673        1.0895366736690651E-002
   32.206615981816043        1.0875655056417572        2.8317099946460609E-004
   32.404202582931475        1.0865540089692367       -1.0046384410192994E-002
   32.601789184046908        1.0855484101527766       -2.0090242125154575E-002
   32.799375785162340        1.0845491502812528       -2.9845416874084357E-002
   32.996962386277772        1.0835566676630710       -3.9308995974174102E-002
   33.194548987393205        1.0825713976339093       -4.8478139962559723E-002
   33.392135588508637        1.0815937723657663       -5.7350083365329686E-002
   33.589722189624069        1.0806242206773951       -6.5922135603338691E-002
   33.787308790739502        1.0796631678462101       -7.4191682032552025E-002
   33.984895391854934        1.0787110354217466       -8.2156185116679381E-002
   34.182481992970366        1.0777682410407539       -8.9813185728999878E-002
   34.380068594085799        1.0768351982440072       -9.7160304579443607E-002
   34.577655195201231        1.0759123162949145      -0.10419524376297262     
   34.775241796316664        1.0750000000000002      -0.11091578842415312     
   34.972828397432096        1.0740986495313438      -0.11731980853273628     
   35.170414998547528        1.0732086602510504      -0.12340526076429392     
   35.368001599662961        1.0723304225378332      -0.12917019047947947     
   35.565588200778393        1.0714643216157786      -0.13461273379517683     
   35.763174801893825        1.0706107373853766      -0.13973111974008401     
   35.960761403009258        1.0697700442568816      -0.14452367248726947     
   36.158348004124690        1.0689426109860849      -0.14898881365527439     
   36.355934605240122        1.0681288005125660      -0.15312506466953196     
   36.553521206355555        1.0673289698004951      -0.15693104917524847     
   36.751107807470987        1.0665434696820575      -0.16040549549251440     
   36.948694408586420        1.0657726447035660      -0.16354723910457172     
   37.146281009701852        1.0650168329743321      -0.16635522516924697     
   37.343867610817284        1.0642763660183603      -0.16882851104402510     
   37.541454211932717        1.0635515686289299      -0.17096626881470273     
   37.739040813048149        1.0628427587261307      -0.17276778781746852     
   37.936627414163581        1.0621502472174127      -0.17423247714423731     
   38.134214015279014        1.0614743378612110      -0.17535986812101864     
   38.331800616394446        1.0608153271337084      -0.17614961674891780     
   38.529387217509878        1.0601735040987905      -0.17660150609762762     
   38.726973818625311        1.0595491502812531      -0.17671544864106883     
   38.924560419740743        1.0589425395433152      -0.17649148852526703     
   39.122147020856175        1.0583539379644955      -0.17592980375807438     
   39.319733621971608        1.0577836037248998      -0.17503070831141673     
   39.517320223087040        1.0572317869919752      -0.17379465412602318     
   39.714906824202473        1.0566987298107784      -0.17222223300946954     
   39.912493425317905        1.0561846659978071      -0.17031417841841226     
   40.110080026433337        1.0556898210384398      -0.16807136711619983     
   40.307666627548770        1.0552144119880298      -0.16549482069746899     
   40.505253228664202        1.0547586473766994      -0.16258570697156802     
   40.702839829779634        1.0543227271178703      -0.15934534119740046     
   40.900426430895067        1.0539068424205753      -0.15577518716232391     
   41.098013032010499        1.0535111757055877      -0.15187685809845003     
   41.295599633125931        1.0531359005254057      -0.14765211743025827     
   41.493186234241364        1.0527811814881263      -0.14310287934776325     
   41.690772835356796        1.0524471741852426      -0.13823120920022899     
   41.888359436472228        1.0521340251233970      -0.13303932370583554     
   42.085946037587661        1.0518418716601174      -0.12752959097361913     
   42.283532638703093        1.0515708419435688      -0.12170453033406237     
   42.481119239818526        1.0513210548563423      -0.11556681197611743     
   42.678705840933958        1.0510926199633099      -0.10911925638833569     
   42.876292442049390        1.0508856374635658      -0.10236483360300397     
   43.073879043164823        1.0507001981464750       -9.5306662242584828E-002
   43.271465644280255        1.0505363833518508       -8.7948008368490538E-002
   43.469052245395687        1.0503942649342763       -8.0292284132899461E-002
   43.666638846511120        1.0502739052315866       -7.2343046235010589E-002
   43.864225447626552        1.0501753570375250       -6.4103994183914492E-002
   44.061812048741984        1.0500986635785865       -5.5578968370642946E-002
   44.259398649857417        1.0500438584950573       -4.6771947952937029E-002
   44.456985250972849        1.0500109658262577       -3.7687048556815560E-002
   44.654571852088282        1.0500000000000000       -2.8328519799362038E-002
   44.852158453203714        1.0500109658262577       -1.8700742638491124E-002
   45.049745054319146        1.0500438584950571       -8.8082265551432653E-003
   45.247331655434579        1.0500986635785865        1.3443934253602285E-003
   45.444918256550011        1.0501753570375247        1.1752359865826977E-002
   45.642504857665443        1.0502739052315864        2.2410796196140555E-002
   45.840091458780876        1.0503942649342761        3.3314710130430504E-002
   46.037678059896308        1.0505363833518504        4.4458997214171105E-002
   46.235264661011740        1.0507001981464745        5.5838444492231826E-002
   46.432851262127173        1.0508856374635653        6.7447734288479083E-002
   46.630437863242605        1.0510926199633095        7.9281448087508727E-002
   46.828024464358037        1.0513210548563419        9.1334070508401574E-002
   47.025611065473470        1.0515708419435681       0.10359999336026922     
   47.223197666588902        1.0518418716601168       0.11607351976942819     
   47.420784267704335        1.0521340251233964       0.12874886836703150     
   47.618370868819767        1.0524471741852419       0.14162017752705777     
   47.815957469935199        1.0527811814881256       0.15468150964323193     
   48.013544071050632        1.0531359005254051       0.16792685543430669     
   48.211130672166064        1.0535111757055871       0.18135013826658986     
   48.408717273281496        1.0539068424205744       0.19494521848297031     
   48.606303874396929        1.0543227271178695       0.20870589772753417     
   48.803890475512361        1.0547586473766986       0.22262592325497910     
   49.001477076627793        1.0552144119880287       0.23669899221461971     
   49.199063677743226        1.0556898210384387       0.25091875589828105     
   49.396650278858658        1.0561846659978062       0.26527882394219476     
   49.594236879974090        1.0566987298107773       0.27977276847306742     
   49.791823481089523        1.0572317869919738       0.29439412818889643     
   49.989410082204955        1.0577836037248984       0.30913641236511541     
   50.186996683320388        1.0583539379644942       0.32399310477776733     
   50.384583284435820        1.0589425395433139       0.33895766753500484     
   50.582169885551252        1.0595491502812517       0.35402354480927090     
   50.779756486666685        1.0601735040987892       0.36918416646259389     
   50.977343087782117        1.0608153271337071       0.38443295155833640     
   51.174929688897549        1.0614743378612095       0.39976331175276519     
   51.372516290012982        1.0621502472174111       0.41516865456090957     
   51.570102891128414        1.0628427587261291       0.43064238649119824     
   51.767689492243846        1.0635515686289283       0.44617791604450385     
   51.965276093359279        1.0642763660183587       0.46176865657329325     
   52.162862694474711        1.0650168329743306       0.47740802899763551     
   52.360449295590143        1.0657726447035643       0.49308946437515555     
   52.558035896705576        1.0665434696820557       0.50880640632283092     
   52.755622497821008        1.0673289698004933       0.52455231328896534     
   52.953209098936441        1.0681288005125642       0.54032066067466478     
   53.150795700051873        1.0689426109860831       0.55610494280424783     
   53.348382301167305        1.0697700442568798       0.57189867474538636     
   53.545968902282738        1.0706107373853748       0.58769539397952564     
   53.743555503398170        1.0714643216157769       0.60348866192467421     
   53.941142104513602        1.0723304225378312       0.61927206531251755     
   54.138728705629035        1.0732086602510484       0.63503921742295100     
   54.336315306744467        1.0740986495313418       0.65078375917944697     
   54.533901907859899        1.0749999999999984       0.66649936010928812     
   54.731488508975332        1.0759123162949125       0.68217971917346332     
   54.929075110090764        1.0768351982440052       0.69781856547138255     
   55.126661711206197        1.0777682410407519       0.71340965882597440     
   55.324248312321629        1.0787110354217444       0.72894679025586162     
   55.521834913437061        1.0796631678462081       0.74442378234097195     
   55.719421514552494        1.0806242206773931       0.75983448948896404     
   55.917008115667926        1.0815937723657643       0.77517279811031836     
   56.114594716783358        1.0825713976339073       0.79043262670997128     
   56.312181317898791        1.0835566676630688       0.80560792590413732     
   56.509767919014223        1.0845491502812505       0.82069267837113768     
   56.707354520129655        1.0855484101527744       0.83568089874549600     
   56.904941121245088        1.0865540089692347       0.85056663346477834     
   57.102527722360520        1.0875655056417550       0.86534396057898089     
   57.300114323475952        1.0885824564944651       0.88000698953257916     
   57.497700924591385        1.0896044154591098       0.89454986092926680     
   57.695287525706817        1.0906309342707114       0.90896674629008611     
   57.892874126822250        1.0916615626641926       0.92325184781530245     
   58.090460727937682        1.0926958485718772       0.93739939816068685     
   58.288047329053114        1.0937333383217824       0.95140366023904976     
   58.485633930168547        1.0947735768366149       0.96525892705769201     
   58.683220531283979        1.0958161078333819       0.97895952160239830     
   58.880807132399411        1.0968604740235319       0.99249979677882982     
   59.078393733514844        1.0979062173135377        1.0058741354218421     
   59.275980334630276        1.0989528790058298        1.0190769503830668     
   59.473566935745708        1.0999999999999976        1.0321026847071555     
   59.671153536861141        1.1010471209941655        1.0449458119067896     
   59.868740137976573        1.1020937826864576        1.0576008363460416     
   60.066326739092005        1.1031395259764631        1.0700622937418169     
   60.263913340207438        1.1041838921666134        1.0823247517924532     
   60.461499941322870        1.1052264231633802        1.0943828109422244     
   60.659086542438303        1.1062666616782126        1.1062311052902158     
   60.856673143553735        1.1073041514281181        1.1178643036513318     
   61.054259744669167        1.1083384373358025        1.1292771107769108     
   61.251846345784600        1.1093690657292836        1.1404642687418614     
   61.449432946900032        1.1103955845408855        1.1514205585043624     
   61.647019548015464        1.1114175435055302        1.1621408016439883     
   61.844606149130897        1.1124344943582403        1.1726198622831674     
   62.042192750246329        1.1134459910307608        1.1828526491961360     
   62.239779351361761        1.1144515898472209        1.1928341181090998     
   62.437365952477194        1.1154508497187448        1.2025592741943392     
   62.634952553592626        1.1164433323369265        1.2120231747601020     
   62.832539154708059        1.1174286023660882        1.2212209321376348     
   63.030125755823491        1.1184062276342313        1.2301477167655137     
   63.227712356938923        1.1193757793226027        1.2387987604708075     
   63.425298958054356        1.1203368321537874        1.2471693599454046     
   63.622885559169788        1.1212889645782511        1.2552548804154078     
   63.820472160285220        1.1222317589592439        1.2630507594998135     
   64.018058761400653        1.1231648017559905        1.2705525112546687     
   64.215645362516085        1.1240876837050833        1.2777557303971216     
   64.413231963631517        1.1249999999999976        1.2846560967031881     
   64.610818564746950        1.1259013504686541        1.2912493795722721     
   64.808405165862382        1.1267913397489473        1.2975314427499223     
   65.005991766977814        1.1276695774621648        1.3034982492001692     
   65.203578368093247        1.1285356783842191        1.3091458661168489     
   65.401164969208679        1.1293892626146214        1.3144704700635128     
   65.598751570324112        1.1302299557431164        1.3194683522295234     
   65.796338171439544        1.1310573890139131        1.3241359237898802     
   65.993924772554976        1.1318711994874322        1.3284697213549945     
   66.191511373670409        1.1326710301995029        1.3324664124959014     
   66.389097974785841        1.1334565303179407        1.3361228013299611     
   66.586684575901273        1.1342273552964321        1.3394358341505783     
   66.784271177016706        1.1349831670256660        1.3424026050848210     
   66.981857778132138        1.1357236339816381        1.3450203617611947     
   67.179444379247570        1.1364484313710685        1.3472865109699734     
   67.377030980363003        1.1371572412738675        1.3491986242975837     
   67.574617581478435        1.1378497527825857        1.3507544437163224     
   67.772204182593867        1.1385256621387874        1.3519518871099654     
   67.969790783709300        1.1391846728662900        1.3527890537161535     
   68.167377384824732        1.1398264959012079        1.3532642294654684     
   68.364963985940165        1.1404508497187456        1.3533758921976062     
   68.562550587055597        1.1410574604566834        1.3531227167346023     
   68.760137188171029        1.1416460620355031        1.3525035797913794     
   68.957723789286462        1.1422163962750991        1.3515175647037325     
   69.155310390401894        1.1427682130080237        1.3501639659542601     
   69.352896991517326        1.1433012701892202        1.3484422934772387     
   69.550483592632759        1.1438153340021917        1.3463522767232974     
   69.748070193748191        1.1443101789615593        1.3438938684657500     
   69.945656794863623        1.1447855880119691        1.3410672483309456     
   70.143243395979056        1.1452413526232996        1.3378728260353867     
   70.340829997094488        1.1456772728821287        1.3343112443133101     
   70.538416598209920        1.1460931575794238        1.3303833815195520     
   70.736003199325353        1.1464888242944113        1.3260903538928626     
   70.933589800440785        1.1468640994745933        1.3214335174663803     
   71.131176401556218        1.1472188185118730        1.3164144696127860     
   71.328763002671650        1.1475528258147567        1.3110350502128365     
   71.526349603787082        1.1478659748766025        1.3052973424375092     
   71.723936204902515        1.1481581283398821        1.2992036731347105     
   71.921522806017947        1.1484291580564308        1.2927566128134660     
   72.119109407133379        1.1486789451436572        1.2859589752194798     
   72.316696008248812        1.1489073800366896        1.2788138164976390     
   72.514282609364244        1.1491143625364337        1.2713244339382712     
   72.711869210479676        1.1492998018535248        1.2634943643058900     
   72.909455811595109        1.1494636166481489        1.2553273817501462     
   73.107042412710541        1.1496057350657236        1.2468274953007514     
   73.304629013825974        1.1497260947684134        1.2379989459492891     
   73.502215614941406        1.1498246429624750        1.2288462033227225     
   73.699802216056838        1.1499013364214135        1.2193739619546138     
   73.897388817172271        1.1499561415049429        1.2095871371618292     
   74.094975418287703        1.1499890341737422        1.1994908605358832     
   74.292562019403135        1.1500000000000001        1.1890904750595548     
   74.490148620518568        1.1499890341737424        1.1783915298607539     
   74.687735221634000        1.1499561415049431        1.1673997746171014     
   74.885321822749432        1.1499013364214139        1.1561211536258196     
   75.082908423864865        1.1498246429624757        1.1445617995549502     
   75.280495024980297        1.1497260947684143        1.1327280268928854     
   75.478081626095729        1.1496057350657245        1.1206263251144222     
   75.675668227211162        1.1494636166481500        1.1082633515825409     
   75.873254828326594        1.1492998018535261        1.0956459242058834     
   76.070841429442027        1.1491143625364353        1.0827810138727794     
   76.268428030557459        1.1489073800366911        1.0696757366837544     
   76.466014631672891        1.1486789451436590        1.0563373460042791     
   76.663601232788324        1.1484291580564328        1.0427732243608441     
   76.861187833903756        1.1481581283398841        1.0289908752033421     
   77.058774435019188        1.1478659748766047        1.0149979145573578     
   77.256361036134621        1.1475528258147591        1.0008020625897829     
   77.453947637250053        1.1472188185118755       0.98641113511175360     
   77.651534238365485        1.1468640994745962       0.97183303504240592     
   77.849120839480918        1.1464888242944142       0.95707574385718264     
   78.046707440596350        1.1460931575794269       0.94214731304393118     
   78.244294041711782        1.1456772728821318       0.92705585558987558     
   78.441880642827215        1.1452413526233030       0.91180953752205263     
   78.639467243942647        1.1447855880119726       0.89641656952312720     
   78.837053845058080        1.1443101789615628       0.88088519864430692     
   79.034640446173512        1.1438153340021953       0.86522370013561323     
   79.232227047288944        1.1433012701892242       0.84944036941401768     
   79.429813648404377        1.1427682130080277       0.83354351418788053     
   79.627400249519809        1.1422163962751033       0.81754144675642204     
   79.824986850635241        1.1416460620355076       0.80144247650076195     
   80.022573451750674        1.1410574604566879       0.78525490258309461     
   80.220160052866106        1.1404508497187500       0.76898700686848775     
   80.417746653981538        1.1398264959012125       0.75264704708347696     
   80.615333255096971        1.1391846728662949       0.73624325022364978     
   80.812919856212403        1.1385256621387925       0.71978380622190363     
   81.010506457327836        1.1378497527825908       0.70327686188723959     
   81.208093058443268        1.1371572412738729       0.68673051512297345     
   81.405679659558700        1.1364484313710739       0.67015280943188082     
   81.603266260674133        1.1357236339816434       0.65355172871450995     
   81.800852861789565        1.1349831670256716       0.63693519236562302     
   81.998439462904997        1.1342273552964379       0.62031105067238357     
   82.196026064020430        1.1334565303179465       0.60368708051664743     
   82.393612665135862        1.1326710301995089       0.58707098138261171     
   82.591199266251294        1.1318711994874382       0.57047037166973258     
   82.788785867366727        1.1310573890139193       0.55389278530935782     
   82.986372468482159        1.1302299557431226       0.53734566868312084     
   83.183959069597591        1.1293892626146276       0.52083637783914105     
   83.381545670713024        1.1285356783842255       0.50437217600157924     
   83.579132271828456        1.1276695774621712       0.48796023136787547     
   83.776718872943889        1.1267913397489540       0.47160761518708261     
   83.974305474059321        1.1259013504686608       0.45532130011166894     
   84.171892075174753        1.1250000000000042       0.43910815881447446     
   84.369478676290186        1.1240876837050902       0.42297496286150910     
   84.567065277405618        1.1231648017559974       0.40692838183076752     
   84.764651878521050        1.1222317589592508       0.39097498266629765     
   84.962238479636483        1.1212889645782582       0.37512122925636360     
   85.159825080751915        1.1203368321537945       0.35937348222381027     
   85.357411681867347        1.1193757793226098       0.34373799891647555     
   85.554998282982780        1.1184062276342386       0.32822093358470700     
   85.752584884098212        1.1174286023660955       0.31282833773318280     
   85.950171485213644        1.1164433323369340       0.29756616063335695     
   86.147758086329077        1.1154508497187523       0.28244024998316475     
   86.345344687444509        1.1144515898472285       0.26745635270005769     
   86.542931288559942        1.1134459910307681       0.25262011583359556     
   86.740517889675374        1.1124344943582478       0.23793708758343915     
   86.938104490790806        1.1114175435055378       0.22341271840899060     
   87.135691091906239        1.1103955845408930       0.20905236221682372     
   87.333277693021671        1.1093690657292914       0.19486127761188721     
   87.530864294137103        1.1083384373358103       0.18084462919906710     
   87.728450895252536        1.1073041514281257       0.16700748892178155     
   87.926037496367968        1.1062666616782204       0.15335483742415973     
   88.123624097483400        1.1052264231633879       0.13989156542431350     
   88.321210698598833        1.1041838921666209       0.12662247508597185     
   88.518797299714265        1.1031395259764709       0.11355228137659072     
   88.716383900829697        1.1020937826864652       0.10068561339987776     
   88.913970501945130        1.1010471209941732        8.8027015691989105E-002
   89.111557103060562        1.1000000000000054        7.5580949470205036E-002
   89.309143704175995        1.0989528790058376        6.3351793824171304E-002
   89.506730305291427        1.0979062173135454        5.1343846839789140E-002
   89.704316906406859        1.0968604740235397        3.9561326646701041E-002
   89.901903507522292        1.0958161078333897        2.8008372380882666E-002
   90.099490108637724        1.0947735768366227        1.6689045054269946E-002
   90.297076709753156        1.0937333383217902        5.6073283241974423E-003
   90.494663310868589        1.0926958485718850       -5.2328708440995781E-003
   90.692249911984021        1.0916615626642003       -1.5827721627996869E-002
   90.889836513099453        1.0906309342707192       -2.6173468916285924E-002
   91.087423114214886        1.0896044154591176       -3.6266433001127328E-002
   91.285009715330318        1.0885824564944726       -4.6103009397199891E-002
   91.482596316445751        1.0875655056417626       -5.5679668791312573E-002
   91.680182917561183        1.0865540089692420       -6.4992957125394352E-002
   91.877769518676615        1.0855484101527819       -7.4039495814759979E-002
   92.075356119792048        1.0845491502812579       -8.2815982103110405E-002
   92.272942720907480        1.0835566676630761       -9.1319189554846025E-002
   92.470529322022912        1.0825713976339146       -9.9545968685043451E-002
   92.668115923138345        1.0815937723657714      -0.10749324772612291     
   92.865702524253777        1.0806242206774002      -0.11515803353015429     
   93.063289125369209        1.0796631678462152      -0.12253741260504331     
   93.260875726484642        1.0787110354217515      -0.12962855228179720     
   93.458462327600074        1.0777682410407587      -0.13642870201005455     
   93.656048928715506        1.0768351982440121      -0.14293519477795830     
   93.853635529830939        1.0759123162949193      -0.14914544865234824     
   94.051222130946371        1.0750000000000051      -0.15505696843411185     
   94.248808732061804        1.0740986495313485      -0.16066734742369329     
   94.446395333177236        1.0732086602510551      -0.16597426929066164     
   94.643981934292668        1.0723304225378378      -0.17097551004095340     
   94.841568535408101        1.0714643216157833      -0.17566894007515713     
   95.039155136523533        1.0706107373853810      -0.18005252633023550     
   95.236741737638965        1.0697700442568860      -0.18412433449734655     
   95.434328338754398        1.0689426109860891      -0.18788253130742280     
   95.631914939869830        1.0681288005125702      -0.19132538687603540     
   95.829501540985262        1.0673289698004993      -0.19445127709903481     
   96.027088142100695        1.0665434696820615      -0.19725868608954983     
   96.224674743216127        1.0657726447035700      -0.19974620864717613     
   96.422261344331559        1.0650168329743361      -0.20191255274984030     
   96.619847945446992        1.0642763660183641      -0.20375654205826485     
   96.817434546562424        1.0635515686289336      -0.20527711842336874     
   97.015021147677857        1.0628427587261344      -0.20647334438637910     
   97.212607748793289        1.0621502472174162      -0.20734440566151921     
   97.410194349908721        1.0614743378612146      -0.20788961359089372     
   97.607780951024154        1.0608153271337120      -0.20810840756155682     
   97.805367552139586        1.0601735040987939      -0.20800035737426883     
   98.002954153255018        1.0595491502812564      -0.20756516555383844     
   98.200540754370451        1.0589425395433183      -0.20680266959114649     
   98.398127355485883        1.0583539379644986      -0.20571284410637661     
   98.595713956601315        1.0577836037249027      -0.20429580292432459     
   98.793300557716748        1.0572317869919778      -0.20255180105151410     
   98.990887158832180        1.0566987298107813      -0.20048123654630870     
   99.188473759947613        1.0561846659978098      -0.19808465227262834     
   99.386060361063045        1.0556898210384422      -0.19536273752862410     
   99.583646962178477        1.0552144119880322      -0.19231632954186997     
   99.781233563293910        1.0547586473767019      -0.18894641482311311     
   99.978820164409342        1.0543227271178726      -0.18525413037094082     
   100.17640676552477        1.0539068424205775      -0.18124076472010678     
   100.37399336664021        1.0535111757055899      -0.17690775882716400     
   100.57157996775564        1.0531359005254077      -0.17225670678682284     
   100.76916656887107        1.0527811814881280      -0.16728935637376971     
   100.96675316998650        1.0524471741852444      -0.16200760940467124     
   101.16433977110194        1.0521340251233986      -0.15641352191599633     
   101.36192637221737        1.0518418716601190      -0.15050930415373689     
   101.55951297333280        1.0515708419435701      -0.14429732037180126     
   101.75709957444823        1.0513210548563436      -0.13778008843638234     
   101.95468617556367        1.0510926199633110      -0.13096027923462725     
   102.15227277667910        1.0508856374635669      -0.12384071588583204     
   102.34985937779453        1.0507001981464759      -0.11642437275513988     
   102.54744597890996        1.0505363833518517      -0.10871437426918105     
   102.74503258002539        1.0503942649342770      -0.10071399353498586     
   102.94261918114083        1.0502739052315870       -9.2426650763080612E-002
   103.14020578225626        1.0501753570375254       -8.3855911497177291E-002
   103.33779238337169        1.0500986635785869       -7.5005484653138429E-002
   103.53537898448712        1.0500438584950575       -6.5879220370606728E-002
   103.73296558560256        1.0500109658262580       -5.6481107681316131E-002
   103.93055218671799        1.0500000000000000       -4.6815271998947798E-002
   104.12813878783342        1.0500109658262577       -3.6885972435713128E-002
   104.32572538894885        1.0500438584950569       -2.6697598951669118E-002
   104.52331199006429        1.0500986635785861       -1.6254669343100200E-002
   104.72089859117972        1.0501753570375243       -5.5618260772338406E-003
   104.91848519229515        1.0502739052315857        5.3761670193761676E-003
   105.11607179341058        1.0503942649342752        1.6554428210624653E-002
   105.31365839452602        1.0505363833518497        2.7967961430414651E-002
   105.51124499564145        1.0507001981464736        3.9611659982868058E-002
   105.70883159675688        1.0508856374635644        5.1480310354219787E-002
   105.90641819787231        1.0510926199633084        6.3568596126347854E-002
   106.10400479898775        1.0513210548563405        7.5871101982408942E-002
   106.30159140010318        1.0515708419435668        8.8382317793943052E-002
   106.49917800121861        1.0518418716601152       0.10109664277929482     
   106.69676460233404        1.0521340251233948       0.11400838972261731     
   106.89435120344947        1.0524471741852404       0.12711178924257113     
   107.09193780456491        1.0527811814881238       0.14040099410012138     
   107.28952440568034        1.0531359005254031       0.15387008353418932     
   107.48711100679577        1.0535111757055851       0.16751306761445853     
   107.68469760791120        1.0539068424205724       0.18132389160030590     
   107.88228420902664        1.0543227271178672       0.19529644029513171     
   108.07987081014207        1.0547586473766961       0.20942454238530975     
   108.27745741125750        1.0552144119880262       0.22370197475320400     
   108.47504401237293        1.0556898210384360       0.23812246675406723     
   108.67263061348837        1.0561846659978036       0.25267970444649979     
   108.87021721460380        1.0566987298107746       0.26736733476685498     
   109.06780381571923        1.0572317869919710       0.28217896963800260     
   109.26539041683466        1.0577836037248955       0.29710819000337391     
   109.46297701795010        1.0583539379644911       0.31214854977735346     
   109.66056361906553        1.0589425395433107       0.32729357970411066     
   109.85815022018096        1.0595491502812484       0.34253679111642676     
   110.05573682129639        1.0601735040987859       0.35787167958767196     
   110.25332342241182        1.0608153271337035       0.37329172846960518     
   110.45091002352726        1.0614743378612059       0.38879041230998140     
   110.64849662464269        1.0621502472174076       0.40436120014387139     
   110.84608322575812        1.0628427587261255       0.41999755865364913     
   111.04366982687355        1.0635515686289245       0.43569295519294116     
   111.24125642798899        1.0642763660183547       0.45144086067045991     
   111.43884302910442        1.0650168329743266       0.46723475229029493     
   111.63642963021985        1.0657726447035603       0.48306811614587258     
   111.83401623133528        1.0665434696820517       0.49893444966544120     
   112.03160283245072        1.0673289698004893       0.51482726390744726     
   112.22918943356615        1.0681288005125598       0.53074008570498987     
   112.42677603468158        1.0689426109860787       0.54666645965911875     
   112.62436263579701        1.0697700442568754       0.56259994998119933     
   112.82194923691245        1.0706107373853704       0.57853414218560040     
   113.01953583802788        1.0714643216157722       0.59446264463420151     
   113.21712243914331        1.0723304225378265       0.61037908993506640     
   113.41470904025874        1.0732086602510438       0.62627713619806646     
   113.61229564137417        1.0740986495313372       0.64215046815117927     
   113.80988224248961        1.0749999999999935       0.65799279812126998     
   114.00746884360504        1.0759123162949076       0.67379786688427545     
   114.20505544472047        1.0768351982440003       0.68955944438981853     
   114.40264204583590        1.0777682410407468       0.70527133036602030     
   114.60022864695134        1.0787110354217395       0.72092735481104242     
   114.79781524806677        1.0796631678462030       0.73652137837765796     
   114.99540184918220        1.0806242206773879       0.75204729265863912     
   115.19298845029763        1.0815937723657589       0.76749902038013706     
   115.39057505141307        1.0825713976339022       0.78287051551168496     
   115.58816165252850        1.0835566676630637       0.79815576330074534     
   115.78574825364393        1.0845491502812454       0.81334878024135826     
   115.98333485475936        1.0855484101527690       0.82844361398544453     
   116.18092145587480        1.0865540089692294       0.84343434320680999     
   116.37850805699023        1.0875655056417497       0.85831507742724256     
   116.57609465810566        1.0885824564944597       0.87307995681515582     
   116.77368125922109        1.0896044154591045       0.88772315196656959     
   116.97126786033652        1.0906309342707061       0.90223886367920902     
   117.16885446145196        1.0916615626641872       0.91662132273011965     
   117.36644106256739        1.0926958485718716       0.93086478966742314     
   117.56402766368282        1.0937333383217771       0.94496355462713355     
   117.76161426479825        1.0947735768366096       0.95891193718536782     
   117.95920086591369        1.0958161078333764       0.97270428625726013     
   118.15678746702912        1.0968604740235264       0.98633498005273201     
   118.35437406814455        1.0979062173135321       0.99979842609998992     
   118.55196066925998        1.0989528790058243        1.0130890613471162     
   118.74954727037542        1.0999999999999921        1.0262013523520499     
   118.94713387149085        1.1010471209941599        1.0391297955710688     
   119.14472047260628        1.1020937826864521        1.0518689177554192     
   119.34230707372171        1.1031395259764576        1.0644132764658054     
   119.53989367483715        1.1041838921666078        1.0767574607137942     
   119.73748027595258        1.1052264231633746        1.0888960917388411     
   119.93506687706801        1.1062666616782073        1.1008238239296217     
   120.13265347818344        1.1073041514281126        1.1125353458970333     
   120.33024007929887        1.1083384373357972        1.1240253817069130     
   120.52782668041431        1.1093690657292783        1.1352886922786964     
   120.72541328152974        1.1103955845408799        1.1463200769567028     
   120.92299988264517        1.1114175435055249        1.1571143752595827     
   121.12058648376060        1.1124344943582347        1.1676664688127198     
   121.31817308487604        1.1134459910307555        1.1779712834681990     
   121.51575968599147        1.1144515898472158        1.1880237916155716     
   121.71334628710690        1.1154508497187396        1.1978190146863974     
   121.91093288822233        1.1164433323369214        1.2073520258544781     
   122.10851948933777        1.1174286023660831        1.2166179529329673     
   122.30610609045320        1.1184062276342261        1.2256119814685427     
   122.50369269156863        1.1193757793225976        1.2343293580323178     
   122.70127929268406        1.1203368321537823        1.2427653937056611     
   122.89886589379950        1.1212889645782460        1.2509154677588761     
   123.09645249491493        1.1222317589592388        1.2587750315191311     
   123.29403909603036        1.1231648017559857        1.2663396124234936     
   123.49162569714579        1.1240876837050784        1.2736048182517670     
   123.68921229826122        1.1249999999999927        1.2805663415329502     
   123.88679889937666        1.1259013504686493        1.2872199641180888     
   124.08438550049209        1.1267913397489426        1.2935615619114182     
   124.28197210160752        1.1276695774621601        1.2995871097506491     
   124.47955870272295        1.1285356783842146        1.3052926864263634     
   124.67714530383839        1.1293892626146167        1.3106744798296057     
   124.87473190495382        1.1302299557431119        1.3157287922155982     
   125.07231850606925        1.1310573890139088        1.3204520455710158     
   125.26990510718468        1.1318711994874280        1.3248407870709893     
   125.46749170830012        1.1326710301994989        1.3288916946115470     
   125.66507830941555        1.1334565303179365        1.3326015824021480     
   125.86266491053098        1.1342273552964282        1.3359674066023419     
   126.06025151164641        1.1349831670256620        1.3389862709859210     
   126.25783811276185        1.1357236339816341        1.3416554326153216     
   126.45542471387728        1.1364484313710645        1.3439723075082186     
   126.65301131499271        1.1371572412738640        1.3459344762782424     
   126.85059791610814        1.1378497527825822        1.3475396897306020     
   127.04818451722358        1.1385256621387840        1.3487858743937922     
   127.24577111833901        1.1391846728662867        1.3496711379676374     
   127.44335771945444        1.1398264959012046        1.3501937746681087     
   127.64094432056987        1.1404508497187422        1.3503522704489563     
   127.83853092168530        1.1410574604566803        1.3501453080803565     
   128.03611752280074        1.1416460620355000        1.3495717720645952     
   128.23370412391617        1.1422163962750960        1.3486307533692854     
   128.43129072503160        1.1427682130080208        1.3473215539582730     
   128.62887732614703        1.1433012701892176        1.3456436911012364     
   128.82646392726247        1.1438153340021888        1.3435969014431959     
   129.02405052837790        1.1443101789615566        1.3411811448154851     
   129.22163712949333        1.1447855880119668        1.3383966077704519     
   129.41922373060876        1.1452413526232972        1.3352437068229548     
   129.61681033172420        1.1456772728821265        1.3317230913823159     
   129.81439693283963        1.1460931575794215        1.3278356463591332     
   130.01198353395506        1.1464888242944093        1.3235824944327284     
   130.20957013507049        1.1468640994745916        1.3189649979653875     
   130.40715673618593        1.1472188185118712        1.3139847605513668     
   130.60474333730136        1.1475528258147549        1.3086436281890916     
   130.80232993841679        1.1478659748766009        1.3029436900668419     
   130.99991653953222        1.1481581283398805        1.2968872789528489     
   131.19750314064765        1.1484291580564294        1.2904769711829502     
   131.39508974176309        1.1486789451436561        1.2837155862392451     
   131.59267634287852        1.1489073800366885        1.2766061859157822     
   131.79026294399395        1.1491143625364328        1.2691520730679535     
   131.98784954510938        1.1492998018535239        1.2613567899440021     
   132.18543614622482        1.1494636166481482        1.2532241160989259     
   132.38302274734025        1.1496057350657227        1.2447580658920814     
   132.58060934845568        1.1497260947684127        1.2359628855717126     
   132.77819594957111        1.1498246429624746        1.2268430499509222     
   132.97578255068655        1.1499013364214130        1.2174032586813976     
   133.17336915180198        1.1499561415049426        1.2076484321325192     
   133.37095575291741        1.1499890341737422        1.1975837068849609     
   133.56854235403284        1.1500000000000001        1.1872144308494945     
   133.76612895514828        1.1499890341737427        1.1765461580230343     
   133.96371555626371        1.1499561415049433        1.1655846428951655     
   134.16130215737914        1.1499013364214143        1.1543358345201165     
   134.35888875849457        1.1498246429624761        1.1428058702696979     
   134.55647535961000        1.1497260947684147        1.1310010692847858     
   134.75406196072544        1.1496057350657252        1.1189279256430515     
   134.95164856184087        1.1494636166481509        1.1065931012623302     
   135.14923516295630        1.1492998018535270        1.0940034185597356     
   135.34682176407173        1.1491143625364364        1.0811658528872801     
   135.54440836518717        1.1489073800366925        1.0680875247656851     
   135.74199496630260        1.1486789451436603        1.0547756919385818     
   135.93958156741803        1.1484291580564341        1.0412377412698988     
   136.13716816853346        1.1481581283398856        1.0274811805075068     
   136.33475476964890        1.1478659748766062        1.0135136299366505     
   136.53234137076433        1.1475528258147607       0.99934281394674829     
   136.72992797187976        1.1472188185118772       0.98497655253536121     
   136.92751457299519        1.1468640994745980       0.97042275277299728     
   137.12510117411063        1.1464888242944162       0.95568940025234961     
   137.32268777522606        1.1460931575794289       0.94078455054530097     
   137.52027437634149        1.1456772728821341       0.92571632069079823     
   137.71786097745692        1.1452413526233052       0.91049288073603085     
   137.91544757857235        1.1447855880119751       0.89512244535307561     
   138.11303417968779        1.1443101789615655       0.87961326555240626     
   138.31062078080322        1.1438153340021979       0.86397362051395132     
   138.50820738191865        1.1433012701892269       0.84821180955580200     
   138.70579398303408        1.1427682130080306       0.83233614425924907     
   138.90338058414952        1.1422163962751062       0.81635494076870019     
   139.10096718526495        1.1416460620355107       0.80027651228338448     
   139.29855378638038        1.1410574604566910       0.78410916175681544     
   139.49614038749581        1.1404508497187533       0.76786117481913696     
   139.69372698861125        1.1398264959012159       0.75154081293602848     
   139.89131358972668        1.1391846728662982       0.73515630681671151     
   140.08890019084211        1.1385256621387960       0.71871585008251748     
   140.28648679195754        1.1378497527825946       0.70222759320587036     
   140.48407339307298        1.1371572412738766       0.68569963772890397     
   140.68165999418841        1.1364484313710776       0.66914003076877793     
   140.87924659530384        1.1357236339816472       0.65255675981620476     
   141.07683319641927        1.1349831670256756       0.63595774783206904     
   141.27441979753470        1.1342273552964419       0.61935084864572643     
   141.47200639865014        1.1334565303179507       0.60274384265754044     
   141.66959299976557        1.1326710301995131       0.58614443284655404     
   141.86717960088100        1.1318711994874424       0.56956024108349601     
   142.06476620199643        1.1310573890139235       0.55299880474756635     
   142.26235280311187        1.1302299557431270       0.53646757364481956     
   142.45993940422730        1.1293892626146320       0.51997390722435877     
   142.65752600534273        1.1285356783842302       0.50352507208801478     
   142.85511260645816        1.1276695774621759       0.48712823978752945     
   143.05269920757360        1.1267913397489586       0.47079048490290637     
   143.25028580868903        1.1259013504686655       0.45451878339414126     
   143.44787240980446        1.1250000000000091       0.43832001121818731     
   143.64545901091989        1.1240876837050950       0.42220094320171198     
   143.84304561203533        1.1231648017560025       0.40616825215982050     
   144.04063221315076        1.1222317589592559       0.39022850825006988     
   144.23821881426619        1.1212889645782631       0.37438817855058332     
   144.43580541538162        1.1203368321537996       0.35865362685034990     
   144.63339201649706        1.1193757793226149       0.34303111363942684     
   144.83097861761249        1.1184062276342437       0.32752679628653047     
   145.02856521872792        1.1174286023661006       0.31214672939061999     
   145.22615181984335        1.1164433323369392       0.29689686529331388     
   145.42373842095878        1.1154508497187574       0.28178305473847209     
   145.62132502207422        1.1144515898472338       0.26681104766511898     
   145.81891162318965        1.1134459910307735       0.25198649411986995     
   146.01649822430508        1.1124344943582531       0.23731494527490435     
   146.21408482542051        1.1114175435055431       0.22280185453743306     
   146.41167142653595        1.1103955845408984       0.20845257873699535     
   146.60925802765138        1.1093690657292967       0.19427237937656824     
   146.80684462876681        1.1083384373358158       0.18026642393405970     
   147.00443122988224        1.1073041514281312       0.16643978720063929     
   147.20201783099768        1.1062666616782260       0.15279745264299679     
   147.39960443211311        1.1052264231633935       0.13934431377637468     
   147.59719103322854        1.1041838921666267       0.12608517553615170     
   147.79477763434397        1.1031395259764765       0.11302475563572044     
   147.99236423545941        1.1020937826864707       0.10016768589913336     
   148.18995083657484        1.1010471209941788        8.7518513557014399E-002
   148.38753743769027        1.1000000000000110        7.5081702495200117E-002
   148.58512403880570        1.0989528790058432        6.2861634445891795E-002
   148.78271063992113        1.0979062173135510        5.0862610111462724E-002
   148.98029724103657        1.0968604740235453        3.9088850211842101E-002
   149.17788384215200        1.0958161078333952        2.7544496447059870E-002
   149.37547044326743        1.0947735768366282        1.6233612366769838E-002
   149.57305704438286        1.0937333383217958        5.1601841396566725E-003
   149.77064364549830        1.0926958485718903       -5.6718787841768623E-003
   149.96823024661373        1.0916615626642057       -1.6258743123688923E-002
   150.16581684772916        1.0906309342707248       -2.6596651335789808E-002
   150.36340344884459        1.0896044154591229       -3.6681921307432891E-002
   150.56099004996003        1.0885824564944782       -4.6510946174594558E-002
   150.75857665107546        1.0875655056417681       -5.6080194272109668E-002
   150.95616325219089        1.0865540089692476       -6.5386209216568361E-002
   151.15374985330632        1.0855484101527870       -7.4425610124637637E-002
   151.35133645442176        1.0845491502812632       -8.3195091968012419E-002
   151.54892305553719        1.0835566676630812       -9.1691426065848361E-002
   151.74650965665262        1.0825713976339197       -9.9911460714590214E-002
   151.94409625776805        1.0815937723657765      -0.10785212195471459     
   152.14168285888348        1.0806242206774053      -0.11551041447298926     
   152.33926945999892        1.0796631678462203      -0.12288342263863852     
   152.53685606111435        1.0787110354217566      -0.12996831167055570     
   152.73444266222978        1.0777682410407639      -0.13676232893275553     
   152.93202926334521        1.0768351982440170      -0.14326280535433644     
   153.12961586446065        1.0759123162949242      -0.14946715696940471     
   153.32720246557608        1.0750000000000099      -0.15537288657254578     
   153.52478906669151        1.0740986495313534      -0.16097758548418359     
   153.72237566780694        1.0732086602510598      -0.16627893542005903     
   153.91996226892238        1.0723304225378423      -0.17127471045840670     
   154.11754887003781        1.0714643216157878      -0.17596277909813077     
   154.31513547115324        1.0706107373853857      -0.18034110640048295     
   154.51272207226867        1.0697700442568905      -0.18440775620674660     
   154.71030867338411        1.0689426109860936      -0.18816089342361844     
   154.90789527449954        1.0681288005125744      -0.19159878636813668     
   155.10548187561497        1.0673289698005035      -0.19471980916302867     
   155.30306847673040        1.0665434696820657      -0.19752244417365938     
   155.50065507784583        1.0657726447035740      -0.20000528447711949     
   155.69824167896127        1.0650168329743401      -0.20216703635383551     
   155.89582828007670        1.0642763660183681      -0.20400652179199913     
   156.09341488119213        1.0635515686289374      -0.20552268099477650     
   156.29100148230756        1.0628427587261380      -0.20671457488024086     
   156.48858808342300        1.0621502472174198      -0.20758138756390201     
   156.68617468453843        1.0614743378612181      -0.20812242881347609     
   156.88376128565386        1.0608153271337153      -0.20833713646573951     
   157.08134788676929        1.0601735040987972      -0.20822507879506805     
   157.27893448788473        1.0595491502812595      -0.20778595682371756     
   157.47652108900016        1.0589425395433216      -0.20701960656350463     
   157.67410769011559        1.0583539379645015      -0.20592600117904244     
   157.87169429123102        1.0577836037249055      -0.20450525306261522     
   158.06928089234646        1.0572317869919809      -0.20275761581132662     
   158.26686749346189        1.0566987298107842      -0.20068348609690639     
   158.46445409457732        1.0561846659978125      -0.19828340541920678     
   158.66204069569275        1.0556898210384449      -0.19555806173465390     
   158.85962729680818        1.0552144119880347      -0.19250829095137417     
   159.05721389792362        1.0547586473767041      -0.18913507828252712     
   159.25480049903905        1.0543227271178748      -0.18543955945089693     
   159.45238710015448        1.0539068424205797      -0.18142302173696770     
   159.64997370126991        1.0535111757055919      -0.17708690486433018     
   159.84756030238535        1.0531359005254097      -0.17243280171579306     
   160.04514690350078        1.0527811814881298      -0.16746245887502456     
   160.24273350461621        1.0524471741852461      -0.16217777698826125     
   160.44032010573164        1.0521340251234002      -0.15658081094202089     
   160.63790670684708        1.0518418716601203      -0.15067376985245293     
   160.83549330796251        1.0515708419435714      -0.14445901686356188     
   161.03307990907794        1.0513210548563447      -0.13793906875141765     
   161.23066651019337        1.0510926199633124      -0.13111659533240957     
   161.42825311130881        1.0508856374635678      -0.12399441867446367     
   161.62583971242424        1.0507001981464767      -0.11657551211018644     
   161.82342631353967        1.0505363833518524      -0.10886299905259289     
   162.02101291465510        1.0503942649342777      -0.10086015161354131     
   162.21859951577053        1.0502739052315877       -9.2570389026705988E-002
   162.41618611688597        1.0501753570375258       -8.3997275877039021E-002
   162.61377271800140        1.0500986635785874       -7.5144520139415333E-002
   162.81135931911683        1.0500438584950578       -6.6015971030095433E-002
   163.00894592023226        1.0500109658262580       -5.6615616674788899E-002
   163.20653252134770        1.0500000000000000       -4.6947581598236428E-002
   163.40411912246313        1.0500109658262575       -3.7016124040625382E-002
   163.60170572357856        1.0500438584950567       -2.6825633106573953E-002
   163.79929232469399        1.0500986635785858       -1.6380625753388854E-002
   163.99687892580943        1.0501753570375238       -5.6857436254458184E-003
   164.19446552692486        1.0502739052315850        5.2542502575980924E-003
   164.39205212804029        1.0503942649342746        1.6434474950868763E-002
   164.58963872915572        1.0505363833518488        2.7849935163970694E-002
   164.78722533027116        1.0507001981464728        3.9495524961547110E-002
   164.98481193138659        1.0508856374635633        5.1366031575298711E-002
   165.18239853250202        1.0510926199633073        6.3456139317839777E-002
   165.37998513361745        1.0513210548563392        7.5760433588468110E-002
   165.57757173473289        1.0515708419435654        8.8273404960559951E-002
   165.77515833584832        1.0518418716601139       0.10098945334019654     
   165.97274493696375        1.0521340251233930       0.11390289218534981     
   166.17033153807918        1.0524471741852386       0.12700795277492732     
   166.36791813919461        1.0527811814881218       0.14029878851661448     
   166.56550474031005        1.0531359005254011       0.15376947928289147     
   166.76309134142548        1.0535111757055828       0.16741403576395975     
   166.96067794254091        1.0539068424205702       0.18122640382696145     
   167.15826454365634        1.0543227271178650       0.19520046887045767     
   167.35585114477178        1.0547586473766937       0.20933006016360975     
   167.55343774588721        1.0552144119880238       0.22360895515947532     
   167.75102434700264        1.0556898210384336       0.23803088377196657     
   167.94861094811807        1.0561846659978007       0.25258953260663974     
   168.14619754923351        1.0566987298107720       0.26727854913529869     
   168.34378415034894        1.0572317869919683       0.28209154580484957     
   168.54137075146437        1.0577836037248924       0.29702210407163648     
   168.73895735257980        1.0583539379644880       0.31206377835206889     
   168.93654395369524        1.0589425395433076       0.32721009988152433     
   169.13413055481067        1.0595491502812453       0.34245458047344957     
   169.33171715592610        1.0601735040987825       0.35779071617148983     
   169.52930375704153        1.0608153271337002       0.37321199078754852     
   169.72689035815696        1.0614743378612026       0.38871187931948126     
   169.92447695927240        1.0621502472174038       0.40428385124263294     
   170.12206356038783        1.0628427587261218       0.41992137367008725     
   170.31965016150326        1.0635515686289208       0.43561791437666431     
   170.51723676261869        1.0642763660183510       0.45136694468299449     
   170.71482336373413        1.0650168329743226       0.46716194219598439     
   170.91240996484956        1.0657726447035563       0.48299639340297196     
   171.10999656596499        1.0665434696820477       0.49886379611734266     
   171.30758316708042        1.0673289698004851       0.51475766177402926     
   171.50516976819586        1.0681288005125555       0.53067151757426856     
   171.70275636931129        1.0689426109860742       0.54659890847892489     
   171.90034297042672        1.0697700442568709       0.56253339905108191     
   172.09792957154215        1.0706107373853659       0.57846857514890659     
   172.29551617265759        1.0714643216157678       0.59439804547022212     
   172.49310277377302        1.0723304225378218       0.61031544295143003     
   172.69068937488845        1.0732086602510393       0.62621442602328414     
   172.88827597600388        1.0740986495313325       0.64208867972723371     
   173.08586257711931        1.0749999999999886       0.65793191669646423     
   173.28344917823475        1.0759123162949027       0.67373787800621132     
   173.48103577935018        1.0768351982439954       0.68950033389843679     
   173.67862238046561        1.0777682410407419       0.70521308438688446     
   173.87620898158104        1.0787110354217344       0.72086995974865564     
   174.07379558269648        1.0796631678461981       0.73646482090905774     
   174.27138218381191        1.0806242206773828       0.75199155972694565     
   174.46896878492734        1.0815937723657538       0.76744409918841650     
   174.66655538604277        1.0825713976338969       0.78281639351680288     
   174.86414198715821        1.0835566676630584       0.79810242820745503     
   175.06172858827364        1.0845491502812401       0.81329621999640944     
   175.25931518938907        1.0855484101527637       0.82839181677188889     
   175.45690179050450        1.0865540089692238       0.84338329743840257     
   175.65448839161994        1.0875655056417446       0.85826477174304672     
   175.85207499273537        1.0885824564944544       0.87303038007404044     
   176.04966159385080        1.0896044154590989       0.88767429324208891     
   176.24724819496623        1.0906309342707006       0.90219071225446845     
   176.44483479608166        1.0916615626641817       0.91657386809274266     
   176.64242139719710        1.0926958485718663       0.93081802150466975     
   176.84000799831253        1.0937333383217716       0.94491746282103639     
   177.03759459942796        1.0947735768366038       0.95886651180819238     
   177.23518120054339        1.0958161078333708       0.97265951756682112     
   177.43276780165883        1.0968604740235208       0.98629085848793241     
   177.63035440277426        1.0979062173135266       0.99975494227646422     
   177.82794100388969        1.0989528790058187        1.0130462060529759     
