   1.2529680840681794E-004   1.1000000000000001        3.8064582289825881     
   2.5059361681363588E-004   1.1007853658655911        3.8327240697956828     
   3.7589042522045383E-004   1.1015705379539065        3.8589398557213608     
   5.0118723362727177E-004   1.1023553225354823        3.8850993087585728     
   6.2648404203408971E-004   1.1031395259764658        3.9111961935695545     
   7.5178085044090765E-004   1.1039229547863922        3.9372243184881417     
   8.7707765884772560E-004   1.1047054156659257        3.9631775364951447     
   1.0023744672545435E-003   1.1054867155545522        3.9890497461615180     
   1.1276712756613616E-003   1.1062666616782153        4.0148348925601320     
   1.2529680840681796E-003   1.1070450615968792        4.0405269681469900     
   1.3782648924749977E-003   1.1078217232520116        4.0661200136126876     
   1.5035617008818157E-003   1.1085964550139706        4.0916081187048698     
   1.6288585092886338E-003   1.1093690657292863        4.1169854230225935     
   1.7541553176954518E-003   1.1101393647678257        4.1422461167833937     
   1.8794521261022699E-003   1.1109071620698272        4.1673844415638293     
   2.0047489345090879E-003   1.1116722681927953        4.1923946910143570     
   2.1300457429159060E-003   1.1124344943582429        4.2172712115494111     
   2.2553425513227240E-003   1.1131936524982688        4.2420084030132790     
   2.3806393597295421E-003   1.1139495553019616        4.2666007193229252     
   2.5059361681363601E-003   1.1147020162616152        4.2910426690882151     
   2.6312329765431782E-003   1.1154508497187474        4.3153288162105046     
   2.7565297849499962E-003   1.1161958709099076        4.3394537804603326     
   2.8818265933568143E-003   1.1169368960122648        4.3634122380349716     
   3.0071234017636323E-003   1.1176737421889629        4.3871989220965810     
   3.1324202101704504E-003   1.1184062276342339        4.4108086232917110     
   3.2577170185772684E-003   1.1191341716182546        4.4342361902528449     
   3.3830138269840865E-003   1.1198573945317392        4.4574765300827321     
   3.5083106353909045E-003   1.1205757179302556        4.4805246088221589     
   3.6336074437977226E-003   1.1212889645782538        4.5033754519018512     
   3.7589042522045406E-003   1.1219969584927958        4.5260241445791589     
   3.8842010606113587E-003   1.1226995249869773        4.5484658323601526     
   4.0094978690181768E-003   1.1233964907130287        4.5706957214077448     
   4.1347946774249944E-003   1.1240876837050859        4.5927090789364620     
   4.2600914858318120E-003   1.1247729334216205        4.6145012335943854     
   4.3853882942386296E-003   1.1254520707875186        4.6360675758329100     
   4.5106851026454472E-003   1.1261249282357975        4.6574035582648090     
   4.6359819110522648E-003   1.1267913397489500        4.6785046960110668     
   4.7612787194590825E-003   1.1274511408999066        4.6993665670371092     
   4.8865755278659001E-003   1.1281041688926066        4.7199848124788018     
   5.0118723362727177E-003   1.1287502626021639        4.7403551369587280     
   5.1371691446795353E-003   1.1293892626146238        4.7604733088931530     
   5.2624659530863529E-003   1.1300210112662943        4.7803351607901119     
   5.3877627614931705E-003   1.1306453526826490        4.7999365895390662     
   5.5130595698999882E-003   1.1312621328167853        4.8192735566923286     
   5.6383563783068058E-003   1.1318711994874346        4.8383420887388917     
   5.7636531867136234E-003   1.1324724024165094        4.8571382773707565     
   5.8889499951204410E-003   1.1330655932661826        4.8756582797421331     
   6.0142468035272586E-003   1.1336506256754888        4.8938983187220035     
   6.1395436119340762E-003   1.1342273552964346        4.9118546831399597     
   6.2648404203408939E-003   1.1347956398296157        4.9295237280259530     
   6.3901372287477115E-003   1.1353553390593274        4.9469018748440021     
   6.5154340371545291E-003   1.1359063148881594        4.9639856117200258     
   6.6407308455613467E-003   1.1364484313710705        4.9807714936642355     
   6.7660276539681643E-003   1.1369815547489306        4.9972561427880340     
   6.8913244623749819E-003   1.1375055534815230        5.0134362485157977     
   7.0166212707817996E-003   1.1380202982800016        5.0293085677915146     
   7.1419180791886172E-003   1.1385256621387896        5.0448699252806213     
   7.2672148875954348E-003   1.1390215203669165        5.0601172135669685     
   7.3925116960022524E-003   1.1395077506187845        5.0750473933452112     
   7.5178085044090700E-003   1.1399842329243546        5.0896574936085859     
   7.6431053128158876E-003   1.1404508497187473        5.1039446118322083     
   7.7684021212227053E-003   1.1409074858712511        5.1179059141520655     
   7.8936989296295237E-003   1.1413540287137283        5.1315386355395480     
   8.0189957380363414E-003   1.1417903680684136        5.1448400799717877     
   8.1442925464431590E-003   1.1422163962751009        5.1578076205977847     
   8.2695893548499766E-003   1.1426320082177046        5.1704386999002292     
   8.3948861632567942E-003   1.1430371013501972        5.1827308298532380     
   8.5201829716636118E-003   1.1434315757219096        5.1946815920758409     
   8.6454797800704294E-003   1.1438153340021933        5.2062886379813804     
   8.7707765884772471E-003   1.1441882815044346        5.2175496889226558     
   8.8960733968840647E-003   1.1445503262094185        5.2284625363329935     
   9.0213702052908823E-003   1.1449013787880309        5.2390250418629822     
   9.1466670136976999E-003   1.1452413526233010        5.2492351375131232     
   9.2719638221045175E-003   1.1455701638317723        5.2590908257621711     
   9.3972606305113351E-003   1.1458877312841991        5.2685901796911523     
   9.5225574389181528E-003   1.1461939766255644        5.2777313431031585     
   9.6478542473249704E-003   1.1464888242944127        5.2865125306386958     
   9.7731510557317880E-003   1.1467722015414934        5.2949320278866612     
   9.8984478641386056E-003   1.1470440384477114        5.3029881914908987     
   1.0023744672545423E-002   1.1473042679413774        5.3106794492521594     
   1.0149041480952241E-002   1.1475528258147578        5.3180043002256214     
   1.0274338289359058E-002   1.1477896507399166        5.3249613148137218     
   1.0399635097765876E-002   1.1480146842838472        5.3315491348543720     
   1.0524931906172694E-002   1.1482278709228899        5.3377664737044181     
   1.0650228714579511E-002   1.1484291580564316        5.3436121163183916     
   1.0775525522986329E-002   1.1486184960198840        5.3490849193223928     
   1.0900822331393147E-002   1.1487958380969374        5.3541838110831250     
   1.1026119139799964E-002   1.1489611405310884        5.3589077917720020     
   1.1151415948206782E-002   1.1491143625364346        5.3632559334242851     
   1.1276712756613599E-002   1.1492554663077388        5.3672273799932118     
   1.1402009565020417E-002   1.1493844170297569        5.3708213473990547     
   1.1527306373427235E-002   1.1495011828858279        5.3740371235730855     
   1.1652603181834052E-002   1.1496057350657241        5.3768740684963632     
   1.1777899990240870E-002   1.1496980477727590        5.3793316142334131     
   1.1903196798647687E-002   1.1497780982301540        5.3814092649606158     
   1.2028493607054505E-002   1.1498458666866564        5.3831065969894460     
   1.2153790415461323E-002   1.1499013364214137        5.3844232587843539     
   1.2279087223868140E-002   1.1499444937480985        5.3853589709754521     
   1.2404384032274958E-002   1.1499753280182867        5.3859135263658438     
   1.2529680840681776E-002   1.1499938316240832        5.3860867899336533     
   1.2654977649088593E-002   1.1500000000000001        5.3858786988287575     
   1.2780274457495411E-002   1.1499938316240832        5.3852892623641839     
   1.2905571265902228E-002   1.1499753280182867        5.3843185620021625     
   1.3030868074309046E-002   1.1499444937480985        5.3829667513348971     
   1.3156164882715864E-002   1.1499013364214137        5.3812340560600331     
   1.3281461691122681E-002   1.1498458666866564        5.3791207739507776     
   1.3406758499529499E-002   1.1497780982301542        5.3766272748208328     
   1.3532055307936317E-002   1.1496980477727592        5.3737540004839941     
   1.3657352116343134E-002   1.1496057350657241        5.3705014647086102     
   1.3782648924749952E-002   1.1495011828858279        5.3668702531668178     
   1.3907945733156769E-002   1.1493844170297569        5.3628610233785796     
   1.4033242541563587E-002   1.1492554663077388        5.3584745046507107     
   1.4158539349970405E-002   1.1491143625364346        5.3537114980107434     
   1.4283836158377222E-002   1.1489611405310884        5.3485728761358251     
   1.4409132966784040E-002   1.1487958380969374        5.3430595832766397     
   1.4534429775190857E-002   1.1486184960198840        5.3371726351764108     
   1.4659726583597675E-002   1.1484291580564316        5.3309131189850278     
   1.4785023392004493E-002   1.1482278709228901        5.3242821931684094     
   1.4910320200411310E-002   1.1480146842838472        5.3172810874130558     
   1.5035617008818128E-002   1.1477896507399166        5.3099111025260646     
   1.5160913817224946E-002   1.1475528258147578        5.3021736103303896     
   1.5286210625631763E-002   1.1473042679413774        5.2940700535556129     
   1.5411507434038581E-002   1.1470440384477114        5.2856019457242747     
   1.5536804242445398E-002   1.1467722015414936        5.2767708710337464     
   1.5662101050852216E-002   1.1464888242944127        5.2675784842337583     
   1.5787397859259034E-002   1.1461939766255644        5.2580265104996968     
   1.5912694667665851E-002   1.1458877312841993        5.2481167453016422     
   1.6037991476072669E-002   1.1455701638317723        5.2378510542692487     
   1.6163288284479486E-002   1.1452413526233012        5.2272313730526125     
   1.6288585092886304E-002   1.1449013787880309        5.2162597071790220     
   1.6413881901293122E-002   1.1445503262094185        5.2049381319058110     
   1.6539178709699939E-002   1.1441882815044349        5.1932687920692366     
   1.6664475518106757E-002   1.1438153340021933        5.1812539019295389     
   1.6789772326513575E-002   1.1434315757219098        5.1688957450121311     
   1.6915069134920392E-002   1.1430371013501974        5.1561966739450336     
   1.7040365943327210E-002   1.1426320082177048        5.1431591102925589     
   1.7165662751734027E-002   1.1422163962751009        5.1297855443852436     
   1.7290959560140845E-002   1.1417903680684136        5.1160785351461104     
   1.7416256368547663E-002   1.1413540287137283        5.1020407099132123     
   1.7541553176954480E-002   1.1409074858712513        5.0876747642584821     
   1.7666849985361298E-002   1.1404508497187476        5.0729834618029344     
   1.7792146793768115E-002   1.1399842329243548        5.0579696340281171     
   1.7917443602174933E-002   1.1395077506187847        5.0426361800838295     
   1.8042740410581751E-002   1.1390215203669167        5.0269860665921389     
   1.8168037218988568E-002   1.1385256621387896        5.0110223274475025     
   1.8293334027395386E-002   1.1380202982800018        4.9947480636130974     
   1.8418630835802204E-002   1.1375055534815233        4.9781664429131540     
   1.8543927644209021E-002   1.1369815547489308        4.9612806998213363     
   1.8669224452615839E-002   1.1364484313710708        4.9440941352449297     
   1.8794521261022656E-002   1.1359063148881596        4.9266101163049125     
   1.8919818069429474E-002   1.1353553390593276        4.9088320761115503     
   1.9045114877836292E-002   1.1347956398296160        4.8907635135356307     
   1.9170411686243109E-002   1.1342273552964346        4.8724079929749333     
   1.9295708494649927E-002   1.1336506256754890        4.8537691441160096     
   1.9421005303056744E-002   1.1330655932661828        4.8348506616908420     
   1.9546302111463562E-002   1.1324724024165094        4.8156563052283916     
   1.9671598919870380E-002   1.1318711994874346        4.7961898988006526     
   1.9796895728277197E-002   1.1312621328167856        4.7764553307630777     
   1.9922192536684015E-002   1.1306453526826490        4.7564565534889809     
   2.0047489345090833E-002   1.1300210112662945        4.7361975830979013     
   2.0172786153497650E-002   1.1293892626146240        4.7156824991772490     
   2.0298082961904468E-002   1.1287502626021642        4.6949154444973020     
   2.0423379770311285E-002   1.1281041688926068        4.6739006247189323     
   2.0548676578718103E-002   1.1274511408999068        4.6526423080938413     
   2.0673973387124921E-002   1.1267913397489502        4.6311448251569232     
   2.0799270195531738E-002   1.1261249282357977        4.6094125684102742     
   2.0924567003938556E-002   1.1254520707875189        4.5874499919985663     
   2.1049863812345374E-002   1.1247729334216208        4.5652616113751696     
   2.1175160620752191E-002   1.1240876837050862        4.5428520029587540     
   2.1300457429159009E-002   1.1233964907130289        4.5202258037797192     
   2.1425754237565826E-002   1.1226995249869776        4.4973877111160911     
   2.1551051045972644E-002   1.1219969584927960        4.4743424821182582     
   2.1676347854379462E-002   1.1212889645782540        4.4510949334220449     
   2.1801644662786279E-002   1.1205757179302558        4.4276499407495837     
   2.1926941471193097E-002   1.1198573945317394        4.4040124384973902     
   2.2052238279599914E-002   1.1191341716182548        4.3801874193109844     
   2.2177535088006732E-002   1.1184062276342341        4.3561799336455165     
   2.2302831896413550E-002   1.1176737421889631        4.3319950893117349     
   2.2428128704820367E-002   1.1169368960122650        4.3076380510065730     
   2.2553425513227185E-002   1.1161958709099078        4.2831140398277698     
   2.2678722321634003E-002   1.1154508497187476        4.2584283327718282     
   2.2804019130040820E-002   1.1147020162616155        4.2335862622144642     
   2.2929315938447638E-002   1.1139495553019618        4.2085932153730203     
   2.3054612746854455E-002   1.1131936524982691        4.1834546337499523     
   2.3179909555261273E-002   1.1124344943582432        4.1581760125567051     
   2.3305206363668091E-002   1.1116722681927955        4.1327629001171964     
   2.3430503172074908E-002   1.1109071620698274        4.1072208972501336     
   2.3555799980481726E-002   1.1101393647678259        4.0815556566293285     
   2.3681096788888543E-002   1.1093690657292865        4.0557728821213104     
   2.3806393597295361E-002   1.1085964550139709        4.0298783280993211     
   2.3931690405702179E-002   1.1078217232520120        4.0038777987329484     
   2.4056987214108996E-002   1.1070450615968794        3.9777771472525472     
   2.4182284022515814E-002   1.1062666616782155        3.9515822751876488     
   2.4307580830922632E-002   1.1054867155545527        3.9252991315784911     
   2.4432877639329449E-002   1.1047054156659262        3.8989337121598657     
   2.4558174447736267E-002   1.1039229547863927        3.8724920585164759     
   2.4683471256143084E-002   1.1031395259764660        3.8459802572089585     
   2.4808768064549902E-002   1.1023553225354825        3.8194044388697139     
   2.4934064872956720E-002   1.1015705379539069        3.7927707772678225     
   2.5059361681363537E-002   1.1007853658655915        3.7660854883420898     
   2.5184658489770355E-002   1.1000000000000003        3.7393548292016359     
   2.5309955298177172E-002   1.0992146341344093        3.7125850970930609     
   2.5435252106583990E-002   1.0984294620460939        3.6857826283334254     
   2.5560548914990808E-002   1.0976446774645183        3.6589537972084951     
   2.5685845723397625E-002   1.0968604740235348        3.6321050148351683     
   2.5811142531804443E-002   1.0960770452136082        3.6052427279877612     
   2.5936439340211261E-002   1.0952945843340747        3.5783734178871169     
   2.6061736148618078E-002   1.0945132844454482        3.5515035989520962     
   2.6187032957024896E-002   1.0937333383217851        3.5246398175126767     
   2.6312329765431713E-002   1.0929549384031212        3.4977886504841686     
   2.6437626573838531E-002   1.0921782767479888        3.4709567040018263     
   2.6562923382245349E-002   1.0914035449860300        3.4441506120154446     
   2.6688220190652166E-002   1.0906309342707141        3.4173770348433452     
   2.6813516999058984E-002   1.0898606352321747        3.3906426576853614     
   2.6938813807465802E-002   1.0890928379301732        3.3639541890942906     
   2.7064110615872619E-002   1.0883277318072051        3.3373183594055389     
   2.7189407424279437E-002   1.0875655056417577        3.3107419191245668     
   2.7314704232686254E-002   1.0868063475017318        3.2842316372718563     
   2.7440001041093072E-002   1.0860504446980390        3.2577942996851950     
   2.7565297849499890E-002   1.0852979837383852        3.2314367072790318     
   2.7690594657906707E-002   1.0845491502812530        3.2051656742608716     
   2.7815891466313525E-002   1.0838041290900930        3.1789880263045514     
   2.7941188274720342E-002   1.0830631039877359        3.1529105986804358     
   2.8066485083127160E-002   1.0823262578110375        3.1269402343426136     
   2.8191781891533978E-002   1.0815937723657665        3.1010837819731654     
   2.8317078699940795E-002   1.0808658283817458        3.0753480939837083     
   2.8442375508347613E-002   1.0801426054682615        3.0497400244744859     
   2.8567672316754431E-002   1.0794242820697451        3.0242664271512956     
   2.8692969125161248E-002   1.0787110354217468        2.9989341532007252     
   2.8818265933568066E-002   1.0780030415072046        2.9737500491240678     
   2.8943562741974883E-002   1.0773004750130231        2.9487209545305619     
   2.9068859550381701E-002   1.0766035092869717        2.9238536998904463     
   2.9194156358788519E-002   1.0759123162949147        2.8991551042487362     
   2.9319453167195336E-002   1.0752270665783801        2.8746319729002505     
   2.9444749975602154E-002   1.0745479292124818        2.8502910950269693     
   2.9570046784008971E-002   1.0738750717642029        2.8261392412985460     
   2.9695343592415789E-002   1.0732086602510507        2.8021831614369463     
   2.9820640400822607E-002   1.0725488591000938        2.7784295817464635     
   2.9945937209229424E-002   1.0718958311073938        2.7548852026102302     
   3.0071234017636242E-002   1.0712497373978365        2.7315566959543429     
   3.0196530826043060E-002   1.0706107373853768        2.7084507026812434     
   3.0321827634449877E-002   1.0699789887337061        2.6855738300735039     
   3.0447124442856695E-002   1.0693546473173516        2.6629326491697380     
   3.0572421251263512E-002   1.0687378671832151        2.6405336921140337     
   3.0697718059670330E-002   1.0681288005125660        2.6183834494808256     
   3.0823014868077148E-002   1.0675275975834913        2.5964883675766379     
   3.0948311676483965E-002   1.0669344067338178        2.5748548457209255     
   3.1073608484890783E-002   1.0663493743245116        2.5534892335075017     
   3.1198905293297600E-002   1.0657726447035660        2.5323978280488997     
   3.1324202101704418E-002   1.0652043601703847        2.5115868712054223     
   3.1449498910111236E-002   1.0646446609406730        2.4910625468012748     
   3.1574795718518053E-002   1.0640936851118410        2.4708309778297672     
   3.1700092526924871E-002   1.0635515686289299        2.4508982236499435     
   3.1825389335331689E-002   1.0630184452510698        2.4312702771769796     
   3.1950686143738506E-002   1.0624944465184774        2.4119530620687195     
   3.2075982952145324E-002   1.0619797017199988        2.3929524299107232     
   3.2201279760552141E-002   1.0614743378612108        2.3742741574024975     
   3.2326576568958959E-002   1.0609784796330839        2.3559239435472961     
   3.2451873377365777E-002   1.0604922493812159        2.3379074068481764     
   3.2577170185772594E-002   1.0600157670756458        2.3202300825129862     
   3.2702466994179412E-002   1.0595491502812528        2.3028974196708885     
   3.2827763802586230E-002   1.0590925141287491        2.2859147786032215     
   3.2953060610993047E-002   1.0586459712862721        2.2692874279914137     
   3.3078357419399865E-002   1.0582096319315868        2.2530205421847627     
   3.3203654227806682E-002   1.0577836037248995        2.2371191984908978     
   3.3328951036213500E-002   1.0573679917822958        2.2215883744916933     
   3.3454247844620318E-002   1.0569628986498032        2.2064329453875873     
   3.3579544653027135E-002   1.0565684242780908        2.1916576813730653     
   3.3704841461433953E-002   1.0561846659978071        2.1772672450461719     
   3.3830138269840770E-002   1.0558117184955655        2.1632661888550042     
   3.3955435078247588E-002   1.0554496737905819        2.1496589525839100     
   3.4080731886654406E-002   1.0550986212119695        2.1364498608823168     
   3.4206028695061223E-002   1.0547586473766992        2.1236431208389916     
   3.4331325503468041E-002   1.0544298361682281        2.1112428196045521     
   3.4456622311874859E-002   1.0541122687158011        2.0992529220649288     
   3.4581919120281676E-002   1.0538060233744360        2.0876772685687013     
   3.4707215928688494E-002   1.0535111757055877        2.0765195727107257     
   3.4832512737095311E-002   1.0532277984585068        2.0657834191750473     
   3.4957809545502129E-002   1.0529559615522890        2.0554722616394900     
   3.5083106353908947E-002   1.0526957320586230        2.0455894207444922     
   3.5208403162315764E-002   1.0524471741852426        2.0361380821288457     
   3.5333699970722582E-002   1.0522103492600836        2.0271212945346186     
   3.5458996779129399E-002   1.0519853157161529        2.0185419679837180     
   3.5584293587536217E-002   1.0517721290771103        2.0104028720283385     
   3.5709590395943035E-002   1.0515708419435685        2.0027066340775490     
   3.5834887204349852E-002   1.0513815039801164        1.9954557378021964     
   3.5960184012756670E-002   1.0512041619030628        1.9886525216199922     
   3.6085480821163488E-002   1.0510388594689120        1.9822991772630454     
   3.6210777629570305E-002   1.0508856374635658        1.9763977484293391     
   3.6336074437977123E-002   1.0507445336922614        1.9709501295202354     
   3.6461371246383940E-002   1.0506155829702433        1.9659580644654377     
   3.6586668054790758E-002   1.0504988171141723        1.9614231456370510     
   3.6711964863197576E-002   1.0503942649342763        1.9573468128542038     
   3.6837261671604393E-002   1.0503019522272412        1.9537303524794505     
   3.6962558480011211E-002   1.0502219017698462        1.9505748966083039     
   3.7087855288418028E-002   1.0501541333133437        1.9478814223527989     
   3.7213152096824846E-002   1.0500986635785865        1.9456507512202521     
   3.7338448905231664E-002   1.0500555062519017        1.9438835485878980     
   3.7463745713638481E-002   1.0500246719817135        1.9425803232741419     
   3.7589042522045299E-002   1.0500061683759170        1.9417414272071654     
   3.7714339330452117E-002   1.0500000000000000        1.9413670551910809     
   3.7839636138858934E-002   1.0500061683759170        1.9414572447701595     
   3.7964932947265752E-002   1.0500246719817135        1.9420118761912890     
   3.8090229755672569E-002   1.0500555062519015        1.9430306724646336     
   3.8215526564079387E-002   1.0500986635785865        1.9445131995225917     
   3.8340823372486205E-002   1.0501541333133437        1.9464588664766354     
   3.8466120180893022E-002   1.0502219017698460        1.9488669259719189     
   3.8591416989299840E-002   1.0503019522272410        1.9517364746390802     
   3.8716713797706657E-002   1.0503942649342761        1.9550664536426272     
   3.8842010606113475E-002   1.0504988171141720        1.9588556493252398     
   3.8967307414520293E-002   1.0506155829702430        1.9631026939471907     
   3.9092604222927110E-002   1.0507445336922614        1.9678060665197870     
   3.9217901031333928E-002   1.0508856374635656        1.9729640937318367     
   3.9343197839740746E-002   1.0510388594689117        1.9785749509679753     
   3.9468494648147563E-002   1.0512041619030625        1.9846366634173509     
   3.9593791456554381E-002   1.0513815039801162        1.9911471072714486     
   3.9719088264961198E-002   1.0515708419435683        1.9981040110092823     
   3.9844385073368016E-002   1.0517721290771100        2.0055049567685512     
   3.9969681881774834E-002   1.0519853157161527        2.0133473818006689     
   4.0094978690181651E-002   1.0522103492600834        2.0216285800081581     
   4.0220275498588469E-002   1.0524471741852421        2.0303457035621597     
   4.0345572306995287E-002   1.0526957320586225        2.0394957645981862     
   4.0470869115402104E-002   1.0529559615522885        2.0490756369878738     
   4.0596165923808922E-002   1.0532277984585066        2.0590820581845879     
   4.0721462732215739E-002   1.0535111757055873        2.0695116311405144     
   4.0846759540622557E-002   1.0538060233744355        2.0803608262929334     
   4.0972056349029375E-002   1.0541122687158009        2.0916259836171527     
   4.1097353157436192E-002   1.0544298361682276        2.1033033147436431     
   4.1222649965843010E-002   1.0547586473766990        2.1153889051368400     
   4.1347946774249827E-002   1.0550986212119691        2.1278787163328552     
   4.1473243582656645E-002   1.0554496737905814        2.1407685882336565     
   4.1598540391063463E-002   1.0558117184955651        2.1540542414547601     
   4.1723837199470280E-002   1.0561846659978067        2.1677312797238777     
   4.1849134007877098E-002   1.0565684242780902        2.1817951923276118     
   4.1974430816283916E-002   1.0569628986498025        2.1962413566034908     
   4.2099727624690733E-002   1.0573679917822951        2.2110650404744558     
   4.2225024433097551E-002   1.0577836037248991        2.2262614050228966     
   4.2350321241504368E-002   1.0582096319315863        2.2418255071015656     
   4.2475618049911186E-002   1.0586459712862717        2.2577523019783081     
   4.2600914858318004E-002   1.0590925141287486        2.2740366460118731     
   4.2726211666724821E-002   1.0595491502812524        2.2906732993558636     
   4.2851508475131639E-002   1.0600157670756452        2.3076569286880475     
   4.2976805283538456E-002   1.0604922493812152        2.3249821099621895     
   4.3102102091945274E-002   1.0609784796330832        2.3426433311794685     
   4.3227398900352092E-002   1.0614743378612104        2.3606349951769183     
   4.3352695708758909E-002   1.0619797017199981        2.3789514224298518     
   4.3477992517165727E-002   1.0624944465184767        2.3975868538658354     
   4.3603289325572545E-002   1.0630184452510691        2.4165354536872186     
   4.3728586133979362E-002   1.0635515686289292        2.4357913121998056     
   4.3853882942386180E-002   1.0640936851118403        2.4553484486449109     
   4.3979179750792997E-002   1.0646446609406723        2.4752008140323571     
   4.4104476559199815E-002   1.0652043601703840        2.4953422939717926     
   4.4229773367606633E-002   1.0657726447035651        2.5157667114999409     
   4.4355070176013450E-002   1.0663493743245109        2.5364678299013943     
   4.4480366984420268E-002   1.0669344067338171        2.5574393555205983     
   4.4605663792827085E-002   1.0675275975834904        2.5786749405627032     
   4.4730960601233903E-002   1.0681288005125651        2.6001681858812815     
   4.4856257409640721E-002   1.0687378671832144        2.6219126437504836     
   4.4981554218047538E-002   1.0693546473173507        2.6439018206198019     
   4.5106851026454356E-002   1.0699789887337054        2.6661291798494235     
   4.5232147834861174E-002   1.0706107373853759        2.6885881444241093     
   4.5357444643267991E-002   1.0712497373978356        2.7112720996439821     
   4.5482741451674809E-002   1.0718958311073932        2.7341743957903071     
   4.5608038260081626E-002   1.0725488591000929        2.7572883507646058     
   4.5733335068488444E-002   1.0732086602510498        2.7806072526996490     
   4.5858631876895262E-002   1.0738750717642020        2.8041243625405667     
   4.5983928685302079E-002   1.0745479292124811        2.8278329165948985     
   4.6109225493708897E-002   1.0752270665783792        2.8517261290499918     
   4.6234522302115715E-002   1.0759123162949138        2.8757971944567435     
   4.6359819110522532E-002   1.0766035092869708        2.9000392901781917     
   4.6485115918929350E-002   1.0773004750130222        2.9244455788021049     
   4.6610412727336167E-002   1.0780030415072037        2.9490092105164440     
   4.6735709535742985E-002   1.0787110354217460        2.9737233254466906     
   4.6861006344149803E-002   1.0794242820697442        2.9985810559542956     
   4.6986303152556620E-002   1.0801426054682604        3.0235755288954107     
   4.7111599960963438E-002   1.0808658283817449        3.0486998678392134     
   4.7236896769370255E-002   1.0815937723657656        3.0739471952450765     
   4.7362193577777073E-002   1.0823262578110366        3.0993106345982833     
   4.7487490386183891E-002   1.0830631039877350        3.1247833125035589     
   4.7612787194590708E-002   1.0838041290900919        3.1503583607361865     
   4.7738084002997526E-002   1.0845491502812521        3.1760289182502421     
   4.7863380811404344E-002   1.0852979837383843        3.2017881331438245     
   4.7988677619811161E-002   1.0860504446980379        3.2276291645809678     
   4.8113974428217979E-002   1.0868063475017309        3.2535451846702053     
   4.8239271236624796E-002   1.0875655056417568        3.2795293802996008     
   4.8364568045031614E-002   1.0883277318072042        3.3055749549284315     
   4.8489864853438432E-002   1.0890928379301723        3.3316751303353880     
   4.8615161661845249E-002   1.0898606352321738        3.3578231483235434     
   4.8740458470252067E-002   1.0906309342707132        3.3840122723821979     
   4.8865755278658884E-002   1.0914035449860289        3.4102357893058723     
   4.8991052087065702E-002   1.0921782767479880        3.4364870107706946     
   4.9116348895472520E-002   1.0929549384031203        3.4627592748685077     
   4.9241645703879337E-002   1.0937333383217842        3.4890459475991484     
   4.9366942512286155E-002   1.0945132844454470        3.5153404243211677     
   4.9492239320692973E-002   1.0952945843340738        3.5416361311616424     
   4.9617536129099790E-002   1.0960770452136070        3.5679265263853570     
   4.9742832937506608E-002   1.0968604740235337        3.5942051017241785     
   4.9868129745913425E-002   1.0976446774645172        3.6204653836668546     
   4.9993426554320243E-002   1.0984294620460930        3.6467009347102031     
   5.0118723362727061E-002   1.0992146341344085        3.6729053545719470     
   5.0244020171133878E-002   1.0999999999999994        3.6990722813662389     
   5.0369316979540696E-002   1.1007853658655904        3.7251953927422972     
   5.0494613787947513E-002   1.1015705379539058        3.7512684069868958     
   5.0619910596354331E-002   1.1023553225354816        3.7772850840915875     
   5.0745207404761149E-002   1.1031395259764651        3.8032392267852386     
   5.0870504213167966E-002   1.1039229547863916        3.8291246815327464     
   5.0995801021574784E-002   1.1047054156659251        3.8549353395006958     
   5.1121097829981602E-002   1.1054867155545516        3.8806651374906851     
   5.1246394638388419E-002   1.1062666616782146        3.9063080588412467     
   5.1371691446795237E-002   1.1070450615968785        3.9318581342990266     
   5.1496988255202054E-002   1.1078217232520109        3.9573094428601907     
   5.1622285063608872E-002   1.1085964550139698        3.9826561125827529     
   5.1747581872015690E-002   1.1093690657292856        4.0078923213707069     
   5.1872878680422507E-002   1.1101393647678250        4.0330122977307594     
   5.1998175488829325E-002   1.1109071620698265        4.0580103215025609     
   5.2123472297236143E-002   1.1116722681927946        4.0828807245631307     
   5.2248769105642960E-002   1.1124344943582420        4.1076178915064219     
   5.2374065914049778E-002   1.1131936524982680        4.1322162602987111     
   5.2499362722456595E-002   1.1139495553019609        4.1566703229107453     
   5.2624659530863413E-002   1.1147020162616146        4.1809746259273330     
   5.2749956339270231E-002   1.1154508497187468        4.2051237711352618     
   5.2875253147677048E-002   1.1161958709099069        4.2291124160902172     
   5.3000549956083866E-002   1.1169368960122639        4.2529352746635576     
   5.3125846764490683E-002   1.1176737421889622        4.2765871175696590     
   5.3251143572897501E-002   1.1184062276342333        4.3000627728745462     
   5.3376440381304319E-002   1.1191341716182539        4.3233571264866075     
   5.3501737189711136E-002   1.1198573945317385        4.3464651226299695     
   5.3627033998117954E-002   1.1205757179302549        4.3693817643014183     
   5.3752330806524772E-002   1.1212889645782531        4.3921021137113447     
   5.3877627614931589E-002   1.1219969584927951        4.4146212927094970     
   5.4002924423338407E-002   1.1226995249869767        4.4369344831961488     
   5.4128221231745224E-002   1.1233964907130281        4.4590369275192785     
   5.4253518040152042E-002   1.1240876837050853        4.4809239288584104     
   5.4378814848558860E-002   1.1247729334216199        4.5025908515956390     
   5.4504111656965677E-002   1.1254520707875180        4.5240331216745089     
   5.4629408465372495E-002   1.1261249282357968        4.5452462269471274     
   5.4754705273779312E-002   1.1267913397489493        4.5662257175102363     
   5.4880002082186130E-002   1.1274511408999059        4.5869672060304927     
   5.5005298890592948E-002   1.1281041688926059        4.6074663680597929     
   5.5130595698999765E-002   1.1287502626021635        4.6277189423407075     
   5.5255892507406583E-002   1.1293892626146231        4.6477207311027611     
   5.5381189315813401E-002   1.1300210112662936        4.6674676003499007     
   5.5506486124220218E-002   1.1306453526826483        4.6869554801394502     
   5.5631782932627036E-002   1.1312621328167847        4.7061803648530942     
   5.5757079741033853E-002   1.1318711994874340        4.7251383134601621     
   5.5882376549440671E-002   1.1324724024165087        4.7438254497735137     
   5.6007673357847489E-002   1.1330655932661822        4.7622379626984994     
   5.6132970166254306E-002   1.1336506256754881        4.7803721064751326     
   5.6258266974661124E-002   1.1342273552964339        4.7982242009138831     
   5.6383563783067941E-002   1.1347956398296153        4.8157906316252674     
   5.6508860591474759E-002   1.1353553390593270        4.8330678502435198     
   5.6634157399881577E-002   1.1359063148881590        4.8500523746446529     
   5.6759454208288394E-002   1.1364484313710701        4.8667407891589427     
   5.6884751016695212E-002   1.1369815547489301        4.8831297447782473     
   5.7010047825102030E-002   1.1375055534815226        4.8992159593581155     
   5.7135344633508847E-002   1.1380202982800012        4.9149962178150810     
   5.7260641441915665E-002   1.1385256621387891        4.9304673723191152     
   5.7385938250322482E-002   1.1390215203669161        4.9456263424813995     
   5.7511235058729300E-002   1.1395077506187841        4.9604701155376763     
   5.7636531867136118E-002   1.1399842329243541        4.9749957465270835     
   5.7761828675542935E-002   1.1404508497187469        4.9892003584666655     
   5.7887125483949753E-002   1.1409074858712507        5.0030811425217534     
   5.8012422292356570E-002   1.1413540287137278        5.0166353581719925     
   5.8137719100763388E-002   1.1417903680684132        5.0298603333733434     
   5.8263015909170206E-002   1.1422163962751004        5.0427534647160659     
   5.8388312717577023E-002   1.1426320082177042        5.0553122175785097     
   5.8513609525983841E-002   1.1430371013501968        5.0675341262770308     
   5.8638906334390659E-002   1.1434315757219093        5.0794167942118307     
   5.8764203142797476E-002   1.1438153340021928        5.0909578940088007     
   5.8889499951204294E-002   1.1441882815044344        5.1021551676574797     
   5.9014796759611111E-002   1.1445503262094181        5.1130064266448674     
   5.9140093568017929E-002   1.1449013787880304        5.1235095520853395     
   5.9265390376424747E-002   1.1452413526233007        5.1336624948465133     
   5.9390687184831564E-002   1.1455701638317719        5.1434632756710075     
   5.9515983993238382E-002   1.1458877312841989        5.1529099852942108     
   5.9641280801645200E-002   1.1461939766255642        5.1620007845578311     
   5.9766577610052017E-002   1.1464888242944125        5.1707339045193841     
   5.9891874418458835E-002   1.1467722015414932        5.1791076465574175     
   6.0017171226865652E-002   1.1470440384477110        5.1871203824725409     
   6.0142468035272470E-002   1.1473042679413772        5.1947705545841387     
   6.0267764843679288E-002   1.1475528258147576        5.2020566758227558     
   6.0393061652086105E-002   1.1477896507399163        5.2089773298180884     
   6.0518358460492923E-002   1.1480146842838470        5.2155311709825956     
   6.0643655268899740E-002   1.1482278709228897        5.2217169245905302     
   6.0768952077306558E-002   1.1484291580564314        5.2275333868525173     
   6.0894248885713376E-002   1.1486184960198838        5.2329794249854853     
   6.1019545694120193E-002   1.1487958380969372        5.2380539772780148     
   6.1144842502527011E-002   1.1489611405310882        5.2427560531509467     
   6.1270139310933829E-002   1.1491143625364344        5.2470847332132831     
   6.1395436119340646E-002   1.1492554663077386        5.2510391693133336     
   6.1520732927747464E-002   1.1493844170297569        5.2546185845850086     
   6.1646029736154281E-002   1.1495011828858279        5.2578222734892499     
   6.1771326544561099E-002   1.1496057350657238        5.2606496018505879     
   6.1896623352967917E-002   1.1496980477727590        5.2631000068887710     
   6.2021920161374734E-002   1.1497780982301540        5.2651729972453820     
   6.2147216969781552E-002   1.1498458666866564        5.2668681530055421     
   6.2272513778188369E-002   1.1499013364214137        5.2681851257145196     
   6.2397810586595187E-002   1.1499444937480985        5.2691236383893747     
   6.2523107395002012E-002   1.1499753280182867        5.2696834855255128     
   6.2648404203408836E-002   1.1499938316240832        5.2698645330981737     
   6.2773701011815661E-002   1.1500000000000001        5.2696667185588915     
   6.2898997820222485E-002   1.1499938316240832        5.2690900508268550     
   6.3024294628629310E-002   1.1499753280182867        5.2681346102751760     
   6.3149591437036134E-002   1.1499444937480987        5.2668005487121476     
   6.3274888245442959E-002   1.1499013364214137        5.2650880893573770     
   6.3400185053849784E-002   1.1498458666866564        5.2629975268129847     
   6.3525481862256608E-002   1.1497780982301542        5.2605292270296387     
   6.3650778670663433E-002   1.1496980477727592        5.2576836272676948     
   6.3776075479070257E-002   1.1496057350657241        5.2544612360533494     
   6.3901372287477082E-002   1.1495011828858281        5.2508626331298531     
   6.4026669095883906E-002   1.1493844170297571        5.2468884694037197     
   6.4151965904290731E-002   1.1492554663077388        5.2425394668862477     
   6.4277262712697555E-002   1.1491143625364346        5.2378164186300946     
   6.4402559521104380E-002   1.1489611405310884        5.2327201886610615     
   6.4527856329511205E-002   1.1487958380969374        5.2272517119052404     
   6.4653153137918029E-002   1.1486184960198840        5.2214119941114108     
   6.4778449946324854E-002   1.1484291580564316        5.2152021117688419     
   6.4903746754731678E-002   1.1482278709228901        5.2086232120205285     
   6.5029043563138503E-002   1.1480146842838472        5.2016765125718818     
   6.5154340371545327E-002   1.1477896507399166        5.1943633015950947     
   6.5279637179952152E-002   1.1475528258147578        5.1866849376289723     
   6.5404933988358976E-002   1.1473042679413774        5.1786428494745254     
   6.5530230796765801E-002   1.1470440384477114        5.1702385360863214     
   6.5655527605172626E-002   1.1467722015414934        5.1614735664596019     
   6.5780824413579450E-002   1.1464888242944127        5.1523495795133210     
   6.5906121221986275E-002   1.1461939766255642        5.1428682839690305     
   6.6031418030393099E-002   1.1458877312841991        5.1330314582259247     
   6.6156714838799924E-002   1.1455701638317721        5.1228409502317263     
   6.6282011647206748E-002   1.1452413526233010        5.1122986773499290     
   6.6407308455613573E-002   1.1449013787880307        5.1014066262230013     
   6.6532605264020397E-002   1.1445503262094183        5.0901668526319792     
   6.6657902072427222E-002   1.1441882815044346        5.0785814813522254     
   6.6783198880834047E-002   1.1438153340021930        5.0666527060055779     
   6.6908495689240871E-002   1.1434315757219093        5.0543827889088373     
   6.7033792497647696E-002   1.1430371013501970        5.0417740609186321     
   6.7159089306054520E-002   1.1426320082177044        5.0288289212727477     
   6.7284386114461345E-002   1.1422163962751004        5.0155498374278942     
   6.7409682922868169E-002   1.1417903680684132        5.0019393448939029     
   6.7534979731274994E-002   1.1413540287137278        4.9880000470644710     
   6.7660276539681818E-002   1.1409074858712507        4.9737346150442798     
   6.7785573348088643E-002   1.1404508497187469        4.9591457874727150     
   6.7910870156495468E-002   1.1399842329243541        4.9442363703438881     
   6.8036166964902292E-002   1.1395077506187841        4.9290092368231395     
   6.8161463773309117E-002   1.1390215203669161        4.9134673270600056     
   6.8286760581715941E-002   1.1385256621387889        4.8976136479973480     
   6.8412057390122766E-002   1.1380202982800010        4.8814512731769018     
   6.8537354198529590E-002   1.1375055534815224        4.8649833425409383     
   6.8662651006936415E-002   1.1369815547489297        4.8482130622300357     
   6.8787947815343239E-002   1.1364484313710699        4.8311437043769514     
   6.8913244623750064E-002   1.1359063148881587        4.8137786068962010     
   6.9038541432156889E-002   1.1353553390593265        4.7961211732696025     
   6.9163838240563713E-002   1.1347956398296148        4.7781748723273507     
   6.9289135048970538E-002   1.1342273552964335        4.7599432380244808     
   6.9414431857377362E-002   1.1336506256754877        4.7414298692127419     
   6.9539728665784187E-002   1.1330655932661815        4.7226384294074970     
   6.9665025474191011E-002   1.1324724024165080        4.7035726465494685     
   6.9790322282597836E-002   1.1318711994874333        4.6842363127612083     
   6.9915619091004660E-002   1.1312621328167842        4.6646332840979099     
   7.0040915899411485E-002   1.1306453526826477        4.6447674802923782     
   7.0166212707818310E-002   1.1300210112662930        4.6246428844938725     
   7.0291509516225134E-002   1.1293892626146225        4.6042635430005072     
   7.0416806324631959E-002   1.1287502626021626        4.5836335649847761     
   7.0542103133038783E-002   1.1281041688926052        4.5627571222121803     
   7.0667399941445608E-002   1.1274511408999053        4.5416384487521144     
   7.0792696749852432E-002   1.1267913397489484        4.5202818406811422     
   7.0917993558259257E-002   1.1261249282357959        4.4986916557778356     
   7.1043290366666081E-002   1.1254520707875171        4.4768723132090171     
   7.1168587175072906E-002   1.1247729334216188        4.4548282932068428     
   7.1293883983479731E-002   1.1240876837050842        4.4325641367363273     
   7.1419180791886555E-002   1.1233964907130269        4.4100844451527097     
   7.1544477600293380E-002   1.1226995249869756        4.3873938798483758     
   7.1669774408700204E-002   1.1219969584927940        4.3644971618884698     
   7.1795071217107029E-002   1.1212889645782518        4.3413990716350410     
   7.1920368025513853E-002   1.1205757179302536        4.3181044483588611     
   7.2045664833920678E-002   1.1198573945317369        4.2946181898384177     
   7.2170961642327502E-002   1.1191341716182523        4.2709452519455660     
   7.2296258450734327E-002   1.1184062276342317        4.2470906482170525     
   7.2421555259141152E-002   1.1176737421889607        4.2230594494113651     
   7.2546852067547976E-002   1.1169368960122623        4.1988567830502985     
   7.2672148875954801E-002   1.1161958709099051        4.1744878329443651     
   7.2797445684361625E-002   1.1154508497187450        4.1499578387015914     
   7.2922742492768450E-002   1.1147020162616128        4.1252720952188024     
   7.3048039301175274E-002   1.1139495553019589        4.1004359521547169     
   7.3173336109582099E-002   1.1131936524982662        4.0754548133841917     
   7.3298632917988923E-002   1.1124344943582403        4.0503341364327055     
   7.3423929726395748E-002   1.1116722681927926        4.0250794318904637     
   7.3549226534802573E-002   1.1109071620698245        3.9996962628052413     
   7.3674523343209397E-002   1.1101393647678228        3.9741902440531662     
   7.3799820151616222E-002   1.1093690657292834        3.9485670416867666     
   7.3925116960023046E-002   1.1085964550139678        3.9228323722592751     
   7.4050413768429871E-002   1.1078217232520087        3.8969920021245352     
   7.4175710576836695E-002   1.1070450615968763        3.8710517467116454     
   7.4301007385243520E-002   1.1062666616782122        3.8450174697734085     
   7.4426304193650344E-002   1.1054867155545494        3.8188950826079804     
   7.4551601002057169E-002   1.1047054156659226        3.7926905432525677     
   7.4676897810463994E-002   1.1039229547863891        3.7664098556487184     
   7.4802194618870818E-002   1.1031395259764625        3.7400590687780304     
   7.4927491427277643E-002   1.1023553225354790        3.7136442757677104     
   7.5052788235684467E-002   1.1015705379539031        3.6871716129649807     
   7.5178085044091292E-002   1.1007853658655877        3.6606472589796977     
   7.5303381852498116E-002   1.0999999999999968        3.6340774336942254     
   7.5428678660904941E-002   1.0992146341344056        3.6074683972398311     
   7.5553975469311765E-002   1.0984294620460902        3.5808264489389425     
   7.5679272277718590E-002   1.0976446774645146        3.5541579262122847     
   7.5804569086125415E-002   1.0968604740235308        3.5274692034503485     
   7.5929865894532239E-002   1.0960770452136044        3.5007666908484438     
   7.6055162702939064E-002   1.0952945843340709        3.4740568332044868     
   7.6180459511345888E-002   1.0945132844454442        3.4473461086791080     
   7.6305756319752713E-002   1.0937333383217813        3.4206410275172230     
   7.6431053128159537E-002   1.0929549384031172        3.3939481307305122     
   7.6556349936566362E-002   1.0921782767479848        3.3672739887403544     
   7.6681646744973186E-002   1.0914035449860258        3.3406251999804235     
   7.6806943553380011E-002   1.0906309342707101        3.3140083894587229     
   7.6932240361786836E-002   1.0898606352321707        3.2874302072783297     
   7.7057537170193660E-002   1.0890928379301692        3.2608973271166186     
   7.7182833978600485E-002   1.0883277318072009        3.2344164446624686     
   7.7308130787007309E-002   1.0875655056417535        3.2079942760112035     
   7.7433427595414134E-002   1.0868063475017276        3.1816375560168111     
   7.7558724403820958E-002   1.0860504446980348        3.1553530366014799     
   7.7684021212227783E-002   1.0852979837383809        3.1291474850219974     
   7.7809318020634607E-002   1.0845491502812488        3.1030276820930802     
   7.7934614829041432E-002   1.0838041290900886        3.0770004203674439     
   7.8059911637448257E-002   1.0830631039877314        3.0510725022726808     
   7.8185208445855081E-002   1.0823262578110333        3.0252507382049791     
   7.8310505254261906E-002   1.0815937723657623        2.9995419445797706     
   7.8435802062668730E-002   1.0808658283817416        2.9739529418395678     
   7.8561098871075555E-002   1.0801426054682570        2.9484905524192073     
   7.8686395679482379E-002   1.0794242820697406        2.9231615986687420     
   7.8811692487889204E-002   1.0787110354217424        2.8979729007345769     
   7.8936989296296028E-002   1.0780030415072002        2.8729312743990989     
   7.9062286104702853E-002   1.0773004750130186        2.8480435288795336     
   7.9187582913109678E-002   1.0766035092869672        2.8233164645864948     
   7.9312879721516502E-002   1.0759123162949102        2.7987568708430839     
   7.9438176529923327E-002   1.0752270665783756        2.7743715235651454     
   7.9563473338330151E-002   1.0745479292124773        2.7501671829037169     
   7.9688770146736976E-002   1.0738750717641985        2.7261505908504837     
   7.9814066955143800E-002   1.0732086602510462        2.7023284688072708     
   7.9939363763550625E-002   1.0725488591000893        2.6787075151207609     
   8.0064660571957449E-002   1.0718958311073894        2.6552944025835816     
   8.0189957380364274E-002   1.0712497373978320        2.6320957759028869     
   8.0315254188771099E-002   1.0706107373853724        2.6091182491380929     
   8.0440550997177923E-002   1.0699789887337019        2.5863684031088674     
   8.0565847805584748E-002   1.0693546473173472        2.5638527827751001     
   8.0691144613991572E-002   1.0687378671832108        2.5415778945904011     
   8.0816441422398397E-002   1.0681288005125615        2.5195502038307067     
   8.0941738230805221E-002   1.0675275975834868        2.4977761318999057     
   8.1067035039212046E-002   1.0669344067338136        2.4762620536141799     
   8.1192331847618870E-002   1.0663493743245074        2.4550142944670248     
   8.1317628656025695E-002   1.0657726447035618        2.4340391278769831     
   8.1442925464432520E-002   1.0652043601703804        2.4133427724200014     
   8.1568222272839344E-002   1.0646446609406688        2.3929313890487558     
   8.1693519081246169E-002   1.0640936851118368        2.3728110783009013     
   8.1818815889652993E-002   1.0635515686289256        2.3529878774987103     
   8.1944112698059818E-002   1.0630184452510658        2.3334677579423362     
   8.2069409506466642E-002   1.0624944465184734        2.3142566220990815     
   8.2194706314873467E-002   1.0619797017199948        2.2953603007911862     
   8.2320003123280291E-002   1.0614743378612070        2.2767845503845749     
   8.2445299931687116E-002   1.0609784796330801        2.2585350499811456     
   8.2570596740093941E-002   1.0604922493812121        2.2406173986172333     
   8.2695893548500765E-002   1.0600157670756420        2.2230371124708750     
   8.2821190356907590E-002   1.0595491502812493        2.2057996220805274     
   8.2946487165314414E-002   1.0590925141287455        2.1889102695780385     
   8.3071783973721239E-002   1.0586459712862686        2.1723743059386171     
   8.3197080782128063E-002   1.0582096319315832        2.1561968882505265     
   8.3322377590534888E-002   1.0577836037248962        2.1403830770073986     
   8.3447674398941712E-002   1.0573679917822922        2.1249378334259510     
   8.3572971207348537E-002   1.0569628986497999        2.1098660167920151     
   8.3698268015755362E-002   1.0565684242780875        2.0951723818375649     
   8.3823564824162186E-002   1.0561846659978040        2.0808615761518854     
   8.3948861632569011E-002   1.0558117184955624        2.0669381376294242     
   8.4074158440975835E-002   1.0554496737905787        2.0534064919574861     
   8.4199455249382660E-002   1.0550986212119666        2.0402709501463421     
   8.4324752057789484E-002   1.0547586473766963        2.0275357061047248     
   8.4450048866196309E-002   1.0544298361682252        2.0152048342636069     
   8.4575345674603133E-002   1.0541122687157984        2.0032822872507285     
   8.4700642483009958E-002   1.0538060233744333        1.9917718936190054     
   8.4825939291416783E-002   1.0535111757055851        1.9806773556311956     
   8.4951236099823607E-002   1.0532277984585043        1.9700022471037268     
   8.5076532908230432E-002   1.0529559615522865        1.9597500113121464     
   8.5201829716637256E-002   1.0526957320586208        1.9499239589608353     
   8.5327126525044081E-002   1.0524471741852404        1.9405272662194655     
   8.5452423333450905E-002   1.0522103492600816        1.9315629728286829     
   8.5577720141857730E-002   1.0519853157161512        1.9230339802772818     
   8.5703016950264554E-002   1.0517721290771085        1.9149430500532858     
   8.5828313758671379E-002   1.0515708419435668        1.9072928019711175     
   8.5953610567078204E-002   1.0513815039801147        1.9000857125769521     
   8.6078907375485028E-002   1.0512041619030612        1.8933241136343351     
   8.6204204183891853E-002   1.0510388594689104        1.8870101906920373     
   8.6329500992298677E-002   1.0508856374635642        1.8811459817359810     
   8.6454797800705502E-002   1.0507445336922601        1.8757333759270181     
   8.6580094609112326E-002   1.0506155829702422        1.8707741124261785     
   8.6705391417519151E-002   1.0504988171141711        1.8662697793089487     
   8.6830688225925975E-002   1.0503942649342752        1.8622218125701058     
   8.6955985034332800E-002   1.0503019522272403        1.8586314952202594     
   8.7081281842739625E-002   1.0502219017698453        1.8554999564754420     
   8.7206578651146449E-002   1.0501541333133431        1.8528281710408221     
   8.7331875459553274E-002   1.0500986635785861        1.8506169584894021     
   8.7457172267960098E-002   1.0500555062519012        1.8488669827366655     
   8.7582469076366923E-002   1.0500246719817132        1.8475787516118185     
   8.7707765884773747E-002   1.0500061683759170        1.8467526165262191     
   8.7833062693180572E-002   1.0500000000000000        1.8463887722394263     
   8.7958359501587396E-002   1.0500061683759172        1.8464872567232937     
   8.8083656309994221E-002   1.0500246719817137        1.8470479511241367     
   8.8208953118401046E-002   1.0500555062519019        1.8480705798232220     
   8.8334249926807870E-002   1.0500986635785869        1.8495547105953476     
   8.8459546735214695E-002   1.0501541333133444        1.8514997548654237     
   8.8584843543621519E-002   1.0502219017698469        1.8539049680626796     
   8.8710140352028344E-002   1.0503019522272419        1.8567694500720475     
   8.8835437160435168E-002   1.0503942649342772        1.8600921457821158     
   8.8960733968841993E-002   1.0504988171141734        1.8638718457289483     
   8.9086030777248817E-002   1.0506155829702444        1.8681071868349481     
   8.9211327585655642E-002   1.0507445336922627        1.8727966532417681     
   8.9336624394062467E-002   1.0508856374635671        1.8779385772361530     
   8.9461921202469291E-002   1.0510388594689135        1.8835311402675798     
   8.9587218010876116E-002   1.0512041619030645        1.8895723740562955     
   8.9712514819282940E-002   1.0513815039801182        1.8960601617903792     
   8.9837811627689765E-002   1.0515708419435705        1.9029922394101770     
   8.9963108436096589E-002   1.0517721290771123        1.9103661969785839     
   9.0088405244503414E-002   1.0519853157161552        1.9181794801352603     
   9.0213702052910238E-002   1.0522103492600861        1.9264293916330553     
   9.0338998861317063E-002   1.0524471741852450        1.9351130929545770     
   9.0464295669723888E-002   1.0526957320586254        1.9442276060069201     
   9.0589592478130712E-002   1.0529559615522917        1.9537698148923761     
   9.0714889286537537E-002   1.0532277984585097        1.9637364677528881     
   9.0840186094944361E-002   1.0535111757055906        1.9741241786859993     
   9.0965482903351186E-002   1.0538060233744391        1.9849294297298905     
   9.1090779711758010E-002   1.0541122687158044        1.9961485729150417     
   9.1216076520164835E-002   1.0544298361682314        2.0077778323800595     
   9.1341373328571659E-002   1.0547586473767028        2.0198133065490187     
   9.1466670136978484E-002   1.0550986212119731        2.0322509703678300     
   9.1591966945385309E-002   1.0554496737905856        2.0450866775968279     
   9.1717263753792133E-002   1.0558117184955695        2.0583161631569040     
   9.1842560562198958E-002   1.0561846659978111        2.0719350455265473     
   9.1967857370605782E-002   1.0565684242780948        2.0859388291868406     
   9.2093154179012607E-002   1.0569628986498074        2.1003229071117149     
   9.2218450987419431E-002   1.0573679917823002        2.1150825633005654     
   9.2343747795826256E-002   1.0577836037249042        2.1302129753504815     
   9.2469044604233080E-002   1.0582096319315915        2.1457092170650944     
   9.2594341412639905E-002   1.0586459712862770        2.1615662610973239     
   9.2719638221046730E-002   1.0590925141287542        2.1777789816230060     
   9.2844935029453554E-002   1.0595491502812582        2.1943421570426977     
   9.2970231837860379E-002   1.0600157670756511        2.2112504727086839     
   9.3095528646267203E-002   1.0604922493812212        2.2284985236744501     
   9.3220825454674028E-002   1.0609784796330894        2.2460808174637088     
   9.3346122263080852E-002   1.0614743378612166        2.2639917768562339     
   9.3471419071487677E-002   1.0619797017200046        2.2822257426877792     
   9.3596715879894501E-002   1.0624944465184833        2.3007769766612776     
   9.3722012688301326E-002   1.0630184452510760        2.3196396641666208     
   9.3847309496708151E-002   1.0635515686289361        2.3388079171064633     
   9.3972606305114975E-002   1.0640936851118472        2.3582757767253324     
   9.4097903113521800E-002   1.0646446609406794        2.3780372164395422     
   9.4223199921928624E-002   1.0652043601703913        2.3980861446653661     
   9.4348496730335449E-002   1.0657726447035727        2.4184164076430275     
   9.4473793538742273E-002   1.0663493743245187        2.4390217922542021     
   9.4599090347149098E-002   1.0669344067338249        2.4598960288304639     
   9.4724387155555922E-002   1.0675275975834984        2.4810327939507015     
   9.4849683963962747E-002   1.0681288005125733        2.5024257132250849     
   9.4974980772369572E-002   1.0687378671832226        2.5240683640635169     
   9.5100277580776396E-002   1.0693546473173592        2.5459542784265574     
   9.5225574389183221E-002   1.0699789887337139        2.5680769455567409     
   9.5350871197590045E-002   1.0706107373853846        2.5904298146884628     
   9.5476168005996870E-002   1.0712497373978445        2.6130062977345032     
   9.5601464814403694E-002   1.0718958311074018        2.6357997719475525     
   9.5726761622810519E-002   1.0725488591001020        2.6588035825549441     
   9.5852058431217343E-002   1.0732086602510589        2.6820110453650372     
   9.5977355239624168E-002   1.0738750717642114        2.7054154493437808     
   9.6102652048030993E-002   1.0745479292124904        2.7290100591599540     
   9.6227948856437817E-002   1.0752270665783887        2.7527881176977296     
   9.6353245664844642E-002   1.0759123162949233        2.7767428485353749     
   9.6478542473251466E-002   1.0766035092869806        2.8008674583888014     
   9.6603839281658291E-002   1.0773004750130319        2.8251551395189067     
   9.6729136090065115E-002   1.0780030415072137        2.8495990721016531     
   9.6854432898471940E-002   1.0787110354217559        2.8741924265599561     
   9.6979729706878764E-002   1.0794242820697542        2.8989283658565785     
   9.7105026515285589E-002   1.0801426054682708        2.9238000477471187     
   9.7230323323692414E-002   1.0808658283817554        2.9488006269924485     
   9.7355620132099238E-002   1.0815937723657760        2.9739232575300503     
   9.7480916940506063E-002   1.0823262578110473        2.9991610946035632     
   9.7606213748912887E-002   1.0830631039877456        3.0245072968501319     
   9.7731510557319712E-002   1.0838041290901028        3.0499550283452068     
   9.7856807365726536E-002   1.0845491502812630        3.0754974606043421     
   9.7982104174133361E-002   1.0852979837383954        3.1011277745418364     
   9.8107400982540185E-002   1.0860504446980490        3.1268391623859437     
   9.8232697790947010E-002   1.0868063475017420        3.1526248295506534     
   9.8357994599353835E-002   1.0875655056417679        3.1784779964637684     
   9.8483291407760659E-002   1.0883277318072155        3.2043919003515153     
   9.8608588216167484E-002   1.0890928379301839        3.2303597969795681     
   9.8733885024574308E-002   1.0898606352321853        3.2563749623507081     
   9.8859181832981133E-002   1.0906309342707248        3.2824306943592854     
   9.8984478641387957E-002   1.0914035449860406        3.3085203144026121     
   9.9109775449794782E-002   1.0921782767479997        3.3346371689497327     
   9.9235072258201606E-002   1.0929549384031321        3.3607746310677231     
   9.9360369066608431E-002   1.0937333383217960        3.3869261019061061     
   9.9485665875015256E-002   1.0945132844454590        3.4130850121395473     
   9.9610962683422080E-002   1.0952945843340858        3.4392448233695201     
   9.9736259491828905E-002   1.0960770452136193        3.4653990294853076     
   9.9861556300235729E-002   1.0968604740235459        3.4915411579849907     
   9.9986853108642554E-002   1.0976446774645294        3.5176647712567997     
  0.10011214991704938        1.0984294620461053        3.5437634678217318     
  0.10023744672545620        1.0992146341344207        3.5698308835377737     
  0.10036274353386303        1.1000000000000119        3.5958606927665935     
  0.10048804034226985        1.1007853658656028        3.6218466095032982     
  0.10061333715067668        1.1015705379539182        3.6477823884700289     
  0.10073863395908350        1.1023553225354941        3.6736618261740368     
  0.10086393076749033        1.1031395259764776        3.6994787619310818     
  0.10098922757589715        1.1039229547864042        3.7252270788549464     
  0.10111452438430397        1.1047054156659377        3.7509007048136196     
  0.10123982119271080        1.1054867155545642        3.7764936133533245     
  0.10136511800111762        1.1062666616782273        3.8019998245908493     
  0.10149041480952445        1.1070450615968912        3.8274134060751406     
  0.10161571161793127        1.1078217232520235        3.8527284736190470     
  0.10174100842633810        1.1085964550139826        3.8779391921018740     
  0.10186630523474492        1.1093690657292983        3.9030397762436766     
  0.10199160204315175        1.1101393647678377        3.9280244913521689     
  0.10211689885155857        1.1109071620698392        3.9528876540428994     
  0.10224219565996540        1.1116722681928073        3.9776236329337129     
  0.10236749246837222        1.1124344943582547        4.0022268493142006     
  0.10249278927677904        1.1131936524982806        4.0266917777909752     
  0.10261808608518587        1.1139495553019734        4.0510129469096094     
  0.10274338289359269        1.1147020162616272        4.0751849397539956     
  0.10286867970199952        1.1154508497187594        4.0992023945239486     
  0.10299397651040634        1.1161958709099193        4.1230600050918342     
  0.10311927331881317        1.1169368960122765        4.1467525215389909     
  0.10324457012721999        1.1176737421889746        4.1702747506726077     
  0.10336986693562682        1.1184062276342457        4.1936215565240200     
  0.10349516374403364        1.1191341716182663        4.2167878608288927     
  0.10362046055244047        1.1198573945317507        4.2397686434901916     
  0.10374575736084729        1.1205757179302671        4.2625589430245663     
  0.10387105416925412        1.1212889645782653        4.2851538569928262     
  0.10399635097766094        1.1219969584928073        4.3075485424151552     
  0.10412164778606776        1.1226995249869889        4.3297382161718039     
  0.10424694459447459        1.1233964907130403        4.3517181553897331     
  0.10437224140288141        1.1240876837050973        4.3734836978159413     
  0.10449753821128824        1.1247729334216319        4.3950302421780538     
  0.10462283501969506        1.1254520707875300        4.4163532485326247     
  0.10474813182810189        1.1261249282358088        4.4374482386018830     
  0.10487342863650871        1.1267913397489611        4.4583107960992781     
  0.10499872544491554        1.1274511408999177        4.4789365670444603     
  0.10512402225332236        1.1281041688926177        4.4993212600681183     
  0.10524931906172919        1.1287502626021748        4.5194606467071310     
  0.10537461587013601        1.1293892626146345        4.5393505616905880     
  0.10549991267854283        1.1300210112663049        4.5589869032169092     
  0.10562520948694966        1.1306453526826594        4.5783656332226981     
  0.10575050629535648        1.1312621328167958        4.5974827776435587     
  0.10587580310376331        1.1318711994874449        4.6163344266672564     
  0.10600109991217013        1.1324724024165196        4.6349167349796900     
  0.10612639672057696        1.1330655932661928        4.6532259220038110     
  0.10625169352898378        1.1336506256754988        4.6712582721320217     
  0.10637699033739061        1.1342273552964444        4.6890101349521087     
  0.10650228714579743        1.1347956398296257        4.7064779254671967     
  0.10662758395420426        1.1353553390593372        4.7236581243097877     
  0.10675288076261108        1.1359063148881692        4.7405472779503270     
  0.10687817757101790        1.1364484313710801        4.7571419989002717     
  0.10700347437942473        1.1369815547489399        4.7734389659100867     
  0.10712877118783155        1.1375055534815324        4.7894349241622063     
  0.10725406799623838        1.1380202982800107        4.8051266854591841     
  0.10737936480464520        1.1385256621387985        4.8205111284072402     
  0.10750466161305203        1.1390215203669254        4.8355851985951688     
  0.10762995842145885        1.1395077506187932        4.8503459087689809     
  0.10775525522986568        1.1399842329243630        4.8647903390021403     
  0.10788055203827250        1.1404508497187558        4.8789156368617004     
  0.10800584884667933        1.1409074858712593        4.8927190175702666     
  0.10813114565508615        1.1413540287137363        4.9061977641639913     
  0.10825644246349297        1.1417903680684214        4.9193492276465145     
  0.10838173927189980        1.1422163962751086        4.9321708271390685     
  0.10850703608030662        1.1426320082177122        4.9446600500266165     
  0.10863233288871345        1.1430371013502045        4.9568144521002377     
  0.10875762969712027        1.1434315757219169        4.9686316576955623     
  0.10888292650552710        1.1438153340022001        4.9801093598274635     
  0.10900822331393392        1.1441882815044415        4.9912453203209663     
  0.10913352012234075        1.1445503262094252        5.0020373699382352     
  0.10925881693074757        1.1449013787880373        5.0124834085018062     
  0.10938411373915440        1.1452413526233074        5.0225814050139856     
  0.10950941054756122        1.1455701638317783        5.0323293977723420     
  0.10963470735596804        1.1458877312842051        5.0417254944813212     
  0.10976000416437487        1.1461939766255700        5.0507678723599509     
  0.10988530097278169        1.1464888242944182        5.0594547782456036     
  0.11001059778118852        1.1467722015414987        5.0677845286937027     
  0.11013589458959534        1.1470440384477165        5.0757555100734821     
  0.11026119139800217        1.1473042679413823        5.0833661786595616     
  0.11038648820640899        1.1475528258147625        5.0906150607195313     
  0.11051178501481582        1.1477896507399210        5.0975007525971998     
  0.11063708182322264        1.1480146842838514        5.1040219207917827     
  0.11076237863162947        1.1482278709228939        5.1101773020326959     
  0.11088767544003629        1.1484291580564354        5.1159657033501400     
  0.11101297224844311        1.1486184960198875        5.1213860021412074     
  0.11113826905684994        1.1487958380969407        5.1264371462316483     
  0.11126356586525676        1.1489611405310916        5.1311181539332349     
  0.11138886267366359        1.1491143625364373        5.1354281140964178     
  0.11151415948207041        1.1492554663077414        5.1393661861587070     
  0.11163945629047724        1.1493844170297594        5.1429316001882208     
  0.11176475309888406        1.1495011828858301        5.1461236569227671     
  0.11189004990729089        1.1496057350657258        5.1489417278041953     
  0.11201534671569771        1.1496980477727607        5.1513852550080692     
  0.11214064352410454        1.1497780982301555        5.1534537514685796     
  0.11226594033251136        1.1498458666866578        5.1551468008988035     
  0.11239123714091818        1.1499013364214146        5.1564640578060201     
  0.11251653394932501        1.1499444937480994        5.1574052475024379     
  0.11264183075773183        1.1499753280182872        5.1579701661109212     
  0.11276712756613866        1.1499938316240834        5.1581586805660464     
  0.11289242437454548        1.1500000000000001        5.1579707286102066     
  0.11301772118295231        1.1499938316240830        5.1574063187849992     
  0.11314301799135913        1.1499753280182863        5.1564655304176847     
  0.11326831479976596        1.1499444937480978        5.1551485136028861     
  0.11339361160817278        1.1499013364214126        5.1534554891794722     
  0.11351890841657961        1.1498458666866553        5.1513867487025822     
  0.11364420522498643        1.1497780982301526        5.1489426544109094     
  0.11376950203339325        1.1496980477727572        5.1461236391892742     
  0.11389479884180008        1.1496057350657221        5.1429302065263709     
  0.11402009565020690        1.1495011828858257        5.1393629304678266     
  0.11414539245861373        1.1493844170297545        5.1354224555646910     
  0.11427068926702055        1.1492554663077359        5.1311094968171611     
  0.11439598607542738        1.1491143625364315        5.1264248396138079     
  0.11452128288383420        1.1489611405310851        5.1213693396662094     
  0.11464657969224103        1.1487958380969339        5.1159439229391159     
  0.11477187650064785        1.1486184960198800        5.1101495855761447     
  0.11489717330905468        1.1484291580564276        5.1039873938211162     
  0.11502247011746150        1.1482278709228857        5.0974584839349726     
  0.11514776692586833        1.1480146842838426        5.0905640621085269     
  0.11527306373427515        1.1477896507399117        5.0833054043709236     
  0.11539836054268197        1.1475528258147527        5.0756838564938942     
  0.11552365735108880        1.1473042679413719        5.0677008338919949     
  0.11564895415949562        1.1470440384477056        5.0593578215187911     
  0.11577425096790245        1.1467722015414876        5.0506563737590042     
  0.11589954777630927        1.1464888242944065        5.0415981143167592     
  0.11602484458471610        1.1461939766255580        5.0321847361000591     
  0.11615014139312292        1.1458877312841924        5.0224180011013342     
  0.11627543820152975        1.1455701638317655        5.0122997402743446     
  0.11640073500993657        1.1452413526232939        5.0018318534073298     
  0.11652603181834340        1.1449013787880233        4.9910163089926192     
  0.11665132862675022        1.1445503262094108        4.9798551440925412     
  0.11677662543515704        1.1441882815044266        4.9683504642018832     
  0.11690192224356387        1.1438153340021850        4.9565044431068497     
  0.11702721905197069        1.1434315757219011        4.9443193227404860     
  0.11715251586037752        1.1430371013501885        4.9317974130347997     
  0.11727781266878434        1.1426320082176957        4.9189410917693497     
  0.11740310947719117        1.1422163962750915        4.9057528044165704     
  0.11752840628559799        1.1417903680684041        4.8922350639836294     
  0.11765370309400482        1.1413540287137185        4.8783904508509943     
  0.11777899990241164        1.1409074858712414        4.8642216126075475     
  0.11790429671081847        1.1404508497187371        4.8497312638824210     
  0.11802959351922529        1.1399842329243441        4.8349221861733618     
  0.11815489032763211        1.1395077506187739        4.8197972276716294     
  0.11828018713603894        1.1390215203669056        4.8043593030835039     
  0.11840548394444576        1.1385256621387783        4.7886113934481660     
  0.11853078075285259        1.1380202982799901        4.7725565459520629     
  0.11865607756125941        1.1375055534815113        4.7561978737395147     
  0.11878137436966624        1.1369815547489186        4.7395385557195917     
  0.11890667117807306        1.1364484313710586        4.7225818363691197     
  0.11903196798647989        1.1359063148881472        4.7053310255316685     
  0.11915726479488671        1.1353553390593147        4.6877894982124308     
  0.11928256160329354        1.1347956398296029        4.6699606943687906     
  0.11940785841170036        1.1342273552964215        4.6518481186965035     
  0.11953315522010718        1.1336506256754755        4.6334553404111762     
  0.11965845202851401        1.1330655932661691        4.6147859930249808     
  0.11978374883692083        1.1324724024164956        4.5958437741183351     
  0.11990904564532766        1.1318711994874207        4.5766324451062319     
  0.12003434245373448        1.1312621328167711        4.5571558309991529     
  0.12015963926214131        1.1306453526826346        4.5374178201581090     
  0.12028493607054813        1.1300210112662796        4.5174223640436386     
  0.12041023287895496        1.1293892626146089        4.4971734769583973     
  0.12053552968736178        1.1287502626021491        4.4766752357830377     
  0.12066082649576861        1.1281041688925915        4.4559317797050406     
  0.12078612330417543        1.1274511408998913        4.4349473099400853     
  0.12091142011258225        1.1267913397489342        4.4137260894456460     
  0.12103671692098908        1.1261249282357817        4.3922724426263082     
  0.12116201372939590        1.1254520707875026        4.3705907550304488     
  0.12128731053780273        1.1247729334216043        4.3486854730378663     
  0.12141260734620955        1.1240876837050695        4.3265611035377454     
  0.12153790415461638        1.1233964907130123        4.3042222135966481     
  0.12166320096302320        1.1226995249869607        4.2816734301158554     
  0.12178849777143003        1.1219969584927789        4.2589194394776584     
  0.12191379457983685        1.1212889645782367        4.2359649871799752     
  0.12203909138824368        1.1205757179302382        4.2128148774587073     
  0.12216438819665050        1.1198573945317218        4.1894739728973489     
  0.12228968500505732        1.1191341716182370        4.1659471940230484     
  0.12241498181346415        1.1184062276342164        4.1422395188887675     
  0.12254027862187097        1.1176737421889451        4.1183559826405620     
  0.12266557543027780        1.1169368960122468        4.0943016770696063     
  0.12279087223868462        1.1161958709098894        4.0700817501480921     
  0.12291616904709145        1.1154508497187292        4.0457014055483862     
  0.12304146585549827        1.1147020162615970        4.0211659021446842     
  0.12316676266390510        1.1139495553019432        3.9964805534964771     
  0.12329205947231192        1.1131936524982502        3.9716507273130457     
  0.12341735628071875        1.1124344943582241        3.9466818448981895     
  0.12354265308912557        1.1116722681927766        3.9215793805745327     
  0.12366794989753239        1.1109071620698083        3.8963488610864414     
  0.12379324670593922        1.1101393647678066        3.8709958649809488     
  0.12391854351434604        1.1093690657292672        3.8455260219657474     
  0.12404384032275287        1.1085964550139513        3.8199450122434508     
  0.12416913713115969        1.1078217232519922        3.7942585658213948     
  0.12429443393956652        1.1070450615968599        3.7684724617960250     
  0.12441973074797334        1.1062666616781958        3.7425925276110950     
  0.12454502755638017        1.1054867155545327        3.7166246382889336     
  0.12467032436478699        1.1047054156659062        3.6905747156337525     
  0.12479562117319382        1.1039229547863727        3.6644487274063127     
  0.12492091798160064        1.1031395259764460        3.6382526864690954     
  0.12504621479000746        1.1023553225354623        3.6119926499010981     
  0.12517151159841428        1.1015705379538867        3.5856747180815014     
  0.12529680840682109        1.1007853658655713        3.5593050337412930     
  0.12542210521522790        1.0999999999999803        3.5328897809822060     
  0.12554740202363471        1.0992146341343894        3.5064351842620241     
  0.12567269883204152        1.0984294620460739        3.4799475073455630     
  0.12579799564044833        1.0976446774644983        3.4534330522205789     
  0.12592329244885514        1.0968604740235148        3.4268981579777744     
  0.12604858925726195        1.0960770452135884        3.4003491996543165     
  0.12617388606566876        1.0952945843340549        3.3737925870400147     
  0.12629918287407557        1.0945132844454284        3.3472347634456541     
  0.12642447968248238        1.0937333383217656        3.3206822044326998     
  0.12654977649088919        1.0929549384031017        3.2941414165038125     
  0.12667507329929600        1.0921782767479693        3.2676189357536463     
  0.12680037010770281        1.0914035449860107        3.2411213264792749     
  0.12692566691610963        1.0906309342706950        3.2146551797497960     
  0.12705096372451644        1.0898606352321556        3.1882271119347183     
  0.12717626053292325        1.0890928379301543        3.1618437631905532     
  0.12730155734133006        1.0883277318071862        3.1355117959052730     
  0.12742685414973687        1.0875655056417388        3.1092378931004689     
  0.12755215095814368        1.0868063475017131        3.0830287567906134     
  0.12767744776655049        1.0860504446980204        3.0568911062994615     
  0.12780274457495730        1.0852979837383667        3.0308316765333019     
  0.12792804138336411        1.0845491502812348        3.0048572162109157     
  0.12805333819177092        1.0838041290900746        2.9789744860501424     
  0.12817863500017773        1.0830631039877179        2.9531902569112773     
  0.12830393180858454        1.0823262578110195        2.9275113078969133     
  0.12842922861699135        1.0815937723657487        2.9019444244089261     
  0.12855452542539816        1.0808658283817283        2.8764963961621715     
  0.12867982223380497        1.0801426054682439        2.8511740151556983     
  0.12880511904221179        1.0794242820697277        2.8259840736014312     
  0.12893041585061860        1.0787110354217297        2.8009333618109036     
  0.12905571265902541        1.0780030415071877        2.7760286660404336     
  0.12918100946743222        1.0773004750130064        2.7512767662953577     
  0.12930630627583903        1.0766035092869550        2.7266844340938450     
  0.12943160308424584        1.0759123162948983        2.7022584301911476     
  0.12955689989265265        1.0752270665783639        2.6780055022648610     
  0.12968219670105946        1.0745479292124658        2.6539323825622581     
  0.12980749350946627        1.0738750717641872        2.6300457855105228     
  0.12993279031787308        1.0732086602510349        2.6063524052908837     
  0.13005808712627989        1.0725488591000782        2.5828589133778812     
  0.13018338393468670        1.0718958311073787        2.5595719560447998     
  0.13030868074309351        1.0712497373978214        2.5364981518365859     
  0.13043397755150032        1.0706107373853619        2.5136440890117546     
  0.13055927435990713        1.0699789887336915        2.4910163229543851     
  0.13068457116831395        1.0693546473173372        2.4686213735580993     
  0.13080986797672076        1.0687378671832009        2.4464657225832789     
  0.13093516478512757        1.0681288005125520        2.4245558109894891     
  0.13106046159353438        1.0675275975834775        2.4028980362446157     
  0.13118575840194119        1.0669344067338042        2.3814987496127418     
  0.13131105521034800        1.0663493743244983        2.3603642534225413     
  0.13143635201875481        1.0657726447035527        2.3395007983182694     
  0.13156164882716162        1.0652043601703718        2.3189145804953131     
  0.13168694563556843        1.0646446609406603        2.2986117389225065     
  0.13181224244397524        1.0640936851118286        2.2785983525534412     
  0.13193753925238205        1.0635515686289176        2.2588804375288967     
  0.13206283606078886        1.0630184452510578        2.2394639443728814     
  0.13218813286919567        1.0624944465184656        2.2203547551845793     
  0.13231342967760248        1.0619797017199872        2.2015586808286813     
  0.13243872648600929        1.0614743378611995        2.1830814581266069     
  0.13256402329441611        1.0609784796330728        2.1649287470512162     
  0.13268932010282292        1.0604922493812050        2.1471061279275121     
  0.13281461691122973        1.0600157670756354        2.1296190986421268     
  0.13293991371963654        1.0595491502812426        2.1124730718641613     
  0.13306521052804335        1.0590925141287391        2.0956733722802108     
  0.13319050733645016        1.0586459712862624        2.0792252338462163     
  0.13331580414485697        1.0582096319315772        2.0631337970590944     
  0.13344110095326378        1.0577836037248902        2.0474041062508017     
  0.13356639776167059        1.0573679917822867        2.0320411069077791     
  0.13369169457007740        1.0569628986497943        2.0170496430185669     
  0.13381699137848421        1.0565684242780822        2.0024344544524859     
  0.13394228818689102        1.0561846659977989        1.9882001743721709     
  0.13406758499529783        1.0558117184955575        1.9743513266829440     
  0.13419288180370464        1.0554496737905741        1.9608923235217821     
  0.13431817861211146        1.0550986212119620        1.9478274627887322     
  0.13444347542051827        1.0547586473766921        1.9351609257236577     
  0.13456877222892508        1.0544298361682209        1.9228967745310466     
  0.13469406903733189        1.0541122687157944        1.9110389500557776     
  0.13481936584573870        1.0538060233744295        1.8995912695124366     
  0.13494466265414551        1.0535111757055815        1.8885574242709737     
  0.13506995946255232        1.0532277984585010        1.8779409777014728     
  0.13519525627095913        1.0529559615522832        1.8677453630803940     
  0.13532055307936594        1.0526957320586177        1.8579738815611517     
  0.13544584988777275        1.0524471741852375        1.8486297002112366     
  0.13557114669617956        1.0522103492600787        1.8397158501186170     
  0.13569644350458637        1.0519853157161485        1.8312352245695867     
  0.13582174031299318        1.0517721290771060        1.8231905773003529     
  0.13594703712139999        1.0515708419435645        1.8155845208247956     
  0.13607233392980680        1.0513815039801124        1.8084195248403012     
  0.13619763073821362        1.0512041619030592        1.8016979147138255     
  0.13632292754662043        1.0510388594689086        1.7954218700501177     
  0.13644822435502724        1.0508856374635627        1.7895934233440263     
  0.13657352116343405        1.0507445336922587        1.7842144587185718     
  0.13669881797184086        1.0506155829702408        1.7792867107504506     
  0.13682411478024767        1.0504988171141700        1.7748117633845764     
  0.13694941158865448        1.0503942649342743        1.7707910489390291     
  0.13707470839706129        1.0503019522272394        1.7672258472017837     
  0.13720000520546810        1.0502219017698446        1.7641172846204061     
  0.13732530201387491        1.0501541333133424        1.7614663335857847     
  0.13745059882228172        1.0500986635785856        1.7592738118108910     
  0.13757589563068853        1.0500555062519008        1.7575403818053768     
  0.13770119243909534        1.0500246719817130        1.7562665504467967     
  0.13782648924750215        1.0500061683759168        1.7554526686488938     
  0.13795178605590896        1.0500000000000000        1.7550989311275824     
  0.13807708286431578        1.0500061683759172        1.7552053762648023     
  0.13820237967272259        1.0500246719817139        1.7557718860705429     
  0.13832767648112940        1.0500555062519024        1.7567981862430577     
  0.13845297328953621        1.0500986635785874        1.7582838463271357     
  0.13857827009794302        1.0501541333133448        1.7602282799704487     
  0.13870356690634983        1.0502219017698475        1.7626307452773207     
  0.13882886371475664        1.0503019522272428        1.7654903452597484     
  0.13895416052316345        1.0503942649342781        1.7688060283849378     
  0.13907945733157026        1.0504988171141743        1.7725765892186316     
  0.13920475413997707        1.0506155829702455        1.7768006691634946     
  0.13933005094838388        1.0507445336922638        1.7814767572914276     
  0.13945534775679069        1.0508856374635684        1.7866031912688847     
  0.13958064456519750        1.0510388594689148        1.7921781583738250     
  0.13970594137360431        1.0512041619030659        1.7981996966031515     
  0.13983123818201112        1.0513815039801195        1.8046656958689924     
  0.13995653499041794        1.0515708419435721        1.8115738992824522     
  0.14008183179882475        1.0517721290771140        1.8189219045230325     
  0.14020712860723156        1.0519853157161569        1.8267071652920639     
  0.14033242541563837        1.0522103492600878        1.8349269928482281     
  0.14045772222404518        1.0524471741852468        1.8435785576231922     
  0.14058301903245199        1.0526957320586274        1.8526588909153787     
  0.14070831584085880        1.0529559615522937        1.8621648866596279     
  0.14083361264926561        1.0532277984585119        1.8720933032705951     
  0.14095890945767242        1.0535111757055928        1.8824407655575779     
  0.14108420626607923        1.0538060233744413        1.8932037667083825     
  0.14120950307448604        1.0541122687158067        1.9043786703397445     
  0.14133479988289285        1.0544298361682336        1.9159617126118922     
  0.14146009669129966        1.0547586473767050        1.9279490044045426     
  0.14158539349970647        1.0550986212119755        1.9403365335518901     
  0.14171069030811329        1.0554496737905881        1.9531201671336955     
  0.14183598711652010        1.0558117184955720        1.9662956538200007     
  0.14196128392492691        1.0561846659978136        1.9798586262665150     
  0.14208658073333372        1.0565684242780973        1.9938046035580232     
  0.14221187754174053        1.0569628986498099        2.0081289936969240     
  0.14233717435014734        1.0573679917823027        2.0228270961341006     
  0.14246247115855415        1.0577836037249067        2.0378941043392866     
  0.14258776796696096        1.0582096319315941        2.0533251084081012     
  0.14271306477536777        1.0586459712862797        2.0691150977026851     
  0.14283836158377458        1.0590925141287566        2.0852589635234331     
  0.14296365839218139        1.0595491502812606        2.1017515018086210     
  0.14308895520058820        1.0600157670756536        2.1185874158592162     
  0.14321425200899501        1.0604922493812237        2.1357613190861011     
  0.14333954881740182        1.0609784796330919        2.1532677377767517     
  0.14346484562580863        1.0614743378612190        2.1711011138786684     
  0.14359014243421545        1.0619797017200072        2.1892558077967617     
  0.14371543924262226        1.0624944465184858        2.2077261012019678     
  0.14384073605102907        1.0630184452510785        2.2265061998483944     
  0.14396603285943588        1.0635515686289385        2.2455902363963127     
  0.14409132966784269        1.0640936851118497        2.2649722732384490     
  0.14421662647624950        1.0646446609406819        2.2846463053269654     
  0.14434192328465631        1.0652043601703935        2.3046062629985649     
  0.14446722009306312        1.0657726447035751        2.3248460147954573     
  0.14459251690146993        1.0663493743245209        2.3453593702794855     
  0.14471781370987674        1.0669344067338271        2.3661400828374419     
  0.14484311051828355        1.0675275975835006        2.3871818524749417     
  0.14496840732669036        1.0681288005125755        2.4084783285969564     
  0.14509370413509717        1.0687378671832246        2.4300231127725804     
  0.14521900094350398        1.0693546473173612        2.4518097614823624     
  0.14534429775191079        1.0699789887337159        2.4738317888456929     
  0.14546959456031761        1.0706107373853866        2.4960826693268290     
  0.14559489136872442        1.0712497373978462        2.5185558404174038     
  0.14572018817713123        1.0718958311074038        2.5412447052938023     
  0.14584548498553804        1.0725488591001038        2.5641426354476389     
  0.14597078179394485        1.0732086602510607        2.5872429732878492     
  0.14609607860235166        1.0738750717642132        2.6105390347127448     
  0.14622137541075847        1.0745479292124922        2.6340241116506879     
  0.14634667221916528        1.0752270665783903        2.6576914745680003     
  0.14647196902757209        1.0759123162949249        2.6815343749428857     
  0.14659726583597890        1.0766035092869821        2.7055460477039981     
  0.14672256264438571        1.0773004750130335        2.7297197136328202     
  0.14684785945279252        1.0780030415072150        2.7540485817285858     
  0.14697315626119933        1.0787110354217573        2.7785258515349507     
  0.14709845306960614        1.0794242820697555        2.8031447154274529     
  0.14722374987801295        1.0801426054682719        2.8278983608610311     
  0.14734904668641977        1.0808658283817567        2.8527799725769096     
  0.14747434349482658        1.0815937723657771        2.8777827347681177     
  0.14759964030323339        1.0823262578110484        2.9028998332033011     
  0.14772493711164020        1.0830631039877465        2.9281244573080127     
  0.14785023392004701        1.0838041290901037        2.9534498022035143     
  0.14797553072845382        1.0845491502812636        2.9788690707023155     
  0.14810082753686063        1.0852979837383960        3.0043754752605403     
  0.14822612434526744        1.0860504446980497        3.0299622398866877     
  0.14835142115367425        1.0868063475017427        3.0556226020068569     
  0.14847671796208106        1.0875655056417683        3.0813498142861495     
  0.14860201477048787        1.0883277318072160        3.1071371464065396     
  0.14872731157889468        1.0890928379301841        3.1329778868009273     
  0.14885260838730149        1.0898606352321856        3.1588653443438415     
  0.14897790519570830        1.0906309342707248        3.1847928499987002     
  0.14910320200411512        1.0914035449860406        3.2107537584220389     
  0.14922849881252193        1.0921782767479995        3.2367414495248261     
  0.14935379562092874        1.0929549384031321        3.2627493299913848     
  0.14947909242933555        1.0937333383217958        3.2887708347560967     
  0.14960438923774236        1.0945132844454588        3.3147994284385387     
  0.14972968604614917        1.0952945843340853        3.3408286067372335     
  0.14985498285455598        1.0960770452136188        3.3668518977828081     
  0.14998027966296279        1.0968604740235453        3.3928628634508837     
  0.15010557647136960        1.0976446774645288        3.4188551006354055     
  0.15023087327977641        1.0984294620461044        3.4448222424829344     
  0.15035617008818322        1.0992146341344198        3.4707579595885885     
