   3.5136418446315272E-002   1.1000000000000001        5.7806314133793961     
   7.0272836892630544E-002   1.1010471209941679        5.7259385300802181     
  0.10540925533894582        1.1020937826864601        5.6730579153223530     
  0.14054567378526109        1.1031395259764658        5.6219152231822509     
  0.17568209223157635        1.1041838921666158        5.5724380180684161     
  0.21081851067789162        1.1052264231633828        5.5245557194028478     
  0.24595492912420688        1.1062666616782153        5.4781995483640804     
  0.28109134757052218        1.1073041514281208        5.4333024766460269     
  0.31622776601683744        1.1083384373358052        5.3897991771880802     
  0.35136418446315271        1.1093690657292863        5.3476259768337977     
  0.38650060290946797        1.1103955845408882        5.3067208108761408     
  0.42163702135578324        1.1114175435055329        5.2670231794490228     
  0.45677343980209850        1.1124344943582429        5.2284741057255681     
  0.49190985824841377        1.1134459910307635        5.1910160958841578     
  0.52704627669472903        1.1144515898472236        5.1545931008045756     
  0.56218269514104435        1.1154508497187474        5.1191504794566143     
  0.59731911358735967        1.1164433323369292        5.0846349639440387     
  0.63245553203367499        1.1174286023660909        5.0509946261675722     
  0.66759195047999031        1.1184062276342339        5.0181788460698948     
  0.70272836892630564        1.1193757793226053        4.9861382814267134     
  0.73786478737262096        1.1203368321537901        4.9548248391467640     
  0.77300120581893628        1.1212889645782538        4.9241916480447312     
  0.80813762426525160        1.1222317589592465        4.8941930330494392     
  0.84327404271156692        1.1231648017559932        4.8647844908104938     
  0.87841046115788224        1.1240876837050859        4.8359226666651987     
  0.91354687960419756        1.1250000000000000        4.8075653329275996     
  0.94868329805051288        1.1259013504686566        4.7796713684604963     
  0.98381971649682820        1.1267913397489500        4.7522007394907417     
   1.0189561349431435        1.1276695774621672        4.7251144816274948     
   1.0540925533894587        1.1285356783842218        4.6983746830418989     
   1.0892289718357739        1.1293892626146238        4.6719444687662550     
   1.1243653902820891        1.1302299557431188        4.6457879860694797     
   1.1595018087284044        1.1310573890139155        4.6198703908650085     
   1.1946382271747196        1.1318711994874346        4.5941578351062020     
   1.2297746456210348        1.1326710301995053        4.5686174551232925     
   1.2649110640673500        1.1334565303179429        4.5432173608553894     
   1.3000474825136652        1.1342273552964346        4.5179266259295847     
   1.3351839009599804        1.1349831670256683        4.4927152785386149     
   1.3703203194062956        1.1357236339816403        4.4675542930679457     
   1.4054567378526108        1.1364484313710708        4.4424155824215337     
   1.4405931562989260        1.1371572412738697        4.4172719909958555     
   1.4757295747452412        1.1378497527825879        4.3920972882501976     
   1.5108659931915565        1.1385256621387896        4.3668661628209460     
   1.5460024116378717        1.1391846728662920        4.3415542171274559     
   1.5811388300841869        1.1398264959012099        4.3161379624161071     
   1.6162752485305021        1.1404508497187476        4.2905948141890171     
   1.6514116669768173        1.1410574604566852        4.2649030879641234     
   1.6865480854231325        1.1416460620355051        4.2390419953127303     
   1.7216845038694477        1.1422163962751009        4.2129916401208618     
   1.7568209223157629        1.1427682130080254        4.1867330150213764     
   1.7919573407620781        1.1433012701892220        4.1602479979434550     
   1.8270937592083933        1.1438153340021933        4.1335193487273374     
   1.8622301776547086        1.1443101789615608        4.1065307057522311     
   1.8973665961010238        1.1447855880119708        4.0792665825265608     
   1.9325030145473390        1.1452413526233010        4.0517123641905561     
   1.9676394329936542        1.1456772728821301        4.0238543038824854     
   2.0027758514399694        1.1460931575794251        3.9956795189207388     
   2.0379122698862848        1.1464888242944127        3.9671759867560850     
   2.0730486883326003        1.1468640994745947        3.9383325406496943     
   2.1081851067789157        1.1472188185118741        3.9091388650342904     
   2.1433215252252311        1.1475528258147578        3.8795854905179379     
   2.1784579436715465        1.1478659748766034        3.8496637884920424     
   2.2135943621178620        1.1481581283398830        3.8193659653074548     
   2.2487307805641774        1.1484291580564316        3.7886850559847272     
   2.2838671990104928        1.1486789451436581        3.7576149174276128     
   2.3190036174568083        1.1489073800366905        3.7261502211108315     
   2.3541400359031237        1.1491143625364346        3.6942864452167892     
   2.3892764543494391        1.1492998018535254        3.6620198661979657     
   2.4244128727957546        1.1494636166481496        3.6293475497451833     
   2.4595492912420700        1.1496057350657241        3.5962673411448440     
   2.4946857096883854        1.1497260947684138        3.5627778550113809     
   2.5298221281347009        1.1498246429624752        3.5288784643841393     
   2.5649585465810163        1.1499013364214137        3.4945692891815083     
   2.6000949650273317        1.1499561415049431        3.4598511840078392     
   2.6352313834736472        1.1499890341737424        3.4247257253122991     
   2.6703678019199626        1.1500000000000001        3.3891951979020010     
   2.7055042203662780        1.1499890341737424        3.3532625808145853     
   2.7406406388125935        1.1499561415049431        3.3169315325591384     
   2.7757770572589089        1.1499013364214137        3.2802063757369861     
   2.8109134757052243        1.1498246429624752        3.2430920810573185     
   2.8460498941515397        1.1497260947684138        3.2055942507651065     
   2.8811863125978552        1.1496057350657241        3.1677191015021799     
   2.9163227310441706        1.1494636166481496        3.1294734466247331     
   2.9514591494904860        1.1492998018535254        3.0908646780031344     
   2.9865955679368015        1.1491143625364346        3.0519007473327697     
   3.0217319863831169        1.1489073800366905        3.0125901469865455     
   3.0568684048294323        1.1486789451436581        2.9729418904422191     
   3.0920048232757478        1.1484291580564316        2.9329654923196347     
   3.1271412417220632        1.1481581283398830        2.8926709480647559     
   3.1622776601683786        1.1478659748766034        2.8520687133189528     
   3.1974140786146941        1.1475528258147578        2.8111696830139850     
   3.2325504970610095        1.1472188185118741        2.7699851702335274     
   3.2676869155073249        1.1468640994745947        2.7285268848840913     
   3.3028233339536404        1.1464888242944127        2.6868069122183105     
   3.3379597523999558        1.1460931575794251        2.6448376912547182     
   3.3730961708462712        1.1456772728821301        2.6026319931383735     
   3.4082325892925867        1.1452413526233010        2.5602028994869577     
   3.4433690077389021        1.1447855880119706        2.5175637807669369     
   3.4785054261852175        1.1443101789615608        2.4747282747445651     
   3.5136418446315330        1.1438153340021933        2.4317102650555040     
   3.5487782630778484        1.1433012701892220        2.3885238599370116     
   3.5839146815241638        1.1427682130080252        2.3451833711651284     
   3.6190510999704792        1.1422163962751009        2.3017032932391439     
   3.6541875184167947        1.1416460620355049        2.2580982828536253     
   3.6893239368631101        1.1410574604566852        2.2143831386980368     
   3.7244603553094255        1.1404508497187473        2.1705727816213503     
   3.7595967737557410        1.1398264959012099        2.1266822351986741     
   3.7947331922020564        1.1391846728662920        2.0827266067339987     
   3.8298696106483718        1.1385256621387894        2.0387210687324639     
   3.8650060290946873        1.1378497527825877        1.9946808408724805     
   3.9001424475410027        1.1371572412738697        1.9506211725067431     
   3.9352788659873181        1.1364484313710705        1.9065573257186905     
   3.9704152844336336        1.1357236339816401        1.8625045589586444     
   4.0055517028799486        1.1349831670256683        1.8184781112816857     
   4.0406881213262640        1.1342273552964344        1.7744931872069081     
   4.0758245397725794        1.1334565303179429        1.7305649422151308     
   4.1109609582188948        1.1326710301995051        1.6867084688999843     
   4.1460973766652103        1.1318711994874344        1.6429387837845313     
   4.1812337951115257        1.1310573890139155        1.5992708148131956     
   4.2163702135578411        1.1302299557431186        1.5557193895264960     
   4.2515066320041566        1.1293892626146236        1.5122992239233199     
   4.2866430504504720        1.1285356783842215        1.4690249120132000     
   4.3217794688967874        1.1276695774621670        1.4259109160588033     
   4.3569158873431029        1.1267913397489497        1.3829715575063084     
   4.3920523057894183        1.1259013504686564        1.3402210085989799     
   4.4271887242357337        1.1249999999999998        1.2976732846675749     
   4.4623251426820492        1.1240876837050857        1.2553422370883487     
   4.4974615611283646        1.1231648017559930        1.2132415468978621     
   4.5325979795746800        1.1222317589592461        1.1713847190518281     
   4.5677343980209955        1.1212889645782536        1.1297850773130662     
   4.6028708164673109        1.1203368321537899        1.0884557597520392     
   4.6380072349136263        1.1193757793226049        1.0474097148420716     
   4.6731436533599418        1.1184062276342337        1.0066596981291192     
   4.7082800718062572        1.1174286023660907       0.96621826945522538     
   4.7434164902525726        1.1164433323369289       0.92609779071300968     
   4.7785529086988880        1.1154508497187472       0.88631042410769667     
   4.8136893271452035        1.1144515898472234       0.84686813090155399     
   4.8488257455915189        1.1134459910307630       0.80778267061547415     
   4.8839621640378343        1.1124344943582425       0.76906560066067520     
   4.9190985824841498        1.1114175435055325       0.73072827637352700     
   4.9542350009304652        1.1103955845408877       0.69278185142548565     
   4.9893714193767806        1.1093690657292861       0.65523727857972935     
   5.0245078378230961        1.1083384373358049       0.61810531076582065     
   5.0596442562694115        1.1073041514281203       0.58139650244334351     
   5.0947806747157269        1.1062666616782149       0.54512121122544255     
   5.1299170931620424        1.1052264231633824       0.50928959973300791     
   5.1650535116083578        1.1041838921666156       0.47391163765053318     
   5.2001899300546732        1.1031395259764654       0.43899710395461583     
   5.2353263485009887        1.1020937826864596       0.40455558928672303     
   5.2704627669473041        1.1010471209941675       0.37059649844165243     
   5.3055991853936195        1.0999999999999996       0.33712905294419498     
   5.3407356038399350        1.0989528790058318       0.30416229368665471     
   5.3758720222862504        1.0979062173135397       0.27170508360070045     
   5.4110084407325658        1.0968604740235339       0.23976611033765075     
   5.4461448591788812        1.0958161078333839       0.20835388893222556     
   5.4812812776251967        1.0947735768366169       0.17747676442538915     
   5.5164176960715121        1.0937333383217844       0.14714291442327240     
   5.5515541145178275        1.0926958485718792       0.11736035156953918     
   5.5866905329641430        1.0916615626641946        8.8136925910308625E-002
   5.6218269514104584        1.0906309342707134        5.9480327131260356E-002
   5.6569633698567738        1.0896044154591116        3.1398086647879034E-002
   5.6920997883030893        1.0885824564944668        3.8975795311765979E-003
   5.7272362067494047        1.0875655056417568       -2.3013973747939870E-002
   5.7623726251957201        1.0865540089692363       -4.9329505770801786E-002
   5.7975090436420356        1.0855484101527761       -7.5042100834016745E-002
   5.8326454620883510        1.0845491502812523      -0.10014499383592279     
   5.8677818805346664        1.0835566676630706      -0.12463156939805749     
   5.9029182989809819        1.0825713976339089      -0.14849536123192075     
   5.9380547174272973        1.0815937723657658      -0.17173005175955294     
   5.9731911358736127        1.0806242206773944      -0.19432947199575534     
   6.0083275543199282        1.0796631678462096      -0.21628760169759467     
   6.0434639727662436        1.0787110354217460      -0.23759856978649238     
   6.0786003912125590        1.0777682410407532      -0.25825665504571432     
   6.1137368096588744        1.0768351982440065      -0.27825628709578554     
   6.1488732281051899        1.0759123162949138      -0.29759204764834618     
   6.1840096465515053        1.0749999999999997      -0.31625867203778896     
   6.2191460649978207        1.0740986495313432      -0.33425105102904296     
   6.2542824834441362        1.0732086602510498      -0.35156423289806593     
   6.2894189018904516        1.0723304225378325      -0.36819342578083653     
   6.3245553203367670        1.0714643216157780      -0.38413400028519423     
   6.3596917387830825        1.0706107373853759      -0.39938149235853881     
   6.3948281572293979        1.0697700442568809      -0.41393160640373361     
   6.4299645756757133        1.0689426109860842      -0.42778021863375265     
   6.4651009941220288        1.0681288005125651      -0.44092338065530701     
   6.5002374125683442        1.0673289698004944      -0.45335732326981182     
   6.5353738310146596        1.0665434696820568      -0.46507846047999435     
   6.5705102494609751        1.0657726447035651      -0.47608339368855823     
   6.6056466679072905        1.0650168329743315      -0.48636891607523142     
   6.6407830863536059        1.0642763660183596      -0.49593201713717072     
   6.6759195047999214        1.0635515686289292      -0.50476988737719541     
   6.7110559232462368        1.0628427587261300      -0.51287992312332953     
   6.7461923416925522        1.0621502472174118      -0.52025973146293047     
   6.7813287601388677        1.0614743378612101      -0.52690713527352950     
   6.8164651785851831        1.0608153271337077      -0.53282017833236628     
   6.8516015970314985        1.0601735040987899      -0.53799713048601139     
   6.8867380154778139        1.0595491502812524      -0.54243649286091622     
   6.9218744339241294        1.0589425395433145      -0.54613700309582058     
   6.9570108523704448        1.0583539379644948      -0.54909764057605570     
   6.9921472708167602        1.0577836037248991      -0.55131763165019021     
   7.0272836892630757        1.0572317869919745      -0.55279645480898465     
   7.0624201077093911        1.0566987298107779      -0.55353384580661003     
   7.0975565261557065        1.0561846659978067      -0.55352980270427588     
   7.1326929446020220        1.0556898210384391      -0.55278459081630105     
   7.1678293630483374        1.0552144119880291      -0.55129874753892050     
   7.2029657814946528        1.0547586473766988      -0.54907308704240265     
   7.2381021999409683        1.0543227271178697      -0.54610870480726281     
   7.2732386183872837        1.0539068424205749      -0.54240698198575743     
   7.3083750368335991        1.0535111757055873      -0.53796958957035579     
   7.3435114552799146        1.0531359005254053      -0.53279849235131682     
   7.3786478737262300        1.0527811814881258      -0.52689595264616973     
   7.4137842921725454        1.0524471741852421      -0.52026453378438209     
   7.4489207106188609        1.0521340251233966      -0.51290710333143652     
   7.4840571290651763        1.0518418716601170      -0.50482683603711176     
   7.5191935475114917        1.0515708419435683      -0.49602721649358822     
   7.5543299659578071        1.0513210548563419      -0.48651204149008476     
   7.5894663844041226        1.0510926199633097      -0.47628542205138252     
   7.6246028028504380        1.0508856374635656      -0.46535178514874931     
   7.6597392212967534        1.0507001981464748      -0.45371587507274347     
   7.6948756397430689        1.0505363833518506      -0.44138275445841940     
   7.7300120581893843        1.0503942649342761      -0.42835780495454451     
   7.7651484766356997        1.0502739052315864      -0.41464672752965415     
   7.8002848950820152        1.0501753570375247      -0.40025554240873040     
   7.8354213135283306        1.0500986635785865      -0.38519058863569067     
   7.8705577319746460        1.0500438584950571      -0.36945852325794443     
   7.9056941504209615        1.0500109658262577      -0.35306632013038031     
   7.9408305688672769        1.0500000000000000      -0.33602126833766732     
   7.9759669873135923        1.0500109658262577      -0.31833097023459850     
   8.0111034057599078        1.0500438584950571      -0.30000333910572280     
   8.0462398242062232        1.0500986635785865      -0.28104659644654079     
   8.0813762426525386        1.0501753570375250      -0.26146926886985650     
   8.1165126610988541        1.0502739052315866      -0.24128018464193704     
   8.1516490795451695        1.0503942649342763      -0.22048846985441414     
   8.1867854979914849        1.0505363833518508      -0.19910354423892709     
   8.2219219164378003        1.0507001981464750      -0.17713511663269310     
   8.2570583348841158        1.0508856374635658      -0.15459318010407416     
   8.2921947533304312        1.0510926199633099      -0.13148800674855993     
   8.3273311717767466        1.0513210548563423      -0.10783014216628903     
   8.3624675902230621        1.0515708419435688       -8.3630399633303473E-002
   8.3976040086693775        1.0518418716601174       -5.8899853979608258E-002
   8.4327404271156929        1.0521340251233970       -3.3649835187987621E-002
   8.4678768455620084        1.0524471741852426       -7.8919217283277814E-003
   8.5030132640083238        1.0527811814881263        1.8362066357315025E-002
   8.5381496824546392        1.0531359005254057        4.5100074602463257E-002
   8.5732861009009547        1.0535111757055877        7.2309821480486619E-002
   8.6084225193472701        1.0539068424205753        9.9978805967807061E-002
   8.6435589377935855        1.0543227271178703       0.12809431528855336     
   8.6786953562399010        1.0547586473766994       0.15664343282248497     
   8.7138317746862164        1.0552144119880298       0.18561304615783614     
   8.7489681931325318        1.0556898210384398       0.21498985527029771     
   8.7841046115788473        1.0561846659978074       0.24476038080940279     
   8.8192410300251627        1.0566987298107786       0.27491097247335122     
   8.8543774484714781        1.0572317869919752       0.30542781745317271     
   8.8895138669177935        1.0577836037248998       0.33629694892746465     
   8.9246502853641090        1.0583539379644955       0.36750425458866520     
   8.9597867038104244        1.0589425395433154       0.39903548518243215     
   8.9949231222567398        1.0595491502812533       0.43087626304147919     
   9.0300595407030553        1.0601735040987907       0.46301209059601400     
   9.0651959591493707        1.0608153271337086       0.49542835884299535     
   9.1003323775956861        1.0614743378612113       0.52811035575683296     
   9.1354687960420016        1.0621502472174129       0.56104327462508652     
   9.1706052144883170        1.0628427587261309       0.59421222229279158     
   9.2057416329346324        1.0635515686289301       0.62760222729996329     
   9.2408780513809479        1.0642763660183605       0.66119824789746551     
   9.2760144698272633        1.0650168329743326       0.69498517992717546     
   9.3111508882735787        1.0657726447035663       0.72894786455304339     
   9.3462873067198942        1.0665434696820579       0.76307109583087041     
   9.3814237251662096        1.0673289698004955       0.79733962810475989     
   9.4165601436125250        1.0681288005125664       0.83173818322017334     
   9.4516965620588405        1.0689426109860853       0.86625145754329369     
   9.4868329805051559        1.0697700442568820       0.90086412877859334     
   9.5219693989514713        1.0706107373853773       0.93556086257637594     
   9.5571058173977868        1.0714643216157793       0.97032631892403354     
   9.5922422358441022        1.0723304225378336        1.0051451583152651     
   9.6273786542904176        1.0732086602510511        1.0400020476929399     
   9.6625150727367330        1.0740986495313445        1.0748816661618574     
   9.6976514911830485        1.0750000000000008        1.1097687104696514     
   9.7327879096293639        1.0759123162949151        1.1446479002543066     
   9.7679243280756793        1.0768351982440079        1.1795039830583134     
   9.8030607465219948        1.0777682410407545        1.2143217391106731     
   9.8381971649683102        1.0787110354217473        1.2490859858788865     
   9.8733335834146256        1.0796631678462110        1.2837815823942362     
   9.9084700018609411        1.0806242206773959        1.3183934333547411     
   9.9436064203072565        1.0815937723657671        1.3529064930114232     
   9.9787428387535719        1.0825713976339102        1.3873057688442150     
   10.013879257199887        1.0835566676630719        1.4215763250354039     
   10.049015675646203        1.0845491502812536        1.4557032857488241     
   10.084152094092518        1.0855484101527775        1.4896718382248768     
   10.119288512538834        1.0865540089692378        1.5234672357014185     
   10.154424930985149        1.0875655056417584        1.5570748001724413     
   10.189561349431465        1.0885824564944684        1.5904799249964681     
   10.224697767877780        1.0896044154591131        1.6236680773681560     
   10.259834186324095        1.0906309342707150        1.6566248006667756     
   10.294970604770411        1.0916615626641961        1.6893357166964147     
   10.330107023216726        1.0926958485718805        1.7217865278331967     
   10.365243441663042        1.0937333383217860        1.7539630190954592     
   10.400379860109357        1.0947735768366185        1.7858510601534068     
   10.435516278555673        1.0958161078333855        1.8174366072953267     
   10.470652697001988        1.0968604740235355        1.8487057053677365     
   10.505789115448303        1.0979062173135412        1.8796444897074067     
   10.540925533894619        1.0989528790058334        1.9102391880831577     
   10.576061952340934        1.1000000000000012        1.9404761226659626     
   10.611198370787250        1.1010471209941690        1.9703417120457323     
   10.646334789233565        1.1020937826864612        1.9998224733132941     
   10.681471207679881        1.1031395259764669        2.0289050242260771     
   10.716607626126196        1.1041838921666169        2.0575760854759824     
   10.751744044572511        1.1052264231633839        2.0858224830776249     
   10.786880463018827        1.1062666616782164        2.1136311508947636     
   10.822016881465142        1.1073041514281219        2.1409891333228841     
   10.857153299911458        1.1083384373358063        2.1678835881445653     
   10.892289718357773        1.1093690657292874        2.1943017895748986     
   10.927426136804089        1.1103955845408893        2.2202311315122185     
   10.962562555250404        1.1114175435055340        2.2456591310101492     
   10.997698973696719        1.1124344943582440        2.2705734319850186     
   11.032835392143035        1.1134459910307646        2.2949618091723099     
   11.067971810589350        1.1144515898472247        2.3188121723449640     
   11.103108229035666        1.1154508497187485        2.3421125708049972     
   11.138244647481981        1.1164433323369303        2.3648511981586875     
   11.173381065928297        1.1174286023660920        2.3870163973850183     
   11.208517484374612        1.1184062276342350        2.4085966662046761     
   11.243653902820927        1.1193757793226062        2.4295806627567282     
   11.278790321267243        1.1203368321537912        2.4499572115875909     
   11.313926739713558        1.1212889645782549        2.4697153099561278     
   11.349063158159874        1.1222317589592476        2.4888441344567407     
   11.384199576606189        1.1231648017559943        2.5073330479608384     
   11.419335995052505        1.1240876837050868        2.5251716068753365     
   11.454472413498820        1.1250000000000011        2.5423495687150286     
   11.489608831945135        1.1259013504686577        2.5588568999839825     
   11.524745250391451        1.1267913397489511        2.5746837843593124     
   11.559881668837766        1.1276695774621683        2.5898206311687302     
   11.595018087284082        1.1285356783842226        2.6042580841515623     
   11.630154505730397        1.1293892626146247        2.6179870304907600     
   11.665290924176713        1.1302299557431199        2.6309986101020257     
   11.700427342623028        1.1310573890139166        2.6432842251637871     
   11.735563761069344        1.1318711994874355        2.6548355498704050     
   11.770700179515659        1.1326710301995064        2.6656445403886062     
   11.805836597961974        1.1334565303179440        2.6757034449958930     
   11.840973016408290        1.1342273552964355        2.6850048143775882     
   11.876109434854605        1.1349831670256694        2.6935415120575539     
   11.911245853300921        1.1357236339816412        2.7013067249359737     
   11.946382271747236        1.1364484313710717        2.7082939739062057     
   11.981518690193552        1.1371572412738706        2.7144971245207916     
   12.016655108639867        1.1378497527825888        2.7199103976759953     
   12.051791527086182        1.1385256621387905        2.7245283802822180     
   12.086927945532498        1.1391846728662929        2.7283460358870752     
   12.122064363978813        1.1398264959012108        2.7313587152164782     
   12.157200782425129        1.1404508497187482        2.7335621665983760     
   12.192337200871444        1.1410574604566861        2.7349525462329427     
   12.227473619317760        1.1416460620355058        2.7355264282722156     
   12.262610037764075        1.1422163962751015        2.7352808146720218     
   12.297746456210390        1.1427682130080261        2.7342131447784488     
   12.332882874656706        1.1433012701892227        2.7323213046109784     
   12.368019293103021        1.1438153340021939        2.7296036358045064     
   12.403155711549337        1.1443101789615615        2.7260589441726135     
   12.438292129995652        1.1447855880119713        2.7216865078546175     
   12.473428548441968        1.1452413526233016        2.7164860850099886     
   12.508564966888283        1.1456772728821307        2.7104579210235813     
   12.543701385334598        1.1460931575794255        2.7036027551869002     
   12.578837803780914        1.1464888242944131        2.6959218268211695     
   12.613974222227229        1.1468640994745951        2.6874168808091436     
   12.649110640673545        1.1472188185118746        2.6780901725045165     
   12.684247059119860        1.1475528258147583        2.6679444719889167     
   12.719383477566176        1.1478659748766038        2.6569830676482176     
   12.754519896012491        1.1481581283398834        2.6452097690422836     
   12.789656314458806        1.1484291580564321        2.6326289090436421     
   12.824792732905122        1.1486789451436583        2.6192453452233511     
   12.859929151351437        1.1489073800366907        2.6050644604645257     
   12.895065569797753        1.1491143625364348        2.5900921627859144     
   12.930201988244068        1.1492998018535256        2.5743348843615301     
   12.965338406690384        1.1494636166481498        2.5577995797239508     
   13.000474825136699        1.1496057350657241        2.5404937231423701     
   13.035611243583014        1.1497260947684138        2.5224253051689591     
   13.070747662029330        1.1498246429624754        2.5036028283500613     
   13.105884080475645        1.1499013364214137        2.4840353021018897     
   13.141020498921961        1.1499561415049431        2.4637322367530916     
   13.176156917368276        1.1499890341737424        2.4427036367594730     
   13.211293335814592        1.1500000000000001        2.4209599930997485     
   13.246429754260907        1.1499890341737424        2.3985122748632723     
   13.281566172707223        1.1499561415049429        2.3753719200444405     
   13.316702591153538        1.1499013364214137        2.3515508255609379     
   13.351839009599853        1.1498246429624752        2.3270613365158428     
   13.386975428046169        1.1497260947684136        2.3019162347266562     
   13.422111846492484        1.1496057350657238        2.2761287265466490     
   13.457248264938800        1.1494636166481493        2.2497124300067410     
   13.492384683385115        1.1492998018535250        2.2226813613084251     
   13.527521101831431        1.1491143625364342        2.1950499207007841     
   13.562657520277746        1.1489073800366900        2.1668328777765034     
   13.597793938724061        1.1486789451436579        2.1380453562242119     
   13.632930357170377        1.1484291580564312        2.1087028180759919     
   13.668066775616692        1.1481581283398825        2.0788210474909503     
   13.703203194063008        1.1478659748766029        2.0484161341168940     
   13.738339612509323        1.1475528258147574        2.0175044560737905     
   13.773476030955639        1.1472188185118737        1.9861026626036442     
   13.808612449401954        1.1468640994745942        1.9542276564326293     
   13.843748867848269        1.1464888242944120        1.9218965758915560     
   13.878885286294585        1.1460931575794244        1.8891267768419595     
   13.914021704740900        1.1456772728821296        1.8559358144548017     
   13.949158123187216        1.1452413526233005        1.8223414248893433     
   13.984294541633531        1.1447855880119699        1.7883615069195524     
   14.019430960079847        1.1443101789615602        1.7540141035550390     
   14.054567378526162        1.1438153340021926        1.7193173837030007     
   14.089703796972477        1.1433012701892213        1.6842896239174059     
   14.124840215418793        1.1427682130080246        1.6489491902802487     
   14.159976633865108        1.1422163962751000        1.6133145204590651     
   14.195113052311424        1.1416460620355042        1.5774041059833583     
   14.230249470757739        1.1410574604566843        1.5412364747817016     
   14.265385889204055        1.1404508497187464        1.5048301740192513     
   14.300522307650370        1.1398264959012090        1.4682037532739747     
   14.335658726096685        1.1391846728662911        1.4313757480881579     
   14.370795144543001        1.1385256621387885        1.3943646639296228     
   14.405931562989316        1.1378497527825868        1.3571889605952163     
   14.441067981435632        1.1371572412738686        1.3198670370868082     
   14.476204399881947        1.1364484313710697        1.2824172169880486     
   14.511340818328263        1.1357236339816390        1.2448577343674723     
   14.546477236774578        1.1349831670256672        1.2072067202316483     
   14.581613655220893        1.1342273552964333        1.1694821895488943     
   14.616750073667209        1.1334565303179418        1.1317020288625361     
   14.651886492113524        1.1326710301995040        1.0938839845093491     
   14.687022910559840        1.1318711994874333        1.0560456514569283     
   14.722159329006155        1.1310573890139144        1.0182044627705797     
   14.757295747452471        1.1302299557431175       0.98037767971866574     
   14.792432165898786        1.1293892626146225       0.94258238252198567     
   14.827568584345101        1.1285356783842202       0.90483546175073082     
   14.862705002791417        1.1276695774621659       0.86715361037033623     
   14.897841421237732        1.1267913397489486       0.82955331643460961     
   14.932977839684048        1.1259013504686552       0.79205085642273354     
   14.968114258130363        1.1249999999999987       0.75466228921424106     
   15.003250676576679        1.1240876837050844       0.71740345069394762     
   15.038387095022994        1.1231648017559916       0.68028994897672179     
   15.073523513469310        1.1222317589592450       0.64333716024005094     
   15.108659931915625        1.1212889645782522       0.60656022515033314     
   15.143796350361940        1.1203368321537885       0.56997404586731715     
   15.178932768808256        1.1193757793226036       0.53359328360897307     
   15.214069187254571        1.1184062276342324       0.49743235675800684     
   15.249205605700887        1.1174286023660893       0.46150543948929340     
   15.284342024147202        1.1164433323369276       0.42582646089665444     
   15.319478442593518        1.1154508497187459       0.39040910459577094     
   15.354614861039833        1.1144515898472220       0.35526680877897460     
   15.389751279486148        1.1134459910307617       0.32041276669709562     
   15.424887697932464        1.1124344943582412       0.28585992754206990     
   15.460024116378779        1.1114175435055311       0.25162099770370155     
   15.495160534825095        1.1103955845408864       0.21770844237327827     
   15.530296953271410        1.1093690657292845       0.18413448746603892     
   15.565433371717726        1.1083384373358034       0.15091112183451136     
   15.600569790164041        1.1073041514281190       0.11805009974399615     
   15.635706208610356        1.1062666616782135        8.5562943581618658E-002
   15.670842627056672        1.1052264231633810        5.3460946770528865E-002
   15.705979045502987        1.1041838921666141        2.1755176860196873E-002
   15.741115463949303        1.1031395259764640       -9.5435212352129352E-003
   15.776251882395618        1.1020937826864583       -4.0424521878831075E-002
   15.811388300841934        1.1010471209941661       -7.0877415261008089E-002
   15.846524719288249        1.0999999999999983      -0.10089200388472727     
   15.881661137734564        1.0989528790058305      -0.13045829901303288     
   15.916797556180880        1.0979062173135383      -0.15956651710490735     
   15.951933974627195        1.0968604740235326      -0.18820707626476940     
   15.987070393073511        1.0958161078333826      -0.21637059273039294     
   16.022206811519826        1.0947735768366156      -0.24404787742306358     
   16.057343229966140        1.0937333383217831      -0.27122993258270189     
   16.092479648412453        1.0926958485718776      -0.29790794851008051     
   16.127616066858767        1.0916615626641932      -0.32407330043670918     
   16.162752485305081        1.0906309342707121      -0.34971754554253270     
   16.197888903751394        1.0896044154591105      -0.37483242013964574     
   16.233025322197708        1.0885824564944657      -0.39940983703992583     
   16.268161740644022        1.0875655056417557      -0.42344188312253817     
   16.303298159090335        1.0865540089692354      -0.44692081711645648     
   16.338434577536649        1.0855484101527750      -0.46983906761183936     
   16.373570995982963        1.0845491502812514      -0.49218923131239850     
   16.408707414429276        1.0835566676630697      -0.51396407154034218     
   16.443843832875590        1.0825713976339082      -0.53515651700327282     
   16.478980251321904        1.0815937723657649      -0.55575966083185446     
   16.514116669768217        1.0806242206773937      -0.57576675989507953     
   16.549253088214531        1.0796631678462090      -0.59517123439916741     
   16.584389506660845        1.0787110354217455      -0.61396666777425912     
   16.619525925107158        1.0777682410407528      -0.63214680685232694     
   16.654662343553472        1.0768351982440061      -0.64970556233750032     
   16.689798761999786        1.0759123162949134      -0.66663700956984162     
   16.724935180446099        1.0749999999999993      -0.68293538958119537     
   16.760071598892413        1.0740986495313429      -0.69859511044115441     
   16.795208017338727        1.0732086602510496      -0.71361074888961296     
   16.830344435785040        1.0723304225378323      -0.72797705225111187     
   16.865480854231354        1.0714643216157780      -0.74168894062530466     
   16.900617272677668        1.0706107373853759      -0.75474150934611162     
   16.935753691123981        1.0697700442568809      -0.76713003170154681     
   16.970890109570295        1.0689426109860842      -0.77884996190466371     
   17.006026528016609        1.0681288005125651      -0.78989693830540775     
   17.041162946462922        1.0673289698004944      -0.80026678683152364     
   17.076299364909236        1.0665434696820568      -0.80995552464652520     
   17.111435783355549        1.0657726447035654      -0.81895936401086455     
   17.146572201801863        1.0650168329743317      -0.82727471633240224     
   17.181708620248177        1.0642763660183596      -0.83489819639082230     
   17.216845038694490        1.0635515686289294      -0.84182662672007658     
   17.251981457140804        1.0628427587261302      -0.84805704213262756     
   17.287117875587118        1.0621502472174122      -0.85358669436763168     
   17.322254294033431        1.0614743378612106      -0.85841305684577407     
   17.357390712479745        1.0608153271337082      -0.86253382951195534     
   17.392527130926059        1.0601735040987903      -0.86594694374722214     
   17.427663549372372        1.0595491502812526      -0.86865056733048951     
   17.462799967818686        1.0589425395433150      -0.87064310943069068     
   17.497936386265000        1.0583539379644953      -0.87192322560931956     
   17.533072804711313        1.0577836037248995      -0.87248982281335163     
   17.568209223157627        1.0572317869919750      -0.87234206433852057     
   17.603345641603941        1.0566987298107784      -0.87147937474248283     
   17.638482060050254        1.0561846659978071      -0.86990144468808284     
   17.673618478496568        1.0556898210384396      -0.86760823569614332     
   17.708754896942882        1.0552144119880296      -0.86459998478828348     
   17.743891315389195        1.0547586473766992      -0.86087720899981890     
   17.779027733835509        1.0543227271178703      -0.85644070974353192     
   17.814164152281823        1.0539068424205753      -0.85129157700527325     
   17.849300570728136        1.0535111757055877      -0.84543119335273187     
   17.884436989174450        1.0531359005254057      -0.83886123773963239     
   17.919573407620764        1.0527811814881263      -0.83158368908767755     
   17.954709826067077        1.0524471741852426      -0.82360082962958192     
   17.989846244513391        1.0521340251233970      -0.81491524799702064     
   18.024982662959705        1.0518418716601174      -0.80552984203839584     
   18.060119081406018        1.0515708419435688      -0.79544782135160874     
   18.095255499852332        1.0513210548563423      -0.78467270951862578     
   18.130391918298645        1.0510926199633099      -0.77320834602885136     
   18.165528336744959        1.0508856374635658      -0.76105888787981013     
   18.200664755191273        1.0507001981464750      -0.74822881084443182     
   18.235801173637586        1.0505363833518508      -0.73472291039531201     
   18.270937592083900        1.0503942649342763      -0.72054630227744398     
   18.306074010530214        1.0502739052315866      -0.70570442272204548     
   18.341210428976527        1.0501753570375250      -0.69020302829535729     
   18.376346847422841        1.0500986635785865      -0.67404819537720562     
   18.411483265869155        1.0500438584950573      -0.65724631926561150     
   18.446619684315468        1.0500109658262577      -0.63980411290484351     
   18.481756102761782        1.0500000000000000      -0.62172860523523965     
   18.516892521208096        1.0500109658262577      -0.60302713916504735     
   18.552028939654409        1.0500438584950571      -0.58370736916488075     
   18.587165358100723        1.0500986635785865      -0.56377725848728244     
   18.622301776547037        1.0501753570375247      -0.54324507601480521     
   18.657438194993350        1.0502739052315861      -0.52211939274114305     
   18.692574613439664        1.0503942649342759      -0.50040907789122990     
   18.727711031885978        1.0505363833518504      -0.47812329468724302     
   18.762847450332291        1.0507001981464745      -0.45527149576843434     
   18.797983868778605        1.0508856374635653      -0.43186341827408808     
   18.833120287224919        1.0510926199633093      -0.40790907859968711     
   18.868256705671232        1.0513210548563416      -0.38341876683742282     
   18.903393124117546        1.0515708419435681      -0.35840304091333891     
   18.938529542563860        1.0518418716601166      -0.33287272043385524     
   18.973665961010173        1.0521340251233962      -0.30683888025575234     
   19.008802379456487        1.0524471741852417      -0.28031284379425275     
   19.043938797902801        1.0527811814881254      -0.25330617608439776     
   19.079075216349114        1.0531359005254046      -0.22583067661205486     
   19.114211634795428        1.0535111757055866      -0.19789837193089743     
   19.149348053241741        1.0539068424205742      -0.16952150808282812     
   19.184484471688055        1.0543227271178690      -0.14071254283935930     
   19.219620890134369        1.0547586473766981      -0.11148413778186297     
   19.254757308580682        1.0552144119880282       -8.1849150239480487E-002
   19.289893727026996        1.0556898210384382       -5.1820625102798723E-002
   19.325030145473310        1.0561846659978056       -2.1411786532619399E-002
   19.360166563919623        1.0566987298107768        9.3639704177911291E-003
   19.395302982365937        1.0572317869919734        4.0493088247394331E-002
   19.430439400812251        1.0577836037248978        7.1961855500795299E-002
   19.465575819258564        1.0583539379644935       0.10375641529095520     
   19.500712237704878        1.0589425395433132       0.13586277383295661     
   19.535848656151192        1.0595491502812511       0.16826680897032825     
   19.570985074597505        1.0601735040987885       0.20095427867585022     
   19.606121493043819        1.0608153271337062       0.23391082950922729     
   19.641257911490133        1.0614743378612086       0.26712200501434746     
   19.676394329936446        1.0621502472174102       0.30057325403955676     
   19.711530748382760        1.0628427587261282       0.33424993896460992     
   19.746667166829074        1.0635515686289272       0.36813734381905011     
   19.781803585275387        1.0642763660183576       0.40222068227704222     
   19.816940003721701        1.0650168329743295       0.43648510551460556     
   19.852076422168015        1.0657726447035631       0.47091570991615939     
   19.887212840614328        1.0665434696820546       0.50549754461771945     
   19.922349259060642        1.0673289698004922       0.54021561887526381     
   19.957485677506956        1.0681288005125629       0.57505490924778557     
   19.992622095953269        1.0689426109860818       0.61000036658517076     
   20.027758514399583        1.0697700442568785       0.64503692281234082     
   20.062894932845897        1.0706107373853735       0.68014949750188736     
   20.098031351292210        1.0714643216157755       0.71532300422878381     
   20.133167769738524        1.0723304225378298       0.75054235670141944     
   20.168304188184837        1.0732086602510471       0.78579247466461111     
   20.203440606631151        1.0740986495313403       0.82105828957123073     
   20.238577025077465        1.0749999999999966       0.85632475002021302     
   20.273713443523778        1.0759123162949109       0.89157682695973239     
   20.308849861970092        1.0768351982440034       0.92679951865563948     
   20.343986280416406        1.0777682410407501       0.96197785542637748     
   20.379122698862719        1.0787110354217428       0.99709690414625773     
   20.414259117309033        1.0796631678462063        1.0321417725209105     
   20.449395535755347        1.0806242206773911        1.0670976131390426     
   20.484531954201660        1.0815937723657623        1.1019496273060743     
   20.519668372647974        1.0825713976339053        1.1366830686663851     
   20.554804791094288        1.0835566676630668        1.1712832466216907     
   20.589941209540601        1.0845491502812485        1.2057355295542351     
   20.625077627986915        1.0855484101527724        1.2400253478644025     
   20.660214046433229        1.0865540089692325        1.2741381968333845     
   20.695350464879542        1.0875655056417530        1.3080596393224559     
   20.730486883325856        1.0885824564944628        1.3417753083210180     
   20.765623301772170        1.0896044154591076        1.3752709093568427     
   20.800759720218483        1.0906309342707092        1.4085322227824590     
   20.835896138664797        1.0916615626641903        1.4415451059522508     
   20.871032557111111        1.0926958485718747        1.4742954953058713     
   20.906168975557424        1.0937333383217802        1.5067694083738492     
   20.941305394003738        1.0947735768366127        1.5389529457219457     
   20.976441812450052        1.0958161078333795        1.5708322928515699     
   21.011578230896365        1.0968604740235295        1.6023937220734146     
   21.046714649342679        1.0979062173135352        1.6336235943724724     
   21.081851067788993        1.0989528790058272        1.6645083612824205     
   21.116987486235306        1.0999999999999950        1.6950345667879405     
   21.152123904681620        1.1010471209941628        1.7251888492732084     
   21.187260323127934        1.1020937826864547        1.7549579435354983     
   21.222396741574247        1.1031395259764605        1.7843286828822147     
   21.257533160020561        1.1041838921666107        1.8132880013298629     
   21.292669578466874        1.1052264231633775        1.8418229359234097     
   21.327805996913188        1.1062666616782100        1.8699206291938415     
   21.362942415359502        1.1073041514281152        1.8975683317717482     
   21.398078833805815        1.1083384373357998        1.9247534051740613     
   21.433215252252129        1.1093690657292810        1.9514633247806379     
   21.468351670698443        1.1103955845408826        1.9776856830168930     
   21.503488089144756        1.1114175435055273        2.0034081927576208     
   21.538624507591070        1.1124344943582374        2.0286186909668218     
   21.573760926037384        1.1134459910307579        2.0533051425869053     
   21.608897344483697        1.1144515898472183        2.0774556446903412     
   21.644033762930011        1.1154508497187419        2.1010584309050264     
   21.679170181376325        1.1164433323369236        2.1241018761242678     
   21.714306599822638        1.1174286023660853        2.1465745015102216     
   21.749443018268952        1.1184062276342284        2.1684649797991731     
   21.784579436715266        1.1193757793225998        2.1897621409150103     
   21.819715855161579        1.1203368321537845        2.2104549778960627     
   21.854852273607893        1.1212889645782482        2.2305326531391554     
   21.889988692054207        1.1222317589592410        2.2499845049625082     
   21.925125110500520        1.1231648017559877        2.2688000544883486     
   21.960261528946834        1.1240876837050804        2.2869690128435960     
   21.995397947393148        1.1249999999999947        2.3044812886757975     
   22.030534365839461        1.1259013504686513        2.3213269959793790     
   22.065670784285775        1.1267913397489444        2.3374964622256651     
   22.100807202732089        1.1276695774621619        2.3529802367881731     
   22.135943621178402        1.1285356783842162        2.3677690996527248     
   22.171080039624716        1.1293892626146185        2.3818540704004452     
   22.206216458071030        1.1302299557431137        2.3952264174491766     
   22.241352876517343        1.1310573890139104        2.4078776675377211     
   22.276489294963657        1.1318711994874293        2.4197996154348216     
   22.311625713409970        1.1326710301995002        2.4309843338534174     
   22.346762131856284        1.1334565303179380        2.4414241835485648     
   22.381898550302598        1.1342273552964295        2.4511118235759457     
   22.417034968748911        1.1349831670256634        2.4600402216861044     
   22.452171387195225        1.1357236339816354        2.4682026648276447     
   22.487307805641539        1.1364484313710659        2.4755927697315787     
   22.522444224087852        1.1371572412738651        2.4822044935470906     
   22.557580642534166        1.1378497527825833        2.4880321444977032     
   22.592717060980480        1.1385256621387849        2.4930703925257611     
   22.627853479426793        1.1391846728662876        2.4973142798916865     
   22.662989897873107        1.1398264959012054        2.5007592316935172     
   22.698126316319421        1.1404508497187433        2.5034010662714032     
   22.733262734765734        1.1410574604566812        2.5052360054608247     
   22.768399153212048        1.1416460620355009        2.5062606846578017     
   22.803535571658362        1.1422163962750969        2.5064721626586146     
   22.838671990104675        1.1427682130080214        2.5058679312364713     
   22.873808408550989        1.1433012701892182        2.5044459244173707     
   22.908944826997303        1.1438153340021897        2.5022045274172533     
   22.944081245443616        1.1443101789615573        2.4991425852028688     
   22.979217663889930        1.1447855880119673        2.4952594106390076     
   23.014354082336244        1.1452413526232978        2.4905547921853848     
   23.049490500782557        1.1456772728821270        2.4850290011070393     
   23.084626919228871        1.1460931575794222        2.4786827981633222     
   23.119763337675185        1.1464888242944098        2.4715174397408752     
   23.154899756121498        1.1468640994745920        2.4635346833983602     
   23.190036174567812        1.1472188185118715        2.4547367927909209     
   23.225172593014126        1.1475528258147554        2.4451265419448993     
   23.260309011460439        1.1478659748766011        2.4347072188543848     
   23.295445429906753        1.1481581283398807        2.4234826283736783     
   23.330581848353066        1.1484291580564296        2.4114570943811779     
   23.365718266799380        1.1486789451436563        2.3986354611930030     
   23.400854685245694        1.1489073800366887        2.3850230942065136     
   23.435991103692007        1.1491143625364331        2.3706258797567092     
   23.471127522138321        1.1492998018535239        2.3554502241707014     
   23.506263940584635        1.1494636166481482        2.3395030520085918     
   23.541400359030948        1.1496057350657229        2.3227918034811763     
   23.576536777477262        1.1497260947684129        2.3053244310384735     
   23.611673195923576        1.1498246429624746        2.2871093951254751     
   23.646809614369889        1.1499013364214132        2.2681556591044774     
   23.681946032816203        1.1499561415049426        2.2484726833465567     
   23.717082451262517        1.1499890341737422        2.2280704184976337     
   23.752218869708830        1.1500000000000001        2.2069592979273605     
   23.787355288155144        1.1499890341737427        2.1851502293724585     
   23.822491706601458        1.1499561415049433        2.1626545857885384     
   23.857628125047771        1.1499013364214141        2.1394841954279662     
   23.892764543494085        1.1498246429624761        2.1156513311634719     
   23.927900961940399        1.1497260947684147        2.0911686990806033     
   23.963037380386712        1.1496057350657252        2.0660494263644908     
   23.998173798833026        1.1494636166481509        2.0403070485087742     
   24.033310217279340        1.1492998018535268        2.0139554958775210     
   24.068446635725653        1.1491143625364362        1.9870090796528539     
   24.103583054171967        1.1489073800366922        1.9594824772031614     
   24.138719472618281        1.1486789451436603        1.9313907169093960     
   24.173855891064594        1.1484291580564339        1.9027491624878463     
   24.208992309510908        1.1481581283398854        1.8735734968506741     
   24.244128727957222        1.1478659748766062        1.8438797055456699     
   24.279265146403535        1.1475528258147607        1.8136840598193287     
   24.314401564849849        1.1472188185118772        1.7830030993476089     
   24.349537983296162        1.1468640994745980        1.7518536146799439     
   24.384674401742476        1.1464888242944162        1.7202526294429350     
   24.419810820188790        1.1460931575794289        1.6882173823505109     
   24.454947238635103        1.1456772728821341        1.6557653090678939     
   24.490083657081417        1.1452413526233052        1.6229140239765112     
   24.525220075527731        1.1447855880119751        1.5896813018872749     
   24.560356493974044        1.1443101789615653        1.5560850597491460     
   24.595492912420358        1.1438153340021979        1.5221433383995668     
   24.630629330866672        1.1433012701892269        1.4878742844025501     
   24.665765749312985        1.1427682130080306        1.4532961320194557     
   24.700902167759299        1.1422163962751062        1.4184271853564565     
   24.736038586205613        1.1416460620355107        1.3832858007314974     
   24.771175004651926        1.1410574604566910        1.3478903693019961     
   24.806311423098240        1.1404508497187535        1.3122592999933718     
   24.841447841544554        1.1398264959012161        1.2764110027664326     
   24.876584259990867        1.1391846728662984        1.2403638722601420     
   24.911720678437181        1.1385256621387960        1.2041362718441344     
   24.946857096883495        1.1378497527825946        1.1677465181134050     
   24.981993515329808        1.1371572412738769        1.1312128658555434     
   25.017129933776122        1.1364484313710779        1.0945534935183923     
   25.052266352222436        1.1357236339816477        1.0577864892039366     
   25.087402770668749        1.1349831670256758        1.0209298372117421     
   25.122539189115063        1.1342273552964421       0.98400140515286549     
   25.157675607561377        1.1334565303179509       0.94701893165250939     
   25.192812026007690        1.1326710301995135       0.91000001465766156     
   25.227948444454004        1.1318711994874429       0.87296210036274380     
   25.263084862900318        1.1310573890139242       0.83592247276458387     
   25.298221281346631        1.1302299557431275       0.79889824385468577     
   25.333357699792945        1.1293892626146325       0.76190634445498862     
   25.368494118239258        1.1285356783842306       0.72496351570044693     
   25.403630536685572        1.1276695774621766       0.68808630116937630     
   25.438766955131886        1.1267913397489593       0.65129103966037427     
   25.473903373578199        1.1259013504686661       0.61459385861202531     
   25.509039792024513        1.1250000000000098       0.57801066815947477     
   25.544176210470827        1.1240876837050957       0.54155715581996144     
   25.579312628917140        1.1231648017560032       0.50524878179695987     
   25.614449047363454        1.1222317589592565       0.46910077489092433     
   25.649585465809768        1.1212889645782640       0.43312812900265807     
   25.684721884256081        1.1203368321538005       0.39734560021326859     
   25.719858302702395        1.1193757793226158       0.36176770442347345     
   25.754994721148709        1.1184062276342446       0.32640871553305983     
   25.790131139595022        1.1174286023661018       0.29128266413990261     
   25.825267558041336        1.1164433323369400       0.25640333673678689     
   25.860403976487650        1.1154508497187585       0.22178427538305739     
   25.895540394933963        1.1144515898472349       0.18743877782642229     
   25.930676813380277        1.1134459910307746       0.15337989805041785     
   25.965813231826591        1.1124344943582543       0.11962044722109705     
   26.000949650272904        1.1114175435055444        8.6172995006056283E-002
   26.036086068719218        1.1103955845408997        5.3049871238917898E-002
   26.071222487165532        1.1093690657292981        2.0263167900943319E-002
   26.106358905611845        1.1083384373358169       -1.2175258608178328E-002
   26.141495324058159        1.1073041514281325       -4.4253784939123811E-002
   26.176631742504473        1.1062666616782273       -7.5961018029636063E-002
   26.211768160950786        1.1052264231633948      -0.10728579213814815     
   26.246904579397100        1.1041838921666280      -0.13821716570266476     
   26.282040997843414        1.1031395259764780      -0.16874441805362028     
   26.317177416289727        1.1020937826864723      -0.19885704600859336     
   26.352313834736041        1.1010471209941803      -0.22854476037686930     
   26.387450253182354        1.1000000000000123      -0.25779748240119565     
   26.422586671628668        1.0989528790058445      -0.28660534016328920     
   26.457723090074982        1.0979062173135525      -0.31495866497956537     
   26.492859508521295        1.0968604740235468      -0.34284798781226100     
   26.527995926967609        1.0958161078333968      -0.37026403572068434     
   26.563132345413923        1.0947735768366298      -0.39719772837654471     
   26.598268763860236        1.0937333383217973      -0.42364017466585435     
   26.633405182306550        1.0926958485718921      -0.44958266939972508     
   26.668541600752864        1.0916615626642074      -0.47501669015468068     
   26.703678019199177        1.0906309342707263      -0.49993389426219098     
   26.738814437645491        1.0896044154591247      -0.52432611596620349     
   26.773950856091805        1.0885824564944797      -0.54818536376616422     
   26.809087274538118        1.0875655056417699      -0.57150381796151917     
   26.844223692984432        1.0865540089692494      -0.59427382841306131     
   26.879360111430746        1.0855484101527890      -0.61648791253443302     
   26.914496529877059        1.0845491502812652      -0.63813875352666094     
   26.949632948323373        1.0835566676630835      -0.65921919886642821     
   26.984769366769687        1.0825713976339217      -0.67972225905820272     
   27.019905785216000        1.0815937723657785      -0.69964110665841317     
   27.055042203662314        1.0806242206774070      -0.71896907557893397     
   27.090178622108628        1.0796631678462221      -0.73769966067551884     
   27.125315040554941        1.0787110354217584      -0.75582651762569752     
   27.160451459001255        1.0777682410407656      -0.77334346309902235     
   27.195587877447569        1.0768351982440190      -0.79024447522146413     
   27.230724295893882        1.0759123162949262      -0.80652369433437165     
   27.265860714340196        1.0750000000000117      -0.82217542404699673     
   27.300997132786510        1.0740986495313551      -0.83719413258030129     
   27.336133551232823        1.0732086602510618      -0.85157445439879864     
   27.371269969679137        1.0723304225378443      -0.86531119212535990     
   27.406406388125450        1.0714643216157897      -0.87839931873325539     
   27.441542806571764        1.0706107373853875      -0.89083398000822411     
   27.476679225018078        1.0697700442568923      -0.90261049727223797     
   27.511815643464391        1.0689426109860953      -0.91372437035957133     
   27.546952061910705        1.0681288005125764      -0.92417128083478850     
   27.582088480357019        1.0673289698005053      -0.93394709544096111     
   27.617224898803332        1.0665434696820677      -0.94304786976566957     
   27.652361317249646        1.0657726447035760      -0.95146985211158874     
   27.687497735695960        1.0650168329743419      -0.95920948755691271     
   27.722634154142273        1.0642763660183698      -0.96626342219082717     
   27.757770572588587        1.0635515686289392      -0.97262850750800867     
   27.792906991034901        1.0628427587261400      -0.97830180494536023     
   27.828043409481214        1.0621502472174216      -0.98328059054400874     
   27.863179827927528        1.0614743378612197      -0.98756235971816664     
   27.898316246373842        1.0608153271337171      -0.99114483211306625     
   27.933452664820155        1.0601735040987990      -0.99402595653254766     
   27.968589083266469        1.0595491502812613      -0.99620391591718926     
   28.003725501712783        1.0589425395433232      -0.99767713235356370     
   28.038861920159096        1.0583539379645033      -0.99844427209429754     
   28.073998338605410        1.0577836037249071      -0.99850425056940972     
   28.109134757051724        1.0572317869919825      -0.99785623736814266     
   28.144271175498037        1.0566987298107855      -0.99649966117166711     
   28.179407593944351        1.0561846659978140      -0.99443421461583614     
   28.214544012390665        1.0556898210384462      -0.99165985906440957     
   28.249680430836978        1.0552144119880360      -0.98817682927243800     
   28.284816849283292        1.0547586473767054      -0.98398563792025140     
   28.319953267729606        1.0543227271178761      -0.97908707999865840     
   28.355089686175919        1.0539068424205809      -0.97348223702629688     
   28.390226104622233        1.0535111757055931      -0.96717248108057252     
   28.425362523068546        1.0531359005254108      -0.96015947862426365     
   28.460498941514860        1.0527811814881312      -0.95244519411013451     
   28.495635359961174        1.0524471741852470      -0.94403189334694904     
   28.530771778407487        1.0521340251234010      -0.93492214661062412     
   28.565908196853801        1.0518418716601212      -0.92511883148538177     
   28.601044615300115        1.0515708419435723      -0.91462513542020418     
   28.636181033746428        1.0513210548563456      -0.90344455798713863     
   28.671317452192742        1.0510926199633130      -0.89158091282867924     
   28.706453870639056        1.0508856374635687      -0.87903832928257153     
   28.741590289085369        1.0507001981464774      -0.86582125367334972     
   28.776726707531683        1.0505363833518531      -0.85193445026093273     
   28.811863125977997        1.0503942649342781      -0.83738300183793135     
   28.846999544424310        1.0502739052315881      -0.82217230996800506     
   28.882135962870624        1.0501753570375261      -0.80630809485936006     
   28.917272381316938        1.0500986635785874      -0.78979639486806519     
   28.952408799763251        1.0500438584950578      -0.77264356562747494     
   28.987545218209565        1.0500109658262582      -0.75485627880114481     
   29.022681636655879        1.0500000000000000      -0.73644152045767353     
   29.057818055102192        1.0500109658262575      -0.71740658906742139     
   29.092954473548506        1.0500438584950564      -0.69775909312207729     
   29.128090891994820        1.0500986635785856      -0.67750694837923420     
   29.163227310441133        1.0501753570375234      -0.65665837473561561     
   29.198363728887447        1.0502739052315848      -0.63522189273329233     
   29.233500147333761        1.0503942649342741      -0.61320631970500805     
   29.268636565780074        1.0505363833518484      -0.59062076556530418     
   29.303772984226388        1.0507001981464721      -0.56747462825564110     
   29.338909402672702        1.0508856374635627      -0.54377758885255933     
   29.374045821119015        1.0510926199633064      -0.51953960634917007     
   29.409182239565329        1.0513210548563383      -0.49477091212096824     
   29.444318658011642        1.0515708419435643      -0.46948200408830271     
   29.479455076457956        1.0518418716601128      -0.44368364058832477     
   29.514591494904270        1.0521340251233919      -0.41738683397043613     
   29.549727913350583        1.0524471741852373      -0.39060284392975481     
   29.584864331796897        1.0527811814881205      -0.36334317059415355     
   29.620000750243211        1.0531359005253997      -0.33561954738071714     
   29.655137168689524        1.0535111757055813      -0.30744393363853345     
   29.690273587135838        1.0539068424205686      -0.27882850709469897     
   29.725410005582152        1.0543227271178632      -0.24978565612154061     
   29.760546424028465        1.0547586473766919      -0.22032797184280656     
   29.795682842474779        1.0552144119880218      -0.19046824009743485     
   29.830819260921093        1.0556898210384313      -0.16021943327939470     
   29.865955679367406        1.0561846659977987      -0.12959470207249926     
   29.901092097813720        1.0566987298107695       -9.8607367099123502E-002
   29.936228516260034        1.0572317869919658       -6.7270910501631670E-002
   29.971364934706347        1.0577836037248902       -3.5598967475764146E-002
   30.006501353152661        1.0583539379644855       -3.6053177744058145E-003
   30.041637771598975        1.0589425395433050        2.8696122799368479E-002
   30.076774190045288        1.0595491502812424        6.1291310891619828E-002
   30.111910608491602        1.0601735040987796        9.4166084071285724E-002
   30.147047026937916        1.0608153271336973       0.12730616926058699     
   30.182183445384229        1.0614743378611995       0.16069719110482777     
   30.217319863830543        1.0621502472174007       0.19432468026507016     
   30.252456282276857        1.0628427587261184       0.22817408161733918     
   30.287592700723170        1.0635515686289174       0.26223076234293152     
   30.322729119169484        1.0642763660183474       0.29648001989506040     
   30.357865537615798        1.0650168329743193       0.33090708982781003     
   30.393001956062111        1.0657726447035527       0.36549715347391737     
   30.428138374508425        1.0665434696820439       0.40023534545927258     
   30.463274792954739        1.0673289698004813       0.43510676104222729     
   30.498411211401052        1.0681288005125518       0.47009646326735050     
   30.533547629847366        1.0689426109860705       0.50518948992387103     
   30.568684048293679        1.0697700442568669       0.54037086030006287     
   30.603820466739993        1.0706107373853617       0.57562558172598566     
   30.638956885186307        1.0714643216157635       0.61093865589797425     
   30.674093303632620        1.0723304225378176       0.64629508497925869     
   30.709229722078934        1.0732086602510349       0.68167987747238812     
   30.744366140525248        1.0740986495313281       0.71707805385987800     
   30.779502558971561        1.0749999999999842       0.75247465201113184     
   30.814638977417875        1.0759123162948983       0.78785473235431913     
   30.849775395864189        1.0768351982439908       0.82320338281317584     
   30.884911814310502        1.0777682410407372       0.85850572351004495     
   30.920048232756816        1.0787110354217297       0.89374691123722738     
   30.955184651203130        1.0796631678461930       0.92891214370010233     
   30.990321069649443        1.0806242206773777       0.96398666353640350     
   31.025457488095757        1.0815937723657487       0.99895576211715598     
   31.060593906542071        1.0825713976338918        1.0338047831360941     
   31.095730324988384        1.0835566676630533        1.0685191259948554     
   31.130866743434698        1.0845491502812348        1.1030842489929453     
   31.166003161881012        1.0855484101527584        1.1374856723318885     
   31.201139580327325        1.0865540089692185        1.1717089809442820     
   31.236275998773639        1.0875655056417390        1.2057398271592306     
   31.271412417219953        1.0885824564944488        1.2395639332164616     
   31.306548835666266        1.0896044154590934        1.2731670936425690     
   31.341685254112580        1.0906309342706950        1.3065351775031397     
   31.376821672558894        1.0916615626641759        1.3396541305455327     
   31.411958091005207        1.0926958485718603        1.3725099772479530     
   31.447094509451521        1.0937333383217658        1.4050888227905143     
   31.482230927897835        1.0947735768365983        1.4373768549651147     
   31.517367346344148        1.0958161078333650        1.4693603460411857     
   31.552503764790462        1.0968604740235151        1.5010256546047598     
   31.587640183236775        1.0979062173135208        1.5323592273888269     
   31.622776601683089        1.0989528790058127        1.5633476011131000     
