   1.7698644609603433E-005   1.1000000000000001        3.8065795222542396     
   3.5397289219206866E-005   1.1007853658655911        3.8330891214727867     
   5.3095933828810298E-005   1.1015705379539065        3.8595506772778578     
   7.0794578438413731E-005   1.1023553225354823        3.8859579101375341     
   8.8493223048017157E-005   1.1031395259764658        3.9123045825140643     
   1.0619186765762058E-004   1.1039229547863922        3.9385844998710731     
   1.2389051226722401E-004   1.1047054156659257        3.9647915116480479     
   1.4158915687682744E-004   1.1054867155545522        3.9909195122028116     
   1.5928780148643086E-004   1.1062666616782153        4.0169624417228089     
   1.7698644609603429E-004   1.1070450615968792        4.0429142871060462     
   1.9468509070563771E-004   1.1078217232520116        4.0687690828124845     
   2.1238373531524114E-004   1.1085964550139706        4.0945209116866481     
   2.3008237992484457E-004   1.1093690657292863        4.1201639057523520     
   2.4778102453444802E-004   1.1101393647678257        4.1456922469803459     
   2.6547966914405147E-004   1.1109071620698272        4.1711001680296667     
   2.8317831375365493E-004   1.1116722681927953        4.1963819529635362     
   3.0087695836325838E-004   1.1124344943582429        4.2215319379406884     
   3.1857560297286183E-004   1.1131936524982686        4.2465445118827168     
   3.3627424758246528E-004   1.1139495553019616        4.2714141171186446     
   3.5397289219206874E-004   1.1147020162616152        4.2961352500069845     
   3.7167153680167219E-004   1.1154508497187474        4.3207024615365937     
   3.8937018141127564E-004   1.1161958709099076        4.3451103579067141     
   4.0706882602087910E-004   1.1169368960122648        4.3693536010871625     
   4.2476747063048255E-004   1.1176737421889629        4.3934269093593485     
   4.4246611524008600E-004   1.1184062276342339        4.4173250578388910     
   4.6016475984968946E-004   1.1191341716182546        4.4410428789804950     
   4.7786340445929291E-004   1.1198573945317392        4.4645752630658615     
   4.9556204906889636E-004   1.1205757179302556        4.4879171586752964     
   5.1326069367849982E-004   1.1212889645782538        4.5110635731436552     
   5.3095933828810327E-004   1.1219969584927958        4.5340095730013417     
   5.4865798289770672E-004   1.1226995249869773        4.5567502844009411     
   5.6635662750731018E-004   1.1233964907130287        4.5792808935301386     
   5.8405527211691363E-004   1.1240876837050859        4.6015966470115099     
   6.0175391672651708E-004   1.1247729334216205        4.6236928522897385     
   6.1945256133612053E-004   1.1254520707875186        4.6455648780068914     
   6.3715120594572399E-004   1.1261249282357975        4.6672081543662367     
   6.5484985055532744E-004   1.1267913397489500        4.6886181734850787     
   6.7254849516493089E-004   1.1274511408999066        4.7097904897372231     
   6.9024713977453435E-004   1.1281041688926066        4.7307207200854675     
   7.0794578438413780E-004   1.1287502626021639        4.7514045444045925     
   7.2564442899374125E-004   1.1293892626146238        4.7718377057952930     
   7.4334307360334471E-004   1.1300210112662943        4.7920160108894709     
   7.6104171821294816E-004   1.1306453526826490        4.8119353301473238     
   7.7874036282255161E-004   1.1312621328167853        4.8315915981464475     
   7.9643900743215507E-004   1.1318711994874346        4.8509808138635719     
   8.1413765204175852E-004   1.1324724024165094        4.8700990409490359     
   8.3183629665136197E-004   1.1330655932661826        4.8889424079943664     
   8.4953494126096543E-004   1.1336506256754888        4.9075071087934310     
   8.6723358587056888E-004   1.1342273552964346        4.9257894025971201     
   8.8493223048017233E-004   1.1347956398296157        4.9437856143621497     
   9.0263087508977578E-004   1.1353553390593274        4.9614921349940442     
   9.2032951969937924E-004   1.1359063148881596        4.9789054215844804     
   9.3802816430898269E-004   1.1364484313710708        4.9960219976433589     
   9.5572680891858614E-004   1.1369815547489306        5.0128384533256920     
   9.7342545352818960E-004   1.1375055534815230        5.0293514456534973     
   9.9112409813779294E-004   1.1380202982800016        5.0455576987327762     
   1.0088227427473963E-003   1.1385256621387896        5.0614540039659266     
   1.0265213873569996E-003   1.1390215203669165        5.0770372202594585     
   1.0442200319666030E-003   1.1395077506187845        5.0923042742273434     
   1.0619186765762063E-003   1.1399842329243546        5.1072521603899377     
   1.0796173211858097E-003   1.1404508497187476        5.1218779413686422     
   1.0973159657954130E-003   1.1409074858712513        5.1361787480763574     
   1.1150146104050164E-003   1.1413540287137283        5.1501517799038092     
   1.1327132550146197E-003   1.1417903680684136        5.1637943049017361     
   1.1504118996242230E-003   1.1422163962751009        5.1771036599590543     
   1.1681105442338264E-003   1.1426320082177046        5.1900772509769313     
   1.1858091888434297E-003   1.1430371013501972        5.2027125530389133     
   1.2035078334530331E-003   1.1434315757219096        5.2150071105769564     
   1.2212064780626364E-003   1.1438153340021933        5.2269585375335348     
   1.2389051226722398E-003   1.1441882815044346        5.2385645175196354     
   1.2566037672818431E-003   1.1445503262094185        5.2498228039688248     
   1.2743024118914465E-003   1.1449013787880309        5.2607312202871181     
   1.2920010565010498E-003   1.1452413526233010        5.2712876599988991     
   1.3096997011106531E-003   1.1455701638317723        5.2814900868886534     
   1.3273983457202565E-003   1.1458877312841991        5.2913365351384956     
   1.3450969903298598E-003   1.1461939766255644        5.3008251094616003     
   1.3627956349394632E-003   1.1464888242944127        5.3099539852312887     
   1.3804942795490665E-003   1.1467722015414934        5.3187214086058381     
   1.3981929241586699E-003   1.1470440384477114        5.3271256966489924     
   1.4158915687682732E-003   1.1473042679413774        5.3351652374459357     
   1.4335902133778766E-003   1.1475528258147578        5.3428384902149375     
   1.4512888579874799E-003   1.1477896507399166        5.3501439854143742     
   1.4689875025970832E-003   1.1480146842838472        5.3570803248452039     
   1.4866861472066866E-003   1.1482278709228899        5.3636461817487637     
   1.5043847918162899E-003   1.1484291580564316        5.3698403008998969     
   1.5220834364258933E-003   1.1486184960198840        5.3756614986952878     
   1.5397820810354966E-003   1.1487958380969374        5.3811086632369687     
   1.5574807256451000E-003   1.1489611405310884        5.3861807544109599     
   1.5751793702547033E-003   1.1491143625364346        5.3908768039609472     
   1.5928780148643067E-003   1.1492554663077388        5.3951959155570028     
   1.6105766594739100E-003   1.1493844170297569        5.3991372648592355     
   1.6282753040835134E-003   1.1495011828858279        5.4027000995763546     
   1.6459739486931167E-003   1.1496057350657241        5.4058837395190764     
   1.6636725933027200E-003   1.1496980477727590        5.4086875766484086     
   1.6813712379123234E-003   1.1497780982301540        5.4111110751186429     
   1.6990698825219267E-003   1.1498458666866564        5.4131537713151570     
   1.7167685271315301E-003   1.1499013364214137        5.4148152738868687     
   1.7344671717411334E-003   1.1499444937480985        5.4160952637734381     
   1.7521658163507368E-003   1.1499753280182867        5.4169934942270910     
   1.7698644609603401E-003   1.1499938316240832        5.4175097908290812     
   1.7875631055699435E-003   1.1500000000000001        5.4176440515008180     
   1.8052617501795468E-003   1.1499938316240832        5.4173962465095977     
   1.8229603947891501E-003   1.1499753280182867        5.4167664184689110     
   1.8406590393987535E-003   1.1499444937480985        5.4157546823334135     
   1.8583576840083568E-003   1.1499013364214137        5.4143612253885083     
   1.8760563286179602E-003   1.1498458666866564        5.4125863072344860     
   1.8937549732275635E-003   1.1497780982301542        5.4104302597653930     
   1.9114536178371669E-003   1.1496980477727592        5.4078934871424691     
   1.9291522624467702E-003   1.1496057350657241        5.4049764657623314     
   1.9468509070563736E-003   1.1495011828858279        5.4016797442198206     
   1.9645495516659771E-003   1.1493844170297569        5.3980039432655431     
   1.9822481962755807E-003   1.1492554663077388        5.3939497557582605     
   1.9999468408851842E-003   1.1491143625364346        5.3895179466119894     
   2.0176454854947878E-003   1.1489611405310884        5.3847093527380085     
   2.0353441301043914E-003   1.1487958380969374        5.3795248829817375     
   2.0530427747139949E-003   1.1486184960198840        5.3739655180545292     
   2.0707414193235985E-003   1.1484291580564316        5.3680323104604639     
   2.0884400639332020E-003   1.1482278709228901        5.3617263844181871     
   2.1061387085428056E-003   1.1480146842838472        5.3550489357777895     
   2.1238373531524092E-003   1.1477896507399166        5.3480012319329671     
   2.1415359977620127E-003   1.1475528258147578        5.3405846117282456     
   2.1592346423716163E-003   1.1473042679413774        5.3328004853615418     
   2.1769332869812199E-003   1.1470440384477114        5.3246503342820750     
   2.1946319315908234E-003   1.1467722015414934        5.3161357110836480     
   2.2123305762004270E-003   1.1464888242944127        5.3072582393934082     
   2.2300292208100305E-003   1.1461939766255644        5.2980196137560620     
   2.2477278654196341E-003   1.1458877312841993        5.2884215995137760     
   2.2654265100292377E-003   1.1455701638317723        5.2784660326815978     
   2.2831251546388412E-003   1.1452413526233012        5.2681548198186956     
   2.3008237992484448E-003   1.1449013787880309        5.2574899378952207     
   2.3185224438580483E-003   1.1445503262094185        5.2464734341550967     
   2.3362210884676519E-003   1.1441882815044349        5.2351074259745536     
   2.3539197330772555E-003   1.1438153340021933        5.2233941007166527     
   2.3716183776868590E-003   1.1434315757219098        5.2113357155816686     
   2.3893170222964626E-003   1.1430371013501972        5.1989345974534986     
   2.4070156669060662E-003   1.1426320082177048        5.1861931427420824     
   2.4247143115156697E-003   1.1422163962751009        5.1731138172217843     
   2.4424129561252733E-003   1.1417903680684136        5.1596991558659040     
   2.4601116007348768E-003   1.1413540287137283        5.1459517626771891     
   2.4778102453444804E-003   1.1409074858712513        5.1318743105144025     
   2.4955088899540840E-003   1.1404508497187476        5.1174695409149846     
   2.5132075345636875E-003   1.1399842329243546        5.1027402639137005     
   2.5309061791732911E-003   1.1395077506187845        5.0876893578573350     
   2.5486048237828947E-003   1.1390215203669165        5.0723197692153237     
   2.5663034683924982E-003   1.1385256621387896        5.0566345123863261     
   2.5840021130021018E-003   1.1380202982800016        5.0406366695006781     
   2.6017007576117053E-003   1.1375055534815230        5.0243293902186421     
   2.6193994022213089E-003   1.1369815547489306        5.0077158915243221     
   2.6370980468309125E-003   1.1364484313710705        4.9907994575152772     
   2.6547966914405160E-003   1.1359063148881594        4.9735834391875393     
   2.6724953360501196E-003   1.1353553390593274        4.9560712542161207     
   2.6901939806597231E-003   1.1347956398296157        4.9382663867306613     
   2.7078926252693267E-003   1.1342273552964346        4.9201723870862510     
   2.7255912698789303E-003   1.1336506256754888        4.9017928716290600     
   2.7432899144885338E-003   1.1330655932661826        4.8831315224568126     
   2.7609885590981374E-003   1.1324724024165091        4.8641920871736906     
   2.7786872037077410E-003   1.1318711994874344        4.8449783786395795     
   2.7963858483173445E-003   1.1312621328167853        4.8254942747133152     
   2.8140844929269481E-003   1.1306453526826488        4.8057437179897953     
   2.8317831375365516E-003   1.1300210112662943        4.7857307155305921     
   2.8494817821461552E-003   1.1293892626146236        4.7654593385877533     
   2.8671804267557588E-003   1.1287502626021639        4.7449337223205177     
   2.8848790713653623E-003   1.1281041688926066        4.7241580655046338     
   2.9025777159749659E-003   1.1274511408999066        4.7031366302338613     
   2.9202763605845694E-003   1.1267913397489497        4.6818737416133143     
   2.9379750051941730E-003   1.1261249282357975        4.6603737874442732     
   2.9556736498037766E-003   1.1254520707875186        4.6386412178999512     
   2.9733722944133801E-003   1.1247729334216203        4.6166805451919446     
   2.9910709390229837E-003   1.1240876837050857        4.5944963432267372     
   3.0087695836325873E-003   1.1233964907130287        4.5720932472518898     
   3.0264682282421908E-003   1.1226995249869773        4.5494759534913758     
   3.0441668728517944E-003   1.1219969584927958        4.5266492187695322     
   3.0618655174613979E-003   1.1212889645782536        4.5036178601231303     
   3.0795641620710015E-003   1.1205757179302553        4.4803867544009837     
   3.0972628066806051E-003   1.1198573945317389        4.4569608378504562     
   3.1149614512902086E-003   1.1191341716182543        4.4333451056904103     
   3.1326600958998122E-003   1.1184062276342339        4.4095446116697881     
   3.1503587405094157E-003   1.1176737421889629        4.3855644676113732     
   3.1680573851190193E-003   1.1169368960122645        4.3614098429399748     
   3.1857560297286229E-003   1.1161958709099074        4.3370859641943644     
   3.2034546743382264E-003   1.1154508497187472        4.3125981145223102     
   3.2211533189478300E-003   1.1147020162616150        4.2879516331579701     
   3.2388519635574336E-003   1.1139495553019614        4.2631519148809609     
   3.2565506081670371E-003   1.1131936524982686        4.2382044094563112     
   3.2742492527766407E-003   1.1124344943582427        4.2131146210546282     
   3.2919478973862442E-003   1.1116722681927951        4.1878881076516050     
   3.3096465419958478E-003   1.1109071620698270        4.1625304804062324     
   3.3273451866054514E-003   1.1101393647678255        4.1370474030167586     
   3.3450438312150549E-003   1.1093690657292861        4.1114445910537816     
   3.3627424758246585E-003   1.1085964550139704        4.0857278112695559     
   3.3804411204342620E-003   1.1078217232520113        4.0599028808826745     
   3.3981397650438656E-003   1.1070450615968790        4.0339756668374962     
   3.4158384096534692E-003   1.1062666616782151        4.0079520850372212     
   3.4335370542630727E-003   1.1054867155545520        3.9818380995500418     
   3.4512356988726763E-003   1.1047054156659255        3.9556397217874233     
   3.4689343434822799E-003   1.1039229547863920        3.9293630096536614     
   3.4866329880918834E-003   1.1031395259764656        3.9030140666660231     
   3.5043316327014870E-003   1.1023553225354819        3.8765990410444853     
   3.5220302773110905E-003   1.1015705379539062        3.8501241247704709     
   3.5397289219206941E-003   1.1007853658655908        3.8235955526134973     
   3.5574275665302977E-003   1.0999999999999999        3.7970196011252879     
   3.5751262111399012E-003   1.0992146341344087        3.7704025876002212     
   3.5928248557495048E-003   1.0984294620460933        3.7437508690016545     
   3.6105235003591083E-003   1.0976446774645177        3.7170708408531170     
   3.6282221449687119E-003   1.0968604740235341        3.6903689360937979     
   3.6459207895783155E-003   1.0960770452136075        3.6636516238976173     
   3.6636194341879190E-003   1.0952945843340740        3.6369254084550788     
   3.6813180787975226E-003   1.0945132844454475        3.6101968277173486     
   3.6990167234071262E-003   1.0937333383217844        3.5834724521018324     
   3.7167153680167297E-003   1.0929549384031205        3.5567588831587966     
   3.7344140126263333E-003   1.0921782767479882        3.5300627521982477     
   3.7521126572359368E-003   1.0914035449860293        3.5033907188766937     
   3.7698113018455404E-003   1.0906309342707134        3.4767494697432282     
   3.7875099464551440E-003   1.0898606352321740        3.4501457167444762     
   3.8052085910647475E-003   1.0890928379301725        3.4235861956879594     
   3.8229072356743511E-003   1.0883277318072044        3.3970776646635348     
   3.8406058802839546E-003   1.0875655056417570        3.3706269024225639     
   3.8583045248935582E-003   1.0868063475017311        3.3442407067145270     
   3.8760031695031618E-003   1.0860504446980381        3.3179258925808557     
   3.8937018141127653E-003   1.0852979837383845        3.2916892906058166     
   3.9114004587223689E-003   1.0845491502812523        3.2655377451242544     
   3.9290991033319725E-003   1.0838041290900922        3.2394781123862608     
   3.9467977479415760E-003   1.0830631039877352        3.2135172586786673     
   3.9644963925511796E-003   1.0823262578110369        3.1876620584034097     
   3.9821950371607831E-003   1.0815937723657658        3.1619193921129893     
   3.9998936817703867E-003   1.0808658283817452        3.1362961445030924     
   4.0175923263799903E-003   1.0801426054682606        3.1107992023627400     
   4.0352909709895938E-003   1.0794242820697442        3.0854354524822112     
   4.0529896155991974E-003   1.0787110354217460        3.0602117795191828     
   4.0706882602088009E-003   1.0780030415072039        3.0351350638235681     
   4.0883869048184045E-003   1.0773004750130224        3.0102121792215444     
   4.1060855494280081E-003   1.0766035092869710        2.9854499907594998     
   4.1237841940376116E-003   1.0759123162949138        2.9608553524084433     
   4.1414828386472152E-003   1.0752270665783792        2.9364351047298656     
   4.1591814832568188E-003   1.0745479292124811        2.9121960725036811     
   4.1768801278664223E-003   1.0738750717642023        2.8881450623193659     
   4.1945787724760259E-003   1.0732086602510498        2.8642888601312788     
   4.2122774170856294E-003   1.0725488591000931        2.8406342287792081     
   4.2299760616952330E-003   1.0718958311073932        2.8171879054753219     
   4.2476747063048366E-003   1.0712497373978358        2.7939565992589497     
   4.2653733509144401E-003   1.0706107373853759        2.7709469884203011     
   4.2830719955240437E-003   1.0699789887337054        2.7481657178947856     
   4.3007706401336472E-003   1.0693546473173507        2.7256193966292392     
   4.3184692847432508E-003   1.0687378671832144        2.7033145949218587     
   4.3361679293528544E-003   1.0681288005125651        2.6812578417372888     
   4.3538665739624579E-003   1.0675275975834904        2.6594556219988736     
   4.3715652185720615E-003   1.0669344067338171        2.6379143738596480     
   4.3892638631816651E-003   1.0663493743245109        2.6166404859541346     
   4.4069625077912686E-003   1.0657726447035651        2.5956402946329713     
   4.4246611524008722E-003   1.0652043601703840        2.5749200811821873     
   4.4423597970104757E-003   1.0646446609406723        2.5544860690295494     
   4.4600584416200793E-003   1.0640936851118403        2.5343444209399864     
   4.4777570862296829E-003   1.0635515686289292        2.5145012362024031     
   4.4954557308392864E-003   1.0630184452510691        2.4949625478102351     
   4.5131543754488900E-003   1.0624944465184767        2.4757343196381307     
   4.5308530200584935E-003   1.0619797017199981        2.4568224436171460     
   4.5485516646680971E-003   1.0614743378612101        2.4382327369110524     
   4.5662503092777007E-003   1.0609784796330832        2.4199709390962778     
   4.5839489538873042E-003   1.0604922493812152        2.4020427093480223     
   4.6016475984969078E-003   1.0600157670756452        2.3844536236352889     
   4.6193462431065114E-003   1.0595491502812524        2.3672091719275139     
   4.6370448877161149E-003   1.0590925141287486        2.3503147554153778     
   4.6547435323257185E-003   1.0586459712862717        2.3337756837488270     
   4.6724421769353220E-003   1.0582096319315861        2.3175971722948048     
   4.6901408215449256E-003   1.0577836037248989        2.3017843394177460     
   4.7078394661545292E-003   1.0573679917822951        2.2863422037854351     
   4.7255381107641327E-003   1.0569628986498025        2.2712756817032940     
   4.7432367553737363E-003   1.0565684242780902        2.2565895844798654     
   4.7609353999833398E-003   1.0561846659978067        2.2422886158262116     
   4.7786340445929434E-003   1.0558117184955651        2.2283773692923736     
   4.7963326892025470E-003   1.0554496737905814        2.2148603257434956     
   4.8140313338121505E-003   1.0550986212119691        2.2017418508785505     
   4.8317299784217541E-003   1.0547586473766988        2.1890261927945129     
   4.8494286230313577E-003   1.0544298361682276        2.1767174795987629     
   4.8671272676409612E-003   1.0541122687158007        2.1648197170724370     
   4.8848259122505648E-003   1.0538060233744355        2.1533367863876203     
   4.9025245568601683E-003   1.0535111757055873        2.1422724418808778     
   4.9202232014697719E-003   1.0532277984585066        2.1316303088860256     
   4.9379218460793755E-003   1.0529559615522885        2.1214138816285351     
   4.9556204906889790E-003   1.0526957320586225        2.1116265211843084     
   4.9733191352985826E-003   1.0524471741852421        2.1022714535051947     
   4.9910177799081861E-003   1.0522103492600834        2.0933517675137936     
   5.0087164245177897E-003   1.0519853157161527        2.0848704132698392     
   5.0264150691273933E-003   1.0517721290771100        2.0768302002105261     
   5.0441137137369968E-003   1.0515708419435683        2.0692337954669267     
   5.0618123583466004E-003   1.0513815039801160        2.0620837222587256     
   5.0795110029562040E-003   1.0512041619030625        2.0553823583691986     
   5.0972096475658075E-003   1.0510388594689117        2.0491319347025208     
   5.1149082921754111E-003   1.0508856374635656        2.0433345339251741     
   5.1326069367850146E-003   1.0507445336922612        2.0379920891932684     
   5.1503055813946182E-003   1.0506155829702430        2.0331063829673943     
   5.1680042260042218E-003   1.0504988171141720        2.0286790459165487     
   5.1857028706138253E-003   1.0503942649342761        2.0247115559126465     
   5.2034015152234289E-003   1.0503019522272410        2.0212052371168245     
   5.2211001598330324E-003   1.0502219017698460        2.0181612591588816     
   5.2387988044426360E-003   1.0501541333133435        2.0155806364107693     
   5.2564974490522396E-003   1.0500986635785865        2.0134642273553025     
   5.2741960936618431E-003   1.0500555062519015        2.0118127340507126     
   5.2918947382714467E-003   1.0500246719817135        2.0106267016919892     
   5.3095933828810503E-003   1.0500061683759170        2.0099065182693292     
   5.3272920274906538E-003   1.0500000000000000        2.0096524143244525     
   5.3449906721002574E-003   1.0500061683759170        2.0098644628048161     
   5.3626893167098609E-003   1.0500246719817135        2.0105425790161626     
   5.3803879613194645E-003   1.0500555062519017        2.0116865206732988     
   5.3980866059290681E-003   1.0500986635785865        2.0132958880491327     
   5.4157852505386716E-003   1.0501541333133437        2.0153701242218069     
   5.4334838951482752E-003   1.0502219017698462        2.0179085154193994     
   5.4511825397578787E-003   1.0503019522272412        2.0209101914620025     
   5.4688811843674823E-003   1.0503942649342763        2.0243741263004282     
   5.4865798289770859E-003   1.0504988171141723        2.0282991386508087     
   5.5042784735866894E-003   1.0506155829702433        2.0326838927244011     
   5.5219771181962930E-003   1.0507445336922616        2.0375268990514455     
   5.5396757628058966E-003   1.0508856374635658        2.0428265153980987     
   5.5573744074155001E-003   1.0510388594689120        2.0485809477752985     
   5.5750730520251037E-003   1.0512041619030630        2.0547882515380107     
   5.5927716966347072E-003   1.0513815039801164        2.0614463325736718     
   5.6104703412443108E-003   1.0515708419435688        2.0685529485781489     
   5.6281689858539144E-003   1.0517721290771105        2.0761057104175245     
   5.6458676304635179E-003   1.0519853157161532        2.0841020835740824     
   5.6635662750731215E-003   1.0522103492600838        2.0925393896745019     
   5.6812649196827250E-003   1.0524471741852428        2.1014148080983630     
   5.6989635642923286E-003   1.0526957320586232        2.1107253776648998     
   5.7166622089019322E-003   1.0529559615522892        2.1204679983959096     
   5.7343608535115357E-003   1.0532277984585070        2.1306394333524832     
   5.7520594981211393E-003   1.0535111757055879        2.1412363105434427     
   5.7697581427307429E-003   1.0538060233744362        2.1522551249028794     
   5.7874567873403464E-003   1.0541122687158015        2.1636922403345817     
   5.8051554319499500E-003   1.0544298361682283        2.1755438918206704     
   5.8228540765595535E-003   1.0547586473766994        2.1878061875920314     
   5.8405527211691571E-003   1.0550986212119697        2.2004751113577727     
   5.8582513657787607E-003   1.0554496737905821        2.2135465245911443     
   5.8759500103883642E-003   1.0558117184955660        2.2270161688692238     
   5.8936486549979678E-003   1.0561846659978074        2.2408796682635037     
   5.9113472996075713E-003   1.0565684242780911        2.2551325317788122     
   5.9290459442171749E-003   1.0569628986498034        2.2697701558374876     
   5.9467445888267785E-003   1.0573679917822960        2.2847878268062427     
   5.9644432334363820E-003   1.0577836037249000        2.3001807235627263     
   5.9821418780459856E-003   1.0582096319315872        2.3159439200989245     
   5.9998405226555892E-003   1.0586459712862726        2.3320723881586676     
   6.0175391672651927E-003   1.0590925141287495        2.3485609999062365     
   6.0352378118747963E-003   1.0595491502812533        2.3654045306232727     
   6.0529364564843998E-003   1.0600157670756463        2.3825976614312085     
   6.0706351010940034E-003   1.0604922493812163        2.4001349820362545     
   6.0883337457036070E-003   1.0609784796330843        2.4180109934942564     
   6.1060323903132105E-003   1.0614743378612113        2.4362201109925672     
   6.1237310349228141E-003   1.0619797017199992        2.4547566666461860     
   6.1414296795324176E-003   1.0624944465184778        2.4736149123054272     
   6.1591283241420212E-003   1.0630184452510703        2.4927890223724498     
   6.1768269687516248E-003   1.0635515686289303        2.5122730966239981     
   6.1945256133612283E-003   1.0640936851118414        2.5320611630377181     
   6.2122242579708319E-003   1.0646446609406734        2.5521471806195168     
   6.2299229025804355E-003   1.0652043601703851        2.5725250422294739     
   6.2476215471900390E-003   1.0657726447035665        2.5931885774038017     
   6.2653201917996426E-003   1.0663493743245123        2.6141315551705455     
   6.2830188364092461E-003   1.0669344067338185        2.6353476868565719     
   6.3007174810188497E-003   1.0675275975834917        2.6568306288837609     
   6.3184161256284533E-003   1.0681288005125664        2.6785739855520254     
   6.3361147702380568E-003   1.0687378671832157        2.7005713118071202     
   6.3538134148476604E-003   1.0693546473173523        2.7228161159911575     
   6.3715120594572639E-003   1.0699789887337068        2.7453018625738794     
   6.3892107040668675E-003   1.0706107373853775        2.7680219748627684     
   6.4069093486764711E-003   1.0712497373978371        2.7909698376900565     
   6.4246079932860746E-003   1.0718958311073945        2.8141388000751051     
   6.4423066378956782E-003   1.0725488591000945        2.8375221778602584     
   6.4600052825052818E-003   1.0732086602510513        2.8611132563186557     
   6.4777039271148853E-003   1.0738750717642036        2.8849052927325700     
   6.4954025717244889E-003   1.0745479292124827        2.9088915189407416     
   6.5131012163340924E-003   1.0752270665783807        2.9330651438533155     
   6.5307998609436960E-003   1.0759123162949153        2.9574193559333315     
   6.5484985055532996E-003   1.0766035092869726        2.9819473256432776     
   6.5661971501629031E-003   1.0773004750130240        3.0066422078558501     
   6.5838957947725067E-003   1.0780030415072055        3.0314971442278087     
   6.6015944393821102E-003   1.0787110354217475        3.0565052655359346     
   6.6192930839917138E-003   1.0794242820697457        3.0816596939743324     
   6.6369917286013174E-003   1.0801426054682621        3.1069535454121944     
   6.6546903732109209E-003   1.0808658283817467        3.1323799316114251     
   6.6723890178205245E-003   1.0815937723657674        3.1579319624033766     
   6.6900876624301281E-003   1.0823262578110384        3.1836027478242981     
   6.7077863070397316E-003   1.0830631039877368        3.2093854002088991     
   6.7254849516493352E-003   1.0838041290900939        3.2352730362416642     
   6.7431835962589387E-003   1.0845491502812539        3.2612587789656042     
   6.7608822408685423E-003   1.0852979837383860        3.2873357597482271     
   6.7785808854781459E-003   1.0860504446980399        3.3134971202043921     
   6.7962795300877494E-003   1.0868063475017327        3.3397360140760961     
   6.8139781746973530E-003   1.0875655056417586        3.3660456090690540     
   6.8316768193069565E-003   1.0883277318072062        3.3924190886460188     
   6.8493754639165601E-003   1.0890928379301743        3.4188496537770114     
   6.8670741085261637E-003   1.0898606352321758        3.4453305246465522     
   6.8847727531357672E-003   1.0906309342707152        3.4718549423179770     
   6.9024713977453708E-003   1.0914035449860309        3.4984161703552141     
   6.9201700423549744E-003   1.0921782767479900        3.5250074964022047     
   6.9378686869645779E-003   1.0929549384031223        3.5516222337202996     
   6.9555673315741815E-003   1.0937333383217862        3.5782537226840838     
   6.9732659761837850E-003   1.0945132844454493        3.6048953322359787     
   6.9909646207933886E-003   1.0952945843340758        3.6315404613000704     
   7.0086632654029922E-003   1.0960770452136093        3.6581825401557881     
   7.0263619100125957E-003   1.0968604740235357        3.6848150317717834     
   7.0440605546221993E-003   1.0976446774645194        3.7114314331007989     
   7.0617591992318028E-003   1.0984294620460950        3.7380252763358786     
   7.0794578438414064E-003   1.0992146341344105        3.7645901301288807     
   7.0971564884510100E-003   1.1000000000000014        3.7911196007715828     
   7.1148551330606135E-003   1.1007853658655926        3.8176073333404310     
   7.1325537776702171E-003   1.1015705379539080        3.8440470128053086     
   7.1502524222798207E-003   1.1023553225354836        3.8704323651033667     
   7.1679510668894242E-003   1.1031395259764671        3.8967571581784348     
   7.1856497114990278E-003   1.1039229547863938        3.9230152029868592     
   7.2033483561086313E-003   1.1047054156659273        3.9492003544705918     
   7.2210470007182349E-003   1.1054867155545538        3.9753065124982627     
   7.2387456453278385E-003   1.1062666616782169        4.0013276227750598     
   7.2564442899374420E-003   1.1070450615968808        4.0272576777221962     
   7.2741429345470456E-003   1.1078217232520131        4.0530907173268700     
   7.2918415791566491E-003   1.1085964550139720        4.0788208299634245     
   7.3095402237662527E-003   1.1093690657292878        4.1044421531865964     
   7.3272388683758563E-003   1.1101393647678273        4.1299488744976527     
   7.3449375129854598E-003   1.1109071620698288        4.1553352320842745     
   7.3626361575950634E-003   1.1116722681927969        4.1805955155349599     
   7.3803348022046670E-003   1.1124344943582443        4.2057240665287754     
   7.3980334468142705E-003   1.1131936524982702        4.2307152795013003     
   7.4157320914238741E-003   1.1139495553019629        4.2555636022874950     
   7.4334307360334776E-003   1.1147020162616168        4.2802635367424005     
   7.4511293806430812E-003   1.1154508497187490        4.3048096393403030     
   7.4688280252526848E-003   1.1161958709099089        4.3291965217532900     
   7.4865266698622883E-003   1.1169368960122661        4.3534188514098853     
   7.5042253144718919E-003   1.1176737421889644        4.3774713520344610     
   7.5219239590814954E-003   1.1184062276342355        4.4013488041682933     
   7.5396226036910990E-003   1.1191341716182561        4.4250460456728886     
   7.5573212483007026E-003   1.1198573945317405        4.4485579722162836     
   7.5750198929103061E-003   1.1205757179302569        4.4718795377430913     
   7.5927185375199097E-003   1.1212889645782551        4.4950057549288527     
   7.6104171821295133E-003   1.1219969584927973        4.5179316956194286     
   7.6281158267391168E-003   1.1226995249869789        4.5406524912560728     
   7.6458144713487204E-003   1.1233964907130300        4.5631633332867256     
   7.6635131159583239E-003   1.1240876837050873        4.5854594735642635     
   7.6812117605679275E-003   1.1247729334216219        4.6075362247320859     
   7.6989104051775311E-003   1.1254520707875200        4.6293889605978134     
   7.7166090497871346E-003   1.1261249282357988        4.6510131164955171     
   7.7343076943967382E-003   1.1267913397489513        4.6724041896369819     
   7.7520063390063417E-003   1.1274511408999079        4.6935577394525820     
   7.7697049836159453E-003   1.1281041688926079        4.7144693879221959     
   7.7874036282255489E-003   1.1287502626021653        4.7351348198966194     
   7.8051022728351524E-003   1.1293892626146251        4.7555497834099647     
   7.8228009174447551E-003   1.1300210112662956        4.7757100899833480     
   7.8404995620543587E-003   1.1306453526826501        4.7956116149204355     
   7.8581982066639623E-003   1.1312621328167867        4.8152502975950711     
   7.8758968512735658E-003   1.1318711994874358        4.8346221417313622     
   7.8935954958831694E-003   1.1324724024165105        4.8537232156767223     
   7.9112941404927729E-003   1.1330655932661839        4.8725496526678898     
   7.9289927851023765E-003   1.1336506256754899        4.8910976510905559     
   7.9466914297119801E-003   1.1342273552964357        4.9093634747326265     
   7.9643900743215836E-003   1.1347956398296171        4.9273434530314875     
   7.9820887189311872E-003   1.1353553390593287        4.9450339813154844     
   7.9997873635407907E-003   1.1359063148881607        4.9624315210398935     
   8.0174860081503943E-003   1.1364484313710719        4.9795326000175244     
   8.0351846527599979E-003   1.1369815547489317        4.9963338126441492     
   8.0528832973696014E-003   1.1375055534815242        5.0128318201189899     
   8.0705819419792050E-003   1.1380202982800027        5.0290233506603652     
   8.0882805865888086E-003   1.1385256621387907        5.0449051997166432     
   8.1059792311984121E-003   1.1390215203669176        5.0604742301726544     
   8.1236778758080157E-003   1.1395077506187856        5.0757273725516798     
   8.1413765204176192E-003   1.1399842329243557        5.0906616252130581     
   8.1590751650272228E-003   1.1404508497187484        5.1052740545455126     
   8.1767738096368264E-003   1.1409074858712522        5.1195617951564261     
   8.1944724542464299E-003   1.1413540287137292        5.1335220500567615     
   8.2121710988560335E-003   1.1417903680684145        5.1471520908421304     
   8.2298697434656370E-003   1.1422163962751017        5.1604492578696810     
   8.2475683880752406E-003   1.1426320082177055        5.1734109604310001     
   8.2652670326848442E-003   1.1430371013501981        5.1860346769210892     
   8.2829656772944477E-003   1.1434315757219105        5.1983179550032128     
   8.3006643219040513E-003   1.1438153340021942        5.2102584117699173     
   8.3183629665136549E-003   1.1441882815044355        5.2218537338999260     
   8.3360616111232584E-003   1.1445503262094192        5.2331016778111268     
   8.3537602557328620E-003   1.1449013787880316        5.2440000698094487     
   8.3714589003424655E-003   1.1452413526233018        5.2545468062337086     
   8.3891575449520691E-003   1.1455701638317730        5.2647398535963612     
   8.4068561895616727E-003   1.1458877312842000        5.2745772487201483     
   8.4245548341712762E-003   1.1461939766255651        5.2840570988705107     
   8.4422534787808798E-003   1.1464888242944133        5.2931775818838291     
   8.4599521233904833E-003   1.1467722015414941        5.3019369462913479     
   8.4776507680000869E-003   1.1470440384477121        5.3103335114388521     
   8.4953494126096905E-003   1.1473042679413779        5.3183656676018334     
   8.5130480572192940E-003   1.1475528258147583        5.3260318760963790     
   8.5307467018288976E-003   1.1477896507399172        5.3333306693854139     
   8.5484453464385012E-003   1.1480146842838477        5.3402606511804684     
   8.5661439910481047E-003   1.1482278709228906        5.3468204965388493     
   8.5838426356577083E-003   1.1484291580564321        5.3530089519560553     
   8.6015412802673118E-003   1.1486184960198844        5.3588248354535342     
   8.6192399248769154E-003   1.1487958380969379        5.3642670366615892     
   8.6369385694865190E-003   1.1489611405310887        5.3693345168975073     
   8.6546372140961225E-003   1.1491143625364348        5.3740263092387153     
   8.6723358587057261E-003   1.1492554663077392        5.3783415185909886     
   8.6900345033153296E-003   1.1493844170297574        5.3822793217516853     
   8.7077331479249332E-003   1.1495011828858281        5.3858389674679126     
   8.7254317925345368E-003   1.1496057350657243        5.3890197764895742     
   8.7431304371441403E-003   1.1496980477727592        5.3918211416172515     
   8.7608290817537439E-003   1.1497780982301542        5.3942425277449937     
   8.7785277263633475E-003   1.1498458666866567        5.3962834718977604     
   8.7962263709729510E-003   1.1499013364214137        5.3979435832637028     
   8.8139250155825546E-003   1.1499444937480987        5.3992225432211898     
   8.8316236601921581E-003   1.1499753280182867        5.4001201053603838     
   8.8493223048017617E-003   1.1499938316240832        5.4006360954997037     
   8.8670209494113653E-003   1.1500000000000001        5.4007704116967794     
   8.8847195940209688E-003   1.1499938316240832        5.4005230242541664     
   8.9024182386305724E-003   1.1499753280182865        5.3998939757196380     
   8.9201168832401759E-003   1.1499444937480985        5.3988833808812196     
   8.9378155278497795E-003   1.1499013364214135        5.3974914267567344     
   8.9555141724593831E-003   1.1498458666866562        5.3957183725781590     
   8.9732128170689866E-003   1.1497780982301540        5.3935645497705469     
   8.9909114616785902E-003   1.1496980477727590        5.3910303619256696     
   9.0086101062881938E-003   1.1496057350657238        5.3881162847703923     
   9.0263087508977973E-003   1.1495011828858277        5.3848228661297650     
   9.0440073955074009E-003   1.1493844170297567        5.3811507258848650     
   9.0617060401170044E-003   1.1492554663077383        5.3771005559254625     
   9.0794046847266080E-003   1.1491143625364342        5.3726731200975175     
   9.0971033293362116E-003   1.1489611405310880        5.3678692541455284     
   9.1148019739458151E-003   1.1487958380969370        5.3626898656498518     
   9.1325006185554187E-003   1.1486184960198835        5.3571359339589462     
   9.1501992631650222E-003   1.1484291580564312        5.3512085101166518     
   9.1678979077746258E-003   1.1482278709228895        5.3449087167845555     
   9.1855965523842294E-003   1.1480146842838468        5.3382377481594805     
   9.2032951969938329E-003   1.1477896507399159        5.3311968698861092     
   9.2209938416034365E-003   1.1475528258147571        5.3237874189649830     
   9.2386924862130401E-003   1.1473042679413767        5.3160108036556188     
   9.2563911308226436E-003   1.1470440384477107        5.3078685033751576     
   9.2740897754322472E-003   1.1467722015414927        5.2993620685923553     
   9.2917884200418507E-003   1.1464888242944118        5.2904931207171169     
   9.3094870646514543E-003   1.1461939766255635        5.2812633519854701     
   9.3271857092610579E-003   1.1458877312841984        5.2716745253403046     
   9.3448843538706614E-003   1.1455701638317715        5.2617284743076400     
   9.3625829984802650E-003   1.1452413526233003        5.2514271028687558     
   9.3802816430898685E-003   1.1449013787880300        5.2407723853279258     
   9.3979802876994721E-003   1.1445503262094174        5.2297663661761824     
   9.4156789323090757E-003   1.1441882815044337        5.2184111599508238     
   9.4333775769186792E-003   1.1438153340021922        5.2067089510908975     
   9.4510762215282828E-003   1.1434315757219087        5.1946619937886336     
   9.4687748661378864E-003   1.1430371013501961        5.1822726118368898     
   9.4864735107474899E-003   1.1426320082177035        5.1695431984726632     
   9.5041721553570935E-003   1.1422163962750997        5.1564762162165803     
   9.5218707999666970E-003   1.1417903680684125        5.1430741967084943     
   9.5395694445763006E-003   1.1413540287137269        5.1293397405391925     
   9.5572680891859042E-003   1.1409074858712500        5.1152755170781559     
   9.5749667337955077E-003   1.1404508497187462        5.1008842642973615     
   9.5926653784051113E-003   1.1399842329243532        5.0861687885912028     
   9.6103640230147148E-003   1.1395077506187832        5.0711319645924178     
   9.6280626676243184E-003   1.1390215203669152        5.0557767349839837     
   9.6457613122339220E-003   1.1385256621387883        5.0401061103069882     
   9.6634599568435255E-003   1.1380202982800003        5.0241231687643726     
   9.6811586014531291E-003   1.1375055534815217        5.0078310560205512     
   9.6988572460627327E-003   1.1369815547489290        4.9912329849966177     
   9.7165558906723362E-003   1.1364484313710692        4.9743322356613771     
   9.7342545352819398E-003   1.1359063148881581        4.9571321548177236     
   9.7519531798915433E-003   1.1353553390593258        4.9396361558845179     
   9.7696518245011469E-003   1.1347956398296142        4.9218477186737593     
   9.7873504691107505E-003   1.1342273552964328        4.9037703891626858     
   9.8050491137203540E-003   1.1336506256754870        4.8854077792609898     
   9.8227477583299576E-003   1.1330655932661811        4.8667635665726765     
   9.8404464029395611E-003   1.1324724024165076        4.8478414941524495     
   9.8581450475491647E-003   1.1318711994874329        4.8286453702564689     
   9.8758436921587683E-003   1.1312621328167836        4.8091790680870847     
   9.8935423367683718E-003   1.1306453526826470        4.7894465255314760     
   9.9112409813779754E-003   1.1300210112662925        4.7694517448937548     
   9.9289396259875790E-003   1.1293892626146218        4.7491987926202857     
   9.9466382705971825E-003   1.1287502626021622        4.7286917990180140     
   9.9643369152067861E-003   1.1281041688926048        4.7079349579652510     
   9.9820355598163896E-003   1.1274511408999048        4.6869325266147808     
   9.9997342044259932E-003   1.1267913397489480        4.6656888250887398     
   1.0017432849035597E-002   1.1261249282357955        4.6442082361650074     
   1.0035131493645200E-002   1.1254520707875166        4.6224952049545625     
   1.0052830138254804E-002   1.1247729334216185        4.6005542385694769     
   1.0070528782864407E-002   1.1240876837050837        4.5783899057810125     
   1.0088227427474011E-002   1.1233964907130267        4.5560068366674340     
   1.0105926072083615E-002   1.1226995249869753        4.5334097222508651     
   1.0123624716693218E-002   1.1219969584927938        4.5106033141228954     
   1.0141323361302822E-002   1.1212889645782516        4.4875924240582030     
   1.0159022005912425E-002   1.1205757179302533        4.4643819236157434     
   1.0176720650522029E-002   1.1198573945317369        4.4409767437269254     
   1.0194419295131632E-002   1.1191341716182523        4.4173818742700037     
   1.0212117939741236E-002   1.1184062276342317        4.3936023636304151     
   1.0229816584350840E-002   1.1176737421889607        4.3696433182460108     
   1.0247515228960443E-002   1.1169368960122623        4.3455099021368850     
   1.0265213873570047E-002   1.1161958709099054        4.3212073364188424     
   1.0282912518179650E-002   1.1154508497187452        4.2967408988000297     
   1.0300611162789254E-002   1.1147020162616130        4.2721159230599381     
   1.0318309807398857E-002   1.1139495553019594        4.2473377985099701     
   1.0336008452008461E-002   1.1131936524982664        4.2224119694349920     
   1.0353707096618064E-002   1.1124344943582405        4.1973439345150663     
   1.0371405741227668E-002   1.1116722681927931        4.1721392462264655     
   1.0389104385837272E-002   1.1109071620698248        4.1468035102214165     
   1.0406803030446875E-002   1.1101393647678233        4.1213423846856827     
   1.0424501675056479E-002   1.1093690657292838        4.0957615796730416     
   1.0442200319666082E-002   1.1085964550139682        4.0700668564161928     
   1.0459898964275686E-002   1.1078217232520093        4.0442640266129306     
   1.0477597608885289E-002   1.1070450615968768        4.0183589516870120     
   1.0495296253494893E-002   1.1062666616782129        3.9923575420228006     
   1.0512994898104496E-002   1.1054867155545498        3.9662657561728030     
   1.0530693542714100E-002   1.1047054156659233        3.9400896000374317     
   1.0548392187323704E-002   1.1039229547863898        3.9138351260160555     
   1.0566090831933307E-002   1.1031395259764634        3.8875084321284796     
   1.0583789476542911E-002   1.1023553225354796        3.8611156611061812     
   1.0601488121152514E-002   1.1015705379539040        3.8346629994524135     
   1.0619186765762118E-002   1.1007853658655886        3.8081566764702663     
   1.0636885410371721E-002   1.0999999999999976        3.7816029632581332     
   1.0654584054981325E-002   1.0992146341344065        3.7550081716715318     
   1.0672282699590929E-002   1.0984294620460910        3.7283786532507723     
   1.0689981344200532E-002   1.0976446774645154        3.7017207981134934     
   1.0707679988810136E-002   1.0968604740235319        3.6750410338114485     
   1.0725378633419739E-002   1.0960770452136053        3.6483458241508844     
   1.0743077278029343E-002   1.0952945843340718        3.6216416679756862     
   1.0760775922638946E-002   1.0945132844454453        3.5949350979126811     
   1.0778474567248550E-002   1.0937333383217824        3.5682326790785628     
   1.0796173211858153E-002   1.0929549384031185        3.5415410077476093     
   1.0813871856467757E-002   1.0921782767479860        3.5148667099798714     
   1.0831570501077361E-002   1.0914035449860271        3.4882164402091442     
   1.0849269145686964E-002   1.0906309342707112        3.4615968797901497     
   1.0866967790296568E-002   1.0898606352321720        3.4350147355047254     
   1.0884666434906171E-002   1.0890928379301705        3.4084767380262568     
   1.0902365079515775E-002   1.0883277318072022        3.3819896403423160     
   1.0920063724125378E-002   1.0875655056417548        3.3555602161349083     
   1.0937762368734982E-002   1.0868063475017289        3.3291952581181583     
   1.0955461013344586E-002   1.0860504446980361        3.3029015763332419     
   1.0973159657954189E-002   1.0852979837383825        3.2766859964002655     
   1.0990858302563793E-002   1.0845491502812501        3.2505553577271273     
   1.1008556947173396E-002   1.0838041290900902        3.2245165116751542     
   1.1026255591783000E-002   1.0830631039877330        3.1985763196815449     
   1.1043954236392603E-002   1.0823262578110349        3.1727416513388182     
   1.1061652881002207E-002   1.0815937723657638        3.1470193824310986     
   1.1079351525611810E-002   1.0808658283817432        3.1214163929277952     
   1.1097050170221414E-002   1.0801426054682586        3.0959395649346058     
   1.1114748814831018E-002   1.0794242820697422        3.0705957806023321     
   1.1132447459440621E-002   1.0787110354217440        3.0453919199939463     
   1.1150146104050225E-002   1.0780030415072019        3.0203348589102315     
   1.1167844748659828E-002   1.0773004750130204        2.9954314666747401     
   1.1185543393269432E-002   1.0766035092869690        2.9706886038784397     
   1.1203242037879035E-002   1.0759123162949120        2.9461131200850716     
   1.1220940682488639E-002   1.0752270665783774        2.9217118514976632     
   1.1238639327098243E-002   1.0745479292124793        2.8974916185873387     
   1.1256337971707846E-002   1.0738750717642003        2.8734592236851664     
   1.1274036616317450E-002   1.0732086602510480        2.8496214485382243     
   1.1291735260927053E-002   1.0725488591000913        2.8259850518308141     
   1.1309433905536657E-002   1.0718958311073914        2.8025567666721813     
   1.1327132550146260E-002   1.0712497373978340        2.7793432980519199     
   1.1344831194755864E-002   1.0706107373853742        2.7563513202643750     
   1.1362529839365467E-002   1.0699789887337037        2.7335874743036106     
   1.1380228483975071E-002   1.0693546473173492        2.7110583652302327     
   1.1397927128584675E-002   1.0687378671832126        2.6887705595119322     
   1.1415625773194278E-002   1.0681288005125635        2.6667305823392398     
   1.1433324417803882E-002   1.0675275975834888        2.6449449149182245     
   1.1451023062413485E-002   1.0669344067338153        2.6234199917421397     
   1.1468721707023089E-002   1.0663493743245094        2.6021621978437675     
   1.1486420351632692E-002   1.0657726447035636        2.5811778660304583     
   1.1504118996242296E-002   1.0652043601703824        2.5604732741040608     
   1.1521817640851899E-002   1.0646446609406708        2.5400546420676662     
   1.1539516285461503E-002   1.0640936851118388        2.5199281293215496     
   1.1557214930071107E-002   1.0635515686289276        2.5000998318504388     
   1.1574913574680710E-002   1.0630184452510678        2.4805757794045160     
   1.1592612219290314E-002   1.0624944465184754        2.4613619326765250     
   1.1610310863899917E-002   1.0619797017199968        2.4424641804773994     
   1.1628009508509521E-002   1.0614743378612088        2.4238883369129898     
   1.1645708153119124E-002   1.0609784796330819        2.4056401385643587     
   1.1663406797728728E-002   1.0604922493812139        2.3877252416742865     
   1.1681105442338332E-002   1.0600157670756438        2.3701492193427045     
   1.1698804086947935E-002   1.0595491502812511        2.3529175587335955     
   1.1716502731557539E-002   1.0590925141287473        2.3360356582962525     
   1.1734201376167142E-002   1.0586459712862704        2.3195088250035161     
   1.1751900020776746E-002   1.0582096319315850        2.3033422716099055     
   1.1769598665386349E-002   1.0577836037248978        2.2875411139323276     
   1.1787297309995953E-002   1.0573679917822940        2.2721103681563246     
   1.1804995954605556E-002   1.0569628986498014        2.2570549481705822     
   1.1822694599215160E-002   1.0565684242780891        2.2423796629326516     
   1.1840393243824764E-002   1.0561846659978056        2.2280892138686879     
   1.1858091888434367E-002   1.0558117184955640        2.2141881923100892     
   1.1875790533043971E-002   1.0554496737905803        2.2006810769698530     
   1.1893489177653574E-002   1.0550986212119680        2.1875722314615706     
   1.1911187822263178E-002   1.0547586473766979        2.1748659018637881     
   1.1928886466872781E-002   1.0544298361682267        2.1625662143325890     
   1.1946585111482385E-002   1.0541122687157998        2.1506771727651963     
   1.1964283756091989E-002   1.0538060233744346        2.1392026565173135     
   1.1981982400701592E-002   1.0535111757055864        2.1281464181768404     
   1.1999681045311196E-002   1.0532277984585057        2.1175120813968062     
   1.2017379689920799E-002   1.0529559615522879        2.1073031387899546     
   1.2035078334530403E-002   1.0526957320586219        2.0975229498876224     
   1.2052776979140006E-002   1.0524471741852415        2.0881747391654599     
   1.2070475623749610E-002   1.0522103492600827        2.0792615941383255     
   1.2088174268359213E-002   1.0519853157161521        2.0707864635268138     
   1.2105872912968817E-002   1.0517721290771094        2.0627521554976966     
   1.2123571557578421E-002   1.0515708419435679        2.0551613359804572     
   1.2141270202188024E-002   1.0513815039801155        2.0480165270620945     
   1.2158968846797628E-002   1.0512041619030621        2.0413201054622561     
   1.2176667491407231E-002   1.0510388594689113        2.0350743010906038     
   1.2194366136016835E-002   1.0508856374635651        2.0292811956883021     
   1.2212064780626438E-002   1.0507445336922610        2.0239427215554326     
   1.2229763425236042E-002   1.0506155829702428        2.0190606603658923     
   1.2247462069845646E-002   1.0504988171141718        2.0146366420714079     
   1.2265160714455249E-002   1.0503942649342759        2.0106721438960995     
   1.2282859359064853E-002   1.0503019522272408        2.0071684894228117     
   1.2300558003674456E-002   1.0502219017698458        2.0041268477726311     
   1.2318256648284060E-002   1.0501541333133435        2.0015482328784104     
   1.2335955292893663E-002   1.0500986635785863        1.9994335028534653     
   1.2353653937503267E-002   1.0500555062519015        1.9977833594562533     
   1.2371352582112870E-002   1.0500246719817135        1.9965983476516165     
   1.2389051226722474E-002   1.0500061683759170        1.9958788552693392     
   1.2406749871332078E-002   1.0500000000000000        1.9956251127604319     
   1.2424448515941681E-002   1.0500061683759172        1.9958371930513641     
   1.2442147160551285E-002   1.0500246719817137        1.9965150114965746     
   1.2459845805160888E-002   1.0500555062519017        1.9976583259292953     
   1.2477544449770492E-002   1.0500986635785867        1.9992667368105692     
   1.2495243094380095E-002   1.0501541333133440        2.0013396874762965     
   1.2512941738989699E-002   1.0502219017698464        2.0038764644819911     
   1.2530640383599303E-002   1.0503019522272414        2.0068761980448024     
   1.2548339028208906E-002   1.0503942649342766        2.0103378625821486     
   1.2566037672818510E-002   1.0504988171141727        2.0142602773463492     
   1.2583736317428113E-002   1.0506155829702437        2.0186421071542879     
   1.2601434962037717E-002   1.0507445336922618        2.0234818632112890     
   1.2619133606647320E-002   1.0508856374635662        2.0287779040279892     
   1.2636832251256924E-002   1.0510388594689124        2.0345284364290661     
   1.2654530895866527E-002   1.0512041619030634        2.0407315166524818     
   1.2672229540476131E-002   1.0513815039801171        2.0473850515378267     
   1.2689928185085735E-002   1.0515708419435694        2.0544867998021683     
   1.2707626829695338E-002   1.0517721290771109        2.0620343734017808     
   1.2725325474304942E-002   1.0519853157161538        2.0700252389780220     
   1.2743024118914545E-002   1.0522103492600845        2.0784567193853798     
   1.2760722763524149E-002   1.0524471741852435        2.0873259952999224     
   1.2778421408133752E-002   1.0526957320586239        2.0966301069058915     
   1.2796120052743356E-002   1.0529559615522899        2.1063659556584957     
   1.2813818697352959E-002   1.0532277984585079        2.1165303061205312     
   1.2831517341962563E-002   1.0535111757055886        2.1271197878705976     
   1.2849215986572167E-002   1.0538060233744371        2.1381308974805848     
   1.2866914631181770E-002   1.0541122687158022        2.1495600005598448     
   1.2884613275791374E-002   1.0544298361682292        2.1614033338637659     
   1.2902311920400977E-002   1.0547586473767006        2.1736570074639117     
   1.2920010565010581E-002   1.0550986212119706        2.1863170069773568     
   1.2937709209620184E-002   1.0554496737905832        2.1993791958524405     
   1.2955407854229788E-002   1.0558117184955669        2.2128393177081445     
   1.2973106498839392E-002   1.0561846659978085        2.2266929987246158     
   1.2990805143448995E-002   1.0565684242780922        2.2409357500817131     
   1.3008503788058599E-002   1.0569628986498045        2.2555629704430320     
   1.3026202432668202E-002   1.0573679917822971        2.2705699484825277     
   1.3043901077277806E-002   1.0577836037249011        2.2859518654507904     
   1.3061599721887409E-002   1.0582096319315883        2.3017037977782002     
   1.3079298366497013E-002   1.0586459712862739        2.3178207197121510     
   1.3096997011106616E-002   1.0590925141287508        2.3342975059853535     
   1.3114695655716220E-002   1.0595491502812546        2.3511289345125146     
   1.3132394300325824E-002   1.0600157670756476        2.3683096891123552     
   1.3150092944935427E-002   1.0604922493812177        2.3858343622523601     
   1.3167791589545031E-002   1.0609784796330857        2.4036974578132679     
   1.3185490234154634E-002   1.0614743378612128        2.4218933938705947     
   1.3203188878764238E-002   1.0619797017200008        2.4404165054904032     
   1.3220887523373841E-002   1.0624944465184794        2.4592610475366281     
   1.3238586167983445E-002   1.0630184452510718        2.4784211974872004     
   1.3256284812593049E-002   1.0635515686289319        2.4978910582563927     
   1.3273983457202652E-002   1.0640936851118430        2.5176646610207234     
   1.3291682101812256E-002   1.0646446609406750        2.5377359680458818     
   1.3309380746421859E-002   1.0652043601703869        2.5580988755122127     
   1.3327079391031463E-002   1.0657726447035680        2.5787472163361898     
   1.3344778035641066E-002   1.0663493743245138        2.5996747629856811     
   1.3362476680250670E-002   1.0669344067338200        2.6208752302864537     
   1.3380175324860273E-002   1.0675275975834935        2.6423422782178210     
   1.3397873969469877E-002   1.0681288005125682        2.6640695146951638     
   1.3415572614079481E-002   1.0687378671832175        2.6860504983372331     
   1.3433271258689084E-002   1.0693546473173539        2.7082787412160929     
   1.3450969903298688E-002   1.0699789887337086        2.7307477115878416     
   1.3468668547908291E-002   1.0706107373853790        2.7534508366020960     
   1.3486367192517895E-002   1.0712497373978389        2.7763815049884979     
   1.3504065837127498E-002   1.0718958311073965        2.7995330697183682     
   1.3521764481737102E-002   1.0725488591000962        2.8228988506399708     
   1.3539463126346706E-002   1.0732086602510531        2.8464721370857449     
   1.3557161770956309E-002   1.0738750717642056        2.8702461904498753     
   1.3574860415565913E-002   1.0745479292124844        2.8942142467349838     
   1.3592559060175516E-002   1.0752270665783827        2.9183695190663923     
   1.3610257704785120E-002   1.0759123162949173        2.9427052001728207     
   1.3627956349394723E-002   1.0766035092869746        2.9672144648322849     
   1.3645654994004327E-002   1.0773004750130259        2.9918904722820656     
   1.3663353638613930E-002   1.0780030415072075        3.0167263685917622     
   1.3681052283223534E-002   1.0787110354217495        3.0417152889985135     
   1.3698750927833138E-002   1.0794242820697477        3.0668503602034471     
   1.3716449572442741E-002   1.0801426054682643        3.0921247026286407     
   1.3734148217052345E-002   1.0808658283817489        3.1175314326338457     
   1.3751846861661948E-002   1.0815937723657694        3.1430636646924546     
   1.3769545506271552E-002   1.0823262578110404        3.1687145135259818     
   1.3787244150881155E-002   1.0830631039877388        3.1944770961967399     
   1.3804942795490759E-002   1.0838041290900959        3.2203445341582495     
   1.3822641440100362E-002   1.0845491502812561        3.2463099552630528     
   1.3840340084709966E-002   1.0852979837383883        3.2723664957276788     
   1.3858038729319570E-002   1.0860504446980419        3.2985073020545808     
   1.3875737373929173E-002   1.0868063475017349        3.3247255329109104     
   1.3893436018538777E-002   1.0875655056417608        3.3510143609640095     
   1.3911134663148380E-002   1.0883277318072082        3.3773669746737935     
   1.3928833307757984E-002   1.0890928379301763        3.4037765800418982     
   1.3946531952367587E-002   1.0898606352321780        3.4302364023177985     
   1.3964230596977191E-002   1.0906309342707174        3.4567396876620680     
   1.3981929241586795E-002   1.0914035449860331        3.4832797047670399     
   1.3999627886196398E-002   1.0921782767479922        3.5098497464351115     
   1.4017326530806002E-002   1.0929549384031245        3.5364431311149795     
   1.4035025175415605E-002   1.0937333383217884        3.5630532043963008     
   1.4052723820025209E-002   1.0945132844454515        3.5896733404631460     
   1.4070422464634812E-002   1.0952945843340780        3.6162969435065775     
   1.4088121109244416E-002   1.0960770452136115        3.6429174490971441     
   1.4105819753854019E-002   1.0968604740235381        3.6695283255175370     
   1.4123518398463623E-002   1.0976446774645214        3.6961230750561533     
   1.4141217043073227E-002   1.0984294620460973        3.7226952352621514     
   1.4158915687682830E-002   1.0992146341344127        3.7492383801625522     
   1.4176614332292434E-002   1.1000000000000036        3.7757461214421211     
   1.4194312976902037E-002   1.1007853658655948        3.8022121095867898     
   1.4212011621511641E-002   1.1015705379539100        3.8286300349910802     
   1.4229710266121244E-002   1.1023553225354858        3.8549936290306355     
   1.4247408910730848E-002   1.1031395259764694        3.8812966651001855     
   1.4265107555340452E-002   1.1039229547863960        3.9075329596180977     
   1.4282806199950055E-002   1.1047054156659295        3.9336963729980234     
   1.4300504844559659E-002   1.1054867155545560        3.9597808105886010     
   1.4318203489169262E-002   1.1062666616782189        3.9857802235818762     
   1.4335902133778866E-002   1.1070450615968830        4.0116886098914337     
   1.4353600778388469E-002   1.1078217232520153        4.0375000150007772     
   1.4371299422998073E-002   1.1085964550139742        4.0632085327831495     
   1.4388998067607676E-002   1.1093690657292898        4.0888083062932745     
   1.4406696712217280E-002   1.1101393647678293        4.1142935285320323     
   1.4424395356826884E-002   1.1109071620698308        4.1396584431848371     
   1.4442094001436487E-002   1.1116722681927989        4.1648973453345537     
   1.4459792646046091E-002   1.1124344943582465        4.1900045821497516     
   1.4477491290655694E-002   1.1131936524982722        4.2149745535490952     
   1.4495189935265298E-002   1.1139495553019652        4.2398017128427856     
   1.4512888579874901E-002   1.1147020162616188        4.2644805673515780     
   1.4530587224484505E-002   1.1154508497187510        4.2890056790045739     
   1.4548285869094109E-002   1.1161958709099111        4.3133716649161036     
   1.4565984513703712E-002   1.1169368960122683        4.3375731979428389     
   1.4583683158313316E-002   1.1176737421889664        4.3616050072216952     
   1.4601381802922919E-002   1.1184062276342375        4.3854618786892985     
   1.4619080447532523E-002   1.1191341716182581        4.4091386555836953     
   1.4636779092142126E-002   1.1198573945317425        4.4326302389291703     
   1.4654477736751730E-002   1.1205757179302589        4.4559315880046304     
   1.4672176381361333E-002   1.1212889645782571        4.4790377207964376     
   1.4689875025970937E-002   1.1219969584927993        4.5019437144362024     
   1.4707573670580541E-002   1.1226995249869807        4.5246447056242625     
   1.4725272315190144E-002   1.1233964907130320        4.5471358910394413     
   1.4742970959799748E-002   1.1240876837050893        4.5694125277356399     
   1.4760669604409351E-002   1.1247729334216237        4.5914699335259010     
   1.4778368249018955E-002   1.1254520707875220        4.6133034873545444     
   1.4796066893628558E-002   1.1261249282358008        4.6349086296577395     
   1.4813765538238162E-002   1.1267913397489531        4.6562808627132677     
   1.4831464182847766E-002   1.1274511408999099        4.6774157509798124     
   1.4849162827457369E-002   1.1281041688926097        4.6983089214262579     
   1.4866861472066973E-002   1.1287502626021673        4.7189560638516381     
   1.4884560116676576E-002   1.1293892626146269        4.7393529311958469     
   1.4902258761286180E-002   1.1300210112662974        4.7594953398419149     
   1.4919957405895783E-002   1.1306453526826519        4.7793791699099124     
   1.4937656050505387E-002   1.1312621328167882        4.7990003655430638     
   1.4955354695114990E-002   1.1318711994874375        4.8183549351863650     
   1.4973053339724594E-002   1.1324724024165123        4.8374389518580001     
   1.4990751984334198E-002   1.1330655932661855        4.8562485534139510     
   1.5008450628943801E-002   1.1336506256754917        4.8747799428061089     
   1.5026149273553405E-002   1.1342273552964373        4.8930293883339822     
   1.5043847918163008E-002   1.1347956398296186        4.9109932238905722     
   1.5061546562772612E-002   1.1353553390593303        4.9286678492023528     
   1.5079245207382215E-002   1.1359063148881623        4.9460497300637973     
   1.5096943851991819E-002   1.1364484313710734        4.9631353985665454     
   1.5114642496601422E-002   1.1369815547489333        4.9799214533234242     
   1.5132341141211026E-002   1.1375055534815257        4.9964045596875239     
   1.5150039785820630E-002   1.1380202982800043        5.0125814499664756     
   1.5167738430430233E-002   1.1385256621387920        5.0284489236319976     
   1.5185437075039837E-002   1.1390215203669189        5.0440038475250049     
   1.5203135719649440E-002   1.1395077506187870        5.0592431560562314     
   1.5220834364259044E-002   1.1399842329243570        5.0741638514025222     
   1.5238533008868647E-002   1.1404508497187498        5.0887630036989089     
   1.5256231653478251E-002   1.1409074858712536        5.1030377512265268     
   1.5273930298087855E-002   1.1413540287137305        5.1169853005963954     
   1.5291628942697458E-002   1.1417903680684158        5.1306029269291553     
   1.5309327587307062E-002   1.1422163962751029        5.1438879740307950     
   1.5327026231916665E-002   1.1426320082177068        5.1568378545644018     
   1.5344724876526269E-002   1.1430371013501992        5.1694500502178649     
   1.5362423521135872E-002   1.1434315757219116        5.1817221118677290     
   1.5380122165745476E-002   1.1438153340021953        5.1936516597389888     
   1.5397820810355079E-002   1.1441882815044366        5.2052363835609743     
   1.5415519454964683E-002   1.1445503262094203        5.2164740427191987     
   1.5433218099574287E-002   1.1449013787880327        5.2273624664032834     
   1.5450916744183890E-002   1.1452413526233027        5.2378995537507338     
   1.5468615388793494E-002   1.1455701638317741        5.2480832739867775     
   1.5486314033403097E-002   1.1458877312842009        5.2579116665599646     
   1.5504012678012701E-002   1.1461939766255660        5.2673828412737551     
   1.5521711322622304E-002   1.1464888242944142        5.2764949784138224     
   1.5539409967231908E-002   1.1467722015414950        5.2852463288711196     
   1.5557108611841512E-002   1.1470440384477127        5.2936352142606964     
   1.5574807256451115E-002   1.1473042679413787        5.3016600270361423     
   1.5592505901060719E-002   1.1475528258147589        5.3093192305995860     
   1.5610204545670322E-002   1.1477896507399179        5.3166113594073323     
   1.5627903190279926E-002   1.1480146842838483        5.3235350190708024     
   1.5645601834889528E-002   1.1482278709228910        5.3300888864531046     
   1.5663300479499129E-002   1.1484291580564328        5.3362717097607888     
   1.5680999124108731E-002   1.1486184960198849        5.3420823086309683     
   1.5698697768718333E-002   1.1487958380969383        5.3475195742137087     
   1.5716396413327935E-002   1.1489611405310891        5.3525824692495476     
   1.5734095057937537E-002   1.1491143625364353        5.3572700281421763     
   1.5751793702547139E-002   1.1492554663077394        5.3615813570261732     
   1.5769492347156740E-002   1.1493844170297576        5.3655156338298156     
   1.5787190991766342E-002   1.1495011828858284        5.3690721083327997     
   1.5804889636375944E-002   1.1496057350657245        5.3722501022189437     
   1.5822588280985546E-002   1.1496980477727594        5.3750490091237451     
   1.5840286925595148E-002   1.1497780982301544        5.3774682946768397     
   1.5857985570204750E-002   1.1498458666866567        5.3795074965392189     
   1.5875684214814351E-002   1.1499013364214139        5.3811662244352734     
   1.5893382859423953E-002   1.1499444937480987        5.3824441601795696     
   1.5911081504033555E-002   1.1499753280182867        5.3833410576983853     
   1.5928780148643157E-002   1.1499938316240832        5.3838567430459490     
   1.5946478793252759E-002   1.1500000000000001        5.3839911144153554     
   1.5964177437862360E-002   1.1499938316240830        5.3837441421442227     
   1.5981876082471962E-002   1.1499753280182865        5.3831158687150023     
   1.5999574727081564E-002   1.1499444937480985        5.3821064087499790     
   1.6017273371691166E-002   1.1499013364214135        5.3807159490009333     
   1.6034972016300768E-002   1.1498458666866562        5.3789447483335708     
   1.6052670660910370E-002   1.1497780982301538        5.3767931377065716     
   1.6070369305519971E-002   1.1496980477727587        5.3742615201454385     
   1.6088067950129573E-002   1.1496057350657236        5.3713503707110295     
   1.6105766594739175E-002   1.1495011828858277        5.3680602364629300     
   1.6123465239348777E-002   1.1493844170297567        5.3643917364175211     
   1.6141163883958379E-002   1.1492554663077383        5.3603455615010187     
   1.6158862528567981E-002   1.1491143625364342        5.3559224744972926     
   1.6176561173177582E-002   1.1489611405310880        5.3511233099905846     
   1.6194259817787184E-002   1.1487958380969370        5.3459489743032664     
   1.6211958462396786E-002   1.1486184960198835        5.3404004454285268     
   1.6229657107006388E-002   1.1484291580564312        5.3344787729581400     
   1.6247355751615990E-002   1.1482278709228895        5.3281850780053510     
   1.6265054396225592E-002   1.1480146842838468        5.3215205531229239     
   1.6282753040835193E-002   1.1477896507399161        5.3144864622163590     
   1.6300451685444795E-002   1.1475528258147574        5.3070841404524778     
   1.6318150330054397E-002   1.1473042679413770        5.2993149941632645     
   1.6335848974663999E-002   1.1470440384477110        5.2911805007451438     
   1.6353547619273601E-002   1.1467722015414930        5.2826822085537160     
   1.6371246263883203E-002   1.1464888242944122        5.2738217367940141     
   1.6388944908492804E-002   1.1461939766255640        5.2646007754063158     
   1.6406643553102406E-002   1.1458877312841989        5.2550210849476624     
   1.6424342197712008E-002   1.1455701638317719        5.2450844964689525     
   1.6442040842321610E-002   1.1452413526233007        5.2347929113879754     
   1.6459739486931212E-002   1.1449013787880304        5.2241483013580634     
   1.6477438131540813E-002   1.1445503262094181        5.2131527081327551     
   1.6495136776150415E-002   1.1441882815044344        5.2018082434262638     
   1.6512835420760017E-002   1.1438153340021930        5.1901170887699850     
   1.6530534065369619E-002   1.1434315757219093        5.1780814953649204     
   1.6548232709979221E-002   1.1430371013501970        5.1657037839301925     
   1.6565931354588823E-002   1.1426320082177046        5.1529863445475907     
   1.6583629999198424E-002   1.1422163962751006        5.1399316365021672     
   1.6601328643808026E-002   1.1417903680684134        5.1265421881190081     
   1.6619027288417628E-002   1.1413540287137280        5.1128205965960181     
   1.6636725933027230E-002   1.1409074858712511        5.0987695278328751     
   1.6654424577636832E-002   1.1404508497187476        5.0843917162560581     
   1.6672123222246434E-002   1.1399842329243546        5.0696899646399283     
   1.6689821866856035E-002   1.1395077506187847        5.0546671439239557     
   1.6707520511465637E-002   1.1390215203669167        5.0393261930258149     
   1.6725219156075239E-002   1.1385256621387898        5.0236701186505979     
   1.6742917800684841E-002   1.1380202982800018        5.0077019950958386     
   1.6760616445294443E-002   1.1375055534815233        4.9914249640523991     
   1.6778315089904045E-002   1.1369815547489308        4.9748422344011285     
   1.6796013734513646E-002   1.1364484313710710        4.9579570820051222     
   1.6813712379123248E-002   1.1359063148881601        4.9407728494976029     
   1.6831411023732850E-002   1.1353553390593281        4.9232929460651107     
   1.6849109668342452E-002   1.1347956398296164        4.9055208472260672     
   1.6866808312952054E-002   1.1342273552964353        4.8874600946044051     
   1.6884506957561655E-002   1.1336506256754895        4.8691142956981093     
   1.6902205602171257E-002   1.1330655932661835        4.8504871236425942     
   1.6919904246780859E-002   1.1324724024165100        4.8315823169685412     
   1.6937602891390461E-002   1.1318711994874355        4.8124036793541212     
   1.6955301536000063E-002   1.1312621328167862        4.7929550793712377     
   1.6973000180609665E-002   1.1306453526826499        4.7732404502256598     
   1.6990698825219266E-002   1.1300210112662954        4.7532637894906342     
   1.7008397469828868E-002   1.1293892626146249        4.7330291588337392     
   1.7026096114438470E-002   1.1287502626021653        4.7125406837367301     
   1.7043794759048072E-002   1.1281041688926079        4.6918025532078813     
   1.7061493403657674E-002   1.1274511408999079        4.6708190194866139     
   1.7079192048267276E-002   1.1267913397489513        4.6495943977399667     
   1.7096890692876877E-002   1.1261249282357990        4.6281330657505055     
   1.7114589337486479E-002   1.1254520707875202        4.6064394635952430     
   1.7132287982096081E-002   1.1247729334216221        4.5845180933152747     
   1.7149986626705683E-002   1.1240876837050877        4.5623735185753569     
   1.7167685271315285E-002   1.1233964907130305        4.5400103643133098     
   1.7185383915924887E-002   1.1226995249869793        4.5174333163785558     
   1.7203082560534488E-002   1.1219969584927978        4.4946471211591543     
   1.7220781205144090E-002   1.1212889645782558        4.4716565851971231     
   1.7238479849753692E-002   1.1205757179302576        4.4484665747911567     
   1.7256178494363294E-002   1.1198573945317414        4.4250820155863737     
   1.7273877138972896E-002   1.1191341716182568        4.4015078921503434     
   1.7291575783582497E-002   1.1184062276342364        4.3777492475349522     
   1.7309274428192099E-002   1.1176737421889653        4.3538111828232395     
   1.7326973072801701E-002   1.1169368960122672        4.3296988566607837     
   1.7344671717411303E-002   1.1161958709099102        4.3054174847707509     
   1.7362370362020905E-002   1.1154508497187501        4.2809723394520978     
   1.7380069006630507E-002   1.1147020162616181        4.2563687490601296     
   1.7397767651240108E-002   1.1139495553019645        4.2316120974686067     
   1.7415466295849710E-002   1.1131936524982717        4.2067078235128976     
   1.7433164940459312E-002   1.1124344943582458        4.1816614204131763     
   1.7450863585068914E-002   1.1116722681927984        4.1564784351770578     
   1.7468562229678516E-002   1.1109071620698303        4.1311644679808319     
   1.7486260874288118E-002   1.1101393647678290        4.1057251715285394     
   1.7503959518897719E-002   1.1093690657292896        4.0801662503880038     
   1.7521658163507321E-002   1.1085964550139740        4.0544934603032337     
   1.7539356808116923E-002   1.1078217232520151        4.0287126074820758     
   1.7557055452726525E-002   1.1070450615968828        4.0028295478586040     
   1.7574754097336127E-002   1.1062666616782191        3.9768501863291434     
   1.7592452741945729E-002   1.1054867155545560        3.9507804759613601     
   1.7610151386555330E-002   1.1047054156659295        3.9246264171754555     
   1.7627850031164932E-002   1.1039229547863962        3.8983940568966098     
   1.7645548675774534E-002   1.1031395259764698        3.8720894876779188     
   1.7663247320384136E-002   1.1023553225354863        3.8457188467930683     
   1.7680945964993738E-002   1.1015705379539107        3.8192883152977424     
   1.7698644609603340E-002   1.1007853658655953        3.7928041170591689     
   1.7716343254212941E-002   1.1000000000000043        3.7662725177529035     
   1.7734041898822543E-002   1.0992146341344133        3.7396998238260215     
   1.7751740543432145E-002   1.0984294620460981        3.7130923814261010     
   1.7769439188041747E-002   1.0976446774645225        3.6864565752950900     
   1.7787137832651349E-002   1.0968604740235390        3.6597988276274585     
   1.7804836477260950E-002   1.0960770452136124        3.6331255968917735     
   1.7822535121870552E-002   1.0952945843340791        3.6064433766151871     
   1.7840233766480154E-002   1.0945132844454526        3.5797586941299859     
   1.7857932411089756E-002   1.0937333383217898        3.5530781092817358     
   1.7875631055699358E-002   1.0929549384031259        3.5264082130982564     
   1.7893329700308960E-002   1.0921782767479935        3.4997556264190157     
   1.7911028344918561E-002   1.0914035449860346        3.4731269984842434     
   1.7928726989528163E-002   1.0906309342707190        3.4465290054833728     
   1.7946425634137765E-002   1.0898606352321796        3.4199683490622785     
   1.7964124278747367E-002   1.0890928379301781        3.3934517547889702     
   1.7981822923356969E-002   1.0883277318072100        3.3669859705772458     
   1.7999521567966571E-002   1.0875655056417626        3.3405777650680770     
   1.8017220212576172E-002   1.0868063475017367        3.3142339259683906     
   1.8034918857185774E-002   1.0860504446980439        3.2879612583470488     
   1.8052617501795376E-002   1.0852979837383903        3.2617665828877893     
   1.8070316146404978E-002   1.0845491502812581        3.2356567340990865     
   1.8088014791014580E-002   1.0838041290900982        3.2096385584808140     
   1.8105713435624182E-002   1.0830631039877410        3.1837189126476835     
   1.8123412080233783E-002   1.0823262578110426        3.1579046614096415     
   1.8141110724843385E-002   1.0815937723657718        3.1322026758091597     
   1.8158809369452987E-002   1.0808658283817514        3.1066198311157533     
   1.8176508014062589E-002   1.0801426054682666        3.0811630047779501     
   1.8194206658672191E-002   1.0794242820697504        3.0558390743330666     
   1.8211905303281792E-002   1.0787110354217520        3.0306549152750057     
   1.8229603947891394E-002   1.0780030415072099        3.0056173988809172     
   1.8247302592500996E-002   1.0773004750130286        2.9807333899968333     
   1.8265001237110598E-002   1.0766035092869770        2.9560097447832510     
   1.8282699881720200E-002   1.0759123162949200        2.9314533084212560     
   1.8300398526329802E-002   1.0752270665783856        2.9070709127798193     
   1.8318097170939403E-002   1.0745479292124873        2.8828693740453222     
   1.8335795815549005E-002   1.0738750717642085        2.8588554903142569     
   1.8353494460158607E-002   1.0732086602510560        2.8350360391499039     
   1.8371193104768209E-002   1.0725488591000993        2.8114177751043541     
   1.8388891749377811E-002   1.0718958311073994        2.7880074272068485     
   1.8406590393987413E-002   1.0712497373978418        2.7648116964198857     
   1.8424289038597014E-002   1.0706107373853821        2.7418372530643031     
   1.8441987683206616E-002   1.0699789887337117        2.7190907342148098     
   1.8459686327816218E-002   1.0693546473173570        2.6965787410675279     
   1.8477384972425820E-002   1.0687378671832206        2.6743078362810926     
   1.8495083617035422E-002   1.0681288005125713        2.6522845412929512     
   1.8512782261645024E-002   1.0675275975834966        2.6305153336127325     
   1.8530480906254625E-002   1.0669344067338231        2.6090066440943600     
   1.8548179550864227E-002   1.0663493743245169        2.5877648541889617     
   1.8565878195473829E-002   1.0657726447035714        2.5667962931804849     
   1.8583576840083431E-002   1.0652043601703900        2.5461072354060197     
   1.8601275484693033E-002   1.0646446609406783        2.5257038974631483     
   1.8618974129302635E-002   1.0640936851118461        2.5055924354062853     
   1.8636672773912236E-002   1.0635515686289350        2.4857789419344676     
   1.8654371418521838E-002   1.0630184452510749        2.4662694435727404     
   1.8672070063131440E-002   1.0624944465184825        2.4470698978497518     
   1.8689768707741042E-002   1.0619797017200039        2.4281861904737467     
   1.8707467352350644E-002   1.0614743378612159        2.4096241325097365     
   1.8725165996960245E-002   1.0609784796330888        2.3913894575601606     
   1.8742864641569847E-002   1.0604922493812208        2.3734878189518116     
   1.8760563286179449E-002   1.0600157670756507        2.3559247869315354     
   1.8778261930789051E-002   1.0595491502812577        2.3387058458735801     
   1.8795960575398653E-002   1.0590925141287539        2.3218363915011504     
   1.8813659220008255E-002   1.0586459712862770        2.3053217281249632     
   1.8831357864617856E-002   1.0582096319315915        2.2891670659016836     
   1.8849056509227458E-002   1.0577836037249040        2.2733775181149820     
   1.8866755153837060E-002   1.0573679917823002        2.2579580984820127     
   1.8884453798446662E-002   1.0569628986498074        2.2429137184882175     
   1.8902152443056264E-002   1.0565684242780951        2.2282491847533321     
   1.8919851087665866E-002   1.0561846659978114        2.2139691964313486     
   1.8937549732275467E-002   1.0558117184955698        2.2000783426474189     
   1.8955248376885069E-002   1.0554496737905859        2.1865810999744424     
   1.8972947021494671E-002   1.0550986212119733        2.1734818299522720     
   1.8990645666104273E-002   1.0547586473767032        2.1607847766523141     
   1.9008344310713875E-002   1.0544298361682318        2.1484940642902646     
   1.9026042955323477E-002   1.0541122687158049        2.1366136948899648     
   1.9043741599933078E-002   1.0538060233744395        2.1251475460008806     
   1.9061440244542680E-002   1.0535111757055911        2.1140993684720208     
   1.9079138889152282E-002   1.0532277984585101        2.1034727842850316     
   1.9096837533761884E-002   1.0529559615522921        2.0932712844489276     
   1.9114536178371486E-002   1.0526957320586261        2.0834982269591404     
   1.9132234822981087E-002   1.0524471741852455        2.0741568348233401     
   1.9149933467590689E-002   1.0522103492600865        2.0652501941565351     
   1.9167632112200291E-002   1.0519853157161558        2.0567812523476618     
   1.9185330756809893E-002   1.0517721290771129        2.0487528163001509     
   1.9203029401419495E-002   1.0515708419435712        2.0411675507486140     
   1.9220728046029097E-002   1.0513815039801186        2.0340279766537082     
   1.9238426690638698E-002   1.0512041619030650        2.0273364696774006     
   1.9256125335248300E-002   1.0510388594689140        2.0210952587403868     
   1.9273823979857902E-002   1.0508856374635676        2.0153064246636903     
   1.9291522624467504E-002   1.0507445336922632        2.0099718988961426     
   1.9309221269077106E-002   1.0506155829702448        2.0050934623293450     
   1.9326919913686708E-002   1.0504988171141738        2.0006727442017720     
   1.9344618558296309E-002   1.0503942649342775        1.9967112210933315     
   1.9362317202905911E-002   1.0503019522272423        1.9932102160118605     
   1.9380015847515513E-002   1.0502219017698471        1.9901708975725363     
   1.9397714492125115E-002   1.0501541333133446        1.9875942792715677     
   1.9415413136734717E-002   1.0500986635785872        1.9854812188548578     
   1.9433111781344319E-002   1.0500555062519021        1.9838324177827309     
   1.9450810425953920E-002   1.0500246719817139        1.9826484207911850     
   1.9468509070563522E-002   1.0500061683759172        1.9819296155504977     
   1.9486207715173124E-002   1.0500000000000000        1.9816762324214536     
   1.9503906359782726E-002   1.0500061683759170        1.9818883443096480     
   1.9521605004392328E-002   1.0500246719817132        1.9825658666179600     
   1.9539303649001930E-002   1.0500555062519010        1.9837085572973800     
   1.9557002293611531E-002   1.0500986635785858        1.9853160169960131     
   1.9574700938221133E-002   1.0501541333133428        1.9873876893060867     
   1.9592399582830735E-002   1.0502219017698451        1.9899228611087223     
   1.9610098227440337E-002   1.0503019522272399        1.9929206630158827     
   1.9627796872049939E-002   1.0503942649342748        1.9963800699090122     
   1.9645495516659540E-002   1.0504988171141705        2.0002999015735785     
   1.9663194161269142E-002   1.0506155829702413        2.0046788234287432     
   1.9680892805878744E-002   1.0507445336922594        2.0095153473511340     
   1.9698591450488346E-002   1.0508856374635633        2.0148078325916607     
   1.9716290095097948E-002   1.0510388594689093        2.0205544867842256     
   1.9733988739707550E-002   1.0512041619030601        2.0267533670448490     
   1.9751687384317151E-002   1.0513815039801133        2.0334023811599282     
   1.9769386028926753E-002   1.0515708419435654        2.0404992888620503     
   1.9787084673536355E-002   1.0517721290771069        2.0480417031915739     
   1.9804783318145957E-002   1.0519853157161494        2.0560270919424140     
   1.9822481962755559E-002   1.0522103492600798        2.0644527791900433     
   1.9840180607365161E-002   1.0524471741852384        2.0733159468997395     
   1.9857879251974762E-002   1.0526957320586185        2.0826136366131442     
   1.9875577896584364E-002   1.0529559615522843        2.0923427512108548     
   1.9893276541193966E-002   1.0532277984585021        2.1025000567489536     
   1.9910975185803568E-002   1.0535111757055826        2.1130821843670629     
   1.9928673830413170E-002   1.0538060233744306        2.1240856322656909     
   1.9946372475022772E-002   1.0541122687157958        2.1355067677502602     
   1.9964071119632373E-002   1.0544298361682223        2.1473418293394446     
   1.9981769764241975E-002   1.0547586473766934        2.1595869289352367     
   1.9999468408851577E-002   1.0550986212119633        2.1722380540520079     
   2.0017167053461179E-002   1.0554496737905756        2.1852910701021213     
   2.0034865698070781E-002   1.0558117184955591        2.1987417227350852     
   2.0052564342680382E-002   1.0561846659978003        2.2125856402278563     
   2.0070262987289984E-002   1.0565684242780837        2.2268183359231890     
   2.0087961631899586E-002   1.0569628986497959        2.2414352107134201     
   2.0105660276509188E-002   1.0573679917822882        2.2564315555668326     
   2.0123358921118790E-002   1.0577836037248918        2.2718025540936764     
   2.0141057565728392E-002   1.0582096319315788        2.2875432851491002     
   2.0158756210337993E-002   1.0586459712862641        2.3036487254700675     
   2.0176454854947595E-002   1.0590925141287408        2.3201137523433730     
   2.0194153499557197E-002   1.0595491502812442        2.3369331463020160     
   2.0211852144166799E-002   1.0600157670756369        2.3541015938469827     
   2.0229550788776401E-002   1.0604922493812068        2.3716136901915696     
   2.0247249433386003E-002   1.0609784796330746        2.3894639420256132     
   2.0264948077995604E-002   1.0614743378612013        2.4076467702966280     
   2.0282646722605206E-002   1.0619797017199890        2.4261565130052696     
   2.0300345367214808E-002   1.0624944465184674        2.4449874280122237     
   2.0318044011824410E-002   1.0630184452510596        2.4641336958540174     
   2.0335742656434012E-002   1.0635515686289194        2.4835894225648909     
   2.0353441301043614E-002   1.0640936851118303        2.5033486425023477     
   2.0371139945653215E-002   1.0646446609406621        2.5234053211736427     
   2.0388838590262817E-002   1.0652043601703736        2.5437533580607998     
   2.0406537234872419E-002   1.0657726447035547        2.5643865894417073     
   2.0424235879482021E-002   1.0663493743245001        2.5852987912047785     
   2.0441934524091623E-002   1.0669344067338060        2.6064836816551273     
   2.0459633168701225E-002   1.0675275975834793        2.6279349243096002     
   2.0477331813310826E-002   1.0681288005125538        2.6496461306788648     
   2.0495030457920428E-002   1.0687378671832028        2.6716108630341147     
   2.0512729102530030E-002   1.0693546473173390        2.6938226371565053     
   2.0530427747139632E-002   1.0699789887336932        2.7162749250673204     
   2.0548126391749234E-002   1.0706107373853637        2.7389611577368704     
   2.0565825036358835E-002   1.0712497373978231        2.7618747277703442     
   2.0583523680968437E-002   1.0718958311073805        2.7850089920689753     
   2.0601222325578039E-002   1.0725488591000802        2.8083572744645671     
   2.0618920970187641E-002   1.0732086602510367        2.8319128683261292     
   2.0636619614797243E-002   1.0738750717641889        2.8556690391367794     
   2.0654318259406845E-002   1.0745479292124676        2.8796190270397379     
   2.0672016904016446E-002   1.0752270665783656        2.9037560493519354     
   2.0689715548626048E-002   1.0759123162949000        2.9280733030439405     
   2.0707414193235650E-002   1.0766035092869570        2.9525639671851662     
   2.0725112837845252E-002   1.0773004750130082        2.9772212053530560     
   2.0742811482454854E-002   1.0780030415071895        3.0020381680054053     
   2.0760510127064456E-002   1.0787110354217315        3.0270079948147606     
   2.0778208771674057E-002   1.0794242820697295        3.0521238169640639     
   2.0795907416283659E-002   1.0801426054682457        3.0773787594028210     
   2.0813606060893261E-002   1.0808658283817301        3.1027659430629684     
   2.0831304705502863E-002   1.0815937723657505        3.1282784870339539     
   2.0849003350112465E-002   1.0823262578110213        3.1539095106963555     
   2.0866701994722067E-002   1.0830631039877197        3.1796521358136771     
   2.0884400639331668E-002   1.0838041290900764        3.2054994885818000     
   2.0902099283941270E-002   1.0845491502812363        3.2314447016359118     
   2.0919797928550872E-002   1.0852979837383685        3.2574809160144809     
   2.0937496573160474E-002   1.0860504446980221        3.2836012830802104     
   2.0955195217770076E-002   1.0868063475017147        3.3097989663978300     
   2.0972893862379677E-002   1.0875655056417406        3.3360671435686449     
   2.0990592506989279E-002   1.0883277318071878        3.3623990080217534     
   2.1008291151598881E-002   1.0890928379301559        3.3887877707622875     
   2.1025989796208483E-002   1.0898606352321571        3.4152266620763374     
   2.1043688440818085E-002   1.0906309342706964        3.4417089331932420     
   2.1061387085427687E-002   1.0914035449860122        3.4682278579050858     
   2.1079085730037288E-002   1.0921782767479709        3.4947767341438425     
   2.1096784374646890E-002   1.0929549384031032        3.5213488855165851     
   2.1114483019256492E-002   1.0937333383217671        3.5479376627988946     
   2.1132181663866094E-002   1.0945132844454299        3.5745364453871464     
   2.1149880308475696E-002   1.0952945843340565        3.6011386427099676     
   2.1167578953085298E-002   1.0960770452135897        3.6277376955994294     
   2.1185277597694899E-002   1.0968604740235162        3.6543270776225598     
   2.1202976242304501E-002   1.0976446774644997        3.6809002963736237     
   2.1220674886914103E-002   1.0984294620460753        3.7074508947278817     
   2.1238373531523705E-002   1.0992146341343905        3.7339724520574866     
