   5.5687470403030280E-003   1.1000000000000001        5.8313669783638389     
   1.1137494080606056E-002   1.1010471209941679        5.8764674866989477     
   1.6706241120909085E-002   1.1020937826864601        5.9214954610903137     
   2.2274988161212112E-002   1.1031395259764658        5.9664244438524250     
   2.7843735201515139E-002   1.1041838921666158        6.0112279280456073     
   3.3412482241818170E-002   1.1052264231633828        6.0558793637240367     
   3.8981229282121201E-002   1.1062666616782153        6.1003521644621559     
   4.4549976322424231E-002   1.1073041514281208        6.1446197141794627     
   5.0118723362727262E-002   1.1083384373358052        6.1886553742829058     
   5.5687470403030292E-002   1.1093690657292863        6.2324324911460280     
   6.1256217443333323E-002   1.1103955845408882        6.2759244039427937     
   6.6824964483636354E-002   1.1114175435055329        6.3191044528538685     
   7.2393711523939377E-002   1.1124344943582429        6.3619459876620637     
   7.7962458564242401E-002   1.1134459910307635        6.4044223767524997     
   8.3531205604545425E-002   1.1144515898472236        6.4465070165325384     
   8.9099952644848449E-002   1.1154508497187474        6.4881733412849023     
   9.4668699685151472E-002   1.1164433323369292        6.5293948334662817     
  0.10023744672545450        1.1174286023660909        6.5701450344628096     
  0.10580619376575752        1.1184062276342339        6.6103975558115486     
  0.11137494080606054        1.1193757793226053        6.6501260908966042     
  0.11694368784636357        1.1203368321537901        6.6893044271256787     
  0.12251243488666659        1.1212889645782538        6.7279064585925346     
  0.12808118192696963        1.1222317589592465        6.7659061992276204     
  0.13364992896727265        1.1231648017559932        6.8032777964384712     
  0.13921867600757568        1.1240876837050859        6.8399955452386374     
  0.14478742304787870        1.1250000000000000        6.8760339028624342     
  0.15035617008818172        1.1259013504686566        6.9113675038603910     
  0.15592491712848475        1.1267913397489500        6.9459711756682339     
  0.16149366416878777        1.1276695774621672        6.9798199546401900     
  0.16706241120909079        1.1285356783842218        7.0128891025347908     
  0.17263115824939382        1.1293892626146238        7.0451541234394766     
  0.17819990528969684        1.1302299557431188        7.0765907811176936     
  0.18376865232999987        1.1310573890139155        7.1071751167600601     
  0.18933739937030289        1.1318711994874346        7.1368834671187606     
  0.19490614641060591        1.1326710301995053        7.1656924830018678     
  0.20047489345090894        1.1334565303179429        7.1935791481024403     
  0.20604364049121196        1.1342273552964346        7.2205207981343413     
  0.21161238753151498        1.1349831670256683        7.2464951402448605     
  0.21718113457181801        1.1357236339816403        7.2714802726722336     
  0.22274988161212103        1.1364484313710705        7.2954547046131735     
  0.22831862865242405        1.1371572412738697        7.3183973762647385     
  0.23388737569272708        1.1378497527825879        7.3402876790014604     
  0.23945612273303010        1.1385256621387896        7.3611054756479657     
  0.24502486977333313        1.1391846728662920        7.3808311208048796     
  0.25059361681363618        1.1398264959012099        7.3994454811843751     
  0.25616236385393920        1.1404508497187476        7.4169299559099047     
  0.26173111089424222        1.1410574604566852        7.4332664967338840     
  0.26729985793454525        1.1416460620355051        7.4484376281252294     
  0.27286860497484827        1.1422163962751009        7.4624264671776741     
  0.27843735201515130        1.1427682130080254        7.4752167432894208     
  0.28400609905545432        1.1433012701892220        7.4867928175631073     
  0.28957484609575734        1.1438153340021933        7.4971397018752857     
  0.29514359313606037        1.1443101789615608        7.5062430775637390     
  0.30071234017636339        1.1447855880119708        7.5140893136810680     
  0.30628108721666641        1.1452413526233010        7.5206654847629828     
  0.31184983425696944        1.1456772728821301        7.5259593880600866     
  0.31741858129727246        1.1460931575794251        7.5299595601819851     
  0.32298732833757549        1.1464888242944127        7.5326552931039226     
  0.32855607537787851        1.1468640994745947        7.5340366494866080     
  0.33412482241818153        1.1472188185118741        7.5340944772610108     
  0.33969356945848456        1.1475528258147578        7.5328204234313869     
  0.34526231649878758        1.1478659748766034        7.5302069470513375     
  0.35083106353909060        1.1481581283398830        7.5262473313294596     
  0.35639981057939363        1.1484291580564316        7.5209356948228487     
  0.36196855761969665        1.1486789451436581        7.5142670016794302     
  0.36753730465999968        1.1489073800366905        7.5062370708916601     
  0.37310605170030270        1.1491143625364346        7.4968425845275348     
  0.37867479874060572        1.1492998018535254        7.4860810949067673     
  0.38424354578090875        1.1494636166481496        7.4739510306932919     
  0.38981229282121177        1.1496057350657241        7.4604517018781236     
  0.39538103986151479        1.1497260947684138        7.4455833036298049     
  0.40094978690181782        1.1498246429624752        7.4293469189926915     
  0.40651853394212084        1.1499013364214137        7.4117445204171295     
  0.41208728098242386        1.1499561415049431        7.3927789701084903     
  0.41765602802272689        1.1499890341737424        7.3724540191860140     
  0.42322477506302991        1.1500000000000001        7.3507743056458565     
  0.42879352210333294        1.1499890341737424        7.3277453511260831     
  0.43436226914363596        1.1499561415049431        7.3033735564755426     
  0.43993101618393898        1.1499013364214137        7.2776661961317020     
  0.44549976322424201        1.1498246429624752        7.2506314113166122     
  0.45106851026454503        1.1497260947684138        7.2222782020633147     
  0.45663725730484805        1.1496057350657241        7.1926164180890799     
  0.46220600434515108        1.1494636166481496        7.1616567485351155     
  0.46777475138545410        1.1492998018535254        7.1294107105957059     
  0.47334349842575713        1.1491143625364346        7.0958906370634933     
  0.47891224546606015        1.1489073800366905        7.0611096628203676     
  0.48448099250636317        1.1486789451436581        7.0250817103069219     
  0.49004973954666620        1.1484291580564316        6.9878214740062230     
  0.49561848658696922        1.1481581283398830        6.9493444039804864     
  0.50118723362727224        1.1478659748766034        6.9096666885017761     
  0.50675598066757532        1.1475528258147578        6.8688052358208065     
  0.51232472770787840        1.1472188185118741        6.8267776551193924     
  0.51789347474818148        1.1468640994745947        6.7836022366950921     
  0.52346222178848456        1.1464888242944127        6.7392979314276928     
  0.52903096882878764        1.1460931575794251        6.6938843295794266     
  0.53459971586909072        1.1456772728821301        6.6473816389819582     
  0.54016846290939380        1.1452413526233012        6.5998106626645807     
  0.54573720994969688        1.1447855880119708        6.5511927759787394     
  0.55130595698999996        1.1443101789615608        6.5015499032755546     
  0.55687470403030304        1.1438153340021933        6.4509044941925922     
  0.56244345107060612        1.1433012701892220        6.3992794996071094     
  0.56801219811090919        1.1427682130080254        6.3466983473130183     
  0.57358094515121227        1.1422163962751009        6.2931849174785475     
  0.57914969219151535        1.1416460620355051        6.2387635179413570     
  0.58471843923181843        1.1410574604566852        6.1834588593971915     
  0.59028718627212151        1.1404508497187473        6.1272960305377104     
  0.59585593331242459        1.1398264959012099        6.0703004731917813     
  0.60142468035272767        1.1391846728662920        6.0124979575235873     
  0.60699342739303075        1.1385256621387896        5.9539145573398997     
  0.61256217443333383        1.1378497527825879        5.8945766255564713     
  0.61813092147363691        1.1371572412738697        5.8345107698730763     
  0.62369966851393999        1.1364484313710705        5.7737438287037861     
  0.62926841555424307        1.1357236339816401        5.7123028474078072     
  0.63483716259454614        1.1349831670256683        5.6502150548639962     
  0.64040590963484922        1.1342273552964344        5.5875078404298808     
  0.64597465667515230        1.1334565303179429        5.5242087313236565     
  0.65154340371545538        1.1326710301995053        5.4603453704656024     
  0.65711215075575846        1.1318711994874344        5.3959454948123993     
  0.66268089779606154        1.1310573890139155        5.3310369142158960     
  0.66824964483636462        1.1302299557431186        5.2656474908345743     
  0.67381839187666770        1.1293892626146236        5.1998051191241910     
  0.67938713891697078        1.1285356783842215        5.1335377064305971     
  0.68495588595727386        1.1276695774621670        5.0668731542057799     
  0.69052463299757694        1.1267913397489497        4.9998393398650904     
  0.69609338003788002        1.1259013504686564        4.9324640993008995     
  0.70166212707818310        1.1249999999999998        4.8647752100659156     
  0.70723087411848617        1.1240876837050855        4.7968003752358976     
  0.71279962115878925        1.1231648017559930        4.7285672079596583     
  0.71836836819909233        1.1222317589592461        4.6601032167013186     
  0.72393711523939541        1.1212889645782533        4.5914357911776449     
  0.72950586227969849        1.1203368321537899        4.5225921889904495     
  0.73507460932000157        1.1193757793226049        4.4535995229521630     
  0.74064335636030465        1.1184062276342337        4.3844847491003307     
  0.74621210340060773        1.1174286023660904        4.3152746553942958     
  0.75178085044091081        1.1164433323369289        4.2459958510857909     
  0.75734959748121389        1.1154508497187472        4.1766747567528588     
  0.76291834452151697        1.1144515898472234        4.1073375949846316     
  0.76848709156182005        1.1134459910307630        4.0380103817030939     
  0.77405583860212313        1.1124344943582425        3.9687189181057616     
  0.77962458564242620        1.1114175435055325        3.8994887832122020     
  0.78519333268272928        1.1103955845408877        3.8303453269956020     
  0.79076207972303236        1.1093690657292858        3.7613136640792431     
  0.79633082676333544        1.1083384373358047        3.6924186679768702     
  0.80189957380363852        1.1073041514281203        3.6236849658543657     
  0.80746832084394160        1.1062666616782149        3.5551369337897585     
  0.81303706788424468        1.1052264231633824        3.4867986925072771     
  0.81860581492454776        1.1041838921666154        3.4186941035606502     
  0.82417456196485084        1.1031395259764654        3.3508467659402492     
  0.82974330900515392        1.1020937826864596        3.2832800130781274     
  0.83531205604545700        1.1010471209941675        3.2160169102246261     
  0.84088080308576008        1.0999999999999996        3.1490802521698962     
  0.84644955012606315        1.0989528790058316        3.0824925612836087     
  0.85201829716636623        1.0979062173135397        3.0162760858460516     
  0.85758704420666931        1.0968604740235339        2.9504527986435423     
  0.86315579124697239        1.0958161078333837        2.8850443958019074     
  0.86872453828727547        1.0947735768366169        2.8200722958311348     
  0.87429328532757855        1.0937333383217842        2.7555576388551466     
  0.87986203236788163        1.0926958485718790        2.6915212860011564     
  0.88543077940818471        1.0916615626641943        2.6279838189230391     
  0.89099952644848779        1.0906309342707132        2.5649655394340525     
  0.89656827348879087        1.0896044154591116        2.5024864692249946     
  0.90213702052909395        1.0885824564944666        2.4405663496440830     
  0.90770576756939703        1.0875655056417568        2.3792246415163261     
  0.91327451460970011        1.0865540089692363        2.3184805249801577     
  0.91884326165000318        1.0855484101527759        2.2583528993207915     
  0.92441200869030626        1.0845491502812521        2.1988603827801669     
  0.92998075573060934        1.0835566676630703        2.1400213123244969     
  0.93554950277091242        1.0825713976339086        2.0818537433515587     
  0.94111824981121550        1.0815937723657656        2.0243754493208508     
  0.94668699685151858        1.0806242206773944        1.9676039212908181     
  0.95225574389182166        1.0796631678462094        1.9115563673486518     
  0.95782449093212474        1.0787110354217457        1.8562497119192061     
  0.96339323797242782        1.0777682410407530        1.8017005949407501     
  0.96896198501273090        1.0768351982440063        1.7479253708966753     
  0.97453073205303398        1.0759123162949136        1.6949401076933286     
  0.98009947909333706        1.0749999999999995        1.6427605853755203     
  0.98566822613364014        1.0740986495313429        1.5914022946723259     
  0.99123697317394321        1.0732086602510496        1.5408804353674230     
  0.99680572021424629        1.0723304225378323        1.4912099144890276     
   1.0023744672545494        1.0714643216157778        1.4424053443159881     
   1.0079432142948523        1.0706107373853757        1.3944810401979875     
   1.0135119613351553        1.0697700442568807        1.3474510181886561     
   1.0190807083754583        1.0689426109860840        1.3013289924919254     
   1.0246494554157612        1.0681288005125651        1.2561283727231265     
   1.0302182024560642        1.0673289698004942        1.2118622609873748     
   1.0357869494963672        1.0665434696820566        1.1685434487790447     
   1.0413556965366702        1.0657726447035651        1.1261844137072261     
   1.0469244435769731        1.0650168329743313        1.0847973160531619     
   1.0524931906172761        1.0642763660183594        1.0443939951668180     
   1.0580619376575791        1.0635515686289290        1.0049859657104072     
   1.0636306846978820        1.0628427587261300       0.96658441375818849     
   1.0691994317381850        1.0621502472174118       0.92920019276224386     
   1.0747681787784880        1.0614743378612101       0.89284381939527901     
   1.0803369258187909        1.0608153271337077       0.85752546928193418     
   1.0859056728590939        1.0601735040987899       0.82325497263109870     
   1.0914744198993969        1.0595491502812524       0.79004180978246974     
   1.0970431669396998        1.0589425395433145       0.75789510668085003     
   1.1026119139800028        1.0583539379644948       0.72682363029292263     
   1.1081806610203058        1.0577836037248991       0.69683578398111323     
   1.1137494080606087        1.0572317869919745       0.66793960285002230     
   1.1193181551009117        1.0566987298107779       0.64014274908120672     
   1.1248869021412147        1.0561846659978067       0.61345250727228462     
   1.1304556491815176        1.0556898210384391       0.58787577979677297     
   1.1360243962218206        1.0552144119880291       0.56341908220115999     
   1.1415931432621236        1.0547586473766988       0.54008853865578454     
   1.1471618903024265        1.0543227271178699       0.51788987747624127     
   1.1527306373427295        1.0539068424205749       0.49682842673188293     
   1.1582993843830325        1.0535111757055873       0.47690910995814989     
   1.1638681314233355        1.0531359005254053       0.45813644198871928     
   1.1694368784636384        1.0527811814881258       0.44051452492393894     
   1.1750056255039414        1.0524471741852424       0.42404704425123574     
   1.1805743725442444        1.0521340251233966       0.40873726513277209     
   1.1861431195845473        1.0518418716601170       0.39458802887567918     
   1.1917118666248503        1.0515708419435685       0.38160174959893722     
   1.1972806136651533        1.0513210548563419       0.36978041111107557     
   1.2028493607054562        1.0510926199633097       0.35912556401196211     
   1.2084181077457592        1.0508856374635656       0.34963832303107101     
   1.2139868547860622        1.0507001981464748       0.34131936461429851     
   1.2195556018263651        1.0505363833518506       0.33416892477025828     
   1.2251243488666681        1.0503942649342761       0.32818679718634919     
   1.2306930959069711        1.0502739052315864       0.32337233162385193     
   1.2362618429472740        1.0501753570375247       0.31972443260061673     
   1.2418305899875770        1.0500986635785865       0.31724155836869528     
   1.2473993370278800        1.0500438584950571       0.31592172019343556     
   1.2529680840681829        1.0500109658262577       0.31576248193963719     
   1.2585368311084859        1.0500000000000000       0.31676095996903092     
   1.2641055781487889        1.0500109658262577       0.31891382335267232     
   1.2696743251890918        1.0500438584950571       0.32221729440048469     
   1.2752430722293948        1.0500986635785865       0.32666714950928954     
   1.2808118192696978        1.0501753570375250       0.33225872032949494     
   1.2863805663100008        1.0502739052315864       0.33898689524963999     
   1.2919493133503037        1.0503942649342761       0.34684612119690078     
   1.2975180603906067        1.0505363833518506       0.35583040575046537     
   1.3030868074309097        1.0507001981464750       0.36593331956401653     
   1.3086555544712126        1.0508856374635658       0.37714799909202990     
   1.3142243015115156        1.0510926199633099       0.38946714961429529     
   1.3197930485518186        1.0513210548563421       0.40288304855127227     
   1.3253617955921215        1.0515708419435685       0.41738754906282649     
   1.3309305426324245        1.0518418716601172       0.43297208392136161     
   1.3364992896727275        1.0521340251233968       0.44962766964983669     
   1.3420680367130304        1.0524471741852424       0.46734491091437180     
   1.3476367837533334        1.0527811814881260       0.48611400516027170     
   1.3532055307936364        1.0531359005254055       0.50592474747954486     
   1.3587742778339393        1.0535111757055875       0.52676653569775322     
   1.3643430248742423        1.0539068424205751       0.54862837566686340     
   1.3699117719145453        1.0543227271178701       0.57149888675078708     
   1.3754805189548482        1.0547586473766992       0.59536630748945452     
   1.3810492659951512        1.0552144119880296       0.62021850142712664     
   1.3866180130354542        1.0556898210384393       0.64604296309015219     
   1.3921867600757571        1.0561846659978069       0.67282682409927186     
   1.3977555071160601        1.0566987298107782       0.70055685940110290     
   1.4033242541563631        1.0572317869919747       0.72921949360373428     
   1.4088930011966661        1.0577836037248993       0.75880080740092304     
   1.4144617482369690        1.0583539379644951       0.78928654406949894     
   1.4200304952772720        1.0589425395433150       0.82066211602481209     
   1.4255992423175750        1.0595491502812526       0.85291261141899144     
   1.4311679893578779        1.0601735040987903       0.88602280076720208     
   1.4367367363981809        1.0608153271337080       0.91997714358704885     
   1.4423054834384839        1.0614743378612106       0.95475979503708475     
   1.4478742304787868        1.0621502472174122       0.99035461254029444     
   1.4534429775190898        1.0628427587261304        1.0267451623793102     
   1.4590117245593928        1.0635515686289294        1.0639147262502704     
   1.4645804715996957        1.0642763660183598        1.1018463077631639     
   1.4701492186399987        1.0650168329743317        1.1405226388768699     
   1.4757179656803017        1.0657726447035656        1.1799261862579091     
   1.4812867127206046        1.0665434696820570        1.2200391575527152     
   1.4868554597609076        1.0673289698004946        1.2608435075639177     
   1.4924242068012106        1.0681288005125655        1.3023209443219512     
   1.4979929538415135        1.0689426109860845        1.3444529350442835     
   1.5035617008818165        1.0697700442568812        1.3872207119754902     
   1.5091304479221195        1.0706107373853764        1.4306052781021261     
   1.5146991949624224        1.0714643216157784        1.4745874127374452     
   1.5202679420027254        1.0723304225378327        1.5191476769723407     
   1.5258366890430284        1.0732086602510500        1.5642664189891777     
   1.5314054360833314        1.0740986495313434        1.6099237792370527     
   1.5369741831236343        1.0750000000000000        1.6560996954674787     
   1.5425429301639373        1.0759123162949140        1.7027739076309076     
   1.5481116772042403        1.0768351982440068        1.7499259626355299     
   1.5536804242445432        1.0777682410407534        1.7975352189706846     
   1.5592491712848462        1.0787110354217462        1.8455808511987242     
   1.5648179183251492        1.0796631678462099        1.8940418543198407     
   1.5703866653654521        1.0806242206773946        1.9428970480157683     
   1.5759554124057551        1.0815937723657658        1.9921250807792843     
   1.5815241594460581        1.0825713976339091        2.0417044339373498     
   1.5870929064863610        1.0835566676630706        2.0916134255770649     
   1.5926616535266640        1.0845491502812523        2.1418302143844490     
   1.5982304005669670        1.0855484101527761        2.1923328034071687     
   1.6037991476072699        1.0865540089692365        2.2430990437532179     
   1.6093678946475729        1.0875655056417570        2.2941066382387691     
   1.6149366416878759        1.0885824564944668        2.3453331449989046     
   1.6205053887281788        1.0896044154591118        2.3967559810764163     
   1.6260741357684818        1.0906309342707134        2.4483524260039697     
   1.6316428828087848        1.0916615626641946        2.5000996253965497     
   1.6372116298490877        1.0926958485718790        2.5519745945710151     
   1.6427803768893907        1.0937333383217844        2.6039542222110947     
   1.6483491239296937        1.0947735768366169        2.6560152740958904     
   1.6539178709699967        1.0958161078333839        2.7081343969116847     
   1.6594866180102996        1.0968604740235339        2.7602881221659401     
   1.6650553650506026        1.0979062173135397        2.8124528702242513     
   1.6706241120909056        1.0989528790058316        2.8646049544901500     
   1.6761928591312085        1.0999999999999996        2.9167205857489686     
   1.6817616061715115        1.1010471209941675        2.9687758766961969     
   1.6873303532118145        1.1020937826864596        3.0207468466719685     
   1.6928991002521174        1.1031395259764651        3.0726094266223134     
   1.6984678472924204        1.1041838921666154        3.1243394643085898     
   1.7040365943327234        1.1052264231633822        3.1759127297857264     
   1.7096053413730263        1.1062666616782146        3.2273049211703917     
   1.7151740884133293        1.1073041514281201        3.2784916707190317     
   1.7207428354536323        1.1083384373358045        3.3294485512360712     
   1.7263115824939352        1.1093690657292856        3.3801510828316266     
   1.7318803295342382        1.1103955845408875        3.4305747400474651     
   1.7374490765745412        1.1114175435055322        3.4806949593694481     
   1.7430178236148441        1.1124344943582423        3.5304871471437118     
   1.7485865706551471        1.1134459910307628        3.5799266879127885     
   1.7541553176954501        1.1144515898472229        3.6289889531872084     
   1.7597240647357530        1.1154508497187468        3.6776493106666299     
   1.7652928117760560        1.1164433323369285        3.7258831339233085     
   1.7708615588163590        1.1174286023660902        3.7736658125599032     
   1.7764303058566620        1.1184062276342333        3.8209727628512589     
   1.7819990528969649        1.1193757793226045        3.8677794388793059     
   1.7875677999372679        1.1203368321537894        3.9140613441676342     
   1.7931365469775709        1.1212889645782531        3.9597940438212653     
   1.7987052940178738        1.1222317589592459        4.0049531771751834     
   1.8042740410581768        1.1231648017559925        4.0495144709527633     
   1.8098427880984798        1.1240876837050851        4.0934537529343444     
   1.8154115351387827        1.1249999999999993        4.1367469661328684     
   1.8209802821790857        1.1259013504686559        4.1793701834725807     
   1.8265490292193887        1.1267913397489493        4.2212996229637207     
   1.8321177762596916        1.1276695774621666        4.2625116633645543     
   1.8376865232999946        1.1285356783842209        4.3029828603194380     
   1.8432552703402976        1.1293892626146229        4.3426899629594038     
   1.8488240173806005        1.1302299557431181        4.3816099309496286     
   1.8543927644209035        1.1310573890139148        4.4197199519654964     
   1.8599615114612065        1.1318711994874340        4.4569974595769937     
   1.8655302585015094        1.1326710301995047        4.4934201515183059     
   1.8710990055418124        1.1334565303179422        4.5289660083178642     
   1.8766677525821154        1.1342273552964339        4.5636133122610198     
   1.8822364996224183        1.1349831670256676        4.5973406666558754     
   1.8878052466627213        1.1357236339816397        4.6301270153703600     
   1.8933739937030243        1.1364484313710699        4.6619516626061168     
   1.8989427407433273        1.1371572412738691        4.6927942928736384     
   1.9045114877836302        1.1378497527825873        4.7226349911297492     
   1.9100802348239332        1.1385256621387889        4.7514542630378740     
   1.9156489818642362        1.1391846728662913        4.7792330553090165     
   1.9212177289045391        1.1398264959012092        4.8059527760797662     
   1.9267864759448421        1.1404508497187469        4.8315953152822697     
   1.9323552229851451        1.1410574604566848        4.8561430649597055     
   1.9379239700254480        1.1416460620355044        4.8795789394791624     
   1.9434927170657510        1.1422163962751002        4.9018863955933680     
   1.9490614641060540        1.1427682130080248        4.9230494523009867     
   1.9546302111463569        1.1433012701892216        4.9430527104551167     
   1.9601989581866599        1.1438153340021928        4.9618813720687340     
   1.9657677052269629        1.1443101789615604        4.9795212592654856     
   1.9713364522672658        1.1447855880119702        4.9959588328240203     
   1.9769051993075688        1.1452413526233005        5.0111812102642190     
   1.9824739463478718        1.1456772728821296        5.0251761834237483     
   1.9880426933881747        1.1460931575794246        5.0379322354739475     
   1.9936114404284777        1.1464888242944122        5.0494385573246117     
   1.9991801874687807        1.1468640994745942        5.0596850633682218     
   2.0047489345090836        1.1472188185118737        5.0686624065152071     
   2.0103176815493868        1.1475528258147574        5.0763619924730472     
   2.0158864285896900        1.1478659748766031        5.0827759932237653     
   2.0214551756299932        1.1481581283398827        5.0878973596558845     
   2.0270239226702964        1.1484291580564314        5.0917198333090337     
   2.0325926697105996        1.1486789451436579        5.0942379571911891     
   2.0381614167509028        1.1489073800366902        5.0954470856314451     
   2.0437301637912060        1.1491143625364344        5.0953433931329011     
   2.0492989108315092        1.1492998018535252        5.0939238821938400     
   2.0548676578718124        1.1494636166481493        5.0911863900673033     
   2.0604364049121155        1.1496057350657238        5.0871295944329349     
   2.0660051519524187        1.1497260947684136        5.0817530179573982     
   2.0715738989927219        1.1498246429624752        5.0750570317234640     
   2.0771426460330251        1.1499013364214137        5.0670428575108719     
   2.0827113930733283        1.1499561415049431        5.0577125689156119     
   2.0882801401136315        1.1499890341737424        5.0470690912977112     
   2.0938488871539347        1.1500000000000001        5.0351162005514416     
   2.0994176341942379        1.1499890341737424        5.0218585206949742     
   2.1049863812345411        1.1499561415049431        5.0073015202807261     
   2.1105551282748443        1.1499013364214137        4.9914515076308117     
   2.1161238753151475        1.1498246429624754        4.9743156249060769     
   2.1216926223554506        1.1497260947684138        4.9559018410201965     
   2.1272613693957538        1.1496057350657241        4.9362189434147767     
   2.1328301164360570        1.1494636166481496        4.9152765287139406     
   2.1383988634763602        1.1492998018535254        4.8930849922809792     
   2.1439676105166634        1.1491143625364346        4.8696555167028350     
   2.1495363575569666        1.1489073800366905        4.8450000592311389     
   2.1551051045972698        1.1486789451436583        4.8191313382119922     
   2.1606738516375730        1.1484291580564316        4.7920628185394341     
   2.1662425986778762        1.1481581283398832        4.7638086961704929     
   2.1718113457181794        1.1478659748766036        4.7343838817418993     
   2.1773800927584825        1.1475528258147578        4.7038039833321106     
   2.1829488397987857        1.1472188185118741        4.6720852884130393     
   2.1885175868390889        1.1468640994745947        4.6392447450393703     
   2.1940863338793921        1.1464888242944127        4.6052999423243755     
   2.1996550809196953        1.1460931575794251        4.5702690902531939     
   2.2052238279599985        1.1456772728821303        4.5341709988858963     
   2.2107925750003017        1.1452413526233012        4.4970250570037624     
   2.2163613220406049        1.1447855880119708        4.4588512102536519     
   2.2219300690809081        1.1443101789615608        4.4196699388454270     
   2.2274988161212113        1.1438153340021933        4.3795022348587844     
   2.2330675631615144        1.1433012701892220        4.3383695792154180     
   2.2386363102018176        1.1427682130080254        4.2962939183731077     
   2.2442050572421208        1.1422163962751009        4.2532976407979657     
   2.2497738042824240        1.1416460620355049        4.2094035532707954     
   2.2553425513227272        1.1410574604566852        4.1646348570829801     
   2.2609112983630304        1.1404508497187473        4.1190151241765154     
   2.2664800454033336        1.1398264959012099        4.0725682732822204     
   2.2720487924436368        1.1391846728662920        4.0253185461082683     
   2.2776175394839400        1.1385256621387894        3.9772904836309446     
   2.2831862865242432        1.1378497527825877        3.9285089025369233     
   2.2887550335645463        1.1371572412738695        3.8789988718655724     
   2.2943237806048495        1.1364484313710705        3.8287856898977095     
   2.2998925276451527        1.1357236339816401        3.7778948613350392     
   2.3054612746854559        1.1349831670256680        3.7263520748130112     
   2.3110300217257591        1.1342273552964341        3.6741831807871712     
   2.3165987687660623        1.1334565303179427        3.6214141698309366     
   2.3221675158063655        1.1326710301995049        3.5680711513805434     
   2.3277362628466687        1.1318711994874342        3.5141803329603962     
   2.3333050098869719        1.1310573890139151        3.4597679999192170     
   2.3388737569272751        1.1302299557431184        3.4048604957055164     
   2.3444425039675783        1.1293892626146234        3.3494842027074831     
   2.3500112510078814        1.1285356783842211        3.2936655236805517     
   2.3555799980481846        1.1276695774621668        3.2374308637827993     
   2.3611487450884878        1.1267913397489493        3.1808066132356645     
   2.3667174921287910        1.1259013504686559        3.1238191306251331     
   2.3722862391690942        1.1249999999999996        3.0664947268558698     
   2.3778549862093974        1.1240876837050851        3.0088596497677247     
   2.3834237332497006        1.1231648017559923        2.9509400694224355     
   2.3889924802900038        1.1222317589592457        2.8927620640646636     
   2.3945612273303070        1.1212889645782529        2.8343516067601287     
   2.4001299743706102        1.1203368321537892        2.7757345527106811     
   2.4056987214109133        1.1193757793226045        2.7169366272438991     
   2.4112674684512165        1.1184062276342330        2.6579834144725840     
   2.4168362154915197        1.1174286023660900        2.5989003466177740     
   2.4224049625318229        1.1164433323369283        2.5397126939860133     
   2.4279737095721261        1.1154508497187465        2.4804455555907614     
   2.4335424566124293        1.1144515898472227        2.4211238504048995     
   2.4391112036527325        1.1134459910307624        2.3617723092305232     
   2.4446799506930357        1.1124344943582418        2.3024154671697699     
   2.4502486977333389        1.1114175435055316        2.2430776566794810     
   2.4558174447736421        1.1103955845408868        2.1837830011909216     
   2.4613861918139452        1.1093690657292852        2.1245554092742025     
   2.4669549388542484        1.1083384373358038        2.0654185693265181     
   2.4725236858945516        1.1073041514281194        2.0063959447616435     
   2.4780924329348548        1.1062666616782140        1.9475107696773664     
   2.4836611799751580        1.1052264231633815        1.8887860449771239     
   2.4892299270154612        1.1041838921666145        1.8302445349206258     
   2.4947986740557644        1.1031395259764643        1.7719087640784941     
   2.5003674210960676        1.1020937826864585        1.7138010146647682     
   2.5059361681363708        1.1010471209941666        1.6559433242212049     
   2.5115049151766740        1.0999999999999985        1.5983574836268633     
   2.5170736622169771        1.0989528790058307        1.5410650354064030     
   2.5226424092572803        1.0979062173135385        1.4840872723102312     
   2.5282111562975835        1.0968604740235328        1.4274452361400318     
   2.5337799033378867        1.0958161078333826        1.3711597167931149     
   2.5393486503781899        1.0947735768366158        1.3152512514993218     
   2.5449173974184931        1.0937333383217831        1.2597401242245159     
   2.5504861444587963        1.0926958485718778        1.2046463652152668     
   2.5560548914990995        1.0916615626641932        1.1499897506594550     
   2.5616236385394027        1.0906309342707121        1.0957898024386727     
   2.5671923855797059        1.0896044154591102        1.0420657879482504     
   2.5727611326200091        1.0885824564944655       0.98883671996210609     
   2.5783298796603122        1.0875655056417555       0.93612135651987771     
   2.5838986267006154        1.0865540089692349       0.88393820081505015     
   2.5894673737409186        1.0855484101527746       0.83230550106331169     
   2.5950361207812218        1.0845491502812508       0.78124125033172642     
   2.6006048678215250        1.0835566676630690       0.73076318630985726     
   2.6061736148618282        1.0825713976339073       0.68088879100550892     
   2.6117423619021314        1.0815937723657643       0.63163529034843324     
   2.6173111089424346        1.0806242206773931       0.58301965368662378     
   2.6228798559827378        1.0796631678462081       0.53505859316114890     
   2.6284486030230410        1.0787110354217444       0.48776856294631277     
   2.6340173500633441        1.0777682410407516       0.44116575834342364     
   2.6395860971036473        1.0768351982440050       0.39526611471748457     
   2.6451548441439505        1.0759123162949125       0.35008530626757617     
   2.6507235911842537        1.0749999999999982       0.30563874462269330     
   2.6562923382245569        1.0740986495313416       0.26194157725627099     
   2.6618610852648601        1.0732086602510482       0.21900868571378687     
   2.6674298323051633        1.0723304225378310       0.17685468364916632     
   2.6729985793454665        1.0714643216157764       0.13549391466674979     
   2.6785673263857697        1.0706107373853744        9.4940449967372678E-002
   2.6841360734260729        1.0697700442568794        5.5208085797543223E-002
   2.6897048204663760        1.0689426109860827        1.6310340702719930E-002
   2.6952735675066792        1.0681288005125635       -2.1739547413660031E-002
   2.7008423145469824        1.0673289698004929       -5.8928624422281355E-002
   2.7064110615872856        1.0665434696820553       -9.5244223287086566E-002
   2.7119798086275888        1.0657726447035638      -0.13067396756601390     
   2.7175485556678920        1.0650168329743299      -0.16520577508712234     
   2.7231173027081952        1.0642763660183581      -0.19882786179243311     
   2.7286860497484984        1.0635515686289276      -0.23152874574139740     
   2.7342547967888016        1.0628427587261287      -0.26329725126411241     
   2.7398235438291048        1.0621502472174105      -0.29412251325442074     
   2.7453922908694079        1.0614743378612088      -0.32399398159132076     
   2.7509610379097111        1.0608153271337064      -0.35290142567690369     
   2.7565297849500143        1.0601735040987885      -0.38083493907801214     
   2.7620985319903175        1.0595491502812511      -0.40778494425791495     
   2.7676672790306207        1.0589425395433132      -0.43374219738430764     
   2.7732360260709239        1.0583539379644935      -0.45869779319847320     
   2.7788047731112271        1.0577836037248978      -0.48264316993068562     
   2.7843735201515303        1.0572317869919732      -0.50557011424607234     
   2.7899422671918335        1.0566987298107766      -0.52747076620488220     
   2.7955110142321367        1.0561846659978054      -0.54833762422086085     
   2.8010797612724398        1.0556898210384380      -0.56816355000096486     
   2.8066485083127430        1.0552144119880280      -0.58694177344987386     
   2.8122172553530462        1.0547586473766977      -0.60466589752208244     
   2.8177860023933494        1.0543227271178688      -0.62132990300497337     
   2.8233547494336526        1.0539068424205738      -0.63692815321583685     
   2.8289234964739558        1.0535111757055864      -0.65145539859596080     
   2.8344922435142590        1.0531359005254044      -0.66490678118552837     
   2.8400609905545622        1.0527811814881249      -0.67727783896254445     
   2.8456297375948654        1.0524471741852415      -0.68856451003025732     
   2.8511984846351686        1.0521340251233957      -0.69876313663710476     
   2.8567672316754718        1.0518418716601163      -0.70787046901406825     
   2.8623359787157749        1.0515708419435676      -0.71588366901507183     
   2.8679047257560781        1.0513210548563412      -0.72280031354590091     
   2.8734734727963813        1.0510926199633090      -0.72861839776863546     
   2.8790422198366845        1.0508856374635649      -0.73333633806862575     
   2.8846109668769877        1.0507001981464743      -0.73695297477207511     
   2.8901797139172909        1.0505363833518502      -0.73946757460315127     
   2.8957484609575941        1.0503942649342757      -0.74087983287010661     
   2.9013172079978973        1.0502739052315859      -0.74118987537116565     
   2.9068859550382005        1.0501753570375245      -0.74039826001150066     
   2.9124547020785037        1.0500986635785863      -0.73850597812384000     
   2.9180234491188068        1.0500438584950571      -0.73551445548609196     
   2.9235921961591100        1.0500109658262577      -0.73142555303042123     
   2.9291609431994132        1.0500000000000000      -0.72624156723934774     
   2.9347296902397164        1.0500109658262580      -0.71996523022532366     
   2.9402984372800196        1.0500438584950573      -0.71259970949151585     
   2.9458671843203228        1.0500986635785867      -0.70414860737229346     
   2.9514359313606260        1.0501753570375252      -0.69461596015343985     
   2.9570046784009292        1.0502739052315868      -0.68400623687271445     
   2.9625734254412324        1.0503942649342768      -0.67232433780277379     
   2.9681421724815356        1.0505363833518513      -0.65957559261944465     
   2.9737109195218387        1.0507001981464754      -0.64576575825919047     
   2.9792796665621419        1.0508856374635664      -0.63090101647096852     
   2.9848484136024451        1.0510926199633106      -0.61498797106847702     
   2.9904171606427483        1.0513210548563430      -0.59803364488949839     
   2.9959859076830515        1.0515708419435696      -0.58004547647060134     
   3.0015546547233547        1.0518418716601183      -0.56103131644574111     
   3.0071234017636579        1.0521340251233979      -0.54099942367837373     
   3.0126921488039611        1.0524471741852437      -0.51995846113763800     
   3.0182608958442643        1.0527811814881274      -0.49791749152970871     
   3.0238296428845675        1.0531359005254071      -0.47488597269609262     
   3.0293983899248706        1.0535111757055891      -0.45087375279160713     
   3.0349671369651738        1.0539068424205769      -0.42589106525477866     
   3.0405358840054770        1.0543227271178719      -0.39994852358468563     
   3.0461046310457802        1.0547586473767010      -0.37305711593799196     
   3.0516733780860834        1.0552144119880313      -0.34522819956072931     
   3.0572421251263866        1.0556898210384413      -0.31647349506977163     
   3.0628108721666898        1.0561846659978091      -0.28680508059882875     
   3.0683796192069930        1.0566987298107804      -0.25623538582442446     
   3.0739483662472962        1.0572317869919772      -0.22477718588704687     
   3.0795171132875994        1.0577836037249018      -0.19244359522314686     
   3.0850858603279026        1.0583539379644977      -0.15924806132318861     
   3.0906546073682057        1.0589425395433176      -0.12520435843128189     
   3.0962233544085089        1.0595491502812555       -9.0326581201511977E-002
   3.1017921014488121        1.0601735040987932       -5.4629138325965651E-002
   3.1073608484891153        1.0608153271337111       -1.8126746149262383E-002
   3.1129295955294185        1.0614743378612137        1.9165577716207031E-002
   3.1184983425697217        1.0621502472174154        5.7232520760087557E-002
   3.1240670896100249        1.0628427587261338        9.6058481915856100E-002
   3.1296358366503281        1.0635515686289330       0.13562757786108387     
   3.1352045836906313        1.0642763660183634       0.17592364926430318     
   3.1407733307309345        1.0650168329743355       0.21693026696640752     
   3.1463420777712376        1.0657726447035694       0.25863073808561543     
   3.1519108248115408        1.0665434696820608       0.30100811203580008     
   3.1574795718518440        1.0673289698004986       0.34404518644855364     
   3.1630483188921472        1.0681288005125695       0.38772451299035315     
   3.1686170659324504        1.0689426109860884       0.43202840306700835     
   3.1741858129727536        1.0697700442568854       0.47693893340864563     
   3.1797545600130568        1.0706107373853806       0.52243795152903705     
   3.1853233070533600        1.0714643216157829       0.56850708105459802     
   3.1908920540936632        1.0723304225378372       0.61512772691892437     
   3.1964608011339664        1.0732086602510547       0.66228108042015732     
   3.2020295481742695        1.0740986495313480       0.70994812413898745     
   3.2075982952145727        1.0750000000000046       0.75810963671708254     
   3.2131670422548759        1.0759123162949191       0.80674619749565191     
   3.2187357892951791        1.0768351982440119       0.85583819101597969     
   3.2243045363354823        1.0777682410407585       0.90536581138433814     
   3.2298732833757855        1.0787110354217513       0.95530906650489256     
   3.2354420304160887        1.0796631678462150        1.0056477821852774     
   3.2410107774563919        1.0806242206773999        1.0563616061208383     
   3.2465795244966951        1.0815937723657714        1.1074300117644325     
   3.2521482715369983        1.0825713976339146        1.1588323020896356     
   3.2577170185773014        1.0835566676630763        1.2105476132567903     
   3.2632857656176046        1.0845491502812581        1.2625549181917335     
   3.2688545126579078        1.0855484101527819        1.3148330300885134     
   3.2744232596982110        1.0865540089692423        1.3673606058481620     
   3.2799920067385142        1.0875655056417628        1.4201161494667807     
   3.2855607537788174        1.0885824564944728        1.4730780153869210     
   3.2911295008191206        1.0896044154591178        1.5262244118271127     
   3.2966982478594238        1.0906309342707197        1.5795334041055438     
   3.3022669948997270        1.0916615626642008        1.6329829179742803     
   3.3078357419400302        1.0926958485718854        1.6865507429815516     
   3.3134044889803334        1.0937333383217906        1.7402145358799135     
   3.3189732360206365        1.0947735768366234        1.7939518240993364     
   3.3245419830609397        1.0958161078333903        1.8477400093039555     
   3.3301107301012429        1.0968604740235404        1.9015563710528036     
   3.3356794771415461        1.0979062173135461        1.9553780705844293     
   3.3412482241818493        1.0989528790058383        2.0091821547458939     
   3.3468169712221525        1.1000000000000061        2.0629455600873419     
   3.3523857182624557        1.1010471209941741        2.1166451171430243     
   3.3579544653027589        1.1020937826864663        2.1702575549199055     
   3.3635232123430621        1.1031395259764720        2.2237595056155253     
   3.3690919593833653        1.1041838921666220        2.2771275095858097     
   3.3746607064236684        1.1052264231633890        2.3303380205844131     
   3.3802294534639716        1.1062666616782215        2.3833674112940852     
   3.3857982005042748        1.1073041514281268        2.4361919791710016     
   3.3913669475445780        1.1083384373358114        2.4887879526217840     
   3.3969356945848812        1.1093690657292925        2.5411314975331329     
   3.4025044416251844        1.1103955845408944        2.5931987241729488     
   3.4080731886654876        1.1114175435055391        2.6449656944812090     
   3.4136419357057908        1.1124344943582491        2.6964084297681556     
   3.4192106827460940        1.1134459910307697        2.7475029188360729     
   3.4247794297863972        1.1144515898472298        2.7982251265404803     
   3.4303481768267003        1.1154508497187536        2.8485510028048204     
   3.4359169238670035        1.1164433323369354        2.8984564921018139     
   3.4414856709073067        1.1174286023660971        2.9479175434134492     
   3.4470544179476099        1.1184062276342401        2.9969101206795785     
   3.4526231649879131        1.1193757793226113        3.0454102137443426     
   3.4581919120282163        1.1203368321537961        3.0933938498071853     
   3.4637606590685195        1.1212889645782598        3.1408371053842723     
   3.4693294061088227        1.1222317589592525        3.1877161187835643     
   3.4748981531491259        1.1231648017559992        3.2340071030957311     
   3.4804669001894291        1.1240876837050919        3.2796863597002996     
   3.4860356472297322        1.1250000000000060        3.3247302922849125     
   3.4916043942700354        1.1259013504686626        3.3691154213734387     
   3.4971731413103386        1.1267913397489557        3.4128183993560945     
   3.5027418883506418        1.1276695774621730        3.4558160260132156     
   3.5083106353909450        1.1285356783842273        3.4980852645212503     
   3.5138793824312482        1.1293892626146294        3.5396032579278809     
   3.5194481294715514        1.1302299557431243        3.5803473460806621     
   3.5250168765118546        1.1310573890139211        3.6202950829909333     
   3.5305856235521578        1.1318711994874400        3.6594242546129729     
   3.5361543705924610        1.1326710301995109        3.6977128970154767     
   3.5417231176327642        1.1334565303179485        3.7351393149203092     
   3.5472918646730673        1.1342273552964397        3.7716821005815380     
   3.5528606117133705        1.1349831670256736        3.8073201529747598     
   3.5584293587536737        1.1357236339816454        3.8420326972648238     
   3.5639981057939769        1.1364484313710757        3.8757993045186110     
   3.5695668528342801        1.1371572412738746        3.9085999116259251     
   3.5751355998745833        1.1378497527825928        3.9404148413909872     
   3.5807043469148865        1.1385256621387942        3.9712248227541780     
   3.5862730939551897        1.1391846728662967        4.0010110111025048     
   3.5918418409954929        1.1398264959012143        4.0297550086249068     
   3.5974105880357961        1.1404508497187518        4.0574388846675769     
   3.6029793350760992        1.1410574604566897        4.0840451960426805     
   3.6085480821164024        1.1416460620355093        4.1095570072426284     
   3.6141168291567056        1.1422163962751049        4.1339579105111337     
   3.6196855761970088        1.1427682130080294        4.1572320457211811     
   3.6252543232373120        1.1433012701892258        4.1793641200089491     
   3.6308230702776152        1.1438153340021970        4.2003394271132075     
   3.6363918173179184        1.1443101789615644        4.2201438663677902     
   3.6419605643582216        1.1447855880119742        4.2387639612959971     
   3.6475293113985248        1.1452413526233043        4.2561868777548595     
   3.6530980584388280        1.1456772728821334        4.2724004415778873     
   3.6586668054791311        1.1460931575794282        4.2873931556650113     
   3.6642355525194343        1.1464888242944156        4.3011542164696870     
   3.6698042995597375        1.1468640994745973        4.3136735298331690     
   3.6753730466000407        1.1472188185118768        4.3249417261177978     
   3.6809417936403439        1.1475528258147603        4.3349501745919738     
   3.6865105406806471        1.1478659748766058        4.3436909970213113     
   3.6920792877209503        1.1481581283398852        4.3511570804218920     
   3.6976480347612535        1.1484291580564336        4.3573420889336711     
   3.7032167818015567        1.1486789451436599        4.3622404747743069     
   3.7087855288418599        1.1489073800366920        4.3658474882356169     
   3.7143542758821630        1.1491143625364360        4.3681591866876186     
   3.7199230229224662        1.1492998018535268        4.3691724425580363     
   3.7254917699627694        1.1494636166481507        4.3688849502571685     
   3.7310605170030726        1.1496057350657249        4.3672952320220864     
   3.7366292640433758        1.1497260947684147        4.3644026426560485     
   3.7421980110836790        1.1498246429624759        4.3602073731433713     
   3.7477667581239822        1.1499013364214141        4.3547104531225598     
   3.7533355051642854        1.1499561415049433        4.3479137522040654     
   3.7589042522045886        1.1499890341737427        4.3398199801229769     
   3.7644729992448918        1.1500000000000001        4.3304326857198481     
   3.7700417462851950        1.1499890341737422        4.3197562547471602     
   3.7756104933254981        1.1499561415049426        4.3077959065018359     
   3.7811792403658013        1.1499013364214132        4.2945576892886104     
   3.7867479874061045        1.1498246429624746        4.2800484747219851     
   3.7923167344464077        1.1497260947684129        4.2642759508787371     
   3.7978854814867109        1.1496057350657229        4.2472486143159216     
   3.8034542285270141        1.1494636166481482        4.2289757609733512     
   3.8090229755673173        1.1492998018535239        4.2094674759826285     
   3.8145917226076205        1.1491143625364328        4.1887346224080897     
   3.8201604696479237        1.1489073800366887        4.1667888289486372     
   3.8257292166882269        1.1486789451436561        4.1436424766319595     
   3.8312979637285300        1.1484291580564294        4.1193086845363229     
   3.8368667107688332        1.1481581283398807        4.0938012945770632     
   3.8424354578091364        1.1478659748766009        4.0671348553982645     
   3.8480042048494396        1.1475528258147549        4.0393246054124337     
   3.8535729518897428        1.1472188185118712        4.0103864550328518     
   3.8591416989300460        1.1468640994745916        3.9803369681457967     
   3.8647104459703492        1.1464888242944093        3.9491933428718111     
   3.8702791930106524        1.1460931575794215        3.9169733916662675     
   3.8758479400509556        1.1456772728821265        3.8836955208116293     
   3.8814166870912588        1.1452413526232972        3.8493787093544962     
   3.8869854341315619        1.1447855880119668        3.8140424875420900     
   3.8925541811718651        1.1443101789615566        3.7777069148129221     
   3.8981229282121683        1.1438153340021888        3.7403925573977470     
   3.9036916752524715        1.1433012701892173        3.7021204655864732     
   3.9092604222927747        1.1427682130080206        3.6629121507174789     
   3.9148291693330779        1.1422163962750960        3.6227895619452171     
   3.9203979163733811        1.1416460620355000        3.5817750628419089     
   3.9259666634136843        1.1410574604566799        3.5398914078884784     
   3.9315354104539875        1.1404508497187420        3.4971617189093642     
   3.9371041574942907        1.1398264959012043        3.4536094615042794     
   3.9426729045345938        1.1391846728662862        3.4092584215299842     
   3.9482416515748970        1.1385256621387836        3.3641326816826700     
   3.9538103986152002        1.1378497527825817        3.3182565982306587     
   3.9593791456555034        1.1371572412738635        3.2716547779456642     
   3.9649478926958066        1.1364484313710641        3.2243520552784313     
   3.9705166397361098        1.1357236339816337        3.1763734698234631     
   3.9760853867764130        1.1349831670256616        3.1277442441145271     
   3.9816541338167162        1.1342273552964275        3.0784897617916331     
   3.9872228808570194        1.1334565303179358        3.0286355461766723     
   3.9927916278973226        1.1326710301994980        2.9782072392935501     
   3.9983603749376257        1.1318711994874271        2.9272305813656607     
   4.0039291219779285        1.1310573890139080        2.8757313908211160     
   4.0094978690182312        1.1302299557431112        2.8237355448340229     
   4.0150666160585340        1.1293892626146160        2.7712689604265619     
   4.0206353630988367        1.1285356783842140        2.7183575761553493     
   4.0262041101391395        1.1276695774621595        2.6650273344015321     
   4.0317728571794422        1.1267913397489420        2.6113041642825312     
   4.0373416042197450        1.1259013504686486        2.5572139652000829     
   4.0429103512600477        1.1249999999999920        2.5027825910368473     
   4.0484790983003505        1.1240876837050777        2.4480358350113152     
   4.0540478453406532        1.1231648017559850        2.3929994151980849     
   4.0596165923809560        1.1222317589592383        2.3376989607181198     
   4.0651853394212587        1.1212889645782453        2.2821599986013061     
   4.0707540864615614        1.1203368321537819        2.2264079413210607     
   4.0763228335018642        1.1193757793225969        2.1704680749984626     
   4.0818915805421669        1.1184062276342257        2.1143655482714898     
   4.0874603275824697        1.1174286023660824        2.0581253618222863     
   4.0930290746227724        1.1164433323369209        2.0017723585538496     
   4.0985978216630752        1.1154508497187392        1.9453312144052082     
   4.1041665687033779        1.1144515898472154        1.8888264297926125     
   4.1097353157436807        1.1134459910307550        1.8322823216624275     
   4.1153040627839834        1.1124344943582345        1.7757230161396149     
   4.1208728098242862        1.1114175435055245        1.7191724417545440     
   4.1264415568645889        1.1103955845408797        1.6626543232291635     
   4.1320103039048917        1.1093690657292781        1.6061921758024418     
   4.1375790509451944        1.1083384373357970        1.5498093000738276     
   4.1431477979854971        1.1073041514281123        1.4935287773422230     
   4.1487165450257999        1.1062666616782071        1.4373734654174914     
   4.1542852920661026        1.1052264231633746        1.3813659948800370     
   4.1598540391064054        1.1041838921666076        1.3255287657640122     
   4.1654227861467081        1.1031395259764576        1.2698839446386412     
   4.1709915331870109        1.1020937826864521        1.2144534620616543     
   4.1765602802273136        1.1010471209941599        1.1592590103789613     
   4.1821290272676164        1.0999999999999921        1.1043220418438222     
   4.1876977743079191        1.0989528790058243        1.0496637670290190     
   4.1932665213482219        1.0979062173135321       0.99530515350530835     
   4.1988352683885246        1.0968604740235266       0.94126692475967788     
   4.2044040154288274        1.0958161078333766       0.88756955932670589     
   4.2099727624691301        1.0947735768366098       0.83423329010710656     
   4.2155415095094328        1.0937333383217773       0.78127810384728569     
   4.2211102565497356        1.0926958485718721       0.72872374075467850     
   4.2266790035900383        1.0916615626641875       0.67658969422369020     
   4.2322477506303411        1.0906309342707063       0.62489521064804732     
   4.2378164976706438        1.0896044154591047       0.57365928929557508     
   4.2433852447109466        1.0885824564944602       0.52290068222261366     
   4.2489539917512493        1.0875655056417501       0.47263789420561841     
   4.2545227387915521        1.0865540089692298       0.42288918266881570     
   4.2600914858318548        1.0855484101527695       0.37367255758697882     
   4.2656602328721576        1.0845491502812459       0.32500578134437325     
   4.2712289799124603        1.0835566676630641       0.27690636853074119     
   4.2767977269527631        1.0825713976339026       0.22939158565728066     
   4.2823664739930658        1.0815937723657598       0.18247845077606573     
   4.2879352210333685        1.0806242206773884       0.13618373298749617     
   4.2935039680736713        1.0796631678462036        9.0523951822030532E-002
   4.2990727151139740        1.0787110354217402        4.5515376482786550E-002
   4.3046414621542768        1.0777682410407476        1.1740249377505778E-003
   4.3102102091945795        1.0768351982440010       -4.2484337149207740E-002
   4.3157789562348823        1.0759123162949085       -8.5444197657591744E-002
   4.3213477032751850        1.0749999999999944      -0.12769029942792154     
   4.3269164503154878        1.0740986495313378      -0.16920764186444356     
   4.3324851973557905        1.0732086602510447      -0.20998148272827372     
   4.3380539443960933        1.0723304225378274      -0.24999734012544261     
   4.3436226914363960        1.0714643216157733      -0.28924099469254311     
   4.3491914384766988        1.0706107373853713      -0.32769849198175888     
   4.3547601855170015        1.0697700442568763      -0.36535614504573588     
   4.3603289325573042        1.0689426109860798      -0.40220053722156945     
   4.3658976795976070        1.0681288005125609      -0.43821852511196230     
   4.3714664266379097        1.0673289698004900      -0.47339724176022380     
   4.3770351736782125        1.0665434696820526      -0.50772410001499169     
   4.3826039207185152        1.0657726447035611      -0.54118679607941300     
   4.3881726677588180        1.0650168329743275      -0.57377331323773417     
   4.3937414147991207        1.0642763660183556      -0.60547192575246045     
   4.3993101618394235        1.0635515686289254      -0.63627120292288564     
   4.4048789088797262        1.0628427587261264      -0.66616001329600505     
   4.4104476559200290        1.0621502472174085      -0.69512752901888974     
   4.4160164029603317        1.0614743378612070      -0.72316323032163365     
   4.4215851500006345        1.0608153271337046      -0.75025691011844142     
   4.4271538970409372        1.0601735040987870      -0.77639867871415447     
   4.4327226440812399        1.0595491502812495      -0.80157896860256572     
   4.4382913911215427        1.0589425395433119      -0.82578853934229302     
   4.4438601381618454        1.0583539379644922      -0.84901848249546796     
   4.4494288852021482        1.0577836037248964      -0.87126022661379887     
   4.4549976322424509        1.0572317869919718      -0.89250554225641032     
   4.4605663792827537        1.0566987298107755      -0.91274654702313440     
   4.4661351263230564        1.0561846659978043      -0.93197571058704798     
   4.4717038733633592        1.0556898210384369      -0.95018585970911129     
   4.4772726204036619        1.0552144119880271      -0.96737018321862522     
   4.4828413674439647        1.0547586473766970      -0.98352223694197882     
   4.4884101144842674        1.0543227271178679      -0.99863594856317051     
   4.4939788615245702        1.0539068424205731       -1.0127056223986197     
   4.4995476085648729        1.0535111757055857       -1.0257259440700182     
   4.5051163556051756        1.0531359005254037       -1.0376919850580681     
   4.5106851026454784        1.0527811814881245       -1.0485992071209713     
   4.5162538496857811        1.0524471741852410       -1.0584434665615805     
   4.5218225967260839        1.0521340251233953       -1.0672210183273985     
   4.5273913437663866        1.0518418716601159       -1.0749285199282930     
   4.5329600908066894        1.0515708419435674       -1.0815630351573278     
   4.5385288378469921        1.0513210548563410       -1.0871220376003796     
   4.5440975848872949        1.0510926199633088       -1.0916034139211637     
   4.5496663319275976        1.0508856374635649       -1.0950054669090092     
   4.5552350789679004        1.0507001981464741       -1.0973269182771925     
   4.5608038260082031        1.0505363833518500       -1.0985669112006284     
   4.5663725730485059        1.0503942649342757       -1.0987250125827106     
   4.5719413200888086        1.0502739052315859       -1.0978012150416658     
   4.5775100671291113        1.0501753570375245       -1.0957959386078480     
   4.5830788141694141        1.0500986635785863       -1.0927100321245808     
   4.5886475612097168        1.0500438584950569       -1.0885447743457959     
   4.5942163082500196        1.0500109658262577       -1.0833018747248611     
   4.5997850552903223        1.0500000000000000       -1.0769834738903596     
   4.6053538023306251        1.0500109658262580       -1.0695921438049201     
   4.6109225493709278        1.0500438584950573       -1.0611308876051428     
   4.6164912964112306        1.0500986635785867       -1.0516031391209295     
   4.6220600434515333        1.0501753570375252       -1.0410127620742757     
   4.6276287904918361        1.0502739052315868       -1.0293640489581537     
   4.6331975375321388        1.0503942649342766       -1.0166617195975070     
   4.6387662845724416        1.0505363833518513       -1.0029109193952668     
   4.6443350316127443        1.0507001981464754      -0.98811721726746038     
   4.6499037786530470        1.0508856374635662      -0.97228660327227168     
   4.6554725256933498        1.0510926199633106      -0.95542548593932086     
   4.6610412727336525        1.0513210548563428      -0.93754068930595380     
   4.6666100197739553        1.0515708419435694      -0.91863944966838740     
   4.6721787668142580        1.0518418716601181      -0.89872941205680834     
   4.6777475138545608        1.0521340251233977      -0.87781862644366804     
   4.6833162608948635        1.0524471741852435      -0.85591554369591161     
   4.6888850079351663        1.0527811814881272      -0.83302901128221918     
   4.6944537549754690        1.0531359005254066      -0.80916826874707781     
   4.7000225020157718        1.0535111757055886      -0.78434294296437879     
   4.7055912490560745        1.0539068424205762      -0.75856304318347856     
   4.7111599960963773        1.0543227271178712      -0.73183895588148062     
   4.7167287431366800        1.0547586473767003      -0.70418143943578548     
   4.7222974901769827        1.0552144119880307      -0.67560161863138313     
   4.7278662372172855        1.0556898210384407      -0.64611097901778147     
   4.7334349842575882        1.0561846659978082      -0.61572136113058440     
   4.7390037312978910        1.0566987298107795      -0.58444495459306423     
   4.7445724783381937        1.0572317869919761      -0.55229429211310355     
   4.7501412253784965        1.0577836037249007      -0.51928224339097717     
   4.7557099724187992        1.0583539379644964      -0.48542200895350074     
   4.7612787194591020        1.0589425395433163      -0.45072711392981613     
   4.7668474664994047        1.0595491502812542      -0.41521140178419841     
   4.7724162135397075        1.0601735040987916      -0.37888902802077395     
   4.7779849605800102        1.0608153271337095      -0.34177445387493810     
   4.7835537076203130        1.0614743378612121      -0.30388244000593601     
   4.7891224546606157        1.0621502472174138      -0.26522804020453877     
   4.7946912017009184        1.0628427587261318      -0.22582659512929804     
   4.8002599487412212        1.0635515686289310      -0.18569372608445822     
   4.8058286957815239        1.0642763660183614      -0.14484532885194740     
   4.8113974428218267        1.0650168329743332      -0.10329756758907142     
   4.8169661898621294        1.0657726447035671       -6.1066868803066290E-002
   4.8225349369024322        1.0665434696820586       -1.8169915412961545E-002
   4.8281036839427349        1.0673289698004962        2.5376359092046462E-002
   4.8336724309830377        1.0681288005125669        6.9554776388631265E-002
   4.8392411780233404        1.0689426109860860       0.11434791894230491     
   4.8448099250636432        1.0697700442568827       0.15973813551011792     
   4.8503786721039459        1.0706107373853777       0.20570754651751066     
   4.8559474191442487        1.0714643216157798       0.25223804930394433     
   4.8615161661845514        1.0723304225378343       0.29931132323374210     
   4.8670849132248541        1.0732086602510515       0.34690883466890149     
   4.8726536602651569        1.0740986495313449       0.39501184180241633     
   4.8782224073054596        1.0750000000000013       0.44360139935080678     
   4.8837911543457624        1.0759123162949156       0.49265836310678757     
   4.8893599013860651        1.0768351982440081       0.54216339435294780     
   4.8949286484263679        1.0777682410407547       0.59209696413934787     
   4.9004973954666706        1.0787110354217475       0.64243935742847125     
   4.9060661425069734        1.0796631678462110       0.69317067711232105     
   4.9116348895472761        1.0806242206773959       0.74427084790763409     
   4.9172036365875789        1.0815937723657671       0.79571962013593245     
   4.9227723836278816        1.0825713976339102       0.84749657339664963     
   4.9283411306681844        1.0835566676630717       0.89958112014244163     
   4.9339098777084871        1.0845491502812534       0.95195250916665364     
   4.9394786247487898        1.0855484101527773        1.0045898290143027     
   4.9450473717890926        1.0865540089692376        1.0574720113286893     
   4.9506161188293953        1.0875655056417581        1.1105778341468358     
   4.9561848658696981        1.0885824564944679        1.1638859251577756     
   4.9617536129100008        1.0896044154591127        1.2173747649386366     
   4.9673223599503036        1.0906309342707143        1.2710226901845223     
   4.9728911069906063        1.0916615626641955        1.3248078969485513     
   4.9784598540309091        1.0926958485718798        1.3787084439097004     
   4.9840286010712118        1.0937333383217853        1.4327022556863602     
   4.9895973481115146        1.0947735768366178        1.4867671262143272     
   4.9951660951518173        1.0958161078333846        1.5408807222087209     
   5.0007348421921201        1.0968604740235346        1.5950205867293734     
   5.0063035892324228        1.0979062173135401        1.6491641428701109     
   5.0118723362727255        1.0989528790058323        1.7032886975925792     
