   1.1111111111111178E-003   1.1000000000000001        5.8390675595357884     
   2.2222222222222357E-003   1.1010471209941679        5.8996223723674168     
   3.3333333333333535E-003   1.1020937826864601        5.9602221438388812     
   4.4444444444444713E-003   1.1031395259764658        6.0208400549333980     
   5.5555555555555896E-003   1.1041838921666158        6.0814491277298020     
   6.6666666666667079E-003   1.1052264231633828        6.1420222312384807     
   7.7777777777778261E-003   1.1062666616782153        6.2025320875702272     
   8.8888888888889444E-003   1.1073041514281208        6.2629512784600800     
   1.0000000000000063E-002   1.1083384373358052        6.3232522521674968     
   1.1111111111111181E-002   1.1093690657292863        6.3834073307741006     
   1.2222222222222299E-002   1.1103955845408882        6.4433887178990501     
   1.3333333333333417E-002   1.1114175435055329        6.5031685068518907     
   1.4444444444444536E-002   1.1124344943582429        6.5627186892417413     
   1.5555555555555654E-002   1.1134459910307635        6.6220111640603765     
   1.6666666666666771E-002   1.1144515898472236        6.6810177472564094     
   1.7777777777777889E-002   1.1154508497187474        6.7397101818159584     
   1.8888888888889007E-002   1.1164433323369292        6.7980601483641454     
   2.0000000000000125E-002   1.1174286023660909        6.8560392763007796     
   2.1111111111111244E-002   1.1184062276342339        6.9136191554812738     
   2.2222222222222362E-002   1.1193757793226053        6.9707713484533276     
   2.3333333333333480E-002   1.1203368321537901        7.0274674032569910     
   2.4444444444444598E-002   1.1212889645782538        7.0836788667953616     
   2.5555555555555717E-002   1.1222317589592465        7.1393772987798583     
   2.6666666666666835E-002   1.1231648017559932        7.1945342862533002     
   2.7777777777777953E-002   1.1240876837050859        7.2491214586910990     
   2.8888888888889071E-002   1.1250000000000000        7.3031105036793171     
   3.0000000000000190E-002   1.1259013504686566        7.3564731831657912     
   3.1111111111111308E-002   1.1267913397489500        7.4091813502784456     
   3.2222222222222423E-002   1.1276695774621672        7.4612069667027177     
   3.3333333333333541E-002   1.1285356783842218        7.5125221206072759     
   3.4444444444444659E-002   1.1293892626146238        7.5630990451052664     
   3.5555555555555778E-002   1.1302299557431188        7.6129101372355281     
   3.6666666666666896E-002   1.1310573890139155        7.6619279774459939     
   3.7777777777778014E-002   1.1318711994874346        7.7101253495589086     
   3.8888888888889132E-002   1.1326710301995053        7.7574752611949229     
   4.0000000000000251E-002   1.1334565303179429        7.8039509646310528     
   4.1111111111111369E-002   1.1342273552964346        7.8495259780645066     
   4.2222222222222487E-002   1.1349831670256683        7.8941741072522449     
   4.3333333333333605E-002   1.1357236339816403        7.9378694674940879     
   4.4444444444444724E-002   1.1364484313710708        7.9805865059239522     
   4.5555555555555842E-002   1.1371572412738697        8.0223000240727451     
   4.6666666666666960E-002   1.1378497527825879        8.0629852006632277     
   4.7777777777778078E-002   1.1385256621387896        8.1026176145955446     
   4.8888888888889197E-002   1.1391846728662920        8.1411732680803546     
   5.0000000000000315E-002   1.1398264959012099        8.1786286098741776     
   5.1111111111111433E-002   1.1404508497187476        8.2149605585699028     
   5.2222222222222552E-002   1.1410574604566852        8.2501465258942801     
   5.3333333333333670E-002   1.1416460620355051        8.2841644399622307     
   5.4444444444444788E-002   1.1422163962751009        8.3169927684365419     
   5.5555555555555906E-002   1.1427682130080254        8.3486105415410243     
   5.6666666666667025E-002   1.1433012701892220        8.3789973748733324     
   5.7777777777778143E-002   1.1438153340021933        8.4081334919637367     
   5.8888888888889261E-002   1.1443101789615608        8.4359997465250078     
   6.0000000000000379E-002   1.1447855880119708        8.4625776443385146     
   6.1111111111111498E-002   1.1452413526233012        8.4878493647214093     
   6.2222222222222616E-002   1.1456772728821301        8.5117977815198813     
   6.3333333333333727E-002   1.1460931575794251        8.5344064835736457     
   6.4444444444444846E-002   1.1464888242944127        8.5556597945972666     
   6.5555555555555964E-002   1.1468640994745947        8.5755427924251837     
   6.6666666666667082E-002   1.1472188185118741        8.5940413275674530     
   6.7777777777778200E-002   1.1475528258147578        8.6111420410249266     
   6.8888888888889319E-002   1.1478659748766034        8.6268323813138732     
   7.0000000000000437E-002   1.1481581283398830        8.6411006206516827     
   7.1111111111111555E-002   1.1484291580564316        8.6539358702568165     
   7.2222222222222673E-002   1.1486789451436581        8.6653280947188343     
   7.3333333333333792E-002   1.1489073800366905        8.6752681253956982     
   7.4444444444444910E-002   1.1491143625364346        8.6837476727988747     
   7.5555555555556028E-002   1.1492998018535254        8.6907593379286396     
   7.6666666666667146E-002   1.1494636166481496        8.6962966225251090     
   7.7777777777778265E-002   1.1496057350657241        8.7003539382034631     
   7.8888888888889383E-002   1.1497260947684138        8.7029266144447988     
   8.0000000000000501E-002   1.1498246429624752        8.7040109054172508     
   8.1111111111111620E-002   1.1499013364214137        8.7036039956055831     
   8.2222222222222738E-002   1.1499561415049431        8.7017040042305247     
   8.3333333333333856E-002   1.1499890341737424        8.6983099884430128     
   8.4444444444444974E-002   1.1500000000000001        8.6934219452820223     
   8.5555555555556093E-002   1.1499890341737424        8.6870408123880480     
   8.6666666666667211E-002   1.1499561415049431        8.6791684674684788     
   8.7777777777778329E-002   1.1499013364214137        8.6698077265144278     
   8.8888888888889447E-002   1.1498246429624752        8.6589623407726606     
   9.0000000000000566E-002   1.1497260947684138        8.6466369924795412     
   9.1111111111111684E-002   1.1496057350657241        8.6328372893680800     
   9.2222222222222802E-002   1.1494636166481496        8.6175697579625865     
   9.3333333333333920E-002   1.1492998018535254        8.6008418356788319     
   9.4444444444445039E-002   1.1491143625364346        8.5826618617515695     
   9.5555555555556157E-002   1.1489073800366905        8.5630390670141487     
   9.6666666666667275E-002   1.1486789451436581        8.5419835625586700     
   9.7777777777778394E-002   1.1484291580564316        8.5195063273080436     
   9.8888888888889512E-002   1.1481581283398830        8.4956191945344024     
  0.10000000000000063        1.1478659748766034        8.4703348373610776     
  0.10111111111111175        1.1475528258147578        8.4436667532884080     
  0.10222222222222287        1.1472188185118741        8.4156292477855210     
  0.10333333333333398        1.1468640994745947        8.3862374169933194     
  0.10444444444444510        1.1464888242944127        8.3555071295852965     
  0.10555555555555622        1.1460931575794251        8.3234550078353227     
  0.10666666666666734        1.1456772728821301        8.2900984079429421     
  0.10777777777777846        1.1452413526233010        8.2554553996682714     
  0.10888888888888958        1.1447855880119708        8.2195447453298609     
  0.11000000000000069        1.1443101789615608        8.1823858782200176     
  0.11111111111111181        1.1438153340021933        8.1439988804930152     
  0.11222222222222293        1.1433012701892220        8.1044044605816534     
  0.11333333333333405        1.1427682130080254        8.0636239301988422     
  0.11444444444444517        1.1422163962751009        8.0216791809804171     
  0.11555555555555629        1.1416460620355051        7.9785926608256341     
  0.11666666666666740        1.1410574604566852        7.9343873499912707     
  0.11777777777777852        1.1404508497187476        7.8890867369952069     
  0.11888888888888964        1.1398264959012099        7.8427147943840163     
  0.12000000000000076        1.1391846728662920        7.7952959544190374     
  0.12111111111111188        1.1385256621387896        7.7468550847335234     
  0.12222222222222300        1.1378497527825879        7.6974174640126645     
  0.12333333333333411        1.1371572412738697        7.6470087577470505     
  0.12444444444444523        1.1364484313710705        7.5956549941079050     
  0.12555555555555634        1.1357236339816403        7.5433825399913381     
  0.12666666666666745        1.1349831670256683        7.4902180772767073     
  0.12777777777777857        1.1342273552964346        7.4361885793424136     
  0.12888888888888969        1.1334565303179429        7.3813212878797785     
  0.13000000000000081        1.1326710301995053        7.3256436900445436     
  0.13111111111111193        1.1318711994874346        7.2691834959819213     
  0.13222222222222305        1.1310573890139155        7.2119686167600090     
  0.13333333333333416        1.1302299557431188        7.1540271427431330     
  0.13444444444444528        1.1293892626146238        7.0953873224344060     
  0.13555555555555640        1.1285356783842218        7.0360775418146977     
  0.13666666666666752        1.1276695774621672        6.9761263042020341     
  0.13777777777777864        1.1267913397489500        6.9155622106533574     
  0.13888888888888976        1.1259013504686566        6.8544139409278788     
  0.14000000000000087        1.1250000000000000        6.7927102350286637     
  0.14111111111111199        1.1240876837050859        6.7304798753367248     
  0.14222222222222311        1.1231648017559932        6.6677516693491006     
  0.14333333333333423        1.1222317589592465        6.6045544330303425     
  0.14444444444444535        1.1212889645782538        6.5409169747840989     
  0.14555555555555647        1.1203368321537901        6.4768680800491820     
  0.14666666666666758        1.1193757793226051        6.4124364965223828     
  0.14777777777777870        1.1184062276342339        6.3476509200078599     
  0.14888888888888982        1.1174286023660909        6.2825399808908529     
  0.15000000000000094        1.1164433323369292        6.2171322312314565     
  0.15111111111111206        1.1154508497187474        6.1514561324722790     
  0.15222222222222317        1.1144515898472236        6.0855400437514557     
  0.15333333333333429        1.1134459910307632        6.0194122108115362     
  0.15444444444444541        1.1124344943582427        5.9531007554922075     
  0.15555555555555653        1.1114175435055329        5.8866336657937834     
  0.15666666666666765        1.1103955845408879        5.8200387864967249     
  0.15777777777777877        1.1093690657292863        5.7533438103211658     
  0.15888888888888988        1.1083384373358052        5.6865762696088700     
  0.16000000000000100        1.1073041514281206        5.6197635285093908     
  0.16111111111111212        1.1062666616782153        5.5529327756507794     
  0.16222222222222324        1.1052264231633828        5.4861110172741885     
  0.16333333333333436        1.1041838921666158        5.4193250708114551     
  0.16444444444444548        1.1031395259764658        5.3526015588833129     
  0.16555555555555659        1.1020937826864601        5.2859669036957797     
  0.16666666666666771        1.1010471209941679        5.2194473218116535     
  0.16777777777777883        1.1000000000000001        5.1530688192735168     
  0.16888888888888995        1.0989528790058323        5.0868571870545090     
  0.17000000000000107        1.0979062173135401        5.0208379968130101     
  0.17111111111111219        1.0968604740235344        4.9550365969270143     
  0.17222222222222330        1.0958161078333843        4.8894781087842540     
  0.17333333333333442        1.0947735768366174        4.8241874233040472     
  0.17444444444444554        1.0937333383217849        4.7591891976672613     
  0.17555555555555666        1.0926958485718794        4.6945078522306272     
  0.17666666666666778        1.0916615626641950        4.6301675676026353     
  0.17777777777777889        1.0906309342707139        4.5661922818578482     
  0.17888888888889001        1.0896044154591120        4.5026056878679519     
  0.18000000000000113        1.0885824564944673        4.4394312307274664     
  0.18111111111111225        1.0875655056417572        4.3766921052533618     
  0.18222222222222337        1.0865540089692367        4.3144112535383279     
  0.18333333333333449        1.0855484101527764        4.2526113625380759     
  0.18444444444444560        1.0845491502812528        4.1913148616740594     
  0.18555555555555672        1.0835566676630708        4.1305439204337349     
  0.18666666666666784        1.0825713976339093        4.0703204459516593     
  0.18777777777777896        1.0815937723657663        4.0106660805551462     
  0.18888888888889008        1.0806242206773948        3.9516021992598604     
  0.19000000000000120        1.0796631678462101        3.8931499072013986     
  0.19111111111111231        1.0787110354217464        3.8353300369898107     
  0.19222222222222343        1.0777682410407536        3.7781631459756366     
  0.19333333333333455        1.0768351982440070        3.7216695134166171     
  0.19444444444444567        1.0759123162949142        3.6658691375356738     
  0.19555555555555679        1.0750000000000000        3.6107817324619047     
  0.19666666666666791        1.0740986495313436        3.5564267250472352     
  0.19777777777777902        1.0732086602510502        3.5028232515529187     
  0.19888888888889014        1.0723304225378330        3.4499901542010507     
  0.20000000000000126        1.0714643216157784        3.3979459775872489     
  0.20111111111111238        1.0706107373853764        3.3467089649523443     
  0.20222222222222350        1.0697700442568814        3.2962970543113719     
  0.20333333333333461        1.0689426109860845        3.2467278744400820     
  0.20444444444444573        1.0681288005125655        3.1980187407197329     
  0.20555555555555685        1.0673289698004949        3.1501866508421736     
  0.20666666666666797        1.0665434696820570        3.1032482803785566     
  0.20777777777777909        1.0657726447035656        3.0572199782159437     
  0.20888888888889021        1.0650168329743317        3.0121177618667527     
  0.21000000000000132        1.0642763660183598        2.9679573126578220     
  0.21111111111111244        1.0635515686289294        2.9247539708059160     
  0.21222222222222356        1.0628427587261304        2.8825227303880219     
  0.21333333333333468        1.0621502472174122        2.8412782342155269     
  0.21444444444444580        1.0614743378612106        2.8010347686220953     
  0.21555555555555692        1.0608153271337080        2.7618062581759233     
  0.21666666666666803        1.0601735040987903        2.7236062603279088     
  0.21777777777777915        1.0595491502812526        2.6864479600076709     
  0.21888888888889027        1.0589425395433150        2.6503441641803502     
  0.22000000000000139        1.0583539379644951        2.6153072963772854     
  0.22111111111111251        1.0577836037248993        2.5813493912146477     
  0.22222222222222363        1.0572317869919747        2.5484820889140023     
  0.22333333333333474        1.0566987298107782        2.5167166298396593     
  0.22444444444444586        1.0561846659978069        2.4860638490676785     
  0.22555555555555698        1.0556898210384393        2.4565341710018118     
  0.22666666666666810        1.0552144119880293        2.4281376040516620     
  0.22777777777777922        1.0547586473766990        2.4008837353886685     
  0.22888888888889034        1.0543227271178701        2.3747817257954784     
  0.23000000000000145        1.0539068424205751        2.3498403046240250     
  0.23111111111111257        1.0535111757055875        2.3260677648781782     
  0.23222222222222369        1.0531359005254055        2.3034719584357122     
  0.23333333333333481        1.0527811814881260        2.2820602914250410     
  0.23444444444444593        1.0524471741852424        2.2618397197712246     
  0.23555555555555704        1.0521340251233968        2.2428167449258107     
  0.23666666666666816        1.0518418716601172        2.2249974097942111     
  0.23777777777777928        1.0515708419435685        2.2083872948744108     
  0.23888888888889040        1.0513210548563421        2.1929915146196119     
  0.24000000000000152        1.0510926199633097        2.1788147140372307     
  0.24111111111111264        1.0508856374635656        2.1658610655360415     
  0.24222222222222375        1.0507001981464748        2.1541342660320630     
  0.24333333333333487        1.0505363833518506        2.1436375343236653     
  0.24444444444444599        1.0503942649342761        2.1343736087450869     
  0.24555555555555711        1.0502739052315864        2.1263447451068331     
  0.24666666666666823        1.0501753570375250        2.1195527149307023     
  0.24777777777777935        1.0500986635785865        2.1139988039859210     
  0.24888888888889046        1.0500438584950571        2.1096838111323506     
  0.25000000000000155        1.0500109658262577        2.1066080474752717     
  0.25111111111111267        1.0500000000000000        2.1047713358356384     
  0.25222222222222379        1.0500109658262577        2.1041730105385117     
  0.25333333333333491        1.0500438584950571        2.1048119175212960     
  0.25444444444444603        1.0500986635785865        2.1066864147625064     
  0.25555555555555715        1.0501753570375250        2.1097943730306001     
  0.25666666666666826        1.0502739052315864        2.1141331769515261     
  0.25777777777777938        1.0503942649342761        2.1196997263925388     
  0.25888888888889050        1.0505363833518506        2.1264904381586516     
  0.26000000000000162        1.0507001981464748        2.1345012479974939     
  0.26111111111111274        1.0508856374635656        2.1437276129068588     
  0.26222222222222386        1.0510926199633097        2.1541645137387300     
  0.26333333333333497        1.0513210548563421        2.1658064580922987     
  0.26444444444444609        1.0515708419435685        2.1786474834877496     
  0.26555555555555721        1.0518418716601172        2.1926811608118868     
  0.26666666666666833        1.0521340251233968        2.2079005980253670     
  0.26777777777777945        1.0524471741852424        2.2242984441211875     
  0.26888888888889056        1.0527811814881260        2.2418668933228854     
  0.27000000000000168        1.0531359005254055        2.2605976895102615     
  0.27111111111111280        1.0535111757055875        2.2804821308602587     
  0.27222222222222392        1.0539068424205751        2.3015110746894307     
  0.27333333333333504        1.0543227271178701        2.3236749424845198     
  0.27444444444444616        1.0547586473766992        2.3469637251068067     
  0.27555555555555727        1.0552144119880293        2.3713669881558102     
  0.27666666666666839        1.0556898210384393        2.3968738774775034     
  0.27777777777777951        1.0561846659978069        2.4234731248017818     
  0.27888888888889063        1.0566987298107782        2.4511530534942203     
  0.28000000000000175        1.0572317869919747        2.4799015844065315     
  0.28111111111111287        1.0577836037248993        2.5097062418104947     
  0.28222222222222398        1.0583539379644951        2.5405541593998437     
  0.28333333333333510        1.0589425395433150        2.5724320863450156     
  0.28444444444444622        1.0595491502812528        2.6053263933855848     
  0.28555555555555734        1.0601735040987903        2.6392230789455571     
  0.28666666666666846        1.0608153271337082        2.6741077752570486     
  0.28777777777777958        1.0614743378612106        2.7099657544779254     
  0.28888888888889069        1.0621502472174122        2.7467819347900897     
  0.29000000000000181        1.0628427587261304        2.7845408864647019     
  0.29111111111111293        1.0635515686289296        2.8232268378819327     
  0.29222222222222405        1.0642763660183601        2.8628236814930466     
  0.29333333333333517        1.0650168329743319        2.9033149797134450     
  0.29444444444444628        1.0657726447035658        2.9446839707358490     
  0.29555555555555740        1.0665434696820573        2.9869135742538386     
  0.29666666666666852        1.0673289698004949        3.0299863970865029     
  0.29777777777777964        1.0681288005125658        3.0738847386960018     
  0.29888888888889076        1.0689426109860847        3.1185905965906286     
  0.30000000000000188        1.0697700442568814        3.1640856716071233     
  0.30111111111111299        1.0706107373853764        3.2103513730665054     
  0.30222222222222411        1.0714643216157786        3.2573688237993204     
  0.30333333333333523        1.0723304225378330        3.3051188650366479     
  0.30444444444444635        1.0732086602510502        3.3535820611647456     
  0.30555555555555747        1.0740986495313436        3.4027387043419912     
  0.30666666666666859        1.0750000000000002        3.4525688189779631     
  0.30777777777777970        1.0759123162949145        3.5030521660757370     
  0.30888888888889082        1.0768351982440070        3.5541682474394438     
  0.31000000000000194        1.0777682410407539        3.6058963097504324     
  0.31111111111111306        1.0787110354217466        3.6582153485161881     
  0.31222222222222418        1.0796631678462101        3.7111041118979284     
  0.31333333333333530        1.0806242206773951        3.7645411044232402     
  0.31444444444444641        1.0815937723657663        3.8185045905915680     
  0.31555555555555753        1.0825713976339093        3.8729725983817245     
  0.31666666666666865        1.0835566676630710        3.9279229226711658     
  0.31777777777777977        1.0845491502812528        3.9833331285781743     
  0.31888888888889089        1.0855484101527766        4.0391805547393522     
  0.32000000000000201        1.0865540089692369        4.0954423165352196     
  0.32111111111111312        1.0875655056417575        4.1520953092784625     
  0.32222222222222424        1.0885824564944673        4.2091162113797669     
  0.32333333333333536        1.0896044154591122        4.2664814875074120     
  0.32444444444444648        1.0906309342707139        4.3241673917574612     
  0.32555555555555760        1.0916615626641950        4.3821499708526188     
  0.32666666666666871        1.0926958485718796        4.4404050673879789     
  0.32777777777777983        1.0937333383217849        4.4989083231432181     
  0.32888888888889095        1.0947735768366174        4.5576351824812287     
  0.33000000000000207        1.0958161078333843        4.6165608958535573     
  0.33111111111111319        1.0968604740235344        4.6756605234339803     
  0.33222222222222431        1.0979062173135401        4.7349089389018664     
  0.33333333333333542        1.0989528790058323        4.7942808333970657     
  0.33444444444444654        1.1000000000000001        4.8537507196689722     
  0.33555555555555766        1.1010471209941679        4.9132929364420832     
  0.33666666666666878        1.1020937826864601        4.9728816530209583     
  0.33777777777777990        1.1031395259764658        5.0324908741571681     
  0.33888888888889102        1.1041838921666161        5.0920944452012709     
  0.34000000000000213        1.1052264231633828        5.1516660575622319     
  0.34111111111111325        1.1062666616782153        5.2111792544969795     
  0.34222222222222437        1.1073041514281208        5.2706074372519343     
  0.34333333333333549        1.1083384373358054        5.3299238715785124     
  0.34444444444444661        1.1093690657292863        5.3891016946437835     
  0.34555555555555773        1.1103955845408882        5.4481139223567974     
  0.34666666666666884        1.1114175435055329        5.5069334571304100     
  0.34777777777777996        1.1124344943582429        5.5655330960979663     
  0.34888888888889108        1.1134459910307635        5.6238855398025276     
  0.35000000000000220        1.1144515898472238        5.6819634013761515     
  0.35111111111111332        1.1154508497187476        5.7397392162248027     
  0.35222222222222443        1.1164433323369294        5.7971854522336947     
  0.35333333333333555        1.1174286023660909        5.8542745205064834     
  0.35444444444444667        1.1184062276342341        5.9109787866498413     
  0.35555555555555779        1.1193757793226053        5.9672705826139323     
  0.35666666666666891        1.1203368321537901        6.0231222190972504     
  0.35777777777778003        1.1212889645782538        6.0785059985226777     
  0.35888888888889114        1.1222317589592465        6.1333942285895731     
  0.36000000000000226        1.1231648017559932        6.1877592364051344     
  0.36111111111111338        1.1240876837050859        6.2415733831957372     
  0.36222222222222450        1.1250000000000002        6.2948090795973100     
  0.36333333333333562        1.1259013504686566        6.3474388015211867     
  0.36444444444444674        1.1267913397489500        6.3994351065901025     
  0.36555555555555785        1.1276695774621674        6.4507706511362022     
  0.36666666666666897        1.1285356783842218        6.5014182077508558     
  0.36777777777778009        1.1293892626146238        6.5513506833738502     
  0.36888888888889121        1.1302299557431188        6.6005411379063830     
  0.37000000000000233        1.1310573890139157        6.6489628033308081     
  0.37111111111111345        1.1318711994874346        6.6965891033167386     
  0.37222222222222456        1.1326710301995053        6.7433936732912176     
  0.37333333333333568        1.1334565303179431        6.7893503809478597     
  0.37444444444444680        1.1342273552964346        6.8344333471675585     
  0.37555555555555792        1.1349831670256685        6.8786169673210322     
  0.37666666666666904        1.1357236339816403        6.9218759329208144     
  0.37777777777778015        1.1364484313710708        6.9641852535882816     
  0.37888888888889127        1.1371572412738700        7.0055202792989029     
  0.38000000000000239        1.1378497527825879        7.0458567228666453     
  0.38111111111111351        1.1385256621387896        7.0851706826267140     
  0.38222222222222463        1.1391846728662922        7.1234386652731869     
  0.38333333333333575        1.1398264959012099        7.1606376088071348     
  0.38444444444444686        1.1404508497187476        7.1967449055481314     
  0.38555555555555798        1.1410574604566854        7.2317384251611738     
  0.38666666666666910        1.1416460620355051        7.2655965376491816     
  0.38777777777778022        1.1422163962751009        7.2982981362601613     
  0.38888888888889134        1.1427682130080254        7.3298226602567604     
  0.39000000000000246        1.1433012701892220        7.3601501174952508     
  0.39111111111111357        1.1438153340021933        7.3892611067601290     
  0.39222222222222469        1.1443101789615608        7.4171368397997899     
  0.39333333333333581        1.1447855880119708        7.4437591630086093     
  0.39444444444444693        1.1452413526233012        7.4691105787004854     
  0.39555555555555805        1.1456772728821303        7.4931742659190608     
  0.39666666666666917        1.1460931575794251        7.5159341007297842     
  0.39777777777778028        1.1464888242944127        7.5373746759401188     
  0.39888888888889140        1.1468640994745947        7.5574813201940607     
  0.40000000000000252        1.1472188185118741        7.5762401163889814     
  0.40111111111111364        1.1475528258147578        7.5936379193631831     
  0.40222222222222476        1.1478659748766036        7.6096623728044328     
  0.40333333333333588        1.1481581283398830        7.6243019253311974     
  0.40444444444444699        1.1484291580564316        7.6375458457000311     
  0.40555555555555811        1.1486789451436581        7.6493842370946830     
  0.40666666666666923        1.1489073800366905        7.6598080504545880     
  0.40777777777778035        1.1491143625364346        7.6688090968031393     
  0.40888888888889147        1.1492998018535254        7.6763800585382453     
  0.41000000000000258        1.1494636166481496        7.6825144996507531     
  0.41111111111111370        1.1496057350657241        7.6872068748392417     
  0.41222222222222482        1.1497260947684138        7.6904525374926838     
  0.41333333333333594        1.1498246429624752        7.6922477465155588     
  0.41444444444444706        1.1499013364214137        7.6925896719736917     
  0.41555555555555818        1.1499561415049431        7.6914763995420552     
  0.41666666666666929        1.1499890341737424        7.6889069337396796     
  0.41777777777778041        1.1500000000000001        7.6848811999403193     
  0.41888888888889153        1.1499890341737424        7.6794000451508770     
  0.42000000000000265        1.1499561415049431        7.6724652375538307     
  0.42111111111111377        1.1499013364214137        7.6640794648130761     
  0.42222222222222489        1.1498246429624752        7.6542463311468127     
  0.42333333333333600        1.1497260947684138        7.6429703531742454     
  0.42444444444444712        1.1496057350657241        7.6302569545471615     
  0.42555555555555824        1.1494636166481496        7.6161124593806715     
  0.42666666666666936        1.1492998018535254        7.6005440845009762     
  0.42777777777778048        1.1491143625364346        7.5835599305318064     
  0.42888888888889160        1.1489073800366905        7.5651689718442006     
  0.43000000000000271        1.1486789451436581        7.5453810453978054     
  0.43111111111111383        1.1484291580564316        7.5242068385049796     
  0.43222222222222495        1.1481581283398830        7.5016578755519356     
  0.43333333333333607        1.1478659748766034        7.4777465037139264     
  0.43444444444444719        1.1475528258147578        7.4524858777045822     
  0.43555555555555830        1.1472188185118741        7.4258899436012884     
  0.43666666666666942        1.1468640994745947        7.3979734217916349     
  0.43777777777778054        1.1464888242944127        7.3687517890873453     
  0.43888888888889166        1.1460931575794251        7.3382412600545655     
  0.44000000000000278        1.1456772728821301        7.3064587676108248     
  0.44111111111111390        1.1452413526233010        7.2734219429405069     
  0.44222222222222501        1.1447855880119706        7.2391490947818813     
  0.44333333333333613        1.1443101789615608        7.2036591881401275     
  0.44444444444444725        1.1438153340021933        7.1669718224809964     
  0.44555555555555837        1.1433012701892220        7.1291072094610826     
  0.44666666666666949        1.1427682130080254        7.0900861502503059     
  0.44777777777778061        1.1422163962751009        7.0499300125030198     
  0.44888888888889172        1.1416460620355049        7.0086607070336466     
  0.45000000000000284        1.1410574604566852        6.9663006642526888     
  0.45111111111111396        1.1404508497187473        6.9228728104182498     
  0.45222222222222508        1.1398264959012099        6.8784005437580058     
  0.45333333333333620        1.1391846728662920        6.8329077105148359     
  0.45444444444444732        1.1385256621387894        6.7864185809693316     
  0.45555555555555843        1.1378497527825879        6.7389578254900604     
  0.45666666666666955        1.1371572412738697        6.6905504906617699     
  0.45777777777778067        1.1364484313710705        6.6412219755401569     
  0.45888888888889179        1.1357236339816401        6.5909980080793851     
  0.46000000000000291        1.1349831670256683        6.5399046217776053     
  0.46111111111111402        1.1342273552964344        6.4879681325831600     
  0.46222222222222514        1.1334565303179429        6.4352151161021176     
  0.46333333333333626        1.1326710301995053        6.3816723851459214     
  0.46444444444444738        1.1318711994874344        6.3273669676551725     
  0.46555555555555850        1.1310573890139155        6.2723260850337850     
  0.46666666666666962        1.1302299557431188        6.2165771309246391     
  0.46777777777778073        1.1293892626146236        6.1601476504560928     
  0.46888888888889185        1.1285356783842215        6.1030653199858342     
  0.47000000000000297        1.1276695774621672        6.0453579273658686     
  0.47111111111111409        1.1267913397489497        5.9870533527503671     
  0.47222222222222521        1.1259013504686566        5.9281795499652272     
  0.47333333333333633        1.1250000000000000        5.8687645284555172     
  0.47444444444444744        1.1240876837050857        5.8088363358250525     
  0.47555555555555856        1.1231648017559930        5.7484230409790440     
  0.47666666666666968        1.1222317589592463        5.6875527178790195     
  0.47777777777778080        1.1212889645782536        5.6262534299163871     
  0.47888888888889192        1.1203368321537899        5.5645532149088144     
  0.48000000000000304        1.1193757793226051        5.5024800707213037     
  0.48111111111111415        1.1184062276342339        5.4400619415114644     
  0.48222222222222527        1.1174286023660907        5.3773267045966993     
  0.48333333333333639        1.1164433323369292        5.3143021579385179     
  0.48444444444444751        1.1154508497187474        5.2510160082374959     
  0.48555555555555863        1.1144515898472236        5.1874958596305198     
  0.48666666666666974        1.1134459910307632        5.1237692029800446     
  0.48777777777778086        1.1124344943582427        5.0598634057434628     
  0.48888888888889198        1.1114175435055329        4.9958057024091165     
  0.49000000000000310        1.1103955845408879        4.9316231854840513     
  0.49111111111111422        1.1093690657292863        4.8673427970172432     
  0.49222222222222534        1.1083384373358049        4.8029913206405146     
  0.49333333333333645        1.1073041514281206        4.7385953741088267     
  0.49444444444444757        1.1062666616782153        4.6741814023197454     
  0.49555555555555869        1.1052264231633826        4.6097756707918203     
  0.49666666666666981        1.1041838921666156        4.5454042595802493     
  0.49777777777778093        1.1031395259764656        4.4810930576076249     
  0.49888888888889205        1.1020937826864599        4.4168677573869859     
  0.50000000000000311        1.1010471209941679        4.3527538501141176     
  0.50111111111111417        1.1000000000000001        4.2887766211052050     
  0.50222222222222523        1.0989528790058323        4.2249611455561542     
  0.50333333333333630        1.0979062173135401        4.1613322845993910     
  0.50444444444444736        1.0968604740235346        4.0979146816339744     
  0.50555555555555842        1.0958161078333843        4.0347327589048501     
  0.50666666666666949        1.0947735768366176        3.9718107143074288     
  0.50777777777778055        1.0937333383217851        3.9091725183931865     
  0.50888888888889161        1.0926958485718798        3.8468419115532924     
  0.51000000000000267        1.0916615626641952        3.7848424013565483     
  0.51111111111111374        1.0906309342707143        3.7231972600192758     
  0.51222222222222480        1.0896044154591127        3.6619295219845598     
  0.51333333333333586        1.0885824564944677        3.6010619815895510     
  0.51444444444444692        1.0875655056417579        3.5406171907995301     
  0.51555555555555799        1.0865540089692374        3.4806174569885004     
  0.51666666666666905        1.0855484101527773        3.4210848407469832     
  0.51777777777778011        1.0845491502812534        3.3620411536980277     
  0.51888888888889118        1.0835566676630717        3.3035079563039447     
  0.52000000000000224        1.0825713976339100        3.2455065556465499     
  0.52111111111111330        1.0815937723657669        3.1880580031653385     
  0.52222222222222436        1.0806242206773957        3.1311830923384059     
  0.52333333333333543        1.0796631678462110        3.0749023562924429     
  0.52444444444444649        1.0787110354217473        3.0192360653289403     
  0.52555555555555755        1.0777682410407547        2.9642042243549982     
  0.52666666666666861        1.0768351982440081        2.9098265702079535     
  0.52777777777777968        1.0759123162949153        2.8561225688647749     
  0.52888888888889074        1.0750000000000011        2.8031114125276790     
  0.53000000000000180        1.0740986495313447        2.7508120165789185     
  0.53111111111111287        1.0732086602510513        2.6992430163989516     
  0.53222222222222393        1.0723304225378341        2.6484227640431977     
  0.53333333333333499        1.0714643216157798        2.5983693247737345     
  0.53444444444444605        1.0706107373853777        2.5491004734436937     
  0.53555555555555712        1.0697700442568825        2.5006336907330566     
  0.53666666666666818        1.0689426109860858        2.4529861592358628     
  0.53777777777777924        1.0681288005125669        2.4061747593997116     
  0.53888888888889031        1.0673289698004962        2.3602160653200528     
  0.54000000000000137        1.0665434696820584        2.3151263403922688     
  0.54111111111111243        1.0657726447035669        2.2709215328261925     
  0.54222222222222349        1.0650168329743330        2.2276172710280404     
  0.54333333333333456        1.0642763660183612        2.1852288588567470     
  0.54444444444444562        1.0635515686289307        2.1437712707614054     
  0.54555555555555668        1.0628427587261318        2.1032591468087833     
  0.54666666666666774        1.0621502472174136        2.0637067876095005     
  0.54777777777777881        1.0614743378612119        2.0251281491533883     
  0.54888888888888987        1.0608153271337095        1.9875368375644267     
  0.55000000000000093        1.0601735040987916        1.9509461037871711     
  0.55111111111111200        1.0595491502812540        1.9153688382167018     
  0.55222222222222306        1.0589425395433163        1.8808175652850356     
  0.55333333333333412        1.0583539379644964        1.8473044380173169     
  0.55444444444444518        1.0577836037249007        1.8148412325720318     
  0.55555555555555625        1.0572317869919761        1.7834393427792516     
  0.55666666666666731        1.0566987298107795        1.7531097746920239     
  0.55777777777777837        1.0561846659978080        1.7238631411657330     
  0.55888888888888943        1.0556898210384404        1.6957096564810203     
  0.56000000000000050        1.0552144119880307        1.6686591310254626     
  0.56111111111111156        1.0547586473767003        1.6427209660499331     
  0.56222222222222262        1.0543227271178712        1.6179041485152210     
  0.56333333333333369        1.0539068424205762        1.5942172460444266     
  0.56444444444444475        1.0535111757055886        1.5716684019968561     
  0.56555555555555581        1.0531359005254066        1.5502653306786649     
  0.56666666666666687        1.0527811814881269        1.5300153127054550     
  0.56777777777777794        1.0524471741852433        1.5109251905317054     
  0.56888888888888900        1.0521340251233977        1.4930013641613924     
  0.57000000000000006        1.0518418716601181        1.4762497870538913     
  0.57111111111111112        1.0515708419435694        1.4606759622388845     
  0.57222222222222219        1.0513210548563428        1.4462849386529519     
  0.57333333333333325        1.0510926199633104        1.4330813077105036     
  0.57444444444444431        1.0508856374635662        1.4210692001205800     
  0.57555555555555538        1.0507001981464754        1.4102522829606523     
  0.57666666666666644        1.0505363833518513        1.4006337570175744     
  0.57777777777777750        1.0503942649342766        1.3922163544050703     
  0.57888888888888856        1.0502739052315868        1.3850023364664568     
  0.57999999999999963        1.0501753570375252        1.3789934919699891     
  0.58111111111111069        1.0500986635785867        1.3741911356038352     
  0.58222222222222175        1.0500438584950573        1.3705961067762678     
  0.58333333333333282        1.0500109658262580        1.3682087687259161     
  0.58444444444444388        1.0500000000000000        1.3670290079458056     
  0.58555555555555494        1.0500109658262577        1.3670562339240440     
  0.58666666666666600        1.0500438584950571        1.3682893792026414     
  0.58777777777777707        1.0500986635785863        1.3707268997553994     
  0.58888888888888813        1.0501753570375245        1.3743667756842795     
  0.58999999999999919        1.0502739052315859        1.3792065122329586     
  0.59111111111111025        1.0503942649342757        1.3852431411150021     
  0.59222222222222132        1.0505363833518500        1.3924732221532532     
  0.59333333333333238        1.0507001981464741        1.4008928452259823     
  0.59444444444444344        1.0508856374635649        1.4104976325141245     
  0.59555555555555451        1.0510926199633088        1.4212827410433722     
  0.59666666666666557        1.0513210548563410        1.4332428655137157     
  0.59777777777777663        1.0515708419435674        1.4463722414079931     
  0.59888888888888769        1.0518418716601159        1.4606646483704870     
  0.59999999999999876        1.0521340251233955        1.4761134138456511     
  0.60111111111110982        1.0524471741852410        1.4927114169659679     
  0.60222222222222088        1.0527811814881245        1.5104510926779084     
  0.60333333333333194        1.0531359005254040        1.5293244360934823     
  0.60444444444444301        1.0535111757055857        1.5493230070548616     
  0.60555555555555407        1.0539068424205733        1.5704379348988027     
  0.60666666666666513        1.0543227271178681        1.5926599234068448     
  0.60777777777777620        1.0547586473766970        1.6159792559274406     
  0.60888888888888726        1.0552144119880271        1.6403858006549770     
  0.60999999999999832        1.0556898210384371        1.6658690160511997     
  0.61111111111110938        1.0561846659978045        1.6924179563933908     
  0.61222222222222045        1.0566987298107755        1.7200212774346759     
  0.61333333333333151        1.0572317869919721        1.7486672421602376     
  0.61444444444444257        1.0577836037248964        1.7783437266245901     
  0.61555555555555364        1.0583539379644922        1.8090382258541911     
  0.61666666666666470        1.0589425395433119        1.8407378598000490     
  0.61777777777777576        1.0595491502812495        1.8734293793253192     
  0.61888888888888682        1.0601735040987870        1.9070991722128527     
  0.61999999999999789        1.0608153271337046        1.9417332691780271     
  0.62111111111110895        1.0614743378612070        1.9773173498727368     
  0.62222222222222001        1.0621502472174087        2.0138367488666136     
  0.62333333333333107        1.0628427587261267        2.0512764615921388     
  0.62444444444444214        1.0635515686289256        2.0896211502410011     
  0.62555555555555320        1.0642763660183558        2.1288551495993273     
  0.62666666666666426        1.0650168329743277        2.1689624728104433     
  0.62777777777777533        1.0657726447035614        2.2099268170542898     
  0.62888888888888639        1.0665434696820528        2.2517315691336051     
  0.62999999999999745        1.0673289698004902        2.2943598109574634     
  0.63111111111110851        1.0681288005125609        2.3377943249141828     
  0.63222222222221958        1.0689426109860798        2.3820175991256969     
  0.63333333333333064        1.0697700442568765        2.4270118325774819     
  0.63444444444444170        1.0706107373853715        2.4727589401180516     
  0.63555555555555276        1.0714643216157733        2.5192405573238577     
  0.63666666666666383        1.0723304225378276        2.5664380452260267     
  0.63777777777777489        1.0732086602510449        2.6143324948965092     
  0.63888888888888595        1.0740986495313380        2.6629047318925294     
  0.63999999999999702        1.0749999999999946        2.7121353205590224     
  0.64111111111110808        1.0759123162949087        2.7620045681900511     
  0.64222222222221914        1.0768351982440012        2.8124925290513074     
  0.64333333333333020        1.0777682410407479        2.8635790082669397     
  0.64444444444444127        1.0787110354217404        2.9152435655750160     
  0.64555555555555233        1.0796631678462039        2.9674655189572077     
  0.64666666666666339        1.0806242206773888        3.0202239481493702     
  0.64777777777777446        1.0815937723657598        3.0734976980406730     
  0.64888888888888552        1.0825713976339029        3.1272653819705272     
  0.64999999999999658        1.0835566676630644        3.1815053849328643     
  0.65111111111110764        1.0845491502812461        3.2361958666993544     
  0.65222222222221871        1.0855484101527697        3.2913147648734231     
  0.65333333333332977        1.0865540089692300        3.3468397978884465     
  0.65444444444444083        1.0875655056417506        3.4027484679642579     
  0.65555555555555189        1.0885824564944604        3.4590180640372217     
  0.65666666666666296        1.0896044154591051        3.5156256646800528     
  0.65777777777777402        1.0906309342707068        3.5725481410281881     
  0.65888888888888508        1.0916615626641877        3.6297621597308476     
  0.65999999999999615        1.0926958485718723        3.6872441859452563     
  0.66111111111110721        1.0937333383217775        3.7449704863933952     
  0.66222222222221827        1.0947735768366100        3.8029171325015949     
  0.66333333333332933        1.0958161078333768        3.8610600036432183     
  0.66444444444444040        1.0968604740235268        3.9193747905062031     
  0.66555555555555146        1.0979062173135326        3.9778369986066591     
  0.66666666666666252        1.0989528790058245        4.0364219519710014     
  0.66777777777777358        1.0999999999999923        4.0951047970089673     
  0.66888888888888465        1.1010471209941601        4.1538605066000507     
  0.66999999999999571        1.1020937826864523        4.2126638844164841     
  0.67111111111110677        1.1031395259764578        4.2714895695054711     
  0.67222222222221784        1.1041838921666081        4.3303120411538041     
  0.67333333333332890        1.1052264231633748        4.3891056240573763     
  0.67444444444443996        1.1062666616782073        4.4478444938186188     
  0.67555555555555102        1.1073041514281126        4.5065026827937302     
  0.67666666666666209        1.1083384373357972        4.5650540863119922     
  0.67777777777777315        1.1093690657292783        4.6234724692882425     
  0.67888888888888421        1.1103955845408799        4.6817314732495197     
  0.67999999999999527        1.1114175435055249        4.7398046237959433     
  0.68111111111110634        1.1124344943582347        4.7976653385148360     
  0.68222222222221740        1.1134459910307553        4.8552869353667738     
  0.68333333333332846        1.1144515898472156        4.9126426415605318     
  0.68444444444443953        1.1154508497187394        4.9697056029331694     
  0.68555555555555059        1.1164433323369212        5.0264488938502190     
  0.68666666666666165        1.1174286023660829        5.0828455276393161     
  0.68777777777777271        1.1184062276342259        5.1388684675693908     
  0.68888888888888378        1.1193757793225971        5.1944906383860454     
  0.68999999999999484        1.1203368321537821        5.2496849384116162     
  0.69111111111110590        1.1212889645782458        5.3044242522171725     
  0.69222222222221697        1.1222317589592385        5.3586814638717026     
  0.69333333333332803        1.1231648017559852        5.4124294707714329     
  0.69444444444443909        1.1240876837050779        5.4656411980508350     
  0.69555555555555015        1.1249999999999922        5.5182896135739838     
  0.69666666666666122        1.1259013504686488        5.5703477435036497     
  0.69777777777777228        1.1267913397489422        5.6217886884423560     
  0.69888888888888334        1.1276695774621597        5.6725856401379744     
  0.69999999999999440        1.1285356783842142        5.7227118987438299     
  0.70111111111110547        1.1293892626146163        5.7721408906207179     
  0.70222222222221653        1.1302299557431115        5.8208461866663193     
  0.70333333333332759        1.1310573890139082        5.8688015211542197     
  0.70444444444443866        1.1318711994874273        5.9159808110632790     
  0.70555555555554972        1.1326710301994982        5.9623581758746056     
  0.70666666666666078        1.1334565303179360        6.0079079578118062     
  0.70777777777777184        1.1342273552964275        6.0526047424970031     
  0.70888888888888291        1.1349831670256614        6.0964233799932463     
  0.70999999999999397        1.1357236339816335        6.1393390062012099     
  0.71111111111110503        1.1364484313710639        6.1813270645759033     
  0.71222222222221609        1.1371572412738633        6.2223633281268871     
  0.71333333333332716        1.1378497527825815        6.2624239216631201     
  0.71444444444443822        1.1385256621387834        6.3014853442417849     
  0.71555555555554928        1.1391846728662860        6.3395244917780555     
  0.71666666666666035        1.1398264959012039        6.3765186797713485     
  0.71777777777777141        1.1404508497187416        6.4124456661014024     
  0.71888888888888247        1.1410574604566794        6.4472836738462762     
  0.71999999999999353        1.1416460620354993        6.4810114140727091     
  0.72111111111110460        1.1422163962750953        6.5136081085480315     
  0.72222222222221566        1.1427682130080201        6.5450535123216422     
  0.72333333333332672        1.1433012701892169        6.5753279361233199     
  0.72444444444443779        1.1438153340021884        6.6044122685244364     
  0.72555555555554885        1.1443101789615560        6.6322879978081195     
  0.72666666666665991        1.1447855880119662        6.6589372334935675     
  0.72777777777777097        1.1452413526232965        6.6843427274597707     
  0.72888888888888204        1.1456772728821258        6.7084878946141417     
  0.72999999999999310        1.1460931575794211        6.7313568330512190     
  0.73111111111110416        1.1464888242944087        6.7529343436478486     
  0.73222222222221522        1.1468640994745909        6.7732059490414800     
  0.73333333333332629        1.1472188185118706        6.7921579119390962     
  0.73444444444443735        1.1475528258147545        6.8097772527059082     
  0.73555555555554841        1.1478659748766002        6.8260517661837907     
  0.73666666666665948        1.1481581283398801        6.8409700376913838     
  0.73777777777777054        1.1484291580564290        6.8545214581594021     
  0.73888888888888160        1.1486789451436556        6.8666962383568402     
  0.73999999999999266        1.1489073800366880        6.8774854221657797     
  0.74111111111110373        1.1491143625364324        6.8868808988651367     
  0.74222222222221479        1.1492998018535234        6.8948754143860560     
  0.74333333333332585        1.1494636166481478        6.9014625815045525     
  0.74444444444443691        1.1496057350657225        6.9066368889399454     
  0.74555555555554798        1.1497260947684125        6.9103937093303216     
  0.74666666666665904        1.1498246429624743        6.9127293060602648     
  0.74777777777777010        1.1499013364214130        6.9136408389183650     
  0.74888888888888117        1.1499561415049426        6.9131263685662816     
  0.74999999999999223        1.1499890341737422        6.9111848598043819     
  0.75111111111110329        1.1500000000000001        6.9078161836222804     
  0.75222222222221435        1.1499890341737427        6.9030211180267562     
  0.75333333333332542        1.1499561415049435        6.8968013476427208     
  0.75444444444443648        1.1499013364214143        6.8891594620870684     
  0.75555555555554754        1.1498246429624763        6.8800989531185603     
  0.75666666666665860        1.1497260947684149        6.8696242105707759     
  0.75777777777776967        1.1496057350657254        6.8577405170790087     
  0.75888888888888073        1.1494636166481513        6.8444540416150774     
  0.75999999999999179        1.1492998018535274        6.8297718318482321     
  0.76111111111110286        1.1491143625364368        6.8137018053533307     
  0.76222222222221392        1.1489073800366929        6.7962527396911048     
  0.76333333333332498        1.1486789451436610        6.7774342613883922     
  0.76444444444443604        1.1484291580564348        6.7572568338495014     
  0.76555555555554711        1.1481581283398863        6.7357317442329343     
  0.76666666666665817        1.1478659748766069        6.7128710893303758     
  0.76777777777776923        1.1475528258147616        6.6886877604873982     
  0.76888888888888030        1.1472188185118783        6.6631954276084109     
  0.76999999999999136        1.1468640994745991        6.6364085222899645     
  0.77111111111110242        1.1464888242944173        6.6083422201292192     
  0.77222222222221348        1.1460931575794300        6.5790124222559019     
  0.77333333333332455        1.1456772728821352        6.5484357361379448     
  0.77444444444443561        1.1452413526233065        6.5166294557126720     
  0.77555555555554667        1.1447855880119764        6.4836115408960469     
  0.77666666666665773        1.1443101789615668        6.4494005965245202     
  0.77777777777776880        1.1438153340021995        6.4140158507836755     
  0.77888888888887986        1.1433012701892284        6.3774771331795206     
  0.77999999999999092        1.1427682130080321        6.3398048521079176     
  0.78111111111110199        1.1422163962751077        6.3010199720779925     
  0.78222222222221305        1.1416460620355122        6.2611439906457251     
  0.78333333333332411        1.1410574604566928        6.2201989151127437     
  0.78444444444443517        1.1404508497187553        6.1782072390457863     
  0.78555555555554624        1.1398264959012179        6.1351919186710022     
  0.78666666666665730        1.1391846728663004        6.0911763491965871     
  0.78777777777776836        1.1385256621387980        6.0461843411160787     
  0.78888888888887942        1.1378497527825966        6.0002400965436760     
  0.78999999999999049        1.1371572412738788        5.9533681856309917     
  0.79111111111110155        1.1364484313710799        5.9055935231136250     
  0.79222222222221261        1.1357236339816497        5.8569413450339285     
  0.79333333333332368        1.1349831670256780        5.8074371856844307     
  0.79444444444443474        1.1342273552964446        5.7571068548145830     
  0.79555555555554580        1.1334565303179531        5.7059764151413379     
  0.79666666666665686        1.1326710301995158        5.6540721602018822     
  0.79777777777776793        1.1318711994874453        5.6014205925843710     
  0.79888888888887899        1.1310573890139264        5.5480484025705072     
  0.79999999999999005        1.1302299557431299        5.4939824472212822     
  0.80111111111110112        1.1293892626146351        5.4392497299343736     
  0.80222222222221218        1.1285356783842333        5.3838773804997606     
  0.80333333333332324        1.1276695774621790        5.3278926356772205     
  0.80444444444443430        1.1267913397489617        5.2713228203169793     
  0.80555555555554537        1.1259013504686688        5.2141953290419742     
  0.80666666666665643        1.1250000000000124        5.1565376085081311     
  0.80777777777776749        1.1240876837050984        5.0983771402561970     
  0.80888888888887855        1.1231648017560059        5.0397414241660741     
  0.80999999999998962        1.1222317589592594        4.9806579625226117     
  0.81111111111110068        1.1212889645782667        4.9211542446988394     
  0.81222222222221174        1.1203368321538032        4.8612577324608832     
  0.81333333333332281        1.1193757793226187        4.8009958458957724     
  0.81444444444443387        1.1184062276342475        4.7403959499619388     
  0.81555555555554493        1.1174286023661046        4.6794853416595794     
  0.81666666666665599        1.1164433323369432        4.6182912378158294     
  0.81777777777776706        1.1154508497187614        4.5568407634785144     
  0.81888888888887812        1.1144515898472378        4.4951609409093045     
  0.81999999999998918        1.1134459910307777        4.4332786791662908     
  0.82111111111110024        1.1124344943582571        4.3712207642635947     
  0.82222222222221131        1.1114175435055473        4.3090138498947299     
  0.82333333333332237        1.1103955845409028        4.2466844487041362     
  0.82444444444443343        1.1093690657293012        4.1842589240907655     
  0.82555555555554450        1.1083384373358200        4.1217634825260063     
  0.82666666666665556        1.1073041514281357        4.0592241663667128     
  0.82777777777776662        1.1062666616782304        3.9966668471439477     
  0.82888888888887768        1.1052264231633979        3.9341172193062937     
  0.82999999999998875        1.1041838921666312        3.8716007943962931     
  0.83111111111109981        1.1031395259764811        3.8091428956376503     
  0.83222222222221087        1.1020937826864754        3.7467686529103355     
  0.83333333333332194        1.1010471209941834        3.6845029980903079     
  0.83444444444443300        1.1000000000000156        3.6223706607299362     
  0.83555555555554406        1.0989528790058478        3.5603961640553172     
  0.83666666666665512        1.0979062173135556        3.4986038212561827     
  0.83777777777776619        1.0968604740235501        3.4370177320442710     
  0.83888888888887725        1.0958161078334001        3.3756617794557213     
  0.83999999999998831        1.0947735768366331        3.3145596268736233     
  0.84111111111109937        1.0937333383218006        3.2537347152467517     
  0.84222222222221044        1.0926958485718952        3.1932102604806691     
  0.84333333333332150        1.0916615626642108        3.1330092509782959     
  0.84444444444443256        1.0906309342707297        3.0731544453067601     
  0.84555555555554363        1.0896044154591278        3.0136683699686273     
  0.84666666666665469        1.0885824564944830        2.9545733172555222     
  0.84777777777776575        1.0875655056417730        2.8958913431632443     
  0.84888888888887681        1.0865540089692525        2.8376442653480880     
  0.84999999999998788        1.0855484101527921        2.7798536611048021     
  0.85111111111109894        1.0845491502812683        2.7225408653474892     
  0.85222222222221000        1.0835566676630863        2.6657269685756990     
  0.85333333333332106        1.0825713976339246        2.6094328148087831     
  0.85444444444443213        1.0815937723657816        2.5536789994726470     
  0.85555555555554319        1.0806242206774102        2.4984858672239789     
  0.85666666666665425        1.0796631678462252        2.4438735096982671     
  0.85777777777776532        1.0787110354217615        2.3898617631686596     
  0.85888888888887638        1.0777682410407687        2.3364702061041194     
  0.85999999999998744        1.0768351982440216        2.2837181566163500     
  0.86111111111109850        1.0759123162949289        2.2316246697862847     
  0.86222222222220957        1.0750000000000146        2.1802085348614906     
  0.86333333333332063        1.0740986495313580        2.1294882723180040     
  0.86444444444443169        1.0732086602510644        2.0794821307803435     
  0.86555555555554275        1.0723304225378469        2.0302080837953365     
  0.86666666666665382        1.0714643216157924        1.9816838264558574     
  0.86777777777776488        1.0706107373853904        1.9339267718727575     
  0.86888888888887594        1.0697700442568949        1.8869540474931914     
  0.86999999999998701        1.0689426109860980        1.8407824912660360     
  0.87111111111109807        1.0681288005125789        1.7954286476548993     
  0.87222222222220913        1.0673289698005080        1.7509087635015101     
  0.87333333333332019        1.0665434696820701        1.7072387837426286     
  0.87444444444443126        1.0657726447035782        1.6644343469849463     
  0.87555555555554232        1.0650168329743441        1.6225107809435746     
  0.87666666666665338        1.0642763660183721        1.5814830977504195     
  0.87777777777776445        1.0635515686289414        1.5413659891401399     
  0.87888888888887551        1.0628427587261422        1.5021738215219314     
  0.87999999999998657        1.0621502472174238        1.4639206309464916     
  0.88111111111109763        1.0614743378612219        1.4266201179782956     
  0.88222222222220870        1.0608153271337191        1.3902856424840104     
  0.88333333333331976        1.0601735040988010        1.3549302183488419     
  0.88444444444443082        1.0595491502812633        1.3205665081330902     
  0.88555555555554188        1.0589425395433252        1.2872068176817926     
  0.88666666666665295        1.0583539379645051        1.2548630907012213     
  0.88777777777776401        1.0577836037249091        1.2235469033160775     
  0.88888888888887507        1.0572317869919841        1.1932694586218469     
  0.88999999999998614        1.0566987298107873        1.1640415812475506     
  0.89111111111109720        1.0561846659978156        1.1358737119434361     
  0.89222222222220826        1.0556898210384478        1.1087759022098305     
  0.89333333333331932        1.0552144119880376        1.0827578089819563     
  0.89444444444443039        1.0547586473767070        1.0578286893871385     
  0.89555555555554145        1.0543227271178774        1.0339973955896340     
  0.89666666666665251        1.0539068424205822        1.0112723697391863     
  0.89777777777776357        1.0535111757055944       0.98966163903860382     
  0.89888888888887464        1.0531359005254119       0.96917281094615115     
  0.89999999999998570        1.0527811814881320       0.94981306852773395     
  0.90111111111109676        1.0524471741852481       0.93158916597393360     
  0.90222222222220783        1.0521340251234022       0.91450742429628640     
  0.90333333333331889        1.0518418716601223       0.89857372721721129     
  0.90444444444442995        1.0515708419435732       0.88379351726681810     
  0.90555555555554101        1.0513210548563463       0.87017179210003603     
  0.90666666666665208        1.0510926199633137       0.85771310104622478     
  0.90777777777776314        1.0508856374635691       0.84642154190315144     
  0.90888888888887420        1.0507001981464781       0.83630075798644143     
  0.90999999999998527        1.0505363833518535       0.82735393544461922     
  0.91111111111109633        1.0503942649342786       0.81958380084936799     
  0.91222222222220739        1.0502739052315884       0.81299261906947407     
  0.91333333333331845        1.0501753570375265       0.80758219143621035     
  0.91444444444442952        1.0500986635785878       0.80335385420687211     
  0.91555555555554058        1.0500438584950580       0.80030847733232757     
  0.91666666666665164        1.0500109658262582       0.79844646353332260     
  0.91777777777776270        1.0500000000000000       0.79776774768939207     
  0.91888888888887377        1.0500109658262573       0.79827179654301206     
  0.91999999999998483        1.0500438584950564       0.79995760872093591     
  0.92111111111109589        1.0500986635785852       0.80282371507313832     
  0.92222222222220696        1.0501753570375232       0.80686817932927191     
  0.92333333333331802        1.0502739052315844       0.81208859907088038     
  0.92444444444442908        1.0503942649342737       0.81848210701721114     
  0.92555555555554014        1.0505363833518477       0.82604537262097211     
  0.92666666666665121        1.0507001981464716       0.83477460396963221     
  0.92777777777776227        1.0508856374635620       0.84466554998652910     
  0.92888888888887333        1.0510926199633057       0.85571350292574699     
  0.92999999999998439        1.0513210548563374       0.86791330115293153     
  0.93111111111109546        1.0515708419435637       0.88125933220406771     
  0.93222222222220652        1.0518418716601117       0.89574553611279750     
  0.93333333333331758        1.0521340251233908       0.91136540899662410     
  0.93444444444442865        1.0524471741852361       0.92811200689081497     
  0.93555555555553971        1.0527811814881194       0.94597794981896310     
  0.93666666666665077        1.0531359005253984       0.96495542608773854     
  0.93777777777776183        1.0535111757055799       0.98503619679317078     
  0.93888888888887290        1.0539068424205671        1.0062116005251245     
  0.93999999999998396        1.0543227271178617        1.0284725582560992     
  0.94111111111109502        1.0547586473766903        1.0518095784000838     
  0.94222222222220609        1.0552144119880202        1.0762127620268609     
  0.94333333333331715        1.0556898210384298        1.1016718082166579     
  0.94444444444442821        1.0561846659977969        1.1281760195401294     
  0.94555555555553927        1.0566987298107677        1.1557143076481307     
  0.94666666666665034        1.0572317869919641        1.1842751989558775     
  0.94777777777776140        1.0577836037248882        1.2138468404059195     
  0.94888888888887246        1.0583539379644835        1.2444170052945025     
  0.94999999999998352        1.0589425395433030        1.2759730991458478     
  0.95111111111109459        1.0595491502812404        1.3085021656191356     
  0.95222222222220565        1.0601735040987776        1.3419908924332686     
  0.95333333333331671        1.0608153271336951        1.3764256172946532     
  0.95444444444442778        1.0614743378611973        1.4117923338136993     
  0.95555555555553884        1.0621502472173985        1.4480766973961747     
  0.95666666666664990        1.0628427587261162        1.4852640310959986     
  0.95777777777776096        1.0635515686289150        1.5233393314165942     
  0.95888888888887203        1.0642763660183450        1.5622872740486591     
  0.95999999999998309        1.0650168329743166        1.6020922195327676     
  0.96111111111109415        1.0657726447035500        1.6427382188357966     
  0.96222222222220521        1.0665434696820411        1.6842090188314847     
  0.96333333333331628        1.0673289698004786        1.7264880676754670     
  0.96444444444442734        1.0681288005125491        1.7695585200665995     
  0.96555555555553840        1.0689426109860676        1.8134032423872186     
  0.96666666666664947        1.0697700442568641        1.8580048177155724     
  0.96777777777776053        1.0706107373853588        1.9033455507050061     
  0.96888888888887159        1.0714643216157607        1.9494074723254087     
  0.96999999999998265        1.0723304225378147        1.9961723444633639     
  0.97111111111109372        1.0732086602510318        2.0436216643786724     
  0.97222222222220478        1.0740986495313247        2.0917366690158805     
  0.97333333333331584        1.0749999999999811        2.1404983391706089     
  0.97444444444442690        1.0759123162948949        2.1898874035116362     
  0.97555555555553797        1.0768351982439874        2.2398843424608801     
  0.97666666666664903        1.0777682410407339        2.2904693919342280     
  0.97777777777776009        1.0787110354217262        2.3416225469479444     
  0.97888888888887116        1.0796631678461899        2.3933235650958968     
  0.97999999999998222        1.0806242206773744        2.4455519699042116     
  0.98111111111109328        1.0815937723657454        2.4982870540715814     
  0.98222222222220434        1.0825713976338884        2.5515078826035795     
  0.98333333333331541        1.0835566676630497        2.6051932958513877     
  0.98444444444442647        1.0845491502812312        2.6593219124659986     
  0.98555555555553753        1.0855484101527548        2.7138721322800627     
  0.98666666666664860        1.0865540089692149        2.7688221391305468     
  0.98777777777775966        1.0875655056417353        2.8241499036366182     
  0.98888888888887072        1.0885824564944451        2.8798331859478687     
  0.98999999999998178        1.0896044154590898        2.9358495384790513     
  0.99111111111109285        1.0906309342706915        2.9921763086484936     
  0.99222222222220391        1.0916615626641724        3.0487906416378676     
  0.99333333333331497        1.0926958485718570        3.1056694831924432     
  0.99444444444442603        1.0937333383217622        3.1627895824806229     
  0.99555555555553710        1.0947735768365945        3.2201274950336916     
  0.99666666666664816        1.0958161078333613        3.2776595857858188     
  0.99777777777775922        1.0968604740235113        3.3353620322360054     
  0.99888888888887029        1.0979062173135170        3.3932108277537671     
  0.99999999999998135        1.0989528790058090        3.4511817850504980     
