   1.0000000000000000        1.1000000000000001        1.0880017449114716E-003
   2.0000000000000000        1.0672730811221229        6.7829199554151232E-004
   3.0000000000000000        1.0505150150633273        4.8945739863182687E-004
   4.0000000000000000        1.0579027735522126        5.7100834008698854E-004
   5.0000000000000000        1.0858315556473814        9.0380925512102467E-004
   6.0000000000000000        1.1206737231236916        1.3761589182344966E-003
   7.0000000000000000        1.1454283035893384        1.7527521041099427E-003
   8.0000000000000000        1.1480164865227176        1.7941777211773868E-003
   9.0000000000000000        1.1271753876155284        1.4716771466560521E-003
   10.000000000000000        1.0930742636270732        9.9664130043320407E-004
   11.000000000000000        1.0623525003798568        6.2141343770966205E-004
   12.000000000000000        1.0500005501496956        4.8387675083255054E-004
   13.000000000000000        1.0620454537357262        6.1790398759851127E-004
   14.000000000000000        1.0926099914291265        9.9060791379837671E-004
   15.000000000000000        1.1267804279752374        1.4658065869407680E-003
   16.000000000000000        1.1478835570124861        1.7920404603337513E-003
   17.000000000000000        1.1456222661597357        1.7558429185672798E-003
   18.000000000000000        1.1210999352049664        1.3823477522813608E-003
   19.000000000000000        1.0862820502717512        9.0950337108079249E-004
   20.000000000000000        1.0581577352735201        5.7387020472592217E-004
   21.000000000000000        1.0504500372350136        4.8875185027016325E-004
   22.000000000000000        1.0669198691855193        6.7416896197538742E-004
   23.000000000000000        1.0995309010499275        1.0817328982910815E-003
   24.000000000000000        1.1323708262030341        1.5497268172556230E-003
   25.000000000000000        1.1494156512687321        1.8167371500709024E-003
   26.000000000000000        1.1423484826252714        1.7039708854274754E-003
   27.000000000000000        1.1146176918227897        1.2893161786671902E-003
   28.000000000000000        1.0797543087303805        8.2802223911447907E-004
   29.000000000000000        1.0547696577378418        5.3609929941862559E-004
   30.000000000000000        1.0518548105446819        5.0405063578647861E-004
   31.000000000000000        1.0724320448148021        7.3922531369915068E-004
   32.000000000000000        1.1064608545476531        1.1755470160522352E-003
   33.000000000000000        1.1373371391125715        1.6257803648847210E-003
   34.000000000000000        1.1499950487253594        1.8261130401819225E-003
   35.000000000000000        1.1382582520195272        1.6400427285027195E-003
   36.000000000000000        1.1078536302775190        1.1947153951237120E-003
   37.000000000000000        1.0736168889699362        7.5340903771950896E-004
   38.000000000000000        1.0522535873738121        5.0841089361586462E-004
   39.000000000000000        1.0541877870999077        5.2966874772896442E-004
   40.000000000000000        1.0784757100045341        8.1231957675538112E-004
   41.000000000000000        1.1132662475988802        1.2702141586082457E-003
   42.000000000000000        1.1415836199023475        1.6919423559230468E-003
   43.000000000000000        1.1496105790332685        1.8198892746554411E-003
   44.000000000000000        1.1334304309239682        1.5658343735684384E-003
   45.000000000000000        1.1009381566084295        1.1005742820230197E-003
   46.000000000000000        1.0679881158634741        6.8665766306952878E-004
   47.000000000000000        1.0506580321367851        4.9101103608172405E-004
   48.000000000000000        1.0574039888559845        5.6541883740060452E-004
   49.000000000000000        1.0849343474104265        8.9250025016776287E-004
   50.000000000000000        1.1198158773236073        1.3637333364900049E-003
   51.000000000000000        1.1450283996034383        1.7463865769465493E-003
   52.000000000000000        1.1482696544812203        1.7982510848780218E-003
   53.000000000000000        1.1279580961266522        1.4833372312353054E-003
   54.000000000000000        1.0940045959873277        1.0087655878236968E-003
   55.000000000000000        1.0629765079413898        6.2856001536553590E-004
   56.000000000000000        1.0500137531370335        4.8401981079945809E-004
   57.000000000000000        1.0614414098529517        6.1101353648170638E-004
   58.000000000000000        1.0916834393253498        9.7860102218831190E-004
   59.000000000000000        1.1259834717482713        1.4539877780904069E-003
   60.000000000000000        1.1476050654338041        1.7875662175292995E-003
   61.000000000000000        1.1459981270917790        1.7618386071901991E-003
   62.000000000000000        1.1219467501407199        1.3946741694006305E-003
   63.000000000000000        1.0871866222659849        9.2096880644341474E-004
   64.000000000000000        1.0586786852529482        5.7972760163682731E-004
   65.000000000000000        1.0503331715928921        4.8748340017807431E-004
   66.000000000000000        1.0662222116268323        6.6604351934743773E-004
   67.000000000000000        1.0985928683101021        1.0692327418069336E-003
   68.000000000000000        1.1316501242752435        1.5388078604720230E-003
   69.000000000000000        1.1492639412065633        1.8142854468928158E-003
   70.000000000000000        1.1428397902111300        1.7117154221490956E-003
   71.000000000000000        1.1155122872364676        1.3020163629274592E-003
   72.000000000000000        1.0806156808899732        8.3864818038762899E-004
   73.000000000000000        1.0551775066098397        5.4061645430697404E-004
   74.000000000000000        1.0516101293544846        5.0137907335460075E-004
   75.000000000000000        1.0716542239028435        7.2995262865232623E-004
   76.000000000000000        1.1055294257414381        1.1627868562632266E-003
   77.000000000000000        1.1367065860724295        1.6160453096467479E-003
   78.000000000000000        1.1499730450378767        1.8257566094751422E-003
   79.000000000000000        1.1388555342174871        1.6493172439578715E-003
   80.000000000000000        1.1087787590192866        1.2075060883029412E-003
   81.000000000000000        1.0744184546888180        7.6304486911906041E-004
   82.000000000000000        1.0525404721197069        5.1155246704885594E-004
   83.000000000000000        1.0538200076312079        5.2561270477920945E-004
   84.000000000000000        1.0776327215378336        8.0201250431074654E-004
   85.000000000000000        1.1123593799912319        1.2574524673274962E-003
   86.000000000000000        1.1410553723430936        1.6836548739273701E-003
   87.000000000000000        1.1497187059338450        1.8216387378109018E-003
   88.000000000000000        1.1341221725842898        1.5763846508974535E-003
   89.000000000000000        1.1018759829049387        1.1131896388540553E-003
   90.000000000000000        1.0687144215487556        6.9518138901775118E-004
   91.000000000000000        1.0508184218319974        4.9275456921888240E-004
   92.000000000000000        1.0569202016285697        5.6000901879577048E-004
   93.000000000000000        1.0840424435730265        8.8129952455813954E-004
   94.000000000000000        1.1189510546268382        1.3512483079369377E-003
   95.000000000000000        1.1446126417404066        1.7397786621972224E-003
   96.000000000000000        1.1485058273641631        1.8020544244229809E-003
   97.000000000000000        1.1287309609742049        1.4948848179442893E-003
   98.000000000000000        1.0949370392432360        1.0209633507418448E-003
   99.000000000000000        1.0636135509546802        6.3587576355356970E-004
   100.00000000000000        1.0500445555883318        4.8435360101086789E-004
   101.00000000000000        1.0608509419145724        6.0429534351017964E-004
   102.00000000000000        1.0907598153614317        9.6667707602174086E-004
   103.00000000000000        1.1251773671027840        1.4420698509739255E-003
   104.00000000000000        1.1473098127746471        1.7828276967249783E-003
   105.00000000000000        1.1463577927205393        1.7675837418747000E-003
   106.00000000000000        1.1227858379330096        1.4069277931186555E-003
   107.00000000000000        1.0880957056783218        9.3253442715472549E-004
   108.00000000000000        1.0592141838937561        5.8576244595111694E-004
   109.00000000000000        1.0502337929511114        4.8640526959688369E-004
   110.00000000000000        1.0655364467607757        6.5808023254414075E-004
   111.00000000000000        1.0976553310105384        1.0567861760662025E-003
   112.00000000000000        1.1309182787712089        1.5277504917297184E-003
   113.00000000000000        1.1490948859964722        1.8115550458636868E-003
   114.00000000000000        1.1433160145043819        1.7192356845859625E-003
   115.00000000000000        1.1164014209780557        1.3146829156902857E-003
   116.00000000000000        1.0814838780046758        8.4939693067541617E-004
   117.00000000000000        1.0556011368635385        5.4531696386111962E-004
   118.00000000000000        1.0513824855682317        4.9889612892362479E-004
   119.00000000000000        1.0708863831380471        7.2082885369620657E-004
   120.00000000000000        1.1045960501127365        1.1500472204026553E-003
   121.00000000000000        1.1360631091487892        1.6061344232751412E-003
   122.00000000000000        1.1499334465344833        1.8251152383817997E-003
   123.00000000000000        1.1394391359175884        1.6583993399105854E-003
   124.00000000000000        1.1097007968933119        1.2203005424406338E-003
   125.00000000000000        1.0752290273047296        7.7282213180382647E-004
   126.00000000000000        1.0528440667085623        5.1488135851796468E-004
   127.00000000000000        1.0534684875013018        5.2174210845298493E-004
   128.00000000000000        1.0767976082742641        7.9183752808097076E-004
   129.00000000000000        1.1114481608061595        1.2446751035473148E-003
   130.00000000000000        1.1405126697605001        1.6751575620754535E-003
   131.00000000000000        1.1498093275686689        1.8231055050619653E-003
   132.00000000000000        1.1348019002927547        1.5867785033608706E-003
   133.00000000000000        1.1028131486997172        1.1258433921183470E-003
   134.00000000000000        1.0694517424521006        7.0386143006815488E-004
   135.00000000000000        1.0509961276770829        4.9468778650893052E-004
   136.00000000000000        1.0564515821943030        5.5477970718020788E-004
   137.00000000000000        1.0831561581698219        8.7021018521860137E-004
   138.00000000000000        1.1180795595322037        1.3387091422618505E-003
   139.00000000000000        1.1441811763907002        1.7329318346690841E-003
   140.00000000000000        1.1487249220198612        1.8055856879356747E-003
   141.00000000000000        1.1294937100681124        1.5063145796922776E-003
   142.00000000000000        1.0958712650915519        1.0332306740485644E-003
   143.00000000000000        1.0642634051396165        6.4335935794750630E-004
   144.00000000000000        1.0500929466584410        4.8487808211801817E-004
   145.00000000000000        1.0602742578196880        5.9775055734413187E-004
   146.00000000000000        1.0898394447497095        9.5483973496472870E-004
   147.00000000000000        1.1243623978507202        1.4300581721327708E-003
   148.00000000000000        1.1469979029793356        1.7778274373531071E-003
   149.00000000000000        1.1467011364118527        1.7730752716646511E-003
   150.00000000000000        1.1236169031531626        1.4191032641701084E-003
   151.00000000000000        1.0890089804275092        9.4419686451128679E-004
   152.00000000000000        1.0597640426508499        5.9197376845128847E-004
   153.00000000000000        1.0501519363011989        4.8551758696835406E-004
   154.00000000000000        1.0648628160293174        6.5028063907437072E-004
   155.00000000000000        1.0967186192363714        1.0443973911524436E-003
   156.00000000000000        1.1301755473795141        1.5165599416873078E-003
   157.00000000000000        1.1489085451562575        1.8085474282079315E-003
   158.00000000000000        1.1437769878299664        1.7265277687413868E-003
   159.00000000000000        1.1172847800070422        1.3273106275122877E-003
   160.00000000000000        1.0823585943781162        8.6026567245829947E-004
   161.00000000000000        1.0560403993408827        5.5020015263936917E-004
   162.00000000000000        1.0511719593337836        4.9660211279922847E-004
   163.00000000000000        1.0701287928831118        7.1185597735637211E-004
   164.00000000000000        1.1036610562669935        1.1373327717446621E-003
   165.00000000000000        1.1354069349048184        1.5960525929640534E-003
   166.00000000000000        1.1498762671582450        1.8241892767624213E-003
   167.00000000000000        1.1400088516525053        1.6672844401400485E-003
   168.00000000000000        1.1106194192513565        1.2330938501470480E-003
   169.00000000000000        1.0760483214361962        7.8273853692631249E-004
   170.00000000000000        1.0531642642431325        5.1839713269915817E-004
   171.00000000000000        1.0531333504668265        5.1805748245808535E-004
   172.00000000000000        1.0759706642508720        7.8179714016151064E-004
   173.00000000000000        1.1105329108938986        1.2318871095185556E-003
   174.00000000000000        1.1399557032223810        1.6664547559582319E-003
   175.00000000000000        1.1498824120303950        1.8242887773844965E-003
   176.00000000000000        1.1354693747353313        1.5970108842144643E-003
   177.00000000000000        1.1037493240122644        1.1385310544986379E-003
   178.00000000000000        1.0701998189637021        7.1269598160356227E-004
   179.00000000000000        1.0511910871102741        4.9681045189851360E-004
   180.00000000000000        1.0559982955592095        5.4973168640018075E-004
   181.00000000000000        1.0822758032604916        8.5923526457400124E-004
   182.00000000000000        1.1172016988538207        1.3261211273770750E-003
   183.00000000000000        1.1437341554622174        1.7258496834360716E-003
   184.00000000000000        1.1489268613042094        1.8088429671704210E-003
   185.00000000000000        1.1302460748171532        1.5176212078635795E-003
   186.00000000000000        1.0968069446333393        1.0455635713740780E-003
   187.00000000000000        1.0649258416754364        6.5100942099852448E-004
   188.00000000000000        1.0501589093086092        4.8559319218238766E-004
   189.00000000000000        1.0597115605932668        5.9138027878483806E-004
   190.00000000000000        1.0889226515284174        9.4309258422986509E-004
   191.00000000000000        1.1235388509466890        1.4179581115676596E-003
   192.00000000000000        1.1466694458824587        1.7725681137273773E-003
   193.00000000000000        1.1470280372814543        1.7783102729335718E-003
   194.00000000000000        1.1244396531792602        1.4311952161814609E-003
   195.00000000000000        1.0899261249507768        9.5595267497308701E-004
   196.00000000000000        1.0603280679440439        5.9836055588103341E-004
   197.00000000000000        1.0500876304624027        4.8482045762589449E-004
   198.00000000000000        1.0642015566209093        6.4264622042655242E-004
   199.00000000000000        1.0957830627676111        1.0320705078231841E-003
   200.00000000000000        1.1294221915965572        1.5052414709312587E-003
   201.00000000000000        1.1487049842985655        1.8052642236510296E-003
   202.00000000000000        1.1442225478801400        1.7335878758538154E-003
   203.00000000000000        1.1181620533266701        1.3398942592594543E-003
   204.00000000000000        1.0832395220455351        8.7125151489865829E-004
   205.00000000000000        1.0564951393779107        5.5526530886916331E-004
   206.00000000000000        1.0509786247699204        4.9449730922129331E-004
   207.00000000000000        1.0693817198654574        7.0303592361642896E-004
   208.00000000000000        1.1027247734257628        1.1246481149842561E-003
   209.00000000000000        1.1347382943787365        1.5858047646009955E-003
   210.00000000000000        1.1498015270387714        1.8229792294852426E-003
   211.00000000000000        1.1405644808190998        1.6759680473739484E-003
   212.00000000000000        1.1115343026479070        1.2458810555113333E-003
   213.00000000000000        1.0768760486417730        7.9279172660394145E-004
   214.00000000000000        1.0535009519899750        5.2209932466044018E-004
   215.00000000000000        1.0528147145331952        5.1455931944615577E-004
   216.00000000000000        1.0751521806332756        7.7189376211438327E-004
   217.00000000000000        1.1096139524671069        1.2190934825284049E-003
   218.00000000000000        1.1393846688427425        1.6575508778275839E-003
   219.00000000000000        1.1499379335864186        1.8251879098203374E-003
   220.00000000000000        1.1361243609196330        1.6070767981549384E-003
   221.00000000000000        1.1046841792398840        1.1512480768150082E-003
   222.00000000000000        1.0709583877052877        7.2168317693583250E-004
   223.00000000000000        1.0514032314793853        4.9912230411173521E-004
   224.00000000000000        1.0555605013026401        5.4486570173374735E-004
   225.00000000000000        1.0814016887947424        8.4837772047856004E-004
   226.00000000000000        1.1163177817178145        1.3134895279057544E-003
   227.00000000000000        1.1432717363331548        1.7185359088498326E-003
   228.00000000000000        1.1491115741200142        1.8118244994279045E-003
   229.00000000000000        1.1309877903432004        1.5287994178313170E-003
   230.00000000000000        1.0977437483823838        1.0579579844819346E-003
   231.00000000000000        1.0656006273523144        6.5882452159062065E-004
   232.00000000000000        1.0502424203147944        4.8649884657391148E-004
   233.00000000000000        1.0591630483811172        5.8518556268657594E-004
   234.00000000000000        1.0880097584651156        9.3143913449703335E-004
   235.00000000000000        1.1227070163400632        1.4057750385587258E-003
   236.00000000000000        1.1463245571216651        1.7670525318916042E-003
   237.00000000000000        1.1473383802395820        1.7832859519949511E-003
   238.00000000000000        1.1252537983428041        1.4431982796952606E-003
   239.00000000000000        1.0908468163455793        9.6779834068706902E-004
   240.00000000000000        1.0609060611598706        6.0492174905142312E-004
   241.00000000000000        1.0500408980749740        4.8431396404584467E-004
   242.00000000000000        1.0635529013473741        6.3517840275893940E-004
   243.00000000000000        1.0948489910471333        1.0198095776642060E-003
   244.00000000000000        1.1286584766493708        1.4938003664306404E-003
   245.00000000000000        1.1484842750921431        1.8017072086928278E-003
   246.00000000000000        1.1446525377852101        1.7404123158526622E-003
   247.00000000000000        1.1190329320176440        1.3524285438890967E-003
   248.00000000000000        1.0841263508666104        8.8235149328385395E-004
   249.00000000000000        1.0569651968723237        5.6051168358296202E-004
   250.00000000000000        1.0508025499566533        4.9258197708070516E-004
   251.00000000000000        1.0686454271009849        6.9437055313738315E-004
   252.00000000000000        1.1017875312296408        1.1119977934919902E-003
   253.00000000000000        1.1340574229815255        1.5753959386188036E-003
   254.00000000000000        1.1497092524947303        1.8214857561208069E-003
   255.00000000000000        1.1411058278084683        1.6844457478815847E-003
   256.00000000000000        1.1124451249766423        1.2586571566613641E-003
   257.00000000000000        1.0777119174491225        8.0297927226849453E-004
   258.00000000000000        1.0538540114149726        5.2598743902840532E-004
   259.00000000000000        1.0525126918834360        5.1124808150631858E-004
   260.00000000000000        1.0743424455878801        7.6212974538910825E-004
   261.00000000000000        1.1086916091238965        1.2062991744808964E-003
   262.00000000000000        1.1387997676533526        1.6484504320421227E-003
   263.00000000000000        1.1499758726893865        1.8258024120891777E-003
   264.00000000000000        1.1367666282016111        1.6169713042907853E-003
   265.00000000000000        1.1056173852561662        1.1639898493470090E-003
   266.00000000000000        1.0717271815953360        7.3082108595027260E-004
   267.00000000000000        1.0516324861018549        5.0162305654042293E-004
   268.00000000000000        1.0551383535978829        5.4018246177684479E-004
   269.00000000000000        1.0805341225361420        8.3764043693750664E-004
   270.00000000000000        1.1154281193174289        1.3008195802877258E-003
   271.00000000000000        1.1427940818378182        1.7109943200197353E-003
   272.00000000000000        1.1492789954363973        1.8145286690562071E-003
   273.00000000000000        1.1317185955165143        1.5398439518424748E-003
   274.00000000000000        1.0986813465495713        1.0704097863599492E-003
   275.00000000000000        1.0662875245368977        6.6680317253455770E-004
   276.00000000000000        1.0503434502739311        4.8759493777752967E-004
   277.00000000000000        1.0586289142926346        5.7916741811734468E-004
   278.00000000000000        1.0871010870220852        9.1988282269068176E-004
   279.00000000000000        1.1218671868873198        1.3935143184462056E-003
   280.00000000000000        1.1459633581183346        1.7612836274816602E-003
   281.00000000000000        1.1476320560104667        1.7879996472365085E-003
   282.00000000000000        1.1260590519945863        1.4551070850818107E-003
   283.00000000000000        1.0917707304492599        9.7973026928859582E-004
   284.00000000000000        1.0614978188087656        6.1165624267645621E-004
   285.00000000000000        1.0500117555950572        4.8399816604689338E-004
   286.00000000000000        1.0629170785756092        6.2787855821731743E-004
   287.00000000000000        1.0939167329022790        1.0076185800915181E-003
   288.00000000000000        1.1278846714499620        1.4822419385035802E-003
   289.00000000000000        1.1482464952456377        1.7978783051496396E-003
   290.00000000000000        1.1450668061517013        1.7469975102521026E-003
   291.00000000000000        1.1198971094775161        1.3649081912732483E-003
   292.00000000000000        1.0850187685572132        8.9356256775084664E-004
   293.00000000000000        1.0574504063356318        5.6593848953822516E-004
   294.00000000000000        1.0506437968787432        4.9085635006191914E-004
   295.00000000000000        1.0679201738468374        6.8586166482455376E-004
   296.00000000000000        1.1008496596685917        1.0993862883991220E-003
   297.00000000000000        1.1333645604385505        1.5648311665375193E-003
   298.00000000000000        1.1495994760130710        1.8197096701539667E-003
   299.00000000000000        1.1416327019929844        1.6927132138168984E-003
   300.00000000000000        1.1133515655721045        1.2714171079359379E-003
   301.00000000000000        1.0785556336019135        8.1329867569912594E-004
   302.00000000000000        1.0542233181839158        5.3006094871180470E-004
   303.00000000000000        1.0522273888555300        5.0812420113528539E-004
   304.00000000000000        1.0735417442111528        7.5250737246781746E-004
   305.00000000000000        1.1077662055857915        1.1935090875994879E-003
   306.00000000000000        1.1382012056188289        1.6391580027355526E-003
   307.00000000000000        1.1499962159817534        1.8261319489984577E-003
   308.00000000000000        1.1373959504797382        1.6266895217065792E-003
   309.00000000000000        1.1065486134228306        1.1767517020571502E-003
   310.00000000000000        1.0725059299521924        7.4010771420832133E-004
   311.00000000000000        1.0518787702426129        5.0431239617391163E-004
   312.00000000000000        1.0547320010353873        5.3568263809104365E-004
   313.00000000000000        1.0796734099214513        8.2702622408014855E-004
   314.00000000000000        1.1145330248681644        1.2881164908475728E-003
   315.00000000000000        1.1423013601280247        1.7032288302810217E-003
   316.00000000000000        1.1494290662948203        1.8169540086397883E-003
   317.00000000000000        1.1324382329767508        1.5507495817166737E-003
   318.00000000000000        1.0996194089497882        1.0829147794088800E-003
   319.00000000000000        1.0669862914503960        6.7494383167575670E-004
   320.00000000000000        1.0504619636179309        4.8888133521443112E-004
   321.00000000000000        1.0581093463763040        5.7332680999443815E-004
   322.00000000000000        1.0861969570848418        9.0842700981162705E-004
   323.00000000000000        1.1210196583435563        1.3811813106294959E-003
   324.00000000000000        1.1455859760731124        1.7552644637489321E-003
   325.00000000000000        1.1479089611816162        1.7924488316551474E-003
   326.00000000000000        1.1268551306356160        1.4669162664768544E-003
   327.00000000000000        1.0926975419875240        9.9174479466180286E-004
   328.00000000000000        1.0621031325562651        6.1856288375691652E-004
   329.00000000000000        1.0500002132818689        4.8387310083644689E-004
   330.00000000000000        1.0622943122168327        6.2074800689653105E-004
   331.00000000000000        1.0929866166375191        9.9550142431350727E-004
   332.00000000000000        1.1271010484835438        1.4705715168368675E-003
   333.00000000000000        1.1479917284714991        1.7937795782824427E-003
   334.00000000000000        1.1454652071311622        1.7533399954805821E-003
   335.00000000000000        1.1207542814625835        1.3773278902802558E-003
   336.00000000000000        1.0859164609537413        9.0488162498423208E-004
   337.00000000000000        1.0579505968956409        5.7154489953643818E-004
   338.00000000000000        1.0505024214421166        4.8932063751284255E-004
   339.00000000000000        1.0672062154897799        6.7751099664188749E-004
   340.00000000000000        1.0999114889308874        1.0868180166760078E-003
   341.00000000000000        1.1326599506794637        1.5541155467354315E-003
   342.00000000000000        1.1494722362411940        1.8176519383009283E-003
   343.00000000000000        1.1421449178937031        1.7007662083652444E-003
   344.00000000000000        1.1142533052218402        1.2841558208821014E-003
   345.00000000000000        1.0794068999763120        8.2374736606632981E-004
   346.00000000000000        1.0546087423056705        5.3431929514167402E-004
   347.00000000000000        1.0519589058942591        5.0518808186919334E-004
   348.00000000000000        1.0727503583994091        7.4302885732202280E-004
   349.00000000000000        1.1068380676514649        1.1807280732370840E-003
   350.00000000000000        1.1375891934548557        1.6296782484103516E-003
   351.00000000000000        1.1499989563000694        1.8261763407427510E-003
   352.00000000000000        1.1380121061320183        1.6362266310788606E-003
   353.00000000000000        1.1074775359597897        1.1895289098158221E-003
   354.00000000000000        1.0732943586090569        7.4954100220938843E-004
   355.00000000000000        1.0521419972128749        5.0718998378393877E-004
   356.00000000000000        1.0543415867075978        5.3136686770843529E-004
   357.00000000000000        1.0788198540172595        8.1653781938657215E-004
   358.00000000000000        1.1136328135871745        1.2753854342757913E-003
   359.00000000000000        1.1417937447214828        1.6952434555736755E-003
   360.00000000000000        1.1495617338723110        1.8190992010155213E-003
   361.00000000000000        1.1331464494209729        1.5615111156319060E-003
   362.00000000000000        1.1005576053973860        1.0954687002079600E-003
   363.00000000000000        1.0676966820328750        6.8324489819412775E-004
   364.00000000000000        1.0505979186175989        4.9035788488496171E-004
   365.00000000000000        1.0576045276029049        5.6766466076743378E-004
   366.00000000000000        1.0852976870521103        8.9707498343862783E-004
   367.00000000000000        1.1201647290276919        1.3687813618887255E-003
   368.00000000000000        1.1451925438195238        1.7489982272501853E-003
   369.00000000000000        1.1481689982860459        1.7966311158440951E-003
   370.00000000000000        1.1276417539575481        1.4786204644452790E-003
   371.00000000000000        1.0936269246199912        1.0038381764454437E-003
   372.00000000000000        1.0627217892342440        6.2564046970352922E-004
   373.00000000000000        1.0500062751995012        4.8393878314579810E-004
   374.00000000000000        1.0616848214766259        6.1378801604739539E-004
   375.00000000000000        1.0920589696415666        9.8346194502718599E-004
   376.00000000000000        1.1263078835751115        1.4587944447586822E-003
   377.00000000000000        1.1477200644752648        1.7894132352427271E-003
   378.00000000000000        1.1458476004416565        1.7594364254038786E-003
   379.00000000000000        1.1216041461109520        1.3896823106476343E-003
   380.00000000000000        1.0868191119241528        9.1630547553748901E-004
   381.00000000000000        1.0584655924918409        5.7733004686188138E-004
   382.00000000000000        1.0503784734090706        4.8797502436518763E-004
   383.00000000000000        1.0665038033337806        6.6932022526344553E-004
   384.00000000000000        1.0989733493567031        1.0742973307099153E-003
   385.00000000000000        1.1319438418404606        1.5432542219526461E-003
   386.00000000000000        1.1493275779885770        1.8153136798752638E-003
   387.00000000000000        1.1426422951289381        1.7086005874345810E-003
   388.00000000000000        1.1151500265253327        1.2968681702422592E-003
   389.00000000000000        1.0802654169377310        8.3432270239908288E-004
   390.00000000000000        1.0550101480598206        5.3876188608111420E-004
   391.00000000000000        1.0517073375360391        5.0244009921694363E-004
   392.00000000000000        1.0719685668471635        7.3369634743634927E-004
   393.00000000000000        1.1059075221745815        1.1679609310925442E-003
   394.00000000000000        1.1369639466884724        1.6200159002845724E-003
   395.00000000000000        1.1499840926797786        1.8259355631048974E-003
   396.00000000000000        1.1386148782797518        1.6455778813441676E-003
   397.00000000000000        1.1084038257600279        1.2023166901218010E-003
   398.00000000000000        1.0740921899519289        7.5911882374871055E-004
   399.00000000000000        1.0524220743079558        5.1025545228861816E-004
   400.00000000000000        1.0539672480921634        5.2723575334885891E-004
   401.00000000000000        1.0779737553905682        8.0617788789457269E-004
   402.00000000000000        1.1127278023370104        1.2626315474524516E-003
   403.00000000000000        1.1412714142921503        1.6870423087171095E-003
   404.00000000000000        1.1496769514505760        1.8209630796688382E-003
   405.00000000000000        1.1338429954599942        1.5721233984108333E-003
   406.00000000000000        1.1014956054733105        1.1080672160008937E-003
   407.00000000000000        1.0684184461295603        6.9170471263391218E-004
   408.00000000000000        1.0507512673970230        4.9202440905656768E-004
   409.00000000000000        1.0571146356620176        5.6218184997269241E-004
   410.00000000000000        1.0844035934551346        8.8582995433253691E-004
   411.00000000000000        1.1193026999903604        1.3563198071046133E-003
   412.00000000000000        1.1447831998979394        1.7424882269871794E-003
   413.00000000000000        1.1484120757424943        1.8005442486147627E-003
   414.00000000000000        1.1284186449629052        1.4902143298850226E-003
   415.00000000000000        1.0945585510776352        1.0160066008001541E-003
   416.00000000000000        1.0633535710836746        6.3288774908523476E-004
   417.00000000000000        1.0500299392142389        4.8419520524685649E-004
   418.00000000000000        1.0610888209794620        6.0699980355759188E-004
   419.00000000000000        1.0911341185722851        9.7150390573626103E-004
   420.00000000000000        1.1255054560657347        1.4469160796601484E-003
   421.00000000000000        1.1474315989207937        1.7847816230420488E-003
   422.00000000000000        1.1462138514300266        1.7652835744380116E-003
   423.00000000000000        1.1224464042814237        1.4019661095272657E-003
   424.00000000000000        1.0877264037471577        9.2783085711833923E-004
   425.00000000000000        1.0589952117769690        5.8329302238963596E-004
   426.00000000000000        1.0502719964274378        4.8681967200855963E-004
   427.00000000000000        1.0658131847581174        6.6129097005516058E-004
   428.00000000000000        1.0980355712985039        1.0618285167187131E-003
   429.00000000000000        1.1312164859824503        1.5322523725101453E-003
   430.00000000000000        1.1491655521730260        1.8126961651561888E-003
   431.00000000000000        1.1431246586284334        1.7162123054931229E-003
   432.00000000000000        1.1160414137145704        1.3095489924365891E-003
   433.00000000000000        1.0811308821721877        8.4502196965386919E-004
   434.00000000000000        1.0554273940958667        5.4338809527269903E-004
   435.00000000000000        1.0514727723658190        4.9988060122679629E-004
   436.00000000000000        1.0711966447347769        7.2451192214326306E-004
   437.00000000000000        1.1049748966949311        1.1552124037656115E-003
   438.00000000000000        1.1363256853983317        1.6101757556791481E-003
   439.00000000000000        1.1499516303535828        1.8254097474461263E-003
   440.00000000000000        1.1392040546643141        1.6547385903861254E-003
   441.00000000000000        1.1093271566440028        1.2151102069298911E-003
   442.00000000000000        1.0748991430351835        7.6883898521827880E-004
   443.00000000000000        1.0527189029443955        5.1350840723243709E-004
   444.00000000000000        1.0536091169513619        5.2328986377304259E-004
   445.00000000000000        1.0771354118569851        7.9594902096804892E-004
   446.00000000000000        1.1118183098041394        1.2498599309328983E-003
   447.00000000000000        1.1407345527701545        1.6786295985243152E-003
   448.00000000000000        1.1497746784586877        1.8225446302179804E-003
   449.00000000000000        1.1345276258159331        1.5825813170037069E-003
   450.00000000000000        1.1024330790138506        1.1207059309157848E-003
   451.00000000000000        1.0691513296889661        7.0032155709319271E-004
   452.00000000000000        1.0509219559794465        4.9388070622613902E-004
   453.00000000000000        1.0566398430632238        5.5687921717087236E-004
   454.00000000000000        1.0835149911366286        8.7469506018083534E-004
   455.00000000000000        1.1184338747833180        1.3438019642475502E-003
   456.00000000000000        1.1443580884541662        1.7357378906838956E-003
   457.00000000000000        1.1486381079908883        1.8041861206727393E-003
   458.00000000000000        1.1291855301962546        1.5016925296603681E-003
   459.00000000000000        1.0954920934401746        1.0282461831018380E-003
   460.00000000000000        1.0639982556325520        6.4030341818637740E-004
   461.00000000000000        1.0500711969944465        4.8464233692686892E-004
   462.00000000000000        1.0605065205974094        6.0038453802109591E-004
   463.00000000000000        1.0902123891025770        9.5963099641883714E-004
   464.00000000000000        1.1246940483993613        1.4349417847157244E-003
   465.00000000000000        1.1471264333441735        1.7798872256130690E-003
   466.00000000000000        1.1465638311807338        1.7708783413478790E-003
   467.00000000000000        1.1232807593842113        1.4141739307298011E-003
   468.00000000000000        1.0886380169332057        9.3945443088421616E-004
   469.00000000000000        1.0595392682520601        5.8943287426973471E-004
   470.00000000000000        1.0501830279902673        4.8585471834180339E-004
   471.00000000000000        1.0651346028514619        6.5342479094050298E-004
   472.00000000000000        1.0970984848418537        1.0494157914191613E-003
   473.00000000000000        1.1304781392326031        1.5211152159872047E-003
   474.00000000000000        1.1489862158483317        1.8098008149716825E-003
   475.00000000000000        1.1435918385108255        1.7235974160732187E-003
   476.00000000000000        1.1169271529006684        1.3221930901444947E-003
   477.00000000000000        1.0820029909179290        8.5584237973086112E-004
   478.00000000000000        1.0558603335486825        5.4819726222151734E-004
   479.00000000000000        1.0512552929474590        4.9750990870303896E-004
   480.00000000000000        1.0704348638843646        7.1547759657389560E-004
   481.00000000000000        1.1040405196231411        1.1424871790111592E-003
   482.00000000000000        1.1356746343707160        1.6001626778343681E-003
   483.00000000000000        1.1499015807539368        1.8245991806562856E-003
   484.00000000000000        1.1397794278166584        1.6637041502467927E-003
   485.00000000000000        1.1102472036113662        1.2279045745806710E-003
   486.00000000000000        1.0757149338219301        7.7869922644619252E-004
   487.00000000000000        1.0530323785994633        5.1694842504380184E-004
   488.00000000000000        1.0532673193971813        5.1952973591004429E-004
   489.00000000000000        1.0763051186688299        7.8585374048528007E-004
   490.00000000000000        1.1109046562537157        1.2370756445213705E-003
   491.00000000000000        1.1401833492047031        1.6700096251535271E-003
   492.00000000000000        1.1498548804980222        1.8238429915098981E-003
   493.00000000000000        1.1352000995078935        1.5928798058458468E-003
   494.00000000000000        1.1033696959010093        1.1333803829231390E-003
   495.00000000000000        1.0698950746374114        7.0909365161735041E-004
   496.00000000000000        1.0511099242508490        4.9592655012037736E-004
   497.00000000000000        1.0561803169968400        5.5175756214559304E-004
   498.00000000000000        1.0826321930048131        8.6367336402960119E-004
   499.00000000000000        1.1175585592216299        1.3312331293807774E-003
   500.00000000000000        1.1439173591218508        1.7287507607558316E-003
   501.00000000000000        1.1488470154359212        1.8075547651193319E-003
   502.00000000000000        1.1299421396091360        1.5130497468215927E-003
   503.00000000000000        1.0964272229276557        1.0405529643609023E-003
   504.00000000000000        1.0646556158634490        6.4788612085400765E-004
   505.00000000000000        1.0501300340104753        4.8528012539350237E-004
   506.00000000000000        1.0599381252925570        5.9394333895835269E-004
   507.00000000000000        1.0892941056691134        9.4784683135224672E-004
   508.00000000000000        1.1238739463009777        1.4228769294381785E-003
   509.00000000000000        1.1468046752038732        1.7747326629746134E-003
   510.00000000000000        1.1468974164360330        1.7762177499668461E-003
   511.00000000000000        1.1241069176136567        1.4263004098797965E-003
   512.00000000000000        1.0895536304703970        9.5117278317047218E-004
   513.00000000000000        1.0600975704163791        5.9574860775565895E-004
   514.00000000000000        1.0501115994132810        4.8508027794953094E-004
   515.00000000000000        1.0644682965676651        6.4572319234224007E-004
   516.00000000000000        1.0961624199684554        1.0370633046605003E-003
   517.00000000000000        1.1297290615900122        1.5098480018320686E-003
   518.00000000000000        1.1487896321665108        1.8066291991240798E-003
   519.00000000000000        1.1440436703349297        1.7307520781329533E-003
   520.00000000000000        1.1178069323150628        1.3347952369401612E-003
   521.00000000000000        1.0828814362041272        8.6678107265927460E-004
   522.00000000000000        1.0563088139659726        5.5318868984303125E-004
   523.00000000000000        1.0510549758645111        4.9532831656399535E-004
   524.00000000000000        1.0696834925454299        7.0659532119912499E-004
   525.00000000000000        1.1031047199868977        1.1297898860608455E-003
   526.00000000000000        1.1350110227670391        1.5899815881946018E-003
   527.00000000000000        1.1498339614976429        1.8235043047075366E-003
   528.00000000000000        1.1403407952129898        1.6724700321365980E-003
   529.00000000000000        1.1111636426804359        1.2406948561047224E-003
   530.00000000000000        1.0765392750437179        7.8869721697321434E-004
   531.00000000000000        1.0533623908859402        5.2057505271184564E-004
   532.00000000000000        1.0529419757875385        5.1595587506645280E-004
   533.00000000000000        1.0754831680378196        7.7589449494437136E-004
   534.00000000000000        1.1099871633254206        1.2242837035505349E-003
   535.00000000000000        1.1396179976406220        1.6611867756603468E-003
   536.00000000000000        1.1499175293225956        1.8248574558907226E-003
   537.00000000000000        1.1358601797004850        1.6030138470811402E-003
   538.00000000000000        1.1043051263185755        1.1460860471269347E-003
   539.00000000000000        1.0706494190749138        7.1801915435827017E-004
   540.00000000000000        1.0513151060488675        4.9816168999232532E-004
   541.00000000000000        1.0557362192100082        5.4681764524343887E-004
   542.00000000000000        1.0817555097930396        8.5276785288296612E-004
   543.00000000000000        1.1166770615347239        1.3186185773411748E-003
   544.00000000000000        1.1434611670963886        1.7215304932631942E-003
   545.00000000000000        1.1490387245241789        1.8106483600122596E-003
   546.00000000000000        1.1306882068098678        1.5242806866203168E-003
   547.00000000000000        1.0973636104332780        1.0529229174403422E-003
   548.00000000000000        1.0653254203606464        6.5563444811035123E-004
   549.00000000000000        1.0502064295482416        4.8610849525836493E-004
   550.00000000000000        1.0593838352454104        5.8767728025497417E-004
   551.00000000000000        1.0883795916778765        9.3615495288442894E-004
   552.00000000000000        1.1230454385584856        1.4107268844198691E-003
   553.00000000000000        1.1464664378036669        1.7693206882722808E-003
   554.00000000000000        1.1472144897782941        1.7812989540366680E-003
   555.00000000000000        1.1249245881729102        1.4383401795643124E-003
   556.00000000000000        1.0904729220747882        9.6298242738279618E-004
   557.00000000000000        1.0606699216728288        6.0223918223773702E-004
   558.00000000000000        1.0500577358503409        4.8449644262198415E-004
   559.00000000000000        1.0638145005039303        6.3818762272471481E-004
   560.00000000000000        1.0952277062537705        1.0247751359579549E-003
   561.00000000000000        1.1289695166822185        1.4984560053030085E-003
   562.00000000000000        1.1485758703334732        1.8031830346127648E-003
   563.00000000000000        1.1444799949721922        1.7376725563946606E-003
   564.00000000000000        1.1186804421123229        1.3473501757451159E-003
   565.00000000000000        1.0837659086552125        8.7783511243074276E-004
   566.00000000000000        1.0567726774205994        5.5836164411088816E-004
   567.00000000000000        1.0508718916545012        4.9333609397373443E-004
   568.00000000000000        1.0689427951908190        6.9786698153554252E-004
   569.00000000000000        1.1021678271753863        1.1171250920593912E-003
   570.00000000000000        1.1343350842677424        1.5796374660425479E-003
   571.00000000000000        1.1497487963945512        1.8221257164921375E-003
   572.00000000000000        1.1408879591747310        1.6810317874456191E-003
   573.00000000000000        1.1120761511857233        1.2534760679681527E-003
   574.00000000000000        1.0773718764614340        7.9883055718962901E-004
   575.00000000000000        1.0537088236614343        5.2438780778810016E-004
   576.00000000000000        1.0526332006540244        5.1256875543225975E-004
   577.00000000000000        1.0746698495646712        7.6607366663233574E-004
   578.00000000000000        1.1090661540099649        1.2114890777891656E-003
   579.00000000000000        1.1390386971012425        1.6521655211945785E-003
   580.00000000000000        1.1499626028808443        1.8255874703663674E-003
   581.00000000000000        1.1365076340541467        1.6129784784859051E-003
   582.00000000000000        1.1052390410073241        1.1588183391814820E-003
   583.00000000000000        1.0714140974821362        7.2709616189614438E-004
   584.00000000000000        1.0515374291229345        5.0058584945080441E-004
   585.00000000000000        1.0553077060865883        5.4206018994022460E-004
   586.00000000000000        1.0808852502132722        8.4198144126846383E-004
   587.00000000000000        1.1157896920857115        1.3059635562834024E-003
   588.00000000000000        1.1429896729966660        1.7140808534432572E-003
   589.00000000000000        1.1492131677575494        1.8134652298083778E-003
   590.00000000000000        1.1314234690460923        1.5353800785750276E-003
   591.00000000000000        1.0983009260355827        1.0653519399256648E-003
   592.00000000000000        1.0660074333294409        6.6354693628131029E-004
   593.00000000000000        1.0503003567150346        4.8712734836680764E-004
   594.00000000000000        1.0588438455587885        5.8158738875939918E-004
   595.00000000000000        1.0874691690257836        9.2455882649446544E-004
   596.00000000000000        1.1222088167957323        1.3984970160455638E-003
   597.00000000000000        1.1461118401986781        1.7636541844764922E-003
   598.00000000000000        1.1475149395534259        1.7861192378357130E-003
   599.00000000000000        1.1257334831302965        1.4502878691394167E-003
   600.00000000000000        1.0913955680312051        9.7487980071125739E-004
   601.00000000000000        1.0612561205044690        6.0890351130476464E-004
   602.00000000000000        1.0500214562660604        4.8410328134098284E-004
   603.00000000000000        1.0631734449157801        6.3081947687363489E-004
   604.00000000000000        1.0942946728900607        1.0125552954250395E-003
   605.00000000000000        1.1281997721236676        1.4869445304818243E-003
   606.00000000000000        1.1483450055999067        1.7994641843295323E-003
   607.00000000000000        1.1449006588420696        1.7443552273802962E-003
   608.00000000000000        1.1195473748284690        1.3598526267492980E-003
   609.00000000000000        1.0846560969484944        8.8900149101243204E-004
   610.00000000000000        1.0572517606387175        5.6371535384324920E-004
   611.00000000000000        1.0507061047606669        4.9153348460117001E-004
   612.00000000000000        1.0682130326473525        6.8929440181391332E-004
   613.00000000000000        1.1012301711019874        1.1044973042617469E-003
   614.00000000000000        1.1336470568613981        1.5691353426874448E-003
   615.00000000000000        1.1496461154301134        1.8204641671310411E-003
   616.00000000000000        1.1414207270530383        1.6893850531743157E-003
   617.00000000000000        1.1129844077557007        1.2662431804670857E-003
   618.00000000000000        1.0782124448438395        8.0909677609000089E-004
   619.00000000000000        1.0540715548645998        5.2838617532535432E-004
   620.00000000000000        1.0523411026979890        5.0936882128107880E-004
   621.00000000000000        1.0738654494050710        7.5639356351608639E-004
   622.00000000000000        1.1081419526274023        1.1986966904437844E-003
   623.00000000000000        1.1384456515779615        1.6429504142738370E-003
   624.00000000000000        1.1499900852994478        1.8260326367196423E-003
   625.00000000000000        1.1371422345761080        1.6227687937577730E-003
   626.00000000000000        1.1061711111023838        1.1715726131183485E-003
   627.00000000000000        1.0721888405892357        7.3632270556583685E-004
   628.00000000000000        1.0517768151961788        5.0319872633185323E-004
   629.00000000000000        1.0548949285001092        5.3748588283308169E-004
   630.00000000000000        1.0800217206718412        8.3131696939074489E-004
   631.00000000000000        1.1148967633939737        1.2932732866646319E-003
   632.00000000000000        1.1425030428782688        1.7064057135954445E-003
   633.00000000000000        1.1493702837022552        1.8160038466402393E-003
   634.00000000000000        1.1321476675881406        1.5463426846311214E-003
   635.00000000000000        1.0992388399512720        1.0778358661131320E-003
   636.00000000000000        1.0667014146095866        6.7162206503443788E-004
   637.00000000000000        1.0504117824370454        4.8833656346851666E-004
   638.00000000000000        1.0583183463834347        5.7567464762746140E-004
   639.00000000000000        1.0865631583055126        9.1306184468442858E-004
   640.00000000000000        1.1213643756165537        1.3861926867091054E-003
   641.00000000000000        1.1457410072541867        1.7577361634496279E-003
   642.00000000000000        1.1477986599772285        1.7906760196589955E-003
   643.00000000000000        1.1265333176851176        1.4621381106150121E-003
   644.00000000000000        1.0923212434888010        9.8686126673636250E-004
   645.00000000000000        1.0618559604586062        6.1574046059926493E-004
   646.00000000000000        1.0500027734349591        4.8390084048434434E-004
   647.00000000000000        1.0625453553827320        6.2362009414873229E-004
   648.00000000000000        1.0933636482002034        1.0004077181207313E-003
   649.00000000000000        1.1274200987404897        1.4753188963369625E-003
   650.00000000000000        1.1480971192602667        1.7954746557892116E-003
   651.00000000000000        1.1453055138126040        1.7507965800945319E-003
   652.00000000000000        1.1204074251850007        1.3722972860377226E-003
   653.00000000000000        1.0855516876172677        9.0027712425672069E-004
   654.00000000000000        1.0577458949191265        5.6924900811501178E-004
   655.00000000000000        1.0505576735637900        4.8992070768460463E-004
   656.00000000000000        1.0674944618543023        6.8087934425701245E-004
   657.00000000000000        1.1002920819024025        1.0919109660202030E-003
   658.00000000000000        1.1329471827929156        1.5584802981211438E-003
   659.00000000000000        1.1495259547696675        1.8185205615291107E-003
   660.00000000000000        1.1419389112170220        1.6975255542817360E-003
   661.00000000000000        1.1138880927861365        1.2789911251805629E-003
   662.00000000000000        1.0790606844053372        8.1949333466974691E-004
   663.00000000000000        1.0544504568716095        5.3256961048745593E-004
   664.00000000000000        1.0520657847788097        5.0635648802390765E-004
   665.00000000000000        1.0730702508583287        7.4685642837881295E-004
   666.00000000000000        1.1072148845762237        1.1859114140734565E-003
   667.00000000000000        1.1378390698738841        1.6335460837722847E-003
   668.00000000000000        1.1499999669022278        1.8261927120893711E-003
   669.00000000000000        1.1377637578323250        1.6323799483556748E-003
   670.00000000000000        1.1071010084347985        1.1843441655724181E-003
   671.00000000000000        1.0729733756199074        7.4569675223484018E-004
   672.00000000000000        1.0520331799840839        5.0599999203521941E-004
   673.00000000000000        1.0544980318224404        5.3309537531898545E-004
   674.00000000000000        1.0791652252901853        8.2077720513150626E-004
   675.00000000000000        1.1139985896700511        1.2805529533844162E-003
   676.00000000000000        1.1420014479803047        1.6985090467210643E-003
   677.00000000000000        1.1495100170711425        1.8182628326800076E-003
   678.00000000000000        1.1328605473822215        1.5571632963379944E-003
   679.00000000000000        1.1001770218608595        1.0903704575584744E-003
   680.00000000000000        1.0674071198598982        6.7985825739566802E-004
   681.00000000000000        1.0505406674828222        4.8973599610025961E-004
   682.00000000000000        1.0578075227403216        5.6993999620433842E-004
   683.00000000000000        1.0856618785108738        9.0166732454957557E-004
   684.00000000000000        1.1205124123369796        1.3738192490622633E-003
   685.00000000000000        1.1453540695353295        1.7515697622361769E-003
   686.00000000000000        1.1480655511300206        1.7949668534302430E-003
   687.00000000000000        1.1273238101487224        1.4738855404146040E-003
   688.00000000000000        1.0932496224378039        9.9892311401442516E-004
   689.00000000000000        1.0624692304589940        6.2274884938578925E-004
   690.00000000000000        1.0500016939312939        4.8388914385961166E-004
   691.00000000000000        1.0619304531106712        6.1659076403910616E-004
   692.00000000000000        1.0924349600777890        9.8833627060950792E-004
   693.00000000000000        1.1266307711207786        1.4635844426940645E-003
   694.00000000000000        1.1478322985918961        1.7912165988038730E-003
   695.00000000000000        1.1456944173399750        1.7569932204438807E-003
   696.00000000000000        1.1212602903701139        1.3846788311536538E-003
   697.00000000000000        1.0864523653364766        9.1165885389356326E-004
   698.00000000000000        1.0582549062839988        5.7496175620773578E-004
   699.00000000000000        1.0504266503244364        4.8849795805507056E-004
   700.00000000000000        1.0667873358800972        6.7262351140788339E-004
   701.00000000000000        1.0993538899579542        1.0793704572611108E-003
   702.00000000000000        1.1322357085494412        1.5476774582610644E-003
   703.00000000000000        1.1493883566962606        1.8162959567512582E-003
   704.00000000000000        1.1424423293240960        1.7054491104420897E-003
   705.00000000000000        1.1147868880116882        1.2917147898384230E-003
   706.00000000000000        1.0799162964094913        8.3001761916750270E-004
   707.00000000000000        1.0548453962411213        5.3693753436990176E-004
   708.00000000000000        1.0518073438321078        5.0353214243685181E-004
   709.00000000000000        1.0722845339028253        7.3746443524906787E-004
   710.00000000000000        1.1062852762642343        1.1731380691360682E-003
   711.00000000000000        1.1372191655580171        1.6239572316267023E-003
   712.00000000000000        1.1499922442100092        1.8260676091348201E-003
   713.00000000000000        1.1383719849930773        1.6418071627972248E-003
   714.00000000000000        1.1080284055086893        1.1971282356811818E-003
   715.00000000000000        1.0737674262709611        7.5521620195692456E-004
   716.00000000000000        1.0523064331962027        5.0898929061117223E-004
   717.00000000000000        1.0541171557166042        5.2888928283649213E-004
   718.00000000000000        1.0783160654584152        8.1036484034713568E-004
   719.00000000000000        1.1130954872368233        1.2678077106069161E-003
   720.00000000000000        1.1414850649549393        1.6903949277359575E-003
   721.00000000000000        1.1496323186495723        1.8202409598776779E-003
   722.00000000000000        1.1335618574332451        1.5678367430769886E-003
   723.00000000000000        1.1011151414435045        1.1029514097250076E-003
   724.00000000000000        1.0681243006113430        6.8825387824055526E-004
   725.00000000000000        1.0506869664737277        4.9132547825906649E-004
   726.00000000000000        1.0573115544833700        5.6438433146143449E-004
   727.00000000000000        1.0847656469699853        8.9037850833315936E-004
   728.00000000000000        1.1196532270071027        1.3613820445725466E-003
   729.00000000000000        1.1449511633182947        1.7451582412260267E-003
   730.00000000000000        1.1483155190961127        1.7989894325609818E-003
   731.00000000000000        1.1281046823566092        1.4855248076020911E-003
   732.00000000000000        1.0941803781931667        1.0110615613241549E-003
   733.00000000000000        1.0630957145228994        6.2992744531087884E-004
   734.00000000000000        1.0500182181378710        4.8406819287365491E-004
   735.00000000000000        1.0613289545981617        6.0973272439033492E-004
   736.00000000000000        1.0915089355010270        9.7634474547107417E-004
   737.00000000000000        1.1258320671758435        1.4517465214520112E-003
   738.00000000000000        1.1475506368344799        1.7866923037179899E-003
   739.00000000000000        1.1460672324966430        1.7629418738333783E-003
   740.00000000000000        1.1221056701018031        1.3969919236132488E-003
   741.00000000000000        1.0873578129899861        9.2314344685778273E-004
   742.00000000000000        1.0587786154647809        5.8085270567660979E-004
   743.00000000000000        1.0503130811844781        4.8726540673751305E-004
   744.00000000000000        1.0660919035536045        6.6452854396024301E-004
   745.00000000000000        1.0984159254067618        1.0668800882069525E-003
   746.00000000000000        1.1315128844899445        1.5367319868141802E-003
   747.00000000000000        1.1492333696673271        1.8137915622180255E-003
   748.00000000000000        1.1429308040755610        1.7131516346863091E-003
   749.00000000000000        1.1156804769790198        1.3044090259516073E-003
   750.00000000000000        1.0807789796071798        8.4066694453845765E-004
   751.00000000000000        1.0552562339204594        5.4148933484789261E-004
   752.00000000000000        1.0515658708513573        5.0089614352390220E-004
   753.00000000000000        1.0715085751786055        7.2821969126229979E-004
   754.00000000000000        1.1053534549936301        1.1603814219920245E-003
   755.00000000000000        1.1365861568900737        1.6141886290797455E-003
   756.00000000000000        1.1499669199452318        1.8256573961703613E-003
   757.00000000000000        1.1389667018516592        1.6510457255358426E-003
   758.00000000000000        1.1089529759845180        1.2099200120541170E-003
   759.00000000000000        1.0745707131258133        7.6487889084542833E-004
   760.00000000000000        1.0525964786781161        5.1216623931940456E-004
   761.00000000000000        1.0537524343239846        5.2486818841968020E-004
   762.00000000000000        1.0774745402393067        8.0008249767459145E-004
   763.00000000000000        1.1121877740641342        1.2550426740709493E-003
   764.00000000000000        1.1409540756134748        1.6820675270212090E-003
   765.00000000000000        1.1497371453768550        1.8219371521123898E-003
   766.00000000000000        1.1342513508196672        1.5783578947742409E-003
   767.00000000000000        1.1020528684003110        1.1155743519512468E-003
   768.00000000000000        1.0688527043545235        6.9680723318137625E-004
   769.00000000000000        1.0508506278828103        4.9310481788107402E-004
   770.00000000000000        1.0568306162831151        5.5900850962750702E-004
   771.00000000000000        1.0838747793217005        8.7919856457689260E-004
   772.00000000000000        1.1187871219635928        1.3488863953629014E-003
   773.00000000000000        1.1445324303807871        1.7385049787410106E-003
   774.00000000000000        1.1485484758379207        1.8027415894589767E-003
   775.00000000000000        1.1288756592955647        1.4970505705010557E-003
   776.00000000000000        1.0951131829566674        1.0232727510161926E-003
   777.00000000000000        1.0637351920739713        6.3727496593091269E-004
   778.00000000000000        1.0500523402367463        4.8443796643620265E-004
   779.00000000000000        1.0607410716244881        6.0304716331414216E-004
   780.00000000000000        1.0905859005103298        9.6443686197226618E-004
   781.00000000000000        1.1250242681182683        1.4398104940978337E-003
   782.00000000000000        1.1472522331572168        1.7819041993586732E-003
   783.00000000000000        1.1464238279849730        1.7686393874683259E-003
   784.00000000000000        1.1229432666508394        1.4092312109018335E-003
   785.00000000000000        1.0882677116917010        9.3472759407915837E-004
   786.00000000000000        1.0593168381747025        5.8692092360280610E-004
   787.00000000000000        1.0502170061074876        4.8622320082081032E-004
   788.00000000000000        1.0654084097976684        6.5659602678670899E-004
   789.00000000000000        1.0974785185862670        1.0544441056360915E-003
   790.00000000000000        1.1307789651808067        1.5256490878891985E-003
   791.00000000000000        1.1490610482516512        1.8110087378629060E-003
   792.00000000000000        1.1434041634862309        1.7206291400872153E-003
   793.00000000000000        1.1165685450678480        1.3170686501878079E-003
   794.00000000000000        1.0816484302596114        8.5143855290683841E-004
   795.00000000000000        1.0556828252593740        5.4622436525327098E-004
   796.00000000000000        1.0513414508558458        4.9844882316841632E-004
   797.00000000000000        1.0707426479654993        7.1912423847288838E-004
   798.00000000000000        1.1044197489385263        1.1476461842637664E-003
   799.00000000000000        1.1359402668083747        1.6042451138936448E-003
   800.00000000000000        1.1499240030191906        1.8249622969119176E-003
   801.00000000000000        1.1395476991345779        1.6600910003704123E-003
   802.00000000000000        1.1098743942416534        1.2227146271428116E-003
   803.00000000000000        1.0753829532799468        7.7468258451879085E-004
   804.00000000000000        1.0529032142825445        5.1553042616323105E-004
   805.00000000000000        1.0534039960579262        5.2103264184603275E-004
   806.00000000000000        1.0766409459222204        7.8993272691723021E-004
   807.00000000000000        1.1112757697452045        1.2422629197785440E-003
   808.00000000000000        1.1404086669098954        1.6735311076903406E-003
   809.00000000000000        1.1498244603449534        1.8233504859055895E-003
   810.00000000000000        1.1349287847804279        1.5887216657316831E-003
   811.00000000000000        1.1029898724776550        1.1282348474840405E-003
   812.00000000000000        1.0695920745546528        7.0551656659984462E-004
   813.00000000000000        1.0510315941196480        4.9507379918758260E-004
   814.00000000000000        1.0563648773757492        5.5381334516135371E-004
   815.00000000000000        1.0829895890513048        8.6813058381081712E-004
   816.00000000000000        1.1179144022349596        1.3363376084724987E-003
   817.00000000000000        1.1440980181920719        1.7316134719190385E-003
   818.00000000000000        1.1487643393346056        1.8062212992026308E-003
   819.00000000000000        1.1296364695152996        1.5084575050273955E-003
   820.00000000000000        1.0960477083006834        1.0355527544151685E-003
   821.00000000000000        1.0643874379610312        6.4479007687230454E-004
   822.00000000000000        1.0501040482140021        4.8499842094602223E-004
   823.00000000000000        1.0601670111750936        5.9653522035660106E-004
   824.00000000000000        1.0896661800935181        9.5261626560751069E-004
   825.00000000000000        1.1242076584443881        1.4277817293270544E-003
   826.00000000000000        1.1469371926559988        1.7768548513822963E-003
   827.00000000000000        1.1467640783234316        1.7740827353511105E-003
   828.00000000000000        1.1237727852773773        1.4213913345992968E-003
   829.00000000000000        1.0891817412595444        9.4640791511067487E-004
   830.00000000000000        1.0598693848617511        5.9316543196493191E-004
   831.00000000000000        1.0501384589323077        4.8537146448784512E-004
   832.00000000000000        1.0647370952609623        6.4882748677123360E-004
   833.00000000000000        1.0965419995444130        1.0420666867810965E-003
   834.00000000000000        1.1300342090248394        1.5144339979121357E-003
   835.00000000000000        1.1488714531212132        1.8079489930772936E-003
   836.00000000000000        1.1438622408928207        1.7278777423081907E-003
   837.00000000000000        1.1174507796017130        1.3296884470981938E-003
   838.00000000000000        1.0825243422452682        8.6232961308844720E-004
   839.00000000000000        1.0561250200163064        5.5114194291388608E-004
   840.00000000000000        1.0511341628804658        4.9619048695995725E-004
   841.00000000000000        1.0699870217838012        7.1018005120848107E-004
   842.00000000000000        1.1034844866585130        1.1349370059710558E-003
   843.00000000000000        1.1352817225936356        1.5941315825822406E-003
   844.00000000000000        1.1498635085439806        1.8239826905168711E-003
   845.00000000000000        1.1401147722210374        1.6689384246729364E-003
   846.00000000000000        1.1107923358615039        1.2355071643935633E-003
   847.00000000000000        1.0762038607548670        7.8462498102093640E-004
   848.00000000000000        1.0532265320121350        5.1908141033496144E-004
   849.00000000000000        1.0530719635987111        5.1738316096009058E-004
   850.00000000000000        1.0758155760041557        7.7991800673370560E-004
   851.00000000000000        1.1103597953841082        1.2294734815116405E-003
   852.00000000000000        1.1398490308750424        1.6647900220504198E-003
   853.00000000000000        1.1498942328054238        1.8244801911640948E-003
   854.00000000000000        1.1355939207350165        1.5989230174588206E-003
   855.00000000000000        1.1039258239554137        1.1409283998945439E-003
   856.00000000000000        1.0703421510365199        7.1438006404605158E-004
   857.00000000000000        1.0512298014531531        4.9723218120229580E-004
   858.00000000000000        1.0559145017899731        5.4879961502430697E-004
   859.00000000000000        1.0821103879107214        8.5717758540066174E-004
   860.00000000000000        1.1170353750937179        1.3237409678472593E-003
   861.00000000000000        1.1436480797026565        1.7244873311694127E-003
   862.00000000000000        1.1489630335836241        1.8094266809228386E-003
   863.00000000000000        1.1303868451450860        1.5197403072120463E-003
   864.00000000000000        1.0969836251918006        1.0478975713341411E-003
   865.00000000000000        1.0650522225373471        6.5247139066431552E-004
   866.00000000000000        1.0501733238562287        4.8574949011738711E-004
   867.00000000000000        1.0596069754235917        5.9019798828268549E-004
   868.00000000000000        1.0887500981621410        9.4088652888253742E-004
   869.00000000000000        1.1233825255090275        1.4156655947276681E-003
   870.00000000000000        1.1466056261896740        1.7715469579613541E-003
   871.00000000000000        1.1470878636783883        1.7792690175477352E-003
   872.00000000000000        1.1245939338358750        1.4334669264250846E-003
   873.00000000000000        1.0900995797862736        9.5818095132292754E-004
   874.00000000000000        1.0604360609819001        5.9958520882732623E-004
   875.00000000000000        1.0500774673143101        4.8471029875808946E-004
   876.00000000000000        1.0640781963040256        6.4122439477630835E-004
   877.00000000000000        1.0956066980165673        1.0297519395505762E-003
   878.00000000000000        1.1292788782403578        1.5030919829003093E-003
   879.00000000000000        1.1486646510298300        1.8046139853432003E-003
   880.00000000000000        1.1443048749694618        1.7348936622174184E-003
   881.00000000000000        1.1183268698714188        1.3422631706794853E-003
   882.00000000000000        1.0834064070798322        8.7333721907468349E-004
   883.00000000000000        1.0565826625884012        5.5624135013428481E-004
   884.00000000000000        1.0509440798672867        4.9412141388800778E-004
   885.00000000000000        1.0692419627555445        7.0138904247029916E-004
   886.00000000000000        1.1025479975390662        1.1222584814002895E-003
   887.00000000000000        1.1346107561736214        1.5838529925160010E-003
   888.00000000000000        1.1497854578188673        1.8227191111032683E-003
   889.00000000000000        1.1406677214524679        1.6775835167727943E-003
   890.00000000000000        1.1117064776495544        1.2482926591476659E-003
   891.00000000000000        1.0770331465204352        7.9470370907990147E-004
   892.00000000000000        1.0535663180311980        5.2281872116903940E-004
   893.00000000000000        1.0527564538503640        5.1392023251994716E-004
   894.00000000000000        1.0749987211670691        7.7004074629851815E-004
   895.00000000000000        1.1094401735741732        1.2166793497064492E-003
   896.00000000000000        1.1392753646066383        1.6558487089098630E-003
   897.00000000000000        1.1499464382062017        1.8253256523024805E-003
   898.00000000000000        1.1362465246303330        1.6089569665441604E-003
   899.00000000000000        1.1048603932049972        1.1536504470159362E-003
   900.00000000000000        1.0711026696357429        7.2339584599909776E-004
   901.00000000000000        1.0514451800972726        4.9957969797301055E-004
   902.00000000000000        1.0554796480967847        5.4396805757761198E-004
   903.00000000000000        1.0812374854544802        8.4634251335356325E-004
   904.00000000000000        1.1161503500331347        1.3111017325678201E-003
   905.00000000000000        1.1431827733296440        1.7171302776906772E-003
   906.00000000000000        1.1491444886274862        1.8123559994982896E-003
   907.00000000000000        1.1311265219880702        1.5308936969277197E-003
   908.00000000000000        1.0979206040136082        1.0603031296367868E-003
   909.00000000000000        1.0657293116736737        6.6031746478967116E-004
   910.00000000000000        1.0502601427861864        4.8669108516168118E-004
   911.00000000000000        1.0590611614396230        5.8403651173538032E-004
   912.00000000000000        1.0878379770740776        9.2925114637188301E-004
   913.00000000000000        1.1225491599106798        1.4034674604656624E-003
   914.00000000000000        1.1462576505286461        1.7659833503985087E-003
   915.00000000000000        1.1473950700495090        1.7841954650329912E-003
   916.00000000000000        1.1254064232113123        1.4454526165008454E-003
   917.00000000000000        1.0910209041136716        9.7004317066628218E-004
   918.00000000000000        1.0610166670163461        6.0617918661953188E-004
   919.00000000000000        1.0500340527277972        4.8423978182486274E-004
   920.00000000000000        1.0634319449160441        6.3378816679349160E-004
   921.00000000000000        1.0946729433094284        1.0175039015950774E-003
   922.00000000000000        1.1285132388453611        1.4916283358372762E-003
   923.00000000000000        1.1484407148127267        1.8010055191062214E-003
   924.00000000000000        1.1447319099587072        1.7416732318767370E-003
   925.00000000000000        1.1191965075916568        1.3547875522494878E-003
   926.00000000000000        1.0842943143756192        8.8445839405945214E-004
   927.00000000000000        1.0570555918029323        5.6152183025179043E-004
   928.00000000000000        1.0507712687633299        4.9224185821753017E-004
   929.00000000000000        1.0685077332056809        6.9275306131868174E-004
   930.00000000000000        1.1016106113050190        1.1096151424226522E-003
   931.00000000000000        1.1339276037863044        1.5734143541615707E-003
   932.00000000000000        1.1496898783244291        1.8211722472888951E-003
   933.00000000000000        1.1412063521431126        1.6860218786881552E-003
   934.00000000000000        1.1126164977491579        1.2610661009007751E-003
   935.00000000000000        1.0778705185966331        8.0491632734846184E-004
   936.00000000000000        1.0539224526696289        5.2674185694859764E-004
   937.00000000000000        1.0524575779283305        5.1064431332614767E-004
   938.00000000000000        1.0741906688520548        7.6030328212872537E-004
   939.00000000000000        1.1085172279189179        1.2038854640660406E-003
   940.00000000000000        1.1386878699707335        1.6467116863726893E-003
   941.00000000000000        1.1499810581586924        1.8258864081320129E-003
   942.00000000000000        1.1368863666269564        1.6188185824115996E-003
   943.00000000000000        1.1057932511775319        1.1663963675400740E-003
   944.00000000000000        1.0718733625842689        7.3256197028346095E-004
   945.00000000000000        1.0516776542201718        5.0211605789601637E-004
   946.00000000000000        1.0550604694021397        5.3931937415249676E-004
   947.00000000000000        1.0803711890194312        8.3562823775495227E-004
   948.00000000000000        1.1152596386582609        1.2984251339216407E-003
   949.00000000000000        1.1427022629494032        1.7095461410486438E-003
   950.00000000000000        1.1493086405629531        1.8150076668733497E-003
   951.00000000000000        1.1318552395425081        1.5419124205573614E-003
   952.00000000000000        1.0988583150548703        1.0727652910555894E-003
   953.00000000000000        1.0664184671107344        6.6832680366105579E-004
   954.00000000000000        1.0503644744301281        4.8782309415867925E-004
   955.00000000000000        1.0585297614530143        5.7805179216005402E-004
   956.00000000000000        1.0869301380656362        9.1771354149184584E-004
   957.00000000000000        1.1217078550658157        1.3911926910924021E-003
   958.00000000000000        1.1458933881903199        1.7601669886454306E-003
   959.00000000000000        1.1476855892736910        1.7888594415636822E-003
   960.00000000000000        1.1262099673374468        1.4573430355828748E-003
   961.00000000000000        1.0919453898562184        9.8199096677722172E-004
   962.00000000000000        1.0616109985417552        6.1294625098232505E-004
   963.00000000000000        1.0500082304601328        4.8395996923343733E-004
   964.00000000000000        1.0627985686953958        6.2652016581541260E-004
   965.00000000000000        1.0937410642774796        1.0053265406683933E-003
   966.00000000000000        1.1277375602588644        1.4800483683665017E-003
   967.00000000000000        1.1481997232702832        1.7971255426876161E-003
   968.00000000000000        1.1451431954627520        1.7482128935114914E-003
   969.00000000000000        1.1200593864877690        1.3672562959207298E-003
   970.00000000000000        1.0851877514255244        8.9569008359168065E-004
   971.00000000000000        1.0575436411480812        5.6698258853276576E-004
   972.00000000000000        1.0506157904129887        4.9055204906193713E-004
   973.00000000000000        1.0677845916462536        6.8427389482219236E-004
   974.00000000000000        1.1006726579970658        1.0970114582308831E-003
   975.00000000000000        1.1332325059601669        1.5628207282248265E-003
   976.00000000000000        1.1495768037128802        1.8193429415631992E-003
   977.00000000000000        1.1417304745972734        1.6942491989343170E-003
   978.00000000000000        1.1135220756651947        1.2738224343865387E-003
   979.00000000000000        1.0787156820720920        8.1526032265824696E-004
   980.00000000000000        1.0542948106080621        5.3085028565267786E-004
   981.00000000000000        1.0521754410033441        5.0755582971780122E-004
   982.00000000000000        1.0733917036446408        7.5070788474767723E-004
   983.00000000000000        1.1075912834658206        1.1910967189644446E-003
   984.00000000000000        1.1380867538722954        1.6373835534878060E-003
   985.00000000000000        1.1499980804736909        1.8261621527583599E-003
   986.00000000000000        1.1375132214453922        1.6285029952121113E-003
   987.00000000000000        1.1067240694266620        1.1791614814293582E-003
   988.00000000000000        1.0726539585317982        7.4187643021359168E-004
   989.00000000000000        1.0519271419709364        5.0484094316613081E-004
   990.00000000000000        1.0546571132930433        5.3485423005355376E-004
   991.00000000000000        1.0795118037014912        8.2503755619867190E-004
   992.00000000000000        1.1143635546654269        1.2857163738160683E-003
   993.00000000000000        1.1422067176475821        1.7017388528813343E-003
   994.00000000000000        1.1494554316269934        1.8173802445203978E-003
   995.00000000000000        1.1325727413817235        1.5527912591359080E-003
   996.00000000000000        1.0997964280675701        1.0852798447795952E-003
   997.00000000000000        1.0671194461398519        6.7649785280207990E-004
   998.00000000000000        1.0504862820543295        4.8914538210893289E-004
   999.00000000000000        1.0580129625623316        5.7224478641018639E-004
   1000.0000000000000        1.0860269007743426        9.0627706169844847E-004
   1001.0000000000000        1.1208589071862050        1.3788466433669040E-003
   1002.0000000000000        1.1455129674264140        1.7541009591845672E-003
   1003.0000000000000        1.1479593190631439        1.7932584460201449E-003
   1004.0000000000000        1.1270042832975342        1.4691328185661506E-003
   1005.0000000000000        1.0928727114231227        9.9402065811278820E-004
   1006.0000000000000        1.0622188462412367        6.1988523890921319E-004
   1007.0000000000000        1.0500000095978530        4.8387089390270637E-004
   1008.0000000000000        1.0621782905193240        6.1942170013156567E-004
   1009.0000000000000        1.0928113888374045        9.9322374904481999E-004
   1010.0000000000000        1.1269521156620361        1.4683574139080151E-003
   1011.0000000000000        1.1479417612736600        1.7929761486788630E-003
   1012.0000000000000        1.1455385866736729        1.7545092053873491E-003
   1013.0000000000000        1.1209152027520615        1.3796640866369362E-003
   1014.0000000000000        1.0860864036627520        9.0702915971051061E-004
   1015.0000000000000        1.0580466387884411        5.7262279063367415E-004
   1016.0000000000000        1.0504776995580343        4.8905219106244301E-004
   1017.0000000000000        1.0670727926853780        6.7595326912058180E-004
   1018.0000000000000        1.0997344678555594        1.0844518339046209E-003
   1019.0000000000000        1.1325257075002482        1.5520772228874667E-003
   1020.0000000000000        1.1494462738100457        1.8172321897430284E-003
   1021.0000000000000        1.1422399043827538        1.7022612593358131E-003
   1022.0000000000000        1.1144228927360182        1.2865565670772674E-003
   1023.0000000000000        1.0795683395442583        8.2573311347659275E-004
   1024.0000000000000        1.0546832607098882        5.3514344175768661E-004
   1025.0000000000000        1.0519101424423996        5.0465518026611943E-004
   1026.0000000000000        1.0726021068493972        7.4125675557276866E-004
   1027.0000000000000        1.1066626662270831        1.1783179562407766E-003
   1028.0000000000000        1.1374722279559661        1.6278689830047080E-003
   1029.0000000000000        1.1499974991578759        1.8261527357347498E-003
   1030.0000000000000        1.1381268683787513        1.6380053986141585E-003
   1031.0000000000000        1.1076525202241891        1.1919410516773397E-003
   1032.0000000000000        1.0734441825624110        7.5133715267945928E-004
   1033.0000000000000        1.0521935554811057        5.0775400888735322E-004
   1034.0000000000000        1.0542697218232464        5.3057325595222274E-004
   1035.0000000000000        1.0786596319077033        8.1457319004016597E-004
   1036.0000000000000        1.1134624133754853        1.2729806169590201E-003
   1037.0000000000000        1.1416963119457559        1.6937124480848481E-003
   1038.0000000000000        1.1495848101193542        1.8194724431649309E-003
   1039.0000000000000        1.1332787748103830        1.5635250255869285E-003
   1040.0000000000000        1.1007346127551241        1.0978425134432371E-003
   1041.0000000000000        1.0678320019560301        6.8482900081264864E-004
   1042.0000000000000        1.0506255227720147        4.9065779059647677E-004
   1043.0000000000000        1.0575109467252983        5.6661640851224620E-004
   1044.0000000000000        1.0851285832175219        8.9494497959796021E-004
   1045.0000000000000        1.1200026151746236        1.3664346629495209E-003
   1046.0000000000000        1.1451165222179476        1.7477884729602737E-003
   1047.0000000000000        1.1482161630167498        1.7973901142379599E-003
   1048.0000000000000        1.1277890913465165        1.4808166068834329E-003
   1049.0000000000000        1.0938025425014168        1.0061284931505287E-003
   1050.0000000000000        1.0628399962207182        6.2699494035237547E-004
   1051.0000000000000        1.0500093930388461        4.8397256635962120E-004
   1052.0000000000000        1.0615713288426885        6.1249402882591539E-004
   1053.0000000000000        1.0918842444076353        9.8119935010609264E-004
   1054.0000000000000        1.1261571815990272        1.4565608194408762E-003
   1055.0000000000000        1.1476669196476987        1.7885595706564322E-003
   1056.0000000000000        1.1459179443797081        1.7605588440842319E-003
   1057.0000000000000        1.1217636550634951        1.3920055920329693E-003
   1058.0000000000000        1.0869899546843107        9.1847241970288533E-004
   1059.0000000000000        1.0585644076255183        5.7844156152142101E-004
   1060.0000000000000        1.0503570448294517        4.8774246491106537E-004
   1061.0000000000000        1.0663725870065206        6.6779285131146171E-004
   1062.0000000000000        1.0987963712973441        1.0719406103088284E-003
   1063.0000000000000        1.1318074571201671        1.5411889856918764E-003
   1064.0000000000000        1.1492983345477805        1.8148411392002203E-003
   1065.0000000000000        1.1427344621319888        1.7100539344015457E-003
   1066.0000000000000        1.1153186317063111        1.2992633641097275E-003
   1067.0000000000000        1.0804281906350455        8.3633204207530761E-004
   1068.0000000000000        1.0550876662072128        5.3962072688335753E-004
   1069.0000000000000        1.0516617756772515        5.0194273542027894E-004
   1070.0000000000000        1.0718221564724066        7.3195202876681739E-004
   1071.0000000000000        1.1057317032484759        1.1655539657014565E-003
   1072.0000000000000        1.1368445085877996        1.6181727185060454E-003
   1073.0000000000000        1.1499793144185992        1.8258581622428145E-003
   1074.0000000000000        1.1387270913704581        1.6473210535969645E-003
   1075.0000000000000        1.1085782765837113        1.2047302848930633E-003
   1076.0000000000000        1.0742437566858893        7.6094200194301998E-004
   1077.0000000000000        1.0524768010030672        5.1085488361747480E-004
   1078.0000000000000        1.0538984312749533        5.2647704675821863E-004
   1079.0000000000000        1.0778149737615947        8.0423779120954305E-004
   1080.0000000000000        1.1125565320663291        1.2602229944738627E-003
   1081.0000000000000        1.1411712255506949        1.6854710584259785E-003
   1082.0000000000000        1.1496967304774204        1.8212831248708829E-003
   1083.0000000000000        1.1339730912439074        1.5741085729278016E-003
   1084.0000000000000        1.1016725387026338        1.1104489518053539E-003
   1085.0000000000000        1.0685558836782474        6.9331857747884193E-004
   1086.0000000000000        1.0507821475420496        4.9236013729339384E-004
   1087.0000000000000        1.0570238906947291        5.6116753077846643E-004
   1088.0000000000000        1.0842355017687113        8.8372049407205839E-004
   1089.0000000000000        1.1191392805196145        1.3539620811596040E-003
   1090.0000000000000        1.1447041920690770        1.7412328600429825E-003
   1091.0000000000000        1.1484560307772698        1.8012522231042527E-003
   1092.0000000000000        1.1285641153201669        1.4923890567332594E-003
   1093.0000000000000        1.0947345557111707        1.0183106449354463E-003
   1094.0000000000000        1.0634742297222342        6.3427409292037158E-004
   1095.0000000000000        1.0500363774757804        4.8426497459222662E-004
   1096.0000000000000        1.0609778973682782        6.0573836004422824E-004
   1097.0000000000000        1.0909599575144666        9.6925709410055890E-004
   1098.0000000000000        1.1253530379550980        1.4446639429964872E-003
   1099.0000000000000        1.1473752951901026        1.7838781820030784E-003
   1100.0000000000000        1.1462811350142692        1.7663586073885175E-003
   1101.0000000000000        1.1226044446107053        1.4042754644005544E-003
   1102.0000000000000        1.0878980863624150        9.3001658601904252E-004
   1103.0000000000000        1.0590967653065220        5.8443798377163830E-004
   1104.0000000000000        1.0502538686747718        4.8662302710631350E-004
   1105.0000000000000        1.0656842210033821        6.5979424732977212E-004
   1106.0000000000000        1.0978586983339267        1.0594820566491839E-003
   1107.0000000000000        1.1310780077755065        1.5301612061137224E-003
   1108.0000000000000        1.1491330380082712        1.8121710887965168E-003
   1109.0000000000000        1.1432139735730238        1.7176231942562642E-003
   1110.0000000000000        1.1162089771107004        1.3119376547057187E-003
   1111.0000000000000        1.0812949328598800        8.4705438335891793E-004
   1112.0000000000000        1.0555078846719750        5.4428150801723307E-004
   1113.0000000000000        1.0514304280829700        4.9941883720966071E-004
   1114.0000000000000        1.0710521271993172        7.2279577304150845E-004
   1115.0000000000000        1.1047987220316324        1.1528094768483784E-003
   1116.0000000000000        1.1362038168433157        1.6082995716240258E-003
   1117.0000000000000        1.1499435326504206        1.8252785928709360E-003
   1118.0000000000000        1.1393136790327758        1.6564452913250341E-003
   1119.0000000000000        1.1095010128344733        1.2175243395976152E-003
   1120.0000000000000        1.0750523990658556        7.7068876830100512E-004
   1121.0000000000000        1.0527767788149978        5.1414316729892168E-004
   1122.0000000000000        1.0535433725218128        5.2256616707806343E-004
   1123.0000000000000        1.0769781267382585        7.9403393956136803E-004
   1124.0000000000000        1.1116462299566170        1.2474486025884505E-003
   1125.0000000000000        1.1406316433923125        1.6770189106733518E-003
   1126.0000000000000        1.1497911533263085        1.8228113046268475E-003
   1127.0000000000000        1.1346554461559755        1.5845367959694263E-003
   1128.0000000000000        1.1026098759585867        1.1230947542700375E-003
   1129.0000000000000        1.0692908363642908        7.0196485180431167E-004
   1130.0000000000000        1.0509561012682442        4.9425221649039639E-004
   1131.0000000000000        1.0565519660023877        5.5589898541740456E-004
   1132.0000000000000        1.0833479706043891        8.7260672482327426E-004
   1133.0000000000000        1.1182692072760312        1.3414342130462190E-003
   1134.0000000000000        1.1442761221508211        1.7344375698047588E-003
   1135.0000000000000        1.1486788377953685        1.8048426882400974E-003
   1136.0000000000000        1.1293290821894835        1.5038448346305082E-003
   1137.0000000000000        1.0956684226256470        1.0305632103698359E-003
   1138.0000000000000        1.0641213233760984        6.4172138269884727E-004
   1139.0000000000000        1.0500809534184645        4.8474808425474599E-004
   1140.0000000000000        1.0603982050919418        5.9915585353788510E-004
   1141.0000000000000        1.0900388533117369        9.5740065295538558E-004
   1142.0000000000000        1.1245399679392176        1.4326721512571564E-003
   1143.0000000000000        1.1470669904884760        1.7789344913989205E-003
   1144.0000000000000        1.1466280306693484        1.7719054165536803E-003
   1145.0000000000000        1.1234372756125366        1.4164683500061399E-003
   1146.0000000000000        1.0888104788657245        9.4165830510064272E-004
   1147.0000000000000        1.0596435245563642        5.9061109947502880E-004
   1148.0000000000000        1.0501682074618468        4.8569401155572583E-004
   1149.0000000000000        1.0650079370436485        6.5195900715918191E-004
   1150.0000000000000        1.0969217794791934        1.0470803829392957E-003
   1151.0000000000000        1.1303376163692958        1.5189991086097642E-003
   1152.0000000000000        1.1489504424419348        1.8092234882881343E-003
   1153.0000000000000        1.1436782699762307        1.7249651141150115E-003
   1154.0000000000000        1.1170936157351927        1.3245742398798463E-003
   1155.0000000000000        1.0821682607067629        8.5789733167820697E-004
   1156.0000000000000        1.0559437682785457        5.4912511892114097E-004
   1157.0000000000000        1.0512161812056753        4.9708380269339368E-004
   1158.0000000000000        1.0702922899189764        7.1378998808745132E-004
   1159.0000000000000        1.1038640514366773        1.1400891709535809E-003
   1160.0000000000000        1.1355503781085103        1.5982544133024237E-003
   1161.0000000000000        1.1498901664658090        1.8244143440012293E-003
   1162.0000000000000        1.1398864250089360        1.6653735213717463E-003
   1163.0000000000000        1.1104204037275278        1.2303183142956466E-003
   1164.0000000000000        1.0758698251484196        7.8057517958260534E-004
   1165.0000000000000        1.0530933832070670        5.1761843001046925E-004
   1166.0000000000000        1.0532046704997482        5.1884114677456790E-004
   1167.0000000000000        1.0761493852319381        7.8396413951598530E-004
   1168.0000000000000        1.1107318273716489        1.2346624899731917E-003
   1169.0000000000000        1.1400777552871975        1.6683603188337778E-003
   1170.0000000000000        1.1498680453835588        1.8240561494764502E-003
   1171.0000000000000        1.1353255995002596        1.5948046402873256E-003
   1172.0000000000000        1.1035462941274279        1.1357754424393197E-003
   1173.0000000000000        1.0700366014679747        7.1076603525698368E-004
   1174.0000000000000        1.0511473226348473        4.9633379669142264E-004
   1175.0000000000000        1.0560953386681622        5.5081156304230897E-004
   1176.0000000000000        1.0824663025643042        8.6160672470887668E-004
   1177.0000000000000        1.1173927015245491        1.3288563480515075E-003
   1178.0000000000000        1.1438324633104537        1.7274061688808090E-003
   1179.0000000000000        1.1488845056731096        1.8081595709227324E-003
   1180.0000000000000        1.1300837228464937        1.5151786313923530E-003
   1181.0000000000000        1.0966038146281480        1.0428822205976050E-003
   1182.0000000000000        1.0647810495441812        6.4933544613957669E-004
   1183.0000000000000        1.0501431051546317        4.8542183813550294E-004
   1184.0000000000000        1.0598324559447463        5.9274761860599859E-004
   1185.0000000000000        1.0891212564731236        9.4563363284291639E-004
   1186.0000000000000        1.1237182575786622        1.4205908100312918E-003
   1187.0000000000000        1.1467421142150203        1.7737311458923147E-003
   1188.0000000000000        1.1469585093086503        1.7771963216910778E-003
   1189.0000000000000        1.1242618545101237        1.4285788790609918E-003
   1190.0000000000000        1.0897268112257690        9.5339415324594706E-004
   1191.0000000000000        1.0602044926516425        5.9695990243022429E-004
   1192.0000000000000        1.0501000913285761        4.8495552835325722E-004
   1193.0000000000000        1.0643439734370734        6.4428862655853338E-004
   1194.0000000000000        1.0959859444230047        1.0347397228474362E-003
   1195.0000000000000        1.1295865433610179        1.5077079443054822E-003
   1196.0000000000000        1.1487506121070299        1.8059999347530640E-003
   1197.0000000000000        1.1441271879569039        1.7320758735721213E-003
   1198.0000000000000        1.1179722357596102        1.3371678814035578E-003
   1199.0000000000000        1.0830478670357648        8.6885801638199615E-004
   1200.0000000000000        1.0563951633853135        5.5415085392642469E-004
