  0.41765602802272689        1.1000000000000001        5.1750295881671597     
  0.83531205604545378        1.1007853658655911        4.1716441811998157     
   1.2529680840681807        1.1015705379539065        3.4485883015412981     
   1.6706241120909076        1.1023553225354823        2.9254221946002388     
   2.0882801401136346        1.1031395259764658        2.5449890631346928     
   2.5059361681363614        1.1039229547863922        2.2666459768703344     
   2.9235921961590883        1.1047054156659257        2.0614681177393459     
   3.3412482241818151        1.1054867155545522        1.9088500873125851     
   3.7589042522045419        1.1062666616782153        1.7940964825661430     
   4.1765602802272692        1.1070450615968792        1.7067131325372782     
   4.5942163082499965        1.1078217232520116        1.6391947107419944     
   5.0118723362727238        1.1085964550139706        1.5861641004506641     
   5.4295283642954510        1.1093690657292863        1.5437611084437455     
   5.8471843923181783        1.1101393647678257        1.5092080014413678     
   6.2648404203409056        1.1109071620698272        1.4805004877819665     
   6.6824964483636329        1.1116722681927953        1.4561877383614841     
   7.1001524763863602        1.1124344943582429        1.4352156413976849     
   7.5178085044090874        1.1131936524982686        1.4168149928787261     
   7.9354645324318147        1.1139495553019616        1.4004216424670284     
   8.3531205604545420        1.1147020162616152        1.3856193826715535     
   8.7707765884772684        1.1154508497187474        1.3720990398000892     
   9.1884326164999948        1.1161958709099076        1.3596291187925273     
   9.6060886445227212        1.1169368960122648        1.3480346971803003     
   10.023744672545448        1.1176737421889629        1.3371822165580669     
   10.441400700568174        1.1184062276342339        1.3269684966903672     
   10.859056728590900        1.1191341716182546        1.3173127781492864     
   11.276712756613627        1.1198573945317392        1.3081509411658701     
   11.694368784636353        1.1205757179302556        1.2994312915452289     
   12.112024812659079        1.1212889645782538        1.2911114776496335     
   12.529680840681806        1.1219969584927958        1.2831562258763149     
   12.947336868704532        1.1226995249869773        1.2755356701286007     
   13.364992896727259        1.1233964907130287        1.2682241137058357     
   13.782648924749985        1.1240876837050859        1.2611991070616102     
   14.200304952772711        1.1247729334216205        1.2544407571464451     
   14.617960980795438        1.1254520707875186        1.2479312072164481     
   15.035617008818164        1.1261249282357975        1.2416542426534625     
   15.453273036840891        1.1267913397489500        1.2355949903564827     
   15.870929064863617        1.1274511408999066        1.2297396879474134     
   16.288585092886343        1.1281041688926066        1.2240755053260266     
   16.706241120909070        1.1287502626021639        1.2185904056829111     
   17.123897148931796        1.1293892626146238        1.2132730364134630     
   17.541553176954523        1.1300210112662943        1.2081126428162694     
   17.959209204977249        1.1306453526826490        1.2030989992509433     
   18.376865232999975        1.1312621328167853        1.1982223537516579     
   18.794521261022702        1.1318711994874346        1.1934733830715853     
   19.212177289045428        1.1324724024165094        1.1888431558600545     
   19.629833317068154        1.1330655932661826        1.1843231022188327     
   20.047489345090881        1.1336506256754888        1.1799049882915771     
   20.465145373113607        1.1342273552964346        1.1755808948481581     
   20.882801401136334        1.1347956398296157        1.1713431990595060     
   21.300457429159060        1.1353553390593274        1.1671845588358267     
   21.718113457181786        1.1359063148881594        1.1630978992373144     
   22.135769485204513        1.1364484313710705        1.1590764005712724     
   22.553425513227239        1.1369815547489306        1.1551134878702525     
   22.971081541249966        1.1375055534815230        1.1512028215087440     
   23.388737569272692        1.1380202982800016        1.1473382887648260     
   23.806393597295418        1.1385256621387896        1.1435139961716843     
   24.224049625318145        1.1390215203669165        1.1397242625338133     
   24.641705653340871        1.1395077506187845        1.1359636125069212     
   25.059361681363598        1.1399842329243546        1.1322267706588789     
   25.477017709386324        1.1404508497187473        1.1285086559445308     
   25.894673737409050        1.1409074858712511        1.1248043765389637     
   26.312329765431777        1.1413540287137283        1.1211092249832320     
   26.729985793454503        1.1417903680684136        1.1174186736044969     
   27.147641821477229        1.1422163962751009        1.1137283701787482     
   27.565297849499956        1.1426320082177046        1.1100341338087998     
   27.982953877522682        1.1430371013501972        1.1063319509949932     
   28.400609905545409        1.1434315757219096        1.1026179718788411     
   28.818265933568135        1.1438153340021933        1.0988885066428042     
   29.235921961590861        1.1441882815044346        1.0951400220513383     
   29.653577989613588        1.1445503262094185        1.0913691381206874     
   30.071234017636314        1.1449013787880309        1.0875726249055795     
   30.488890045659041        1.1452413526233010        1.0837473993932569     
   30.906546073681767        1.1455701638317723        1.0798905224954136     
   31.324202101704493        1.1458877312841991        1.0759991961299471     
   31.741858129727220        1.1461939766255644        1.0720707603854303     
   32.159514157749946        1.1464888242944127        1.0681026907611004     
   32.577170185772673        1.1467722015414934        1.0640925954764686     
   32.994826213795399        1.1470440384477114        1.0600382128449302     
   33.412482241818125        1.1473042679413774        1.0559374087057203     
   33.830138269840852        1.1475528258147578        1.0517881739098789     
   34.247794297863578        1.1477896507399166        1.0475886218552519     
   34.665450325886304        1.1480146842838472        1.0433369860665687     
   35.083106353909031        1.1482278709228899        1.0390316178165528     
   35.500762381931757        1.1484291580564316        1.0346709837845904     
   35.918418409954484        1.1486184960198840        1.0302536637493567     
   36.336074437977210        1.1487958380969374        1.0257783483123679     
   36.753730465999936        1.1489611405310884        1.0212438366496268     
   37.171386494022663        1.1491143625364346        1.0166490342883676     
   37.589042522045389        1.1492554663077388        1.0119929509067187     
   38.006698550068116        1.1493844170297569        1.0072746981538070     
   38.424354578090842        1.1495011828858279        1.0024934874881541     
   38.842010606113568        1.1496057350657241       0.99764862803256349     
   39.259666634136295        1.1496980477727590       0.99273952444369817     
   39.677322662159021        1.1497780982301542       0.98776567479477295     
   40.094978690181748        1.1498458666866564       0.98272666846987689     
   40.512634718204474        1.1499013364214137       0.97762218406891532     
   40.930290746227200        1.1499444937480985       0.97245198732178695     
   41.347946774249927        1.1499753280182867       0.96721592901112086     
   41.765602802272653        1.1499938316240832       0.96191394290264931     
   42.183258830295379        1.1500000000000001       0.95654604368268192     
   42.600914858318106        1.1499938316240832       0.95111232490209308     
   43.018570886340832        1.1499753280182867       0.94561295692651814     
   43.436226914363559        1.1499444937480985       0.94004818489254038     
   43.853882942386285        1.1499013364214137       0.93441832666974445     
   44.271538970409011        1.1498458666866564       0.92872377082860813     
   44.689194998431738        1.1497780982301542       0.92296497461445981     
   45.106851026454464        1.1496980477727590       0.91714246192761817     
   45.524507054477191        1.1496057350657241       0.91125682131021390     
   45.942163082499917        1.1495011828858279       0.90530870393987328     
   46.359819110522643        1.1493844170297569       0.89929882163109687     
   46.777475138545370        1.1492554663077388       0.89322794484470724     
   47.195131166568096        1.1491143625364346       0.88709690070614633     
   47.612787194590823        1.1489611405310884       0.88090657103338499     
   48.030443222613549        1.1487958380969374       0.87465789037532415     
   48.448099250636275        1.1486184960198840       0.86835184406145138     
   48.865755278659002        1.1484291580564316       0.86198946626376605     
   49.283411306681728        1.1482278709228899       0.85557183807209614     
   49.701067334704454        1.1480146842838472       0.84910008558356753     
   50.118723362727181        1.1477896507399166       0.84257537800756988     
   50.536379390749907        1.1475528258147578       0.83599892578722013     
   50.954035418772634        1.1473042679413774       0.82937197873836788     
   51.371691446795360        1.1470440384477114       0.82269582420747733     
   51.789347474818086        1.1467722015414934       0.81597178524941094     
   52.207003502840813        1.1464888242944127       0.80920121882637697     
   52.624659530863539        1.1461939766255644       0.80238551402903413     
   53.042315558886266        1.1458877312841991       0.79552609032131472     
   53.459971586908992        1.1455701638317723       0.78862439580963095     
   53.877627614931718        1.1452413526233012       0.78168190553802930     
   54.295283642954445        1.1449013787880309       0.77470011981023690     
   54.712939670977171        1.1445503262094185       0.76768056253972394     
   55.130595698999898        1.1441882815044349       0.76062477962886677     
   55.548251727022624        1.1438153340021933       0.75353433737834463     
   55.965907755045350        1.1434315757219098       0.74641082092768596     
   56.383563783068077        1.1430371013501974       0.73925583272798501     
   56.801219811090803        1.1426320082177048       0.73207099104775486     
   57.218875839113529        1.1422163962751009       0.72485792851273201     
   57.636531867136256        1.1417903680684136       0.71761829068057637     
   58.054187895158982        1.1413540287137283       0.71035373465107887     
   58.471843923181709        1.1409074858712513       0.70306592771283494     
   58.889499951204435        1.1404508497187476       0.69575654602689563     
   59.307155979227161        1.1399842329243546       0.68842727334801945     
   59.724812007249888        1.1395077506187847       0.68107979978420008     
   60.142468035272614        1.1390215203669167       0.67371582059469903     
   60.560124063295341        1.1385256621387896       0.66633703502740482     
   60.977780091318067        1.1380202982800016       0.65894514519546366     
   61.395436119340793        1.1375055534815230       0.65154185499373551     
   61.813092147363520        1.1369815547489306       0.64412886905515154     
   62.230748175386246        1.1364484313710708       0.63670789174728815     
   62.648404203408973        1.1359063148881596       0.62928062620901171     
   63.066060231431699        1.1353553390593276       0.62184877342747369     
   63.483716259454425        1.1347956398296160       0.61441403135519346     
   63.901372287477152        1.1342273552964346       0.60697809406715275     
   64.319028315499878        1.1336506256754888       0.59954265095789017     
   64.736684343522612        1.1330655932661828       0.59210938597803997     
   65.154340371545345        1.1324724024165094       0.58467997691020746     
   65.571996399568079        1.1318711994874346       0.57725609468387906     
   65.989652427590812        1.1312621328167853       0.56983940272860778     
   66.407308455613546        1.1306453526826490       0.56243155636525144     
   66.824964483636279        1.1300210112662943       0.55503420223457078     
   67.242620511659013        1.1293892626146238       0.54764897776271249     
   67.660276539681746        1.1287502626021642       0.54027751066253860     
   68.077932567704480        1.1281041688926066       0.53292141847057140     
   68.495588595727213        1.1274511408999066       0.52558230811844875     
   68.913244623749947        1.1267913397489500       0.51826177553799602     
   69.330900651772680        1.1261249282357975       0.51096140529937650     
   69.748556679795414        1.1254520707875186       0.50368277028105968     
   70.166212707818147        1.1247729334216205       0.49642743137089163     
   70.583868735840881        1.1240876837050857       0.48919693719702712     
   71.001524763863614        1.1233964907130287       0.48199282388802833     
   71.419180791886347        1.1226995249869773       0.47481661486065707     
   71.836836819909081        1.1219969584927958       0.46766982063461654     
   72.254492847931814        1.1212889645782536       0.46055393867291244     
   72.672148875954548        1.1205757179302553       0.45347045324679924     
   73.089804903977281        1.1198573945317389       0.44642083532401033     
   73.507460932000015        1.1191341716182546       0.43940654247929561     
   73.925116960022748        1.1184062276342339       0.43242901882572993     
   74.342772988045482        1.1176737421889629       0.42548969496607036     
   74.760429016068215        1.1169368960122645       0.41858998796237823     
   75.178085044090949        1.1161958709099074       0.41173130132311220     
   75.595741072113682        1.1154508497187472       0.40491502500622484     
   76.013397100136416        1.1147020162616150       0.39814253543707906     
   76.431053128159149        1.1139495553019614       0.39141519553998916     
   76.848709156181883        1.1131936524982686       0.38473435478207485     
   77.266365184204616        1.1124344943582425       0.37810134922826277     
   77.684021212227350        1.1116722681927951       0.37151750160621810     
   78.101677240250083        1.1109071620698270       0.36498412137986896     
   78.519333268272817        1.1101393647678255       0.35850250483054358     
   78.936989296295550        1.1093690657292861       0.35207393514435170     
   79.354645324318284        1.1085964550139702       0.34569968250473199     
   79.772301352341017        1.1078217232520113       0.33938100418900546     
   80.189957380363751        1.1070450615968790       0.33311914466777726     
   80.607613408386484        1.1062666616782149       0.32691533570616521     
   81.025269436409218        1.1054867155545520       0.32077079646573919     
   81.442925464431951        1.1047054156659255       0.31468673360601779     
   81.860581492454685        1.1039229547863920       0.30866434138471788     
   82.278237520477418        1.1031395259764654       0.30270480175560338     
   82.695893548500152        1.1023553225354819       0.29680928446302685     
   83.113549576522885        1.1015705379539060       0.29097894713220046     
   83.531205604545619        1.1007853658655906       0.28521493535441167     
   83.948861632568352        1.0999999999999996       0.27951838276622171     
   84.366517660591086        1.0992146341344087       0.27389041112183715     
   84.784173688613819        1.0984294620460933       0.26833213035792808     
   85.201829716636553        1.0976446774645174       0.26284463865019447     
   85.619485744659286        1.0968604740235339       0.25742902246078875     
   86.037141772682020        1.0960770452136073       0.25208635657609241     
   86.454797800704753        1.0952945843340738       0.24681770413427451     
   86.872453828727487        1.0945132844454473       0.24162411664181868     
   87.290109856750220        1.0937333383217844       0.23650663397875446     
   87.707765884772954        1.0929549384031203       0.23146628439185335     
   88.125421912795687        1.0921782767479880       0.22650408447561604     
   88.543077940818421        1.0914035449860291       0.22162103914027975     
   88.960733968841154        1.0906309342707132       0.21681814156681442     
   89.378389996863888        1.0898606352321738       0.21209637314845839     
   89.796046024886621        1.0890928379301723       0.20745670341838157     
   90.213702052909355        1.0883277318072042       0.20290008996351389     
   90.631358080932088        1.0875655056417568       0.19842747832409874     
   91.049014108954822        1.0868063475017309       0.19403980187899020     
   91.466670136977555        1.0860504446980379       0.18973798171644038     
   91.884326165000289        1.0852979837383843       0.18552292649053162     
   92.301982193023022        1.0845491502812521       0.18139553226293809     
   92.719638221045756        1.0838041290900919       0.17735668233031585     
   93.137294249068489        1.0830631039877348       0.17340724703723948     
   93.554950277091223        1.0823262578110366       0.16954808357484480     
   93.972606305113956        1.0815937723657656       0.16578003576520017     
   94.390262333136690        1.0808658283817449       0.16210393383186536     
   94.807918361159423        1.0801426054682604       0.15852059415655134     
   95.225574389182157        1.0794242820697439       0.15503081902235311     
   95.643230417204890        1.0787110354217457       0.15163539634376852     
   96.060886445227624        1.0780030415072037       0.14833509938389769     
   96.478542473250357        1.0773004750130220       0.14513068645911212     
   96.896198501273091        1.0766035092869708       0.14202290063178111     
   97.313854529295824        1.0759123162949136       0.13901246939115883     
   97.731510557318558        1.0752270665783790       0.13610010432341901     
   98.149166585341291        1.0745479292124809       0.13328650077081308     
   98.566822613364025        1.0738750717642018       0.13057233748086947     
   98.984478641386758        1.0732086602510496       0.12795827624608477     
   99.402134669409492        1.0725488591000927       0.12544496153458945     
   99.819790697432225        1.0718958311073927       0.12303302011267041     
   100.23744672545496        1.0712497373978354       0.12072306065957254     
   100.65510275347769        1.0706107373853757       0.11851567337532949     
   101.07275878150043        1.0699789887337052       0.11641142958242671     
   101.49041480952316        1.0693546473173505       0.11441088132181351     
   101.90807083754589        1.0687378671832142       0.11251456094428126     
   102.32572686556863        1.0681288005125649       0.11072298069765199     
   102.74338289359136        1.0675275975834901       0.10903663231085862     
   103.16103892161409        1.0669344067338167       0.10745598657549192     
   103.57869494963683        1.0663493743245107       0.10598149292577738     
   103.99635097765956        1.0657726447035649       0.10461357901763502     
   104.41400700568229        1.0652043601703836       0.10335265030793891     
   104.83166303370503        1.0646446609406719       0.10219908963443065     
   105.24931906172776        1.0640936851118399       0.10115325679750320     
   105.66697508975049        1.0635515686289287       0.10021548814448060     
   106.08463111777323        1.0630184452510689        9.9386096157382947E-002
   106.50228714579596        1.0624944465184765        9.8665369044903056E-002
   106.91994317381869        1.0619797017199979        9.8053570339664969E-002
   107.33759920184143        1.0614743378612099        9.7550938501373266E-002
   107.75525522986416        1.0609784796330828        9.7157686526963369E-002
   108.17291125788689        1.0604922493812148        9.6874001568444931E-002
   108.59056728590963        1.0600157670756449        9.6700044559247286E-002
   109.00822331393236        1.0595491502812520        9.6635949850130270E-002
   109.42587934195510        1.0590925141287482        9.6681824855319648E-002
   109.84353536997783        1.0586459712862712        9.6837749709602974E-002
   110.26119139800056        1.0582096319315859        9.7103776937447123E-002
   110.67884742602330        1.0577836037248987        9.7479931134737297E-002
   111.09650345404603        1.0573679917822949        9.7966208663881532E-002
   111.51415948206876        1.0569628986498023        9.8562577363224393E-002
   111.93181551009150        1.0565684242780899        9.9268976271313675E-002
   112.34947153811423        1.0561846659978062       0.10008531536680394     
   112.76712756613696        1.0558117184955649       0.10101147532471902     
   113.18478359415970        1.0554496737905812       0.10204730728964913     
   113.60243962218243        1.0550986212119686       0.10319263266655507     
   114.02009565020516        1.0547586473766986       0.10444724292990433     
   114.43775167822790        1.0544298361682272       0.10581089945142864     
   114.85540770625063        1.0541122687158004       0.10728333334733435     
   115.27306373427336        1.0538060233744353       0.10886424534536995     
   115.69071976229610        1.0535111757055871       0.11055330567211995     
   116.10837579031883        1.0532277984585063       0.11235015396120542     
   116.52603181834156        1.0529559615522883       0.11425439918254066     
   116.94368784636430        1.0526957320586223       0.11626561959322713     
   117.36134387438703        1.0524471741852419       0.11838336271024062     
   117.77899990240977        1.0522103492600832       0.12060714530534317     
   118.19665593043250        1.0519853157161525       0.12293645342242521     
   118.61431195845523        1.0517721290771098       0.12537074241741616     
   119.03196798647797        1.0515708419435681       0.12790943702105945     
   119.44962401450070        1.0513815039801160       0.13055193142462071     
   119.86728004252343        1.0512041619030623       0.13329758938849551     
   120.28493607054617        1.0510388594689115       0.13614574437411125     
   120.70259209856890        1.0508856374635653       0.13909569969861771     
   121.12024812659163        1.0507445336922612       0.14214672871282111     
   121.53790415461437        1.0506155829702430       0.14529807500189598     
   121.95556018263710        1.0504988171141720       0.14854895260904419     
   122.37321621065983        1.0503942649342759       0.15189854628164726     
   122.79087223868257        1.0503019522272410       0.15534601173998214     
   123.20852826670530        1.0502219017698460       0.15889047596796721     
   123.62618429472803        1.0501541333133435       0.16253103752588979     
   124.04384032275077        1.0500986635785865       0.16626676688464254     
   124.46149635077350        1.0500555062519015       0.17009670678103064     
   124.87915237879623        1.0500246719817135       0.17401987259395374     
   125.29680840681897        1.0500061683759170       0.17803525274072002     
   125.71446443484170        1.0500000000000000       0.18214180909328145     
   126.13212046286444        1.0500061683759170       0.18633847741355597     
   126.54977649088717        1.0500246719817135       0.19062416780762148     
   126.96743251890990        1.0500555062519017       0.19499776519778556     
   127.38508854693264        1.0500986635785865       0.19945812981221309     
   127.80274457495537        1.0501541333133437       0.20400409769137254     
   128.22040060297809        1.0502219017698462       0.20863448121035605     
   128.63805663100081        1.0503019522272412       0.21334806961672226     
   129.05571265902353        1.0503942649342763       0.21814362958287026     
   129.47336868704625        1.0504988171141725       0.22301990577215244     
   129.89102471506897        1.0506155829702435       0.22797562141804539     
   130.30868074309168        1.0507445336922616       0.23300947891550669     
   130.72633677111440        1.0508856374635660       0.23812016042354453     
   131.14399279913712        1.0510388594689122       0.24330632847834172     
   131.56164882715984        1.0512041619030630       0.24856662661586443     
   131.97930485518256        1.0513815039801166       0.25389968000318619     
   132.39696088320528        1.0515708419435690       0.25930409607749760     
   132.81461691122800        1.0517721290771107       0.26477846519198295     
   133.23227293925072        1.0519853157161534       0.27032136126759920     
   133.64992896727344        1.0522103492600841       0.27593134244973427     
   134.06758499529616        1.0524471741852428       0.28160695176893979     
   134.48524102331888        1.0526957320586234       0.28734671780469639     
   134.90289705134160        1.0529559615522894       0.29314915535120062     
   135.32055307936432        1.0532277984585072       0.29901276608449073     
   135.73820910738704        1.0535111757055882       0.30493603922963014     
   136.15586513540975        1.0538060233744364       0.31091745222719852     
   136.57352116343247        1.0541122687158015       0.31695547139816704     
   136.99117719145519        1.0544298361682285       0.32304855260617443     
   137.40883321947791        1.0547586473766997       0.32919514191627464     
   137.82648924750063        1.0550986212119700       0.33539367624935723     
   138.24414527552335        1.0554496737905823       0.34164258403124342     
   138.66180130354607        1.0558117184955660       0.34794028583567316     
   139.07945733156879        1.0561846659978076       0.35428519502028105     
   139.49711335959151        1.0565684242780913       0.36067571835476603     
   139.91476938761423        1.0569628986498036       0.36711025664046154     
   140.33242541563695        1.0573679917822962       0.37358720532044648     
   140.75008144365967        1.0577836037249000       0.38010495507958519     
   141.16773747168239        1.0582096319315872       0.38666189243354832     
   141.58539349970511        1.0586459712862728       0.39325640030638620     
   142.00304952772782        1.0590925141287497       0.39988685859570172     
   142.42070555575054        1.0595491502812535       0.40655164472501731     
   142.83836158377326        1.0600157670756463       0.41324913418258230     
   143.25601761179598        1.0604922493812163       0.41997770104607740     
   143.67367363981870        1.0609784796330843       0.42673571849266373     
   144.09132966784142        1.0614743378612115       0.43352155929397523     
   144.50898569586414        1.0619797017199992       0.44033359629536933     
   144.92664172388686        1.0624944465184778       0.44717020287925952     
   145.34429775190958        1.0630184452510705       0.45402975341186769     
   145.76195377993230        1.0635515686289303       0.46091062367324903     
   146.17960980795502        1.0640936851118414       0.46781119127025161     
   146.59726583597774        1.0646446609406734       0.47472983603188534     
   147.01492186400046        1.0652043601703851       0.48166494038726915     
   147.43257789202318        1.0657726447035665       0.48861488972556633     
   147.85023392004589        1.0663493743245123       0.49557807273801668     
   148.26788994806861        1.0669344067338182       0.50255288174176760     
   148.68554597609133        1.0675275975834917       0.50953771298566486     
   149.10320200411405        1.0681288005125664       0.51653096693760980     
   149.52085803213677        1.0687378671832157       0.52353104855384724     
   149.93851406015949        1.0693546473173521       0.53053636753000932     
   150.35617008818221        1.0699789887337066       0.53754533853412023     
   150.77382611620493        1.0706107373853773       0.54455638142157836     
   151.19148214422765        1.0712497373978369       0.55156792143238931     
   151.60913817225037        1.0718958311073943       0.55857838937081117     
   152.02679420027309        1.0725488591000942       0.56558622176767182     
   152.44445022829581        1.0732086602510511       0.57258986102562004     
   152.86210625631853        1.0738750717642034       0.57958775554767339     
   153.27976228434125        1.0745479292124822       0.58657835984941420     
   153.69741831236396        1.0752270665783805       0.59356013465522650     
   154.11507434038668        1.0759123162949151       0.60053154697896938     
   154.53273036840940        1.0766035092869721       0.60749107018966753     
   154.95038639643212        1.0773004750130235       0.61443718406268699     
   155.36804242445484        1.0780030415072051       0.62136837481675300     
   155.78569845247756        1.0787110354217471       0.62828313513775313     
   156.20335448050028        1.0794242820697453       0.63517996418956069     
   156.62101050852300        1.0801426054682617       0.64205736761275589     
   157.03866653654572        1.0808658283817463       0.64891385751179009     
   157.45632256456844        1.0815937723657669       0.65574795243132755     
   157.87397859259116        1.0823262578110380       0.66255817732251721     
   158.29163462061388        1.0830631039877361       0.66934306349981765     
   158.70929064863660        1.0838041290900933       0.67610114858936965     
   159.12694667665932        1.0845491502812534       0.68283097646937840     
   159.54460270468203        1.0852979837383856       0.68953109720369998     
   159.96225873270475        1.0860504446980392       0.69620006696915704     
   160.37991476072747        1.0868063475017320       0.70283644797759182     
   160.79757078875019        1.0875655056417579       0.70943880839349616     
   161.21522681677291        1.0883277318072053       0.71600572224808090     
   161.63288284479563        1.0890928379301736       0.72253576935073183     
   162.05053887281835        1.0898606352321751       0.72902753519863339     
   162.46819490084107        1.0906309342707143       0.73547961088573743     
   162.88585092886379        1.0914035449860302       0.74189059301169169     
   163.30350695688651        1.0921782767479891       0.74825908359186888     
   163.72116298490923        1.0929549384031214       0.75458368996944325     
   164.13881901293195        1.0937333383217853       0.76086302473027712     
   164.55647504095467        1.0945132844454484       0.76709570562179419     
   164.97413106897739        1.0952945843340749       0.77328035547659646     
   165.39178709700010        1.0960770452136084       0.77941560214189898     
   165.80944312502282        1.0968604740235348       0.78550007841560965     
   166.22709915304554        1.0976446774645183       0.79153242199009044     
   166.64475518106826        1.0984294620460942       0.79751127540438171     
   167.06241120909098        1.0992146341344093       0.80343528600594283     
   167.48006723711370        1.1000000000000005       0.80930310592283150     
   167.89772326513642        1.1007853658655915       0.81511339204689714     
   168.31537929315914        1.1015705379539069       0.82086480602931500     
   168.73303532118186        1.1023553225354825       0.82655601428892755     
   169.15069134920458        1.1031395259764660       0.83218568803446658     
   169.56834737722730        1.1039229547863927       0.83775250330123219     
   169.98600340525002        1.1047054156659262       0.84325514100328358     
   170.40365943327274        1.1054867155545527       0.84869228700164934     
   170.82131546129546        1.1062666616782155       0.85406263218943002     
   171.23897148931817        1.1070450615968794       0.85936487259439709     
   171.65662751734089        1.1078217232520118       0.86459770949981307     
   172.07428354536361        1.1085964550139709       0.86975984958409402     
   172.49193957338633        1.1093690657292865       0.87485000507977073     
   172.90959560140905        1.1101393647678259       0.87986689395258599     
   173.32725162943177        1.1109071620698274       0.88480924010089113     
   173.74490765745449        1.1116722681927955       0.88967577357605443     
   174.16256368547721        1.1124344943582429       0.89446523082423435     
   174.58021971349993        1.1131936524982688       0.89917635494980630     
   174.99787574152265        1.1139495553019616       0.90380789600092937     
   175.41553176954537        1.1147020162616155       0.90835861127741668     
   175.83318779756809        1.1154508497187476       0.91282726566113026     
   176.25084382559081        1.1161958709099076       0.91721263196915792     
   176.66849985361353        1.1169368960122648       0.92151349132988469     
   177.08615588163624        1.1176737421889631       0.92572863358188384     
   177.50381190965896        1.1184062276342341       0.92985685769577453     
   177.92146793768168        1.1191341716182546       0.93389697221910095     
   178.33912396570440        1.1198573945317392       0.93784779574380406     
   178.75677999372712        1.1205757179302556       0.94170815739639513     
   179.17443602174984        1.1212889645782538       0.94547689735052176     
   179.59209204977256        1.1219969584927958       0.94915286736166693     
   180.00974807779528        1.1226995249869773       0.95273493132353793     
   180.42740410581800        1.1233964907130287       0.95622196584584862     
   180.84506013384072        1.1240876837050857       0.95961286085297071     
   181.26271616186344        1.1247729334216203       0.96290652020292500     
   181.68037218988616        1.1254520707875186       0.96610186232612838     
   182.09802821790888        1.1261249282357975       0.96919782088324546     
   182.51568424593160        1.1267913397489497       0.97219334544136127     
   182.93334027395431        1.1274511408999066       0.97508740216787015     
   183.35099630197703        1.1281041688926066       0.97787897454093287     
   183.76865232999975        1.1287502626021639       0.98056706407599692     
   184.18630835802247        1.1293892626146236       0.98315069106703445     
   184.60396438604519        1.1300210112662941       0.98562889534180897     
   185.02162041406791        1.1306453526826488       0.98800073702987690     
   185.43927644209063        1.1312621328167851       0.99026529734224489     
   185.85693247011335        1.1318711994874344       0.99242167936166070     
   186.27458849813607        1.1324724024165091       0.99446900884205336     
   186.69224452615879        1.1330655932661824       0.99640643501606851     
   187.10990055418151        1.1336506256754886       0.99823313140923409     
   187.52755658220423        1.1342273552964344       0.99994829665945595     
   187.94521261022695        1.1347956398296155        1.0015511553403929     
   188.36286863824967        1.1353553390593272        1.0030409587873861     
   188.78052466627238        1.1359063148881594        1.0044169859241754     
   189.19818069429510        1.1364484313710705        1.0056785440892204     
   189.61583672231782        1.1369815547489304        1.0068249698598803     
   190.03349275034054        1.1375055534815228        1.0078556298729264     
   190.45114877836326        1.1380202982800014        1.0087699216397623     
   190.86880480638598        1.1385256621387894        1.0095672743548154     
   191.28646083440870        1.1390215203669163        1.0102471496953513     
   191.70411686243142        1.1395077506187843        1.0108090426112337     
   192.12177289045414        1.1399842329243544        1.0112524821027344     
   192.53942891847686        1.1404508497187471        1.0115770319850539     
   192.95708494649958        1.1409074858712509        1.0117822916375883     
   193.37474097452230        1.1413540287137278        1.0118678967365160     
   193.79239700254502        1.1417903680684134        1.0118335199689634     
   194.21005303056774        1.1422163962751006        1.0116788717270884     
   194.62770905859045        1.1426320082177044        1.0114037007806427     
   195.04536508661317        1.1430371013501970        1.0110077949262108     
   195.46302111463589        1.1434315757219093        1.0104909816116421     
   195.88067714265861        1.1438153340021930        1.0098531285342451     
   196.29833317068133        1.1441882815044344        1.0090941442111494     
   196.71598919870405        1.1445503262094183        1.0082139785203215     
   197.13364522672677        1.1449013787880307        1.0072126232109282     
   197.55130125474949        1.1452413526233007        1.0060901123817150     
   197.96895728277221        1.1455701638317721        1.0048465229259411     
   198.38661331079493        1.1458877312841989        1.0034819749415931     
   198.80426933881765        1.1461939766255642        1.0019966321059930     
   199.22192536684037        1.1464888242944125        1.0003907020132219     
   199.63958139486309        1.1467722015414932       0.99866443647361569     
   200.05723742288581        1.1470440384477112       0.99681813177419831     
   200.47489345090852        1.1473042679413772       0.99485212889907948     
   200.89254947893124        1.1475528258147576       0.99276681370912967     
   201.31020550695396        1.1477896507399163       0.99056261707996862     
   201.72786153497668        1.1480146842838470       0.98824001499774861     
   202.14551756299940        1.1482278709228897       0.98579952861194520     
   202.56317359102212        1.1484291580564314       0.98324172424483736     
   202.98082961904484        1.1486184960198838       0.98056721335704944     
   203.39848564706756        1.1487958380969372       0.97777665246900658     
   203.81614167509028        1.1489611405310882       0.97487074303787424     
   204.23379770311300        1.1491143625364344       0.97185023128989134     
   204.65145373113572        1.1492554663077386       0.96871590800817853     
   205.06910975915844        1.1493844170297569       0.96546860827579095     
   205.48676578718116        1.1495011828858279       0.96210921117433323     
   205.90442181520388        1.1496057350657238       0.95863863943829331     
   206.32207784322659        1.1496980477727590       0.95505785906547280     
   206.73973387124931        1.1497780982301540       0.95136787888376728     
   207.15738989927203        1.1498458666866564       0.94756975007505906     
   207.57504592729475        1.1499013364214137       0.94366456565651191     
   207.99270195531747        1.1499444937480985       0.93965345992027893     
   208.41035798334019        1.1499753280182867       0.93553760783213458     
   208.82801401136291        1.1499938316240832       0.93131822439003586     
   209.24567003938563        1.1500000000000001       0.92699656394358210     
   209.66332606740835        1.1499938316240832       0.92257391947532319     
   210.08098209543107        1.1499753280182867       0.91805162184508038     
   210.49863812345379        1.1499444937480987       0.91343103899851374     
   210.91629415147651        1.1499013364214137       0.90871357514111006     
   211.33395017949923        1.1498458666866567       0.90390066987910145     
   211.75160620752195        1.1497780982301542       0.89899379732839890     
   212.16926223554466        1.1496980477727592       0.89399446519355874     
   212.58691826356738        1.1496057350657241       0.88890421381766238     
   213.00457429159010        1.1495011828858281       0.88372461520524992     
   213.42223031961282        1.1493844170297571       0.87845727201957369     
   213.83988634763554        1.1492554663077390       0.87310381655619473     
   214.25754237565826        1.1491143625364348       0.86766590969430901     
   214.67519840368098        1.1489611405310887       0.86214523982779112     
   215.09285443170370        1.1487958380969376       0.85654352177779214     
   215.51051045972642        1.1486184960198842       0.85086249568850358     
   215.92816648774914        1.1484291580564319       0.84510392590820005     
   216.34582251577186        1.1482278709228904       0.83926959985726679     
   216.76347854379458        1.1480146842838477       0.83336132688510034     
   217.18113457181730        1.1477896507399170       0.82738093711797722     
   217.59879059984002        1.1475528258147583       0.82133028029950461     
   218.01644662786273        1.1473042679413779       0.81521122462575213     
   218.43410265588545        1.1470440384477119       0.80902565557691730     
   218.85175868390817        1.1467722015414941       0.80277547474735800     
   219.26941471193089        1.1464888242944131       0.79646259867588887     
   219.68707073995361        1.1461939766255649       0.79008895767830578     
   220.10472676797633        1.1458877312841997       0.78365649468366616     
   220.52238279599905        1.1455701638317730       0.77716716407641651     
   220.94003882402177        1.1452413526233016       0.77062293054603503     
   221.35769485204449        1.1449013787880316       0.76402576794583787     
   221.77535088006721        1.1445503262094192       0.75737765816264380     
   222.19300690808993        1.1441882815044355       0.75068058999906251     
   222.61066293611265        1.1438153340021939       0.74393655806977976     
   223.02831896413537        1.1434315757219105       0.73714756171366558     
   223.44597499215809        1.1430371013501981       0.73031560392270800     
   223.86363102018080        1.1426320082177055       0.72344269028980013     
   224.28128704820352        1.1422163962751017       0.71653082797624157     
   224.69894307622624        1.1417903680684145       0.70958202470035647     
   225.11659910424896        1.1413540287137292       0.70259828774872335     
   225.53425513227168        1.1409074858712522       0.69558162301074000     
   225.95191116029440        1.1404508497187484       0.68853403403792446     
   226.36956718831712        1.1399842329243557       0.68145752112890379     
   226.78722321633984        1.1395077506187856       0.67435408044076561     
   227.20487924436256        1.1390215203669176       0.66722570312813467     
   227.62253527238528        1.1385256621387907       0.66007437451021234     
   228.04019130040800        1.1380202982800027       0.65290207326682914     
   228.45784732843072        1.1375055534815242       0.64571077066402693     
   228.87550335645344        1.1369815547489317       0.63850242980973770     
   229.29315938447616        1.1364484313710719       0.63127900493992606     
   229.71081541249887        1.1359063148881607       0.62404244073578141     
   230.12847144052159        1.1353553390593287       0.61679467167207802     
   230.54612746854431        1.1347956398296171       0.60953762139702539     
   230.96378349656703        1.1342273552964357       0.60227320214378433     
   231.38143952458975        1.1336506256754901       0.59500331417370977     
   231.79909555261247        1.1330655932661842       0.58772984525114924     
   232.21675158063519        1.1324724024165107       0.58045467015017893     
   232.63440760865791        1.1318711994874360       0.57317965019261696     
   233.05206363668063        1.1312621328167867       0.56590663281742448     
   233.46971966470335        1.1306453526826503       0.55863745118113151     
   233.88737569272607        1.1300210112662958       0.55137392378892047     
   234.30503172074879        1.1293892626146254       0.54411785415598790     
   234.72268774877151        1.1287502626021655       0.53687103049870311     
   235.14034377679423        1.1281041688926081       0.52963522545510267     
   235.55799980481694        1.1274511408999084       0.52241219583388410     
   235.97565583283966        1.1267913397489515       0.51520368239160508     
   236.39331186086238        1.1261249282357992       0.50801140963721358     
   236.81096788888510        1.1254520707875204       0.50083708566304830     
   237.22862391690782        1.1247729334216223       0.49368240200182006     
   237.64627994493054        1.1240876837050877       0.48654903350840745     
   238.06393597295326        1.1233964907130305       0.47943863826586036     
   238.48159200097598        1.1226995249869791       0.47235285751461847     
   238.89924802899870        1.1219969584927978       0.46529331560380077     
   239.31690405702142        1.1212889645782556       0.45826161996393505     
   239.73456008504414        1.1205757179302573       0.45125936109994064     
   240.15221611306686        1.1198573945317412       0.44428811260316603     
   240.56987214108958        1.1191341716182566       0.43734943118178354     
   240.98752816911230        1.1184062276342359       0.43044485670818328     
   241.40518419713501        1.1176737421889651       0.42357591228242042     
   241.82284022515773        1.1169368960122668       0.41674410431042297     
   242.24049625318045        1.1161958709099096       0.40995092259620791     
   242.65815228120317        1.1154508497187494       0.40319784044655410     
   243.07580830922589        1.1147020162616175       0.39648631478724000     
   243.49346433724861        1.1139495553019636       0.38981778628972907     
   243.91112036527133        1.1131936524982708       0.38319367950707717     
   244.32877639329405        1.1124344943582449       0.37661540301792112     
   244.74643242131677        1.1116722681927975       0.37008434957754349     
   245.16408844933949        1.1109071620698294       0.36360189627475459     
   245.58174447736221        1.1101393647678279       0.35716940469355746     
   245.99940050538493        1.1093690657292885       0.35078822107853447     
   246.41705653340765        1.1085964550139729       0.34445967650279252     
   246.83471256143036        1.1078217232520140       0.33818508703741418     
   247.25236858945308        1.1070450615968814       0.33196575392145389     
   247.67002461747580        1.1062666616782177       0.32580296373141976     
   248.08768064549852        1.1054867155545547       0.31969798854905307     
   248.50533667352124        1.1047054156659282       0.31365208612686740     
   248.92299270154396        1.1039229547863947       0.30766650004996560     
   249.34064872956668        1.1031395259764682       0.30174245989362197     
   249.75830475758940        1.1023553225354847       0.29588118137553537     
   250.17596078561212        1.1015705379539089       0.29008386650196516     
   250.59361681363484        1.1007853658655935       0.28435170370689034     
   251.01127284165756        1.1000000000000025       0.27868586798337225     
   251.42892886968028        1.0992146341344116       0.27308752100647665     
   251.84658489770300        1.0984294620460962       0.26755781124681977     
   252.26424092572572        1.0976446774645205       0.26209787407435609     
   252.68189695374843        1.0968604740235370       0.25670883185134863     
   253.09955298177115        1.0960770452136104       0.25139179401437661     
   253.51720900979387        1.0952945843340769       0.24614785714438983     
   253.93486503781659        1.0945132844454504       0.24097810502457656     
   254.35252106583931        1.0937333383217875       0.23588360868535571     
   254.77017709386203        1.0929549384031234       0.23086542643614161     
   255.18783312188475        1.0921782767479911       0.22592460388352989     
   255.60548914990747        1.0914035449860322       0.22106217393535629     
   256.02314517793019        1.0906309342707166       0.21627915679043316     
   256.44080120595294        1.0898606352321771       0.21157655991367971     
   256.85845723397568        1.0890928379301756       0.20695537799640065     
   257.27611326199843        1.0883277318072073       0.20241659290141759     
   257.69376929002118        1.0875655056417599       0.19796117359305074     
   258.11142531804393        1.0868063475017340       0.19359007605168663     
   258.52908134606668        1.0860504446980410       0.18930424317300532     
   258.94673737408942        1.0852979837383872       0.18510460465171419     
   259.36439340211217        1.0845491502812550       0.18099207684988883     
   259.78204943013492        1.0838041290900948       0.17696756264985347     
   260.19970545815767        1.0830631039877376       0.17303195129190002     
   260.61736148618041        1.0823262578110393       0.16918611819678986     
   261.03501751420316        1.0815937723657683       0.16543092477322957     
   261.45267354222591        1.0808658283817476       0.16176721821069659     
   261.87032957024866        1.0801426054682630       0.15819583125764775     
   262.28798559827140        1.0794242820697466       0.15471758198558686     
   262.70564162629415        1.0787110354217484       0.15133327353916470     
   263.12329765431690        1.0780030415072062       0.14804369387279587     
   263.54095368233965        1.0773004750130246       0.14484961547417485     
   263.95860971036240        1.0766035092869732       0.14175179507493085     
   264.37626573838514        1.0759123162949160       0.13875097334927822     
   264.79392176640789        1.0752270665783814       0.13584787460074152     
   265.21157779443064        1.0745479292124831       0.13304320643774675     
   265.62923382245339        1.0738750717642043       0.13033765943862663     
   266.04688985047613        1.0732086602510518       0.12773190680642255     
   266.46454587849888        1.0725488591000949       0.12522660401439797     
   266.88220190652163        1.0718958311073949       0.12282238844270182     
   267.29985793454438        1.0712497373978376       0.12051987900687064     
   267.71751396256712        1.0706107373853777       0.11831967577897157     
   268.13516999058987        1.0699789887337072       0.11622235960198944     
   268.55282601861262        1.0693546473173525       0.11422849169827527     
   268.97048204663537        1.0687378671832160       0.11233861327275189     
   269.38813807465812        1.0681288005125666       0.11055324511173910     
   269.80579410268086        1.0675275975834919       0.10887288717803476     
   270.22345013070361        1.0669344067338185       0.10729801820328050     
   270.64110615872636        1.0663493743245125       0.10582909527826757     
   271.05876218674911        1.0657726447035667       0.10446655344203166     
   271.47641821477185        1.0652043601703853       0.10321080527070126     
   271.89407424279460        1.0646446609406737       0.10206224046684532     
   272.31173027081735        1.0640936851118414       0.10102122545017393     
   272.72938629884010        1.0635515686289303       0.10008810295053797     
   273.14704232686285        1.0630184452510703        9.9263191604068823E-002
   273.56469835488559        1.0624944465184778        9.8546785553267555E-002
   273.98235438290834        1.0619797017199992        9.7939154052050253E-002
   274.40001041093109        1.0614743378612113        9.7440541076483575E-002
   274.81766643895384        1.0609784796330841        9.7051164942157792E-002
   275.23532246697658        1.0604922493812161        9.6771217929077460E-002
   275.65297849499933        1.0600157670756460        9.6600865914783174E-002
   276.07063452302208        1.0595491502812533        9.6540248016873081E-002
   276.48829055104483        1.0590925141287493        9.6589476245261374E-002
   276.90594657906757        1.0586459712862724        9.6748635165620281E-002
   277.32360260709032        1.0582096319315870        9.7017781574169001E-002
   277.74125863511307        1.0577836037248998        9.7396944185148729E-002
   278.15891466313582        1.0573679917822958        9.7886123331443309E-002
   278.57657069115857        1.0569628986498032        9.8485290679238127E-002
   278.99422671918131        1.0565684242780908        9.9194388957372828E-002
   279.41188274720406        1.0561846659978071       0.10001333170215235     
   279.82953877522681        1.0558117184955655       0.10094200301837317     
   280.24719480324956        1.0554496737905819       0.10198025735709812     
   280.66485083127230        1.0550986212119695       0.10312791931087467     
   281.08250685929505        1.0547586473766992       0.10438478342705979     
   281.50016288731780        1.0544298361682281       0.10575061403979925     
   281.91781891534055        1.0541122687158011       0.10722514512110400     
   282.33547494336329        1.0538060233744357       0.10880808015178402     
   282.75313097138604        1.0535111757055875       0.11049909201244737     
   283.17078699940879        1.0532277984585068       0.11229782289517078     
   283.58844302743154        1.0529559615522888       0.11420388423627420     
   284.00609905545429        1.0526957320586228       0.11621685667048150     
   284.42375508347703        1.0524471741852424       0.11833629000679498     
   284.84141111149978        1.0522103492600836       0.12056170322650850     
   285.25906713952253        1.0519853157161529       0.12289258450347236     
   285.67672316754528        1.0517721290771100       0.12532839124691539     
   286.09437919556802        1.0515708419435685       0.12786855016696599     
   286.51203522359077        1.0513815039801162       0.13051245736296024     
   286.92969125161352        1.0512041619030628       0.13325947843473471     
   287.34734727963627        1.0510388594689117       0.13610894861685380     
   287.76500330765901        1.0508856374635656       0.13906017293584813     
   288.18265933568176        1.0507445336922614       0.14211242639030575     
   288.60031536370451        1.0506155829702430       0.14526495415388430     
   289.01797139172726        1.0504988171141720       0.14851697180109910     
   289.43562741975001        1.0503942649342761       0.15186766555551731     
   289.85328344777275        1.0503019522272410       0.15531619256043841     
   290.27093947579550        1.0502219017698460       0.15886168117165381     
   290.68859550381825        1.0501541333133437       0.16250323127192209     
   291.10625153184100        1.0500986635785865       0.16623991460700197     
   291.52390755986374        1.0500555062519015       0.17007077514275531     
   291.94156358788649        1.0500246719817135       0.17399482944288988     
   292.35921961590924        1.0500061683759170       0.17801106706692155     
   292.77687564393199        1.0500000000000000       0.18211845098793819     
   293.19453167195473        1.0500061683759170       0.18631591802940400     
   293.61218769997748        1.0500246719817135       0.19060237932078605     
   294.02984372800023        1.0500555062519017       0.19497672077100275     
   294.44749975602298        1.0500986635785865       0.19943780355937996     
   294.86515578404573        1.0501541333133437       0.20398446464337877     
   295.28281181206847        1.0502219017698462       0.20861551728215211     
   295.70046784009122        1.0503019522272412       0.21332975157557676     
   296.11812386811397        1.0503942649342763       0.21812593501777602     
   296.53577989613672        1.0504988171141723       0.22300281306432490     
   296.95343592415946        1.0506155829702433       0.22795910971254935     
   297.37109195218221        1.0507445336922616       0.23299352809380267     
   297.78874798020496        1.0508856374635658       0.23810475107709195     
   298.20640400822771        1.0510388594689120       0.24329144188320659     
   298.62406003625046        1.0512041619030630       0.24855224470813542     
   299.04171606427320        1.0513815039801166       0.25388578535533879     
   299.45937209229595        1.0515708419435688       0.25929067187562266     
   299.87702812031870        1.0517721290771105       0.26476549521383669     
   300.29468414834145        1.0519853157161534       0.27030882986140586     
   300.71234017636419        1.0522103492600841       0.27591923451379446     
   301.12999620438694        1.0524471741852428       0.28159525273196823     
   301.54765223240969        1.0526957320586232       0.28733541360684917     
   301.96530826043244        1.0529559615522894       0.29313823242587028     
   302.38296428845518        1.0532277984585072       0.29900221134059429     
   302.80062031647793        1.0535111757055882       0.30492584003470852     
   303.21827634450068        1.0538060233744364       0.31090759639103638     
   303.63593237252343        1.0541122687158018       0.31694594715703606     
   304.05358840054618        1.0544298361682285       0.32303934860758571     
   304.47124442856892        1.0547586473766999       0.32918624720441153     
   304.88890045659167        1.0550986212119702       0.33538508025088221     
   305.30655648461442        1.0554496737905825       0.34163427654169498     
   305.72421251263717        1.0558117184955664       0.34793225700639585     
   306.14186854065991        1.0561846659978078       0.35427743534570766     
   306.55952456868266        1.0565684242780915       0.36066821866028648     
   306.97718059670541        1.0569628986498039       0.36710300807063123     
   307.39483662472816        1.0573679917822965       0.37358019932769204     
   307.81249265275090        1.0577836037249004       0.38009818341324697     
   308.23014868077365        1.0582096319315877       0.38665534712937416     
   308.64780470879640        1.0586459712862732       0.39325007367639603     
   309.06546073681915        1.0590925141287502       0.39988074321837619     
   309.48311676484190        1.0595491502812540       0.40654573343589118     
   309.90077279286464        1.0600157670756469       0.41324342006516629     
   310.31842882088739        1.0604922493812170       0.41997217742304094     
   310.73608484891014        1.0609784796330850       0.42673037891744453     
   311.15374087693289        1.0614743378612121       0.43351639754261601     
   311.57139690495563        1.0619797017200001       0.44032860635864729     
   311.98905293297838        1.0624944465184787       0.44716537895512620     
   312.40670896100113        1.0630184452510714       0.45402508989817431     
   312.82436498902388        1.0635515686289314       0.46090611516069185     
   313.24202101704662        1.0640936851118425       0.46780683253555244     
   313.65967704506937        1.0646446609406746       0.47472562203132251     
   314.07733307309212        1.0652043601703864       0.48166086625033705     
   314.49498910111487        1.0657726447035676       0.48861095074883854     
   314.91264512913762        1.0663493743245136       0.49557426437939472     
   315.33030115716036        1.0669344067338196       0.50254919961475097     
   315.74795718518311        1.0675275975834930       0.50953415285390313     
   316.16561321320586        1.0681288005125678       0.51652752470968055     
   316.58326924122861        1.0687378671832171       0.52352772027815697     
   317.00092526925135        1.0693546473173536       0.53053314938993867     
   317.41858129727410        1.0699789887337083       0.53754222684326458     
   317.83623732529685        1.0706107373853788       0.54455337261923364     
   318.25389335331960        1.0712497373978387       0.55156501207918029     
   318.67154938134234        1.0718958311073963       0.55857557614443787     
   319.08920540936509        1.0725488591000962       0.56558350145883973     
   319.50686143738784        1.0732086602510531       0.57258723053411864     
   319.92451746541059        1.0738750717642054       0.57958521187858025     
   320.34217349343334        1.0745479292124844       0.58657590010945782     
   320.75982952145608        1.0752270665783827       0.59355775604921091     
   321.17748554947883        1.0759123162949173       0.60052924680639697     
   321.59514157750158        1.0766035092869746       0.60748884584149832     
   322.01279760552433        1.0773004750130259       0.61443503301810454     
   322.43045363354707        1.0780030415072075       0.62136629464015414     
   322.84810966156982        1.0787110354217497       0.62828112347580989     
   323.26576568959257        1.0794242820697479       0.63517801876834457     
   323.68342171761532        1.0801426054682643       0.64205548623502329     
   324.10107774563807        1.0808658283817489       0.64891203805433095     
   324.51873377366081        1.0815937723657696       0.65574619284244151     
   324.93638980168356        1.0823262578110409       0.66255647561951114     
   325.35404582970631        1.0830631039877392       0.66934141776665168     
   325.77170185772906        1.0838041290900962       0.67609955697435087     
   326.18935788575180        1.0845491502812563       0.68282943718299649     
   326.60701391377455        1.0852979837383887       0.68952960851647171     
   327.02466994179730        1.0860504446980423       0.69619862720952785     
   327.44232596982005        1.0868063475017353       0.70283505553002068     
   327.85998199784279        1.0875655056417612       0.70943746169649657     
   328.27763802586554        1.0883277318072089       0.71600441979239549     
   328.69529405388829        1.0890928379301770       0.72253450967751132     
   329.11295008191104        1.0898606352321785       0.72902631689777875     
   329.53060610993379        1.0906309342707179       0.73547843259419010     
   329.94826213795653        1.0914035449860338       0.74188945341184276     
   330.36591816597928        1.0921782767479928       0.74825798141002864     
   330.78357419400203        1.0929549384031252       0.75458262397430498     
   331.20123022202478        1.0937333383217891       0.76086199373153718     
   331.61888625004752        1.0945132844454522       0.76709470846872008     
   332.03654227807027        1.0952945843340789       0.77327939105670340     
   332.45419830609302        1.0960770452136124       0.77941466937963833     
   332.87185433411577        1.0968604740235390       0.78549917627113253     
   333.28951036213851        1.0976446774645225       0.79153154945801596     
   333.70716639016126        1.0984294620460984       0.79751043151267054     
   334.12482241818401        1.0992146341344138       0.80343446981476618     
   334.54247844620676        1.1000000000000048       0.80930231652343232     
   334.96013447422951        1.1007853658655959       0.81511262856061939     
   335.37779050225225        1.1015705379539114       0.82086406760652730     
   335.79544653027500        1.1023553225354870       0.82655530010808798     
   336.21310255829775        1.1031395259764705       0.83218499730114892     
   336.63075858632050        1.1039229547863971       0.83775183524723418     
   337.04841461434324        1.1047054156659306       0.84325449488574777     
   337.46607064236599        1.1054867155545571       0.84869166210220692     
   337.88372667038874        1.1062666616782202       0.85406202781336671     
   338.30138269841149        1.1070450615968841       0.85936428806988252     
   338.71903872643423        1.1078217232520167       0.86459714417715083     
   339.13669475445698        1.1085964550139755       0.86975930283490388     
   339.55435078247973        1.1093690657292914       0.87484947629638776     
   339.97200681050248        1.1101393647678308       0.87986638254728233     
   340.38966283852523        1.1109071620698323       0.88480874550525246     
   340.80731886654797        1.1116722681928004       0.88967529524033606     
   341.22497489457072        1.1124344943582478       0.89446476821671472     
   341.64263092259347        1.1131936524982737       0.89917590755621113     
   342.06028695061622        1.1139495553019667       0.90380746332385953     
   342.47794297863896        1.1147020162616204       0.90835819283573871     
   342.89559900666171        1.1154508497187525       0.91282686098948806     
   343.31325503468446        1.1161958709099127       0.91721224061745765     
   343.73091106270721        1.1169368960122699       0.92151311286273629     
   344.14856709072995        1.1176737421889682       0.92572826757812054     
   344.56622311875270        1.1184062276342392       0.92985650374804973     
   344.98387914677545        1.1191341716182597       0.93389662993335831     
   345.40153517479820        1.1198573945317443       0.93784746473887537     
   345.81919120282095        1.1205757179302607       0.94170783730355034     
   346.23684723084369        1.1212889645782589       0.94547658781310018     
   346.65450325886644        1.1219969584928009       0.94915256803462800     
   347.07215928688919        1.1226995249869827       0.95273464187312962     
   347.48981531491194        1.1233964907130338       0.95622168594915991     
   347.90747134293468        1.1240876837050910       0.95961259019768064     
   348.32512737095743        1.1247729334216257       0.96290625848685441     
   348.74278339898018        1.1254520707875237       0.96610160925697508     
   349.16043942700293        1.1261249282358026       0.96919757617822411     
   349.57809545502568        1.1267913397489551       0.97219310882692656     
   349.99575148304842        1.1274511408999117       0.97508717337934903     
   350.41340751107117        1.1281041688926117       0.97787875332230256     
   350.83106353909392        1.1287502626021690       0.98056685017955802     
   351.24871956711667        1.1293892626146287       0.98315048425316898     
   351.66637559513941        1.1300210112662992       0.98562869537869402     
   352.08403162316216        1.1306453526826539       0.98800054369322599     
   352.50168765118491        1.1312621328167902       0.99026511041508825     
   352.91934367920766        1.1318711994874395       0.99242149863407769     
   353.33699970723040        1.1324724024165140       0.99446883411095033     
   353.75465573525315        1.1330655932661875       0.99640626608498717     
   354.17231176327590        1.1336506256754935       0.99823296808806961     
   354.58996779129865        1.1342273552964393       0.99994813876431543     
   355.00762381932140        1.1347956398296206        1.0015510026933720     
   355.42527984734414        1.1353553390593321        1.0030408112163358     
   355.84293587536689        1.1359063148881641        1.0044168432625589     
   356.26059190338964        1.1364484313710752        1.0056784061759363     
   356.67824793141239        1.1369815547489350        1.0068248365390486     
   357.09590395943513        1.1375055534815275        1.0078555009937522     
   357.51355998745788        1.1380202982800061        1.0087697970563574     
   357.93121601548063        1.1385256621387938        1.0095671539260098     
   358.34887204350338        1.1390215203669209        1.0102470332846081     
   358.76652807152612        1.1395077506187890        1.0108089300864140     
   359.18418409954887        1.1399842329243588        1.0112523733360281     
   359.60184012757162        1.1404508497187515        1.0115769268528023     
   360.01949615559437        1.1409074858712553        1.0117821900201620     
   360.43715218361712        1.1413540287137323        1.0118677985181734     
   360.85480821163986        1.1417903680684176        1.0118334250377161     
   361.27246423966261        1.1422163962751046        1.0116787799746236     
   361.69012026768536        1.1426320082177084        1.0114036121021672     
   362.10777629570811        1.1430371013502010        1.0110077092203320     
   362.52543232373085        1.1434315757219133        1.0104908987802674     
   362.94308835175360        1.1438153340021968        1.0098530484824932     
   363.36074437977635        1.1441882815044382        1.0090940668472117     
   363.77840040779910        1.1445503262094219        1.0082139037553906     
   364.19605643582184        1.1449013787880342        1.0072125509591030     
   364.61371246384459        1.1452413526233043        1.0060900425598966     
   365.03136849186734        1.1455701638317755        1.0048464554537080     
   365.44902451989009        1.1458877312842022        1.0034819097411751     
   365.86668054791284        1.1461939766255673        1.0019965691021449     
   366.28433657593558        1.1464888242944156        1.0003906411331787     
   366.70199260395833        1.1467722015414963       0.99866437764696570     
   367.11964863198108        1.1470440384477141       0.99681807493282493     
   367.53730466000383        1.1473042679413799       0.99485207397710318     
   367.95496068802657        1.1475528258147603       0.99276676064282021     
   368.37261671604932        1.1477896507399188       0.99056256580768143     
   368.79027274407207        1.1480146842838495       0.98823996545986625     
   369.20792877209482        1.1482278709228921       0.98579948075078239     
   369.62558480011757        1.1484291580564336       0.98324167800459816     
   370.04324082814031        1.1486184960198857       0.98056716868376526     
   370.46089685616306        1.1487958380969392       0.97777660931050248     
   370.87855288418581        1.1489611405310900       0.97487070134363907     
   371.29620891220856        1.1491143625364360       0.97185019101110071     
   371.71386494023130        1.1492554663077401       0.96871586909761009     
   372.13152096825405        1.1493844170297582       0.96546857068776282     
   372.54917699627680        1.1495011828858290       0.96210917486465064     
   372.96683302429955        1.1496057350657249       0.95863860436424819     
   373.38448905232229        1.1496980477727601       0.95505782518573401     
   373.80214508034504        1.1497780982301549       0.95136784615835501     
   374.21980110836779        1.1498458666866571       0.94756971846531612     
   374.63745713639054        1.1499013364214141       0.94366453512505943     
   375.05511316441329        1.1499444937480989       0.93965343043096861     
   375.47276919243603        1.1499753280182869       0.93553757935000237     
   375.89042522045878        1.1499938316240832       0.93131819688126927     
   376.30808124848153        1.1500000000000001       0.92699653737549870     
   376.72573727650428        1.1499938316240830       0.92257389381630250     
   377.14339330452702        1.1499753280182865       0.91805159706454265     
   377.56104933254977        1.1499444937480983       0.91343101506689639     
   377.97870536057252        1.1499013364214132       0.90871355202983695     
   378.39636138859527        1.1498458666866558       0.90390064756049848     
   378.81401741661801        1.1497780982301533       0.89899377577577477     
   379.23167344464076        1.1496980477727581       0.89399444438106201     
   379.64932947266351        1.1496057350657229       0.88890419372031027     
   380.06698550068626        1.1495011828858268       0.88372459579885421     
   380.48464152870901        1.1493844170297556       0.87845725328080049     
   380.90229755673175        1.1492554663077372       0.87310379846245312     
   381.31995358475450        1.1491143625364328       0.86766589222376433     
   381.73760961277725        1.1489611405310867       0.86214522295935536     
   382.15526564080000        1.1487958380969354       0.85654350549103031     
   382.57292166882274        1.1486184960198818       0.85086247996370368     
   382.99057769684549        1.1484291580564294       0.84510391072629121     
   383.40823372486824        1.1482278709228875       0.83926958519978423     
   383.82588975289099        1.1480146842838446       0.83336131273424541     
   384.24354578091373        1.1477896507399139       0.82738092345652825     
   384.66120180893648        1.1475528258147549       0.82133026711079682     
   385.07885783695923        1.1473042679413743       0.81521121189368739     
   385.49651386498198        1.1470440384477083       0.80902564328594628     
   385.91416989300473        1.1467722015414901       0.80277546288241908     
   386.33182592102747        1.1464888242944091       0.79646258722246777     
   386.74948194905022        1.1461939766255609       0.79008894662235685     
   387.16713797707297        1.1458877312841953       0.78365648401157695     
   387.58479400509572        1.1455701638317684       0.77716715377508172     
   388.00245003311846        1.1452413526232970       0.77062292060278414     
   388.42010606114121        1.1449013787880267       0.76402575834839970     
   388.83776208916396        1.1445503262094141       0.75737764889917103     
   389.25541811718671        1.1441882815044302       0.75068058105810931     
   389.67307414520945        1.1438153340021886       0.74393654944029952     
   390.09073017323220        1.1434315757219049       0.73714755338493720     
   390.50838620125495        1.1430371013501923       0.73031559588441541     
   390.92604222927770        1.1426320082176995       0.72344268253196420     
   391.34369825730045        1.1422163962750955       0.71653082048920302     
   391.76135428532319        1.1417903680684081       0.70958201747481375     
   392.17901031334594        1.1413540287137225       0.70259828077566966     
   392.59666634136869        1.1409074858712456       0.69558161628147364     
   393.01432236939144        1.1404508497187416       0.68853402754404502     
   393.43197839741418        1.1399842329243486       0.68145751486226325     
   393.84963442543693        1.1395077506187783       0.67435407439353390     
   394.26729045345968        1.1390215203669103       0.66722569729274617     
   394.68494648148243        1.1385256621387829       0.66007436887931559     
   395.10260250950518        1.1380202982799950       0.65290206783337179     
   395.52025853752792        1.1375055534815162       0.64571076542116645     
   395.93791456555067        1.1369815547489235       0.63850242475087093     
   396.35557059357342        1.1364484313710634       0.63127900005867288     
   396.77322662159617        1.1359063148881523       0.62404243602599307     
   397.19088264961891        1.1353553390593201       0.61679466712779796     
   397.60853867764166        1.1347956398296082       0.60953761701249831     
   398.02619470566441        1.1342273552964268       0.60227319791349110     
   398.44385073368716        1.1336506256754808       0.59500331009224827     
   398.86150676170990        1.1330655932661746       0.58772984131336192     
   399.27916278973265        1.1324724024165012       0.58045466635107257     
   399.69681881775540        1.1318711994874262       0.57317964652735265     
   400.11447484577815        1.1312621328167769       0.56590662928134672     
   400.53213087380090        1.1306453526826403       0.55863744776971602     
   400.94978690182364        1.1300210112662856       0.55137392049781830     
   401.36744292984639        1.1293892626146149       0.54411785098101451     
   401.78509895786914        1.1287502626021551       0.53687102743580850     
   402.20275498589189        1.1281041688925975       0.52963522250034811     
   402.62041101391463        1.1274511408998975       0.52241219298349917     
   403.03806704193738        1.1267913397489406       0.51520367964193914     
   403.45572306996013        1.1261249282357881       0.50801140698473135     
   403.87337909798288        1.1254520707875091       0.50083708310435848     
   404.29103512600562        1.1247729334216108       0.49368239953362397     
   404.70869115402837        1.1240876837050759       0.48654903112752801     
   405.12634718205112        1.1233964907130187       0.47943863596926156     
   405.54400321007387        1.1226995249869673       0.47235285529931709     
   405.96165923809662        1.1219969584927856       0.46529331346694031     
   406.37931526611936        1.1212889645782433       0.45826161790278191     
   406.79697129414211        1.1205757179302451       0.45125935911181764     
   407.21462732216486        1.1198573945317285       0.44428811068549184     
   407.63228335018761        1.1191341716182439       0.43734942933209225     
   408.04993937821035        1.1184062276342233       0.43044485492409001     
   408.46759540623310        1.1176737421889522       0.42357591056159810     
   408.88525143425585        1.1169368960122537       0.41674410265064710     
   409.30290746227860        1.1161958709098965       0.40995092099533637     
   409.72056349030134        1.1154508497187363       0.40319783890250205     
   410.13821951832409        1.1147020162616041       0.39648631329799955     
   410.55587554634684        1.1139495553019503       0.38981778485336971     
   410.97353157436959        1.1131936524982573       0.38319367812172017     
   411.39118760239234        1.1124344943582314       0.37661540168177482     
   411.80884363041508        1.1116722681927838       0.37008434828886244     
   412.22649965843783        1.1109071620698157       0.36360189503186580     
   412.64415568646058        1.1101393647678139       0.35716940349483217     
   413.06181171448333        1.1093690657292745       0.35078821992242254     
   413.47946774250607        1.1085964550139586       0.34445967538776984     
   413.89712377052882        1.1078217232519998       0.33818508596204039     
   414.31477979855157        1.1070450615968672       0.33196575288432162     
   414.73243582657432        1.1062666616782033       0.32580296273115655     
   415.15009185459706        1.1054867155545403       0.31969798758436924     
   415.56774788261981        1.1047054156659135       0.31365208519648341     
   415.98540391064256        1.1039229547863800       0.30766649915267125     
   416.40305993866531        1.1031395259764534       0.30174245902824937     
   416.82071596668806        1.1023553225354699       0.29588118054094981     
   417.23837199471080        1.1015705379538940       0.29008386569707106     
   417.65602802273355        1.1007853658655786       0.28435170293063566     
   418.07368405075630        1.0999999999999877       0.27868586723474592     
   418.49134007877905        1.0992146341343965       0.27308752028446975     
   418.90899610680179        1.0984294620460811       0.26755781055051231     
   419.32665213482454        1.0976446774645054       0.26209787340281887     
   419.74430816284729        1.0968604740235217       0.25670883120370097     
   420.16196419087004        1.0960770452135953       0.25139179338977913     
   420.57962021889279        1.0952945843340618       0.24614785654201979     
   420.99727624691553        1.0945132844454351       0.24097810444362811     
   421.41493227493828        1.0937333383217722       0.23588360812507492     
   421.83258830296103        1.0929549384031083       0.23086542589579598     
   422.25024433098378        1.0921782767479760       0.22592460336241427     
   422.66790035900652        1.0914035449860169       0.22106217343276893     
   423.08555638702927        1.0906309342707012       0.21627915630572150     
   423.50321241505202        1.0898606352321618       0.21157655944620338     
   423.92086844307477        1.0890928379301603       0.20695537754555440     
   424.33852447109751        1.0883277318071922       0.20241659246660773     
   424.75618049912026        1.0875655056417448       0.19796117317369491     
   425.17383652714301        1.0868063475017189       0.19359007564723990     
   425.59149255516576        1.0860504446980259       0.18930424278293162     
   426.00914858318851        1.0852979837383723       0.18510460427551501     
   426.42680461121125        1.0845491502812401       0.18099207648704940     
   426.84446063923400        1.0838041290900802       0.17696756229991031     
   427.26211666725675        1.0830631039877230       0.17303195095439022     
   427.67977269527950        1.0823262578110249       0.16918611787126581     
   428.09742872330224        1.0815937723657538       0.16543092445926685     
   428.51508475132499        1.0808658283817332       0.16176721790787768     
   428.93274077934774        1.0801426054682488       0.15819583096558032     
   429.35039680737049        1.0794242820697324       0.15471758170388103     
   429.76805283539323        1.0787110354217342       0.15133327326744569     
   430.18570886341598        1.0780030415071922       0.14804369361072253     
   430.60336489143873        1.0773004750130106       0.14484961522138995     
   431.02102091946148        1.0766035092869595       0.14175179483111788     
   431.43867694748423        1.0759123162949022       0.13875097311409448     
   431.85633297550697        1.0752270665783679       0.13584787437389664     
   432.27398900352972        1.0745479292124698       0.13304320621894714     
   432.69164503155247        1.0738750717641909       0.13033765922757121     
   433.10930105957522        1.0732086602510387       0.12773190660283590     
   433.52695708759796        1.0725488591000818       0.12522660381801318     
   433.94461311562071        1.0718958311073821       0.12282238825327700     
   434.36226914364346        1.0712497373978247       0.12051987882413978     
   434.77992517166621        1.0706107373853651       0.11831967560270180     
   435.19758119968895        1.0699789887336946       0.11622235943194145     
   435.61523722771170        1.0693546473173401       0.11422849153423917     
   436.03289325573445        1.0687378671832037       0.11233861311451576     
   436.45054928375720        1.0681288005125547       0.11055324495910016     
   436.86820531177995        1.0675275975834801       0.10887288703078113     
   437.28586133980269        1.0669344067338069       0.10729801806122131     
   437.70351736782544        1.0663493743245009       0.10582909514121451     
   438.12117339584819        1.0657726447035551       0.10446655330979820     
   438.53882942387094        1.0652043601703740       0.10321080514313255     
   438.95648545189368        1.0646446609406626       0.10206224034377993     
   439.37414147991643        1.0640936851118306       0.10102122533143894     
   439.79179750793918        1.0635515686289196       0.10008810283598889     
   440.20945353596193        1.0630184452510598        9.9263191493551867E-002
   440.62710956398467        1.0624944465184676        9.8546785446640098E-002
   441.04476559200742        1.0619797017199890        9.7939153949163846E-002
   441.46242162003017        1.0614743378612013        9.7440540977213427E-002
   441.88007764805292        1.0609784796330743        9.7051164846379087E-002
   442.29773367607567        1.0604922493812066        9.6771217836650894E-002
   442.71538970409841        1.0600157670756367        9.6600865825608409E-002
   443.13304573212116        1.0595491502812440        9.6540247930818918E-002
   443.55070176014391        1.0590925141287404        9.6589476162237828E-002
   443.96835778816666        1.0586459712862637        9.6748635085506643E-002
   444.38601381618940        1.0582096319315784        9.7017781496847963E-002
   444.80366984421215        1.0577836037248913        9.7396944110535177E-002
   445.22132587223490        1.0573679917822876        9.7886123259446359E-002
   445.63898190025765        1.0569628986497952        9.8485290609759871E-002
   446.05663792828040        1.0565684242780831        9.9194388890322588E-002
   446.47429395630314        1.0561846659977996       0.10001333163744243     
   446.89194998432589        1.0558117184955584       0.10094200295594000     
   447.30960601234864        1.0554496737905747       0.10198025729682927     
   447.72726204037139        1.0550986212119626       0.10312791925271400     
   448.14491806839413        1.0547586473766926       0.10438478337092548     
   448.56257409641688        1.0544298361682216       0.10575061398562542     
   448.98023012443963        1.0541122687157949       0.10722514506881464     
   449.39788615246238        1.0538060233744297       0.10880808010131908     
   449.81554218048512        1.0535111757055819       0.11049909196374400     
   450.23319820850787        1.0532277984585012       0.11229782284815611     
   450.65085423653062        1.0529559615522837       0.11420388419090713     
   451.06851026455337        1.0526957320586179       0.11621685662668507     
   451.48616629257612        1.0524471741852377       0.11833628996451347     
   451.90382232059886        1.0522103492600789       0.12056170318568467     
   452.32147834862161        1.0519853157161485       0.12289258446407152     
   452.73913437664436        1.0517721290771060       0.12532839120889019     
   453.15679040466711        1.0515708419435645       0.12786855013024928     
   453.57444643268985        1.0513815039801127       0.13051245732752020     
   453.99210246071260        1.0512041619030592       0.13325947840051922     
   454.40975848873535        1.0510388594689086       0.13610894858383429     
   454.82741451675810        1.0508856374635627       0.13906017290396874     
   455.24507054478084        1.0507445336922587       0.14211242635952087     
   455.66272657280359        1.0506155829702406       0.14526495412416279     
   456.08038260082634        1.0504988171141700       0.14851697177241591     
   456.49803862884909        1.0503942649342741       0.15186766552781500     
   456.91569465687184        1.0503019522272394       0.15531619253370557     
   457.33335068489458        1.0502219017698446       0.15886168114583549     
   457.75100671291733        1.0501541333133424       0.16250323124699256     
   458.16866274094008        1.0500986635785854       0.16623991458293141     
   458.58631876896283        1.0500555062519008       0.17007077511951779     
   459.00397479698557        1.0500246719817130       0.17399482942045211     
   459.42163082500832        1.0500061683759168       0.17801106704526040     
   459.83928685303107        1.0500000000000000       0.18211845096701673     
   460.25694288105382        1.0500061683759174       0.18631591800921388     
   460.67459890907656        1.0500246719817141       0.19060237930128707     
   461.09225493709931        1.0500555062519024       0.19497672075215819     
   461.50991096512206        1.0500986635785876       0.19943780354120061     
   461.92756699314481        1.0501541333133451       0.20398446462582320     
   462.34522302116756        1.0502219017698478       0.20861551726519473     
   462.76287904919030        1.0503019522272430       0.21332975155920125     
   463.18053507721305        1.0503942649342783       0.21812593500196076     
   463.59819110523580        1.0504988171141745       0.22300281304905231     
   464.01584713325855        1.0506155829702459       0.22795910969780903     
   464.43350316128129        1.0507445336922643       0.23299352807954801     
   464.85115918930404        1.0508856374635689       0.23810475106335091     
   465.26881521732679        1.0510388594689153       0.24329144186992946     
   465.68647124534954        1.0512041619030663       0.24855224469529938     
   466.10412727337228        1.0513815039801202       0.25388578534294975     
   466.52178330139503        1.0515708419435728       0.25929067186365778     
   466.93943932941778        1.0517721290771147       0.26476549520228770     
   467.35709535744053        1.0519853157161576       0.27030882985023852     
   467.77475138546328        1.0522103492600887       0.27591923450302536     
   468.19240741348602        1.0524471741852477       0.28159525272156771     
   468.61006344150877        1.0526957320586283       0.28733541359680592     
   469.02771946953152        1.0529559615522948       0.29313823241616216     
   469.44537549755427        1.0532277984585128       0.29900221133121224     
   469.86303152557701        1.0535111757055939       0.30492584002565726     
   470.28068755359976        1.0538060233744424       0.31090759638228793     
   470.69834358162251        1.0541122687158080       0.31694594714858998     
   471.11599960964526        1.0544298361682349       0.32303934859943689     
   471.53365563766801        1.0547586473767065       0.32918624719653589     
   471.95131166569075        1.0550986212119771       0.33538508024327246     
   472.36896769371350        1.0554496737905896       0.34163427653435374     
   472.78662372173625        1.0558117184955738       0.34793225699930580     
   473.20427974975900        1.0561846659978154       0.35427743533884620     
   473.62193577778174        1.0565684242780993       0.36066821865366971     
   474.03959180580449        1.0569628986498119       0.36710300806424606     
   474.45724783382724        1.0573679917823047       0.37358019932152420     
   474.87490386184999        1.0577836037249089       0.38009818340728979     
   475.29255988987273        1.0582096319315963       0.38665534712362704     
   475.71021591789548        1.0586459712862821       0.39325007367083437     
   476.12787194591823        1.0590925141287593       0.39988074321301109     
   476.54552797394098        1.0595491502812633       0.40654573343071548     
   476.96318400196373        1.0600157670756565       0.41324342006016856     
   477.38084002998647        1.0604922493812265       0.41997217741819787     
   477.79849605800922        1.0609784796330950       0.42673037891278998     
   478.21615208603197        1.0614743378612221       0.43351639753809945     
   478.63380811405472        1.0619797017200103       0.44032860635429844     
   479.05146414207746        1.0624944465184891       0.44716537895092917     
   479.46912017010021        1.0630184452510818       0.45402508989410739     
   479.88677619812296        1.0635515686289421       0.46090611515677121     
   480.30443222614571        1.0640936851118534       0.46780683253177446     
   480.72208825416845        1.0646446609406857       0.47472562202767637     
   481.13974428219120        1.0652043601703975       0.48166086624679821     
   481.55740031021395        1.0657726447035791       0.48861095074544353     
   481.97505633823670        1.0663493743245251       0.49557426437610663     
   482.39271236625945        1.0669344067338313       0.50254919961157740     
   482.81036839428219        1.0675275975835050       0.50953415285084591     
   483.22802442230494        1.0681288005125800       0.51652752470672414     
   483.64568045032769        1.0687378671832295       0.52352772027530836     
   484.06333647835044        1.0693546473173661       0.53053314938718399     
   484.48099250637318        1.0699789887337210       0.53754222684061193     
   484.89864853439593        1.0706107373853917       0.54455337261667491     
   485.31630456241868        1.0712497373978516       0.55156501207669417     
   485.73396059044143        1.0718958311074092       0.55857557614203690     
   486.15161661846417        1.0725488591001093       0.56558350145652914     
   486.56927264648692        1.0732086602510662       0.57258723053189109     
   486.98692867450967        1.0738750717642187       0.57958521187643408     
   487.40458470253242        1.0745479292124978       0.58657590010738248     
   487.82224073055517        1.0752270665783961       0.59355775604719674     
   488.23989675857791        1.0759123162949309       0.60052924680446362     
   488.65755278660066        1.0766035092869881       0.60748884583963536     
   489.07520881462341        1.0773004750130397       0.61443503301629920     
   489.49286484264616        1.0780030415072215       0.62136629463842552     
   489.91052087066890        1.0787110354217637       0.62828112347413778     
   490.32817689869165        1.0794242820697622       0.63517801876673141     
   490.74583292671440        1.0801426054682786       0.64205548623346786     
   491.16348895473715        1.0808658283817634       0.64891203805284370     
   491.58114498275989        1.0815937723657840       0.65574619284099789     
   491.99880101078264        1.0823262578110553       0.66255647561810893     
   492.41645703880539        1.0830631039877536       0.66934141776529232     
   492.83411306682814        1.0838041290901110       0.67609955697306190     
   493.25176909485089        1.0845491502812712       0.68282943718174693     
   493.66942512287363        1.0852979837384036       0.68952960851525991     
   494.08708115089638        1.0860504446980574       0.69619862720836745     
   494.50473717891913        1.0868063475017502       0.70283505552889458     
   494.92239320694188        1.0875655056417763       0.70943746169541833     
   495.34004923496462        1.0883277318072240       0.71600441979135521     
   495.75770526298737        1.0890928379301921       0.72253450967650135     
   496.17536129101012        1.0898606352321938       0.72902631689681452     
   496.59301731903287        1.0906309342707332       0.73547843259325796     
   497.01067334705562        1.0914035449860491       0.74188945341094381     
   497.42832937507836        1.0921782767480082       0.74825798140916167     
   497.84598540310111        1.0929549384031405       0.75458262397347431     
   498.26364143112386        1.0937333383218046       0.76086199373073826     
   498.68129745914661        1.0945132844454677       0.76709470846794814     
   499.09895348716935        1.0952945843340942       0.77327939105595012     
   499.51660951519210        1.0960770452136277       0.77941466937890846     
   499.93426554321485        1.0968604740235544       0.78549917627043819     
   500.35192157123760        1.0976446774645381       0.79153154945735671     
   500.76957759926034        1.0984294620461137       0.79751043151202072     
   501.18723362728309        1.0992146341344293       0.80343446981415179     
