   2.500000000000000E-003  1.10000000000000  6.28392319134849
   5.000000000000000E-003  1.10313402183015  6.49267254879804
   7.500000000000000E-003  1.10626727038732  6.70257882078342
   1.000000000000000E-002  1.10939897258929  6.91361343324525
   1.250000000000000E-002  1.11252835573542  7.12574701017823
   1.500000000000000E-002  1.11565464769723  7.33894933485078
   1.750000000000000E-002  1.11877707710897  7.55318930967371
   2.000000000000000E-002  1.12189487355790  7.76843491474539
   2.250000000000000E-002  1.12500726777440  7.98465316510680
   2.500000000000000E-002  1.12811349182178  8.20181006674948
   2.750000000000000E-002  1.13121277928571  8.41987057142647
   3.000000000000000E-002  1.13430436546340  8.63879853032590
   3.250000000000000E-002  1.13738748755222  8.85855664667555
   3.500000000000000E-002  1.14046138483793  9.07910642735720
   3.750000000000000E-002  1.14352529888237  9.30040813361856
   4.000000000000000E-002  1.14657847371059  9.52242073098198
   4.250000000000000E-002  1.14962015599739  9.74510183845922
   4.500000000000001E-002  1.15264959525318  9.96840767719322
   4.750000000000001E-002  1.15566604400916  10.1922930186587
   5.000000000000001E-002  1.15866875800172  10.4167111325651
   5.250000000000001E-002  1.16165699635613  10.6416137346182
   5.500000000000002E-002  1.16463002176928  10.8669509343068
   5.750000000000002E-002  1.16758710069164  11.0926711828953
   6.000000000000002E-002  1.17052750350823  11.3187212218125
   6.250000000000002E-002  1.17345050471865  11.5450460316429
   6.500000000000002E-002  1.17635538311610  11.7715887819334
   6.750000000000002E-002  1.17924142196530  11.9982907820467
   7.000000000000002E-002  1.18210790917934  12.2250914332979
   7.250000000000003E-002  1.18495413749539  12.4519281826277
   7.500000000000003E-002  1.18777940464922  12.6787364780729
   7.750000000000003E-002  1.19058301354842  12.9054497263062
   8.000000000000004E-002  1.19336427244445  13.1319992525292
   8.250000000000004E-002  1.19612249510330  13.3583142630079
   8.500000000000004E-002  1.19885700097478  13.5843218105521
   8.750000000000004E-002  1.20156711536051  13.8099467632454
   9.000000000000004E-002  1.20425216958031  14.0351117767389
   9.250000000000004E-002  1.20691150113722  14.2597372704290
   9.500000000000004E-002  1.20954445388097  14.4837414078413
   9.750000000000005E-002  1.21215037816988  14.7070400815465
   0.100000000000000  1.21472863103111  14.9295469029365
   0.102500000000000  1.21727857631936  15.1511731971869
   0.105000000000000  1.21979958487379  15.3718280037311
   0.107500000000000  1.22229103467324  15.5914180825674
   0.110000000000000  1.22475231098977  15.8098479267153
   0.112500000000000  1.22718280654027  16.0270197811288
   0.115000000000000  1.22958192163633  16.2428336683662
   0.117500000000000  1.23194906433221  16.4571874213034
   0.120000000000000  1.23428365057085  16.6699767231640
   0.122500000000000  1.23658510432805  16.8810951551242
   0.125000000000000  1.23885285775453  17.0904342517312
   0.127500000000000  1.24108635131605  17.2978835643551
   0.130000000000000  1.24328503393150  17.5033307328680
   0.132500000000000  1.24544836310885  17.7066615657243
   0.135000000000000  1.24757580507900  17.9077601285822
   0.137500000000000  1.24966683492747  18.1065088415842
   0.140000000000000  1.25172093672393  18.3027885853756
   0.142500000000000  1.25373760364950  18.4964788159113
   0.145000000000000  1.25571633812180  18.6874576880634
   0.147500000000000  1.25765665191770  18.8756021880046
   0.150000000000000  1.25955806629381  19.0607882743030
   0.152500000000000  1.26142011210457  19.2428910276233
   0.155000000000000  1.26324232991806  19.4217848088875
   0.157500000000000  1.26502427012929  19.5973434257033
   0.160000000000000  1.26676549307117  19.7694403068272
   0.162500000000000  1.26846556912300  19.9379486843783
   0.165000000000000  1.27012407881646  20.1027417834820
   0.167500000000000  1.27174061293909  20.2636930189670
   0.170000000000000  1.27331477263529  20.4206761987030
   0.172500000000000  1.27484616950470  20.5735657331134
   0.175000000000000  1.27633442569807  20.7222368503590
   0.177500000000000  1.27777917401045  20.8665658166397
   0.180000000000000  1.27918005797180  21.0064301610254
   0.182500000000000  1.28053673193498  21.1417089041804
   0.185000000000000  1.28184886116099  21.2722827903123
   0.187500000000000  1.28311612190156  21.3980345216377
   0.190000000000000  1.28433820147908  21.5188489946251
   0.192500000000000  1.28551479836370  21.6346135372440
   0.195000000000000  1.28664562224774  21.7452181464226
   0.197500000000000  1.28773039411733  21.8505557248940
   0.200000000000000  1.28876884632124  21.9505223165889
   0.202500000000000  1.28976072263693  22.0450173397193
   0.205000000000000  1.29070577833376  22.1339438166866
   0.207500000000000  1.29160378023338  22.2172085999381
   0.210000000000000  1.29245450676725  22.2947225928974
   0.212500000000000  1.29325774803134  22.3664009650939
   0.215000000000000  1.29401330583788  22.4321633606268
   0.217500000000000  1.29472099376428  22.4919340991087
   0.220000000000000  1.29538063719915  22.5456423682551
   0.222500000000000  1.29599207338533  22.5932224073043
   0.225000000000000  1.29655515146010  22.6346136804845
   0.227500000000000  1.29706973249236  22.6697610397726
   0.230000000000000  1.29753568951695  22.6986148762294
   0.232500000000000  1.29795290756594  22.7211312592368
   0.235000000000000  1.29832128369702  22.7372720630062
   0.237500000000000  1.29864072701889  22.7470050797819
   0.240000000000000  1.29891115871370  22.7503041192105
   0.242500000000000  1.29913251205646  22.7471490934123
   0.245000000000000  1.29930473243156  22.7375260873428
   0.247500000000000  1.29942777734619  22.7214274141030
   0.250000000000000  1.29950161644086  22.6988516549164
   0.252500000000000  1.29952623149689  22.6698036835622
   0.255000000000000  1.29950161644086  22.6342946751217
   0.257500000000000  1.29942777734619  22.5923420989628
   0.260000000000000  1.29930473243156  22.5439696959622
   0.262500000000000  1.29913251205646  22.4892074400310
   0.265000000000000  1.29891115871370  22.4280914840822
   0.267500000000000  1.29864072701889  22.3606640906476
   0.270000000000000  1.29832128369702  22.2869735474189
   0.272500000000000  1.29795290756594  22.2070740680551
   0.275000000000000  1.29753568951695  22.1210256786613
   0.277500000000000  1.29706973249236  22.0288940904068
   0.280000000000000  1.29655515146010  21.9307505588075
   0.282500000000000  1.29599207338533  21.8266717302552
   0.285000000000000  1.29538063719915  21.7167394764252
   0.287500000000000  1.29472099376428  21.6010407172425
   0.290000000000000  1.29401330583788  21.4796672331313
   0.292500000000000  1.29325774803134  21.3527154673089
   0.295000000000000  1.29245450676725  21.2202863189223
   0.297500000000000  1.29160378023338  21.0824849278517
   0.300000000000000  1.29070577833376  20.9394204520324
   0.302500000000000  1.28976072263693  20.7912058381653
   0.305000000000000  1.28876884632124  20.6379575866993
   0.307500000000000  1.28773039411733  20.4797955119794
   0.310000000000000  1.28664562224774  20.3168424984587
   0.312500000000000  1.28551479836370  20.1492242538710
   0.315000000000000  1.28433820147908  19.9770690602558
   0.317500000000000  1.28311612190156  19.8005075237178
   0.320000000000000  1.28184886116099  19.6196723237869
   0.322500000000000  1.28053673193498  19.4346979632286
   0.325000000000000  1.27918005797180  19.2457205191288
   0.327500000000000  1.27777917401045  19.0528773960524
   0.330000000000000  1.27633442569807  18.8563070820442
   0.332500000000000  1.27484616950470  18.6561489082081
   0.335000000000000  1.27331477263529  18.4525428125629
   0.337500000000000  1.27174061293909  18.2456291088357
   0.340000000000000  1.27012407881646  18.0355482608130
   0.342500000000000  1.26846556912300  17.8224406628249
   0.345000000000000  1.26676549307117  17.6064464268967
   0.347500000000000  1.26502427012929  17.3877051770528
   0.350000000000000  1.26324232991806  17.1663558512142
   0.352500000000000  1.26142011210457  16.9425365110831
   0.355000000000000  1.25955806629381  16.7163841603595
   0.357500000000000  1.25765665191770  16.4880345715896
   0.360000000000000  1.25571633812180  16.2576221218974
   0.362500000000000  1.25373760364950  16.0252796378043
   0.365000000000000  1.25172093672393  15.7911382492983
   0.367500000000000  1.24966683492747  15.5553272532673
   0.370000000000000  1.24757580507900  15.3179739863694
   0.372500000000000  1.24544836310885  15.0792037073721
   0.375000000000000  1.24328503393150  14.8391394889519
   0.377500000000000  1.24108635131605  14.5979021189068
   0.380000000000000  1.23885285775452  14.3556100107006
   0.382500000000000  1.23658510432805  14.1123791232230
   0.385000000000000  1.23428365057085  13.8683228896160
   0.387500000000000  1.23194906433221  13.6235521549919
   0.390000000000000  1.22958192163633  13.3781751228369
   0.392500000000000  1.22718280654027  13.1322973098723
   0.395000000000000  1.22475231098977  12.8860215091223
   0.397500000000000  1.22229103467324  12.6394477609171
   0.400000000000000  1.21979958487379  12.3926733315423
   0.402500000000000  1.21727857631936  12.1457926992327
   0.405000000000000  1.21472863103111  11.8988975471902
   0.407500000000000  1.21215037816988  11.6520767633027
   0.410000000000000  1.20954445388097  11.4054164462235
   0.412500000000000  1.20691150113721  11.1589999174717
   0.415000000000000  1.20425216958031  10.9129077392049
   0.417500000000000  1.20156711536051  10.6672177373146
   0.420000000000000  1.19885700097478  10.4220050294933
   0.422500000000000  1.19612249510329  10.1773420579237
   0.425000000000000  1.19336427244445  9.93329862624202
   0.427500000000000  1.19058301354842  9.68994194043177
   0.430000000000000  1.18777940464922  9.44733665330917
   0.432500000000000  1.18495413749539  9.20554491226792
   0.435000000000000  1.18210790917934  8.96462640995829
   0.437500000000000  1.17924142196530  8.72463843758491
   0.440000000000000  1.17635538311610  8.48563594051504
   0.442500000000000  1.17345050471865  8.24767157590153
   0.445000000000000  1.17052750350823  8.01079577203410
   0.447500000000000  1.16758710069164  7.77505678914374
   0.450000000000000  1.16463002176928  7.54050078139819
   0.452500000000000  1.16165699635613  7.30717185983755
   0.455000000000000  1.15866875800172  7.07511215601137
   0.457500000000000  1.15566604400916  6.84436188609279
   0.460000000000000  1.15264959525318  6.61495941525640
   0.462500000000000  1.14962015599739  6.38694132212013
   0.465000000000000  1.14657847371059  6.16034246306457
   0.467500000000000  1.14352529888237  5.93519603625538
   0.470000000000000  1.14046138483793  5.71153364520736
   0.472500000000000  1.13738748755222  5.48938536174091
   0.475000000000000  1.13430436546340  5.26877978819427
   0.477500000000000  1.13121277928571  5.04974411876610
   0.480000000000000  1.12811349182177  4.83230419987549
   0.482500000000000  1.12500726777440  4.61648458943662
   0.485000000000000  1.12189487355790  4.40230861495715
   0.487500000000000  1.11877707710897  4.18979843037899
   0.490000000000000  1.11565464769723  3.97897507159082
   0.492500000000000  1.11252835573542  3.76985851055083
   0.495000000000000  1.10939897258929  3.56246770796742
   0.497500000000000  1.10626727038732  3.35682066449408
   0.500000000000000  1.10313402183015  3.15293447040331
   0.502500000000000  1.10000000000000  2.95082535371160
   0.505000000000000  1.09686597816985  2.75050872673499
   0.507500000000000  1.09373272961268  2.55199923106151
   0.510000000000000  1.09060102741071  2.35531078093293
   0.512500000000000  1.08747164426458  2.16045660503447
   0.515000000000000  1.08434535230277  1.96744928669590
   0.517500000000000  1.08122292289103  1.77630080251309
   0.520000000000000  1.07810512644210  1.58702255940294
   0.522500000000000  1.07499273222560  1.39962543010941
   0.525000000000000  1.07188650817823  1.21411978718129
   0.527500000000000  1.06878722071429  1.03051553544643
   0.530000000000000  1.06569563453660  0.848822143009436
   0.532500000000000  1.06261251244778  0.669048670803020
   0.535000000000000  1.05953861516207  0.491203800724729
   0.537500000000000  1.05647470111763  0.315295862393281
   0.540000000000000  1.05342152628941  0.141332858560172
   0.542499999999999  1.05037984400261 -3.067751078676631E-002
   0.544999999999999  1.04735040474682 -0.200727825589658
   0.547499999999999  1.04433395599084 -0.368810924118357
   0.549999999999999  1.04133124199828 -0.534919882560073
   0.552499999999999  1.03834300364387 -0.699047995761690
   0.554999999999999  1.03536997823072 -0.861188759084942
   0.557499999999999  1.03241289930836 -1.02133585133500
   0.559999999999999  1.02947249649177 -1.17948311872304
   0.562499999999999  1.02654949528135 -1.33562455982451
   0.564999999999999  1.02364461688390 -1.48975431149408
   0.567499999999999  1.02075857803471 -1.64186663570036
   0.569999999999999  1.01789209082067 -1.79195590724354
   0.572499999999999  1.01504586250461 -1.94001660231996
   0.574999999999999  1.01222059535078 -2.08604328789912
   0.577499999999999  1.00941698645158 -2.23003061187925
   0.579999999999999  1.00663572755555 -2.37197329398904
   0.582499999999999  1.00387750489671 -2.51186611740404
   0.584999999999999  1.00114299902522 -2.64970392104778
   0.587499999999998  0.998432884639490 -2.76342015640596
   0.589999999999998  0.995747830419696 -2.85986900180959
   0.592499999999998  0.993088498862787 -2.95528002823496
   0.594999999999998  0.990455546119033 -3.04963039047602
   0.597499999999998  0.987849621830125 -3.14289736380237
   0.599999999999998  0.985271368968888 -3.23505834780813
   0.602499999999998  0.982721423680637 -3.32609087051449
   0.604999999999998  0.980200415126216 -3.41597259273111
   0.607499999999998  0.977708965326763 -3.50468131268142
   0.609999999999998  0.975247689010235 -3.59219497089578
   0.612499999999998  0.972817193459735 -3.67849165537571
   0.614999999999998  0.970418078363672 -3.76354960703203
   0.617499999999998  0.968050935667796 -3.84734722539820
   0.619999999999998  0.965716349429148 -3.92986307462016
   0.622499999999998  0.963414895671950 -4.01107588972222
   0.624999999999998  0.961147142245477 -4.09096458314861
   0.627499999999998  0.958913648683956 -4.16950825157837
   0.629999999999998  0.956714966068501 -4.24668618301122
   0.632499999999998  0.954551636891149 -4.32247786412065
   0.634999999999997  0.952424194921003 -4.39686298786932
   0.637499999999997  0.950333165072537 -4.46982146138166
   0.639999999999997  0.948279063276076 -4.54133341406649
   0.642499999999997  0.946262396350502 -4.61137920598273
   0.644999999999997  0.944283661878204 -4.67993943643902
   0.647499999999997  0.942343348082304 -4.74699495281828
   0.649999999999997  0.940441933706197 -4.81252685961644
   0.652499999999997  0.938579887895430 -4.87651652768394
   0.654999999999997  0.936757670081943 -4.93894560365768
   0.657499999999997  0.934975729870717 -4.99979601957024
   0.659999999999997  0.933234506928834 -5.05905000262194
   0.662499999999997  0.931534430877000 -5.11669008510101
   0.664999999999997  0.929875921183543 -5.17269911443564
   0.667499999999997  0.928259387060912 -5.22706026336171
   0.669999999999997  0.926685227364715 -5.27975704018834
   0.672499999999997  0.925153830495301 -5.33077329914328
   0.674999999999997  0.923665574301932 -5.38009325077952
   0.677499999999997  0.922220825989556 -5.42770147242339
   0.679999999999997  0.920819942028200 -5.47358291864446
   0.682499999999996  0.919463268065020 -5.51772293172651
   0.684999999999996  0.918151138839016 -5.56010725211896
   0.687499999999996  0.916883878098440 -5.60072202884714
   0.689999999999996  0.915661798520918 -5.63955382986014
   0.692499999999996  0.914485201636299 -5.67658965229410
   0.694999999999996  0.913354377752260 -5.71181693262920
   0.697499999999996  0.912269605882671 -5.74522355671811
   0.699999999999996  0.911231153678760 -5.77679786966389
   0.702499999999996  0.910239277363071 -5.80652868552521
   0.704999999999996  0.909294221666241 -5.83440529682705
   0.707499999999996  0.908396219766624 -5.86041748385524
   0.709999999999996  0.907545493232750 -5.88455552371333
   0.712499999999996  0.906742251968662 -5.90681019912086
   0.714999999999996  0.905986694162124 -5.92717280693246
   0.717499999999996  0.905279006235717 -5.94563516635771
   0.719999999999996  0.904619362800849 -5.96218962686242
   0.722499999999996  0.904007926614667 -5.97682907573235
   0.724999999999996  0.903444848539900 -5.98954694528176
   0.727499999999996  0.902930267507638 -6.00033721968908
   0.729999999999995  0.902464310483051 -6.00919444144394
   0.732499999999995  0.902047092434062 -6.01611371738977
   0.734999999999995  0.901678716302982 -6.02109072434783
   0.737499999999995  0.901359272981110 -6.02412171430945
   0.739999999999995  0.901088841286304 -6.02520351918399
   0.742499999999995  0.900867487943539 -6.02433355509189
   0.744999999999995  0.900695267568441 -6.02150982619275
   0.747499999999995  0.900572222653809 -6.01673092803988
   0.749999999999995  0.900498383559135 -6.00999605045413
   0.752499999999995  0.900473768503112 -6.00130497991092
   0.754999999999995  0.900498383559135 -5.99065810143568
   0.757499999999995  0.900572222653808 -5.97805640000454
   0.759999999999995  0.900695267568440 -5.96350146144815
   0.762499999999995  0.900867487943538 -5.94699547285785
   0.764999999999995  0.901088841286303 -5.92854122249507
   0.767499999999995  0.901359272981109 -5.90814209920586
   0.769999999999995  0.901678716302981 -5.88580209134378
   0.772499999999995  0.902047092434061 -5.86152578520605
   0.774999999999994  0.902464310483049 -5.83531836298853
   0.777499999999994  0.902930267507636 -5.80718560026705
   0.779999999999994  0.903444848539898 -5.77713386301306
   0.782499999999994  0.904007926614664 -5.74517010415359
   0.784999999999994  0.904619362800847 -5.71130185968576
   0.787499999999994  0.905279006235715 -5.67553724435791
   0.789999999999994  0.905986694162121 -5.63788494692994
   0.792499999999994  0.906742251968659 -5.59835422502670
   0.794999999999994  0.907545493232747 -5.55695489959895
   0.797499999999994  0.908396219766620 -5.51369734900765
   0.799999999999994  0.909294221666238 -5.46859250274730
   0.802499999999994  0.910239277363067 -5.42165183482599
   0.804999999999994  0.911231153678756 -5.37288735681924
   0.807499999999994  0.912269605882667 -5.32231161061588
   0.809999999999994  0.913354377752255 -5.26993766087480
   0.812499999999994  0.914485201636295 -5.21577908721139
   0.814999999999994  0.915661798520913 -5.15984997613318
   0.817499999999993  0.916883878098435 -5.10216491274427
   0.819999999999994  0.918151138839010 -5.04273897223834
   0.822499999999993  0.919463268065014 -4.98158771120018
   0.824999999999993  0.920819942028195 -4.91872715873565
   0.827499999999993  0.922220825989550 -4.85417380745011
   0.829999999999993  0.923665574301926 -4.78794460429477
   0.832499999999993  0.925153830495294 -4.72005694130097
   0.834999999999993  0.926685227364709 -4.65052864622138
   0.837499999999993  0.928259387060906 -4.57937797309744
   0.839999999999993  0.929875921183536 -4.50662359277133
   0.842499999999993  0.931534430876993 -4.43228458336102
   0.844999999999993  0.933234506928826 -4.35638042071590
   0.847499999999993  0.934975729870710 -4.27893096887013
   0.849999999999993  0.936757670081936 -4.19995647051038
   0.852499999999993  0.938579887895422 -4.11947753747382
   0.854999999999993  0.940441933706189 -4.03751514129147
   0.857499999999993  0.942343348082296 -3.95409060379157
   0.859999999999993  0.944283661878196 -3.86922558777666
   0.862499999999993  0.946262396350494 -3.78294208778724
   0.864999999999993  0.948279063276067 -3.69526242096423
   0.867499999999992  0.950333165072528 -3.60620921802146
   0.869999999999992  0.952424194920995 -3.51580541433881
   0.872499999999992  0.954551636891140 -3.42407424118526
   0.874999999999992  0.956714966068492 -3.33103921708088
   0.877499999999992  0.958913648683947 -3.23672413930538
   0.879999999999992  0.961147142245468 -3.14115307556016
   0.882499999999992  0.963414895671941 -3.04435035579008
   0.884999999999992  0.965716349429139 -2.94634056416969
   0.887499999999992  0.968050935667787 -2.84714853125890
   0.889999999999992  0.970418078363662 -2.74679932633066
   0.892499999999992  0.972817193459725 -2.64531824987402
   0.894999999999992  0.975247689010225 -2.54273082627371
   0.897499999999992  0.977708965326753 -2.43906279666761
   0.899999999999992  0.980200415126206 -2.33434011198187
   0.902499999999992  0.982721423680627 -2.22858892614342
   0.904999999999992  0.985271368968878 -2.12183558946809
   0.907499999999992  0.987849621830114 -2.01410664222281
   0.909999999999992  0.990455546119022 -1.90542880835840
   0.912499999999991  0.993088498862776 -1.79582898941032
   0.914999999999992  0.995747830419685 -1.68533425856271
   0.917499999999991  0.998432884639479 -1.57397185487148
   0.919999999999991  1.00114299902521 -1.44554069244980
   0.922499999999991  1.00387750489670 -1.29324957037172
   0.924999999999991  1.00663572755554 -1.13920590889669
   0.927499999999991  1.00941698645157 -0.983423165505567
   0.929999999999991  1.01222059535077 -0.825914966769153
   0.932499999999991  1.01504586250460 -0.666695113258088
   0.934999999999991  1.01789209082065 -0.505777584973998
   0.937499999999991  1.02075857803469 -0.343176547332283
   0.939999999999991  1.02364461688389 -0.178906357726791
   0.942499999999991  1.02654949528134 -1.298157270847361E-002
   0.944999999999991  1.02947249649176  0.154583044188873
   0.947499999999991  1.03241289930835  0.323772513941411
   0.949999999999991  1.03536997823071  0.494571632811700
   0.952499999999991  1.03834300364386  0.666964962372323
   0.954999999999991  1.04133124199827  0.840936818739849
   0.957499999999991  1.04433395599083  1.01647126098150
   0.959999999999991  1.04735040474681  1.19355207865613
   0.962499999999990  1.05037984400260  1.37216277845091
   0.964999999999990  1.05342152628940  1.55228656987492
   0.967499999999990  1.05647470111762  1.73390634997024
   0.969999999999990  1.05953861516206  1.91700468700205
   0.972499999999990  1.06261251244777  2.10156380308875
   0.974999999999990  1.06569563453659  2.28756555573435
   0.977499999999990  1.06878722071428  2.47499141822535
   0.979999999999990  1.07188650817821  2.66382245885657
   0.982499999999990  1.07499273222558  2.85403931895016
   0.984999999999990  1.07810512644208  3.04562218963498
   0.987499999999990  1.08122292289102  3.23855078735466
   0.989999999999990  1.08434535230276  3.43280432807516
   0.992499999999990  1.08747164426457  3.62836150016509
   0.994999999999990  1.09060102741070  3.82520043592490
   0.997499999999990  1.09373272961267  4.02329868174488
   0.999999999999990  1.09686597816983  4.22263316687439
   1.00249999999999  1.09999999999999  4.42318017079032
   1.00499999999999  1.10313402183014  4.62491528915558
   1.00749999999999  1.10626727038730  4.82781339836492
   1.00999999999999  1.10939897258928  5.03184861867937
   1.01249999999999  1.11252835573540  5.23699427595686
   1.01499999999999  1.11565464769722  5.44322286199301
   1.01749999999999  1.11877707710896  5.65050599349202
   1.01999999999999  1.12189487355789  5.85881436969535
   1.02249999999999  1.12500726777439  6.06811772870258
   1.02499999999999  1.12811349182176  6.27838480252807
   1.02749999999999  1.13121277928570  6.48958327094361
   1.02999999999999  1.13430436546339  6.70167971416816
   1.03249999999999  1.13738748755221  6.91463956447299
   1.03499999999999  1.14046138483792  7.12842705678229
   1.03749999999999  1.14352529888235  7.34300517835732
   1.03999999999999  1.14657847371058  7.55833561766413
   1.04249999999999  1.14962015599738  7.77437871253534
   1.04499999999999  1.15264959525317  7.99109339774677
   1.04749999999999  1.15566604400914  8.20843715214238
   1.04999999999999  1.15866875800171  8.42636594545161
   1.05249999999999  1.16165699635611  8.64483418495568
   1.05499999999999  1.16463002176926  8.86379466217094
   1.05749999999999  1.16758710069162  9.08319849973016
   1.05999999999999  1.17052750350821  9.30299509865390
   1.06249999999999  1.17345050471864  9.52313208621738
   1.06499999999999  1.17635538311609  9.74355526462892
   1.06749999999999  1.17924142196528  9.96420856074967
   1.06999999999999  1.18210790917932  10.1850339770943
   1.07249999999999  1.18495413749538  10.4059715443653
   1.07499999999999  1.18777940464921  10.6269592757823
   1.07749999999999  1.19058301354841  10.8479331234820
   1.07999999999999  1.19336427244444  11.0688269372691
   1.08249999999999  1.19612249510328  11.2895724260127
   1.08499999999999  1.19885700097477  11.5100991219879
   1.08749999999999  1.20156711536050  11.7303343484704
   1.08999999999999  1.20425216958029  11.9502031908999
   1.09249999999999  1.20691150113720  12.1696284719310
   1.09499999999999  1.20954445388096  12.3885307306965
   1.09749999999999  1.21215037816986  12.6068282066091
   1.09999999999999  1.21472863103110  12.8244368280310
   1.10249999999999  1.21727857631935  13.0412702061374
   1.10499999999999  1.21979958487377  13.2572396343014
   1.10749999999999  1.22229103467323  13.4722540933219
   1.10999999999999  1.22475231098976  13.6862202628116
   1.11249999999999  1.22718280654026  13.8990425390537
   1.11499999999999  1.22958192163632  14.1106230596278
   1.11749999999999  1.23194906433219  14.3208617350928
   1.11999999999999  1.23428365057084  14.5296562880010
   1.12249999999999  1.23658510432804  14.7369022995022
   1.12499999999999  1.23885285775451  14.9424932637776
   1.12749999999999  1.24108635131604  15.1463206505227
   1.12999999999999  1.24328503393149  15.3482739756772
   1.13249999999999  1.24544836310884  15.5482408805723
   1.13499999999999  1.24757580507899  15.7461072196399
   1.13749999999999  1.24966683492745  15.9417571567998
   1.13999999999999  1.25172093672392  16.1350732706061
   1.14249999999999  1.25373760364949  16.3259366682029
   1.14499999999999  1.25571633812179  16.5142271081031
   1.14749999999999  1.25765665191769  16.6998231317654
   1.14999999999999  1.25955806629380  16.8826022039067
   1.15249999999999  1.26142011210456  17.0624408614444
   1.15499999999999  1.26324232991805  17.2392148709229
   1.15749999999999  1.26502427012928  17.4127993942347
   1.15999999999999  1.26676549307116  17.5830691623984
   1.16249999999999  1.26846556912299  17.7498986571187
   1.16499999999999  1.27012407881645  17.9131622997989
   1.16749999999999  1.27174061293908  18.0727346476377
   1.16999999999999  1.27331477263528  18.2284905963918
   1.17249999999999  1.27484616950469  18.3803055893450
   1.17499999999999  1.27633442569806  18.5280558319741
   1.17749999999999  1.27777917401044  18.6716185117655
   1.17999999999999  1.27918005797179  18.8108720225881
   1.18249999999999  1.28053673193497  18.9456961929912
   1.18499999999999  1.28184886116098  19.0759725177576
   1.18749999999999  1.28311612190155  19.2015843920039
   1.18999999999999  1.28433820147908  19.3224173470892
   1.19249999999999  1.28551479836370  19.4383592875622
   1.19499999999999  1.28664562224774  19.5493007283479
   1.19749999999999  1.28773039411732  19.6551350313548
   1.19999999999999  1.28876884632124  19.7557586406615
   1.20249999999999  1.28976072263693  19.8510713154264
   1.20499999999999  1.29070577833375  19.9409763596534
   1.20749999999999  1.29160378023337  20.0253808479404
   1.20999999999999  1.29245450676725  20.1041958463327
   1.21249999999999  1.29325774803133  20.1773366274099
   1.21499999999999  1.29401330583787  20.2447228787388
   1.21749999999999  1.29472099376428  20.3062789038403
   1.21999999999999  1.29538063719915  20.3619338148329
   1.22249999999999  1.29599207338533  20.4116217159425
   1.22499999999998  1.29655515146010  20.4552818770893
   1.22749999999998  1.29706973249236  20.4928588968010
   1.22999999999998  1.29753568951695  20.5243028537340
   1.23249999999998  1.29795290756594  20.5495694461298
   1.23499999999998  1.29832128369702  20.5686201185747
   1.23749999999998  1.29864072701889  20.5814221754859
   1.23999999999998  1.29891115871370  20.5879488807969
   1.24249999999998  1.29913251205646  20.5881795433751
   1.24499999999998  1.29930473243156  20.5820995877625
   1.24749999999998  1.29942777734619  20.5697006098942
   1.24999999999998  1.29950161644086  20.5509804175170
   1.25249999999998  1.29952623149689  20.5259430550923
   1.25499999999998  1.29950161644087  20.4945988130436
   1.25749999999998  1.29942777734619  20.4569642212719
   1.25999999999998  1.29930473243156  20.4130620269371
   1.26249999999998  1.29913251205646  20.3629211565727
   1.26499999999998  1.29891115871370  20.3065766626705
   1.26749999999998  1.29864072701889  20.2440696549422
   1.26999999999998  1.29832128369702  20.1754472165337
   1.27249999999998  1.29795290756594  20.1007623055312
   1.27499999999998  1.29753568951695  20.0200736421667
   1.27749999999998  1.29706973249237  19.9334455821868
   1.27999999999998  1.29655515146010  19.8409479769134
   1.28249999999998  1.29599207338534  19.7426560205737
   1.28499999999998  1.29538063719916  19.6386500855335
   1.28749999999998  1.29472099376429  19.5290155461134
   1.28999999999998  1.29401330583788  19.4138425917095
   1.29249999999998  1.29325774803134  19.2932260299818
   1.29499999999998  1.29245450676726  19.1672650809058
   1.29749999999998  1.29160378023338  19.0360631625130
   1.29999999999998  1.29070577833377  18.8997276691684
   1.30249999999998  1.28976072263694  18.7583697432574
   1.30499999999998  1.28876884632125  18.6121040411615
   1.30749999999998  1.28773039411734  18.4610484944195
   1.30999999999998  1.28664562224775  18.3053240669679
   1.31249999999998  1.28551479836371  18.1450545093591
   1.31499999999998  1.28433820147909  17.9803661108478
   1.31749999999998  1.28311612190157  17.8113874502257
   1.31999999999998  1.28184886116100  17.6382491462715
   1.32249999999998  1.28053673193499  17.4610836086645
   1.32499999999998  1.27918005797181  17.2800247901839
   1.32749999999998  1.27777917401046  17.0952079409944
   1.32999999999998  1.27633442569808  16.9067693657850
   1.33249999999998  1.27484616950471  16.7148461844943
   1.33499999999998  1.27331477263530  16.5195760973239
   1.33749999999998  1.27174061293910  16.3210971546954
   1.33999999999998  1.27012407881647  16.1195475327733
   1.34249999999998  1.26846556912301  15.9150653151285
   1.34499999999998  1.26676549307118  15.7077882810726
   1.34749999999998  1.26502427012930  15.4978537011517
   1.34999999999998  1.26324232991807  15.2853981402359
   1.35249999999998  1.26142011210459  15.0705572686004
   1.35499999999998  1.25955806629382  14.8534656813399
   1.35749999999998  1.25765665191771  14.6342567264174
   1.35999999999998  1.25571633812181  14.4130623415948
   1.36249999999998  1.25373760364951  14.1900129004542
   1.36499999999998  1.25172093672394  13.9652370676649
   1.36749999999998  1.24966683492748  13.7388616636143
   1.36999999999998  1.24757580507901  13.5110115384729
   1.37249999999998  1.24544836310887  13.2818094557246
   1.37499999999998  1.24328503393152  13.0513759851523
   1.37749999999998  1.24108635131606  12.8198294052327
   1.37999999999998  1.23885285775454  12.5872856148567
   1.38249999999998  1.23658510432807  12.3538580542576
   1.38499999999998  1.23428365057087  12.1196576350000
   1.38749999999998  1.23194906433222  11.8847926788515
   1.38999999999998  1.22958192163635  11.6493688653301
   1.39249999999998  1.22718280654029  11.4134891877014
   1.39499999999998  1.22475231098979  11.1772539171704
   1.39749999999998  1.22229103467326  10.9407605749981
   1.39999999999998  1.21979958487381  10.7041039122537
   1.40249999999998  1.21727857631938  10.4673758968961
   1.40499999999998  1.21472863103113  10.2306657078700
   1.40749999999998  1.21215037816990  9.99405973588552
   1.40999999999998  1.20954445388099  9.75764159054679
   1.41249999999998  1.20691150113724  9.52149211348534
   1.41499999999998  1.20425216958033  9.28568939714978
   1.41749999999998  1.20156711536053  9.05030880890292
   1.41999999999998  1.19885700097481  8.81542302007323
   1.42249999999998  1.19612249510332  8.58110203961123
   1.42499999999998  1.19336427244447  8.34741325200233
   1.42749999999998  1.19058301354844  8.11442145909133
   1.42999999999998  1.18777940464924  7.88218892548011
   1.43249999999998  1.18495413749542  7.65077542716510
   1.43499999999998  1.18210790917936  7.42023830308969
   1.43749999999998  1.17924142196532  7.19063250929431
   1.43999999999998  1.17635538311612  6.96201067535735
   1.44249999999998  1.17345050471867  6.73442316282903
   1.44499999999998  1.17052750350825  6.50791812537222
   1.44749999999998  1.16758710069166  6.28254157033523
   1.44999999999998  1.16463002176930  6.05833742149281
   1.45249999999998  1.16165699635615  5.83534758270524
   1.45499999999998  1.15866875800174  5.61361200225643
   1.45749999999998  1.15566604400918  5.39316873764568
   1.45999999999998  1.15264959525321  5.17405402062007
   1.46249999999998  1.14962015599741  4.95630232224774
   1.46499999999998  1.14657847371061  4.73994641784448
   1.46749999999998  1.14352529888239  4.52501745158008
   1.46999999999998  1.14046138483796  4.31154500060192
   1.47249999999998  1.13738748755225  4.09955713852713
   1.47499999999998  1.13430436546343  3.88908049816610
   1.47749999999998  1.13121277928573  3.68014033335223
   1.47999999999998  1.12811349182180  3.47276057976447
   1.48249999999998  1.12500726777443  3.26696391464012
   1.48499999999998  1.12189487355793  3.06277181528680
   1.48749999999998  1.11877707710900  2.86020461631277
   1.48999999999998  1.11565464769726  2.65928156550375
   1.49249999999998  1.11252835573544  2.46002087828603
   1.49499999999998  1.10939897258931  2.26243979072308
   1.49749999999998  1.10626727038734  2.06655461100189
   1.49999999999998  1.10313402183018  1.87238076937417
   1.50249999999998  1.10000000000003  1.67993286652469
   1.50499999999998  1.09686597816987  1.48922472034578
   1.50749999999998  1.09373272961271  1.30026941110530
   1.50999999999998  1.09060102741074  1.11307932500026
   1.51249999999998  1.08747164426461  0.927666196094601
   1.51499999999998  1.08434535230280  0.744041146645562
   1.51749999999998  1.08122292289106  0.562214725827126
   1.51999999999998  1.07810512644212  0.382196946864396
   1.52249999999998  1.07499273222562  0.203997322596358
   1.52499999999998  1.07188650817825  2.762489948830076E-002
   1.52749999999998  1.06878722071432 -0.146911709881321
   1.52999999999998  1.06569563453663 -0.319604295831817
   1.53249999999998  1.06261251244780 -0.490445022059394
   1.53499999999998  1.05953861516210 -0.659426397551066
   1.53749999999998  1.05647470111766 -0.826541249900188
   1.53999999999998  1.05342152628944 -0.991782699986292
   1.54249999999998  1.05037984400264 -1.15514413798302
   1.54499999999998  1.04735040474685 -1.31661920065539
   1.54749999999998  1.04433395599087 -1.47620174990707
   1.54999999999998  1.04133124199831 -1.63388585253828
   1.55249999999998  1.03834300364390 -1.78966576117440
   1.55499999999998  1.03536997823075 -1.94353589632498
   1.55749999999998  1.03241289930839 -2.09549082953310
   1.55999999999998  1.02947249649180 -2.24552526757582
   1.56249999999998  1.02654949528137 -2.39363403767581
   1.56499999999998  1.02364461688393 -2.53981207368584
   1.56749999999998  1.02075857803473 -2.68405440320801
   1.56999999999998  1.01789209082069 -2.82635613561024
   1.57249999999998  1.01504586250463 -2.96671245090427
   1.57499999999998  1.01222059535081 -3.10511858944917
   1.57749999999998  1.00941698645160 -3.24156984244670
   1.57999999999998  1.00663572755557 -3.37606154319519
   1.58249999999998  1.00387750489673 -3.50858905907000
   1.58499999999998  1.00114299902524 -3.63914778420005
   1.58749999999998  0.998432884639513 -3.74567169666849
   1.58999999999998  0.995747830419718 -3.83501547319109
   1.59249999999998  0.993088498862809 -3.92340915532405
   1.59499999999998  0.990455546119055 -4.01083034105033
   1.59749999999998  0.987849621830147 -4.09725672186147
   1.59999999999998  0.985271368968910 -4.18266608703823
   1.60249999999998  0.982721423680658 -4.26703632819179
   1.60499999999998  0.980200415126237 -4.35034544407101
   1.60749999999998  0.977708965326784 -4.43257154563953
   1.60999999999998  0.975247689010255 -4.51369286142637
   1.61249999999998  0.972817193459755 -4.59368774315276
   1.61499999999998  0.970418078363692 -4.67253467163719
   1.61749999999998  0.968050935667816 -4.75021226297973
   1.61999999999998  0.965716349429168 -4.82669927502597
   1.62249999999998  0.963414895671969 -4.90197461411005
   1.62499999999998  0.961147142245496 -4.97601734207520
   1.62749999999998  0.958913648683975 -5.04880668356964
   1.62999999999998  0.956714966068519 -5.12032203361438
   1.63249999999998  0.954551636891167 -5.19054296543865
   1.63499999999998  0.952424194921021 -5.25944923857808
   1.63749999999998  0.950333165072554 -5.32702080722906
   1.63999999999998  0.948279063276093 -5.39323782885254
   1.64249999999998  0.946262396350519 -5.45808067301900
   1.64499999999998  0.944283661878221 -5.52152993048564
   1.64749999999998  0.942343348082320 -5.58356642249556
   1.64999999999998  0.940441933706213 -5.64417121028839
   1.65249999999998  0.938579887895445 -5.70332560480993
   1.65499999999998  0.936757670081959 -5.76101117660849
   1.65749999999998  0.934975729870732 -5.81720976590376
   1.65999999999998  0.933234506928848 -5.87190349281384
   1.66249999999998  0.931534430877014 -5.92507476772489
   1.66499999999998  0.929875921183557 -5.97670630178707
   1.66749999999998  0.928259387060926 -6.02678111751968
   1.66999999999998  0.926685227364728 -6.07528255950784
   1.67249999999998  0.925153830495313 -6.12219430517190
   1.67499999999998  0.923665574301945 -6.16750037559066
   1.67749999999998  0.922220825989568 -6.21118514635846
   1.67999999999998  0.920819942028212 -6.25323335845602
   1.68249999999998  0.919463268065031 -6.29363012911379
   1.68499999999998  0.918151138839027 -6.33236096264724
   1.68749999999998  0.916883878098450 -6.36941176124182
   1.68999999999998  0.915661798520928 -6.40476883566625
   1.69249999999998  0.914485201636309 -6.43841891589157
   1.69499999999997  0.913354377752269 -6.47034916159410
   1.69749999999997  0.912269605882680 -6.50054717251971
   1.69999999999997  0.911231153678769 -6.52900099868716
   1.70249999999997  0.910239277363079 -6.55569915040828
   1.70499999999997  0.909294221666249 -6.58063060810276
   1.70749999999997  0.908396219766631 -6.60378483188587
   1.70999999999997  0.907545493232757 -6.62515177090740
   1.71249999999997  0.906742251968669 -6.64472187242068
   1.71499999999997  0.905986694162130 -6.66248609056101
   1.71749999999997  0.905279006235723 -6.67843589481335
   1.71999999999997  0.904619362800855 -6.69256327814969
   1.72249999999997  0.904007926614672 -6.70486076481721
   1.72499999999997  0.903444848539905 -6.71532141775932
   1.72749999999997  0.902930267507642 -6.72393884565214
   1.72999999999997  0.902464310483055 -6.73070720954015
   1.73249999999997  0.902047092434066 -6.73562122905566
   1.73499999999997  0.901678716302985 -6.73867618820770
   1.73749999999997  0.901359272981112 -6.73986794072698
   1.73999999999997  0.901088841286306 -6.73919291495495
   1.74249999999997  0.900867487943541 -6.73664811826570
   1.74499999999997  0.900695267568442 -6.73223114101124
   1.74749999999997  0.900572222653810 -6.72594015998136
   1.74999999999997  0.900498383559136 -6.71777394137106
   1.75249999999997  0.900473768503112 -6.70773184324953
   1.75499999999997  0.900498383559135 -6.69581381752608
   1.75749999999997  0.900572222653808 -6.68202041140987
   1.75999999999997  0.900695267568439 -6.66635276836146
   1.76249999999997  0.900867487943537 -6.64881262853571
   1.76499999999997  0.901088841286301 -6.62940232871694
   1.76749999999997  0.901359272981106 -6.60812480174828
   1.76999999999997  0.901678716302978 -6.58498357545906
   1.77249999999997  0.902047092434057 -6.55998277109489
   1.77499999999997  0.902464310483045 -6.53312710125650
   1.77749999999997  0.902930267507632 -6.50442186735490
   1.77999999999997  0.903444848539893 -6.47387295659136
   1.78249999999997  0.904007926614659 -6.44148683847200
   1.78499999999997  0.904619362800841 -6.40727056086794
   1.78749999999997  0.905279006235709 -6.37123174563314
   1.78999999999997  0.905986694162115 -6.33337858379272
   1.79249999999997  0.906742251968653 -6.29371983031616
   1.79499999999997  0.907545493232740 -6.25226479848988
   1.79749999999997  0.908396219766613 -6.20902335390549
   1.79999999999997  0.909294221666230 -6.16400590807992
   1.80249999999997  0.910239277363059 -6.11722341172479
   1.80499999999997  0.911231153678748 -6.06868734768317
   1.80749999999997  0.912269605882657 -6.01840972355192
   1.80999999999997  0.913354377752246 -5.96640306400879
   1.81249999999997  0.914485201636285 -5.91268040286373
   1.81499999999997  0.915661798520903 -5.85725527485390
   1.81749999999997  0.916883878098424 -5.80014170720271
   1.81999999999997  0.918151138838999 -5.74135421096278
   1.82249999999997  0.919463268065003 -5.68090777216335
   1.82499999999997  0.920819942028183 -5.61881784278236
   1.82749999999997  0.922220825989538 -5.55510033156343
   1.82999999999997  0.923665574301914 -5.48977159469802
   1.83249999999997  0.925153830495282 -5.42284842639282
   1.83499999999997  0.926685227364695 -5.35434804934189
   1.83749999999997  0.928259387060893 -5.28428810512308
   1.83999999999997  0.929875921183522 -5.21268664453806
   1.84249999999997  0.931534430876979 -5.13956211791390
   1.84499999999997  0.933234506928812 -5.06493336538505
   1.84749999999997  0.934975729870695 -4.98881960717279
   1.84999999999997  0.936757670081921 -4.91124043387925
   1.85249999999997  0.938579887895407 -4.83221579681232
   1.85499999999997  0.940441933706173 -4.75176599835723
   1.85749999999997  0.942343348082280 -4.66991168240927
   1.85999999999997  0.944283661878179 -4.58667382488234
   1.86249999999997  0.946262396350477 -4.50207372430621
   1.86499999999997  0.948279063276050 -4.41613299252538
   1.86749999999997  0.950333165072511 -4.32887354551096
   1.86999999999997  0.952424194920977 -4.24031759429657
   1.87249999999997  0.954551636891122 -4.15048763604816
   1.87499999999997  0.956714966068474 -4.05940644527690
   1.87749999999997  0.958913648683928 -3.96709706520320
   1.87999999999997  0.961147142245449 -3.87358279927926
   1.88249999999997  0.963414895671921 -3.77888720287662
   1.88499999999997  0.965716349429119 -3.68303407514397
   1.88749999999997  0.968050935667767 -3.58604745104024
   1.88999999999997  0.970418078363642 -3.48795159354637
   1.89249999999997  0.972817193459705 -3.38877098605894
   1.89499999999997  0.975247689010204 -3.28853032496754
   1.89749999999997  0.977708965326731 -3.18725451241726
   1.89999999999997  0.980200415126185 -3.08496864925679
   1.90249999999997  0.982721423680605 -2.98169802817158
   1.90499999999997  0.985271368968856 -2.87746812700121
   1.90749999999997  0.987849621830092 -2.77230460223911
   1.90999999999997  0.990455546119000 -2.66623328271220
   1.91249999999997  0.993088498862754 -2.55928016343699
   1.91499999999997  0.995747830419662 -2.45147139964894
   1.91749999999997  0.998432884639456 -2.34283330100017
   1.91999999999997  1.00114299902518 -2.21716384072983
   1.92249999999997  1.00387750489667 -2.06767086556115
   1.92499999999997  1.00663572755552 -1.91646083193275
   1.92749999999997  1.00941698645155 -1.76354622204887
   1.92999999999997  1.01222059535075 -1.60893967577456
   1.93249999999997  1.01504586250457 -1.45265399558229
   1.93499999999997  1.01789209082063 -1.29470215203135
   1.93749999999997  1.02075857803467 -1.13509728980997
   1.93999999999997  1.02364461688386 -0.973852734370365
   1.94249999999997  1.02654949528131 -0.810981999189488
   1.94499999999997  1.02947249649174 -0.646498793688574
   1.94749999999997  1.03241289930833 -0.480417031845247
   1.94999999999997  1.03536997823069 -0.312750841534488
   1.95249999999997  1.03834300364384 -0.143514574633610
   1.95499999999997  1.04133124199824  2.727718207078765E-002
   1.95749999999997  1.04433395599081  0.199609595136797
   1.95999999999997  1.04735040474678  0.373467571843457
   1.96249999999997  1.05037984400257  0.548835746650880
   1.96499999999997  1.05342152628937  0.725698466704807
   1.96749999999997  1.05647470111759  0.904039776347286
   1.96999999999997  1.05953861516203  1.08384340059385
   1.97249999999997  1.06261251244774  1.26509272753896
   1.97499999999997  1.06569563453656  1.44777078965175
   1.97749999999997  1.06878722071425  1.63186024392466
   1.97999999999997  1.07188650817819  1.81734335083861
   1.98249999999997  1.07499273222556  2.00420195211035
   1.98499999999997  1.07810512644206  2.19241744718805
   1.98749999999997  1.08122292289099  2.38197076846444
   1.98999999999997  1.08434535230273  2.57284235517779
   1.99249999999997  1.08747164426455  2.76501212597445
   1.99499999999997  1.09060102741067  2.95845945010953
   1.99749999999997  1.09373272961265  3.15316311726475
   1.99999999999997  1.09686597816981  3.34910130596753
   2.00249999999997  1.09999999999996  3.54625155059810
   2.00499999999997  1.10313402183011  3.74459070697681
   2.00749999999997  1.10626727038728  3.94409491652803
   2.00999999999997  1.10939897258925  4.14473956902324
   2.01249999999997  1.11252835573538  4.34649926391018
   2.01499999999997  1.11565464769719  4.54934777024312
   2.01749999999997  1.11877707710893  4.75325798523347
   2.01999999999997  1.12189487355786  4.95820189144959
   2.02249999999997  1.12500726777436  5.16415051270020
   2.02499999999997  1.12811349182174  5.37107386864474
   2.02749999999997  1.13121277928567  5.57894092818198
   2.02999999999997  1.13430436546336  5.78771956167783
   2.03249999999997  1.13738748755218  5.99737649210114
   2.03499999999997  1.14046138483789  6.20787724514737
   2.03749999999997  1.14352529888233  6.41918609843967
   2.03999999999997  1.14657847371055  6.63126602990644
   2.04249999999997  1.14962015599735  6.84407866544705
   2.04499999999997  1.15264959525314  7.05758422600667
   2.04749999999997  1.15566604400912  7.27174147419364
   2.04999999999997  1.15866875800168  7.48650766058469
   2.05249999999997  1.16165699635609  7.70183846987394
   2.05499999999997  1.16463002176924  7.91768796703480
   2.05749999999997  1.16758710069160  8.13400854367608
   2.05999999999997  1.17052750350819  8.35075086478444
   2.06249999999997  1.17345050471861  8.56786381605895
   2.06499999999997  1.17635538311606  8.78529445205514
   2.06749999999997  1.17924142196526  9.00298794536745
   2.06999999999997  1.18210790917930  9.22088753709087
   2.07249999999997  1.18495413749536  9.43893448881459
   2.07499999999997  1.18777940464918  9.65706803641010
   2.07749999999997  1.19058301354838  9.87522534588825
   2.07999999999997  1.19336427244441  10.0933414716080
   2.08249999999997  1.19612249510326  10.3113493171302
   2.08499999999997  1.19885700097475  10.5291795990174
   2.08749999999997  1.20156711536048  10.7467608138879
   2.08999999999997  1.20425216958027  10.9640192090393
   2.09249999999997  1.20691150113718  11.1808787569621
   2.09499999999997  1.20954445388093  11.3972611340681
   2.09749999999997  1.21215037816984  11.6130857039591
   2.09999999999997  1.21472863103108  11.8282695055674
   2.10249999999997  1.21727857631933  12.0427272464935
   2.10499999999997  1.21979958487375  12.2563713018690
   2.10749999999997  1.22229103467321  12.4691117190675
   2.10999999999997  1.22475231098973  12.6808562285794
   2.11249999999997  1.22718280654023  12.8915102613616
   2.11499999999997  1.22958192163630  13.1009769729617
   2.11749999999997  1.23194906433217  13.3091572747050
   2.11999999999997  1.23428365057082  13.5159498722193
   2.12249999999997  1.23658510432802  13.7212513115572
   2.12499999999997  1.23885285775449  13.9249560331537
   2.12749999999997  1.24108635131602  14.1269564338427
   2.12999999999997  1.24328503393147  14.3271429371267
   2.13249999999997  1.24544836310882  14.5254040718731
   2.13499999999997  1.24757580507897  14.7216265595808
   2.13749999999997  1.24966683492744  14.9156954103346
   2.13999999999997  1.25172093672390  15.1074940275270
   2.14249999999997  1.25373760364947  15.2969043214003
   2.14499999999997  1.25571633812177  15.4838068314216
   2.14749999999997  1.25765665191767  15.6680808574660
   2.14999999999997  1.25955806629378  15.8496045997468
   2.15249999999997  1.26142011210455  16.0282553073860
   2.15499999999997  1.26324232991803  16.2039094354812
   2.15749999999997  1.26502427012926  16.3764428104772
   2.15999999999997  1.26676549307114  16.5457308036097
   2.16249999999997  1.26846556912298  16.7116485121392
   2.16499999999996  1.27012407881644  16.8740709480534
   2.16749999999996  1.27174061293907  17.0328732338646
   2.16999999999996  1.27331477263527  17.1879308050875
   2.17249999999996  1.27484616950468  17.3391196189350
   2.17499999999996  1.27633442569805  17.4863163687265
   2.17749999999996  1.27777917401043  17.6293987034586
   2.17999999999996  1.27918005797178  17.7682454519472
   2.18249999999996  1.28053673193496  17.9027368509090
   2.18499999999996  1.28184886116097  18.0327547763113
   2.18749999999996  1.28311612190154  18.1581829772847
   2.18999999999996  1.28433820147907  18.2789073118585
   2.19249999999996  1.28551479836369  18.3948159837483
   2.19499999999996  1.28664562224773  18.5057997794005
   2.19749999999996  1.28773039411732  18.6117523044693
   2.19999999999996  1.28876884632123  18.7125702188910
   2.20249999999996  1.28976072263692  18.8081534696948
   2.20499999999996  1.29070577833375  18.8984055206864
   2.20749999999996  1.29160378023337  18.9832335781280
   2.20999999999996  1.29245450676724  19.0625488115408
   2.21249999999996  1.29325774803133  19.1362665687550
   2.21499999999996  1.29401330583787  19.2043065843419
   2.21749999999996  1.29472099376427  19.2665931805752
   2.21999999999996  1.29538063719914  19.3230554600858
   2.22249999999996  1.29599207338533  19.3736274893967
   2.22499999999996  1.29655515146009  19.4182484725512
   2.22749999999996  1.29706973249236  19.4568629140838
   2.22999999999996  1.29753568951694  19.4894207706143
   2.23249999999996  1.29795290756593  19.5158775903908
   2.23499999999996  1.29832128369701  19.5361946401542
   2.23749999999996  1.29864072701889  19.5503390187421
   2.23999999999996  1.29891115871369  19.5582837569090
   2.24249999999996  1.29913251205646  19.5600079028923
   2.24499999999996  1.29930473243156  19.5554965933173
   2.24749999999996  1.29942777734619  19.5447411090947
   2.24999999999996  1.29950161644086  19.5277389160326
   2.25249999999996  1.29952623149689  19.5044936899484
   2.25499999999996  1.29950161644087  19.4750153261384
   2.25749999999996  1.29942777734619  19.4393199331305
   2.25999999999996  1.29930473243156  19.3974298107167
   2.26249999999996  1.29913251205646  19.3493734123327
   2.26499999999996  1.29891115871370  19.2951852919210
   2.26749999999996  1.29864072701890  19.2349060354854
   2.26999999999996  1.29832128369702  19.1685821776099
   2.27249999999996  1.29795290756594  19.0962661032838
   2.27499999999996  1.29753568951696  19.0180159354377
   2.27749999999996  1.29706973249237  18.9338954086568
   2.27999999999996  1.29655515146011  18.8439737295968
   2.28249999999996  1.29599207338534  18.7483254246821
   2.28499999999996  1.29538063719916  18.6470301757191
   2.28749999999996  1.29472099376429  18.5401726441025
   2.28999999999996  1.29401330583789  18.4278422843388
   2.29249999999996  1.29325774803135  18.3101331476477
   2.29499999999996  1.29245450676726  18.1871436764366
   2.29749999999996  1.29160378023339  18.0589764904747
   2.29999999999996  1.29070577833377  17.9257381656147
   2.30249999999996  1.28976072263695  17.7875390059314
   2.30499999999996  1.28876884632126  17.6444928101607
   2.30749999999996  1.28773039411735  17.4967166333305
   2.30999999999996  1.28664562224776  17.3443305444812
   2.31249999999996  1.28551479836372  17.1874573813715
   2.31499999999996  1.28433820147910  17.0262225030591
   2.31749999999996  1.28311612190158  16.8607535412387
   2.31999999999996  1.28184886116101  16.6911801512016
   2.32249999999996  1.28053673193500  16.5176337632646
   2.32499999999996  1.27918005797182  16.3402473354928
   2.32749999999996  1.27777917401047  16.1591551085126
   2.32999999999996  1.27633442569809  15.9744923631845
   2.33249999999996  1.27484616950472  15.7863951818676
   2.33499999999996  1.27331477263531  15.5950002139754
   2.33749999999996  1.27174061293911  15.4004444464817
   2.33999999999996  1.27012407881648  15.2028649799944
   2.34249999999996  1.26846556912303  15.0023988109745
   2.34499999999996  1.26676549307120  14.7991826206281
   2.34749999999996  1.26502427012931  14.5933525709616
   2.34999999999996  1.26324232991809  14.3850441084345
   2.35249999999996  1.26142011210460  14.1743917756047
   2.35499999999996  1.25955806629383  13.9615290311107
   2.35749999999996  1.25765665191773  13.7465880782867
   2.35999999999996  1.25571633812183  13.5296997026629
   2.36249999999996  1.25373760364953  13.3109931185545
   2.36499999999996  1.25172093672396  13.0905958248974
   2.36749999999996  1.24966683492750  12.8686334704478
   2.36999999999996  1.24757580507903  12.6452297284134
   2.37249999999996  1.24544836310889  12.4205061805502
   2.37499999999996  1.24328503393154  12.1945822107126
   2.37749999999996  1.24108635131608  11.9675749078098
   2.37999999999996  1.23885285775456  11.7395989780865
   2.38249999999996  1.23658510432809  11.5107666666078
   2.38499999999996  1.23428365057089  11.2811876878026
   2.38749999999996  1.23194906433224  11.0509691648848
   2.38999999999996  1.22958192163637  10.8202155779480
   2.39249999999996  1.22718280654031  10.5890287205047
   2.39499999999996  1.22475231098981  10.3575076642158
   2.39749999999996  1.22229103467328  10.1257487315400
   2.39999999999996  1.21979958487383  9.89384547601359
   2.40249999999996  1.21727857631941  9.66188866985424
   2.40499999999996  1.21472863103115  9.42996629857257
   2.40749999999996  1.21215037816992  9.19816356226222
   2.40999999999996  1.20954445388101  8.96656288323155
   2.41249999999996  1.20691150113726  8.73524391963339
   2.41499999999996  1.20425216958035  8.50428358474466
   2.41749999999996  1.20156711536056  8.27375607154480
   2.41999999999996  1.19885700097483  8.04373288224207
   2.42249999999996  1.19612249510334  7.81428286239619
   2.42499999999996  1.19336427244450  7.58547223928900
   2.42749999999996  1.19058301354847  7.35736466419924
   2.42999999999996  1.18777940464927  7.13002125824072
   2.43249999999996  1.18495413749544  6.90350066143201
   2.43499999999996  1.18210790917938  6.67785908467177
   2.43749999999996  1.17924142196534  6.45315036430226
   2.43999999999996  1.17635538311615  6.22942601895402
   2.44249999999996  1.17345050471870  6.00673530837407
   2.44499999999996  1.17052750350827  5.78512529395074
   2.44749999999996  1.16758710069168  5.56464090066024
   2.44999999999996  1.16463002176933  5.34532498017174
   2.45249999999996  1.16165699635618  5.12721837485910
   2.45499999999996  1.15866875800177  4.91035998248194
   2.45749999999996  1.15566604400921  4.69478682130888
   2.45999999999996  1.15264959525323  4.48053409547085
   2.46249999999996  1.14962015599744  4.26763526034434
   2.46499999999996  1.14657847371064  4.05612208777671
   2.46749999999996  1.14352529888242  3.84602473097980
   2.46999999999996  1.14046138483798  3.63737178893009
   2.47249999999996  1.13738748755227  3.43019037012549
   2.47499999999996  1.13430436546345  3.22450615556227
   2.47749999999996  1.13121277928576  3.02034346080682
   2.47999999999996  1.12811349182183  2.81772529704823
   2.48249999999996  1.12500726777446  2.61667343103031
   2.48499999999996  1.12189487355796  2.41720844377044
   2.48749999999996  1.11877707710902  2.21934978798528
   2.48999999999996  1.11565464769728  2.02311584415196
   2.49249999999996  1.11252835573547  1.82852397514318
   2.49499999999996  1.10939897258934  1.63559057938449
   2.49749999999996  1.10626727038737  1.44433114249005
   2.49999999999996  1.10313402183021  1.25476028734123
   2.50249999999996  1.10000000000005  1.06689182258089
   2.50499999999996  1.09686597816990  0.880738789503008
   2.50749999999996  1.09373272961274  0.696313507323546
   2.50999999999996  1.09060102741076  0.513627616826194
   2.51249999999996  1.08747164426464  0.332692122381015
   2.51499999999996  1.08434535230282  0.153517432340359
   2.51749999999996  1.08122292289108 -2.388660217892507E-002
   2.51999999999996  1.07810512644215 -0.199510650113478
   2.52249999999996  1.07499273222565 -0.373345864853699
   2.52499999999996  1.07188650817828 -0.545383850204933
   2.52749999999996  1.06878722071434 -0.715616627884931
   2.52999999999996  1.06569563453665 -0.884036606529498
   2.53249999999996  1.06261251244783 -1.05063655217616
   2.53499999999996  1.05953861516212 -1.21540956019339
   2.53749999999996  1.05647470111768 -1.37834902862058
   2.53999999999996  1.05342152628946 -1.53944863288262
   2.54249999999996  1.05037984400266 -1.69870230184197
   2.54499999999996  1.04735040474687 -1.85610419514915
   2.54749999999996  1.04433395599090 -2.01164868185277
   2.54999999999996  1.04133124199833 -2.16533032022903
   2.55249999999996  1.03834300364392 -2.31714383879052
   2.55499999999996  1.03536997823077 -2.46708411843404
   2.55749999999996  1.03241289930842 -2.61514617568731
   2.55999999999996  1.02947249649182 -2.76132514701456
   2.56249999999996  1.02654949528140 -2.90561627414126
   2.56499999999996  1.02364461688395 -3.04801489035935
   2.56749999999996  1.02075857803475 -3.18851640777475
   2.56999999999996  1.01789209082071 -3.32711630545897
   2.57249999999996  1.01504586250466 -3.46381011846921
   2.57499999999996  1.01222059535083 -3.59859342770104
   2.57749999999996  1.00941698645163 -3.73146185053856
   2.57999999999996  1.00663572755560 -3.86241103226982
   2.58249999999996  1.00387750489675 -3.99143663823455
   2.58499999999996  1.00114299902526 -4.11853434667333
   2.58749999999996  0.998432884639535 -4.22163840610681
   2.58999999999996  0.995747830419741 -4.30760375019599
   2.59249999999996  0.993088498862832 -4.39266066414014
   2.59499999999996  0.990455546119077 -4.47678697645408
   2.59749999999996  0.987849621830169 -4.55996059624736
   2.59999999999996  0.985271368968932 -4.64215951770557
   2.60249999999996  0.982721423680680 -4.72336182483601
   2.60499999999996  0.980200415126259 -4.80354569648277
   2.60749999999996  0.977708965326805 -4.88268941161506
   2.60999999999996  0.975247689010276 -4.96077135489149
   2.61249999999996  0.972817193459776 -5.03777002250357
   2.61499999999996  0.970418078363712 -5.11366402829957
   2.61749999999996  0.968050935667836 -5.18843211018962
   2.61999999999996  0.965716349429188 -5.26205313683240
   2.62249999999996  0.963414895671989 -5.33450611460235
   2.62499999999996  0.961147142245516 -5.40577019483553
   2.62749999999996  0.958913648683994 -5.47582468135189
   2.62999999999996  0.956714966068538 -5.54464903825018
   2.63249999999995  0.954551636891185 -5.61222289797089
   2.63499999999995  0.952424194921039 -5.67852606962199
   2.63749999999995  0.950333165072572 -5.74353854756106
   2.63999999999995  0.948279063276110 -5.80724052022628
   2.64249999999995  0.946262396350536 -5.86961237920803
   2.64499999999995  0.944283661878237 -5.93063472855200
   2.64749999999995  0.942343348082336 -5.99028839428324
   2.64999999999995  0.940441933706229 -6.04855443414005
   2.65249999999995  0.938579887895461 -6.10541414750576
   2.65499999999995  0.936757670081974 -6.16084908552512
   2.65749999999995  0.934975729870747 -6.21484106139132
   2.65999999999995  0.933234506928863 -6.26737216078899
   2.66249999999995  0.931534430877028 -6.31842475247738
   2.66499999999995  0.929875921183570 -6.36798149899706
   2.66749999999995  0.928259387060940 -6.41602536748319
   2.66999999999995  0.926685227364741 -6.46253964056708
   2.67249999999995  0.925153830495326 -6.50750792734738
   2.67499999999995  0.923665574301957 -6.55091417441157
   2.67749999999995  0.922220825989580 -6.59274267688785
   2.67999999999995  0.920819942028223 -6.63297808950674
   2.68249999999995  0.919463268065043 -6.67160543765156
   2.68499999999995  0.918151138839038 -6.70861012837660
   2.68749999999995  0.916883878098461 -6.74397796137063
   2.68999999999995  0.915661798520938 -6.77769513984442
   2.69249999999995  0.914485201636319 -6.80974828131956
   2.69499999999995  0.913354377752278 -6.84012442829634
   2.69749999999995  0.912269605882689 -6.86881105877825
   2.69999999999995  0.911231153678778 -6.89579609663063
   2.70249999999995  0.910239277363087 -6.92106792175104
   2.70499999999995  0.909294221666257 -6.94461538002926
   2.70749999999995  0.908396219766639 -6.96642779307481
   2.70999999999995  0.907545493232764 -6.98649496769055
   2.71249999999995  0.906742251968676 -7.00480720507079
   2.71499999999995  0.905986694162136 -7.02135530970353
   2.71749999999995  0.905279006235729 -7.03613059795620
   2.71999999999995  0.904619362800860 -7.04912490632566
   2.72249999999995  0.904007926614677 -7.06033059933331
   2.72499999999995  0.903444848539909 -7.06974057704732
   2.72749999999995  0.902930267507647 -7.07734828221465
   2.72999999999995  0.902464310483058 -7.08314770698641
   2.73249999999995  0.902047092434069 -7.08713339922143
   2.73499999999995  0.901678716302988 -7.08930046835325
   2.73749999999995  0.901359272981115 -7.08964459080759
   2.73999999999995  0.901088841286308 -7.08816201495799
   2.74249999999995  0.900867487943542 -7.08484956560860
   2.74499999999995  0.900695267568443 -7.07970464799458
   2.74749999999995  0.900572222653811 -7.07272525129138
   2.74999999999995  0.900498383559136 -7.06390995162576
   2.75249999999995  0.900473768503112 -7.05325791458292
   2.75499999999995  0.900498383559134 -7.04076889720479
   2.75749999999995  0.900572222653807 -7.02644324947664
   2.75999999999995  0.900695267568438 -7.01028191530001
   2.76249999999995  0.900867487943535 -6.99228643295160
   2.76499999999995  0.901088841286299 -6.97245893502891
   2.76749999999995  0.901359272981104 -6.95080214788511
   2.76999999999995  0.901678716302975 -6.92731939055642
   2.77249999999995  0.902047092434054 -6.90201457318731
   2.77499999999995  0.902464310483042 -6.87489219495946
   2.77749999999995  0.902930267507628 -6.84595734153205
   2.77999999999995  0.903444848539889 -6.81521568200220
   2.78249999999995  0.904007926614655 -6.78267346539531
   2.78499999999995  0.904619362800836 -6.74833751669659
   2.78749999999995  0.905279006235703 -6.71221523243554
   2.78999999999995  0.905986694162108 -6.67431457583707
   2.79249999999995  0.906742251968646 -6.63464407155302
   2.79499999999995  0.907545493232733 -6.59321279998937
   2.79749999999995  0.908396219766605 -6.55003039124507
   2.79999999999995  0.909294221666222 -6.50510701867915
   2.80249999999995  0.910239277363050 -6.45845339212363
   2.80499999999995  0.911231153678739 -6.41008075076035
   2.80749999999995  0.912269605882648 -6.36000085568028
   2.80999999999995  0.913354377752236 -6.30822598214451
   2.81249999999995  0.914485201636275 -6.25476891156659
   2.81499999999995  0.915661798520892 -6.19964292323603
   2.81749999999995  0.916883878098414 -6.14286178580315
   2.81999999999995  0.918151138838989 -6.08443974854576
   2.82249999999995  0.919463268064992 -6.02439153243795
   2.82499999999995  0.920819942028171 -5.96273232104177
   2.82749999999995  0.922220825989526 -5.89947775124197
   2.82999999999995  0.923665574301901 -5.83464390384457
   2.83249999999995  0.925153830495269 -5.76824729405895
   2.83499999999995  0.926685227364682 -5.70030486188385
   2.83749999999995  0.928259387060879 -5.63083396241663
   2.83999999999995  0.929875921183508 -5.55985235610513
   2.84249999999995  0.931534430876964 -5.48737819896084
   2.84499999999995  0.933234506928797 -5.41343003275197
   2.84749999999995  0.934975729870679 -5.33802677519370
   2.84999999999995  0.936757670081905 -5.26118771015321
   2.85249999999995  0.938579887895391 -5.18293247788582
   2.85499999999995  0.940441933706157 -5.10328106531805
   2.85749999999995  0.942343348082263 -5.02225379639268
   2.85999999999995  0.944283661878163 -4.93987132249034
   2.86249999999995  0.946262396350460 -4.85615461294088
   2.86499999999995  0.948279063276033 -4.77112494563749
   2.86749999999995  0.950333165072493 -4.68480389776541
   2.86999999999995  0.952424194920959 -4.59721333665614
   2.87249999999995  0.954551636891104 -4.50837541077742
   2.87499999999995  0.956714966068455 -4.41831254086825
   2.87749999999995  0.958913648683909 -4.32704741122729
   2.87999999999995