   4.9881557874221894E-005   1.1000000000000001        4.3470691169791529     
   9.9763115748443789E-005   1.1007853658655911        4.3812800320563108     
   1.4964467362266567E-004   1.1015705379539065        4.4154857389565771     
   1.9952623149688758E-004   1.1023553225354823        4.4496777884218561     
   2.4940778937110949E-004   1.1031395259764658        4.4838477311788241     
   2.9928934724533139E-004   1.1039229547863922        4.5179871199720072     
   3.4917090511955330E-004   1.1047054156659257        4.5520875116003294     
   3.9905246299377521E-004   1.1054867155545522        4.5861404689567546     
   4.4893402086799712E-004   1.1062666616782153        4.6201375630706432     
   4.9881557874221897E-004   1.1070450615968792        4.6540703751523784     
   5.4869713661644082E-004   1.1078217232520116        4.6879304986400223     
   5.9857869449066268E-004   1.1085964550139706        4.7217095412473409     
   6.4846025236488453E-004   1.1093690657292863        4.7553991270129341     
   6.9834181023910639E-004   1.1101393647678257        4.7889908983501090     
   7.4822336811332824E-004   1.1109071620698272        4.8224765180968152     
   7.9810492598755009E-004   1.1116722681927953        4.8558476715654946     
   8.4798648386177195E-004   1.1124344943582429        4.8890960685921918     
   8.9786804173599380E-004   1.1131936524982686        4.9222134455845552     
   9.4774959961021565E-004   1.1139495553019616        4.9551915675682343     
   9.9763115748443751E-004   1.1147020162616152        4.9880222302312305     
   1.0475127153586595E-003   1.1154508497187474        5.0206972619657169     
   1.0973942732328814E-003   1.1161958709099076        5.0532085259068467     
   1.1472758311071034E-003   1.1169368960122648        5.0855479219679527     
   1.1971573889813254E-003   1.1176737421889629        5.1177073888718674     
   1.2470389468555473E-003   1.1184062276342339        5.1496789061776305     
   1.2969205047297693E-003   1.1191341716182546        5.1814544963021936     
   1.3468020626039912E-003   1.1198573945317392        5.2130262265364848     
   1.3966836204782132E-003   1.1205757179302556        5.2443862110555850     
   1.4465651783524352E-003   1.1212889645782538        5.2755266129220075     
   1.4964467362266571E-003   1.1219969584927958        5.3064396460820591     
   1.5463282941008791E-003   1.1226995249869773        5.3371175773543404     
   1.5962098519751011E-003   1.1233964907130287        5.3675527284100468     
   1.6460914098493230E-003   1.1240876837050859        5.3977374777444158     
   1.6959729677235450E-003   1.1247729334216205        5.4276642626387703     
   1.7458545255977669E-003   1.1254520707875186        5.4573255811126709     
   1.7957360834719889E-003   1.1261249282357975        5.4867139938654308     
   1.8456176413462109E-003   1.1267913397489500        5.5158221262066283     
   1.8954991992204328E-003   1.1274511408999066        5.5446426699747686     
   1.9453807570946548E-003   1.1281041688926066        5.5731683854437977     
   1.9952623149688768E-003   1.1287502626021639        5.6013921032166323     
   2.0451438728430987E-003   1.1293892626146238        5.6293067261052272     
   2.0950254307173207E-003   1.1300210112662943        5.6569052309965979     
   2.1449069885915426E-003   1.1306453526826490        5.6841806707040661     
   2.1947885464657646E-003   1.1312621328167853        5.7111261758033116     
   2.2446701043399866E-003   1.1318711994874346        5.7377349564524387     
   2.2945516622142085E-003   1.1324724024165094        5.7640003041955401     
   2.3444332200884305E-003   1.1330655932661826        5.7899155937491793     
   2.3943147779626524E-003   1.1336506256754888        5.8154742847711027     
   2.4441963358368744E-003   1.1342273552964346        5.8406699236105606     
   2.4940778937110964E-003   1.1347956398296157        5.8654961450397058     
   2.5439594515853183E-003   1.1353553390593274        5.8899466739654445     
   2.5938410094595403E-003   1.1359063148881596        5.9140153271209943     
   2.6437225673337623E-003   1.1364484313710708        5.9376960147367290     
   2.6936041252079842E-003   1.1369815547489306        5.9609827421895538     
   2.7434856830822062E-003   1.1375055534815230        5.9838696116303325     
   2.7933672409564281E-003   1.1380202982800016        6.0063508235885390     
   2.8432487988306501E-003   1.1385256621387896        6.0284206785538919     
   2.8931303567048721E-003   1.1390215203669165        6.0500735785339392     
   2.9430119145790940E-003   1.1395077506187845        6.0713040285874191     
   2.9928934724533160E-003   1.1399842329243546        6.0921066383324805     
   3.0427750303275380E-003   1.1404508497187476        6.1124761234293041     
   3.0926565882017599E-003   1.1409074858712513        6.1324073070366669     
   3.1425381460759819E-003   1.1413540287137283        6.1518951212416217     
   3.1924197039502038E-003   1.1417903680684136        6.1709346084619279     
   3.2423012618244258E-003   1.1422163962751009        6.1895209228206074     
   3.2921828196986478E-003   1.1426320082177046        6.2076493314920027     
   3.3420643775728697E-003   1.1430371013501972        6.2253152160189602     
   3.3919459354470917E-003   1.1434315757219098        6.2425140736004225     
   3.4418274933213137E-003   1.1438153340021933        6.2592415183489205     
   3.4917090511955356E-003   1.1441882815044349        6.2754932825177265     
   3.5415906090697576E-003   1.1445503262094185        6.2912652176966439     
   3.5914721669439795E-003   1.1449013787880309        6.3065532959764496     
   3.6413537248182015E-003   1.1452413526233012        6.3213536110811370     
   3.6912352826924235E-003   1.1455701638317723        6.3356623794677001     
   3.7411168405666454E-003   1.1458877312841991        6.3494759413928481     
   3.7909983984408674E-003   1.1461939766255644        6.3627907619463242     
   3.8408799563150894E-003   1.1464888242944127        6.3756034320502319     
   3.8907615141893113E-003   1.1467722015414934        6.3879106694240688     
   3.9406430720635328E-003   1.1470440384477114        6.3997093195150985     
   3.9905246299377544E-003   1.1473042679413774        6.4109963563933237     
   4.0404061878119759E-003   1.1475528258147578        6.4217688836111861     
   4.0902877456861974E-003   1.1477896507399166        6.4320241350271248     
   4.1401693035604190E-003   1.1480146842838472        6.4417594755930025     
   4.1900508614346405E-003   1.1482278709228899        6.4509724021047710     
   4.2399324193088620E-003   1.1484291580564316        6.4596605439162502     
   4.2898139771830835E-003   1.1486184960198840        6.4678216636155961     
   4.3396955350573051E-003   1.1487958380969374        6.4754536576641799     
   4.3895770929315266E-003   1.1489611405310884        6.4825545569976430     
   4.4394586508057481E-003   1.1491143625364346        6.4891225275887132     
   4.4893402086799697E-003   1.1492554663077388        6.4951558709717068     
   4.5392217665541912E-003   1.1493844170297569        6.5006530247284644     
   4.5891033244284127E-003   1.1495011828858279        6.5056125629352310     
   4.6389848823026342E-003   1.1496057350657241        6.5100331965707614     
   4.6888664401768558E-003   1.1496980477727590        6.5139137738849335     
   4.7387479980510773E-003   1.1497780982301542        6.5172532807282231     
   4.7886295559252988E-003   1.1498458666866564        6.5200508408413258     
   4.8385111137995204E-003   1.1499013364214137        6.5223057161054756     
   4.8883926716737419E-003   1.1499444937480985        6.5240173067525653     
   4.9382742295479634E-003   1.1499753280182867        6.5251851515357959     
   4.9881557874221849E-003   1.1499938316240832        6.5258089278599547     
   5.0380373452964065E-003   1.1500000000000001        6.5258884518719853     
   5.0879189031706280E-003   1.1499938316240832        6.5254236785113990     
   5.1378004610448495E-003   1.1499753280182867        6.5244147015204836     
   5.1876820189190711E-003   1.1499444937480985        6.5228617534146203     
   5.2375635767932926E-003   1.1499013364214137        6.5207652054124221     
   5.2874451346675141E-003   1.1498458666866564        6.5181255673257255     
   5.3373266925417356E-003   1.1497780982301542        6.5149434874099015     
   5.3872082504159572E-003   1.1496980477727592        6.5112197521738580     
   5.4370898082901787E-003   1.1496057350657241        6.5069552861505491     
   5.4869713661644002E-003   1.1495011828858279        6.5021511516275350     
   5.5368529240386218E-003   1.1493844170297569        6.4968085483380502     
   5.5867344819128433E-003   1.1492554663077388        6.4909288131125145     
   5.6366160397870648E-003   1.1491143625364346        6.4845134194909031     
   5.6864975976612863E-003   1.1489611405310884        6.4775639772957510     
   5.7363791555355079E-003   1.1487958380969374        6.4700822321664981     
   5.7862607134097294E-003   1.1486184960198840        6.4620700650549017     
   5.8361422712839509E-003   1.1484291580564316        6.4535294916820112     
   5.8860238291581725E-003   1.1482278709228901        6.4444626619569956     
   5.9359053870323940E-003   1.1480146842838472        6.4348718593578091     
   5.9857869449066155E-003   1.1477896507399166        6.4247595002743667     
   6.0356685027808370E-003   1.1475528258147578        6.4141281333140858     
   6.0855500606550586E-003   1.1473042679413774        6.4029804385704585     
   6.1354316185292801E-003   1.1470440384477114        6.3913192268548666     
   6.1853131764035016E-003   1.1467722015414936        6.3791474388918692     
   6.2351947342777232E-003   1.1464888242944127        6.3664681444784463     
   6.2850762921519447E-003   1.1461939766255644        6.3532845416076080     
   6.3349578500261662E-003   1.1458877312841993        6.3395999555565892     
   6.3848394079003877E-003   1.1455701638317723        6.3254178379401003     
   6.4347209657746093E-003   1.1452413526233012        6.3107417657292091     
   6.4846025236488308E-003   1.1449013787880309        6.2955754402359752     
   6.5344840815230523E-003   1.1445503262094185        6.2799226860645323     
   6.5843656393972739E-003   1.1441882815044349        6.2637874500289445     
   6.6342471972714954E-003   1.1438153340021935        6.2471738000383299     
   6.6841287551457169E-003   1.1434315757219098        6.2300859239497086     
   6.7340103130199384E-003   1.1430371013501974        6.2125281283891303     
   6.7838918708941600E-003   1.1426320082177048        6.1945048375414586     
   6.8337734287683815E-003   1.1422163962751011        6.1760205919093929     
   6.8836549866426030E-003   1.1417903680684138        6.1570800470422977     
   6.9335365445168246E-003   1.1413540287137283        6.1376879722352076     
   6.9834181023910461E-003   1.1409074858712513        6.1178492491987244     
   7.0332996602652676E-003   1.1404508497187476        6.0975688707001900     
   7.0831812181394891E-003   1.1399842329243548        6.0768519391768230     
   7.1330627760137107E-003   1.1395077506187847        6.0557036653211940     
   7.1829443338879322E-003   1.1390215203669167        6.0341293666399674     
   7.2328258917621537E-003   1.1385256621387898        6.0121344659858984     
   7.2827074496363753E-003   1.1380202982800018        5.9897244900643098     
   7.3325890075105968E-003   1.1375055534815233        5.9669050679141113     
   7.3824705653848183E-003   1.1369815547489308        5.9436819293643568     
   7.4323521232590398E-003   1.1364484313710710        5.9200609034664975     
   7.4822336811332614E-003   1.1359063148881599        5.8960479169034370     
   7.5321152390074829E-003   1.1353553390593276        5.8716489923755084     
   7.5819967968817044E-003   1.1347956398296160        5.8468702469643556     
   7.6318783547559260E-003   1.1342273552964348        5.8217178904750311     
   7.6817599126301475E-003   1.1336506256754890        5.7961982237571554     
   7.7316414705043690E-003   1.1330655932661831        5.7703176370056033     
   7.7815230283785905E-003   1.1324724024165096        5.7440826080413938     
   7.8314045862528121E-003   1.1318711994874349        5.7174997005733452     
   7.8812861441270345E-003   1.1312621328167856        5.6905755624411976     
   7.9311677020012569E-003   1.1306453526826492        5.6633169238407444     
   7.9810492598754793E-003   1.1300210112662945        5.6357305955315082     
   8.0309308177497016E-003   1.1293892626146240        5.6078234670279130     
   8.0808123756239240E-003   1.1287502626021644        5.5796025047740239     
   8.1306939334981464E-003   1.1281041688926070        5.5510747503030036     
   8.1805754913723688E-003   1.1274511408999071        5.5222473183815364     
   8.2304570492465912E-003   1.1267913397489502        5.4931273951399673     
   8.2803386071208136E-003   1.1261249282357979        5.4637222361887510     
   8.3302201649950360E-003   1.1254520707875189        5.4340391647217645     
   8.3801017228692584E-003   1.1247729334216208        5.4040855696071501     
   8.4299832807434808E-003   1.1240876837050862        5.3738689034662164     
   8.4798648386177032E-003   1.1233964907130289        5.3433966807409892     
   8.5297463964919256E-003   1.1226995249869778        5.3126764757510898     
   8.5796279543661480E-003   1.1219969584927960        5.2817159207403428     
   8.6295095122403704E-003   1.1212889645782540        5.2505227039138953     
   8.6793910701145928E-003   1.1205757179302558        5.2191045674662293     
   8.7292726279888152E-003   1.1198573945317394        5.1874693056007413     
   8.7791541858630376E-003   1.1191341716182548        5.1556247625414295     
   8.8290357437372600E-003   1.1184062276342341        5.1235788305372294     
   8.8789173016114824E-003   1.1176737421889631        5.0913394478594949     
   8.9287988594857048E-003   1.1169368960122650        5.0589145967932243     
   8.9786804173599272E-003   1.1161958709099078        5.0263123016225579     
   9.0285619752341496E-003   1.1154508497187476        4.9935406266110816     
   9.0784435331083720E-003   1.1147020162616155        4.9606076739773473     
   9.1283250909825944E-003   1.1139495553019618        4.9275215818662605     
   9.1782066488568168E-003   1.1131936524982688        4.8942905223167745     
   9.2280882067310391E-003   1.1124344943582429        4.8609226992263670     
   9.2779697646052615E-003   1.1116722681927955        4.8274263463128539     
   9.3278513224794839E-003   1.1109071620698274        4.7938097250738698     
   9.3777328803537063E-003   1.1101393647678259        4.7600811227447348     
   9.4276144382279287E-003   1.1093690657292865        4.7262488502549402     
   9.4774959961021511E-003   1.1085964550139706        4.6923212401838024     
   9.5273775539763735E-003   1.1078217232520118        4.6583066447157995     
   9.5772591118505959E-003   1.1070450615968794        4.6242134335958873     
   9.6271406697248183E-003   1.1062666616782155        4.5900499920853211     
   9.6770222275990407E-003   1.1054867155545525        4.5558247189184975     
   9.7269037854732631E-003   1.1047054156659259        4.5215460242610046     
   9.7767853433474855E-003   1.1039229547863925        4.4872223276694676     
   9.8266669012217079E-003   1.1031395259764658        4.4528620560536272     
   9.8765484590959303E-003   1.1023553225354823        4.4184736416408557     
   9.9264300169701527E-003   1.1015705379539067        4.3840655199437277     
   9.9763115748443751E-003   1.1007853658655913        4.3496461277308116     
   1.0026193132718597E-002   1.1000000000000001        4.3152239010012918     
   1.0076074690592820E-002   1.0992146341344091        4.2808072729636146     
   1.0125956248467042E-002   1.0984294620460937        4.2464046720185236     
   1.0175837806341265E-002   1.0976446774645181        4.2120245197470183     
   1.0225719364215487E-002   1.0968604740235344        4.1776752289032997     
   1.0275600922089709E-002   1.0960770452136079        4.1433652014135038     
   1.0325482479963932E-002   1.0952945843340745        4.1091028263799032     
   1.0375364037838154E-002   1.0945132844454479        4.0748964780916275     
   1.0425245595712377E-002   1.0937333383217849        4.0407545140417049     
   1.0475127153586599E-002   1.0929549384031210        4.0066852729510130     
   1.0525008711460821E-002   1.0921782767479886        3.9726970727993445     
   1.0574890269335044E-002   1.0914035449860295        3.9387982088640165     
   1.0624771827209266E-002   1.0906309342707139        3.9049969517662544     
   1.0674653385083489E-002   1.0898606352321745        3.8713015455256210     
   1.0724534942957711E-002   1.0890928379301730        3.8377202056229400     
   1.0774416500831933E-002   1.0883277318072049        3.8042611170718748     
   1.0824298058706156E-002   1.0875655056417572        3.7709324324995595     
   1.0874179616580378E-002   1.0868063475017313        3.7377422702365659     
   1.0924061174454601E-002   1.0860504446980386        3.7046987124163482     
   1.0973942732328823E-002   1.0852979837383847        3.6718098030848259     
   1.1023824290203045E-002   1.0845491502812525        3.6390835463198972     
   1.1073705848077268E-002   1.0838041290900926        3.6065279043617031     
   1.1123587405951490E-002   1.0830631039877354        3.5741507957534058     
   1.1173468963825713E-002   1.0823262578110371        3.5419600934933086     
   1.1223350521699935E-002   1.0815937723657660        3.5099636231981481     
   1.1273232079574157E-002   1.0808658283817454        3.4781691612780339     
   1.1323113637448380E-002   1.0801426054682610        3.4465844331234434     
   1.1372995195322602E-002   1.0794242820697446        3.4152171113043317     
   1.1422876753196825E-002   1.0787110354217464        3.3840748137818197     
   1.1472758311071047E-002   1.0780030415072042        3.3531651021326114     
   1.1522639868945269E-002   1.0773004750130226        3.3224954797866388     
   1.1572521426819492E-002   1.0766035092869712        3.2920733902778840     
   1.1622402984693714E-002   1.0759123162949142        3.2619062155091325     
   1.1672284542567937E-002   1.0752270665783796        3.2320012740304618     
   1.1722166100442159E-002   1.0745479292124813        3.2023658193321412     
   1.1772047658316381E-002   1.0738750717642025        3.1730070381521061     
   1.1821929216190604E-002   1.0732086602510500        3.1439320487981788     
   1.1871810774064826E-002   1.0725488591000933        3.1151478994856436     
   1.1921692331939049E-002   1.0718958311073934        3.0866615666900490     
   1.1971573889813271E-002   1.0712497373978360        3.0584799535161040     
   1.2021455447687493E-002   1.0706107373853762        3.0306098880823433     
   1.2071337005561716E-002   1.0699789887337057        3.0030581219224719     
   1.2121218563435938E-002   1.0693546473173510        2.9758313284032138     
   1.2171100121310161E-002   1.0687378671832146        2.9489361011593305     
   1.2220981679184383E-002   1.0681288005125653        2.9223789525459276     
   1.2270863237058605E-002   1.0675275975834906        2.8961663121084640     
   1.2320744794932828E-002   1.0669344067338173        2.8703045250707442     
   1.2370626352807050E-002   1.0663493743245112        2.8447998508412109     
   1.2420507910681272E-002   1.0657726447035654        2.8196584615379674     
   1.2470389468555495E-002   1.0652043601703842        2.7948864405327289     
   1.2520271026429717E-002   1.0646446609406726        2.7704897810140579     
   1.2570152584303940E-002   1.0640936851118403        2.7464743845703308     
   1.2620034142178162E-002   1.0635515686289292        2.7228460597926833     
   1.2669915700052384E-002   1.0630184452510694        2.6996105208982035     
   1.2719797257926607E-002   1.0624944465184769        2.6767733863739016     
   1.2769678815800829E-002   1.0619797017199983        2.6543401776416320     
   1.2819560373675052E-002   1.0614743378612104        2.6323163177443738     
   1.2869441931549274E-002   1.0609784796330834        2.6107071300542346     
   1.2919323489423496E-002   1.0604922493812152        2.5895178370024783     
   1.2969205047297719E-002   1.0600157670756454        2.5687535588319710     
   1.3019086605171941E-002   1.0595491502812524        2.5484193123722578     
   1.3068968163046164E-002   1.0590925141287486        2.5285200098379019     
   1.3118849720920386E-002   1.0586459712862717        2.5090604576500577     
   1.3168731278794608E-002   1.0582096319315863        2.4900453552819384     
   1.3218612836668831E-002   1.0577836037248991        2.4714792941282817     
   1.3268494394543053E-002   1.0573679917822951        2.4533667563994159     
   1.3318375952417276E-002   1.0569628986498028        2.4357121140399469     
   1.3368257510291498E-002   1.0565684242780904        2.4185196276726288     
   1.3418139068165720E-002   1.0561846659978067        2.4017934455677734     
   1.3468020626039943E-002   1.0558117184955651        2.3855376026383071     
   1.3517902183914165E-002   1.0554496737905814        2.3697560194610450     
   1.3567783741788388E-002   1.0550986212119691        2.3544525013243054     
   1.3617665299662610E-002   1.0547586473766990        2.3396307373024134     
   1.3667546857536832E-002   1.0544298361682276        2.3252942993571009     
   1.3717428415411055E-002   1.0541122687158009        2.3114466414664787     
   1.3767309973285277E-002   1.0538060233744355        2.2980910987814780     
   1.3817191531159500E-002   1.0535111757055873        2.2852308868104516     
   1.3867073089033722E-002   1.0532277984585066        2.2728691006319286     
   1.3916954646907944E-002   1.0529559615522885        2.2610087141359592     
   1.3966836204782167E-002   1.0526957320586225        2.2496525792943158     
   1.4016717762656389E-002   1.0524471741852421        2.2388034254597144     
   1.4066599320530612E-002   1.0522103492600834        2.2284638586944965     
   1.4116480878404834E-002   1.0519853157161527        2.2186363611288105     
   1.4166362436279056E-002   1.0517721290771100        2.2093232903487707     
   1.4216243994153279E-002   1.0515708419435683        2.2005268788145749     
   1.4266125552027501E-002   1.0513815039801162        2.1922492333090862     
   1.4316007109901724E-002   1.0512041619030625        2.1844923344167593     
   1.4365888667775946E-002   1.0510388594689117        2.1772580360334999     
   1.4415770225650168E-002   1.0508856374635656        2.1705480649073015     
   1.4465651783524391E-002   1.0507445336922614        2.1643640202100918     
   1.4515533341398613E-002   1.0506155829702430        2.1587073731407740     
   1.4565414899272836E-002   1.0504988171141720        2.1535794665598402     
   1.4615296457147058E-002   1.0503942649342761        2.1489815146554383     
   1.4665178015021280E-002   1.0503019522272410        2.1449146026412476     
   1.4715059572895503E-002   1.0502219017698460        2.1413796864862626     
   1.4764941130769725E-002   1.0501541333133437        2.1383775926764068     
   1.4814822688643947E-002   1.0500986635785865        2.1359090180083236     
   1.4864704246518170E-002   1.0500555062519015        2.1339745294153234     
   1.4914585804392392E-002   1.0500246719817135        2.1325745638254827     
   1.4964467362266615E-002   1.0500061683759170        2.1317094280521074     
   1.5014348920140837E-002   1.0500000000000000        2.1313792987165212     
   1.5064230478015059E-002   1.0500061683759170        2.1315842222031853     
   1.5114112035889282E-002   1.0500246719817135        2.1323241146472602     
   1.5163993593763504E-002   1.0500555062519017        2.1335987619545382     
   1.5213875151637727E-002   1.0500986635785865        2.1354078198537856     
   1.5263756709511949E-002   1.0501541333133437        2.1377508139815067     
   1.5313638267386171E-002   1.0502219017698462        2.1406271399989318     
   1.5363519825260394E-002   1.0503019522272412        2.1440360637414280     
   1.5413401383134616E-002   1.0503942649342763        2.1479767214001066     
   1.5463282941008839E-002   1.0504988171141723        2.1524481197355585     
   1.5513164498883061E-002   1.0506155829702433        2.1574491363237618     
   1.5563046056757283E-002   1.0507445336922616        2.1629785198338807     
   1.5612927614631506E-002   1.0508856374635658        2.1690348903379908     
   1.5662809172505728E-002   1.0510388594689120        2.1756167396526163     
   1.5712690730379949E-002   1.0512041619030630        2.1827224317117051     
   1.5762572288254170E-002   1.0513815039801164        2.1903502029712705     
   1.5812453846128390E-002   1.0515708419435688        2.1984981628452829     
   1.5862335404002611E-002   1.0517721290771105        2.2071642941726091     
   1.5912216961876832E-002   1.0519853157161532        2.2163464537150084     
   1.5962098519751052E-002   1.0522103492600838        2.2260423726859511     
   1.6011980077625273E-002   1.0524471741852426        2.2362496573098052     
   1.6061861635499494E-002   1.0526957320586230        2.2469657894115818     
   1.6111743193373714E-002   1.0529559615522890        2.2581881270366591     
   1.6161624751247935E-002   1.0532277984585070        2.2699139051005046     
   1.6211506309122155E-002   1.0535111757055877        2.2821402360679111     
   1.6261387866996376E-002   1.0538060233744360        2.2948641106618308     
   1.6311269424870597E-002   1.0541122687158013        2.3080823986011594     
   1.6361150982744817E-002   1.0544298361682281        2.3217918493674428     
   1.6411032540619038E-002   1.0547586473766994        2.3359890930003031     
   1.6460914098493259E-002   1.0550986212119695        2.3506706409209186     
   1.6510795656367479E-002   1.0554496737905819        2.3658328867838185     
   1.6560677214241700E-002   1.0558117184955655        2.3814721073561702     
   1.6610558772115921E-002   1.0561846659978071        2.3975844634246051     
   1.6660440329990141E-002   1.0565684242780908        2.4141660007291019     
   1.6710321887864362E-002   1.0569628986498032        2.4312126509237091     
   1.6760203445738583E-002   1.0573679917822958        2.4487202325637276     
   1.6810085003612803E-002   1.0577836037248995        2.4666844521190323     
   1.6859966561487024E-002   1.0582096319315868        2.4851009050132618     
   1.6909848119361245E-002   1.0586459712862721        2.5039650766884414     
   1.6959729677235465E-002   1.0590925141287491        2.5232723436948676     
   1.7009611235109686E-002   1.0595491502812528        2.5430179748057147     
   1.7059492792983907E-002   1.0600157670756458        2.5631971321561910     
   1.7109374350858127E-002   1.0604922493812157        2.5838048724068181     
   1.7159255908732348E-002   1.0609784796330837        2.6048361479305560     
   1.7209137466606569E-002   1.0614743378612108        2.6262858080232978     
   1.7259019024480789E-002   1.0619797017199988        2.6481486001375454     
   1.7308900582355010E-002   1.0624944465184771        2.6704191711388550     
   1.7358782140229231E-002   1.0630184452510698        2.6930920685846931     
   1.7408663698103451E-002   1.0635515686289296        2.7161617420252737     
   1.7458545255977672E-002   1.0640936851118408        2.7396225443262927     
   1.7508426813851893E-002   1.0646446609406728        2.7634687330129091     
   1.7558308371726113E-002   1.0652043601703844        2.7876944716347976     
   1.7608189929600334E-002   1.0657726447035658        2.8122938311519006     
   1.7658071487474555E-002   1.0663493743245114        2.8372607913404870     
   1.7707953045348775E-002   1.0669344067338176        2.8625892422193697     
   1.7757834603222996E-002   1.0675275975834908        2.8882729854954658     
   1.7807716161097217E-002   1.0681288005125655        2.9143057360290978     
   1.7857597718971437E-002   1.0687378671832148        2.9406811233179027     
   1.7907479276845658E-002   1.0693546473173512        2.9673926929996308     
   1.7957360834719879E-002   1.0699789887337059        2.9944339083732068     
   1.8007242392594099E-002   1.0706107373853764        3.0217981519377379     
   1.8057123950468320E-002   1.0712497373978360        3.0494787269492654     
   1.8107005508342541E-002   1.0718958311073934        3.0774688589947372     
   1.8156887066216761E-002   1.0725488591000933        3.1057616975831461     
   1.8206768624090982E-002   1.0732086602510502        3.1343503177531948     
   1.8256650181965203E-002   1.0738750717642025        3.1632277216974600     
   1.8306531739839423E-002   1.0745479292124813        3.1923868404026163     
   1.8356413297713644E-002   1.0752270665783796        3.2218205353052940     
   1.8406294855587865E-002   1.0759123162949140        3.2515215999634401     
   1.8456176413462085E-002   1.0766035092869712        3.2814827617428466     
   1.8506057971336306E-002   1.0773004750130224        3.3116966835184112     
   1.8555939529210527E-002   1.0780030415072042        3.3421559653899693     
   1.8605821087084747E-002   1.0787110354217462        3.3728531464122393     
   1.8655702644958968E-002   1.0794242820697444        3.4037807063388459     
   1.8705584202833189E-002   1.0801426054682608        3.4349310673797548     
   1.8755465760707409E-002   1.0808658283817452        3.4662965959721355     
   1.8805347318581630E-002   1.0815937723657658        3.4978696045642170     
   1.8855228876455851E-002   1.0823262578110369        3.5296423534117762     
   1.8905110434330071E-002   1.0830631039877352        3.5616070523871537     
   1.8954991992204292E-002   1.0838041290900922        3.5937558628003332     
   1.9004873550078513E-002   1.0845491502812523        3.6260808992318245     
   1.9054755107952733E-002   1.0852979837383845        3.6585742313771417     
   1.9104636665826954E-002   1.0860504446980381        3.6912278859024439     
   1.9154518223701174E-002   1.0868063475017309        3.7240338483111808     
   1.9204399781575395E-002   1.0875655056417568        3.7569840648213422     
   1.9254281339449616E-002   1.0883277318072042        3.7900704442531197     
   1.9304162897323836E-002   1.0890928379301723        3.8232848599265181     
   1.9354044455198057E-002   1.0898606352321738        3.8566191515688040     
   1.9403926013072278E-002   1.0906309342707132        3.8900651272313826     
   1.9453807570946498E-002   1.0914035449860291        3.9236145652158267     
   1.9503689128820719E-002   1.0921782767479880        3.9572592160087026     
   1.9553570686694940E-002   1.0929549384031203        3.9909908042250621     
   1.9603452244569160E-002   1.0937333383217842        4.0248010305600115     
   1.9653333802443381E-002   1.0945132844454470        4.0586815737482560     
   1.9703215360317602E-002   1.0952945843340736        4.0926240925313087     
   1.9753096918191822E-002   1.0960770452136070        4.1266202276318253     
   1.9802978476066043E-002   1.0968604740235337        4.1606616037350506     
   1.9852860033940264E-002   1.0976446774645172        4.1947398314767925     
   1.9902741591814484E-002   1.0984294620460928        4.2288465094377097     
   1.9952623149688705E-002   1.0992146341344082        4.2629732261435747     
   2.0002504707562926E-002   1.0999999999999992        4.2971115620710751     
   2.0052386265437146E-002   1.1007853658655902        4.3312530916590335     
   2.0102267823311367E-002   1.1015705379539056        4.3653893853243479     
   2.0152149381185588E-002   1.1023553225354814        4.3995120114826296     
   2.0202030939059808E-002   1.1031395259764649        4.4336125385729250     
   2.0251912496934029E-002   1.1039229547863914        4.4676825370863709     
   2.0301794054808250E-002   1.1047054156659248        4.5017135815981719     
   2.0351675612682470E-002   1.1054867155545514        4.5356972528027049     
   2.0401557170556691E-002   1.1062666616782142        4.5696251395512704     
   2.0451438728430912E-002   1.1070450615968781        4.6034888408921404     
   2.0501320286305132E-002   1.1078217232520107        4.6372799681124111     
   2.0551201844179353E-002   1.1085964550139695        4.6709901467813584     
   2.0601083402053574E-002   1.1093690657292852        4.7046110187948855     
   2.0650964959927794E-002   1.1101393647678246        4.7381342444204888     
   2.0700846517802015E-002   1.1109071620698261        4.7715515043424110     
   2.0750728075676236E-002   1.1116722681927942        4.8048545017066662     
   2.0800609633550456E-002   1.1124344943582418        4.8380349641651961     
   2.0850491191424677E-002   1.1131936524982675        4.8710846459189758     
   2.0900372749298898E-002   1.1139495553019605        4.9039953297595380     
   2.0950254307173118E-002   1.1147020162616141        4.9367588291082098     
   2.1000135865047339E-002   1.1154508497187463        4.9693669900530750     
   2.1050017422921560E-002   1.1161958709099065        5.0018116933826500     
   2.1099898980795780E-002   1.1169368960122634        5.0340848566161425     
   2.1149780538670001E-002   1.1176737421889618        5.0661784360296886     
   2.1199662096544222E-002   1.1184062276342328        5.0980844286779536     
   2.1249543654418442E-002   1.1191341716182535        5.1297948744107558     
   2.1299425212292663E-002   1.1198573945317378        5.1613018578841308     
   2.1349306770166884E-002   1.1205757179302542        5.1925975105652764     
   2.1399188328041104E-002   1.1212889645782524        5.2236740127307923     
   2.1449069885915325E-002   1.1219969584927945        5.2545235954578953     
   2.1498951443789546E-002   1.1226995249869762        5.2851385426078190     
   2.1548833001663766E-002   1.1233964907130274        5.3155111928009431     
   2.1598714559537987E-002   1.1240876837050846        5.3456339413831762     
   2.1648596117412208E-002   1.1247729334216192        5.3754992423828698     
   2.1698477675286428E-002   1.1254520707875173        5.4050996104577980     
   2.1748359233160649E-002   1.1261249282357961        5.4344276228316657     
   2.1798240791034870E-002   1.1267913397489486        5.4634759212194117     
   2.1848122348909090E-002   1.1274511408999053        5.4922372137408573     
   2.1898003906783311E-002   1.1281041688926052        5.5207042768221486     
   2.1947885464657532E-002   1.1287502626021626        5.5488699570841797     
   2.1997767022531752E-002   1.1293892626146225        5.5767271732176988     
   2.2047648580405973E-002   1.1300210112662930        5.6042689178442329     
   2.2097530138280193E-002   1.1306453526826477        5.6314882593624294     
   2.2147411696154414E-002   1.1312621328167840        5.6583783437790531     
   2.2197293254028635E-002   1.1318711994874333        5.6849323965242142     
   2.2247174811902855E-002   1.1324724024165080        5.7111437242499496     
   2.2297056369777076E-002   1.1330655932661813        5.7370057166118391     
   2.2346937927651297E-002   1.1336506256754875        5.7625118480329363     
   2.2396819485525517E-002   1.1342273552964333        5.7876556794492044     
   2.2446701043399738E-002   1.1347956398296144        5.8124308600362422     
   2.2496582601273959E-002   1.1353553390593261        5.8368311289163666     
   2.2546464159148179E-002   1.1359063148881583        5.8608503168455117     
   2.2596345717022400E-002   1.1364484313710694        5.8844823478794073     
   2.2646227274896621E-002   1.1369815547489293        5.9077212410184696     
   2.2696108832770841E-002   1.1375055534815217        5.9305611118305661     
   2.2745990390645062E-002   1.1380202982800003        5.9529961740513730     
   2.2795871948519283E-002   1.1385256621387883        5.9750207411614218     
   2.2845753506393503E-002   1.1390215203669154        5.9966292279394429     
   2.2895635064267724E-002   1.1395077506187834        6.0178161519913358     
   2.2945516622141945E-002   1.1399842329243535        6.0385761352542566     
   2.2995398180016165E-002   1.1404508497187462        6.0589039054750078     
   2.3045279737890386E-002   1.1409074858712500        6.0787942976624976     
   2.3095161295764607E-002   1.1413540287137269        6.0982422555134281     
   2.3145042853638827E-002   1.1417903680684125        6.1172428328107324     
   2.3194924411513048E-002   1.1422163962750997        6.1357911947941979     
   2.3244805969387269E-002   1.1426320082177035        6.1538826195028458     
   2.3294687527261489E-002   1.1430371013501961        6.1715124990882222     
   2.3344569085135710E-002   1.1434315757219087        6.1886763410984420     
   2.3394450643009931E-002   1.1438153340021922        6.2053697697320844     
   2.3444332200884151E-002   1.1441882815044337        6.2215885270618134     
   2.3494213758758372E-002   1.1445503262094174        6.2373284742268078     
   2.3544095316632593E-002   1.1449013787880298        6.2525855925938405     
   2.3593976874506813E-002   1.1452413526233001        6.2673559848863638     
   2.3643858432381034E-002   1.1455701638317715        6.2816358762810447     
   2.3693739990255255E-002   1.1458877312841982        6.2954216154715557     
   2.3743621548129475E-002   1.1461939766255635        6.3087096756988021     
   2.3793503106003696E-002   1.1464888242944118        6.3214966557475396     
   2.3843384663877917E-002   1.1467722015414927        6.3337792809085434     
   2.3893266221752137E-002   1.1470440384477105        6.3455544039062968     
   2.3943147779626358E-002   1.1473042679413765        6.3568190057915350     
   2.3993029337500579E-002   1.1475528258147569        6.3675701967983036     
   2.4042910895374799E-002   1.1477896507399159        6.3778052171653368     
   2.4092792453249020E-002   1.1480146842838466        6.3875214379210741     
   2.4142674011123241E-002   1.1482278709228892        6.3967163616322376     
   2.4192555568997461E-002   1.1484291580564310        6.4053876231156277     
   2.4242437126871682E-002   1.1486184960198833        6.4135329901125635     
   2.4292318684745903E-002   1.1487958380969370        6.4211503639259826     
   2.4342200242620123E-002   1.1489611405310878        6.4282377800197157     
   2.4392081800494344E-002   1.1491143625364340        6.4347934085798029     
   2.4441963358368565E-002   1.1492554663077383        6.4408155550374317     
   2.4491844916242785E-002   1.1493844170297565        6.4463026605534495     
   2.4541726474117006E-002   1.1495011828858277        6.4512533024640906     
   2.4591608031991227E-002   1.1496057350657236        6.4556661946877654     
   2.4641489589865447E-002   1.1496980477727587        6.4595401880928112     
   2.4691371147739668E-002   1.1497780982301538        6.4628742708258784     
   2.4741252705613889E-002   1.1498458666866562        6.4656675686008782     
   2.4791134263488109E-002   1.1499013364214135        6.4679193449484398     
   2.4841015821362330E-002   1.1499444937480985        6.4696290014256679     
   2.4890897379236551E-002   1.1499753280182865        6.4707960777860833     
   2.4940778937110771E-002   1.1499938316240830        6.4714202521097661     
   2.4990660494984992E-002   1.1500000000000001        6.4715013408935933     
   2.5040542052859213E-002   1.1499938316240832        6.4710392991015313     
   2.5090423610733433E-002   1.1499753280182867        6.4700342201748988     
   2.5140305168607654E-002   1.1499444937480987        6.4684863360027913     
   2.5190186726481874E-002   1.1499013364214139        6.4663960168523822     
   2.5240068284356095E-002   1.1498458666866567        6.4637637712594529     
   2.5289949842230316E-002   1.1497780982301544        6.4605902458789544     
   2.5339831400104536E-002   1.1496980477727594        6.4568762252958107     
   2.5389712957978757E-002   1.1496057350657243        6.4526226317959567     
   2.5439594515852978E-002   1.1495011828858284        6.4478305250978583     
   2.5489476073727198E-002   1.1493844170297574        6.4425011020444094     
   2.5539357631601419E-002   1.1492554663077392        6.4366356962556157     
   2.5589239189475640E-002   1.1491143625364351        6.4302357777419896     
   2.5639120747349860E-002   1.1489611405310889        6.4233029524790082     
   2.5689002305224081E-002   1.1487958380969381        6.4158389619426774     
   2.5738883863098302E-002   1.1486184960198846        6.4078456826065651     
   2.5788765420972522E-002   1.1484291580564325        6.3993251254003898     
   2.5838646978846743E-002   1.1482278709228908        6.3902794351305028     
   2.5888528536720964E-002   1.1480146842838481        6.3807108898624971     
   2.5938410094595184E-002   1.1477896507399175        6.3706219002662374     
   2.5988291652469405E-002   1.1475528258147587        6.3600150089234875     
   2.6038173210343626E-002   1.1473042679413783        6.3488928895986962     
   2.6088054768217846E-002   1.1470440384477125        6.3372583464730221     
   2.6137936326092067E-002   1.1467722015414945        6.3251143133419472     
   2.6187817883966288E-002   1.1464888242944138        6.3124638527771388     
   2.6237699441840508E-002   1.1461939766255658        6.2993101552525070     
   2.6287580999714729E-002   1.1458877312842004        6.2856565382350817     
   2.6337462557588950E-002   1.1455701638317737        6.2715064452411298     
   2.6387344115463170E-002   1.1452413526233025        6.2568634448578200     
   2.6437225673337391E-002   1.1449013787880324        6.2417312297308305     
   2.6487107231211612E-002   1.1445503262094201        6.2261136155185275     
   2.6536988789085832E-002   1.1441882815044364        6.2100145398129403     
   2.6586870346960053E-002   1.1438153340021948        6.1934380610281741     
   2.6636751904834274E-002   1.1434315757219113        6.1763883572565357     
   2.6686633462708494E-002   1.1430371013501990        6.1588697250930968     
   2.6736515020582715E-002   1.1426320082177066        6.1408865784289697     
   2.6786396578456936E-002   1.1422163962751026        6.1224434472139517     
   2.6836278136331156E-002   1.1417903680684156        6.1035449761889931     
   2.6886159694205377E-002   1.1413540287137303        6.0841959235889478     
   2.6936041252079598E-002   1.1409074858712533        6.0644011598162892     
   2.6985922809953818E-002   1.1404508497187495        6.0441656660862302     
   2.7035804367828039E-002   1.1399842329243568        6.0234945330437375     
   2.7085685925702260E-002   1.1395077506187867        6.0023929593531964     
   2.7135567483576480E-002   1.1390215203669189        5.9808662502610916     
   2.7185449041450701E-002   1.1385256621387918        5.9589198161323145     
   2.7235330599324922E-002   1.1380202982800041        5.9365591709608392     
   2.7285212157199142E-002   1.1375055534815255        5.9137899308550699     
   2.7335093715073363E-002   1.1369815547489330        5.8906178124986974     
   2.7384975272947584E-002   1.1364484313710732        5.8670486315874886     
   2.7434856830821804E-002   1.1359063148881621        5.8430883012427266     
   2.7484738388696025E-002   1.1353553390593301        5.8187428304017912     
   2.7534619946570246E-002   1.1347956398296184        5.7940183221865817     
   2.7584501504444466E-002   1.1342273552964373        5.7689209722502719     
   2.7634383062318687E-002   1.1336506256754917        5.7434570671031766     
   2.7684264620192908E-002   1.1330655932661855        5.7176329824180971     
   2.7734146178067128E-002   1.1324724024165123        5.6914551813160710     
   2.7784027735941349E-002   1.1318711994874375        5.6649302126327603     
   2.7833909293815570E-002   1.1312621328167884        5.6380647091664891     
   2.7883790851689790E-002   1.1306453526826521        5.6108653859081645     
   2.7933672409564011E-002   1.1300210112662974        5.5833390382539942     
   2.7983553967438232E-002   1.1293892626146269        5.5554925402014890     
   2.8033435525312452E-002   1.1287502626021673        5.5273328425292672     
   2.8083317083186673E-002   1.1281041688926099        5.4988669709614229     
   2.8133198641060893E-002   1.1274511408999102        5.4701020243170815     
   2.8183080198935114E-002   1.1267913397489533        5.4410451726454312     
   2.8232961756809335E-002   1.1261249282358010        5.4117036553474334     
   2.8282843314683555E-002   1.1254520707875222        5.3820847792840416     
   2.8332724872557776E-002   1.1247729334216241        5.3521959168722244     
   2.8382606430431997E-002   1.1240876837050895        5.3220445041689501     
   2.8432487988306217E-002   1.1233964907130325        5.2916380389438578     
   2.8482369546180438E-002   1.1226995249869811        5.2609840787412683     
   2.8532251104054659E-002   1.1219969584927996        5.2300902389319059     
   2.8582132661928879E-002   1.1212889645782576        5.1989641907551318     
   2.8632014219803100E-002   1.1205757179302593        5.1676136593521109     
   2.8681895777677321E-002   1.1198573945317429        5.1360464217905584     
   2.8731777335551541E-002   1.1191341716182586        5.1042703050814966     
   2.8781658893425762E-002   1.1184062276342379        5.0722931841886565     
   2.8831540451299983E-002   1.1176737421889671        5.0401229800312324     
   2.8881422009174203E-002   1.1169368960122688        5.0077676574800645     
   2.8931303567048424E-002   1.1161958709099116        4.9752352233482897     
   2.8981185124922645E-002   1.1154508497187516        4.9425337243767391     
   2.9031066682796865E-002   1.1147020162616195        4.9096712452144402     
   2.9080948240671086E-002   1.1139495553019658        4.8766559063951114     
   2.9130829798545307E-002   1.1131936524982731        4.8434958623098741     
   2.9180711356419527E-002   1.1124344943582472        4.8101992991767020     
   2.9230592914293748E-002   1.1116722681927997        4.7767744330072084     
   2.9280474472167969E-002   1.1109071620698316        4.7432295075711028     
   2.9330356030042189E-002   1.1101393647678302        4.7095727923589870     
   2.9380237587916410E-002   1.1093690657292907        4.6758125805436528     
   2.9430119145790631E-002   1.1085964550139751        4.6419571869407310     
   2.9480000703664851E-002   1.1078217232520162        4.6080149459687050     
   2.9529882261539072E-002   1.1070450615968837        4.5739942096091406     
   2.9579763819413293E-002   1.1062666616782200        4.5399033453672644     
   2.9629645377287513E-002   1.1054867155545569        4.5057507342334020     
   2.9679526935161734E-002   1.1047054156659304        4.4715447686458667     
   2.9729408493035955E-002   1.1039229547863969        4.4372938504553545     
   2.9779290050910175E-002   1.1031395259764705        4.4030063888916313     
   2.9829171608784396E-002   1.1023553225354870        4.3686907985326444     
   2.9879053166658617E-002   1.1015705379539111        4.3343554972765554     
   2.9928934724532837E-002   1.1007853658655959        4.3000089043170977     
   2.9978816282407058E-002   1.1000000000000048        4.2656594381224675     
   3.0028697840281279E-002   1.0992146341344138        4.2313155144184744     
   3.0078579398155499E-002   1.0984294620460986        4.1969855441758481     
   3.0128460956029720E-002   1.0976446774645228        4.1626779316024161     
   3.0178342513903941E-002   1.0968604740235393        4.1284010721404449     
   3.0228224071778161E-002   1.0960770452136126        4.0941633504693122     
   3.0278105629652382E-002   1.0952945843340791        4.0599731385140094     
   3.0327987187526603E-002   1.0945132844454526        4.0258387934598421     
   3.0377868745400823E-002   1.0937333383217898        3.9917686557734822     
   3.0427750303275044E-002   1.0929549384031259        3.9577710472308651     
   3.0477631861149265E-002   1.0921782767479935        3.9238542689522049     
   3.0527513419023485E-002   1.0914035449860344        3.8900265994444103     
   3.0577394976897706E-002   1.0906309342707188        3.8562962926512050     
   3.0627276534771927E-002   1.0898606352321794        3.8226715760113397     
   3.0677158092646147E-002   1.0890928379301779        3.7891606485251632     
   3.0727039650520368E-002   1.0883277318072098        3.7557716788298183     
   3.0776921208394589E-002   1.0875655056417624        3.7225128032833852     
   3.0826802766268809E-002   1.0868063475017364        3.6893921240583234     
   3.0876684324143030E-002   1.0860504446980435        3.6564177072444108     
   3.0926565882017251E-002   1.0852979837383898        3.6235975809616305     
   3.0976447439891471E-002   1.0845491502812576        3.5909397334830109     
   3.1026328997765692E-002   1.0838041290900975        3.5584521113680934     
   3.1076210555639912E-002   1.0830631039877403        3.5261426176069866     
   3.1126092113514133E-002   1.0823262578110422        3.4940191097755098     
   3.1175973671388354E-002   1.0815937723657709        3.4620893982015013     
   3.1225855229262574E-002   1.0808658283817505        3.4303612441429565     
   3.1275736787136799E-002   1.0801426054682659        3.3988423579777329     
   3.1325618345011019E-002   1.0794242820697495        3.3675403974056706     
   3.1375499902885240E-002   1.0787110354217511        3.3364629656629994     
   3.1425381460759461E-002   1.0780030415072090        3.3056176097496510     
   3.1475263018633681E-002   1.0773004750130275        3.2750118186693968     
   3.1525144576507902E-002   1.0766035092869761        3.2446530216834706     
   3.1575026134382123E-002   1.0759123162949189        3.2145485865777497     
   3.1624907692256343E-002   1.0752270665783843        3.1847058179438847     
   3.1674789250130564E-002   1.0745479292124862        3.1551319554745945     
   3.1724670808004785E-002   1.0738750717642072        3.1258341722734286     
   3.1774552365879005E-002   1.0732086602510549        3.0968195731795345     
   3.1824433923753226E-002   1.0725488591000980        3.0680951931072342     
   3.1874315481627447E-002   1.0718958311073981        3.0396679954013255     
   3.1924197039501667E-002   1.0712497373978407        3.0115448702079002     
   3.1974078597375888E-002   1.0706107373853808        2.9837326328612228     
   3.2023960155250109E-002   1.0699789887337103        2.9562380222870952     
   3.2073841713124329E-002   1.0693546473173556        2.9290676994226823     
   3.2123723270998550E-002   1.0687378671832191        2.9022282456534700     
   3.2173604828872771E-002   1.0681288005125700        2.8757261612674569     
   3.2223486386746991E-002   1.0675275975834952        2.8495678639269308     
   3.2273367944621212E-002   1.0669344067338216        2.8237596871582848     
   3.2323249502495432E-002   1.0663493743245156        2.7983078788600753     
   3.2373131060369653E-002   1.0657726447035698        2.7732185998295500     
   3.2423012618243874E-002   1.0652043601703884        2.7484979223083350     
   3.2472894176118094E-002   1.0646446609406768        2.7241518285472184     
   3.2522775733992315E-002   1.0640936851118445        2.7001862093905928     
   3.2572657291866536E-002   1.0635515686289334        2.6766068628808997     
   3.2622538849740756E-002   1.0630184452510734        2.6534194928831920     
   3.2672420407614977E-002   1.0624944465184809        2.6306297077305283     
   3.2722301965489198E-002   1.0619797017200023        2.6082430188901595     
   3.2772183523363418E-002   1.0614743378612144        2.5862648396511347     
   3.2822065081237639E-002   1.0609784796330872        2.5647004838335006     
   3.2871946639111860E-002   1.0604922493812192        2.5435551645195451     
   3.2921828196986080E-002   1.0600157670756492        2.5228339928073149     
   3.2971709754860301E-002   1.0595491502812562        2.5025419765869352     
   3.3021591312734522E-002   1.0590925141287522        2.4826840193398505     
   3.3071472870608742E-002   1.0586459712862752        2.4632649189615399     
   3.3121354428482963E-002   1.0582096319315899        2.4442893666078662     
   3.3171235986357184E-002   1.0577836037249024        2.4257619455655774     
   3.3221117544231404E-002   1.0573679917822987        2.4076871301471989     
   3.3270999102105625E-002   1.0569628986498059        2.3900692846105835     
   3.3320880659979846E-002   1.0565684242780935        2.3729126621037353     
   3.3370762217854066E-002   1.0561846659978098        2.3562214036348399     
   3.3420643775728287E-002   1.0558117184955682        2.3399995370681834     
   3.3470525333602508E-002   1.0554496737905845        2.3242509761461454     
   3.3520406891476728E-002   1.0550986212119720        2.3089795195374738     
   3.3570288449350949E-002   1.0547586473767017        2.2941888499124792     
   3.3620170007225170E-002   1.0544298361682303        2.2798825330450443     
   3.3670051565099390E-002   1.0541122687158035        2.2660640169422011     
   3.3719933122973611E-002   1.0538060233744382        2.2527366310011288     
   3.3769814680847832E-002   1.0535111757055897        2.2399035851943130     
   3.3819696238722052E-002   1.0532277984585090        2.2275679692828283     
   3.3869577796596273E-002   1.0529559615522910        2.2157327520580776     
   3.3919459354470494E-002   1.0526957320586248        2.2044007806125703     
   3.3969340912344714E-002   1.0524471741852444        2.1935747796394871     
   3.4019222470218935E-002   1.0522103492600854        2.1832573507617941     
   3.4069104028093156E-002   1.0519853157161547        2.1734509718908233     
   3.4118985585967376E-002   1.0517721290771118        2.1641579966147080     
   3.4168867143841597E-002   1.0515708419435701        2.1553806536169549     
   3.4218748701715818E-002   1.0513815039801178        2.1471210461251995     
   3.4268630259590038E-002   1.0512041619030641        2.1393811513905168     
   3.4318511817464259E-002   1.0510388594689131        2.1321628201974874     
   3.4368393375338480E-002   1.0508856374635669        2.1254677764050944     
   3.4418274933212700E-002   1.0507445336922625        2.1192976165187711     
   3.4468156491086921E-002   1.0506155829702442        2.1136538092936674     
   3.4518038048961142E-002   1.0504988171141731        2.1085376953694084     
   3.4567919606835362E-002   1.0503942649342770        2.1039504869363062     
   3.4617801164709583E-002   1.0503019522272419        2.0998932674334636     
   3.4667682722583804E-002   1.0502219017698466        2.0963669912785043     
   3.4717564280458024E-002   1.0501541333133442        2.0933724836294574     
   3.4767445838332245E-002   1.0500986635785869        2.0909104401785448     
   3.4817327396206466E-002   1.0500555062519019        2.0889814269781430     
   3.4867208954080686E-002   1.0500246719817137        2.0875858802990002     
   3.4917090511954907E-002   1.0500061683759172        2.0867241065207156     
   3.4966972069829128E-002   1.0500000000000000        2.0863962820544426     
   3.5016853627703348E-002   1.0500061683759170        2.0866024532981062     
   3.5066735185577569E-002   1.0500246719817132        2.0873425366238298     
   3.5116616743451790E-002   1.0500555062519012        2.0886163183979152     
   3.5166498301326010E-002   1.0500986635785861        2.0904234550330303     
   3.5216379859200231E-002   1.0501541333133431        2.0927634730728877     
   3.5266261417074452E-002   1.0502219017698455        2.0956357693091796     
   3.5316142974948672E-002   1.0503019522272403        2.0990396109308307     
   3.5366024532822893E-002   1.0503942649342752        2.1029741357054283     
   3.5415906090697113E-002   1.0504988171141711        2.1074383521928661     
   3.5465787648571334E-002   1.0506155829702422        2.1124311399909956     
   3.5515669206445555E-002   1.0507445336922603        2.1179512500132422     
   3.5565550764319775E-002   1.0508856374635644        2.1239973047981482     
   3.5615432322193996E-002   1.0510388594689104        2.1305677988505800     
   3.5665313880068217E-002   1.0512041619030612        2.1376610990145637     
   3.5715195437942437E-002   1.0513815039801147        2.1452754448775297     
   3.5765076995816658E-002   1.0515708419435668        2.1534089492059398     
   3.5814958553690879E-002   1.0517721290771083        2.1620595984119180     
   3.5864840111565099E-002   1.0519853157161509        2.1712252530509022     
   3.5914721669439320E-002   1.0522103492600816        2.1809036483500339     
   3.5964603227313541E-002   1.0524471741852401        2.1910923947670167     
   3.6014484785187761E-002   1.0526957320586205        2.2017889785794278     
   3.6064366343061982E-002   1.0529559615522863        2.2129907625039871     
   3.6114247900936203E-002   1.0532277984585041        2.2246949863457952     
   3.6164129458810423E-002   1.0535111757055848        2.2368987676771921     
   3.6214011016684644E-002   1.0538060233744331        2.2495991025459152     
   3.6263892574558865E-002   1.0541122687157982        2.2627928662124299     
   3.6313774132433085E-002   1.0544298361682249        2.2764768139161138     
   3.6363655690307306E-002   1.0547586473766961        2.2906475816699454     
   3.6413537248181527E-002   1.0550986212119662        2.3053016870835652     
   3.6463418806055747E-002   1.0554496737905783        2.3204355302141884     
   3.6513300363929968E-002   1.0558117184955620        2.3360453944454149     
   3.6563181921804189E-002   1.0561846659978034        2.3521274473931686     
   3.6613063479678409E-002   1.0565684242780868        2.3686777418389870     
   3.6662945037552630E-002   1.0569628986497992        2.3856922166899044     
   3.6712826595426851E-002   1.0573679917822916        2.4031666979647812     
   3.6762708153301071E-002   1.0577836037248953        2.4210968998068529     
   3.6812589711175292E-002   1.0582096319315826        2.4394784255220432     
   3.6862471269049513E-002   1.0586459712862679        2.4583067686426325     
   3.6912352826923733E-002   1.0590925141287446        2.4775773140162043     
   3.6962234384797954E-002   1.0595491502812484        2.4972853389193195     
   3.7012115942672175E-002   1.0600157670756412        2.5174260141956131     
   3.7061997500546395E-002   1.0604922493812110        2.5379944054179981     
   3.7111879058420616E-002   1.0609784796330790        2.5589854740747460     
   3.7161760616294837E-002   1.0614743378612059        2.5803940787787880     
   3.7211642174169057E-002   1.0619797017199937        2.6022149765002700     
   3.7261523732043278E-002   1.0624944465184722        2.6244428238217434     
   3.7311405289917499E-002   1.0630184452510645        2.6470721782157023     
   3.7361286847791719E-002   1.0635515686289243        2.6700974993443012     
   3.7411168405665940E-002   1.0640936851118354        2.6935131503805199     
   3.7461049963540161E-002   1.0646446609406672        2.7173133993508580     
   3.7510931521414381E-002   1.0652043601703789        2.7414924204989921     
   3.7560813079288602E-002   1.0657726447035600        2.7660442956699316     
   3.7610694637162823E-002   1.0663493743245058        2.7909630157146772     
   3.7660576195037043E-002   1.0669344067338118        2.8162424819146583     
   3.7710457752911264E-002   1.0675275975834850        2.8418765074259391     
   3.7760339310785485E-002   1.0681288005125595        2.8678588187425529     
   3.7810220868659705E-002   1.0687378671832088        2.8941830571789056     
   3.7860102426533926E-002   1.0693546473173452        2.9208427803706773     
   3.7909983984408147E-002   1.0699789887336997        2.9478314637940697     
   3.7959865542282367E-002   1.0706107373853702        2.9751425023029778     
   3.8009747100156588E-002   1.0712497373978298        3.0027692116837041     
   3.8059628658030809E-002   1.0718958311073872        3.0307048302270752     
   3.8109510215905029E-002   1.0725488591000869        3.0589425203173866     
   3.8159391773779250E-002   1.0732086602510436        3.0874753700380957     
   3.8209273331653471E-002   1.0738750717641958        3.1162963947938112     
   3.8259154889527691E-002   1.0745479292124747        3.1453985389481942     
   3.8309036447401912E-002   1.0752270665783727        3.1747746774776626     
   3.8358918005276132E-002   1.0759123162949074        3.2044176176404164     
   3.8408799563150353E-002   1.0766035092869644        3.2343201006605309     
   3.8458681121024574E-002   1.0773004750130157        3.2644748034268511     
   3.8508562678898794E-002   1.0780030415071971        3.2948743402061949     
   3.8558444236773015E-002   1.0787110354217391        3.3255112643709750     
   3.8608325794647236E-002   1.0794242820697373        3.3563780701403378     
   3.8658207352521456E-002   1.0801426054682537        3.3874671943351591     
   3.8708088910395677E-002   1.0808658283817381        3.4187710181459701     
   3.8757970468269898E-002   1.0815937723657587        3.4502818689142027     
   3.8807852026144118E-002   1.0823262578110295        3.4819920219256972     
   3.8857733584018339E-002   1.0830631039877279        3.5138937022169121     
   3.8907615141892560E-002   1.0838041290900848        3.5459790863929284     
   3.8957496699766780E-002   1.0845491502812450        3.5782403044573869     
   3.9007378257641001E-002   1.0852979837383769        3.6106694416537941     
   3.9057259815515222E-002   1.0860504446980308        3.6432585403181394     
   3.9107141373389442E-002   1.0868063475017236        3.6759996017421956     
   3.9157022931263663E-002   1.0875655056417493        3.7088845880475905     
   3.9206904489137884E-002   1.0883277318071969        3.7419054240701128     
   3.9256786047012104E-002   1.0890928379301648        3.7750539992538874     
   3.9306667604886325E-002   1.0898606352321663        3.8083221695555185     
   3.9356549162760546E-002   1.0906309342707057        3.8417017593572895     
   3.9406430720634766E-002   1.0914035449860213        3.8751845633897561     
   3.9456312278508987E-002   1.0921782767479802        3.9087623486629135     
   3.9506193836383208E-002   1.0929549384031128        3.9424268564060032     
   3.9556075394257428E-002   1.0937333383217764        3.9761698040153135     
   3.9605956952131649E-002   1.0945132844454395        4.0099828870100671     
   3.9655838510005870E-002   1.0952945843340660        4.0438577809955865     
   3.9705720067880090E-002   1.0960770452135993        4.0777861436339338     
   3.9755601625754311E-002   1.0968604740235259        4.1117596166212786     
   3.9805483183628532E-002   1.0976446774645094        4.1457698276718578     
   3.9855364741502752E-002   1.0984294620460850        4.1798083925082983     
   3.9905246299376973E-002   1.0992146341344005        4.2138669168576754     
   3.9955127857251194E-002   1.0999999999999914        4.2479369984532127     
   4.0005009415125414E-002   1.1007853658655826        4.2820102290412789     
   4.0054890972999635E-002   1.1015705379538978        4.3160781963929846     
   4.0104772530873856E-002   1.1023553225354736        4.3501324863206916     
   4.0154654088748076E-002   1.1031395259764571        4.3841646846982014     
   4.0204535646622297E-002   1.1039229547863836        4.4181663794850827     
   4.0254417204496518E-002   1.1047054156659171        4.4521291627542610     
   4.0304298762370738E-002   1.1054867155545436        4.4860446327224981     
   4.0354180320244959E-002   1.1062666616782066        4.5199043957837466     
   4.0404061878119180E-002   1.1070450615968705        4.5537000685445594     
   4.0453943435993400E-002   1.1078217232520029        4.5874232798613122     
   4.0503824993867621E-002   1.1085964550139620        4.6210656728790411     
   4.0553706551741842E-002   1.1093690657292776        4.6546189070709856     
   4.0603588109616062E-002   1.1101393647678170        4.6880746602790531     
   4.0653469667490283E-002   1.1109071620698185        4.7214246307540941     
   4.0703351225364504E-002   1.1116722681927869        4.7546605391961956     
   4.0753232783238724E-002   1.1124344943582343        4.7877741307939674     
   4.0803114341112945E-002   1.1131936524982602        4.8207571772629167     
   4.0852995898987166E-002   1.1139495553019529        4.8536014788819353     
   4.0902877456861386E-002   1.1147020162616068        4.8862988665278477     
   4.0952759014735607E-002   1.1154508497187390        4.9188412037072462     
   4.1002640572609828E-002   1.1161958709098989        4.9512203885854085     
   4.1052522130484048E-002   1.1169368960122561        4.9834283560115091     
   4.1102403688358269E-002   1.1176737421889544        5.0154570795398472     
   4.1152285246232490E-002   1.1184062276342255        5.0472985734465619     
   4.1202166804106710E-002   1.1191341716182461        5.0789448947411797     
   4.1252048361980931E-002   1.1198573945317307        5.1103881451726521     
   4.1301929919855151E-002   1.1205757179302471        5.1416204732293256     
   4.1351811477729372E-002   1.1212889645782456        5.1726340761321188     
   4.1401693035603593E-002   1.1219969584927876        5.2034212018206931     
   4.1451574593477813E-002   1.1226995249869691        5.2339741509318385     
   4.1501456151352034E-002   1.1233964907130207        5.2642852787695347     
   4.1551337709226255E-002   1.1240876837050777        5.2943469972662847     
   4.1601219267100475E-002   1.1247729334216123        5.3241517769350253     
   4.1651100824974696E-002   1.1254520707875106        5.3536921488110538     
   4.1700982382848917E-002   1.1261249282357897        5.3829607063834635     
   4.1750863940723137E-002   1.1267913397489420        5.4119501075154801     
   4.1800745498597358E-002   1.1274511408998988        5.4406530763531489     
   4.1850627056471579E-002   1.1281041688925988        5.4690624052216608     
   4.1900508614345799E-002   1.1287502626021564        5.4971709565089348     
   4.1950390172220020E-002   1.1293892626146163        5.5249716645356406     
   4.2000271730094241E-002   1.1300210112662867        5.5524575374112892     
   4.2050153287968461E-002   1.1306453526826414        5.5796216588756238     
   4.2100034845842682E-002   1.1312621328167780        5.6064571901247211     
   4.2149916403716903E-002   1.1318711994874273        5.6329573716213508     
   4.2199797961591123E-002   1.1324724024165020        5.6591155248887608     
   4.2249679519465344E-002   1.1330655932661755        5.6849250542874996     
   4.2299561077339565E-002   1.1336506256754817        5.7103794487745132     
   4.2349442635213785E-002   1.1342273552964275        5.7354722836439809     
   4.2399324193088006E-002   1.1347956398296091        5.7601972222492357     
   4.2449205750962227E-002   1.1353553390593207        5.7845480177052471     
   4.2499087308836447E-002   1.1359063148881527        5.8085185145709071     
   4.2548968866710668E-002   1.1364484313710641        5.8321026505107731     
   4.2598850424584889E-002   1.1369815547489242        5.8552944579352397     
   4.2648731982459109E-002   1.1375055534815166        5.8780880656190142     
   4.2698613540333330E-002   1.1380202982799954        5.9004777002970039     
   4.2748495098207551E-002   1.1385256621387834        5.9224576882370217     
   4.2798376656081771E-002   1.1390215203669105        5.9440224567888675     
   4.2848258213955992E-002   1.1395077506187787        5.9651665359090895     
   4.2898139771830213E-002   1.1399842329243488        5.9858845596607653     
   4.2948021329704433E-002   1.1404508497187418        6.0061712676879839     
   4.2997902887578654E-002   1.1409074858712456        6.0260215066641321     
   4.3047784445452875E-002   1.1413540287137227        6.0454302317136506     
   4.3097666003327095E-002   1.1417903680684083        6.0643925078065672     
   4.3147547561201316E-002   1.1422163962750955        6.0829035111253358     
   4.3197429119075537E-002   1.1426320082176995        6.1009585304033846     
   4.3247310676949757E-002   1.1430371013501923        6.1185529682348179     
   4.3297192234823978E-002   1.1434315757219047        6.1356823423547384     
   4.3347073792698199E-002   1.1438153340021886        6.1523422868898043     
   4.3396955350572419E-002   1.1441882815044302        6.1685285535781995     
   4.3446836908446640E-002   1.1445503262094139        6.1842370129589082     
   4.3496718466320861E-002   1.1449013787880264        6.1994636555294171     
   4.3546600024195081E-002   1.1452413526232967        6.2142045928716021     
   4.3596481582069302E-002   1.1455701638317684        6.2284560587452864     
   4.3646363139943523E-002   1.1458877312841951        6.2422144101488595     
   4.3696244697817743E-002   1.1461939766255607        6.2554761283468174     
   4.3746126255691964E-002   1.1464888242944089        6.2682378198633302     
   4.3796007813566185E-002   1.1467722015414898        6.2804962174418666     
   4.3845889371440405E-002   1.1470440384477079        6.2922481809702058     
   4.3895770929314626E-002   1.1473042679413741        6.3034906983704007     
   4.3945652487188847E-002   1.1475528258147547        6.3142208864535485     
   4.3995534045063067E-002   1.1477896507399137        6.3244359917386559     
   4.4045415602937288E-002   1.1480146842838443        6.3341333912356061     
   4.4095297160811509E-002   1.1482278709228873        6.3433105931915970     
   4.4145178718685729E-002   1.1484291580564292        6.3519652378007914     
   4.4195060276559950E-002   1.1486184960198815        6.3600950978769797     
   4.4244941834434171E-002   1.1487958380969352        6.3676980794888687     
   4.4294823392308391E-002   1.1489611405310862        6.3747722225576124     
   4.4344704950182612E-002   1.1491143625364326        6.3813157014165851     
   4.4394586508056832E-002   1.1492554663077370        6.3873268253328241     
   4.4444468065931053E-002   1.1493844170297554        6.3928040389901861     
   4.4494349623805274E-002   1.1495011828858266        6.3977459229338525     
   4.4544231181679494E-002   1.1496057350657227        6.4021511939759508     
   4.4594112739553715E-002   1.1496980477727579        6.4060187055622491     
   4.4643994297427936E-002   1.1497780982301531        6.4093474480996813     
   4.4693875855302156E-002   1.1498458666866558        6.4121365492445115     
   4.4743757413176377E-002   1.1499013364214130        6.4143852741510141     
   4.4793638971050598E-002   1.1499444937480980        6.4160930256807447     
   4.4843520528924818E-002   1.1499753280182863        6.4172593445720052     
   4.4893402086799039E-002   1.1499938316240830        6.4178839095696416     
   4.4943283644673260E-002   1.1500000000000001        6.4179665375150190     
   4.4993165202547480E-002   1.1499938316240832        6.4175071833962720     
   4.5043046760421701E-002   1.1499753280182869        6.4165059403585465     
   4.5092928318295922E-002   1.1499444937480992        6.4149630396744941     
   4.5142809876170142E-002   1.1499013364214143        6.4128788506748844     
   4.5192691434044363E-002   1.1498458666866573        6.4102538806394538     
   4.5242572991918584E-002   1.1497780982301551        6.4070887746479475     
   4.5292454549792804E-002   1.1496980477727603        6.4033843153914676     
   4.5342336107667025E-002   1.1496057350657254        6.3991414229442505     
   4.5392217665541246E-002   1.1495011828858295        6.3943611544959529     
   4.5442099223415466E-002   1.1493844170297587        6.3890447040445428     
   4.5491980781289687E-002   1.1492554663077406        6.3831934020499421     
   4.5541862339163908E-002   1.1491143625364366        6.3768087150486465     
   4.5591743897038128E-002   1.1489611405310907        6.3698922452293596     
   4.5641625454912349E-002   1.1487958380969399        6.3624457299700126     
   4.5691507012786570E-002   1.1486184960198864        6.3544710413362102     
   4.5741388570660790E-002   1.1484291580564343        6.3459701855414927     
   4.5791270128535011E-002   1.1482278709228928        6.3369453023694451     
   4.5841151686409232E-002   1.1480146842838503        6.3273986645581690     
   4.5891033244283452E-002   1.1477896507399199        6.3173326771471601     
   4.5940914802157673E-002   1.1475528258147611        6.3067498767870678     
   4.5990796360031894E-002   1.1473042679413810        6.2956529310125253     
   4.6040677917906114E-002   1.1470440384477150        6.2840446374783765     
   4.6090559475780335E-002   1.1467722015414974        6.2719279231597937     
   4.6140441033654556E-002   1.1464888242944167        6.2593058435163318     
   4.6190322591528776E-002   1.1461939766255687        6.2461815816207107     
   4.6240204149402997E-002   1.1458877312842035        6.2325584472522344     
   4.6290085707277218E-002   1.1455701638317768        6.2184398759556840     
   4.6339967265151438E-002   1.1452413526233058        6.2038294280657542     
   4.6389848823025659E-002   1.1449013787880358        6.1887307876976410     
   4.6439730380899880E-002   1.1445503262094234        6.1731477617041746     
   4.6489611938774100E-002   1.1441882815044400        6.1570842785999504     
   4.6539493496648321E-002   1.1438153340021986        6.1405443874528940     
   4.6589375054522542E-002   1.1434315757219151        6.1235322567436574     
   4.6639256612396762E-002   1.1430371013502030        6.1060521731936070     
   4.6689138170270983E-002   1.1426320082177106        6.0881085405614659     
   4.6739019728145204E-002   1.1422163962751068        6.0697058784095717     
   4.6788901286019424E-002   1.1417903680684198        6.0508488208398479     
   4.6838782843893645E-002   1.1413540287137345        6.0315421152003834     
   4.6888664401767866E-002   1.1409074858712578        6.0117906207627962     
   4.6938545959642086E-002   1.1404508497187542        5.9915993073711977     
   4.6988427517516307E-002   1.1399842329243615        5.9709732540632077     
   4.7038309075390528E-002   1.1395077506187916        5.9499176476635096     
   4.7088190633264748E-002   1.1390215203669236        5.9284377813506097     
   4.7138072191138969E-002   1.1385256621387969        5.9065390531972994     
   4.7187953749013190E-002   1.1380202982800089        5.8842269646854160     
   4.7237835306887410E-002   1.1375055534815306        5.8615071191955312     
   4.7287716864761631E-002   1.1369815547489384        5.8383852204720306     
   4.7337598422635851E-002   1.1364484313710785        5.8148670710643184     
   4.7387479980510072E-002   1.1359063148881676        5.7909585707446425     
   4.7437361538384293E-002   1.1353553390593356        5.7666657149031213     
   4.7487243096258513E-002   1.1347956398296239        5.7419945929207179     
   4.7537124654132734E-002   1.1342273552964430        5.7169513865205461     
   4.7587006212006955E-002   1.1336506256754972        5.6915423680983164     
   4.7636887769881175E-002   1.1330655932661913        5.6657738990324322     
   4.7686769327755396E-002   1.1324724024165180        5.6396524279742870     
   4.7736650885629617E-002   1.1318711994874435        5.6131844891195470     
   4.7786532443503837E-002   1.1312621328167944        5.5863767004607849     
   4.7836414001378058E-002   1.1306453526826581        5.5592357620223858     
   4.7886295559252279E-002   1.1300210112663036        5.5317684540780068     
   4.7936177117126499E-002   1.1293892626146331        5.5039816353514457     
   4.7986058675000720E-002   1.1287502626021737        5.4758822412013624     
   4.8035940232874941E-002   1.1281041688926163        5.4474772817905821     
   4.8085821790749161E-002   1.1274511408999164        5.4187738402405410     
   4.8135703348623382E-002   1.1267913397489600        5.3897790707714099     
   4.8185584906497603E-002   1.1261249282358077        5.3605001968285837     
   4.8235466464371823E-002   1.1254520707875288        5.3309445091960930     
   4.8285348022246044E-002   1.1247729334216308        5.3011193640975716     
   4.8335229580120265E-002   1.1240876837050964        5.2710321812852277     
   4.8385111137994485E-002   1.1233964907130394        5.2406904421175966     
   4.8434992695868706E-002   1.1226995249869880        5.2101016876265929     
   4.8484874253742927E-002   1.1219969584928067        5.1792735165742609     
   4.8534755811617147E-002   1.1212889645782647        5.1482135835000662     
   4.8584637369491368E-002   1.1205757179302664        5.1169295967591220     
   4.8634518927365589E-002   1.1198573945317500        5.0854293165519513     
   4.8684400485239809E-002   1.1191341716182657        5.0537205529463378     
   4.8734282043114030E-002   1.1184062276342452        5.0218111638917673     
   4.8784163600988251E-002   1.1176737421889742        4.9897090532271200     
   4.8834045158862471E-002   1.1169368960122761        4.9574221686820037     
   4.8883926716736692E-002   1.1161958709099189        4.9249584998723552     
   4.8933808274610913E-002   1.1154508497187590        4.8923260762907965     
   4.8983689832485133E-002   1.1147020162616270        4.8595329652921802     
   4.9033571390359354E-002   1.1139495553019731        4.8265872700750183     
   4.9083452948233575E-002   1.1131936524982804        4.7934971276591609     
   4.9133334506107795E-002   1.1124344943582547        4.7602707068600942     
   4.9183216063982016E-002   1.1116722681928073        4.7269162062607046     
   4.9233097621856237E-002   1.1109071620698392        4.6934418521805839     
   4.9282979179730457E-002   1.1101393647678377        4.6598558966436414     
   4.9332860737604678E-002   1.1093690657292983        4.6261666153442658     
   4.9382742295478899E-002   1.1085964550139826        4.5923823056127100     
   4.9432623853353119E-002   1.1078217232520238        4.5585112843799083     
   4.9482505411227340E-002   1.1070450615968914        4.5245618861423686     
   4.9532386969101561E-002   1.1062666616782275        4.4905424609274682     
   4.9582268526975781E-002   1.1054867155545647        4.4564613722595876     
   4.9632150084850002E-002   1.1047054156659382        4.4223269951274657     
   4.9682031642724223E-002   1.1039229547864047        4.3881477139533347     
   4.9731913200598443E-002   1.1031395259764782        4.3539319205640554     
   4.9781794758472664E-002   1.1023553225354945        4.3196880121646535     
   4.9831676316346885E-002   1.1015705379539189        4.2854243893149597     
   4.9881557874221105E-002   1.1007853658656037        4.2511494539091572     
   4.9931439432095326E-002   1.1000000000000125        4.2168716071592200     
   4.9981320989969547E-002   1.0992146341344216        4.1825992475822176     
   5.0031202547843767E-002   1.0984294620461061        4.1483407689919636     
   5.0081084105717988E-002   1.0976446774645305        4.1141045584954075     
   5.0130965663592209E-002   1.0968604740235470        4.0798989944940578     
   5.0180847221466429E-002   1.0960770452136204        4.0457324446908034     
   5.0230728779340650E-002   1.0952945843340869        4.0116132641024898     
   5.0280610337214870E-002   1.0945132844454604        3.9775497930785697     
   5.0330491895089091E-002   1.0937333383217975        3.9435503553261548     
   5.0380373452963312E-002   1.0929549384031334        3.9096232559417441     
   5.0430255010837532E-002   1.0921782767480011        3.8757767794501472     
   5.0480136568711753E-002   1.0914035449860422        3.8420191878505809     
   5.0530018126585974E-002   1.0906309342707263        3.8083587186705801     
   5.0579899684460194E-002   1.0898606352321869        3.7748035830279201     
   5.0629781242334415E-002   1.0890928379301854        3.7413619637006552     
   5.0679662800208636E-002   1.0883277318072173        3.7080420132059704     
   5.0729544358082856E-002   1.0875655056417697        3.6748518518877979     
   5.0779425915957077E-002   1.0868063475017438        3.6417995660136739     
   5.0829307473831298E-002   1.0860504446980510        3.6088932058810679     
   5.0879189031705518E-002   1.0852979837383971        3.5761407839335102     
   5.0929070589579739E-002   1.0845491502812650        3.5435502728868036     
   5.0978952147453960E-002   1.0838041290901048        3.5111296038655730     
   5.1028833705328180E-002   1.0830631039877476        3.4788866645505196     
   5.1078715263202401E-002   1.0823262578110493        3.4468292973365697     
   5.1128596821076622E-002   1.0815937723657782        3.4149652975023144     
   5.1178478378950842E-002   1.0808658283817576        3.3833024113908903     
   5.1228359936825063E-002   1.0801426054682730        3.3518483346028076     
   5.1278241494699284E-002   1.0794242820697564        3.3206107102007252     
   5.1328123052573504E-002   1.0787110354217582        3.2895971269267354     
   5.1378004610447725E-002   1.0780030415072162        3.2588151174322726     
   5.1427886168321946E-002   1.0773004750130344        3.2282721565209962     
   5.1477767726196166E-002   1.0766035092869830        3.1979756594049720     
   5.1527649284070387E-002   1.0759123162949258        3.1679329799743843     
   5.1577530841944608E-002   1.0752270665783912        3.1381514090811042     
   5.1627412399818828E-002   1.0745479292124929        3.1086381728363977     
   5.1677293957693049E-002   1.0738750717642138        3.0794004309231067     
   5.1727175515567270E-002   1.0732086602510613        3.0504452749226130     
   5.1777057073441490E-002   1.0725488591001047        3.0217797266567588     
   5.1826938631315711E-002   1.0718958311074045        2.9934107365451834     
   5.1876820189189932E-002   1.0712497373978469        2.9653451819784022     
   5.1926701747064152E-002   1.0706107373853873        2.9375898657067134     
   5.1976583304938373E-002   1.0699789887337166        2.9101515142454639     
   5.2026464862812594E-002   1.0693546473173619        2.8830367762970073     
   5.2076346420686814E-002   1.0687378671832253        2.8562522211894223     
   5.2126227978561035E-002   1.0681288005125760        2.8298043373326127     
   5.2176109536435256E-002   1.0675275975835010        2.8036995306918548     
   5.2225991094309476E-002   1.0669344067338276        2.7779441232794295     
   5.2275872652183697E-002   1.0663493743245214        2.7525443516641799     
   5.2325754210057918E-002   1.0657726447035754        2.7275063654998930     
   5.2375635767932138E-002   1.0652043601703940        2.7028362260724661     
   5.2425517325806359E-002   1.0646446609406823        2.6785399048662262     
   5.2475398883680580E-002   1.0640936851118501        2.6546232821498834     
   5.2525280441554800E-002   1.0635515686289387        2.6310921455823553     
   5.2575161999429021E-002   1.0630184452510787        2.6079521888388792     
   5.2625043557303242E-002   1.0624944465184860        2.5852090102575751     
   5.2674925115177462E-002   1.0619797017200074        2.5628681115070151     
   5.2724806673051683E-002   1.0614743378612193        2.5409348962750897     
   5.2774688230925904E-002   1.0609784796330921        2.5194146689793993     
   5.2824569788800124E-002   1.0604922493812239        2.4983126334996686     
   5.2874451346674345E-002   1.0600157670756538        2.4776338919324123     
   5.2924332904548566E-002   1.0595491502812606        2.4573834433682626     
   5.2974214462422786E-002   1.0590925141287568        2.4375661826923944     
   5.3024096020297007E-002   1.0586459712862797        2.4181868994080791     
   5.3073977578171228E-002   1.0582096319315941        2.3992502764841301     
   5.3123859136045448E-002   1.0577836037249067        2.3807608892262544     
   5.3173740693919669E-002   1.0573679917823027        2.3627232041728723     
   5.3223622251793890E-002   1.0569628986498099        2.3451415780155038     
   5.3273503809668110E-002   1.0565684242780975        2.3280202565444110     
   5.3323385367542331E-002   1.0561846659978136        2.3113633736193688     
   5.3373266925416551E-002   1.0558117184955718        2.2951749501664538     
   5.3423148483290772E-002   1.0554496737905881        2.2794588932006046     
   5.3473030041164993E-002   1.0550986212119755        2.2642189948746592     
   5.3522911599039213E-002   1.0547586473767050        2.2494589315551590     
   5.3572793156913434E-002   1.0544298361682336        2.2351822629250884     
   5.3622674714787655E-002   1.0541122687158067        2.2213924311138409     
   5.3672556272661875E-002   1.0538060233744411        2.2080927598549680     
   5.3722437830536096E-002   1.0535111757055926        2.1952864536717609     
   5.3772319388410317E-002   1.0532277984585117        2.1829765970910389     
   5.3822200946284537E-002   1.0529559615522937        2.1711661538854745     
   5.3872082504158758E-002   1.0526957320586274        2.1598579663446151     
   5.3921964062032979E-002   1.0524471741852468        2.1490547545750971     
   5.3971845619907199E-002   1.0522103492600876        2.1387591158299863     
   5.4021727177781420E-002   1.0519853157161569        2.1289735238678360     
   5.4071608735655641E-002   1.0517721290771138        2.1197003283413753     
   5.4121490293529861E-002   1.0515708419435721        2.1109417542165416     
   5.4171371851404082E-002   1.0513815039801195        2.1026999012213539     
   5.4221253409278303E-002   1.0512041619030659        2.0949767433257063     
   5.4271134967152523E-002   1.0510388594689146        2.0877741282515037     
   5.4321016525026744E-002   1.0508856374635682        2.0810937770139386     
   5.4370898082900965E-002   1.0507445336922638        2.0749372834936706     
   5.4420779640775185E-002   1.0506155829702455        2.0693061140403115     
   5.4470661198649406E-002   1.0504988171141743        2.0642016071073312     
   5.4520542756523627E-002   1.0503942649342779        2.0596249729184861     
   5.4570424314397847E-002   1.0503019522272428        2.0555772931659950     
   5.4620305872272068E-002   1.0502219017698475        2.0520595207404102     
   5.4670187430146289E-002   1.0501541333133448        2.0490724794925654     
   5.4720068988020509E-002   1.0500986635785874        2.0466168640274818     
   5.4769950545894730E-002   1.0500555062519024        2.0446932395303943     
   5.4819832103768951E-002   1.0500246719817139        2.0433020416249317     
   5.4869713661643171E-002   1.0500061683759172        2.0424435762636968     
   5.4919595219517392E-002   1.0500000000000000        2.0421180196509443     
   5.4969476777391613E-002   1.0500061683759168        2.0423254181977484     
   5.5019358335265833E-002   1.0500246719817130        2.0430656885094671     
   5.5069239893140054E-002   1.0500555062519008        2.0443386174055758     
   5.5119121451014275E-002   1.0500986635785856        2.0461438619718888     
   5.5169003008888495E-002   1.0501541333133426        2.0484809496450627     
   5.5218884566762716E-002   1.0502219017698446        2.0513492783294671     
   5.5268766124636937E-002   1.0503019522272394        2.0547481165463157     
   5.5318647682511157E-002   1.0503942649342743        2.0586766036149236     
   5.5368529240385378E-002   1.0504988171141700        2.0631337498662070     
   5.5418410798259599E-002   1.0506155829702408        2.0681184368881400     
   5.5468292356133819E-002   1.0507445336922590        2.0736294178032439     
   5.5518173914008040E-002   1.0508856374635629        2.0796653175777644     
   5.5568055471882261E-002   1.0510388594689088        2.0862246333627827     
   5.5617937029756481E-002   1.0512041619030594        2.0933057348666955     
   5.5667818587630702E-002   1.0513815039801129        2.1009068647592599     
   5.5717700145504923E-002   1.0515708419435648        2.1090261391068235     
   5.5767581703379143E-002   1.0517721290771063        2.1176615478387553     
   5.5817463261253364E-002   1.0519853157161487        2.1268109552446401     
   5.5867344819127585E-002   1.0522103492600792        2.1364721005023646     
   5.5917226377001805E-002   1.0524471741852379        2.1466425982365989     
   5.5967107934876026E-002   1.0526957320586181        2.1573199391076350     
   5.6016989492750247E-002   1.0529559615522839        2.1685014904303013     
   5.6066871050624467E-002   1.0532277984585015        2.1801844968227058     
   5.6116752608498688E-002   1.0535111757055819        2.1923660808845788     
   5.6166634166372909E-002   1.0538060233744300        2.2050432439050121     
   5.6216515724247129E-002   1.0541122687157951        2.2182128665991780     
   5.6266397282121350E-002   1.0544298361682216        2.2318717098739755     
   5.6316278839995570E-002   1.0547586473766928        2.2460164156221656     
   5.6366160397869791E-002   1.0550986212119626        2.2606435075447444     
   5.6416041955744012E-002   1.0554496737905747        2.2757493920013365     
   5.6465923513618232E-002   1.0558117184955584        2.2913303588881972     
   5.6515805071492453E-002   1.0561846659977996        2.3073825825435339     
   5.6565686629366674E-002   1.0565684242780831        2.3239021226800767     
   5.6615568187240894E-002   1.0569628986497952        2.3408849253440991     
   5.6665449745115115E-002   1.0573679917822876        2.3583268239010975     
   5.6715331302989336E-002   1.0577836037248911        2.3762235400473815     
   5.6765212860863556E-002   1.0582096319315784        2.3945706848476069     
   5.6815094418737777E-002   1.0586459712862635        2.4133637597974986     
   5.6864975976611998E-002   1.0590925141287402        2.4325981579119293     
   5.6914857534486218E-002   1.0595491502812437        2.4522691648375416     
   5.6964739092360439E-002   1.0600157670756365        2.4723719599899123     
   5.7014620650234660E-002   1.0604922493812061        2.4929016177146961     
   5.7064502208108880E-002   1.0609784796330741        2.5138531084725964     
   5.7114383765983101E-002   1.0614743378612008        2.5352213000475827     
   5.7164265323857322E-002   1.0619797017199886        2.5570009587782669     
   5.7214146881731542E-002   1.0624944465184669        2.5791867508119153     
   5.7264028439605763E-002   1.0630184452510594        2.6017732433807428     
   5.7313909997479984E-002   1.0635515686289190        2.6247549061002671     
   5.7363791555354204E-002   1.0640936851118299        2.6481261122892765     
   5.7413673113228425E-002   1.0646446609406619        2.6718811403111005     
   5.7463554671102646E-002   1.0652043601703733        2.6960141749357476     
   5.7513436228976866E-002   1.0657726447035545        2.7205193087227912     
   5.7563317786851087E-002   1.0663493743245001        2.7453905434243473     
   5.7613199344725308E-002   1.0669344067338058        2.7706217914080633     
   5.7663080902599528E-002   1.0675275975834790        2.7962068770996620     
   5.7712962460473749E-002   1.0681288005125538        2.8221395384446586     
   5.7762844018347970E-002   1.0687378671832026        2.8484134283890046     
   5.7812725576222190E-002   1.0693546473173390        2.8750221163783434     
   5.7862607134096411E-002   1.0699789887336935        2.9019590898753465     
   5.7912488691970632E-002   1.0706107373853637        2.9292177558950589     
   5.7962370249844852E-002   1.0712497373978234        2.9567914425577735     
   5.8012251807719073E-002   1.0718958311073807        2.9846734006590729     
   5.8062133365593294E-002   1.0725488591000802        3.0128568052568596     
   5.8112014923467514E-002   1.0732086602510371        3.0413347572749871     
   5.8161896481341735E-002   1.0738750717641894        3.0701002851229746     
   5.8211778039215956E-002   1.0745479292124680        3.0991463463319322     
   5.8261659597090176E-002   1.0752270665783661        3.1284658292059171     
   5.8311541154964397E-002   1.0759123162949005        3.1580515544887078     
   5.8361422712838618E-002   1.0766035092869575        3.1878962770455499     
   5.8411304270712838E-002   1.0773004750130086        3.2179926875596307     
   5.8461185828587059E-002   1.0780030415071902        3.2483334142428633     
   5.8511067386461280E-002   1.0787110354217320        3.2789110245609039     
   5.8560948944335500E-002   1.0794242820697302        3.3097180269718973     
   5.8610830502209721E-002   1.0801426054682466        3.3407468726785883     
   5.8660712060083942E-002   1.0808658283817310        3.3719899573938323     
   5.8710593617958162E-002   1.0815937723657514        3.4034396231188566     
   5.8760475175832383E-002   1.0823262578110224        3.4350881599341418     
   5.8810356733706604E-002   1.0830631039877205        3.4669278078026120     
   5.8860238291580824E-002   1.0838041290900775        3.4989507583848560     
   5.8910119849455045E-002   1.0845491502812377        3.5311491568659892     
   5.8960001407329266E-002   1.0852979837383696        3.5635151037939621     
   5.9009882965203486E-002   1.0860504446980233        3.5960406569290377     
   5.9059764523077707E-002   1.0868063475017160        3.6287178331040084     
   5.9109646080951928E-002   1.0875655056417417        3.6615386100949570     
   5.9159527638826148E-002   1.0883277318071891        3.6944949285023321     
   5.9209409196700369E-002   1.0890928379301572        3.7275786936418598     
   5.9259290754574589E-002   1.0898606352321587        3.7607817774451227     
   5.9309172312448810E-002   1.0906309342706979        3.7940960203695009     
   5.9359053870323031E-002   1.0914035449860138        3.8275132333171316     
   5.9408935428197251E-002   1.0921782767479724        3.8610251995625586     
   5.9458816986071472E-002   1.0929549384031050        3.8946236766889486     
   5.9508698543945693E-002   1.0937333383217689        3.9283003985321612     
   5.9558580101819913E-002   1.0945132844454317        3.9620470771329224     
   5.9608461659694134E-002   1.0952945843340582        3.9958554046962611     
   5.9658343217568355E-002   1.0960770452135917        4.0297170555582262     
   5.9708224775442575E-002   1.0968604740235182        4.0636236881593977     
   5.9758106333316796E-002   1.0976446774645017        4.0975669470249603     
   5.9807987891191017E-002   1.0984294620460775        4.1315384647509426     
   5.9857869449065237E-002   1.0992146341343927        4.1655298639962393     
