   1.5694861606919457E-002   1.1000000000000001        6.2594382056902536     
   3.1389723213838913E-002   1.1010471209941679        6.2740044239623405     
   4.7084584820758370E-002   1.1020937826864601        6.2886477361151840     
   6.2779446427677826E-002   1.1031395259764658        6.3033366137509743     
   7.8474308034597290E-002   1.1041838921666158        6.3180396919489459     
   9.4169169641516753E-002   1.1052264231633828        6.3327257768940264     
  0.10986403124843622        1.1062666616782153        6.3473638538147004     
  0.12555889285535568        1.1073041514281208        6.3619230952348520     
  0.14125375446227514        1.1083384373358052        6.3763728695423199     
  0.15694861606919461        1.1093690657292863        6.3906827498778682     
  0.17264347767611407        1.1103955845408882        6.4048225233462190     
  0.18833833928303353        1.1114175435055329        6.4187622005515967     
  0.20403320088995300        1.1124344943582429        6.4324720254584635     
  0.21972806249687246        1.1134459910307635        6.4459224855777801     
  0.23542292410379193        1.1144515898472236        6.4590843224782812     
  0.25111778571071136        1.1154508497187474        6.4719285426217699     
  0.26681264731763082        1.1164433323369292        6.4844264285195505     
  0.28250750892455029        1.1174286023660909        6.4965495502072130     
  0.29820237053146975        1.1184062276342339        6.5082697770335454     
  0.31389723213838922        1.1193757793226053        6.5195592897579857     
  0.32959209374530868        1.1203368321537901        6.5303905929504040     
  0.34528695535222814        1.1212889645782538        6.5407365276856382     
  0.36098181695914761        1.1222317589592465        6.5505702845239595     
  0.37667667856606707        1.1231648017559932        6.5598654167675186     
  0.39237154017298653        1.1240876837050859        6.5685958539814893     
  0.40806640177990600        1.1250000000000000        6.5767359157673777     
  0.42376126338682546        1.1259013504686566        6.5842603257745758     
  0.43945612499374492        1.1267913397489500        6.5911442259349231     
  0.45515098660066439        1.1276695774621672        6.5973631909037378     
  0.47084584820758385        1.1285356783842218        6.6028932426894675     
  0.48654070981450331        1.1293892626146238        6.6077108654522752     
  0.50223557142142272        1.1302299557431188        6.6117930204511950     
  0.51793043302834219        1.1310573890139155        6.6151171611177464     
  0.53362529463526165        1.1318711994874346        6.6176612482323423     
  0.54932015624218111        1.1326710301995053        6.6194037651789825     
  0.56501501784910058        1.1334565303179429        6.6203237332522207     
  0.58070987945602004        1.1342273552964346        6.6204007269888194     
  0.59640474106293950        1.1349831670256683        6.6196148894956979     
  0.61209960266985897        1.1357236339816403        6.6179469477448372     
  0.62779446427677843        1.1364484313710708        6.6153782278035163     
  0.64348932588369789        1.1371572412738697        6.6118906699689823     
  0.65918418749061736        1.1378497527825879        6.6074668437740707     
  0.67487904909753682        1.1385256621387896        6.6020899628301706     
  0.69057391070445628        1.1391846728662920        6.5957438994734732     
  0.70626877231137575        1.1398264959012099        6.5884131991788317     
  0.72196363391829521        1.1404508497187476        6.5800830947054791     
  0.73765849552521467        1.1410574604566852        6.5707395199387157     
  0.75335335713213414        1.1416460620355051        6.5603691233903945     
  0.76904821873905360        1.1422163962751009        6.5489592813216184     
  0.78474308034597307        1.1427682130080254        6.5364981104505588     
  0.80043794195289253        1.1433012701892220        6.5229744802081928     
  0.81613280355981199        1.1438153340021933        6.5083780245052294     
  0.83182766516673146        1.1443101789615608        6.4926991529735449     
  0.84752252677365092        1.1447855880119708        6.4759290616458083     
  0.86321738838057038        1.1452413526233012        6.4580597430378157     
  0.87891224998748985        1.1456772728821301        6.4390839955983923     
  0.89460711159440931        1.1460931575794251        6.4189954324929674     
  0.91030197320132877        1.1464888242944127        6.3977884896873709     
  0.92599683480824824        1.1468640994745947        6.3754584333002997     
  0.94169169641516770        1.1472188185118741        6.3520013661934636     
  0.95738655802208716        1.1475528258147578        6.3274142337701340     
  0.97308141962900663        1.1478659748766034        6.3016948289545711     
  0.98877628123592609        1.1481581283398830        6.2748417963261192     
   1.0044711428428454        1.1484291580564316        6.2468546353837464     
   1.0201660044497649        1.1486789451436581        6.2177337029188946     
   1.0358608660566844        1.1489073800366905        6.1874802144763787     
   1.0515557276636038        1.1491143625364346        6.1560962448851502     
   1.0672505892705233        1.1492998018535254        6.1235847278432152     
   1.0829454508774428        1.1494636166481496        6.0899494545433637     
   1.0986403124843622        1.1496057350657241        6.0551950713285221     
   1.1143351740912817        1.1497260947684138        6.0193270763683762     
   1.1300300356982012        1.1498246429624752        5.9823518153512261     
   1.1457248973051206        1.1499013364214137        5.9442764761880298     
   1.1614197589120401        1.1499561415049431        5.9051090827275026     
   1.1771146205189595        1.1499890341737424        5.8648584874849830     
   1.1928094821258790        1.1500000000000001        5.8235343633893448     
   1.2085043437327985        1.1499890341737424        5.7811471945557251     
   1.2241992053397179        1.1499561415049431        5.7377082660938514     
   1.2398940669466374        1.1499013364214137        5.6932296529656039     
   1.2555889285535569        1.1498246429624752        5.6477242079066476     
   1.2712837901604763        1.1497260947684138        5.6012055484306496     
   1.2869786517673958        1.1496057350657241        5.5536880429365869     
   1.3026735133743153        1.1494636166481496        5.5051867959428309     
   1.3183683749812347        1.1492998018535254        5.4557176324730170     
   1.3340632365881542        1.1491143625364346        5.4052970816221668     
   1.3497580981950736        1.1489073800366905        5.3539423593329918     
   1.3654529598019931        1.1486789451436581        5.3016713504148560     
   1.3811478214089126        1.1484291580564316        5.2485025898395508     
   1.3968426830158320        1.1481581283398830        5.1944552433502800     
   1.4125375446227515        1.1478659748766034        5.1395490874217256     
   1.4282324062296710        1.1475528258147578        5.0838044886106299     
   1.4439272678365904        1.1472188185118741        5.0272423823380441     
   1.4596221294435099        1.1468640994745947        4.9698842511455981     
   1.4753169910504293        1.1464888242944127        4.9117521024690820     
   1.4910118526573488        1.1460931575794251        4.8528684459738241     
   1.5067067142642683        1.1456772728821301        4.7932562704972463     
   1.5224015758711877        1.1452413526233010        4.7329390206443636     
   1.5380964374781072        1.1447855880119708        4.6719405730826091     
   1.5537912990850267        1.1443101789615608        4.6102852125829283     
   1.5694861606919461        1.1438153340021933        4.5479976078537092     
   1.5851810222988656        1.1433012701892220        4.4851027872145819     
   1.6008758839057851        1.1427682130080254        4.4216261141566662     
   1.6165707455127045        1.1422163962751009        4.3575932628357199     
   1.6322656071196240        1.1416460620355051        4.2930301935438475     
   1.6479604687265434        1.1410574604566852        4.2279631282050962     
   1.6636553303334629        1.1404508497187473        4.1624185259393247     
   1.6793501919403824        1.1398264959012099        4.0964230587377273     
   1.6950450535473018        1.1391846728662920        4.0300035872923798     
   1.7107399151542213        1.1385256621387896        3.9631871370213139     
   1.7264347767611408        1.1378497527825879        3.8960008743284296     
   1.7421296383680602        1.1371572412738697        3.8284720831373478     
   1.7578244999749797        1.1364484313710705        3.7606281417357121     
   1.7735193615818992        1.1357236339816403        3.6924964999652095     
   1.7892142231888186        1.1349831670256683        3.6241046567912876     
   1.8049090847957381        1.1342273552964346        3.5554801382841577     
   1.8206039464026575        1.1334565303179429        3.4866504760407580     
   1.8362988080095770        1.1326710301995053        3.4176431860764862     
   1.8519936696164965        1.1318711994874346        3.3484857482118748     
   1.8676885312234159        1.1310573890139155        3.2792055859791067     
   1.8833833928303354        1.1302299557431188        3.2098300470701169     
   1.8990782544372549        1.1293892626146238        3.1403863843461695     
   1.9147731160441743        1.1285356783842215        3.0709017374271905     
   1.9304679776510938        1.1276695774621672        3.0014031148767759     
   1.9461628392580133        1.1267913397489500        2.9319173769963789     
   1.9618577008649327        1.1259013504686566        2.8624712192410153     
   1.9775525624718522        1.1250000000000000        2.7930911562660889     
   1.9932474240787716        1.1240876837050857        2.7238035066129997     
   2.0089422856856909        1.1231648017559932        2.6546343780397859     
   2.0246371472926104        1.1222317589592465        2.5856096535004984     
   2.0403320088995298        1.1212889645782538        2.5167549777756970     
   2.0560268705064493        1.1203368321537901        2.4480957447541063     
   2.0717217321133687        1.1193757793226051        2.3796570853642591     
   2.0874165937202882        1.1184062276342339        2.3114638561529337     
   2.1031114553272077        1.1174286023660909        2.2435406285057100     
   2.1188063169341271        1.1164433323369292        2.1759116785034229     
   2.1345011785410466        1.1154508497187474        2.1086009774068337     
   2.1501960401479661        1.1144515898472236        2.0416321827604982     
   2.1658909017548855        1.1134459910307632        1.9750286301052384     
   2.1815857633618050        1.1124344943582427        1.9088133252881017     
   2.1972806249687244        1.1114175435055329        1.8430089373565488     
   2.2129754865756439        1.1103955845408879        1.7776377920235327     
   2.2286703481825634        1.1093690657292863        1.7127218656886447     
   2.2443652097894828        1.1083384373358052        1.6482827799995756     
   2.2600600713964023        1.1073041514281206        1.5843417969377926     
   2.2757549330033218        1.1062666616782153        1.5209198144111831     
   2.2914497946102412        1.1052264231633828        1.4580373623358922     
   2.3071446562171607        1.1041838921666158        1.3957145991894762     
   2.3228395178240802        1.1031395259764658        1.3339713090163439     
   2.3385343794309996        1.1020937826864601        1.2728268988664033     
   2.3542292410379191        1.1010471209941679        1.2123003966480359     
   2.3699241026448385        1.1000000000000001        1.1524104493751892     
   2.3856189642517580        1.0989528790058323        1.0931753217892655     
   2.4013138258586775        1.0979062173135401        1.0346128953359168     
   2.4170086874655969        1.0968604740235344       0.97674066747690436     
   2.4327035490725164        1.0958161078333843       0.91957575131712332     
   2.4483984106794359        1.0947735768366174       0.86313487552730783     
   2.4640932722863553        1.0937333383217849       0.80743438454288163     
   2.4797881338932748        1.0926958485718794       0.75249023901951151     
   2.4954829955001943        1.0916615626641950       0.69831801652656211     
   2.5111778571071137        1.0906309342707139       0.64493291245956574     
   2.5268727187140332        1.0896044154591120       0.59234974115359573     
   2.5425675803209526        1.0885824564944673       0.54058293717938710     
   2.5582624419278721        1.0875655056417572       0.48964655680473718     
   2.5739573035347916        1.0865540089692367       0.43955427960438881     
   2.5896521651417110        1.0855484101527764       0.39031941020167071     
   2.6053470267486305        1.0845491502812528       0.34195488012581809     
   2.6210418883555500        1.0835566676630708       0.29447324976988354     
   2.6367367499624694        1.0825713976339093       0.24788671043408605     
   2.6524316115693889        1.0815937723657663       0.20220708644043178     
   2.6681264731763084        1.0806242206773948       0.15744583730489919     
   2.6838213347832278        1.0796631678462101       0.11361405995441706     
   2.6995161963901473        1.0787110354217464        7.0722490975796817E-002
   2.7152110579970667        1.0777682410407536        2.8781508885301215E-002
   2.7309059196039862        1.0768351982440070       -1.2198863592517151E-002
   2.7466007812109057        1.0759123162949142       -5.2208957247092173E-002
   2.7622956428178251        1.0750000000000000       -9.1239454114977331E-002
   2.7779905044247446        1.0740986495313436      -0.12928138523317179     
   2.7936853660316641        1.0732086602510502      -0.16632612842093358     
   2.8093802276385835        1.0723304225378327      -0.20236540609805440     
   2.8250750892455030        1.0714643216157784      -0.23739128314687105     
   2.8407699508524225        1.0706107373853764      -0.27139616482462653     
   2.8564648124593419        1.0697700442568814      -0.30437279473199003     
   2.8721596740662614        1.0689426109860845      -0.33631425284354777     
   2.8878545356731808        1.0681288005125655      -0.36721395360440501     
   2.9035493972801003        1.0673289698004949      -0.39706564409789807     
   2.9192442588870198        1.0665434696820570      -0.42586340228745745     
   2.9349391204939392        1.0657726447035656      -0.45360163533594017     
   2.9506339821008587        1.0650168329743317      -0.48027507800519276     
   2.9663288437077782        1.0642763660183598      -0.50587879113754020     
   2.9820237053146976        1.0635515686289294      -0.53040816022104287     
   2.9977185669216171        1.0628427587261304      -0.55385889403950261     
   3.0134134285285366        1.0621502472174122      -0.57622702340779441     
   3.0291082901354560        1.0614743378612106      -0.59750889999281298     
   3.0448031517423755        1.0608153271337080      -0.61770119521963784     
   3.0604980133492949        1.0601735040987903      -0.63680089926235406     
   3.0761928749562144        1.0595491502812526      -0.65480532011862802     
   3.0918877365631339        1.0589425395433150      -0.67171208276622063     
   3.1075825981700533        1.0583539379644951      -0.68751912840031049     
   3.1232774597769728        1.0577836037248993      -0.70222471374887108     
   3.1389723213838923        1.0572317869919747      -0.71582741046440346     
   3.1546671829908117        1.0566987298107782      -0.72832610458888813     
   3.1703620445977312        1.0561846659978069      -0.73971999608925099     
   3.1860569062046507        1.0556898210384393      -0.75000859846018042     
   3.2017517678115701        1.0552144119880293      -0.75919173839089804     
   3.2174466294184896        1.0547586473766990      -0.76726955549224907     
   3.2331414910254090        1.0543227271178701      -0.77424250208045842     
   3.2488363526323285        1.0539068424205751      -0.78011134301350737     
   3.2645312142392480        1.0535111757055875      -0.78487715557609716     
   3.2802260758461674        1.0531359005254055      -0.78854132940902988     
   3.2959209374530869        1.0527811814881260      -0.79110556647859853     
   3.3116157990600064        1.0524471741852424      -0.79257188108166088     
   3.3273106606669258        1.0521340251233968      -0.79294259988173310     
   3.3430055222738453        1.0518418716601172      -0.79222036197186996     
   3.3587003838807648        1.0515708419435685      -0.79040811895933927     
   3.3743952454876842        1.0513210548563421      -0.78750913506770170     
   3.3900901070946037        1.0510926199633097      -0.78352698725162873     
   3.4057849687015231        1.0508856374635656      -0.77846556531968436     
   3.4214798303084426        1.0507001981464748      -0.77232907206060386     
   3.4371746919153621        1.0505363833518506      -0.76512202336821644     
   3.4528695535222815        1.0503942649342761      -0.75684924836065404     
   3.4685644151292010        1.0502739052315864      -0.74751588948928394     
   3.4842592767361205        1.0501753570375250      -0.73712740263264742     
   3.4999541383430399        1.0500986635785865      -0.72568955717139516     
   3.5156489999499594        1.0500438584950571      -0.71320843603952977     
   3.5313438615568788        1.0500109658262577      -0.69969043574795631     
   3.5470387231637983        1.0500000000000000      -0.68514226637608855     
   3.5627335847707178        1.0500109658262577      -0.66957095152745039     
   3.5784284463776372        1.0500438584950571      -0.65298382824553947     
   3.5941233079845567        1.0500986635785865      -0.63538854688580859     
   3.6098181695914762        1.0501753570375250      -0.61679307094041447     
   3.6255130311983956        1.0502739052315864      -0.59720567681197922     
   3.6412078928053151        1.0503942649342761      -0.57663495353295424     
   3.6569027544122346        1.0505363833518506      -0.55508980242741035     
   3.6725976160191540        1.0507001981464748      -0.53257943671185271     
   3.6882924776260735        1.0508856374635656      -0.50911338103241277     
   3.7039873392329929        1.0510926199633097      -0.48470147093513277     
   3.7196822008399124        1.0513210548563421      -0.45935385226685854     
   3.7353770624468319        1.0515708419435685      -0.43308098050417126     
   3.7510719240537513        1.0518418716601172      -0.40589362000766288     
   3.7667667856606708        1.0521340251233968      -0.37780284319948698     
   3.7824616472675903        1.0524471741852424      -0.34882002966181735     
   3.7981565088745097        1.0527811814881260      -0.31895686515427024     
   3.8138513704814292        1.0531359005254055      -0.28822534054839960     
   3.8295462320883487        1.0535111757055875      -0.25663775067720329     
   3.8452410936952681        1.0539068424205751      -0.22420669309835622     
   3.8609359553021876        1.0543227271178701      -0.19094506676926271     
   3.8766308169091070        1.0547586473766992      -0.15686607063264615     
   3.8923256785160265        1.0552144119880296      -0.12198320211124861     
   3.9080205401229460        1.0556898210384393       -8.6310255510387443E-002
   3.9237154017298654        1.0561846659978069       -4.9861320327136326E-002
   3.9394102633367849        1.0566987298107782       -1.2650779465194649E-002
   3.9551051249437044        1.0572317869919747        2.5306692645821808E-002
   3.9707999865506238        1.0577836037248993        6.3996132027520317E-002
   3.9864948481575433        1.0583539379644951       0.10340228722725769     
   4.0021897097644628        1.0589425395433150       0.14350962149093044     
   4.0178845713713818        1.0595491502812528       0.18430231503489314     
   4.0335794329783008        1.0601735040987903       0.22576426741793826     
   4.0492742945852198        1.0608153271337082       0.26787910001411108     
   4.0649691561921388        1.0614743378612106       0.31063015858706411     
   4.0806640177990579        1.0621502472174122       0.35400051596721754     
   4.0963588794059769        1.0628427587261304       0.39797297483214905     
   4.1120537410128959        1.0635515686289294       0.44253007059154625     
   4.1277486026198149        1.0642763660183598       0.48765407437741942     
   4.1434434642267339        1.0650168329743317       0.53332699614086709     
   4.1591383258336529        1.0657726447035656       0.57953058785636224     
   4.1748331874405720        1.0665434696820570       0.62624634683489355     
   4.1905280490474910        1.0673289698004946       0.67345551914725321     
   4.2062229106544100        1.0681288005125653       0.72113910315891627     
   4.2219177722613290        1.0689426109860845       0.76927785317810315     
   4.2376126338682480        1.0697700442568812       0.81785228321867010     
   4.2533074954751671        1.0706107373853762       0.86684267087987477     
   4.2690023570820861        1.0714643216157782       0.91622906134477311     
   4.2846972186890051        1.0723304225378325       0.96599127149964703     
   4.3003920802959241        1.0732086602510500        1.0161088941766490     
   4.3160869419028431        1.0740986495313432        1.0665613025224121     
   4.3317818035097622        1.0749999999999997        1.1173276544952448     
   4.3474766651166812        1.0759123162949138        1.1683868974938121     
   4.3631715267236002        1.0768351982440065        1.2197177731206916     
   4.3788663883305192        1.0777682410407532        1.2712988220836974     
   4.3945612499374382        1.0787110354217460        1.3231083892392099     
   4.4102561115443573        1.0796631678462094        1.3751246287806893     
   4.4259509731512763        1.0806242206773944        1.4273255095768258     
   4.4416458347581953        1.0815937723657656        1.4796888206632208     
   4.4573406963651143        1.0825713976339086        1.5321921768923883     
   4.4730355579720333        1.0835566676630701        1.5848130247464438     
   4.4887304195789524        1.0845491502812519        1.6375286483175884     
   4.5044252811858714        1.0855484101527757        1.6903161754612988     
   4.5201201427927904        1.0865540089692360        1.7431525841275048     
   4.5358150043997094        1.0875655056417566        1.7960147088753740     
   4.5515098660066284        1.0885824564944664        1.8488792475771405     
   4.5672047276135475        1.0896044154591111        1.9017227683167941     
   4.5828995892204665        1.0906309342707130        1.9545217164896860     
   4.5985944508273855        1.0916615626641939        2.0072524221086860     
   4.6142893124343045        1.0926958485718785        2.0598911073237738     
   4.6299841740412235        1.0937333383217838        2.1124138941602908     
   4.6456790356481426        1.0947735768366162        2.1647968124830026     
   4.6613738972550616        1.0958161078333832        2.2170158081917468     
   4.6770687588619806        1.0968604740235333        2.2690467516549599     
   4.6927636204688996        1.0979062173135390        2.3208654463875424     
   4.7084584820758186        1.0989528790058309        2.3724476379790693     
   4.7241533436827376        1.0999999999999988        2.4237690232783078     
   4.7398482052896567        1.1010471209941666        2.4748052598400530     
   4.7555430668965757        1.1020937826864587        2.5255319756399270     
   4.7712379285034947        1.1031395259764645        2.5759247790625621     
   4.7869327901104137        1.1041838921666145        2.6259592691684115     
   4.8026276517173327        1.1052264231633813        2.6756110462438913     
   4.8183225133242518        1.1062666616782140        2.7248557226393406     
   4.8340173749311708        1.1073041514281192        2.7736689338990161     
   4.8497122365380898        1.1083384373358038        2.8220263501864293     
   4.8654070981450088        1.1093690657292850        2.8699036880079642     
   4.8811019597519278        1.1103955845408866        2.9172767222375526     
   4.8967968213588469        1.1114175435055313        2.9641212984439034     
   4.9124916829657659        1.1124344943582414        3.0104133455212887     
   4.9281865445726849        1.1134459910307619        3.0561288886244848     
   4.9438814061796039        1.1144515898472220        3.1012440624070963     
   4.9595762677865229        1.1154508497187459        3.1457351245623122     
   4.9752711293934420        1.1164433323369276        3.1895784696631080     
   4.9909659910003610        1.1174286023660893        3.2327506432996072     
   5.0066608526072800        1.1184062276342324        3.2752283565084577     
   5.0223557142141990        1.1193757793226036        3.3169885004895958     
   5.0380505758211180        1.1203368321537885        3.3580081616033772     
   5.0537454374280371        1.1212889645782520        3.3982646366409339     
   5.0694402990349561        1.1222317589592448        3.4377354483587559     
   5.0851351606418751        1.1231648017559914        3.4763983612673131     
   5.1008300222487941        1.1240876837050842        3.5142313976627038     
   5.1165248838557131        1.1249999999999984        3.5512128538884475     
   5.1322197454626322        1.1259013504686548        3.5873213168135862     
   5.1479146070695512        1.1267913397489482        3.6225356805118398     
   5.1636094686764702        1.1276695774621657        3.6568351631248488     
   5.1793043302833892        1.1285356783842200        3.6901993238918247     
   5.1949991918903082        1.1293892626146220        3.7226080803260362     
   5.2106940534972273        1.1302299557431172        3.7540417255171250     
   5.2263889151041463        1.1310573890139139        3.7844809455372608     
   5.2420837767110653        1.1318711994874329        3.8139068369276230     
   5.2577786383179843        1.1326710301995038        3.8423009242401993     
   5.2734734999249033        1.1334565303179414        3.8696451776086853     
   5.2891683615318223        1.1342273552964328        3.8959220303212039     
   5.3048632231387414        1.1349831670256667        3.9211143963660455     
   5.3205580847456604        1.1357236339816386        3.9452056879206485     
   5.3362529463525794        1.1364484313710690        3.9681798327526683     
   5.3519478079594984        1.1371572412738682        3.9900212915015234     
   5.3676426695664174        1.1378497527825864        4.0107150748068525     
   5.3833375311733365        1.1385256621387880        4.0302467602508045     
   5.3990323927802555        1.1391846728662904        4.0486025090785347     
   5.4147272543871745        1.1398264959012083        4.0657690826626478     
   5.4304221159940935        1.1404508497187460        4.0817338586743297     
   5.4461169776010125        1.1410574604566839        4.0964848469260682     
   5.4618118392079316        1.1416460620355036        4.1100107048479648     
   5.4775067008148506        1.1422163962750995        4.1223007525614026     
   5.4932015624217696        1.1427682130080241        4.1333449875121282     
   5.5088964240286886        1.1433012701892207        4.1431340986262164     
   5.5245912856356076        1.1438153340021919        4.1516594799513618     
   5.5402861472425267        1.1443101789615595        4.1589132437467571     
   5.5559810088494457        1.1447855880119695        4.1648882329854979     
   5.5716758704563647        1.1452413526232998        4.1695780332332415     
   5.5873707320632837        1.1456772728821289        4.1729769838683319     
   5.6030655936702027        1.1460931575794240        4.1750801886089048     
   5.6187604552771218        1.1464888242944116        4.1758835253140187     
   5.6344553168840408        1.1468640994745936        4.1753836550262262     
   5.6501501784909598        1.1472188185118732        4.1735780302251522     
   5.6658450400978788        1.1475528258147569        4.1704649022625047     
   5.6815399017047978        1.1478659748766025        4.1660433279507254     
   5.6972347633117169        1.1481581283398823        4.1603131752788842     
   5.7129296249186359        1.1484291580564310        4.1532751282319005     
   5.7286244865255549        1.1486789451436574        4.1449306906905141     
   5.7443193481324739        1.1489073800366898        4.1352821893913951     
   5.7600142097393929        1.1491143625364340        4.1243327759298456     
   5.7757090713463120        1.1492998018535248        4.1120864277887277     
   5.7914039329532310        1.1494636166481491        4.0985479483802889     
   5.8070987945601500        1.1496057350657236        4.0837229660897885     
   5.8227936561670690        1.1497260947684134        4.0676179323125083     
   5.8384885177739880        1.1498246429624750        4.0502401184779808     
   5.8541833793809070        1.1499013364214135        4.0315976120582011     
   5.8698782409878261        1.1499561415049429        4.0116993115592807     
   5.8855731025947451        1.1499890341737422        3.9905549204983375     
   5.9012679642016641        1.1500000000000001        3.9681749403707562     
   5.9169628258085831        1.1499890341737424        3.9445706626150696     
   5.9326576874155021        1.1499561415049431        3.9197541595855343     
   5.9483525490224212        1.1499013364214139        3.8937382745459166     
   5.9640474106293402        1.1498246429624757        3.8665366106994328     
   5.9797422722362592        1.1497260947684140        3.8381635192734134     
   5.9954371338431782        1.1496057350657245        3.8086340866795578     
   6.0111319954500972        1.1494636166481500        3.7779641207726895     
   6.0268268570570163        1.1492998018535259        3.7461701362343929     
   6.0425217186639353        1.1491143625364353        3.7132693391088383     
   6.0582165802708543        1.1489073800366911        3.6792796105218430     
   6.0739114418777733        1.1486789451436590        3.6442194896150983     
   6.0896063034846923        1.1484291580564325        3.6081081557302905     
   6.1053011650916114        1.1481581283398841        3.5709654098794923     
   6.1209960266985304        1.1478659748766045        3.5328116555396667     
   6.1366908883054494        1.1475528258147589        3.4936678788114719     
   6.1523857499123684        1.1472188185118755        3.4535556279831625     
   6.1680806115192874        1.1468640994745960        3.4124969925421982     
   6.1837754731262065        1.1464888242944140        3.3705145816784472     
   6.1994703347331255        1.1460931575794266        3.3276315023233884     
   6.2151651963400445        1.1456772728821318        3.2838713367709174     
   6.2308600579469635        1.1452413526233027        3.2392581199258546     
   6.2465549195538825        1.1447855880119726        3.1938163162270539     
   6.2622497811608016        1.1443101789615626        3.1475707962915362     
   6.2779446427677206        1.1438153340021953        3.1005468133276164     
   6.2936395043746396        1.1433012701892240        3.0527699793632688     
   6.3093343659815586        1.1427682130080277        3.0042662413374428     
   6.3250292275884776        1.1422163962751031        2.9550618571005174     
   6.3407240891953967        1.1416460620355073        2.9051833713701560     
   6.3564189508023157        1.1410574604566877        2.8546575916882966     
   6.3721138124092347        1.1404508497187500        2.8035115644235620     
   6.3878086740161537        1.1398264959012125        2.7517725508633588     
   6.4035035356230727        1.1391846728662949        2.6994680034381031     
   6.4191983972299917        1.1385256621387922        2.6466255421192644     
   6.4348932588369108        1.1378497527825908        2.5932729310314349     
   6.4505881204438298        1.1371572412738729        2.5394380553172415     
   6.4662829820507488        1.1364484313710737        2.4851488982924290     
   6.4819778436576678        1.1357236339816434        2.4304335189268955     
   6.4976727052645868        1.1349831670256716        2.3753200296854415     
   6.5133675668715059        1.1342273552964379        2.3198365747606307     
   6.5290624284784249        1.1334565303179465        2.2640113087281533     
   6.5447572900853439        1.1326710301995089        2.2078723756530350     
   6.5604521516922629        1.1318711994874382        2.1514478886732196     
   6.5761470132991819        1.1310573890139193        2.0947659100851230     
   6.5918418749061010        1.1302299557431226        2.0378544319536243     
   6.6075367365130200        1.1293892626146276        1.9807413572669037     
   6.6232315981199390        1.1285356783842255        1.9234544816546113     
   6.6389264597268580        1.1276695774621712        1.8660214756857754     
   6.6546213213337770        1.1267913397489540        1.8084698677604829     
   6.6703161829406961        1.1259013504686608        1.7508270276079818     
   6.6860110445476151        1.1250000000000042        1.6931201504011293     
   6.7017059061545341        1.1240876837050902        1.6353762414958066     
   6.7174007677614531        1.1231648017559976        1.5776221018011676     
   6.7330956293683721        1.1222317589592510        1.5198843137855595     
   6.7487904909752912        1.1212889645782582        1.4621892281205295     
   6.7644853525822102        1.1203368321537948        1.4045629509635944     
   6.7801802141891292        1.1193757793226100        1.3470313318789080     
   6.7958750757960482        1.1184062276342388        1.2896199523930529     
   6.8115699374029672        1.1174286023660958        1.2323541151818840     
   6.8272647990098863        1.1164433323369340        1.1752588338823984     
   6.8429596606168053        1.1154508497187523        1.1183588235225450     
   6.8586545222237243        1.1144515898472287        1.0616784915601272     
   6.8743493838306433        1.1134459910307684        1.0052419295210941     
   6.8900442454375623        1.1124344943582480       0.94907290522595378     
   6.9057391070444814        1.1114175435055380       0.89319485559186274     
   6.9214339686514004        1.1103955845408933       0.83763087999731978     
   6.9371288302583194        1.1093690657292916       0.78240373419490139     
   6.9528236918652384        1.1083384373358105       0.72753582475708323     
   6.9685185534721574        1.1073041514281261       0.67304920403897506     
   6.9842134150790764        1.1062666616782206       0.61896556564132321     
   6.9999082766859955        1.1052264231633881       0.56530624035665600     
   7.0156031382929145        1.1041838921666214       0.51209219258042715     
   7.0312979998998335        1.1031395259764714       0.45934401716904344     
   7.0469928615067525        1.1020937826864656       0.40708193672610155     
   7.0626877231136715        1.1010471209941735       0.35532579929771307     
   7.0783825847205906        1.1000000000000056       0.30409507645785461     
   7.0940774463275096        1.0989528790058378       0.25340886176406491     
   7.1097723079344286        1.0979062173135457       0.20328586956447262     
   7.1254671695413476        1.0968604740235401       0.15374443413631791     
   7.1411620311482666        1.0958161078333899       0.10480250913656149     
   7.1568568927551857        1.0947735768366231        5.6477667345371102E-002
   7.1725517543621047        1.0937333383217906        8.7871006832150704E-003
   7.1882466159690237        1.0926958485718852       -3.8252379517493808E-002
   7.2039414775759427        1.0916615626642008       -8.4624342004665024E-002
   7.2196363391828617        1.0906309342707197      -0.13031273488147710     
   7.2353312007897808        1.0896044154591178      -0.17530188468167351     
   7.2510260623966998        1.0885824564944730      -0.21957649526317555     
   7.2667209240036188        1.0875655056417630      -0.26312164653704329     
   7.2824157856105378        1.0865540089692427      -0.30592279304853176     
   7.2981106472174568        1.0855484101527821      -0.34796576242672572     
   7.3138055088243759        1.0845491502812585      -0.38923675371819821     
   7.3295003704312949        1.0835566676630768      -0.42972233562010803     
   7.3451952320382139        1.0825713976339151      -0.46940944462726963     
   7.3608900936451329        1.0815937723657720      -0.50828538310709925     
   7.3765849552520519        1.0806242206774006      -0.54633781731631981     
   7.3922798168589710        1.0796631678462159      -0.58355477537154277     
   7.4079746784658900        1.0787110354217522      -0.61992464518664803     
   7.4236695400728090        1.0777682410407594      -0.65543617238797813     
   7.4393644016797280        1.0768351982440125      -0.69007845821853264     
   7.4550592632866470        1.0759123162949198      -0.72384095744139421     
   7.4707541248935661        1.0750000000000055      -0.75671347625201490     
   7.4864489865004851        1.0740986495313491      -0.78868617020831921     
   7.5021438481074041        1.0732086602510558      -0.81974954218714058     
   7.5178387097143231        1.0723304225378383      -0.84989444037437423     
   7.5335335713212421        1.0714643216157838      -0.87911205629638933     
   7.5492284329281611        1.0706107373853817      -0.90739392289885323     
   7.5649232945350802        1.0697700442568865      -0.93473191267905276     
   7.5806181561419992        1.0689426109860898      -0.96111823587669043     
   7.5963130177489182        1.0681288005125706      -0.98654543872834677     
   7.6120078793558372        1.0673289698004997       -1.0110064017891229     
   7.6277027409627562        1.0665434696820622       -1.0344943383255334     
   7.6433976025696753        1.0657726447035705       -1.0570027927824213     
   7.6590924641765943        1.0650168329743366       -1.0785256393263851     
   7.6747873257835133        1.0642763660183647       -1.0990570804678428     
   7.6904821873904323        1.0635515686289341       -1.1185916457631040     
   7.7061770489973513        1.0628427587261349       -1.1371241905974352     
   7.7218719106042704        1.0621502472174167       -1.1546498950498900     
   7.7375667722111894        1.0614743378612150       -1.1711642628398060     
   7.7532616338181084        1.0608153271337124       -1.1866631203548039     
   7.7689564954250274        1.0601735040987945       -1.2011426157596032     
   7.7846513570319464        1.0595491502812568       -1.2145992181845451     
   7.8003462186388655        1.0589425395433187       -1.2270297169923721     
   7.8160410802457845        1.0583539379644991       -1.2384312211216628     
   7.8317359418527035        1.0577836037249031       -1.2488011585047545     
   7.8474308034596225        1.0572317869919785       -1.2581372755576414     
   7.8631256650665415        1.0566987298107817       -1.2664376367395240     
   7.8788205266734606        1.0561846659978102       -1.2737006241787594     
   7.8945153882803796        1.0556898210384427       -1.2799249373623638     
   7.9102102498872986        1.0552144119880327       -1.2851095928854679     
   7.9259051114942176        1.0547586473767021       -1.2892539242573691     
   7.9415999731011366        1.0543227271178730       -1.2923575817602753     
   7.9572948347080557        1.0539068424205777       -1.2944205323569269     
   7.9729896963149747        1.0535111757055902       -1.2954430596430302     
   7.9886845579218937        1.0531359005254082       -1.2954257638403295     
   8.0043794195288136        1.0527811814881285       -1.2943695618261795     
   8.0200742811357326        1.0524471741852446       -1.2922756871947767     
   8.0357691427426516        1.0521340251233988       -1.2891456903463103     
   8.0514640043495707        1.0518418716601192       -1.2849814385989873     
   8.0671588659564897        1.0515708419435703       -1.2797851163195606     
   8.0828537275634087        1.0513210548563439       -1.2735592250678205     
   8.0985485891703277        1.0510926199633113       -1.2663065837504683     
   8.1142434507772467        1.0508856374635671       -1.2580303287796466     
   8.1299383123841658        1.0507001981464761       -1.2487339142318619     
   8.1456331739910848        1.0505363833518517       -1.2384211120022952     
   8.1613280355980038        1.0503942649342772       -1.2270960119504897     
   8.1770228972049228        1.0502739052315873       -1.2147630220326078     
   8.1927177588118418        1.0501753570375256       -1.2014268684160174     
   8.2084126204187609        1.0500986635785869       -1.1870925955718816     
   8.2241074820256799        1.0500438584950575       -1.1717655663414164     
   8.2398023436325989        1.0500109658262580       -1.1554514619718701     
   8.2554972052395179        1.0500000000000000       -1.1381562821178699     
   8.2711920668464369        1.0500109658262577       -1.1198863448044734     
   8.2868869284533559        1.0500438584950569       -1.1006482863480334     
   8.3025817900602750        1.0500986635785861       -1.0804490612308728     
   8.3182766516671940        1.0501753570375243       -1.0592959419266417     
   8.3339715132741130        1.0502739052315855       -1.0371965186725696     
   8.3496663748810320        1.0503942649342752       -1.0141586991852811     
   8.3653612364879510        1.0505363833518495      -0.99019070831726619     
   8.3810560980948701        1.0507001981464734      -0.96530108765050371     
   8.3967509597017891        1.0508856374635642      -0.93949869502469618     
   8.4124458213087081        1.0510926199633082      -0.91279270399726453     
   8.4281406829156271        1.0513210548563403      -0.88519260323212412     
   8.4438355445225461        1.0515708419435665      -0.85670819581533175     
   8.4595304061294652        1.0518418716601150      -0.82734959849464973     
   8.4752252677363842        1.0521340251233944      -0.79712724084125353     
   8.4909201293433032        1.0524471741852399      -0.76605186433122685     
   8.5066149909502222        1.0527811814881234      -0.73413452134504786     
   8.5223098525571412        1.0531359005254026      -0.70138657408302274     
   8.5380047141640603        1.0535111757055844      -0.66781969339524716     
   8.5536995757709793        1.0539068424205718      -0.63344585752427385     
   8.5693944373778983        1.0543227271178666      -0.59827735075915489     
   8.5850892989848173        1.0547586473766954      -0.56232676199936837     
   8.6007841605917363        1.0552144119880258      -0.52560698322743316     
   8.6164790221986554        1.0556898210384353      -0.48813120788909642     
   8.6321738838055744        1.0561846659978029      -0.44991292917974890     
   8.6478687454124934        1.0566987298107740      -0.41096593823653482     
   8.6635636070194124        1.0572317869919703      -0.37130432223443482     
   8.6792584686263314        1.0577836037248947      -0.33094246238630642     
   8.6949533302332505        1.0583539379644904      -0.28989503184537474     
   8.7106481918401695        1.0589425395433101      -0.24817699350965117     
   8.7263430534470885        1.0595491502812477      -0.20580359772740758     
   8.7420379150540075        1.0601735040987850      -0.16279037990300635     
   8.7577327766609265        1.0608153271337026      -0.11915315800216027     
   8.7734276382678456        1.0614743378612050       -7.4908029956073013E-002
   8.7891224998747646        1.0621502472174065       -3.0071370963475664E-002
   8.8048173614816836        1.0628427587261244        1.5340169310237288E-002
   8.8205122230886026        1.0635515686289234        6.1309669637586238E-002
   8.8362070846955216        1.0642763660183538       0.10781994023822856     
   8.8519019463024406        1.0650168329743255       0.15485352589394544     
   8.8675968079093597        1.0657726447035591       0.20239270917033914     
   8.8832916695162787        1.0665434696820506       0.25041951374648513     
   8.8989865311231977        1.0673289698004880       0.29891570785376398     
   8.9146813927301167        1.0681288005125587       0.34786280782536499     
   8.9303762543370357        1.0689426109860776       0.39724208175791148     
   8.9460711159439548        1.0697700442568743       0.44703455328688368     
   8.9617659775508738        1.0706107373853690       0.49722100547765646     
   8.9774608391577928        1.0714643216157711       0.54778198483424489     
   8.9931557007647118        1.0723304225378252       0.59869780542762530     
   9.0088505623716308        1.0732086602510424       0.64994855314634203     
   9.0245454239785499        1.0740986495313358       0.70151409007161025     
   9.0402402855854689        1.0749999999999922       0.75337405897973353     
   9.0559351471923879        1.0759123162949062       0.80550788797492168     
   9.0716300087993069        1.0768351982439988       0.85789479525526469     
   9.0873248704062259        1.0777682410407454       0.91051379401568544     
   9.1030197320131450        1.0787110354217380       0.96334369749094262     
   9.1187145936200640        1.0796631678462014        1.0163631241429267     
   9.1344094552269830        1.0806242206773864        1.0695505029959573     
   9.1501043168339020        1.0815937723657574        1.1228840791242432     
   9.1657991784408210        1.0825713976339004        1.1763419192964764     
   9.1814940400477401        1.0835566676630619        1.2299019177814650     
   9.1971889016546591        1.0845491502812437        1.2835418023203498     
   9.2128837632615781        1.0855484101527675        1.3372391402700190     
   9.2285786248684971        1.0865540089692276        1.3909713449232908     
   9.2442734864754161        1.0875655056417481        1.4447156820113307     
   9.2599683480823352        1.0885824564944580        1.4984492763934867     
   9.2756632096892542        1.0896044154591027        1.5521491189411136     
   9.2913580712961732        1.0906309342707043        1.6057920736205493     
   9.3070529329030922        1.0916615626641855        1.6593548847818511     
   9.3227477945100112        1.0926958485718699        1.7128141846590423     
   9.3384426561169303        1.0937333383217751        1.7661465010885236     
   9.3541375177238493        1.0947735768366076        1.8193282654515721     
   9.3698323793307683        1.0958161078333746        1.8723358208473520     
   9.3855272409376873        1.0968604740235246        1.9251454305028317     
   9.4012221025446063        1.0979062173135303        1.9777332864258421     
   9.4169169641515253        1.0989528790058223        2.0300755183072705     
   9.4326118257584444        1.0999999999999901        2.0821482026788631     
   9.4483066873653634        1.1010471209941579        2.1339273723320451     
   9.4640015489722824        1.1020937826864501        2.1853890260039561     
   9.4796964105792014        1.1031395259764558        2.2365091383360012     
   9.4953912721861204        1.1041838921666058        2.2872636701099740     
   9.5110861337930395        1.1052264231633726        2.3376285787670898     
   9.5267809953999585        1.1062666616782053        2.3875798292138573     
   9.5424758570068775        1.1073041514281106        2.4370934049193016     
   9.5581707186137965        1.1083384373357952        2.4861453193069600     
   9.5738655802207155        1.1093690657292763        2.5347116274447892     
   9.5895604418276346        1.1103955845408779        2.5827684380353713     
   9.6052553034345536        1.1114175435055229        2.6302919257082182     
   9.6209501650414726        1.1124344943582329        2.6772583436155388     
   9.6366450266483916        1.1134459910307535        2.7236440363316468     
   9.6523398882553106        1.1144515898472138        2.7694254530555948     
   9.6680347498622297        1.1154508497187376        2.8145791611157609     
   9.6837296114691487        1.1164433323369194        2.8590818597744501     
   9.6994244730760677        1.1174286023660811        2.9029103943288219     
   9.7151193346829867        1.1184062276342244        2.9460417705043795     
   9.7308141962899057        1.1193757793225956        2.9884531691357030     
   9.7465090578968248        1.1203368321537805        3.0301219611279122     
   9.7622039195037438        1.1212889645782442        3.0710257226913682     
   9.7778987811106628        1.1222317589592370        3.1111422508409814     
   9.7935936427175818        1.1231648017559839        3.1504495791500045     
   9.8092885043245008        1.1240876837050766        3.1889259937471737     
   9.8249833659314199        1.1249999999999909        3.2265500495447061     
   9.8406782275383389        1.1259013504686475        3.2633005866828984     
   9.8563730891452579        1.1267913397489409        3.2991567471766512     
   9.8720679507521769        1.1276695774621583        3.3340979917468432     
   9.8877628123590959        1.1285356783842129        3.3681041168186363     
   9.9034576739660150        1.1293892626146151        3.4011552716678177     
   9.9191525355729340        1.1302299557431101        3.4332319756935537     
   9.9348473971798530        1.1310573890139071        3.4643151357964088     
   9.9505422587867720        1.1318711994874262        3.4943860638373554     
   9.9662371203936910        1.1326710301994971        3.5234264941533522     
   9.9819319820006100        1.1334565303179349        3.5514186011034186     
   9.9976268436075291        1.1342273552964266        3.5783450166175266     
   10.013321705214448        1.1349831670256605        3.6041888477200081     
   10.029016566821367        1.1357236339816326        3.6289336939974715     
   10.044711428428286        1.1364484313710630        3.6525636649804056     
   10.060406290035205        1.1371572412738624        3.6750633974065003     
   10.076101151642124        1.1378497527825806        3.6964180723328806     
   10.091796013249043        1.1385256621387825        3.7166134320632511     
   10.107490874855962        1.1391846728662851        3.7356357968554645     
   10.123185736462881        1.1398264959012030        3.7534720813741842     
   10.138880598069800        1.1404508497187409        3.7701098108527376     
   10.154575459676719        1.1410574604566788        3.7855371369275743     
   10.170270321283638        1.1416460620354987        3.7997428531088797     
   10.185965182890557        1.1422163962750949        3.8127164098500157     
   10.201660044497476        1.1427682130080195        3.8244479291785791     
   10.217354906104395        1.1433012701892165        3.8349282188522502     
   10.233049767711314        1.1438153340021877        3.8441487860019228     
   10.248744629318233        1.1443101789615555        3.8521018502258579     
   10.264439490925152        1.1447855880119657        3.8587803560979466     
   10.280134352532071        1.1452413526232961        3.8641779850547295     
   10.295829214138990        1.1456772728821254        3.8682891666260444     
   10.311524075745909        1.1460931575794207        3.8711090889747646     
   10.327218937352828        1.1464888242944085        3.8726337087126468     
   10.342913798959747        1.1468640994745907        3.8728597599602010     
   10.358608660566667        1.1472188185118704        3.8717847626195963     
   10.374303522173586        1.1475528258147543        3.8694070298313381     
   10.389998383780505        1.1478659748766000        3.8657256745867525     
   10.405693245387424        1.1481581283398798        3.8607406154704664     
   10.421388106994343        1.1484291580564288        3.8544525815078781     
   10.437082968601262        1.1486789451436554        3.8468631160961881     
   10.452777830208181        1.1489073800366880        3.8379745799978080     
   10.468472691815100        1.1491143625364324        3.8277901533785448     
   10.484167553422019        1.1492998018535234        3.8163138368744201     
   10.499862415028938        1.1494636166481478        3.8035504516737184     
   10.515557276635857        1.1496057350657225        3.7895056386032806     
   10.531252138242776        1.1497260947684125        3.7741858562101132     
   10.546946999849695        1.1498246429624743        3.7575983778329358     
   10.562641861456614        1.1499013364214130        3.7397512876597463     
   10.578336723063533        1.1499561415049424        3.7206534757710794     
   10.594031584670452        1.1499890341737422        3.7003146321710876     
   10.609726446277371        1.1500000000000001        3.6787452398104890     
   10.625421307884290        1.1499890341737427        3.6559565666101670     
   10.641116169491209        1.1499561415049435        3.6319606564941118     
   10.656811031098128        1.1499013364214143        3.6067703194457574     
   10.672505892705047        1.1498246429624763        3.5803991206027526     
   10.688200754311966        1.1497260947684151        3.5528613684084789     
   10.703895615918885        1.1496057350657256        3.5241721018409597     
   10.719590477525804        1.1494636166481513        3.4943470767427196     
   10.735285339132723        1.1492998018535274        3.4634027512769241     
   10.750980200739642        1.1491143625364368        3.4313562705381719     
   10.766675062346561        1.1489073800366929        3.3982254503478582     
   10.782369923953480        1.1486789451436610        3.3640287602669865     
   10.798064785560399        1.1484291580564348        3.3287853058603032     
   10.813759647167318        1.1481581283398863        3.2925148102485546     
   10.829454508774237        1.1478659748766071        3.2552375949865962     
   10.845149370381156        1.1475528258147616        3.2169745603071682     
   10.860844231988075        1.1472188185118783        3.1777471647715654     
   10.876539093594994        1.1468640994745991        3.1375774043693956     
   10.892233955201913        1.1464888242944173        3.0964877911113353     
   10.907928816808832        1.1460931575794300        3.0545013311592810     
   10.923623678415751        1.1456772728821354        3.0116415025394696     
   10.939318540022670        1.1452413526233065        2.9679322324844093     
   10.955013401629589        1.1447855880119764        2.9233978744506701     
   10.970708263236508        1.1443101789615668        2.8780631848589402     
   10.986403124843427        1.1438153340021995        2.8319532996036871     
   11.002097986450346        1.1433012701892284        2.7850937103797180     
   11.017792848057265        1.1427682130080321        2.7375102408718339     
   11.033487709664184        1.1422163962751077        2.6892290228549975     
   11.049182571271103        1.1416460620355122        2.6402764722505747     
   11.064877432878022        1.1410574604566928        2.5906792651840687     
   11.080572294484941        1.1404508497187551        2.5404643140893381     
   11.096267156091860        1.1398264959012179        2.4896587439028757     
   11.111962017698779        1.1391846728663002        2.4382898683905081     
   11.127656879305698        1.1385256621387978        2.3863851666486329     
   11.143351740912617        1.1378497527825966        2.3339722598196557     
   11.159046602519537        1.1371572412738786        2.2810788880603790     
   11.174741464126456        1.1364484313710796        2.2277328878011371     
   11.190436325733375        1.1357236339816494        2.1739621693305606     
   11.206131187340294        1.1349831670256778        2.1197946947404018     
   11.221826048947213        1.1342273552964441        2.0652584562623502     
   11.237520910554132        1.1334565303179529        2.0103814550271819     
   11.253215772161051        1.1326710301995155        1.9551916802746223     
   11.268910633767970        1.1318711994874449        1.8997170890404238     
   11.284605495374889        1.1310573890139262        1.8439855863450216     
   11.300300356981808        1.1302299557431295        1.7880250059061213     
   11.315995218588727        1.1293892626146347        1.7318630913960189     
   11.331690080195646        1.1285356783842329        1.6755274782614404     
   11.347384941802565        1.1276695774621786        1.6190456761225169     
   11.363079803409484        1.1267913397489613        1.5624450517651971     
   11.378774665016403        1.1259013504686681        1.5057528127390745     
   11.394469526623322        1.1250000000000118        1.4489959915708872     
   11.410164388230241        1.1240876837050979        1.3922014306021511     
   11.425859249837160        1.1231648017560052        1.3353957674566632     
   11.441554111444079        1.1222317589592588        1.2786054211430271     
   11.457248973050998        1.1212889645782660        1.2218565787936559     
   11.472943834657917        1.1203368321538028        1.1651751830422210     
   11.488638696264836        1.1193757793226180        1.1085869200371485     
   11.504333557871755        1.1184062276342468        1.0521172080896730     
   11.520028419478674        1.1174286023661038       0.99579118695141866     
   11.535723281085593        1.1164433323369423       0.93963370771564347     
   11.551418142692512        1.1154508497187607       0.88366932333543269     
   11.567113004299431        1.1144515898472371       0.82792227974935839     
   11.582807865906350        1.1134459910307768       0.77241650760525238     
   11.598502727513269        1.1124344943582565       0.71717561457061618     
   11.614197589120188        1.1114175435055464       0.66222287821720693     
   11.629892450727107        1.1103955845409017       0.60758123946674270     
   11.645587312334026        1.1093690657293003       0.55327329658313851     
   11.661282173940945        1.1083384373358192       0.49932129969611505     
   11.676977035547864        1.1073041514281348       0.44574714584024056     
   11.692671897154783        1.1062666616782293       0.39257237449252524     
   11.708366758761702        1.1052264231633968       0.33981816359148409     
   11.724061620368621        1.1041838921666300       0.28750532601953083     
   11.739756481975540        1.1031395259764800       0.23565430653053351     
   11.755451343582459        1.1020937826864743       0.18428517910381506     
   11.771146205189378        1.1010471209941821       0.13341764470556533     
   11.786841066796297        1.1000000000000145        8.3071029438311725E-002
   11.802535928403216        1.0989528790058465        3.3264283059219107E-002
   11.818230790010135        1.0979062173135545       -1.5984022152158540E-002
   11.833925651617054        1.0968604740235488       -6.4655692196745093E-002
   11.849620513223973        1.0958161078333988      -0.11273291184798416     
   11.865315374830892        1.0947735768366318      -0.16019824485327883     
   11.881010236437811        1.0937333383217993      -0.20703463386344029     
   11.896705098044730        1.0926958485718938      -0.25322540010943229     
   11.912399959651649        1.0916615626642094      -0.29875424284492558     
   11.928094821258568        1.0906309342707281      -0.34360523857324182     
   11.943789682865487        1.0896044154591265      -0.38776284007655321     
   11.959484544472406        1.0885824564944815      -0.43121187526512622     
   11.975179406079326        1.0875655056417715      -0.47393754586378672     
   11.990874267686245        1.0865540089692509      -0.51592542595224422     
   12.006569129293164        1.0855484101527906      -0.55716146037579983     
   12.022263990900083        1.0845491502812667      -0.59763196304176203     
   12.037958852507002        1.0835566676630848      -0.63732361511715641     
   12.053653714113921        1.0825713976339233      -0.67622346314201853     
   12.069348575720840        1.0815937723657800      -0.71431891707251349     
   12.085043437327759        1.0806242206774088      -0.75159774826715053     
   12.100738298934678        1.0796631678462236      -0.78804808742896193     
   12.116433160541597        1.0787110354217599      -0.82365842251567079     
   12.132128022148516        1.0777682410407672      -0.85841759662980754     
   12.147822883755435        1.0768351982440203      -0.89231480589904355     
   12.163517745362354        1.0759123162949276      -0.92533959735747884     
   12.179212606969273        1.0750000000000131      -0.95748186683735848     
   12.194907468576192        1.0740986495313565      -0.98873185688009468     
   12.210602330183111        1.0732086602510631       -1.0190801546750698     
   12.226297191790030        1.0723304225378456       -1.0485176900337609     
   12.241992053396949        1.0714643216157911       -1.0770357334064413     
   12.257686915003868        1.0706107373853886       -1.1046258939476856     
   12.273381776610787        1.0697700442568934       -1.1312801176367497     
   12.289076638217706        1.0689426109860964       -1.1569906854579031     
   12.304771499824625        1.0681288005125773       -1.1817502116454650     
   12.320466361431544        1.0673289698005064       -1.2055516419975614     
   12.336161223038463        1.0665434696820686       -1.2283882522621659     
   12.351856084645382        1.0657726447035769       -1.2502536465984331     
   12.367550946252301        1.0650168329743428       -1.2711417561158009     
   12.383245807859220        1.0642763660183707       -1.2910468374925870     
   12.398940669466139        1.0635515686289401       -1.3099634716760056     
   12.414635531073058        1.0628427587261406       -1.3278865626641017     
   12.430330392679977        1.0621502472174225       -1.3448113363703640     
   12.446025254286896        1.0614743378612206       -1.3607333395711865     
   12.461720115893815        1.0608153271337177       -1.3756484389356218     
   12.477414977500734        1.0601735040987998       -1.3895528201369609     
   12.493109839107653        1.0595491502812620       -1.4024429870448432     
   12.508804700714572        1.0589425395433238       -1.4143157609966015     
   12.524499562321491        1.0583539379645037       -1.4251682801458865     
   12.540194423928410        1.0577836037249078       -1.4349979988866175     
   12.555889285535329        1.0572317869919829       -1.4438026873498415     
   12.571584147142248        1.0566987298107859       -1.4515804309706215     
   12.587279008749167        1.0561846659978145       -1.4583296301223669     
   12.602973870356086        1.0556898210384467       -1.4640489998150679     
   12.618668731963005        1.0552144119880364       -1.4687375694543214     
   12.634363593569924        1.0547586473767059       -1.4723946826574346     
   12.650058455176843        1.0543227271178766       -1.4750199971227886     
   12.665753316783762        1.0539068424205813       -1.4766134845486953     
   12.681448178390681        1.0535111757055935       -1.4771754305975111     
   12.697143039997600        1.0531359005254111       -1.4767064349009043     
   12.712837901604519        1.0527811814881314       -1.4752074111019389     
   12.728532763211438        1.0524471741852475       -1.4726795869296214     
   12.744227624818357        1.0521340251234013       -1.4691245043014103     
   12.759922486425276        1.0518418716601214       -1.4645440194490671     
   12.775617348032196        1.0515708419435725       -1.4589403030636416     
   12.791312209639115        1.0513210548563459       -1.4523158404544028     
   12.807007071246034        1.0510926199633133       -1.4446734317177812     
   12.822701932852953        1.0508856374635687       -1.4360161919111569     
   12.838396794459872        1.0507001981464776       -1.4263475512273105     
   12.854091656066791        1.0505363833518531       -1.4156712551646762     
   12.869786517673710        1.0503942649342783       -1.4039913646891824     
   12.885481379280629        1.0502739052315881       -1.3913122563829117     
   12.901176240887548        1.0501753570375263       -1.3776386225753483     
   12.916871102494467        1.0500986635785876       -1.3629754714529465     
   12.932565964101386        1.0500438584950578       -1.3473281271425208     
   12.948260825708305        1.0500109658262582       -1.3307022297646234     
   12.963955687315224        1.0500000000000000       -1.3131037354525781     
   12.979650548922143        1.0500109658262575       -1.2945389163333221     
   12.995345410529062        1.0500438584950564       -1.2750143604663673     
   13.011040272135981        1.0500986635785854       -1.2545369717367965     
   13.026735133742900        1.0501753570375234       -1.2331139696991249     
   13.042429995349819        1.0502739052315846       -1.2107528893682771     
   13.058124856956738        1.0503942649342741       -1.1874615809544091     
   13.073819718563657        1.0505363833518482       -1.1632482095385335     
   13.089514580170576        1.0507001981464721       -1.1381212546855348     
   13.105209441777495        1.0508856374635624       -1.1120895099921972     
   13.120904303384414        1.0510926199633064       -1.0851620825668606     
   13.136599164991333        1.0513210548563383       -1.0573483924386149     
   13.152294026598252        1.0515708419435643       -1.0286581718931451     
   13.167988888205171        1.0518418716601126      -0.99910146473310835     
   13.183683749812090        1.0521340251233919      -0.96868862546071199     
   13.199378611419009        1.0524471741852373      -0.93743031838053836     
   13.215073473025928        1.0527811814881205      -0.90533751662042838     
   13.230768334632847        1.0531359005253995      -0.87242150106895044     
   13.246463196239766        1.0535111757055813      -0.83869385922746009     
   13.262158057846685        1.0539068424205684      -0.80416648397529711     
   13.277852919453604        1.0543227271178630      -0.76885157224674061     
   13.293547781060523        1.0547586473766919      -0.73276162361815744     
   13.309242642667442        1.0552144119880218      -0.69590943880431844     
   13.324937504274361        1.0556898210384313      -0.65830811806258993     
   13.340632365881280        1.0561846659977987      -0.61997105950386100     
   13.356327227488199        1.0566987298107695      -0.58091195730945344     
   13.372022089095118        1.0572317869919658      -0.54114479985276465     
   13.387716950702037        1.0577836037248900      -0.50068386772494711     
   13.403411812308956        1.0583539379644855      -0.45954373166386159     
   13.419106673915875        1.0589425395433050      -0.41773925038523196     
   13.434801535522794        1.0595491502812424      -0.37528556831556426     
   13.450496397129713        1.0601735040987796      -0.33219811322576859     
   13.466191258736632        1.0608153271336973      -0.28849259376500708     
   13.481886120343551        1.0614743378611995      -0.24418499689383746     
   13.497580981950470        1.0621502472174009      -0.19929158521579940     
   13.513275843557389        1.0628427587261187      -0.15382889420691426     
   13.528970705164308        1.0635515686289174      -0.10781372934194040     
   13.544665566771227        1.0642763660183476       -6.1263163116620112E-002
   13.560360428378146        1.0650168329743193       -1.4194531965016495E-002
   13.576055289985065        1.0657726447035529        3.3374566929461204E-002
   13.591750151591985        1.0665434696820442        8.1426278930050430E-002
   13.607445013198904        1.0673289698004813       0.12994249535124153     
   13.623139874805823        1.0681288005125520       0.17890485697338529     
   13.638834736412742        1.0689426109860707       0.22829475766842844     
   13.654529598019661        1.0697700442568672       0.27809334813897074     
   13.670224459626580        1.0706107373853619       0.32828153977217606     
   13.685919321233499        1.0714643216157638       0.37884000861033634     
   13.701614182840418        1.0723304225378179       0.42974919944061307     
   13.717309044447337        1.0732086602510351       0.48098933000602018     
   13.733003906054256        1.0740986495313283       0.53254039534016739     
   13.748698767661175        1.0749999999999846       0.58438217222867983     
   13.764393629268094        1.0759123162948985       0.63649422379986342     
   13.780088490875013        1.0768351982439910       0.68885590424818832     
   13.795783352481932        1.0777682410407374       0.74144636369351458     
   13.811478214088851        1.0787110354217302       0.79424455317981946     
   13.827173075695770        1.0796631678461936       0.84722922981727067     
   13.842867937302689        1.0806242206773782       0.90037896207151025     
   13.858562798909608        1.0815937723657492       0.95367213520455574     
   13.874257660516527        1.0825713976338922        1.0070869568714711     
   13.889952522123446        1.0835566676630537        1.0606014628778422     
   13.905647383730365        1.0845491502812354        1.1141935231026496     
   13.921342245337284        1.0855484101527590        1.1678408475918698     
   13.937037106944203        1.0865540089692192        1.2215209928278350     
   13.952731968551122        1.0875655056417395        1.2752113681800579     
   13.968426830158041        1.0885824564944495        1.3288892425430099     
   13.984121691764960        1.0896044154590940        1.3825317511666515     
   13.999816553371879        1.0906309342706957        1.4361159026860195     
   14.015511414978798        1.0916615626641768        1.4896185863552052     
   14.031206276585717        1.0926958485718612        1.5430165794927246     
   14.046901138192636        1.0937333383217664        1.5962865551440213     
   14.062595999799555        1.0947735768365989        1.6494050899675139     
   14.078290861406474        1.0958161078333657        1.7023486723505945     
   14.093985723013393        1.0968604740235157        1.7550937107618845     
   14.109680584620312        1.0979062173135217        1.8076165423460018     
   14.125375446227231        1.0989528790058136        1.8598934417669426     
