   1.3988060131046269E-002   1.1000000000000001        6.2625982240041695     
   2.7976120262092539E-002   1.1010471209941679        6.2834221022654457     
   4.1964180393138810E-002   1.1020937826864601        6.3042609245366821     
   5.5952240524185078E-002   1.1031395259764658        6.3250838052010003     
   6.9940300655231352E-002   1.1041838921666158        6.3458599696402924     
   8.3928360786277620E-002   1.1052264231633828        6.3665587630589942     
   9.7916420917323888E-002   1.1062666616782153        6.3871496596159174     
  0.11190448104837016        1.1073041514281208        6.4076022718693437     
  0.12589254117941642        1.1083384373358052        6.4278863605384293     
  0.13988060131046270        1.1093690657292863        6.4479718445850622     
  0.15386866144150899        1.1103955845408882        6.4678288116181202     
  0.16785672157255527        1.1114175435055329        6.4874275286228764     
  0.18184478170360155        1.1124344943582429        6.5067384530166237     
  0.19583284183464783        1.1134459910307635        6.5257322440310057     
  0.20982090196569411        1.1144515898472236        6.5443797744209071     
  0.22380896209674039        1.1154508497187474        6.5626521424990560     
  0.23779702222778668        1.1164433323369292        6.5805206844937203     
  0.25178508235883296        1.1174286023660909        6.5979569872268415     
  0.26577314248987921        1.1184062276342339        6.6149329011085864     
  0.27976120262092546        1.1193757793226053        6.6314205534427835     
  0.29374926275197172        1.1203368321537901        6.6473923620372055     
  0.30773732288301797        1.1212889645782538        6.6628210491111224     
  0.32172538301406423        1.1222317589592465        6.6776796554913931     
  0.33571344314511048        1.1231648017559932        6.6919415550871184     
  0.34970150327615673        1.1240876837050859        6.7055804696315553     
  0.36368956340720299        1.1250000000000000        6.7185704836787208     
  0.37767762353824924        1.1259013504686566        6.7308860598406550     
  0.39166568366929549        1.1267913397489500        6.7425020542500107     
  0.40565374380034175        1.1276695774621672        6.7533937322312472     
  0.41964180393138800        1.1285356783842218        6.7635367841624294     
  0.43362986406243426        1.1293892626146238        6.7729073415076737     
  0.44761792419348051        1.1302299557431188        6.7814819929996775     
  0.46160598432452676        1.1310573890139155        6.7892378009498913     
  0.47559404445557302        1.1318711994874346        6.7961523176623402     
  0.48958210458661927        1.1326710301995053        6.8022036019262275     
  0.50357016471766558        1.1334565303179429        6.8073702355609438     
  0.51755822484871183        1.1342273552964346        6.8116313399853894     
  0.53154628497975809        1.1349831670256683        6.8149665927827972     
  0.54553434511080434        1.1357236339816403        6.8173562442312052     
  0.55952240524185060        1.1364484313710705        6.8187811337673860     
  0.57351046537289685        1.1371572412738697        6.8192227063527939     
  0.58749852550394310        1.1378497527825879        6.8186630287073315     
  0.60148658563498936        1.1385256621387896        6.8170848053768491     
  0.61547464576603561        1.1391846728662920        6.8144713945994839     
  0.62946270589708186        1.1398264959012099        6.8108068239344801     
  0.64345076602812812        1.1404508497187476        6.8060758056170378     
  0.65743882615917437        1.1410574604566852        6.8002637516024649     
  0.67142688629022063        1.1416460620355051        6.7933567882616606     
  0.68541494642126688        1.1422163962751009        6.7853417706905068     
  0.69940300655231313        1.1427682130080254        6.7762062965951992     
  0.71339106668335939        1.1433012701892220        6.7659387197154164     
  0.72737912681440564        1.1438153340021933        6.7545281627476532     
  0.74136718694545189        1.1443101789615608        6.7419645297311392     
  0.75535524707649815        1.1447855880119708        6.7282385178589941     
  0.76934330720754440        1.1452413526233010        6.7133416286781733     
  0.78333136733859066        1.1456772728821301        6.6972661786420948     
  0.79731942746963691        1.1460931575794251        6.6800053089809239     
  0.81130748760068316        1.1464888242944127        6.6615529948551702     
  0.82529554773172942        1.1468640994745947        6.6419040537598697     
  0.83928360786277567        1.1472188185118741        6.6210541531473801     
  0.85327166799382193        1.1475528258147578        6.5989998172384396     
  0.86725972812486818        1.1478659748766034        6.5757384329928890     
  0.88124778825591443        1.1481581283398830        6.5512682552128094     
  0.89523584838696069        1.1484291580564316        6.5255884107527518     
  0.90922390851800694        1.1486789451436581        6.4986989018139356     
  0.92321196864905319        1.1489073800366905        6.4706006083010541     
  0.93720002878009945        1.1491143625364346        6.4412952892225102     
  0.95118808891114570        1.1492998018535254        6.4107855831173479     
  0.96517614904219196        1.1494636166481496        6.3790750074945439     
  0.97916420917323821        1.1496057350657241        6.3461679572724989     
  0.99315226930428446        1.1497260947684138        6.3120697022094401     
   1.0071403294353307        1.1498246429624752        6.2767863833177762     
   1.0211283895663770        1.1499013364214137        6.2403250082584565     
   1.0351164496974232        1.1499561415049431        6.2026934457133986     
   1.0491045098284695        1.1499890341737424        6.1639004187378497     
   1.0630925699595157        1.1500000000000001        6.1239554970961931     
   1.0770806300905620        1.1499890341737424        6.0828690885882617     
   1.0910686902216082        1.1499561415049431        6.0406524293752577     
   1.1050567503526545        1.1499013364214137        5.9973175733182895     
   1.1190448104837007        1.1498246429624752        5.9528773803437618     
   1.1330328706147470        1.1497260947684138        5.9073455038536631     
   1.1470209307457933        1.1496057350657241        5.8607363772007375     
   1.1610089908768395        1.1494636166481496        5.8130651992518629     
   1.1749970510078858        1.1492998018535254        5.7643479190642779     
   1.1889851111389320        1.1491143625364346        5.7146012197028577     
   1.2029731712699783        1.1489073800366905        5.6638425012281610     
   1.2169612314010245        1.1486789451436581        5.6120898628875251     
   1.2309492915320708        1.1484291580564316        5.5593620845433627     
   1.2449373516631170        1.1481581283398830        5.5056786073749731     
   1.2589254117941633        1.1478659748766036        5.4510595138918463     
   1.2729134719252095        1.1475528258147578        5.3955255072978616     
   1.2869015320562558        1.1472188185118741        5.3390978902481780     
   1.3008895921873020        1.1468640994745947        5.2817985430406837     
   1.3148776523183483        1.1464888242944127        5.2236499012863682     
   1.3288657124493946        1.1460931575794251        5.1646749331030710     
   1.3428537725804408        1.1456772728821303        5.1048971158786074     
   1.3568418327114871        1.1452413526233012        5.0443404126494178     
   1.3708298928425333        1.1447855880119708        4.9830292481421763     
   1.3848179529735796        1.1443101789615608        4.9209884845252230     
   1.3988060131046258        1.1438153340021933        4.8582433969178362     
   1.4127940732356721        1.1433012701892220        4.7948196487047889     
   1.4267821333667183        1.1427682130080254        4.7307432667036924     
   1.4407701934977646        1.1422163962751009        4.6660406162325412     
   1.4547582536288108        1.1416460620355051        4.6007383761240357     
   1.4687463137598571        1.1410574604566854        4.5348635137330726     
   1.4827343738909033        1.1404508497187476        4.4684432599827435     
   1.4967224340219496        1.1398264959012099        4.4015050844936416     
   1.5107104941529959        1.1391846728662922        4.3340766708395702     
   1.5246985542840421        1.1385256621387896        4.2661858919726603     
   1.5386866144150884        1.1378497527825879        4.1978607858585120     
   1.5526746745461346        1.1371572412738700        4.1291295313614347     
   1.5666627346771809        1.1364484313710708        4.0600204244177691     
   1.5806507948082271        1.1357236339816403        3.9905618545342021     
   1.5946388549392734        1.1349831670256685        3.9207822816457365     
   1.6086269150703196        1.1342273552964346        3.8507102133667823     
   1.6226149752013659        1.1334565303179431        3.7803741826666877     
   1.6366030353324121        1.1326710301995053        3.7098027259988702     
   1.6505910954634584        1.1318711994874346        3.6390243619117486     
   1.6645791555945046        1.1310573890139157        3.5680675701661082     
   1.6785672157255509        1.1302299557431190        3.4969607713833906     
   1.6925552758565972        1.1293892626146238        3.4257323072455641     
   1.7065433359876434        1.1285356783842218        3.3544104212666288     
   1.7205313961186897        1.1276695774621674        3.2830232401526165     
   1.7345194562497359        1.1267913397489500        3.2115987557656989     
   1.7485075163807822        1.1259013504686566        3.1401648077055735     
   1.7624955765118284        1.1250000000000002        3.0687490665194055     
   1.7764836366428747        1.1240876837050859        2.9973790175491435     
   1.7904716967739209        1.1231648017559932        2.9260819454243023     
   1.8044597569049672        1.1222317589592465        2.8548849192044430     
   1.8184478170360134        1.1212889645782538        2.7838147781757407     
   1.8324358771670597        1.1203368321537903        2.7128981183026308     
   1.8464239372981059        1.1193757793226053        2.6421612793345637     
   1.8604119974291522        1.1184062276342341        2.5716303325661052     
   1.8744000575601985        1.1174286023660909        2.5013310692464743     
   1.8883881176912447        1.1164433323369294        2.4312889896339636     
   1.9023761778222910        1.1154508497187476        2.3615292926880405     
   1.9163642379533372        1.1144515898472238        2.2920768663915885     
   1.9303522980843835        1.1134459910307635        2.2229562786937529     
   1.9443403582154297        1.1124344943582429        2.1541917690624905     
   1.9583284183464760        1.1114175435055329        2.0858072406356802     
   1.9723164784775222        1.1103955845408882        2.0178262529571005     
   1.9863045386085685        1.1093690657292865        1.9502720152840303     
   2.0002925987396147        1.1083384373358054        1.8831673804513349     
   2.0142806588706610        1.1073041514281208        1.8165348392763860     
   2.0282687190017072        1.1062666616782155        1.7503965154884913     
   2.0422567791327535        1.1052264231633828        1.6847741611657352     
   2.0562448392637998        1.1041838921666161        1.6196891526615522     
   2.0702328993948460        1.1031395259764658        1.5551624870027794     
   2.0842209595258923        1.1020937826864603        1.4912147787408390     
   2.0982090196569385        1.1010471209941681        1.4278662572367884     
   2.1121970797879848        1.1000000000000003        1.3651367643612831     
   2.1261851399190310        1.0989528790058325        1.3030457525899437     
   2.1401732000500773        1.0979062173135403        1.2416122834744310     
   2.1541612601811235        1.0968604740235346        1.1808550264700151     
   2.1681493203121698        1.0958161078333846        1.1207922580996057     
   2.1821373804432160        1.0947735768366176        1.0614418614348524     
   2.1961254405742623        1.0937333383217851        1.0028213258751135     
   2.2101135007053085        1.0926958485718796       0.94494774720458263     
   2.2241015608363548        1.0916615626641952       0.88783782790916477     
   2.2380896209674010        1.0906309342707141       0.83150787773361623     
   2.2520776810984473        1.0896044154591122       0.77597381446124425     
   2.2660657412294936        1.0885824564944675       0.72125116489766627     
   2.2800538013605398        1.0875655056417575       0.66735506604096750     
   2.2940418614915861        1.0865540089692369       0.61430026642144664     
   2.3080299216226323        1.0855484101527766       0.56210112759352338     
   2.3220179817536786        1.0845491502812528       0.51077162576422752     
   2.3360060418847248        1.0835566676630710       0.46032535354210125     
   2.3499941020157711        1.0825713976339095       0.41077552179138915     
   2.3639821621468173        1.0815937723657663       0.36213496157704250     
   2.3779702222778636        1.0806242206773951       0.31441612618642972     
   2.3919582824089098        1.0796631678462103       0.26763109321411666     
   2.4059463425399561        1.0787110354217466       0.22179156669719044     
   2.4199344026710023        1.0777682410407539       0.17690887928876281     
   2.4339224628020486        1.0768351982440072       0.13299399445785121     
   2.4479105229330949        1.0759123162949145        9.0057508705127159E-002
   2.4618985830641411        1.0750000000000002        4.8109653783727183E-002
   2.4758866431951874        1.0740986495313438        7.1602989157444202E-003
   2.4898747033262336        1.0732086602510504       -3.2781047004853528E-002
   2.5038627634572799        1.0723304225378330       -7.1705233231210433E-002
   2.5178508235883261        1.0714643216157786      -0.10960346501245492     
   2.5318388837193724        1.0706107373853766      -0.14646730147948236     
   2.5458269438504186        1.0697700442568814      -0.18228865357445456     
   2.5598150039814649        1.0689426109860847      -0.21705978202984588     
   2.5738030641125111        1.0681288005125658      -0.25077329540260396     
   2.5877911242435574        1.0673289698004951      -0.28342214816826211     
   2.6017791843746036        1.0665434696820573      -0.31499963887919941     
   2.6157672445056499        1.0657726447035658      -0.34549940839093729     
   2.6297553046366962        1.0650168329743319      -0.37491543815966411     
   2.6437433647677424        1.0642763660183601      -0.40324204861352625     
   2.6577314248987887        1.0635515686289296      -0.43047389760023291     
   2.6717194850298349        1.0628427587261304      -0.45660597891237453     
   2.6857075451608812        1.0621502472174125      -0.48163362089186584     
   2.6996956052919274        1.0614743378612108      -0.50555248511443562     
   2.7136836654229737        1.0608153271337082      -0.52835856515435220     
   2.7276717255540199        1.0601735040987903      -0.55004818542945366     
   2.7416597856850662        1.0595491502812528      -0.57061800012616626     
   2.7556478458161124        1.0589425395433150      -0.59006499220372377     
   2.7696359059471587        1.0583539379644953      -0.60838647247622091     
   2.7836239660782049        1.0577836037248995      -0.62558007877146915     
   2.7976120262092512        1.0572317869919750      -0.64164377516450599     
   2.8116000863402975        1.0566987298107782      -0.65657585128392537     
   2.8255881464713437        1.0561846659978069      -0.67037492168862434     
   2.8395762066023900        1.0556898210384396      -0.68303992531240088     
   2.8535642667334362        1.0552144119880296      -0.69457012497357240     
   2.8675523268644825        1.0547586473766992      -0.70496510694656389     
   2.8815403869955287        1.0543227271178701      -0.71422478059222605     
   2.8955284471265750        1.0539068424205751      -0.72234937804354848     
   2.9095165072576212        1.0535111757055875      -0.72933945394311495     
   2.9235045673886675        1.0531359005254055      -0.73519588522858925     
   2.9374926275197137        1.0527811814881260      -0.73991987096239165     
   2.9514806876507600        1.0524471741852426      -0.74351293220164283     
   2.9654687477818062        1.0521340251233968      -0.74597691190422499     
   2.9794568079128525        1.0518418716601172      -0.74731397486694928     
   2.9934448680438988        1.0515708419435685      -0.74752660769158841     
   3.0074329281749450        1.0513210548563421      -0.74661761877444299     
   3.0214209883059913        1.0510926199633099      -0.74459013831530052     
   3.0354090484370375        1.0508856374635658      -0.74144761834152484     
   3.0493971085680838        1.0507001981464750      -0.73719383274253381     
   3.0633851686991300        1.0505363833518506      -0.73183287731119684     
   3.0773732288301763        1.0503942649342761      -0.72536916978686372     
   3.0913612889612225        1.0502739052315864      -0.71780744989675782     
   3.1053493490922688        1.0501753570375250      -0.70915277939063182     
   3.1193374092233150        1.0500986635785865      -0.69941054206522124     
   3.1333254693543613        1.0500438584950571      -0.68858644377392686     
   3.1473135294854075        1.0500109658262577      -0.67668651241794675     
   3.1613015896164538        1.0500000000000000      -0.66371709791476652     
   3.1752896497475001        1.0500109658262577      -0.64968487214012471     
   3.1892777098785463        1.0500438584950571      -0.63459682883984125     
   3.2032657700095926        1.0500986635785865      -0.61846028350749005     
   3.2172538301406388        1.0501753570375247      -0.60128287322466367     
   3.2312418902716851        1.0502739052315864      -0.58307255646008127     
   3.2452299504027313        1.0503942649342761      -0.56383761282439404     
   3.2592180105337776        1.0505363833518506      -0.54358664277719548     
   3.2732060706648238        1.0507001981464748      -0.52232856728318955     
   3.2871941307958701        1.0508856374635656      -0.50007262741465930     
   3.3011821909269163        1.0510926199633097      -0.47682838389698412     
   3.3151702510579626        1.0513210548563421      -0.45260571659465965     
   3.3291583111890088        1.0515708419435685      -0.42741482393518992     
   3.3431463713200551        1.0518418716601170      -0.40126622226806258     
   3.3571344314511014        1.0521340251233966      -0.37417074515657961     
   3.3711224915821476        1.0524471741852424      -0.34613954260013807     
   3.3851105517131939        1.0527811814881260      -0.31718408018486127     
   3.3990986118442401        1.0531359005254055      -0.28731613816028967     
   3.4130866719752864        1.0535111757055875      -0.25654781044024821     
   3.4270747321063326        1.0539068424205749      -0.22489150352612111     
   3.4410627922373789        1.0543227271178699      -0.19235993535046975     
   3.4550508523684251        1.0547586473766990      -0.15896613403955784     
   3.4690389124994714        1.0552144119880293      -0.12472343659290304     
   3.4830269726305176        1.0556898210384391       -8.9645487478505023E-002
   3.4970150327615639        1.0561846659978067       -5.3746237142122108E-002
   3.5110030928926101        1.0566987298107779       -1.7039940429357001E-002
   3.5249911530236564        1.0572317869919745        2.0458845081054038E-002
   3.5389792131547027        1.0577836037248991        5.8735260834024458E-002
   3.5529672732857489        1.0583539379644951        9.7774149145994901E-002
   3.5669553334167952        1.0589425395433147       0.13756005514559130     
   3.5809433935478414        1.0595491502812526       0.17807722880812829     
   3.5949314536788877        1.0601735040987901       0.21930962708515706     
   3.6089195138099339        1.0608153271337080       0.26124091613040162     
   3.6229075739409802        1.0614743378612104       0.30385447362343337     
   3.6368956340720264        1.0621502472174120       0.34713339119227687     
   3.6508836942030727        1.0628427587261302       0.39106047693639712     
   3.6648717543341189        1.0635515686289294       0.43561825805148663     
   3.6788598144651652        1.0642763660183596       0.48078898355738858     
   3.6928478745962114        1.0650168329743317       0.52655462713106216     
   3.7068359347272577        1.0657726447035654       0.57289689004563371     
   3.7208239948583040        1.0665434696820570       0.61979720421807649     
   3.7348120549893502        1.0673289698004946       0.66723673536655836     
   3.7488001151203965        1.0681288005125653       0.71519638628010285     
   3.7627881752514427        1.0689426109860845       0.76365680020224891     
   3.7767762353824890        1.0697700442568812       0.81259836433110944     
   3.7907642955135352        1.0706107373853762       0.86200121343837266     
   3.8047523556445815        1.0714643216157782       0.91184523360956427     
   3.8187404157756277        1.0723304225378327       0.96211006610855387     
   3.8327284759066740        1.0732086602510500        1.0127751113688761     
   3.8467165360377202        1.0740986495313434        1.0638195331157481     
   3.8607045961687665        1.0749999999999997        1.1152222626209924     
   3.8746926562998127        1.0759123162949140        1.1669620030954491     
   3.8886807164308590        1.0768351982440068        1.2190172342218693     
   3.9026687765619053        1.0777682410407534        1.2713662168326381     
   3.9166568366929515        1.0787110354217462        1.3239869977362537     
   3.9306448968239978        1.0796631678462099        1.3768574146970864     
   3.9446329569550440        1.0806242206773946        1.4299551015728920     
   3.9586210170860903        1.0815937723657658        1.4832574936149840     
   3.9726090772171365        1.0825713976339091        1.5367418329359885     
   3.9865971373481828        1.0835566676630706        1.5903851741504422     
   4.0005851974792295        1.0845491502812523        1.6441643901937801     
   4.0145732576102757        1.0855484101527761        1.6980561783251242     
   4.0285613177413220        1.0865540089692365        1.7520370663197899     
   4.0425493778723682        1.0875655056417570        1.8060834188577124     
   4.0565374380034145        1.0885824564944671        1.8601714441135362     
   4.0705254981344607        1.0896044154591118        1.9142772005550381     
   4.0845135582655070        1.0906309342707137        1.9683766039560942     
   4.0985016183965532        1.0916615626641948        2.0224454346307827     
   4.1124896785275995        1.0926958485718792        2.0764593448954587     
   4.1264777386586458        1.0937333383217847        2.1303938667650710     
   4.1404657987896920        1.0947735768366171        2.1842244198909095     
   4.1544538589207383        1.0958161078333841        2.2379263197462556     
   4.1684419190517845        1.0968604740235341        2.2914747860666220     
   4.1824299791828308        1.0979062173135399        2.3448449515515621     
   4.1964180393138770        1.0989528790058318        2.3980118708341656     
   4.2104060994449233        1.0999999999999999        2.4509505297252239     
   4.2243941595759695        1.1010471209941677        2.5036358547377064     
   4.2383822197070158        1.1020937826864599        2.5560427228982325     
   4.2523702798380620        1.1031395259764654        2.6081459718510174     
   4.2663583399691083        1.1041838921666156        2.6599204102597356     
   4.2803464001001545        1.1052264231633824        2.7113408285127014     
   4.2943344602312008        1.1062666616782151        2.7623820097360317     
   4.3083225203622471        1.1073041514281203        2.8130187411189129     
   4.3223105804932933        1.1083384373358049        2.8632258255551921     
   4.3362986406243396        1.1093690657292861        2.9129780936040026     
   4.3502867007553858        1.1103955845408877        2.9622504157726497     
   4.3642747608864321        1.1114175435055325        3.0110177151231468     
   4.3782628210174783        1.1124344943582425        3.0592549802041691     
   4.3922508811485246        1.1134459910307630        3.1069372783085267     
   4.4062389412795708        1.1144515898472234        3.1540397690558875     
   4.4202270014106171        1.1154508497187472        3.2005377182997243     
   4.4342150615416633        1.1164433323369289        3.2464065123558687     
   4.4482031216727096        1.1174286023660907        3.2916216725498750     
   4.4621911818037558        1.1184062276342337        3.3361588700787350     
   4.4761792419348021        1.1193757793226049        3.3799939411816333     
   4.4901673020658484        1.1203368321537899        3.4231029026133015     
   4.5041553621968946        1.1212889645782533        3.4654619674121432     
   4.5181434223279409        1.1222317589592461        3.5070475609546041     
   4.5321314824589871        1.1231648017559930        3.5478363372850170     
   4.5461195425900334        1.1240876837050855        3.5878051957098465     
   4.5601076027210796        1.1249999999999998        3.6269312976434791     
   4.5740956628521259        1.1259013504686564        3.6651920836910672     
   4.5880837229831721        1.1267913397489495        3.7025652909530700     
   4.6020717831142184        1.1276695774621670        3.7390289705345174     
   4.6160598432452646        1.1285356783842213        3.7745615052403916     
   4.6300479033763109        1.1293892626146236        3.8091416274374201     
   4.6440359635073571        1.1302299557431186        3.8427484370608846     
   4.6580240236384034        1.1310573890139153        3.8753614197442707     
   4.6720120837694497        1.1318711994874344        3.9069604650468142     
   4.6860001439004959        1.1326710301995051        3.9375258847543648     
   4.6999882040315422        1.1334565303179427        3.9670384312262876     
   4.7139762641625884        1.1342273552964341        3.9954793157605053     
   4.7279643242936347        1.1349831670256680        4.0228302269472573     
   4.7419523844246809        1.1357236339816401        4.0490733489810777     
   4.7559404445557272        1.1364484313710705        4.0741913798992035     
   4.7699285046867734        1.1371572412738695        4.0981675497135805     
   4.7839165648178197        1.1378497527825877        4.1209856384029715     
   4.7979046249488659        1.1385256621387894        4.1426299937297761     
   4.8118926850799122        1.1391846728662918        4.1630855488467073     
   4.8258807452109584        1.1398264959012097        4.1823378396565971     
   4.8398688053420047        1.1404508497187473        4.2003730218883977     
   4.8538568654730510        1.1410574604566850        4.2171778878518875     
   4.8678449256040972        1.1416460620355049        4.2327398828335792     
   4.8818329857351435        1.1422163962751006        4.2470471210948562     
   4.8958210458661897        1.1427682130080252        4.2600884014349614     
   4.9098091059972360        1.1433012701892218        4.2718532222794856     
   4.9237971661282822        1.1438153340021930        4.2823317962570373     
   4.9377852262593285        1.1443101789615606        4.2915150642252291     
   4.9517732863903747        1.1447855880119706        4.2993947087091033     
   4.9657613465214210        1.1452413526233010        4.3059631667143226     
   4.9797494066524672        1.1456772728821301        4.3112136418790934     
   4.9937374667835135        1.1460931575794249        4.3151401159292480     
   5.0077255269145597        1.1464888242944125        4.3177373594016357     
   5.0217135870456060        1.1468640994745944        4.3190009416026713     
   5.0357016471766523        1.1472188185118739        4.3189272397697032     
   5.0496897073076985        1.1475528258147576        4.3175134474046368     
   5.0636777674387448        1.1478659748766034        4.3147575817502286     
   5.0776658275697910        1.1481581283398830        4.3106584903821519     
   5.0916538877008373        1.1484291580564316        4.3052158568904861     
   5.1056419478318835        1.1486789451436581        4.2984302056274242     
   5.1196300079629298        1.1489073800366902        4.2903029054993826     
   5.1336180680939760        1.1491143625364344        4.2808361727839852     
   5.1476061282250223        1.1492998018535252        4.2700330729547451     
   5.1615941883560685        1.1494636166481493        4.2578975214988315     
   5.1755822484871148        1.1496057350657238        4.2444342837153028     
   5.1895703086181610        1.1497260947684138        4.2296489734844007     
   5.2035583687492073        1.1498246429624752        4.2135480510002061     
   5.2175464288802536        1.1499013364214137        4.1961388194629325     
   5.2315344890112998        1.1499561415049431        4.1774294207280951     
   5.2455225491423461        1.1499890341737424        4.1574288299144211     
   5.2595106092733923        1.1500000000000001        4.1361468489736808     
   5.2734986694044386        1.1499890341737424        4.1135940992291422     
   5.2874867295354848        1.1499561415049431        4.0897820128915923     
   5.3014747896665311        1.1499013364214137        4.0647228235656057     
   5.3154628497975773        1.1498246429624754        4.0384295557601453     
   5.3294509099286236        1.1497260947684138        4.0109160134210819     
   5.3434389700596698        1.1496057350657241        3.9821967675060517     
   5.3574270301907161        1.1494636166481496        3.9522871426237414     
   5.3714150903217623        1.1492998018535254        3.9212032027630994     
   5.3854031504528086        1.1491143625364346        3.8889617361398945     
   5.3993912105838548        1.1489073800366905        3.8555802391903904     
   5.4133792707149011        1.1486789451436581        3.8210768997442850     
   5.4273673308459474        1.1484291580564316        3.7854705794109158     
   5.4413553909769936        1.1481581283398832        3.7487807952149907     
   5.4553434511080399        1.1478659748766036        3.7110277005195123     
   5.4693315112390861        1.1475528258147578        3.6722320652759191     
   5.4833195713701324        1.1472188185118743        3.6324152556420146     
   5.4973076315011786        1.1468640994745949        3.5915992130107153     
   5.5112956916322249        1.1464888242944129        3.5498064324931815     
   5.5252837517632711        1.1460931575794253        3.5070599409011129     
   5.5392718118943174        1.1456772728821303        3.4633832742741202     
   5.5532598720253636        1.1452413526233012        3.4188004549983897     
   5.5672479321564099        1.1447855880119708        3.3733359685639934     
   5.5812359922874561        1.1443101789615611        3.3270147400079924     
   5.5952240524185024        1.1438153340021935        3.2798621100911607     
   5.6092121125495487        1.1433012701892222        3.2319038112561196     
   5.6232001726805949        1.1427682130080257        3.1831659434143260     
   5.6371882328116412        1.1422163962751011        3.1336749496093264     
   5.6511762929426874        1.1416460620355053        3.0834575916034495     
   5.6651643530737337        1.1410574604566854        3.0325409254338251     
   5.6791524132047799        1.1404508497187478        2.9809522769838606     
   5.6931404733358262        1.1398264959012101        2.9287192176145940     
   5.7071285334668724        1.1391846728662924        2.8758695398998104     
   5.7211165935979187        1.1385256621387898        2.8224312335073702     
   5.7351046537289649        1.1378497527825882        2.7684324612684921     
   5.7490927138600112        1.1371572412738702        2.7139015354742808     
   5.7630807739910574        1.1364484313710710        2.6588668944387246     
   5.7770688341221037        1.1357236339816406        2.6033570793645868     
   5.7910568942531500        1.1349831670256687        2.5474007115474220     
   5.8050449543841962        1.1342273552964348        2.4910264699515086     
   5.8190330145152425        1.1334565303179434        2.4342630691890723     
   5.8330210746462887        1.1326710301995058        2.3771392379326866     
   5.8470091347773350        1.1318711994874349        2.3196836977886512     
   5.8609971949083812        1.1310573890139159        2.2619251426572218     
   5.8749852550394275        1.1302299557431192        2.2038922186036545     
   5.8889733151704737        1.1293892626146240        2.1456135042615512     
   5.9029613753015200        1.1285356783842220        2.0871174917888302     
   5.9169494354325662        1.1276695774621677        2.0284325683934394     
   5.9309374955636125        1.1267913397489504        1.9695869984448717     
   5.9449255556946587        1.1259013504686570        1.9106089061849032     
   5.9589136158257050        1.1250000000000004        1.8515262590494161     
   5.9729016759567513        1.1240876837050864        1.7923668516104272     
   5.9868897360877975        1.1231648017559936        1.7331582901464380     
   6.0008777962188438        1.1222317589592468        1.6739279778465577     
   6.0148658563498900        1.1212889645782540        1.6147031006523558     
   6.0288539164809363        1.1203368321537905        1.5555106137392731     
   6.0428419766119825        1.1193757793226056        1.4963772286379329     
   6.0568300367430288        1.1184062276342344        1.4373294009940292     
   6.0708180968740750        1.1174286023660913        1.3783933189633706     
   6.0848061570051213        1.1164433323369296        1.3195948922376206     
   6.0987942171361675        1.1154508497187479        1.2609597416944862     
   6.1127822772672138        1.1144515898472240        1.2025131896647823     
   6.1267703373982600        1.1134459910307639        1.1442802508073133     
   6.1407583975293063        1.1124344943582434        1.0862856235816067     
   6.1547464576603526        1.1114175435055333        1.0285536823069037     
   6.1687345177913988        1.1103955845408884       0.97110846979502963     
   6.1827225779224451        1.1093690657292867       0.91397369054379896     
   6.1967106380534913        1.1083384373358056       0.85717270447616578     
   6.2106986981845376        1.1073041514281212       0.80072852121051064     
   6.2246867583155838        1.1062666616782157       0.74466379484544443     
   6.2386748184466301        1.1052264231633833       0.68900081924291112     
   6.2526628785776763        1.1041838921666163       0.63376152379217776     
   6.2666509387087226        1.1031395259764663       0.57896746963694035     
   6.2806389988397688        1.1020937826864605       0.52463984634742222     
   6.2946270589708151        1.1010471209941683       0.47079946901898284     
   6.3086151191018613        1.1000000000000005       0.41746677577833441     
   6.3226031792329076        1.0989528790058327       0.36466182567842842     
   6.3365912393639539        1.0979062173135405       0.31240429696279381     
   6.3505792994950001        1.0968604740235348       0.26071348568026259     
   6.3645673596260464        1.0958161078333848       0.20960830463072841     
   6.3785554197570926        1.0947735768366180       0.15910728262277191     
   6.3925434798881389        1.0937333383217853       0.10922856402431322     
   6.4065315400191851        1.0926958485718801        5.9989908587222536E-002
   6.4205196001502314        1.0916615626641955        1.1408691527194566E-002
   6.4345076602812776        1.0906309342707143       -3.6498096159147002E-002
   6.4484957204123239        1.0896044154591127       -8.3713847158439630E-002
   6.4624837805433701        1.0885824564944677      -0.13022233710346043     
   6.4764718406744164        1.0875655056417579      -0.17600772365200915     
   6.4904599008054626        1.0865540089692374      -0.22105454539897884     
   6.5044479609365089        1.0855484101527770      -0.26534772063762391     
   6.5184360210675552        1.0845491502812532      -0.30887254598625691     
   6.5324240811986014        1.0835566676630715      -0.35161469489568981     
   6.5464121413296477        1.0825713976339097      -0.39356021605239705     
   6.5604002014606939        1.0815937723657667      -0.43469553169140723     
   6.5743882615917402        1.0806242206773955      -0.47500743583322019     
   6.5883763217227864        1.0796631678462105      -0.51448309245734503     
   6.6023643818538327        1.0787110354217468      -0.55311003362539102     
   6.6163524419848789        1.0777682410407541      -0.59087615756548595     
   6.6303405021159252        1.0768351982440074      -0.62776972672951470     
   6.6443285622469714        1.0759123162949147      -0.66377936583373609     
   6.6583166223780177        1.0750000000000006      -0.69889405989284625     
   6.6723046825090639        1.0740986495313440      -0.73310315225723399     
   6.6862927426401102        1.0732086602510507      -0.76639634266190726     
   6.7002808027711565        1.0723304225378334      -0.79876368529560771     
   6.7142688629022027        1.0714643216157789      -0.83019558689762651     
   6.7282569230332490        1.0706107373853768      -0.86068280488932747     
   6.7422449831642952        1.0697700442568818      -0.89021644554674950     
   6.7562330432953415        1.0689426109860849      -0.91878796222038406     
   6.7702211034263877        1.0681288005125660      -0.94638915360684517     
   6.7842091635574340        1.0673289698004953      -0.97301216207787489     
   6.7981972236884802        1.0665434696820575      -0.99864947207006471     
   6.8121852838195265        1.0657726447035660       -1.0232939085394241     
   6.8261733439505727        1.0650168329743321       -1.0469386354837129     
   6.8401614040816190        1.0642763660183603       -1.0695771545349988     
   6.8541494642126652        1.0635515686289299       -1.0912033036247417     
   6.8681375243437115        1.0628427587261307       -1.1118112557228894     
   6.8821255844747578        1.0621502472174127       -1.1313955176521220     
   6.8961136446058040        1.0614743378612110       -1.1499509289781016     
   6.9101017047368503        1.0608153271337084       -1.1674726609758688     
   6.9240897648678965        1.0601735040987905       -1.1839562156724133     
   6.9380778249989428        1.0595491502812531       -1.1993974249649790     
   6.9520658851299890        1.0589425395433152       -1.2137924498140487     
   6.9660539452610353        1.0583539379644953       -1.2271377795101079     
   6.9800420053920815        1.0577836037248995       -1.2394302310124246     
   6.9940300655231278        1.0572317869919750       -1.2506669483583022     
   7.0080181256541740        1.0566987298107784       -1.2608454021404363     
   7.0220061857852203        1.0561846659978071       -1.2699633890502995     
   7.0359942459162665        1.0556898210384396       -1.2780190314846396     
   7.0499823060473128        1.0552144119880298       -1.2850107772125132     
   7.0639703661783591        1.0547586473766994       -1.2909373990997934     
   7.0779584263094053        1.0543227271178703       -1.2957979948876290     
   7.0919464864404516        1.0539068424205753       -1.2995919870218253     
   7.1059345465714978        1.0535111757055877       -1.3023191225293622     
   7.1199226067025441        1.0531359005254057       -1.3039794729383591     
   7.1339106668335903        1.0527811814881263       -1.3045734342377271     
   7.1478987269646366        1.0524471741852426       -1.3041017268725867     
   7.1618867870956828        1.0521340251233968       -1.3025653957712300     
   7.1758748472267291        1.0518418716601174       -1.2999658103998615     
   7.1898629073577753        1.0515708419435688       -1.2963046648407401     
   7.2038509674888216        1.0513210548563423       -1.2915839778894855     
   7.2178390276198678        1.0510926199633099       -1.2858060931676032     
   7.2318270877509141        1.0508856374635658       -1.2789736792456057     
   7.2458151478819603        1.0507001981464750       -1.2710897297727450     
   7.2598032080130066        1.0505363833518508       -1.2621575636091966     
   7.2737912681440529        1.0503942649342763       -1.2521808249561057     
   7.2877793282750991        1.0502739052315864       -1.2411634834796714     
   7.3017673884061454        1.0501753570375250       -1.2291098344249904     
   7.3157554485371916        1.0500986635785865       -1.2160244987156257     
   7.3297435086682379        1.0500438584950571       -1.2019124230347302     
   7.3437315687992841        1.0500109658262577       -1.1867788798839729     
   7.3577196289303304        1.0500000000000000       -1.1706294676162643     
   7.3717076890613766        1.0500109658262577       -1.1534701104384630     
   7.3856957491924229        1.0500438584950571       -1.1353070583805844     
   7.3996838093234691        1.0500986635785865       -1.1161468872275506     
   7.4136718694545154        1.0501753570375247       -1.0959964984103554     
   7.4276599295855616        1.0502739052315864       -1.0748631188529731     
   7.4416479897166079        1.0503942649342761       -1.0527543007719748     
   7.4556360498476542        1.0505363833518506       -1.0296779214254634     
   7.4696241099787004        1.0507001981464748       -1.0056421828083788     
   7.4836121701097467        1.0508856374635656      -0.98065561129141687     
   7.4976002302407929        1.0510926199633097      -0.95472705720042172     
   7.5115882903718392        1.0513210548563419      -0.92786569433380861     
   7.5255763505028854        1.0515708419435683      -0.90008101941551488     
   7.5395644106339317        1.0518418716601170      -0.87138285148062877     
   7.5535524707649779        1.0521340251233966      -0.84178133119205401     
   7.5675405308960242        1.0524471741852421      -0.81128692008517211     
   7.5815285910270704        1.0527811814881258      -0.77991039973913634     
   7.5955166511581167        1.0531359005254053      -0.74766287087239824     
   7.6095047112891629        1.0535111757055873      -0.71455575236060120     
   7.6234927714202092        1.0539068424205749      -0.68060078017529890     
   7.6374808315512555        1.0543227271178699      -0.64581000624147467     
   7.6514688916823017        1.0547586473766988      -0.61019579721253014     
   7.6654569518133480        1.0552144119880291      -0.57377083316097233     
   7.6794450119443942        1.0556898210384391      -0.53654810618367399     
   7.6934330720754405        1.0561846659978067      -0.49854091891997326     
   7.7074211322064867        1.0566987298107779      -0.45976288298148288     
   7.7214091923375330        1.0572317869919745      -0.42022791729233661     
   7.7353972524685792        1.0577836037248991      -0.37995024633844893     
   7.7493853125996255        1.0583539379644948      -0.33894439832496381     
   7.7633733727306717        1.0589425395433145      -0.29722520324026680     
   7.7773614328617180        1.0595491502812524      -0.25480779082558630     
   7.7913494929927642        1.0601735040987899      -0.21170758844919224     
   7.8053375531238105        1.0608153271337077      -0.16794031888356756     
   7.8193256132548568        1.0614743378612101      -0.12352199798493022     
   7.8333136733859030        1.0621502472174118       -7.8468932273131578E-002
   7.8473017335169493        1.0628427587261300       -3.2797716411481437E-002
   7.8612897936479955        1.0635515686289292        1.3474769415566790E-002
   7.8752778537790418        1.0642763660183594        6.0331362227837311E-002
   7.8892659139100880        1.0650168329743315       0.10775461907967718     
   7.9032539740411343        1.0657726447035651       0.15572681999631544     
   7.9172420341721805        1.0665434696820568       0.20422997101849052     
   7.9312300943032268        1.0673289698004944       0.25324580735663016     
   7.9452181544342730        1.0681288005125651       0.30275579665683994     
   7.9592062145653193        1.0689426109860840       0.35274114238067672     
   7.9731942746963655        1.0697700442568807       0.40318278730079171     
   7.9871823348274118        1.0706107373853759       0.45406141711500153     
   8.0011703949584589        1.0714643216157780       0.50535746418117045     
   8.0151584550895052        1.0723304225378323       0.55705111137558838     
   8.0291465152205514        1.0732086602510498       0.60912229607799184     
   8.0431345753515977        1.0740986495313432       0.66155071428585388     
   8.0571226354826440        1.0749999999999995       0.71431582486168554     
   8.0711106956136902        1.0759123162949138       0.76739685391663104     
   8.0850987557447365        1.0768351982440065       0.82077279933390312     
   8.0990868158757827        1.0777682410407532       0.87442243543625697     
   8.1130748760068290        1.0787110354217460       0.92832431780155378     
   8.1270629361378752        1.0796631678462096       0.98245678823058558     
   8.1410509962689215        1.0806242206773944        1.0367979798719933     
   8.1550390563999677        1.0815937723657656        1.0913258225088562     
   8.1690271165310140        1.0825713976339089        1.1460180480121311     
   8.1830151766620602        1.0835566676630703        1.2008521959659726     
   8.1970032367931065        1.0845491502812521        1.2558056194707021     
   8.2109912969241527        1.0855484101527759        1.3108554911285231     
   8.2249793570551990        1.0865540089692363        1.3659788092183986     
   8.2389674171862453        1.0875655056417568        1.4211524040655836     
   8.2529554773172915        1.0885824564944668        1.4763529446123449     
   8.2669435374483378        1.0896044154591116        1.5315569451959221     
   8.2809315975793840        1.0906309342707132        1.5867407725403764     
   8.2949196577104303        1.0916615626641943        1.6418806529687715     
   8.3089077178414765        1.0926958485718790        1.6969526798422816     
   8.3228957779725228        1.0937333383217842        1.7519328212331708     
   8.3368838381035690        1.0947735768366169        1.8067969278381484     
   8.3508718982346153        1.0958161078333837        1.8615207411390005     
   8.3648599583656615        1.0968604740235337        1.9160799018173700     
   8.3788480184967078        1.0979062173135394        1.9704499584299919     
   8.3928360786277540        1.0989528790058316        2.0246063763514113     
   8.4068241387588003        1.0999999999999994        2.0785245469905198     
   8.4208121988898466        1.1010471209941672        2.1321797972871779     
   8.4348002590208928        1.1020937826864594        2.1855473994949177     
   8.4487883191519391        1.1031395259764651        2.2386025812560000     
   8.4627763792829853        1.1041838921666152        2.2913205359737878     
   8.4767644394140316        1.1052264231633822        2.3436764334882909     
   8.4907524995450778        1.1062666616782146        2.3956454310589885     
   8.5047405596761241        1.1073041514281201        2.4472026846600210     
   8.5187286198071703        1.1083384373358045        2.4983233605908781     
   8.5327166799382166        1.1093690657292856        2.5489826474065844     
   8.5467047400692628        1.1103955845408875        2.5991557681695157     
   8.5606928002003091        1.1114175435055322        2.6488179930251512     
   8.5746808603313553        1.1124344943582423        2.6979446521030246     
   8.5886689204624016        1.1134459910307628        2.7465111487434348     
   8.6026569805934479        1.1144515898472231        2.7944929730494983     
   8.6166450407244941        1.1154508497187468        2.8418657157633729     
   8.6306331008555404        1.1164433323369287        2.8886050824647200     
   8.6446211609865866        1.1174286023660902        2.9346869080879694     
   8.6586092211176329        1.1184062276342335        2.9800871717543864     
   8.6725972812486791        1.1193757793226047        3.0247820119136297     
   8.6865853413797254        1.1203368321537894        3.0687477417883979     
   8.7005734015107716        1.1212889645782531        3.1119608651144528     
   8.7145614616418179        1.1222317589592459        3.1543980921673094     
   8.7285495217728641        1.1231648017559925        3.1960363560651999     
   8.7425375819039104        1.1240876837050853        3.2368528293373489     
   8.7565256420349566        1.1249999999999996        3.2768249407441910     
   8.7705137021660029        1.1259013504686561        3.3159303923358916     
   8.7845017622970492        1.1267913397489493        3.3541471767332478     
   8.7984898224280954        1.1276695774621668        3.3914535946145232     
   8.8124778825591417        1.1285356783842211        3.4278282723890552     
   8.8264659426901879        1.1293892626146231        3.4632501800388833     
   8.8404540028212342        1.1302299557431184        3.4976986491063649     
   8.8544420629522804        1.1310573890139151        3.5311533908054478     
   8.8684301230833267        1.1318711994874340        3.5635945142329088     
   8.8824181832143729        1.1326710301995049        3.5950025446536027     
   8.8964062433454192        1.1334565303179425        3.6253584418333813     
   8.9103943034764654        1.1342273552964339        3.6546436183917845     
   8.9243823636075117        1.1349831670256678        3.6828399581445805     
   8.9383704237385579        1.1357236339816399        3.7099298344063625     
   8.9523584838696042        1.1364484313710703        3.7358961282211109     
   8.9663465440006505        1.1371572412738693        3.7607222464880197     
   8.9803346041316967        1.1378497527825875        3.7843921399491167     
   8.9943226642627430        1.1385256621387891        3.8068903210032765     
   9.0083107243937892        1.1391846728662915        3.8282018813121046     
   9.0222987845248355        1.1398264959012094        3.8483125091605173     
   9.0362868446558817        1.1404508497187471        3.8672085065355919     
   9.0502749047869280        1.1410574604566850        3.8848768058860248     
   9.0642629649179742        1.1416460620355047        3.9013049865245830     
   9.0782510250490205        1.1422163962751004        3.9164812906350446     
   9.0922390851800667        1.1427682130080250        3.9303946388457334     
   9.1062271453111130        1.1433012701892218        3.9430346453308522     
   9.1202152054421592        1.1438153340021930        3.9543916324018658     
   9.1342032655732055        1.1443101789615606        3.9644566445505038     
   9.1481913257042518        1.1447855880119704        3.9732214619061947     
   9.1621793858352980        1.1452413526233007        3.9806786130704972     
   9.1761674459663443        1.1456772728821298        3.9868213872924221     
   9.1901555060973905        1.1460931575794249        3.9916438459490231     
   9.2041435662284368        1.1464888242944125        3.9951408332966207     
   9.2181316263594830        1.1468640994745944        3.9973079864593823     
   9.2321196864905293        1.1472188185118739        3.9981417446228624     
   9.2461077466215755        1.1475528258147576        3.9976393574021172     
   9.2600958067526218        1.1478659748766034        3.9957988923546783     
   9.2740838668836680        1.1481581283398827        3.9926192416115680     
   9.2880719270147143        1.1484291580564314        3.9881001275999779     
   9.3020599871457605        1.1486789451436579        3.9822421078343520     
   9.3160480472768068        1.1489073800366902        3.9750465787542564     
   9.3300361074078531        1.1491143625364344        3.9665157785890188     
   9.3440241675388993        1.1492998018535252        3.9566527892327295     
   9.3580122276699456        1.1494636166481493        3.9454615371141641     
   9.3720002878009918        1.1496057350657238        3.9329467930495232     
   9.3859883479320381        1.1497260947684136        3.9191141710683377     
   9.3999764080630843        1.1498246429624752        3.9039701262050284     
   9.4139644681941306        1.1499013364214137        3.8875219512518786     
   9.4279525283251768        1.1499561415049431        3.8697777724714468     
   9.4419405884562231        1.1499890341737424        3.8507465442694473     
   9.4559286485872693        1.1500000000000001        3.8304380428317302     
   9.4699167087183156        1.1499890341737424        3.8088628587318776     
   9.4839047688493618        1.1499561415049431        3.7860323885183336     
   9.4978928289804081        1.1499013364214137        3.7619588252937355     
   9.5118808891114544        1.1498246429624754        3.7366551483004713     
   9.5258689492425006        1.1497260947684138        3.7101351115300178     
   9.5398570093735469        1.1496057350657241        3.6824132313764335     
   9.5538450695045931        1.1494636166481496        3.6535047733560644     
   9.5678331296356394        1.1492998018535254        3.6234257379188923     
   9.5818211897666856        1.1491143625364346        3.5921928453789125     
   9.5958092498977319        1.1489073800366905        3.5598235199932540     
   9.6097973100287781        1.1486789451436583        3.5263358732221719     
   9.6237853701598244        1.1484291580564319        3.4917486862037368     
   9.6377734302908706        1.1481581283398832        3.4560813914796418     
   9.6517614904219169        1.1478659748766036        3.4193540540095899     
   9.6657495505529631        1.1475528258147580        3.3815873515141361     
   9.6797376106840094        1.1472188185118743        3.3428025541866577     
   9.6937256708150557        1.1468640994745949        3.3030215038176016     
   9.7077137309461019        1.1464888242944129        3.2622665923738854     
   9.7217017910771482        1.1460931575794253        3.2205607400788852     
   9.7356898512081944        1.1456772728821305        3.1779273730384214     
   9.7496779113392407        1.1452413526233014        3.1343904004589778     
   9.7636659714702869        1.1447855880119711        3.0899741915055774     
   9.7776540316013332        1.1443101789615611        3.0447035518462648     
   9.7916420917323794        1.1438153340021937        2.9986036999308925     
   9.8056301518634257        1.1433012701892225        2.9517002430521355     
   9.8196182119944719        1.1427682130080259        2.9040191532359230     
   9.8336062721255182        1.1422163962751013        2.8555867430088284     
   9.8475943322565644        1.1416460620355053        2.8064296410890681     
   9.8615823923876107        1.1410574604566857        2.7565747680478836     
   9.8755704525186569        1.1404508497187480        2.7060493119859337     
   9.8895585126497032        1.1398264959012103        2.6548807042704983     
   9.9035465727807495        1.1391846728662924        2.6030965953763459     
   9.9175346329117957        1.1385256621387900        2.5507248308730888     
   9.9315226930428420        1.1378497527825884        2.4977934276003504     
   9.9455107531738882        1.1371572412738702        2.4443305500705601     
   9.9594988133049345        1.1364484313710712        2.3903644871378158     
   9.9734868734359807        1.1357236339816408        2.3359236289694945     
   9.9874749335670270        1.1349831670256689        2.2810364443562081     
   10.001462993698073        1.1342273552964350        2.2257314583927958     
   10.015451053829119        1.1334565303179436        2.1700372305628020     
   10.029439113960166        1.1326710301995060        2.1139823332552834     
   10.043427174091212        1.1318711994874351        2.0575953307424792     
   10.057415234222258        1.1310573890139162        2.0009047586435882     
   10.071403294353305        1.1302299557431195        1.9439391038987388     
   10.085391354484351        1.1293892626146242        1.8867267852747702     
   10.099379414615397        1.1285356783842222        1.8292961344226666     
   10.113367474746443        1.1276695774621679        1.7716753775041592     
   10.127355534877490        1.1267913397489506        1.7138926174030902     
   10.141343595008536        1.1259013504686572        1.6559758165352587     
   10.155331655139582        1.1250000000000009        1.5979527802682059     
   10.169319715270628        1.1240876837050866        1.5398511409603399     
   10.183307775401675        1.1231648017559939        1.4816983426272472     
   10.197295835532721        1.1222317589592472        1.4235216262405945     
   10.211283895663767        1.1212889645782544        1.3653480156635633     
   10.225271955794813        1.1203368321537908        1.3072043042246730     
   10.239260015925860        1.1193757793226060        1.2491170419303566     
   10.253248076056906        1.1184062276342346        1.1911125233143338     
   10.267236136187952        1.1174286023660915        1.1332167759213918     
   10.281224196318998        1.1164433323369300        1.0754555494198226     
   10.295212256450045        1.1154508497187481        1.0178543053373370     
   10.309200316581091        1.1144515898472245       0.96043820741210173     
   10.323188376712137        1.1134459910307641       0.90323211255009295     
   10.337176436843183        1.1124344943582436       0.84626056237885317     
   10.351164496974230        1.1114175435055336       0.78954777538572041     
   10.365152557105276        1.1103955845408888       0.73311763962855325     
   10.379140617236322        1.1093690657292872       0.67699370600490094     
   10.393128677367368        1.1083384373358058       0.62119918206584535     
   10.407116737498415        1.1073041514281214       0.56575692635872288     
   10.421104797629461        1.1062666616782162       0.51068944328291510     
   10.435092857760507        1.1052264231633835       0.45601887844202316     
   10.449080917891553        1.1041838921666165       0.40176701447538987     
   10.463068978022600        1.1031395259764665       0.34795526735061932     
   10.477057038153646        1.1020937826864610       0.29460468309960092     
   10.491045098284692        1.1010471209941688       0.24173593497899290     
   10.505033158415738        1.1000000000000010       0.18936932103668877     
   10.519021218546785        1.0989528790058329       0.13752476206481018     
   10.533009278677831        1.0979062173135410        8.6221799920798106E-002
   10.546997338808877        1.0968604740235353        3.5479596196435634E-002
   10.560985398939923        1.0958161078333852       -1.4683068783400392E-002
   10.574973459070970        1.0947735768366182       -6.4247796652278172E-002
   10.588961519202016        1.0937333383217855      -0.11319657140245273     
   10.602949579333062        1.0926958485718803      -0.16151175951310129     
   10.616937639464108        1.0916615626641957      -0.20917610982497711     
   10.630925699595155        1.0906309342707146      -0.25617275317977217     
   10.644913759726201        1.0896044154591129      -0.30248520184260996     
   10.658901819857247        1.0885824564944682      -0.34809734872492087     
   10.672889879988293        1.0875655056417581      -0.39299346642530952     
   10.686877940119340        1.0865540089692376      -0.43715820610511891     
   10.700866000250386        1.0855484101527773      -0.48057659621523963     
   10.714854060381432        1.0845491502812534      -0.52323404108997540     
   10.728842120512478        1.0835566676630717      -0.56511631942337981     
   10.742830180643525        1.0825713976339100      -0.60620958264294555     
   10.756818240774571        1.0815937723657669      -0.64650035319494792     
   10.770806300905617        1.0806242206773957      -0.68597552275518825     
   10.784794361036663        1.0796631678462107      -0.72462235037825085     
   10.798782421167710        1.0787110354217473      -0.76242846059776259     
   10.812770481298756        1.0777682410407543      -0.79938184148968527     
   10.826758541429802        1.0768351982440076      -0.83547084270983762     
   10.840746601560848        1.0759123162949151      -0.87068417351643779     
   10.854734661691895        1.0750000000000008      -0.90501090078770885     
   10.868722721822941        1.0740986495313443      -0.93844044704379714     
   10.882710781953987        1.0732086602510511      -0.97096258848217398     
   10.896698842085033        1.0723304225378336       -1.0025674530344586     
   10.910686902216080        1.0714643216157793       -1.0332455184522114     
   10.924674962347126        1.0706107373853770       -1.0629876104290499     
   10.938663022478172        1.0697700442568820       -1.0917849007648626     
   10.952651082609218        1.0689426109860853       -1.1196289055786435     
   10.966639142740265        1.0681288005125662       -1.1465114835744825     
   10.980627202871311        1.0673289698004955       -1.1724248343657726     
   10.994615263002357        1.0665434696820579       -1.1973614968618169     
   11.008603323133404        1.0657726447035663       -1.2213143477199742     
   11.022591383264450        1.0650168329743324       -1.2442765998667888     
   11.036579443395496        1.0642763660183605       -1.2662418010904728     
   11.050567503526542        1.0635515686289301       -1.2872038327068895     
   11.064555563657589        1.0628427587261309       -1.3071569083004317     
   11.078543623788635        1.0621502472174129       -1.3260955725411439     
   11.092531683919681        1.0614743378612110       -1.3440147000786886     
   11.106519744050727        1.0608153271337086       -1.3609094945132751     
   11.120507804181774        1.0601735040987907       -1.3767754874437810     
   11.134495864312820        1.0595491502812533       -1.3916085375920815     
   11.148483924443866        1.0589425395433154       -1.4054048300032331     
   11.162471984574912        1.0583539379644955       -1.4181608753198307     
   11.176460044705959        1.0577836037248998       -1.4298735091292532     
   11.190448104837005        1.0572317869919752       -1.4405398913820306     
   11.204436164968051        1.0566987298107786       -1.4501575058789076     
   11.218424225099097        1.0561846659978074       -1.4587241598245382     
   11.232412285230144        1.0556898210384398       -1.4662379834448878     
   11.246400345361190        1.0552144119880298       -1.4726974296657982     
   11.260388405492236        1.0547586473766994       -1.4781012738492703     
   11.274376465623282        1.0543227271178703       -1.4824486135845401     
   11.288364525754329        1.0539068424205753       -1.4857388685302679     
   11.302352585885375        1.0535111757055879       -1.4879717803043941     
   11.316340646016421        1.0531359005254057       -1.4891474124179032     
   11.330328706147467        1.0527811814881263       -1.4892661502484743     
   11.344316766278514        1.0524471741852426       -1.4883287010505026     
   11.358304826409560        1.0521340251233970       -1.4863360939968031     
   11.372292886540606        1.0518418716601174       -1.4832896802485778     
   11.386280946671652        1.0515708419435688       -1.4791911330488492     
   11.400269006802699        1.0513210548563423       -1.4740424478356242     
   11.414257066933745        1.0510926199633099       -1.4678459423703358     
   11.428245127064791        1.0508856374635658       -1.4606042568772033     
   11.442233187195837        1.0507001981464750       -1.4523203541894327     
   11.456221247326884        1.0505363833518508       -1.4429975198980844     
   11.470209307457930        1.0503942649342763       -1.4326393624990175     
   11.484197367588976        1.0502739052315866       -1.4212498135340592     
   11.498185427720022        1.0501753570375250       -1.4088331277221695     
   11.512173487851069        1.0500986635785865       -1.3953938830764063     
   11.526161547982115        1.0500438584950571       -1.3809369810027625     
   11.540149608113161        1.0500109658262577       -1.3654676463768716     
   11.554137668244207        1.0500000000000000       -1.3489914275947172     
   11.568125728375254        1.0500109658262577       -1.3315141965934882     
   11.582113788506300        1.0500438584950571       -1.3130421488390920     
   11.596101848637346        1.0500986635785865       -1.2935818032763755     
   11.610089908768392        1.0501753570375247       -1.2731400022389208     
   11.624077968899439        1.0502739052315864       -1.2517239113147558     
   11.638066029030485        1.0503942649342761       -1.2293410191649390     
   11.652054089161531        1.0505363833518506       -1.2059991372916350     
   11.666042149292577        1.0507001981464748       -1.1817063997527446     
   11.680030209423624        1.0508856374635656       -1.1564712628203333     
   11.694018269554670        1.0510926199633097       -1.1303025045797246     
   11.708006329685716        1.0513210548563419       -1.1032092244668306     
   11.721994389816762        1.0515708419435683       -1.0752008427412256     
   11.735982449947809        1.0518418716601170       -1.0462870998921181     
   11.749970510078855        1.0521340251233964       -1.0164780559756079     
   11.763958570209901        1.0524471741852421      -0.98578408988011557     
   11.777946630340947        1.0527811814881256      -0.95421589851890043     
   11.791934690471994        1.0531359005254053      -0.92178449594679124     
   11.805922750603040        1.0535111757055873      -0.88850121239987523     
   11.819910810734086        1.0539068424205746      -0.85437769325611324     
   11.833898870865132        1.0543227271178697      -0.81942589791510712     
   11.847886930996179        1.0547586473766988      -0.78365809859581237     
   11.861874991127225        1.0552144119880291      -0.74708687905018700     
   11.875863051258271        1.0556898210384389      -0.70972513319174479     
   11.889851111389317        1.0561846659978065      -0.67158606363744899     
   11.903839171520364        1.0566987298107777      -0.63268318016167957     
   11.917827231651410        1.0572317869919743      -0.59303029806108121     
   11.931815291782456        1.0577836037248989      -0.55264153642886982     
   11.945803351913503        1.0583539379644946      -0.51153131633774418     
   11.959791412044549        1.0589425395433143      -0.46971435892990976     
   11.973779472175595        1.0595491502812522      -0.42720568341321130     
   11.987767532306641        1.0601735040987896      -0.38402060496231849     
   12.001755592437688        1.0608153271337075      -0.34017473252350056     
   12.015743652568734        1.0614743378612101      -0.29568396652219608     
   12.029731712699780        1.0621502472174116      -0.25056449647176698     
   12.043719772830826        1.0628427587261298      -0.20483279848246394     
   12.057707832961873        1.0635515686289290      -0.15850563266916565     
   12.071695893092919        1.0642763660183592      -0.11160004045650154     
   12.085683953223965        1.0650168329743310       -6.4133341779768385E-002
   12.099672013355011        1.0657726447035649       -1.6123132180478790E-002
   12.113660073486058        1.0665434696820564        3.2412720205615142E-002
   12.127648133617104        1.0673289698004940        8.1456077769553034E-002
   12.141636193748150        1.0681288005125649       0.13098853666110438     
   12.155624253879196        1.0689426109860838       0.18099143013380206     
   12.169612314010243        1.0697700442568807       0.23144583200519223     
   12.183600374141289        1.0706107373853757       0.28233256023460257     
   12.197588434272335        1.0714643216157778       0.33363218062112243     
   12.211576494403381        1.0723304225378321       0.38532501062422181     
   12.225564554534428        1.0732086602510496       0.43739112331014085     
   12.239552614665474        1.0740986495313427       0.48981035142691259     
   12.253540674796520        1.0749999999999993       0.54256229161153935     
   12.267528734927566        1.0759123162949136       0.59562630873251998     
   12.281516795058613        1.0768351982440061       0.64898154037164069     
   12.295504855189659        1.0777682410407530       0.70260690144888249     
   12.309492915320705        1.0787110354217455       0.75648108899438904     
   12.323480975451751        1.0796631678462092       0.81058258707233066     
   12.337469035582798        1.0806242206773942       0.86488967186052812     
   12.351457095713844        1.0815937723657654       0.91938041689133487     
   12.365445155844890        1.0825713976339084       0.97403269845831197     
   12.379433215975936        1.0835566676630701        1.0288242011941766     
   12.393421276106983        1.0845491502812517        1.0837324238251789     
   12.407409336238029        1.0855484101527757        1.1387346851080851     
   12.421397396369075        1.0865540089692358        1.1938081299548027     
   12.435385456500121        1.0875655056417564        1.2489297357514422     
   12.449373516631168        1.0885824564944664        1.3040763188775748     
   12.463361576762214        1.0896044154591111        1.3592245414318149     
   12.477349636893260        1.0906309342707128        1.4143509181709337     
   12.491337697024306        1.0916615626641941        1.4694318236681438     
   12.505325757155353        1.0926958485718785        1.5244434996979097     
   12.519313817286399        1.0937333383217840        1.5793620628538771     
   12.533301877417445        1.0947735768366165        1.6341635124063529     
   12.547289937548491        1.0958161078333832        1.6888237384066385     
   12.561277997679538        1.0968604740235335        1.7433185300446736     
   12.575266057810584        1.0979062173135392        1.7976235842666386     
   12.589254117941630        1.0989528790058312        1.8517145146595215     
