   1.9858205868107011E-005   1.1000000000000001        4.3471077681902646     
   3.9716411736214022E-005   1.1007853658655911        4.3813963982285689     
   5.9574617604321033E-005   1.1015705379539065        4.4156805376290853     
   7.9432823472428045E-005   1.1023553225354823        4.4499517376745175     
   9.9291029340535056E-005   1.1031395259764658        4.4842015493967899     
   1.1914923520864207E-004   1.1039229547863922        4.5184215256087015     
   1.3900744107674909E-004   1.1047054156659257        4.5526032229391484     
   1.5886564694485609E-004   1.1054867155545522        4.5867382038714979     
   1.7872385281296309E-004   1.1062666616782153        4.6208180387847726     
   1.9858205868107008E-004   1.1070450615968792        4.6548343079971772     
   2.1844026454917708E-004   1.1078217232520116        4.6887786038117465     
   2.3829847041728408E-004   1.1085964550139706        4.7226425325634391     
   2.5815667628539108E-004   1.1093690657292863        4.7564177166674320     
   2.7801488215349807E-004   1.1101393647678257        4.7900957966682354     
   2.9787308802160507E-004   1.1109071620698272        4.8236684332889741     
   3.1773129388971207E-004   1.1116722681927953        4.8571273094806662     
   3.3758949975781907E-004   1.1124344943582429        4.8904641324708518     
   3.5744770562592607E-004   1.1131936524982686        4.9236706358112192     
   3.7730591149403306E-004   1.1139495553019616        4.9567385814237097     
   3.9716411736214006E-004   1.1147020162616152        4.9896597616446812     
   4.1702232323024706E-004   1.1154508497187474        5.0224260012666457     
   4.3688052909835406E-004   1.1161958709099076        5.0550291595770709     
   4.5673873496646105E-004   1.1169368960122648        5.0874611323937096     
   4.7659694083456805E-004   1.1176737421889629        5.1197138540961102     
   4.9645514670267510E-004   1.1184062276342339        5.1517792996526595     
   5.1631335257078215E-004   1.1191341716182546        5.1836494866426932     
   5.3617155843888921E-004   1.1198573945317392        5.2153164772730936     
   5.5602976430699626E-004   1.1205757179302556        5.2467723803890873     
   5.7588797017510331E-004   1.1212889645782538        5.2780093534782706     
   5.9574617604321036E-004   1.1219969584927958        5.3090196046678058     
   6.1560438191131741E-004   1.1226995249869773        5.3397953947138808     
   6.3546258777942447E-004   1.1233964907130287        5.3703290389830718     
   6.5532079364753152E-004   1.1240876837050859        5.4006129094249511     
   6.7517899951563857E-004   1.1247729334216205        5.4306394365354160     
   6.9503720538374562E-004   1.1254520707875186        5.4604011113102384     
   7.1489541125185267E-004   1.1261249282357975        5.4898904871880685     
   7.3475361711995972E-004   1.1267913397489500        5.5191001819825605     
   7.5461182298806678E-004   1.1274511408999066        5.5480228798027591     
   7.7447002885617383E-004   1.1281041688926066        5.5766513329614504     
   7.9432823472428088E-004   1.1287502626021639        5.6049783638706225     
   8.1418644059238793E-004   1.1293892626146238        5.6329968669236017     
   8.3404464646049498E-004   1.1300210112662943        5.6606998103632273     
   8.5390285232860204E-004   1.1306453526826490        5.6880802381353881     
   8.7376105819670909E-004   1.1312621328167853        5.7151312717274436     
   8.9361926406481614E-004   1.1318711994874346        5.7418461119908004     
   9.1347746993292319E-004   1.1324724024165094        5.7682180409470787     
   9.3333567580103024E-004   1.1330655932661826        5.7942404235773051     
   9.5319388166913729E-004   1.1336506256754888        5.8199067095934538     
   9.7305208753724435E-004   1.1342273552964346        5.8452104351916896     
   9.9291029340535129E-004   1.1347956398296157        5.8701452247868184     
   1.0127684992734583E-003   1.1353553390593274        5.8947047927272740     
   1.0326267051415654E-003   1.1359063148881596        5.9188829449899281     
   1.0524849110096724E-003   1.1364484313710708        5.9426735808542830     
   1.0723431168777795E-003   1.1369815547489306        5.9660706945553175     
   1.0922013227458865E-003   1.1375055534815230        5.9890683769144566     
   1.1120595286139936E-003   1.1380202982800016        6.0116608169478996     
   1.1319177344821007E-003   1.1385256621387896        6.0338423034520074     
   1.1517759403502077E-003   1.1390215203669165        6.0556072265647405     
   1.1716341462183148E-003   1.1395077506187847        6.0769500793029918     
   1.1914923520864218E-003   1.1399842329243546        6.0978654590748151     
   1.2113505579545289E-003   1.1404508497187476        6.1183480691662666     
   1.2312087638226359E-003   1.1409074858712513        6.1383927202021278     
   1.2510669696907430E-003   1.1413540287137283        6.1579943315799550     
   1.2709251755588500E-003   1.1417903680684136        6.1771479328769123     
   1.2907833814269571E-003   1.1422163962751009        6.1958486652288247     
   1.3106415872950641E-003   1.1426320082177048        6.2140917826808568     
   1.3304997931631712E-003   1.1430371013501972        6.2318726535092628     
   1.3503579990312782E-003   1.1434315757219098        6.2491867615138981     
   1.3702162048993853E-003   1.1438153340021933        6.2660297072803841     
   1.3900744107674923E-003   1.1441882815044349        6.2823972094122364     
   1.4099326166355994E-003   1.1445503262094185        6.2982851057316225     
   1.4297908225037064E-003   1.1449013787880309        6.3136893544488455     
   1.4496490283718135E-003   1.1452413526233012        6.3286060352997202     
   1.4695072342399205E-003   1.1455701638317723        6.3430313506505298     
   1.4893654401080276E-003   1.1458877312841991        6.3569616265699933     
   1.5092236459761346E-003   1.1461939766255644        6.3703933138679032     
   1.5290818518442417E-003   1.1464888242944127        6.3833229890998053     
   1.5489400577123487E-003   1.1467722015414934        6.3957473555374786     
   1.5687982635804558E-003   1.1470440384477114        6.4076632441047741     
   1.5886564694485628E-003   1.1473042679413774        6.4190676142781271     
   1.6085146753166699E-003   1.1475528258147578        6.4299575549518311     
   1.6283728811847769E-003   1.1477896507399166        6.4403302852672191     
   1.6482310870528840E-003   1.1480146842838472        6.4501831554057700     
   1.6680892929209911E-003   1.1482278709228899        6.4595136473454602     
   1.6879474987890981E-003   1.1484291580564316        6.4683193755803048     
   1.7078057046572052E-003   1.1486184960198840        6.4765980878025875     
   1.7276639105253122E-003   1.1487958380969374        6.4843476655475571     
   1.7475221163934193E-003   1.1489611405310884        6.4915661248003103     
   1.7673803222615263E-003   1.1491143625364346        6.4982516165644633     
   1.7872385281296334E-003   1.1492554663077388        6.5044024273925460     
   1.8070967339977404E-003   1.1493844170297569        6.5100169798778227     
   1.8269549398658475E-003   1.1495011828858279        6.5150938331070929     
   1.8468131457339545E-003   1.1496057350657241        6.5196316830747181     
   1.8666713516020616E-003   1.1496980477727592        6.5236293630571796     
   1.8865295574701686E-003   1.1497780982301542        6.5270858439484263     
   1.9063877633382757E-003   1.1498458666866564        6.5300002345555725     
   1.9262459692063827E-003   1.1499013364214137        6.5323717818550238     
   1.9461041750744898E-003   1.1499444937480985        6.5341998712085969     
   1.9659623809425968E-003   1.1499753280182867        6.5354840265400735     
   1.9858205868107039E-003   1.1499938316240832        6.5362239104714188     
   2.0056787926788109E-003   1.1500000000000001        6.5364193244192368     
   2.0255369985469180E-003   1.1499938316240832        6.5360702086510667     
   2.0453952044150250E-003   1.1499753280182867        6.5351766423014732     
   2.0652534102831321E-003   1.1499444937480985        6.5337388433481909     
   2.0851116161512391E-003   1.1499013364214137        6.5317571685480820     
   2.1049698220193462E-003   1.1498458666866564        6.5292321133329203     
   2.1248280278874532E-003   1.1497780982301540        6.5261643116654389     
   2.1446862337555603E-003   1.1496980477727590        6.5225545358550869     
   2.1645444396236673E-003   1.1496057350657241        6.5184036963341834     
   2.1844026454917744E-003   1.1495011828858279        6.5137128413940815     
   2.2042608513598815E-003   1.1493844170297569        6.5084831568819084     
   2.2241190572279885E-003   1.1492554663077388        6.5027159658575675     
   2.2439772630960956E-003   1.1491143625364346        6.4964127282115989     
   2.2638354689642026E-003   1.1489611405310884        6.4895750402436345     
   2.2836936748323097E-003   1.1487958380969374        6.4822046342021151     
   2.3035518807004167E-003   1.1486184960198840        6.4743033777850263     
   2.3234100865685238E-003   1.1484291580564316        6.4658732736021252     
   2.3432682924366308E-003   1.1482278709228899        6.4569164585989522     
   2.3631264983047379E-003   1.1480146842838472        6.4474352034426730     
   2.3829847041728449E-003   1.1477896507399166        6.4374319118701910     
   2.4028429100409520E-003   1.1475528258147578        6.4269091199987951     
   2.4227011159090590E-003   1.1473042679413774        6.4158694955995461     
   2.4425593217771661E-003   1.1470440384477114        6.4043158373339608     
   2.4624175276452731E-003   1.1467722015414934        6.3922510739540028     
   2.4822757335133802E-003   1.1464888242944127        6.3796782634660811     
   2.5021339393814872E-003   1.1461939766255644        6.3666005922590454     
   2.5219921452495943E-003   1.1458877312841991        6.3530213741970440     
   2.5418503511177013E-003   1.1455701638317723        6.3389440496771279     
   2.5617085569858084E-003   1.1452413526233010        6.3243721846523417     
   2.5815667628539154E-003   1.1449013787880309        6.3093094696206675     
   2.6014249687220225E-003   1.1445503262094183        6.2937597185801675     
   2.6212831745901295E-003   1.1441882815044346        6.2777268679508760     
   2.6411413804582366E-003   1.1438153340021933        6.2612149754638171     
   2.6609995863263436E-003   1.1434315757219096        6.2442282190176446     
   2.6808577921944507E-003   1.1430371013501972        6.2267708955035044     
   2.7007159980625577E-003   1.1426320082177046        6.2088474195984027     
   2.7205742039306648E-003   1.1422163962751009        6.1904623225277229     
   2.7404324097987719E-003   1.1417903680684136        6.1716202507973996     
   2.7602906156668789E-003   1.1413540287137280        6.1523259648962636     
   2.7801488215349860E-003   1.1409074858712511        6.1325843379690399     
   2.8000070274030930E-003   1.1404508497187473        6.1124003544605987     
   2.8198652332712001E-003   1.1399842329243546        6.0917791087319788     
   2.8397234391393071E-003   1.1395077506187845        6.0707258036487630     
   2.8595816450074142E-003   1.1390215203669165        6.0492457491424174     
   2.8794398508755212E-003   1.1385256621387894        6.0273443607449444     
   2.8992980567436283E-003   1.1380202982800016        6.0050271580977990     
   2.9191562626117353E-003   1.1375055534815230        5.9822997634352753     
   2.9390144684798424E-003   1.1369815547489304        5.9591679000431794     
   2.9588726743479494E-003   1.1364484313710705        5.9356373906934232     
   2.9787308802160565E-003   1.1359063148881594        5.9117141560547708     
   2.9985890860841635E-003   1.1353553390593274        5.8874042130809379     
   3.0184472919522706E-003   1.1347956398296157        5.8627136733760068     
   3.0383054978203776E-003   1.1342273552964344        5.8376487415382998     
   3.0581637036884847E-003   1.1336506256754886        5.8122157134829564     
   3.0780219095565917E-003   1.1330655932661826        5.7864209747440114     
   3.0978801154246988E-003   1.1324724024165091        5.7602709987565204     
   3.1177383212928058E-003   1.1318711994874344        5.7337723451193590     
   3.1375965271609129E-003   1.1312621328167851        5.7069316578393856     
   3.1574547330290199E-003   1.1306453526826488        5.6797556635573674     
   3.1773129388971270E-003   1.1300210112662941        5.6522511697565569     
   3.1971711447652340E-003   1.1293892626146236        5.6244250629543497     
   3.2170293506333411E-003   1.1287502626021639        5.5962843068776538     
   3.2368875565014481E-003   1.1281041688926063        5.5678359406227118     
   3.2567457623695552E-003   1.1274511408999066        5.5390870767998530     
   3.2766039682376622E-003   1.1267913397489497        5.5100448996636562     
   3.2964621741057693E-003   1.1261249282357975        5.4807166632296234     
   3.3163203799738764E-003   1.1254520707875184        5.4511096893772626     
   3.3361785858419834E-003   1.1247729334216203        5.4212313659408649     
   3.3560367917100905E-003   1.1240876837050857        5.3910891447879843     
   3.3758949975781975E-003   1.1233964907130285        5.3606905398866598     
   3.3957532034463046E-003   1.1226995249869773        5.3300431253617093     
   3.4156114093144116E-003   1.1219969584927956        5.2991545335406762     
   3.4354696151825187E-003   1.1212889645782536        5.2680324529902531     
   3.4553278210506257E-003   1.1205757179302553        5.2366846265433278     
   3.4751860269187328E-003   1.1198573945317389        5.2051188493176808     
   3.4950442327868398E-003   1.1191341716182543        5.1733429667265582     
   3.5149024386549469E-003   1.1184062276342337        5.1413648724817360     
   3.5347606445230539E-003   1.1176737421889626        5.1091925065898209     
   3.5546188503911610E-003   1.1169368960122645        5.0768338533420216     
   3.5744770562592680E-003   1.1161958709099074        5.0442969392981487     
   3.5943352621273751E-003   1.1154508497187472        5.0115898312653080     
   3.6141934679954821E-003   1.1147020162616150        4.9787206342717560     
   3.6340516738635892E-003   1.1139495553019614        4.9456974895364718     
   3.6539098797316962E-003   1.1131936524982686        4.9125285724349803     
   3.6737680855998033E-003   1.1124344943582425        4.8792220904617976     
   3.6936262914679103E-003   1.1116722681927951        4.8457862811902803     
   3.7134844973360174E-003   1.1109071620698270        4.8122294102298504     
   3.7333427032041244E-003   1.1101393647678255        4.7785597691816646     
   3.7532009090722315E-003   1.1093690657292861        4.7447856735927250     
   3.7730591149403385E-003   1.1085964550139704        4.7109154609092405     
   3.7929173208084456E-003   1.1078217232520113        4.6769574884292924     
   3.8127755266765526E-003   1.1070450615968790        4.6429201312557637     
   3.8326337325446597E-003   1.1062666616782151        4.6088117802493986     
   3.8524919384127668E-003   1.1054867155545520        4.5746408399829619     
   3.8723501442808738E-003   1.1047054156659255        4.5404157266964980     
   3.8922083501489809E-003   1.1039229547863920        4.5061448662543357     
   3.9120665560170879E-003   1.1031395259764656        4.4718366921042350     
   3.9319247618851945E-003   1.1023553225354821        4.4374996432388603     
   3.9517829677533011E-003   1.1015705379539062        4.4031421621603712     
   3.9716411736214078E-003   1.1007853658655908        4.3687726928480863     
   3.9914993794895144E-003   1.0999999999999999        4.3343996787299091     
   4.0113575853576210E-003   1.0992146341344089        4.3000315606577448     
   4.0312157912257276E-003   1.0984294620460935        4.2656767748872726     
   4.0510739970938342E-003   1.0976446774645179        4.2313437510625613     
   4.0709322029619409E-003   1.0968604740235344        4.1970409102057022     
   4.0907904088300475E-003   1.0960770452136077        4.1627766627119511     
   4.1106486146981541E-003   1.0952945843340742        4.1285594063506865     
   4.1305068205662607E-003   1.0945132844454477        4.0943975242724235     
   4.1503650264343673E-003   1.0937333383217849        4.0602993830223681     
   4.1702232323024739E-003   1.0929549384031210        4.0262733305608247     
   4.1900814381705806E-003   1.0921782767479884        3.9923276942905797     
   4.2099396440386872E-003   1.0914035449860295        3.9584707790919125     
   4.2297978499067938E-003   1.0906309342707139        3.9247108653651885     
   4.2496560557749004E-003   1.0898606352321745        3.8910562070816823     
   4.2695142616430070E-003   1.0890928379301730        3.8575150298427019     
   4.2893724675111137E-003   1.0883277318072049        3.8240955289474110     
   4.3092306733792203E-003   1.0875655056417575        3.7908058674696803     
   4.3290888792473269E-003   1.0868063475017316        3.7576541743442133     
   4.3489470851154335E-003   1.0860504446980386        3.7246485424622153     
   4.3688052909835401E-003   1.0852979837383849        3.6917970267771145     
   4.3886634968516467E-003   1.0845491502812528        3.6591076424201874     
   4.4085217027197534E-003   1.0838041290900928        3.6265883628269955     
   4.4283799085878600E-003   1.0830631039877356        3.5942471178743056     
   4.4482381144559666E-003   1.0823262578110373        3.5620917920282564     
   4.4680963203240732E-003   1.0815937723657663        3.5301302225037836     
   4.4879545261921798E-003   1.0808658283817458        3.4983701974357517     
   4.5078127320602865E-003   1.0801426054682612        3.4668194540619099     
   4.5276709379283931E-003   1.0794242820697448        3.4354856769182316     
   4.5475291437964997E-003   1.0787110354217466        3.4043764960466061     
   4.5673873496646063E-003   1.0780030415072046        3.3734994852154911     
   4.5872455555327129E-003   1.0773004750130231        3.3428621601534849     
   4.6071037614008195E-003   1.0766035092869717        3.3124719767964637     
   4.6269619672689262E-003   1.0759123162949145        3.2823363295483077     
   4.6468201731370328E-003   1.0752270665783801        3.2524625495556458     
   4.6666783790051394E-003   1.0745479292124818        3.2228579029968012     
   4.6865365848732460E-003   1.0738750717642029        3.1935295893855113     
   4.7063947907413526E-003   1.0732086602510504        3.1644847398892404     
   4.7262529966094593E-003   1.0725488591000938        3.1357304156630268     
   4.7461112024775659E-003   1.0718958311073938        3.1072736061984170     
   4.7659694083456725E-003   1.0712497373978365        3.0791212276886339     
   4.7858276142137791E-003   1.0706107373853768        3.0512801214094591     
   4.8056858200818857E-003   1.0699789887337063        3.0237570521168338     
   4.8255440259499923E-003   1.0693546473173516        2.9965587064609820     
   4.8454022318180990E-003   1.0687378671832153        2.9696916914177889     
   4.8652604376862056E-003   1.0681288005125660        2.9431625327373645     
   4.8851186435543122E-003   1.0675275975834913        2.9169776734104249     
   4.9049768494224188E-003   1.0669344067338178        2.8911434721526894     
   4.9248350552905254E-003   1.0663493743245118        2.8656662019075334     
   4.9446932611586321E-003   1.0657726447035660        2.8405520483674387     
   4.9645514670267387E-003   1.0652043601703847        2.8158071085144019     
   4.9844096728948453E-003   1.0646446609406730        2.7914373891796900     
   5.0042678787629519E-003   1.0640936851118410        2.7674488056232800     
   5.0241260846310585E-003   1.0635515686289299        2.7438471801332867     
   5.0439842904991651E-003   1.0630184452510700        2.7206382406458380     
   5.0638424963672718E-003   1.0624944465184776        2.6978276193855444     
   5.0837007022353784E-003   1.0619797017199990        2.6754208515270852     
   5.1035589081034850E-003   1.0614743378612110        2.6534233738781587     
   5.1234171139715916E-003   1.0609784796330841        2.6318405235841422     
   5.1432753198396982E-003   1.0604922493812161        2.6106775368548440     
   5.1631335257078049E-003   1.0600157670756460        2.5899395477136613     
   5.1829917315759115E-003   1.0595491502812531        2.5696315867695358     
   5.2028499374440181E-003   1.0590925141287493        2.5497585800120235     
   5.2227081433121247E-003   1.0586459712862724        2.5303253476297045     
   5.2425663491802313E-003   1.0582096319315870        2.5113366028525537     
   5.2624245550483379E-003   1.0577836037248998        2.4927969508183097     
   5.2822827609164446E-003   1.0573679917822958        2.4747108874634338     
   5.3021409667845512E-003   1.0569628986498034        2.4570827984388313     
   5.3219991726526578E-003   1.0565684242780908        2.4399169580506523     
   5.3418573785207644E-003   1.0561846659978074        2.4232175282267856     
   5.3617155843888710E-003   1.0558117184955658        2.4069885575089116     
   5.3815737902569777E-003   1.0554496737905821        2.3912339800709042     
   5.4014319961250843E-003   1.0550986212119697        2.3759576147635748     
   5.4212902019931909E-003   1.0547586473766994        2.3611631641862627     
   5.4411484078612975E-003   1.0544298361682283        2.3468542137854951     
   5.4610066137294041E-003   1.0541122687158013        2.3330342309810637     
   5.4808648195975107E-003   1.0538060233744362        2.3197065643197989     
   5.5007230254656174E-003   1.0535111757055879        2.3068744426573442     
   5.5205812313337240E-003   1.0532277984585070        2.2945409743682461     
   5.5404394372018306E-003   1.0529559615522892        2.2827091465846285     
   5.5602976430699372E-003   1.0526957320586232        2.2713818244636648     
   5.5801558489380438E-003   1.0524471741852428        2.2605617504842410     
   5.6000140548061505E-003   1.0522103492600838        2.2502515437729596     
   5.6198722606742571E-003   1.0519853157161532        2.2404536994598048     
   5.6397304665423637E-003   1.0517721290771105        2.2311705880636810     
   5.6595886724104703E-003   1.0515708419435688        2.2224044549079949     
   5.6794468782785769E-003   1.0513815039801164        2.2141574195667526     
   5.6993050841466835E-003   1.0512041619030630        2.2064314753410108     
   5.7191632900147902E-003   1.0510388594689120        2.1992284887661468     
   5.7390214958828968E-003   1.0508856374635658        2.1925501991501766     
   5.7588797017510034E-003   1.0507445336922616        2.1863982181431045     
   5.7787379076191100E-003   1.0506155829702435        2.1807740293375293     
   5.7985961134872166E-003   1.0504988171141725        2.1756789879008651     
   5.8184543193553232E-003   1.0503942649342763        2.1711143202390817     
   5.8383125252234299E-003   1.0503019522272412        2.1670811236921725     
   5.8581707310915365E-003   1.0502219017698462        2.1635803662615620     
   5.8780289369596431E-003   1.0501541333133437        2.1606128863694298     
   5.8978871428277497E-003   1.0500986635785865        2.1581793926501822     
   5.9177453486958563E-003   1.0500555062519017        2.1562804637740629     
   5.9376035545639630E-003   1.0500246719817135        2.1549165483029560     
   5.9574617604320696E-003   1.0500061683759170        2.1540879645786202     
   5.9773199663001762E-003   1.0500000000000000        2.1537949006431476     
   5.9971781721682828E-003   1.0500061683759170        2.1540374141918548     
   6.0170363780363894E-003   1.0500246719817135        2.1548154325585878     
   6.0368945839044960E-003   1.0500555062519015        2.1561287527334074     
   6.0567527897726027E-003   1.0500986635785865        2.1579770414127317     
   6.0766109956407093E-003   1.0501541333133435        2.1603598350818118     
   6.0964692015088159E-003   1.0502219017698460        2.1632765401295817     
   6.1163274073769225E-003   1.0503019522272410        2.1667264329958051     
   6.1361856132450291E-003   1.0503942649342761        2.1707086603505021     
   6.1560438191131358E-003   1.0504988171141720        2.1752222393054690     
   6.1759020249812424E-003   1.0506155829702430        2.1802660576580255     
   6.1957602308493490E-003   1.0507445336922612        2.1858388741666022     
   6.2156184367174556E-003   1.0508856374635653        2.1919393188582905     
   6.2354766425855622E-003   1.0510388594689115        2.1985658933681824     
   6.2553348484536688E-003   1.0512041619030623        2.2057169713102027     
   6.2751930543217755E-003   1.0513815039801160        2.2133907986795869     
   6.2950512601898821E-003   1.0515708419435681        2.2215854942864923     
   6.3149094660579887E-003   1.0517721290771098        2.2302990502209448     
   6.3347676719260953E-003   1.0519853157161525        2.2395293323485457     
   6.3546258777942019E-003   1.0522103492600832        2.2492740808371381     
   6.3744840836623086E-003   1.0524471741852419        2.2595309107138690     
   6.3943422895304152E-003   1.0526957320586223        2.2702973124527484     
   6.4142004953985218E-003   1.0529559615522883        2.2815706525922410     
   6.4340587012666284E-003   1.0532277984585061        2.2933481743827540     
   6.4539169071347350E-003   1.0535111757055868        2.3056269984638584     
   6.4737751130028416E-003   1.0538060233744351        2.3184041235708035     
   6.4936333188709483E-003   1.0541122687158002        2.3316764272702324     
   6.5134915247390549E-003   1.0544298361682272        2.3454406667247900     
   6.5333497306071615E-003   1.0547586473766983        2.3596934794862037     
   6.5532079364752681E-003   1.0550986212119686        2.3744313843168730     
   6.5730661423433747E-003   1.0554496737905810        2.3896507820392805     
   6.5929243482114814E-003   1.0558117184955647        2.4053479564132743     
   6.6127825540795880E-003   1.0561846659978060        2.4215190750406825     
   6.6326407599476946E-003   1.0565684242780895        2.4381601902971117     
   6.6524989658158012E-003   1.0569628986498019        2.4552672402904703     
   6.6723571716839078E-003   1.0573679917822945        2.4728360498460242     
   6.6922153775520144E-003   1.0577836037248982        2.4908623315176279     
   6.7120735834201211E-003   1.0582096319315855        2.5093416866247344     
   6.7319317892882277E-003   1.0586459712862708        2.5282696063149350     
   6.7517899951563343E-003   1.0590925141287477        2.5476414726517049     
   6.7716482010244409E-003   1.0595491502812515        2.5674525597269056     
   6.7915064068925475E-003   1.0600157670756443        2.5876980347978171     
   6.8113646127606542E-003   1.0604922493812143        2.6083729594483853     
   6.8312228186287608E-003   1.0609784796330823        2.6294722907741472     
   6.8510810244968674E-003   1.0614743378612093        2.6509908825907580     
   6.8709392303649740E-003   1.0619797017199972        2.6729234866655709     
   6.8907974362330806E-003   1.0624944465184758        2.6952647539719523     
   6.9106556421011872E-003   1.0630184452510683        2.7180092359661723     
   6.9305138479692939E-003   1.0635515686289281        2.7411513858862082     
   6.9503720538374005E-003   1.0640936851118392        2.7646855600724134     
   6.9702302597055071E-003   1.0646446609406712        2.7886060193095319     
   6.9900884655736137E-003   1.0652043601703829        2.8129069301897509     
   7.0099466714417203E-003   1.0657726447035640        2.8375823664964894     
   7.0298048773098270E-003   1.0663493743245098        2.8626263106085630     
   7.0496630831779336E-003   1.0669344067338158        2.8880326549243018     
   7.0695212890460402E-003   1.0675275975834893        2.9137952033054684     
   7.0893794949141468E-003   1.0681288005125640        2.9399076725403948     
   7.1092377007822534E-003   1.0687378671832131        2.9663636938262332     
   7.1290959066503600E-003   1.0693546473173494        2.9931568142698732     
   7.1489541125184667E-003   1.0699789887337041        3.0202804984071481     
   7.1688123183865733E-003   1.0706107373853746        3.0477281297400869     
   7.1886705242546799E-003   1.0712497373978342        3.0754930122919180     
   7.2085287301227865E-003   1.0718958311073916        3.1035683721793603     
   7.2283869359908931E-003   1.0725488591000916        3.1319473592020413     
   7.2482451418589998E-003   1.0732086602510482        3.1606230484484987     
   7.2681033477271064E-003   1.0738750717642007        3.1895884419188372     
   7.2879615535952130E-003   1.0745479292124795        3.2188364701631791     
   7.3078197594633196E-003   1.0752270665783776        3.2483599939361816     
   7.3276779653314262E-003   1.0759123162949122        3.2781518058668682     
   7.3475361711995328E-003   1.0766035092869692        3.3082046321435961     
   7.3673943770676395E-003   1.0773004750130206        3.3385111342140434     
   7.3872525829357461E-003   1.0780030415072022        3.3690639104996052     
   7.4071107888038527E-003   1.0787110354217442        3.3998554981241025     
   7.4269689946719593E-003   1.0794242820697424        3.4308783746564422     
   7.4468272005400659E-003   1.0801426054682588        3.4621249598669630     
   7.4666854064081726E-003   1.0808658283817432        3.4935876174970693     
   7.4865436122762792E-003   1.0815937723657638        3.5252586570420150     
   7.5064018181443858E-003   1.0823262578110349        3.5571303355463524     
   7.5262600240124924E-003   1.0830631039877332        3.5891948594119873     
   7.5461182298805990E-003   1.0838041290900902        3.6214443862182710     
   7.5659764357487056E-003   1.0845491502812503        3.6538710265541572     
   7.5858346416168123E-003   1.0852979837383825        3.6864668458617511     
   7.6056928474849189E-003   1.0860504446980361        3.7192238662913066     
   7.6255510533530255E-003   1.0868063475017289        3.7521340685672189     
   7.6454092592211321E-003   1.0875655056417548        3.7851893938646781     
   7.6652674650892387E-003   1.0883277318072022        3.8183817456967528     
   7.6851256709573454E-003   1.0890928379301703        3.8517029918116781     
   7.7049838768254520E-003   1.0898606352321718        3.8851449660998676     
   7.7248420826935586E-003   1.0906309342707112        3.9186994705105156     
   7.7447002885616652E-003   1.0914035449860269        3.9523582769774248     
   7.7645584944297718E-003   1.0921782767479857        3.9861131293537433     
   7.7844167002978784E-003   1.0929549384031183        4.0199557453553343     
   7.8042749061659851E-003   1.0937333383217822        4.0538778185124302     
   7.8241331120340925E-003   1.0945132844454450        4.0878710201293158     
   7.8439913179021992E-003   1.0952945843340716        4.1219270012517191     
   7.8638495237703058E-003   1.0960770452136051        4.1560373946415083     
   7.8837077296384124E-003   1.0968604740235317        4.1901938167584651     
   7.9035659355065190E-003   1.0976446774645152        4.2243878697487398     
   7.9234241413746256E-003   1.0984294620460908        4.2586111434397695     
   7.9432823472427323E-003   1.0992146341344062        4.2928552173412031     
   7.9631405531108389E-003   1.0999999999999972        4.3271116626514621     
   7.9829987589789455E-003   1.1007853658655882        4.3613720442697828     
   8.0028569648470521E-003   1.1015705379539036        4.3956279228132003     
   8.0227151707151587E-003   1.1023553225354794        4.4298708566382068     
   8.0425733765832653E-003   1.1031395259764629        4.4640924038666503     
   8.0624315824513720E-003   1.1039229547863894        4.4982841244156431     
   8.0822897883194786E-003   1.1047054156659228        4.5324375820309442     
   8.1021479941875852E-003   1.1054867155545494        4.5665443463235187     
   8.1220062000556918E-003   1.1062666616782124        4.6005959948089030     
   8.1418644059237984E-003   1.1070450615968763        4.6345841149488285     
   8.1617226117919051E-003   1.1078217232520087        4.6685003061950523     
   8.1815808176600117E-003   1.1085964550139675        4.7023361820345269     
   8.2014390235281183E-003   1.1093690657292834        4.7360833720357860     
   8.2212972293962249E-003   1.1101393647678226        4.7697335238961189     
   8.2411554352643315E-003   1.1109071620698241        4.8032783054890142     
   8.2610136411324381E-003   1.1116722681927924        4.8367094069113925     
   8.2808718470005448E-003   1.1124344943582398        4.8700185425302847     
   8.3007300528686514E-003   1.1131936524982657        4.9031974530285520     
   8.3205882587367580E-003   1.1139495553019585        4.9362379074489651     
   8.3404464646048646E-003   1.1147020162616124        4.9691317052363857     
   8.3603046704729712E-003   1.1154508497187445        5.0018706782774789     
   8.3801628763410779E-003   1.1161958709099045        5.0344466929375145     
   8.4000210822091845E-003   1.1169368960122616        5.0668516520937343     
   8.4198792880772911E-003   1.1176737421889600        5.0990774971647514     
   8.4397374939453977E-003   1.1184062276342310        5.1311162101356107     
   8.4595956998135043E-003   1.1191341716182515        5.1629598155778060     
   8.4794539056816109E-003   1.1198573945317361        5.1946003826639764     
   8.4993121115497176E-003   1.1205757179302525        5.2260300271764386     
   8.5191703174178242E-003   1.1212889645782507        5.2572409135093601     
   8.5390285232859308E-003   1.1219969584927929        5.2882252566637780     
   8.5588867291540374E-003   1.1226995249869745        5.3189753242350584     
   8.5787449350221440E-003   1.1233964907130258        5.3494834383921628     
   8.5986031408902507E-003   1.1240876837050828        5.3797419778482389     
   8.6184613467583573E-003   1.1247729334216174        5.4097433798219177     
   8.6383195526264639E-003   1.1254520707875157        5.4394801419887093     
   8.6581777584945705E-003   1.1261249282357946        5.4689448244220644     
   8.6780359643626771E-003   1.1267913397489471        5.4981300515233613     
   8.6978941702307837E-003   1.1274511408999037        5.5270285139403130     
   8.7177523760988904E-003   1.1281041688926037        5.5556329704732805     
   8.7376105819669970E-003   1.1287502626021613        5.5839362499686649     
   8.7574687878351036E-003   1.1293892626146209        5.6119312531990238     
   8.7773269937032102E-003   1.1300210112662914        5.6396109547292665     
   8.7971851995713168E-003   1.1306453526826461        5.6669684047681486     
   8.8170434054394235E-003   1.1312621328167827        5.6939967310047415     
   8.8369016113075301E-003   1.1318711994874318        5.7206891404289157     
   8.8567598171756367E-003   1.1324724024165065        5.7470389211357054     
   8.8766180230437433E-003   1.1330655932661799        5.7730394441123929     
   8.8964762289118499E-003   1.1336506256754861        5.7986841650081304     
   8.9163344347799565E-003   1.1342273552964319        5.8239666258853395     
   8.9361926406480632E-003   1.1347956398296133        5.8488804569521564     
   8.9560508465161698E-003   1.1353553390593250        5.8734193782755248     
   8.9759090523842764E-003   1.1359063148881570        5.8975772014741477     
   8.9957672582523830E-003   1.1364484313710681        5.9213478313908690     
   9.0156254641204896E-003   1.1369815547489281        5.9447252677435793     
   9.0354836699885963E-003   1.1375055534815206        5.9677036067543776     
   9.0553418758567029E-003   1.1380202982799992        5.9902770427561736     
   9.0752000817248095E-003   1.1385256621387871        6.0124398697762151     
   9.0950582875929161E-003   1.1390215203669143        6.0341864830958274     
   9.1149164934610227E-003   1.1395077506187823        6.0555113807859495     
   9.1347746993291293E-003   1.1399842329243524        6.0764091652177177     
   9.1546329051972360E-003   1.1404508497187453        6.0968745445475996     
   9.1744911110653426E-003   1.1409074858712491        6.1169023341764373     
   9.1943493169334492E-003   1.1413540287137260        6.1364874581819064     
   9.2142075228015558E-003   1.1417903680684114        6.1556249507237544     
   9.2340657286696624E-003   1.1422163962750989        6.1743099574212392     
   9.2539239345377691E-003   1.1426320082177026        6.1925377367022678     
   9.2737821404058757E-003   1.1430371013501952        6.2103036611237519     
   9.2936403462739823E-003   1.1434315757219078        6.2276032186624439     
   9.3134985521420889E-003   1.1438153340021913        6.2444320139758416     
   9.3333567580101955E-003   1.1441882815044329        6.2607857696327853     
   9.3532149638783021E-003   1.1445503262094168        6.2766603273129027     
   9.3730731697464088E-003   1.1449013787880291        6.2920516489747023     
   9.3929313756145154E-003   1.1452413526232994        6.3069558179916774     
   9.4127895814826220E-003   1.1455701638317708        6.3213690402559717     
   9.4326477873507286E-003   1.1458877312841975        6.3352876452491200     
   9.4525059932188352E-003   1.1461939766255629        6.3487080870794781     
   9.4723641990869419E-003   1.1464888242944111        6.3616269454857362     
   9.4922224049550485E-003   1.1467722015414921        6.3740409268063560     
   9.5120806108231551E-003   1.1470440384477101        6.3859468649141453     
   9.5319388166912617E-003   1.1473042679413761        6.3973417221159572     
   9.5517970225593683E-003   1.1475528258147565        6.4082225900167540     
   9.5716552284274749E-003   1.1477896507399155        6.4185866903480360     
   9.5915134342955816E-003   1.1480146842838461        6.4284313757597955     
   9.6113716401636882E-003   1.1482278709228888        6.4377541305761774     
   9.6312298460317948E-003   1.1484291580564305        6.4465525715141325     
   9.6510880518999014E-003   1.1486184960198829        6.4548244483648123     
   9.6709462577680080E-003   1.1487958380969365        6.4625676446375868     
   9.6908044636361147E-003   1.1489611405310876        6.4697801781661148     
   9.7106626695042213E-003   1.1491143625364337        6.4764602016764865     
   9.7305208753723279E-003   1.1492554663077381        6.4826060033169837     
   9.7503790812404345E-003   1.1493844170297562        6.4882160071491688     
   9.7702372871085411E-003   1.1495011828858273        6.4932887736003968     
   9.7900954929766477E-003   1.1496057350657234        6.4978229998771706     
   9.8099536988447544E-003   1.1496980477727585        6.5018175203393982     
   9.8298119047128610E-003   1.1497780982301538        6.5052713068352768     
   9.8496701105809676E-003   1.1498458666866562        6.5081834689966636     
   9.8695283164490742E-003   1.1499013364214135        6.5105532544948783     
   9.8893865223171808E-003   1.1499444937480985        6.5123800492567110     
   9.9092447281852875E-003   1.1499753280182865        6.5136633776405590     
   9.9291029340533941E-003   1.1499938316240830        6.5144029025726775     
   9.9489611399215007E-003   1.1500000000000001        6.5145984256434444     
   9.9688193457896073E-003   1.1499938316240832        6.5142498871635892     
   9.9886775516577139E-003   1.1499753280182867        6.5133573661803004     
   1.0008535757525821E-002   1.1499444937480987        6.5119210804534093     
   1.0028393963393927E-002   1.1499013364214139        6.5099413863913416     
   1.0048252169262034E-002   1.1498458666866569        6.5074187789472155     
   1.0068110375130140E-002   1.1497780982301544        6.5043538914748131     
   1.0087968580998247E-002   1.1496980477727596        6.5007474955448332     
   1.0107826786866354E-002   1.1496057350657245        6.4966005007210228     
   1.0127684992734460E-002   1.1495011828858286        6.4919139542969635     
   1.0147543198602567E-002   1.1493844170297578        6.4866890409928812     
   1.0167401404470673E-002   1.1492554663077397        6.4809270826132908     
   1.0187259610338780E-002   1.1491143625364353        6.4746295376651117     
   1.0207117816206887E-002   1.1489611405310893        6.4677980009368543     
   1.0226976022074993E-002   1.1487958380969385        6.4604342030386386     
   1.0246834227943100E-002   1.1486184960198851        6.4525400099036387     
   1.0266692433811207E-002   1.1484291580564328        6.4441174222509989     
   1.0286550639679313E-002   1.1482278709228912        6.4351685750104188     
   1.0306408845547420E-002   1.1480146842838486        6.4256957367087528     
   1.0326267051415526E-002   1.1477896507399179        6.4157013088189316     
   1.0346125257283633E-002   1.1475528258147591        6.4051878250713523     
   1.0365983463151740E-002   1.1473042679413790        6.3941579507281965     
   1.0385841669019846E-002   1.1470440384477130        6.3826144818208972     
   1.0405699874887953E-002   1.1467722015414952        6.3705603443512233     
   1.0425558080756060E-002   1.1464888242944145        6.3579985934560730     
   1.0445416286624166E-002   1.1461939766255662        6.3449324125366946     
   1.0465274492492273E-002   1.1458877312842011        6.3313651123523895     
   1.0485132698360379E-002   1.1455701638317743        6.3173001300793814     
   1.0504990904228486E-002   1.1452413526233032        6.3027410283349825     
   1.0524849110096593E-002   1.1449013787880331        6.2876914941676860     
   1.0544707315964699E-002   1.1445503262094208        6.2721553380135875     
   1.0564565521832806E-002   1.1441882815044371        6.2561364926194685     
   1.0584423727700912E-002   1.1438153340021957        6.2396390119331482     
   1.0604281933569019E-002   1.1434315757219120        6.2226670699614361     
   1.0624140139437126E-002   1.1430371013501999        6.2052249595963485     
   1.0643998345305232E-002   1.1426320082177073        6.1873170914098248     
   1.0663856551173339E-002   1.1422163962751035        6.1689479924177482     
   1.0683714757041446E-002   1.1417903680684163        6.1501223048135829     
   1.0703572962909552E-002   1.1413540287137309        6.1308447846721288     
   1.0723431168777659E-002   1.1409074858712542        6.1111203006241155     
   1.0743289374645765E-002   1.1404508497187504        6.0909538325019543     
   1.0763147580513872E-002   1.1399842329243577        6.0703504699573871     
   1.0783005786381979E-002   1.1395077506187876        6.0493154110514853     
   1.0802863992250085E-002   1.1390215203669198        6.0278539608175858     
   1.0822722198118192E-002   1.1385256621387927        6.0059715297976259     
   1.0842580403986299E-002   1.1380202982800049        5.9836736325527768     
   1.0862438609854405E-002   1.1375055534815266        5.9609658861485197     
   1.0882296815722512E-002   1.1369815547489341        5.9378540086150933     
   1.0902155021590618E-002   1.1364484313710743        5.9143438173837897     
   1.0922013227458725E-002   1.1359063148881632        5.8904412276995952     
   1.0941871433326832E-002   1.1353553390593312        5.8661522510110373     
   1.0961729639194938E-002   1.1347956398296195        5.8414829933374017     
   1.0981587845063045E-002   1.1342273552964384        5.8164396536145651     
   1.1001446050931151E-002   1.1336506256754926        5.7910285220192907     
   1.1021304256799258E-002   1.1330655932661866        5.7652559782733759     
   1.1041162462667365E-002   1.1324724024165134        5.7391284899275252     
   1.1061020668535471E-002   1.1318711994874386        5.7126526106261926     
   1.1080878874403578E-002   1.1312621328167896        5.6858349783536140     
   1.1100737080271685E-002   1.1306453526826532        5.6586823136616813     
   1.1120595286139791E-002   1.1300210112662985        5.6312014178805461     
   1.1140453492007898E-002   1.1293892626146280        5.6033991713122022     
   1.1160311697876004E-002   1.1287502626021684        5.5752825314079173     
   1.1180169903744111E-002   1.1281041688926112        5.5468585309299661     
   1.1200028109612218E-002   1.1274511408999113        5.5181342760983574     
   1.1219886315480324E-002   1.1267913397489546        5.4891169447232695     
   1.1239744521348431E-002   1.1261249282358021        5.4598137843234014     
   1.1259602727216537E-002   1.1254520707875233        5.4302321102314108     
   1.1279460933084644E-002   1.1247729334216252        5.4003793036864911     
   1.1299319138952751E-002   1.1240876837050906        5.3702628099150491     
   1.1319177344820857E-002   1.1233964907130336        5.3398901361998989     
   1.1339035550688964E-002   1.1226995249869824        5.3092688499386131     
   1.1358893756557071E-002   1.1219969584928009        5.2784065766916042     
   1.1378751962425177E-002   1.1212889645782587        5.2473109982204837     
   1.1398610168293284E-002   1.1205757179302607        5.2159898505172908     
   1.1418468374161390E-002   1.1198573945317443        5.1844509218251353     
   1.1438326580029497E-002   1.1191341716182599        5.1527020506509045     
   1.1458184785897604E-002   1.1184062276342392        5.1207511237703276     
   1.1478042991765710E-002   1.1176737421889682        5.0886060742264023     
   1.1497901197633817E-002   1.1169368960122701        5.0562748793211272     
   1.1517759403501924E-002   1.1161958709099129        5.0237655586015677     
   1.1537617609370030E-002   1.1154508497187530        4.9910861718406752     
   1.1557475815238137E-002   1.1147020162616208        4.9582448170130178     
   1.1577334021106243E-002   1.1139495553019669        4.9252496282665161     
   1.1597192226974350E-002   1.1131936524982744        4.8921087738901967     
   1.1617050432842457E-002   1.1124344943582485        4.8588304542787153     
   1.1636908638710563E-002   1.1116722681928011        4.8254228998940771     
   1.1656766844578670E-002   1.1109071620698330        4.7918943692250338     
   1.1676625050446776E-002   1.1101393647678313        4.7582531467445621     
   1.1696483256314883E-002   1.1093690657292921        4.7245075408661057     
   1.1716341462182990E-002   1.1085964550139762        4.6906658818986733     
   1.1736199668051096E-002   1.1078217232520173        4.6567365200016813     
   1.1756057873919203E-002   1.1070450615968850        4.6227278231396145     
   1.1775916079787310E-002   1.1062666616782211        4.5886481750371395     
   1.1795774285655416E-002   1.1054867155545582        4.5545059731351021     
   1.1815632491523523E-002   1.1047054156659317        4.5203096265476415     
   1.1835490697391629E-002   1.1039229547863982        4.4860675540211474     
   1.1855348903259736E-002   1.1031395259764718        4.4517881818951359     
   1.1875207109127843E-002   1.1023553225354881        4.4174799420657065     
   1.1895065314995949E-002   1.1015705379539125        4.3831512699518411     
   1.1914923520864056E-002   1.1007853658655971        4.3488106024648738     
   1.1934781726732163E-002   1.1000000000000061        4.3144663759817421     
   1.1954639932600269E-002   1.0992146341344151        4.2801270243221277     
   1.1974498138468376E-002   1.0984294620460997        4.2458009767299965     
   1.1994356344336482E-002   1.0976446774645239        4.2114966558599090     
   1.2014214550204589E-002   1.0968604740235406        4.1772224757684162     
   1.2034072756072696E-002   1.0960770452136139        4.1429868399107459     
   1.2053930961940802E-002   1.0952945843340804        4.1087981391435733     
   1.2073789167808909E-002   1.0945132844454539        4.0746647497335591     
   1.2093647373677015E-002   1.0937333383217909        4.0405950313726420     
   1.2113505579545122E-002   1.0929549384031270        4.0065973251998850     
   1.2133363785413229E-002   1.0921782767479946        3.9726799518305582     
   1.2153221991281335E-002   1.0914035449860358        3.9388512093926060     
   1.2173080197149442E-002   1.0906309342707199        3.9051193715708403     
   1.2192938403017549E-002   1.0898606352321805        3.8714926856592329     
   1.2212796608885655E-002   1.0890928379301790        3.8379793706215111     
   1.2232654814753762E-002   1.0883277318072109        3.8045876151604507     
   1.2252513020621868E-002   1.0875655056417635        3.7713255757961455     
   1.2272371226489975E-002   1.0868063475017375        3.7382013749535159     
   1.2292229432358082E-002   1.0860504446980448        3.7052230990594732     
   1.2312087638226188E-002   1.0852979837383909        3.6723987966497882     
   1.2331945844094295E-002   1.0845491502812588        3.6397364764863296     
   1.2351804049962401E-002   1.0838041290900986        3.6072441056845541     
   1.2371662255830508E-002   1.0830631039877414        3.5749296078518462     
   1.2391520461698615E-002   1.0823262578110433        3.5428008612369459     
   1.2411378667566721E-002   1.0815937723657720        3.5108656968905545     
   1.2431236873434828E-002   1.0808658283817516        3.4791318968377176     
   1.2451095079302935E-002   1.0801426054682670        3.4476071922619589     
   1.2470953285171041E-002   1.0794242820697504        3.4162992617017718     
   1.2490811491039148E-002   1.0787110354217524        3.3852157292595004     
   1.2510669696907254E-002   1.0780030415072102        3.3543641628229812     
   1.2530527902775361E-002   1.0773004750130286        3.3237520723003811     
   1.2550386108643468E-002   1.0766035092869772        3.2933869078682423     
   1.2570244314511574E-002   1.0759123162949200        3.2632760582333620     
   1.2590102520379681E-002   1.0752270665783854        3.2334268489084566     
   1.2609960726247788E-002   1.0745479292124871        3.2038465405021972     
   1.2629818932115894E-002   1.0738750717642083        3.1745423270238087     
   1.2649677137984001E-002   1.0732086602510558        3.1455213342024289     
   1.2669535343852107E-002   1.0725488591000989        3.1167906178217204     
   1.2689393549720214E-002   1.0718958311073989        3.0883571620699315     
   1.2709251755588321E-002   1.0712497373978416        3.0602278779057088     
   1.2729109961456427E-002   1.0706107373853817        3.0324096014399586     
   1.2748968167324534E-002   1.0699789887337112        3.0049090923342923     
   1.2768826373192640E-002   1.0693546473173565        2.9777330322158950     
   1.2788684579060747E-002   1.0687378671832199        2.9508880231096999     
   1.2808542784928854E-002   1.0681288005125709        2.9243805858877501     
   1.2828400990796960E-002   1.0675275975834959        2.8982171587362697     
   1.2848259196665067E-002   1.0669344067338224        2.8724040956408361     
   1.2868117402533174E-002   1.0663493743245165        2.8469476648897265     
   1.2887975608401280E-002   1.0657726447035705        2.8218540475959930     
   1.2907833814269387E-002   1.0652043601703893        2.7971293362386160     
   1.2927692020137493E-002   1.0646446609406774        2.7727795332227765     
   1.2947550226005600E-002   1.0640936851118454        2.7488105494600208     
   1.2967408431873707E-002   1.0635515686289341        2.7252282029682671     
   1.2987266637741813E-002   1.0630184452510743        2.7020382174922291     
   1.3007124843609920E-002   1.0624944465184816        2.6792462211444441     
   1.3026983049478027E-002   1.0619797017200030        2.6568577450674433     
   1.3046841255346133E-002   1.0614743378612150        2.6348782221171745     
   1.3066699461214240E-002   1.0609784796330879        2.6133129855682049     
   1.3086557667082346E-002   1.0604922493812199        2.5921672678409275     
   1.3106415872950453E-002   1.0600157670756496        2.5714461992512279     
   1.3126274078818560E-002   1.0595491502812568        2.5511548067829009     
   1.3146132284686666E-002   1.0590925141287528        2.5312980128830449     
   1.3165990490554773E-002   1.0586459712862759        2.5118806342810611     
   1.3185848696422879E-002   1.0582096319315903        2.4929073808312774     
   1.3205706902290986E-002   1.0577836037249031        2.4743828543798454     
   1.3225565108159093E-002   1.0573679917822991        2.4563115476559538     
   1.3245423314027199E-002   1.0569628986498065        2.4386978431879482     
   1.3265281519895306E-002   1.0565684242780939        2.4215460122445314     
   1.3285139725763413E-002   1.0561846659978102        2.4048602138014727     
   1.3304997931631519E-002   1.0558117184955687        2.3886444935340920     
   1.3324856137499626E-002   1.0554496737905850        2.3729027828359150     
   1.3344714343367732E-002   1.0550986212119724        2.3576388978636742     
   1.3364572549235839E-002   1.0547586473767021        2.3428565386092459     
   1.3384430755103946E-002   1.0544298361682307        2.3285592879985031     
   1.3404288960972052E-002   1.0541122687158038        2.3147506110177050     
   1.3424147166840159E-002   1.0538060233744384        2.3014338538674561     
   1.3444005372708265E-002   1.0535111757055902        2.2886122431447591     
   1.3463863578576372E-002   1.0532277984585092        2.2762888850532934     
   1.3483721784444479E-002   1.0529559615522912        2.2644667646422576     
   1.3503579990312585E-002   1.0526957320586252        2.2531487450741370     
   1.3523438196180692E-002   1.0524471741852446        2.2423375669214232     
   1.3543296402048799E-002   1.0522103492600858        2.2320358474929165     
   1.3563154607916905E-002   1.0519853157161549        2.2222460801894393     
   1.3583012813785012E-002   1.0517721290771120        2.2129706338896109     
   1.3602871019653118E-002   1.0515708419435703        2.2042117523655809     
   1.3622729225521225E-002   1.0513815039801180        2.1959715537291444     
   1.3642587431389332E-002   1.0512041619030643        2.1882520299084240     
   1.3662445637257438E-002   1.0510388594689133        2.1810550461552802     
   1.3682303843125545E-002   1.0508856374635671        2.1743823405836342     
   1.3702162048993652E-002   1.0507445336922627        2.1682355237389386     
   1.3722020254861758E-002   1.0506155829702444        2.1626160781989787     
   1.3741878460729865E-002   1.0504988171141731        2.1575253582060530     
   1.3761736666597971E-002   1.0503942649342772        2.1529645893308409     
   1.3781594872466078E-002   1.0503019522272419        2.1489348681678937     
   1.3801453078334185E-002   1.0502219017698469        2.1454371620631747     
   1.3821311284202291E-002   1.0501541333133442        2.1424723088733684     
   1.3841169490070398E-002   1.0500986635785869        2.1400410167574386     
   1.3861027695938504E-002   1.0500555062519019        2.1381438640001980     
   1.3880885901806611E-002   1.0500246719817137        2.1367812988682404     
   1.3900744107674718E-002   1.0500061683759172        2.1359536394981364     
   1.3920602313542824E-002   1.0500000000000000        2.1356610738168693     
   1.3940460519410931E-002   1.0500061683759170        2.1359036594948204     
   1.3960318725279038E-002   1.0500246719817132        2.1366813239309725     
   1.3980176931147144E-002   1.0500555062519012        2.1379938642706970     
   1.4000035137015251E-002   1.0500986635785861        2.1398409474557569     
   1.4019893342883357E-002   1.0501541333133431        2.1422221103068355     
   1.4039751548751464E-002   1.0502219017698453        2.1451367596383171     
   1.4059609754619571E-002   1.0503019522272403        2.1485841724054526     
   1.4079467960487677E-002   1.0503942649342752        2.1525634958836184     
   1.4099326166355784E-002   1.0504988171141711        2.1570737478799407     
   1.4119184372223891E-002   1.0506155829702419        2.1621138169768295     
   1.4139042578091997E-002   1.0507445336922601        2.1676824628075808     
   1.4158900783960104E-002   1.0508856374635642        2.1737783163638382     
   1.4178758989828210E-002   1.0510388594689102        2.1803998803347957     
   1.4198617195696317E-002   1.0512041619030610        2.1875455294780184     
   1.4218475401564424E-002   1.0513815039801144        2.1952135110217186     
   1.4238333607432530E-002   1.0515708419435665        2.2034019450983706     
   1.4258191813300637E-002   1.0517721290771080        2.2121088252093899     
   1.4278050019168743E-002   1.0519853157161507        2.2213320187208678     
   1.4297908225036850E-002   1.0522103492600812        2.2310692673899588     
   1.4317766430904957E-002   1.0524471741852399        2.2413181879219244     
   1.4337624636773063E-002   1.0526957320586203        2.2520762725574190     
   1.4357482842641170E-002   1.0529559615522861        2.2633408896899554     
   1.4377341048509277E-002   1.0532277984585039        2.2751092845132832     
   1.4397199254377383E-002   1.0535111757055846        2.2873785796983310     
   1.4417057460245490E-002   1.0538060233744326        2.3001457760995425     
   1.4436915666113596E-002   1.0541122687157978        2.3134077534904307     
   1.4456773871981703E-002   1.0544298361682245        2.3271612713279137     
   1.4476632077849810E-002   1.0547586473766957        2.3414029695451961     
   1.4496490283717916E-002   1.0550986212119657        2.3561293693731287     
   1.4516348489586023E-002   1.0554496737905781        2.3713368741893319     
   1.4536206695454129E-002   1.0558117184955615        2.3870217703952177     
   1.4556064901322236E-002   1.0561846659978029        2.4031802283203665     
   1.4575923107190343E-002   1.0565684242780866        2.4198083031539817     
   1.4595781313058449E-002   1.0569628986497988        2.4369019359031348     
   1.4615639518926556E-002   1.0573679917822911        2.4544569543775618     
   1.4635497724794663E-002   1.0577836037248951        2.4724690742004483     
   1.4655355930662769E-002   1.0582096319315821        2.4909338998451811     
   1.4675214136530876E-002   1.0586459712862675        2.5098469256975520     
   1.4695072342398982E-002   1.0590925141287442        2.5292035371430037     
   1.4714930548267089E-002   1.0595491502812480        2.5489990116788932     
   1.4734788754135196E-002   1.0600157670756407        2.5692285200510758     
   1.4754646960003302E-002   1.0604922493812106        2.5898871274146575     
   1.4774505165871409E-002   1.0609784796330783        2.6109697945186015     
   1.4794363371739516E-002   1.0614743378612055        2.6324713789137495     
   1.4814221577607622E-002   1.0619797017199932        2.6543866361838999     
   1.4834079783475729E-002   1.0624944465184716        2.6767102211997340     
   1.4853937989343835E-002   1.0630184452510640        2.6994366893951418     
   1.4873796195211942E-002   1.0635515686289239        2.7225604980655018     
   1.4893654401080049E-002   1.0640936851118350        2.7460760076878468     
   1.4913512606948155E-002   1.0646446609406668        2.7699774832623021     
   1.4933370812816262E-002   1.0652043601703785        2.7942590956746152     
   1.4953229018684368E-002   1.0657726447035596        2.8189149230792796     
   1.4973087224552475E-002   1.0663493743245052        2.8439389523031231     
   1.4992945430420582E-002   1.0669344067338111        2.8693250802688484     
   1.5012803636288688E-002   1.0675275975834846        2.8950671154381866     
   1.5032661842156795E-002   1.0681288005125591        2.9211587792744762     
   1.5052520048024902E-002   1.0687378671832082        2.9475937077241894     
   1.5072378253893008E-002   1.0693546473173445        2.9743654527171048     
   1.5092236459761115E-002   1.0699789887336990        3.0014674836848045     
   1.5112094665629221E-002   1.0706107373853695        3.0288931890972037     
   1.5131952871497328E-002   1.0712497373978291        3.0566358780167580     
   1.5151811077365435E-002   1.0718958311073865        3.0846887816699335     
   1.5171669283233541E-002   1.0725488591000865        3.1130450550358399     
   1.5191527489101648E-002   1.0732086602510431        3.1416977784513938     
   1.5211385694969754E-002   1.0738750717641954        3.1706399592330614     
   1.5231243900837861E-002   1.0745479292124742        3.1998645333145563     
   1.5251102106705968E-002   1.0752270665783723        3.2293643669002794     
   1.5270960312574074E-002   1.0759123162949069        3.2591322581343154     
   1.5290818518442181E-002   1.0766035092869637        3.2891609387844563     
   1.5310676724310288E-002   1.0773004750130151        3.3194430759411748     
   1.5330534930178394E-002   1.0780030415071966        3.3499712737310210     
   1.5350393136046501E-002   1.0787110354217386        3.3807380750443152     
   1.5370251341914607E-002   1.0794242820697368        3.4117359632767967     
   1.5390109547782714E-002   1.0801426054682530        3.4429573640848026     
   1.5409967753650821E-002   1.0808658283817376        3.4743946471539373     
   1.5429825959518927E-002   1.0815937723657580        3.5060401279805755     
   1.5449684165387034E-002   1.0823262578110291        3.5378860696663477     
   1.5469542371255141E-002   1.0830631039877272        3.5699246847248625     
   1.5489400577123247E-002   1.0838041290900844        3.6021481369007367     
   1.5509258782991354E-002   1.0845491502812443        3.6345485430003999     
   1.5529116988859460E-002   1.0852979837383765        3.6671179747345475     
   1.5548975194727567E-002   1.0860504446980301        3.6998484605717654     
   1.5568833400595674E-002   1.0868063475017229        3.7327319876032714     
   1.5588691606463780E-002   1.0875655056417488        3.7657605034182562     
   1.5608549812331887E-002   1.0883277318071962        3.7989259179896213     
   1.5628408018199993E-002   1.0890928379301643        3.8322201055699123     
   1.5648266224068102E-002   1.0898606352321658        3.8656349065969313     
   1.5668124429936210E-002   1.0906309342707052        3.8991621296089352     
   1.5687982635804319E-002   1.0914035449860209        3.9327935531690477     
   1.5707840841672427E-002   1.0921782767479800        3.9665209277985043     
   1.5727699047540535E-002   1.0929549384031123        4.0003359779185530     
   1.5747557253408644E-002   1.0937333383217764        4.0342304038006436     
   1.5767415459276752E-002   1.0945132844454393        4.0681958835245302     
   1.5787273665144860E-002   1.0952945843340658        4.1022240749441252     
   1.5807131871012969E-002   1.0960770452135993        4.1363066176606553     
   1.5826990076881077E-002   1.0968604740235259        4.1704351350028022     
   1.5846848282749185E-002   1.0976446774645097        4.2046012360135876     
   1.5866706488617294E-002   1.0984294620460853        4.2387965174435811     
   1.5886564694485402E-002   1.0992146341344009        4.2730125657502729     
   1.5906422900353510E-002   1.0999999999999919        4.3072409591028249     
   1.5926281106221619E-002   1.1007853658655831        4.3414732693925577     
   1.5946139312089727E-002   1.1015705379538985        4.3757010642480854     
   1.5965997517957835E-002   1.1023553225354741        4.4099159090553153     
   1.5985855723825944E-002   1.1031395259764578        4.4441093689815938     
   1.6005713929694052E-002   1.1039229547863845        4.4782730110037621     
   1.6025572135562161E-002   1.1047054156659180        4.5123984059398108     
   1.6045430341430269E-002   1.1054867155545445        4.5464771304836269     
   1.6065288547298377E-002   1.1062666616782075        4.5805007692424624     
   1.6085146753166486E-002   1.1070450615968717        4.6144609167768449     
   1.6105004959034594E-002   1.1078217232520040        4.6483491796423708     
   1.6124863164902702E-002   1.1085964550139631        4.6821571784331306     
   1.6144721370770811E-002   1.1093690657292787        4.7158765498261532     
   1.6164579576638919E-002   1.1101393647678184        4.7494989486267212     
   1.6184437782507027E-002   1.1109071620698199        4.7830160498137495     
   1.6204295988375136E-002   1.1116722681927882        4.8164195505852918     
   1.6224154194243244E-002   1.1124344943582356        4.8497011724030967     
   1.6244012400111352E-002   1.1131936524982617        4.8828526630364992     
   1.6263870605979461E-002   1.1139495553019545        4.9158657986044059     
   1.6283728811847569E-002   1.1147020162616084        4.9487323856156005     
   1.6303587017715677E-002   1.1154508497187408        4.9814442630064377     
   1.6323445223583786E-002   1.1161958709099009        5.0139933041756164     
   1.6343303429451894E-002   1.1169368960122581        5.0463714190155642     
   1.6363161635320003E-002   1.1176737421889564        5.0785705559398346     
   1.6383019841188111E-002   1.1184062276342275        5.1105827039060969     
   1.6402878047056219E-002   1.1191341716182481        5.1423998944342344     
   1.6422736252924328E-002   1.1198573945317329        5.1740142036188699     
   1.6442594458792436E-002   1.1205757179302493        5.2054177541359605     
   1.6462452664660544E-002   1.1212889645782476        5.2366027172429055     
   1.6482310870528653E-002   1.1219969584927898        5.2675613147715392     
   1.6502169076396761E-002   1.1226995249869716        5.2982858211134864     
   1.6522027282264869E-002   1.1233964907130229        5.3287685651974561     
   1.6541885488132978E-002   1.1240876837050802        5.3590019324577725     
   1.6561743694001086E-002   1.1247729334216148        5.3889783667936015     
   1.6581601899869194E-002   1.1254520707875131        5.4186903725183315     
   1.6601460105737303E-002   1.1261249282357921        5.4481305162985922     
   1.6621318311605411E-002   1.1267913397489446        5.4772914290821824     
   1.6641176517473519E-002   1.1274511408999015        5.5061658080145044     
   1.6661034723341628E-002   1.1281041688926015        5.5347464183427695     
   1.6680892929209736E-002   1.1287502626021590        5.5630260953074595     
   1.6700751135077845E-002   1.1293892626146189        5.5909977460203892     
   1.6720609340945953E-002   1.1300210112662894        5.6186543513288427     
   1.6740467546814061E-002   1.1306453526826441        5.6459889676652129     
   1.6760325752682170E-002   1.1312621328167807        5.6729947288813412     
   1.6780183958550278E-002   1.1318711994874300        5.6996648480671519     
   1.6800042164418386E-002   1.1324724024165047        5.7259926193529207     
   1.6819900370286495E-002   1.1330655932661784        5.7519714196945628     
   1.6839758576154603E-002   1.1336506256754846        5.7775947106411945     
   1.6859616782022711E-002   1.1342273552964304        5.8028560400846825     
   1.6879474987890820E-002   1.1347956398296117        5.8277490439901438     
   1.6899333193758928E-002   1.1353553390593236        5.8522674481072210     
   1.6919191399627036E-002   1.1359063148881556        5.8764050696610965     
   1.6939049605495145E-002   1.1364484313710670        5.9001558190229844     
   1.6958907811363253E-002   1.1369815547489270        5.9235137013593304     
   1.6978766017231361E-002   1.1375055534815195        5.9464728182590738     
   1.6998624223099470E-002   1.1380202982799983        5.9690273693384874     
   1.7018482428967578E-002   1.1385256621387863        5.9911716538228905     
   1.7038340634835687E-002   1.1390215203669134        6.0129000721047321     
   1.7058198840703795E-002   1.1395077506187814        6.0342071272772930     
   1.7078057046571903E-002   1.1399842329243515        6.0550874266436967     
   1.7097915252440012E-002   1.1404508497187444        6.0755356832002487     
   1.7117773458308120E-002   1.1409074858712485        6.0955467170939475     
   1.7137631664176228E-002   1.1413540287137254        6.1151154570532187     
   1.7157489870044337E-002   1.1417903680684109        6.1342369417916478     
   1.7177348075912445E-002   1.1422163962750982        6.1529063213837913     
   1.7197206281780553E-002   1.1426320082177022        6.1711188586129104     
   1.7217064487648662E-002   1.1430371013501948        6.1888699302896422     
   1.7236922693516770E-002   1.1434315757219073        6.2061550285414722     
   1.7256780899384878E-002   1.1438153340021910        6.2229697620722657     
   1.7276639105252987E-002   1.1441882815044326        6.2393098573912944     
   1.7296497311121095E-002   1.1445503262094165        6.2551711600114617     
   1.7316355516989203E-002   1.1449013787880289        6.2705496356159829     
   1.7336213722857312E-002   1.1452413526232992        6.2854413711932375     
   1.7356071928725420E-002   1.1455701638317706        6.2998425761391124     
   1.7375930134593529E-002   1.1458877312841975        6.3137495833265742     
   1.7395788340461637E-002   1.1461939766255629        6.3271588501418359     
   1.7415646546329745E-002   1.1464888242944111        6.3400669594867987     
   1.7435504752197854E-002   1.1467722015414921        6.3524706207473347     
   1.7455362958065962E-002   1.1470440384477101        6.3643666707267803     
   1.7475221163934070E-002   1.1473042679413761        6.3757520745446117     
   1.7495079369802179E-002   1.1475528258147565        6.3866239264995146     
   1.7514937575670287E-002   1.1477896507399155        6.3969794508968532     
   1.7534795781538395E-002   1.1480146842838461        6.4068160028397125     
   1.7554653987406504E-002   1.1482278709228890        6.4161310689836997     
   1.7574512193274612E-002   1.1484291580564308        6.4249222682547176     
   1.7594370399142720E-002   1.1486184960198831        6.4331873525296581     
   1.7614228605010829E-002   1.1487958380969368        6.4409242072796014     
   1.7634086810878937E-002   1.1489611405310876        6.4481308521752450     
   1.7653945016747045E-002   1.1491143625364340        6.4548054416543499     
   1.7673803222615154E-002   1.1492554663077381        6.4609462654508460     
   1.7693661428483262E-002   1.1493844170297565        6.4665517490855224     
   1.7713519634351371E-002   1.1495011828858275        6.4716204543177973     
   1.7733377840219479E-002   1.1496057350657236        6.4761510795587780     
   1.7753236046087587E-002   1.1496980477727587        6.4801424602449549     
   1.7773094251955696E-002   1.1497780982301538        6.4835935691728102     
   1.7792952457823804E-002   1.1498458666866562        6.4865035167937855     
   1.7812810663691912E-002   1.1499013364214135        6.4888715514697930     
   1.7832668869560021E-002   1.1499444937480985        6.4906970596889941     
   1.7852527075428129E-002   1.1499753280182865        6.4919795662417323     
   1.7872385281296237E-002   1.1499938316240830        6.4927187343566324     
   1.7892243487164346E-002   1.1500000000000001        6.4929143657967501     
   1.7912101693032454E-002   1.1499938316240832        6.4925664009157469     
   1.7931959898900562E-002   1.1499753280182867        6.4916749186739899     
   1.7951818104768671E-002   1.1499444937480987        6.4902401366147586     
   1.7971676310636779E-002   1.1499013364214139        6.4882624108002780     
   1.7991534516504887E-002   1.1498458666866567        6.4857422357079475     
   1.8011392722372996E-002   1.1497780982301544        6.4826802440865121     
   1.8031250928241104E-002   1.1496980477727594        6.4790772067724456     
   1.8051109134109213E-002   1.1496057350657243        6.4749340324664919     
   1.8070967339977321E-002   1.1495011828858284        6.4702517674706197     
   1.8090825545845429E-002   1.1493844170297574        6.4650315953853026     
   1.8110683751713538E-002   1.1492554663077392        6.4592748367674853     
   1.8130541957581646E-002   1.1491143625364351        6.4529829487492272     
   1.8150400163449754E-002   1.1489611405310889        6.4461575246172975     
   1.8170258369317863E-002   1.1487958380969379        6.4388002933537907     
   1.8190116575185971E-002   1.1486184960198844        6.4309131191382374     
   1.8209974781054079E-002   1.1484291580564321        6.4224980008109389     
   1.8229832986922188E-002   1.1482278709228906        6.4135570712984169     
   1.8249691192790296E-002   1.1480146842838479        6.4040925970006564     
   1.8269549398658404E-002   1.1477896507399172        6.3941069771407992     
   1.8289407604526513E-002   1.1475528258147583        6.3836027430773301     
   1.8309265810394621E-002   1.1473042679413779        6.3725825575792703     
   1.8329124016262729E-002   1.1470440384477119        6.3610492140645354     
   1.8348982222130838E-002   1.1467722015414941        6.3490056358018707     
   1.8368840427998946E-002   1.1464888242944133        6.3364548750767167     
   1.8388698633867055E-002   1.1461939766255651        6.3234001123213979     
   1.8408556839735163E-002   1.1458877312841997        6.3098446552099050     
   1.8428415045603271E-002   1.1455701638317730        6.2957919377178095     
   1.8448273251471380E-002   1.1452413526233016        6.2812455191475927     
   1.8468131457339488E-002   1.1449013787880316        6.2662090831199411     
   1.8487989663207596E-002   1.1445503262094190        6.2506864365312760     
   1.8507847869075705E-002   1.1441882815044353        6.2346815084782152     
   1.8527706074943813E-002   1.1438153340021939        6.2181983491490804     
   1.8547564280811921E-002   1.1434315757219102        6.2012411286832316     
   1.8567422486680030E-002   1.1430371013501979        6.1838141359986203     
   1.8587280692548138E-002   1.1426320082177053        6.1659217775879034     
   1.8607138898416246E-002   1.1422163962751013        6.1475685762838816     
   1.8626997104284355E-002   1.1417903680684141        6.1287591699945452     
   1.8646855310152463E-002   1.1413540287137287        6.1094983104083731     
   1.8666713516020571E-002   1.1409074858712518        6.0897908616703829     
   1.8686571721888680E-002   1.1404508497187480        6.0696417990294789     
   1.8706429927756788E-002   1.1399842329243550        6.0490562074576566     
   1.8726288133624897E-002   1.1395077506187850        6.0280392802416030     
   1.8746146339493005E-002   1.1390215203669170        6.0065963175472117     
   1.8766004545361113E-002   1.1385256621387900        5.9847327249576878     
   1.8785862751229222E-002   1.1380202982800021        5.9624540119857530     
   1.8805720957097330E-002   1.1375055534815235        5.9397657905604904     
   1.8825579162965438E-002   1.1369815547489308        5.9166737734895323     
   1.8845437368833547E-002   1.1364484313710710        5.8931837728970748     
   1.8865295574701655E-002   1.1359063148881596        5.8693016986383366     
   1.8885153780569763E-002   1.1353553390593276        5.8450335566911349     
   1.8905011986437872E-002   1.1347956398296160        5.8203854475250525     
   1.8924870192305980E-002   1.1342273552964346        5.7953635644489410     
   1.8944728398174088E-002   1.1336506256754888        5.7699741919372771     
   1.8964586604042197E-002   1.1330655932661828        5.7442237039360027     
   1.8984444809910305E-002   1.1324724024165091        5.7181185621483994     
   1.9004303015778413E-002   1.1318711994874344        5.6916653143018303     
   1.9024161221646522E-002   1.1312621328167853        5.6648705923956744     
   1.9044019427514630E-002   1.1306453526826488        5.6377411109311462     
   1.9063877633382739E-002   1.1300210112662941        5.6102836651239008     
   1.9083735839250847E-002   1.1293892626146236        5.5825051290995162     
   1.9103594045118955E-002   1.1287502626021637        5.5544124540728825     
   1.9123452250987064E-002   1.1281041688926063        5.5260126665120701     
   1.9143310456855172E-002   1.1274511408999064        5.4973128662869470     
   1.9163168662723280E-002   1.1267913397489495        5.4683202248035609     
   1.9183026868591389E-002   1.1261249282357970        5.4390419831246666     
   1.9202885074459497E-002   1.1254520707875182        5.4094854500770522     
   1.9222743280327605E-002   1.1247729334216199        5.3796580003461836     
   1.9242601486195714E-002   1.1240876837050853        5.3495670725589779     
   1.9262459692063822E-002   1.1233964907130281        5.3192201673549295     
   1.9282317897931930E-002   1.1226995249869767        5.2886248454465994     
   1.9302176103800039E-002   1.1219969584927951        5.2577887256696689     
   1.9322034309668147E-002   1.1212889645782529        5.2267194830233601     
   1.9341892515536255E-002   1.1205757179302547        5.1954248467017408     
   1.9361750721404364E-002   1.1198573945317383        5.1639125981163811     
   1.9381608927272472E-002   1.1191341716182537        5.1321905689110894     
   1.9401467133140581E-002   1.1184062276342330        5.1002666389691074     
   1.9421325339008689E-002   1.1176737421889618        5.0681487344134100     
   1.9441183544876797E-002   1.1169368960122634        5.0358448256006589     
   1.9461041750744906E-002   1.1161958709099065        5.0033629251092115     
   1.9480899956613014E-002   1.1154508497187463        4.9707110857218568     
   1.9500758162481122E-002   1.1147020162616139        4.9378973984037753     
   1.9520616368349231E-002   1.1139495553019600        4.9049299902761607     
   1.9540474574217339E-002   1.1131936524982673        4.8718170225859874     
   1.9560332780085447E-002   1.1124344943582414        4.8385666886725351     
   1.9580190985953556E-002   1.1116722681927937        4.8051872119311207     
   1.9600049191821664E-002   1.1109071620698256        4.7716868437744111     
   1.9619907397689772E-002   1.1101393647678242        4.7380738615919817     
   1.9639765603557881E-002   1.1093690657292847        4.7043565667083396     
   1.9659623809425989E-002   1.1085964550139689        4.6705432823401400     
   1.9679482015294097E-002   1.1078217232520098        4.6366423515528448     
   1.9699340221162206E-002   1.1070450615968772        4.6026621352173427     
   1.9719198427030314E-002   1.1062666616782133        4.5686110099669852     
   1.9739056632898423E-002   1.1054867155545505        4.5344973661553523     
   1.9758914838766531E-002   1.1047054156659237        4.5003296058154261     
   1.9778773044634639E-002   1.1039229547863902        4.4661161406202456     
   1.9798631250502748E-002   1.1031395259764636        4.4318653898457159     
   1.9818489456370856E-002   1.1023553225354801        4.3975857783358423     
   1.9838347662238964E-002   1.1015705379539042        4.3632857344708036     
   1.9858205868107073E-002   1.1007853658655888        4.3289736881383183     
   1.9878064073975181E-002   1.0999999999999976        4.2946580687085731     
   1.9897922279843289E-002   1.0992146341344067        4.2603473030131012     
   1.9917780485711398E-002   1.0984294620460913        4.2260498133281494     
   1.9937638691579506E-002   1.0976446774645154        4.1917740153625962     
   1.9957496897447614E-002   1.0968604740235317        4.1575283162510530     
   1.9977355103315723E-002   1.0960770452136053        4.1233211125523557     
   1.9997213309183831E-002   1.0952945843340718        4.0891607882537535     
   2.0017071515051939E-002   1.0945132844454450        4.0550557127812619     
   2.0036929720920048E-002   1.0937333383217822        4.0210142390164787     
   2.0056787926788156E-002   1.0929549384031181        3.9870447013200039     
   2.0076646132656265E-002   1.0921782767479857        3.9531554135621692     
   2.0096504338524373E-002   1.0914035449860267        3.9193546671609272     
   2.0116362544392481E-002   1.0906309342707108        3.8856507291276445     
   2.0136220750260590E-002   1.0898606352321714        3.8520518401208794     
   2.0156078956128698E-002   1.0890928379301699        3.8185662125083524     
   2.0175937161996806E-002   1.0883277318072018        3.7852020284378418     
   2.0195795367864915E-002   1.0875655056417541        3.7519674379167358     
   2.0215653573733023E-002   1.0868063475017282        3.7188705569010549     
   2.0235511779601131E-002   1.0860504446980355        3.6859194653938605     
   2.0255369985469240E-002   1.0852979837383816        3.6531222055536126     
   2.0275228191337348E-002   1.0845491502812494        3.6204867798126159     
   2.0295086397205456E-002   1.0838041290900893        3.5880211490058809     
   2.0314944603073565E-002   1.0830631039877323        3.5557332305107665     
   2.0334802808941673E-002   1.0823262578110340        3.5236308963975373     
   2.0354661014809781E-002   1.0815937723657629        3.4917219715913483     
   2.0374519220677890E-002   1.0808658283817423        3.4600142320457037     
   2.0394377426545998E-002   1.0801426054682577        3.4285154029279052     
   2.0414235632414107E-002   1.0794242820697411        3.3972331568165473     
   2.0434093838282215E-002   1.0787110354217428        3.3661751119116543     
   2.0453952044150323E-002   1.0780030415072008        3.3353488302573742     
   2.0473810250018432E-002   1.0773004750130193        3.3047618159778742     
   2.0493668455886540E-002   1.0766035092869679        3.2744215135265322     
   2.0513526661754648E-002   1.0759123162949107        3.2443353059487170     
   2.0533384867622757E-002   1.0752270665783761        3.2145105131586056     
   2.0553243073490865E-002   1.0745479292124780        3.1849543902301400     
   2.0573101279358973E-002   1.0738750717641992        3.1556741257025345     
   2.0592959485227082E-002   1.0732086602510467        3.1266768399006812     
   2.0612817691095190E-002   1.0725488591000900        3.0979695832706073     
   2.0632675896963298E-002   1.0718958311073901        3.0695593347304433     
   2.0652534102831407E-002   1.0712497373978327        3.0414530000370945     
   2.0672392308699515E-002   1.0706107373853728        3.0136574101690456     
   2.0692250514567623E-002   1.0699789887337021        2.9861793197254225     
   2.0712108720435732E-002   1.0693546473173476        2.9590254053419383     
   2.0731966926303840E-002   1.0687378671832111        2.9322022641235619     
   2.0751825132171949E-002   1.0681288005125620        2.9057164120948729     
   2.0771683338040057E-002   1.0675275975834873        2.8795742826677695     
   2.0791541543908165E-002   1.0669344067338138        2.8537822251273135     
   2.0811399749776274E-002   1.0663493743245078        2.8283465031358661     
   2.0831257955644382E-002   1.0657726447035620        2.8032732932557773     
   2.0851116161512490E-002   1.0652043601703809        2.7785686834911973     
   2.0870974367380599E-002   1.0646446609406692        2.7542386718490213     
   2.0890832573248707E-002   1.0640936851118372        2.7302891649196308     
   2.0910690779116815E-002   1.0635515686289261        2.7067259764775087     
   2.0930548984984924E-002   1.0630184452510663        2.6835548261022137     
   2.0950407190853032E-002   1.0624944465184736        2.6607813378200196     
   2.0970265396721140E-002   1.0619797017199950        2.6384110387665727     
   2.0990123602589249E-002   1.0614743378612073        2.6164493578708647     
   2.1009981808457357E-002   1.0609784796330801        2.5949016245608854     
   2.1029840014325465E-002   1.0604922493812121        2.5737730674914108     
   2.1049698220193574E-002   1.0600157670756423        2.5530688132940709     
   2.1069556426061682E-002   1.0595491502812495        2.5327938853501721     
   2.1089414631929791E-002   1.0590925141287457        2.5129532025866235     
   2.1109272837797899E-002   1.0586459712862688        2.4935515782953050     
   2.1129131043666007E-002   1.0582096319315835        2.4745937189761098     
   2.1148989249534116E-002   1.0577836037248962        2.4560842232041891     
   2.1168847455402224E-002   1.0573679917822925        2.4380275805215690     
   2.1188705661270332E-002   1.0569628986497999        2.4204281703536430     
   2.1208563867138441E-002   1.0565684242780875        2.4032902609506550     
   2.1228422073006549E-002   1.0561846659978040        2.3866180083548376     
   2.1248280278874657E-002   1.0558117184955627        2.3704154553930725     
   2.1268138484742766E-002   1.0554496737905790        2.3546865306959615     
   2.1287996690610874E-002   1.0550986212119666        2.3394350477430743     
   2.1307854896478982E-002   1.0547586473766966        2.3246647039351407     
   2.1327713102347091E-002   1.0544298361682252        2.3103790796932206     
   2.1347571308215199E-002   1.0541122687157984        2.2965816375852586     
   2.1367429514083307E-002   1.0538060233744333        2.2832757214803769     
   2.1387287719951416E-002   1.0535111757055851        2.2704645557310590     
   2.1407145925819524E-002   1.0532277984585043        2.2581512443837322     
   2.1427004131687633E-002   1.0529559615522865        2.2463387704177622     
   2.1446862337555741E-002   1.0526957320586208        2.2350299950134023     
   2.1466720543423849E-002   1.0524471741852404        2.2242276568487429     
   2.1486578749291958E-002   1.0522103492600816        2.2139343714261375     
   2.1506436955160066E-002   1.0519853157161509        2.2041526304281276     
   2.1526295161028174E-002   1.0517721290771083        2.1948848011033197     
   2.1546153366896283E-002   1.0515708419435668        2.1861331256822720     
   2.1566011572764391E-002   1.0513815039801147        2.1778997208237896     
   2.1585869778632499E-002   1.0512041619030612        2.1701865770916853     
   2.1605727984500608E-002   1.0510388594689104        2.1629955584622818     
   2.1625586190368716E-002   1.0508856374635642        2.1563284018629085     
   2.1645444396236824E-002   1.0507445336922601        2.1501867167414437     
   2.1665302602104933E-002   1.0506155829702422        2.1445719846671696     
   2.1685160807973041E-002   1.0504988171141711        2.1394855589630546     
   2.1705019013841149E-002   1.0503942649342752        2.1349286643697241     
   2.1724877219709258E-002   1.0503019522272403        2.1309023967410097     
   2.1744735425577366E-002   1.0502219017698453        2.1274077227714598     
   2.1764593631445475E-002   1.0501541333133431        2.1244454797558552     
   2.1784451837313583E-002   1.0500986635785861        2.1220163753806283     
   2.1804310043181691E-002   1.0500555062519012        2.1201209875476352     
   2.1824168249049800E-002   1.0500246719817132        2.1187597642300120     
   2.1844026454917908E-002   1.0500061683759170        2.1179330233603997     
   2.1863884660786016E-002   1.0500000000000000        2.1176409527514153     
   2.1883742866654125E-002   1.0500061683759172        2.1178836100486409     
   2.1903601072522233E-002   1.0500246719817137        2.1186609227158142     
   2.1923459278390341E-002   1.0500555062519019        2.1199726880526000     
   2.1943317484258450E-002   1.0500986635785869        2.1218185732445725     
   2.1963175690126558E-002   1.0501541333133444        2.1241981154457541     
   2.1983033895994666E-002   1.0502219017698469        2.1271107218933127     
   2.2002892101862775E-002   1.0503019522272419        2.1305556700547101     
   2.2022750307730883E-002   1.0503942649342772        2.1345321078069524     
   2.2042608513598991E-002   1.0504988171141734        2.1390390536480552     
   2.2062466719467100E-002   1.0506155829702446        2.1440753969406310     
   2.2082324925335208E-002   1.0507445336922627        2.1496398981873366     
   2.2102183131203317E-002   1.0508856374635671        2.1557311893383257     
   2.2122041337071425E-002   1.0510388594689135        2.1623477741302932     
   2.2141899542939533E-002   1.0512041619030645        2.1694880284572382     
   2.2161757748807642E-002   1.0513815039801182        2.1771502007726582     
   2.2181615954675750E-002   1.0515708419435708        2.1853324125229929     
   2.2201474160543858E-002   1.0517721290771125        2.1940326586122385     
   2.2221332366411967E-002   1.0519853157161554        2.2032488078975363     
   2.2241190572280075E-002   1.0522103492600861        2.2129786037154102     
   2.2261048778148183E-002   1.0524471741852450        2.2232196644386719     
   2.2280906984016292E-002   1.0526957320586257        2.2339694840635631     
   2.2300765189884400E-002   1.0529559615522919        2.2452254328270356     
   2.2320623395752508E-002   1.0532277984585099        2.2569847578539517     
   2.2340481601620617E-002   1.0535111757055908        2.2692445838338484     
   2.2360339807488725E-002   1.0538060233744393        2.2820019137271084     
   2.2380198013356833E-002   1.0541122687158047        2.2952536295002535     
   2.2400056219224942E-002   1.0544298361682316        2.3089964928900839     
   2.2419914425093050E-002   1.0547586473767030        2.3232271461963809     
   2.2439772630961159E-002   1.0550986212119733        2.3379421131029030     
   2.2459630836829267E-002   1.0554496737905859        2.3531377995264151     
   2.2479489042697375E-002   1.0558117184955698        2.3688104944933328     
   2.2499347248565484E-002   1.0561846659978114        2.3849563710438586     
   2.2519205454433592E-002   1.0565684242780953        2.4015714871631761     
   2.2539063660301700E-002   1.0569628986498076        2.4186517867393413     
   2.2558921866169809E-002   1.0573679917823005        2.4361931005478028     
   2.2578780072037917E-002   1.0577836037249044        2.4541911472618567     
   2.2598638277906025E-002   1.0582096319315919        2.4726415344890640     
   2.2618496483774134E-002   1.0586459712862775        2.4915397598330320     
   2.2638354689642242E-002   1.0590925141287546        2.5108812119804367     
   2.2658212895510350E-002   1.0595491502812584        2.5306611718127163     
   2.2678071101378459E-002   1.0600157670756514        2.5508748135424084     
   2.2697929307246567E-002   1.0604922493812217        2.5715172058734481     
   2.2717787513114675E-002   1.0609784796330899        2.5925833131852682     
   2.2737645718982784E-002   1.0614743378612170        2.6140679967404536     
   2.2757503924850892E-002   1.0619797017200050        2.6359660159153666     
   2.2777362130719001E-002   1.0624944465184838        2.6582720294535420     
   2.2797220336587109E-002   1.0630184452510765        2.6809805967415175     
   2.2817078542455217E-002   1.0635515686289365        2.7040861791066568     
   2.2836936748323326E-002   1.0640936851118479        2.7275831411367326     
   2.2856794954191434E-002   1.0646446609406801        2.7514657520208377     
   2.2876653160059542E-002   1.0652043601703918        2.7757281869112997     
   2.2896511365927651E-002   1.0657726447035734        2.8003645283063201     
   2.2916369571795759E-002   1.0663493743245192        2.8253687674528347     
   2.2936227777663867E-002   1.0669344067338253        2.8507348057695205     
   2.2956085983531976E-002   1.0675275975834990        2.8764564562892727     
   2.2975944189400084E-002   1.0681288005125738        2.9025274451211152     
   2.2995802395268192E-002   1.0687378671832231        2.9289414129310276     
   2.3015660601136301E-002   1.0693546473173596        2.9556919164414475     
   2.3035518807004409E-002   1.0699789887337146        2.9827724299490441     
   2.3055377012872517E-002   1.0706107373853853        3.0101763468604252     
   2.3075235218740626E-002   1.0712497373978451        3.0378969812456571     
   2.3095093424608734E-002   1.0718958311074027        3.0659275694089572     
   2.3114951630476843E-002   1.0725488591001027        3.0942612714763817     
   2.3134809836344951E-002   1.0732086602510598        3.1228911730003799     
   2.3154668042213059E-002   1.0738750717642123        3.1518102865804454     
   2.3174526248081168E-002   1.0745479292124911        3.1810115535000514     
   2.3194384453949276E-002   1.0752270665783894        3.2104878453792205     
   2.3214242659817384E-002   1.0759123162949242        3.2402319658425238     
   2.3234100865685493E-002   1.0766035092869815        3.2702366522021804     
   2.3253959071553601E-002   1.0773004750130328        3.3004945771560750     
   2.3273817277421709E-002   1.0780030415072146        3.3309983505001375     
   2.3293675483289818E-002   1.0787110354217568        3.3617405208550535     
   2.3313533689157926E-002   1.0794242820697550        3.3927135774068158     
   2.3333391895026034E-002   1.0801426054682717        3.4239099516609111     
   2.3353250100894143E-002   1.0808658283817563        3.4553220192097878     
   2.3373108306762251E-002   1.0815937723657771        3.4869421015134043     
   2.3392966512630359E-002   1.0823262578110484        3.5187624676924387     
   2.3412824718498468E-002   1.0830631039877467        3.5507753363338734     
   2.3432682924366576E-002   1.0838041290901039        3.5829728773089253     
   2.3452541130234685E-002   1.0845491502812641        3.6153472136025644     
   2.3472399336102793E-002   1.0852979837383963        3.6478904231547049     
   2.3492257541970901E-002   1.0860504446980501        3.6805945407126943     
   2.3512115747839010E-002   1.0868063475017431        3.7134515596946467     
   2.3531973953707118E-002   1.0875655056417690        3.7464534340635041     
   2.3551832159575226E-002   1.0883277318072166        3.7795920802115339     
   2.3571690365443335E-002   1.0890928379301850        3.8128593788547858     
   2.3591548571311443E-002   1.0898606352321865        3.8462471769373896     
   2.3611406777179551E-002   1.0906309342707259        3.8797472895453793     
   2.3631264983047660E-002   1.0914035449860420        3.9133515018296099     
   2.3651123188915768E-002   1.0921782767480008        3.9470515709375809     
   2.3670981394783876E-002   1.0929549384031334        3.9808392279539291     
   2.3690839600651985E-002   1.0937333383217973        4.0147061798489911     
   2.3710697806520093E-002   1.0945132844454604        4.0486441114355527     
   2.3730556012388201E-002   1.0952945843340871        4.0826446873330244     
   2.3750414218256310E-002   1.0960770452136206        4.1166995539390765     
   2.3770272424124418E-002   1.0968604740235472        4.1508003414082379     
   2.3790130629992527E-002   1.0976446774645308        4.1849386656371275     
   2.3809988835860635E-002   1.0984294620461066        4.2191061302561179     
   2.3829847041728743E-002   1.0992146341344220        4.2532943286268727     
