   1.0000000000000000        1.1000000000000001        1.0880017449114716E-003
   2.0000000000000000        1.0689079397704815        6.9745692515081723E-004
   3.0000000000000000        1.0513009192048028        4.9800708083824893E-004
   4.0000000000000000        1.0548153370792541        5.3660482159875148E-004
   5.0000000000000000        1.0779269436632177        8.0560577791486841E-004
   6.0000000000000000        1.1106119280808784        1.2329893365112797E-003
   7.0000000000000000        1.1386943782813785        1.6468127972163122E-003
   8.0000000000000000        1.1499945624618126        1.8261051630433767E-003
   9.0000000000000000        1.1396114405891686        1.6610845557170056E-003
   10.000000000000000        1.1120483105875540        1.2530854371416949E-003
   11.000000000000000        1.0792596681896258        8.2193754362297174E-004
   12.000000000000000        1.0554663832894304        5.4382082012586260E-004
   13.000000000000000        1.0509879197063763        4.9459846053825939E-004
   14.000000000000000        1.0677666466047853        6.8406381373462032E-004
   15.000000000000000        1.0985254071782431        1.0683355733549825E-003
   16.000000000000000        1.1299237182530457        1.5127728422916003E-003
   17.000000000000000        1.1483437151028140        1.7994434054155572E-003
   18.000000000000000        1.1457964003359622        1.7586196518903051E-003
   19.000000000000000        1.1233865782135291        1.4157250103854653E-003
   20.000000000000000        1.0908336863667598        9.6762909663221310E-004
   21.000000000000000        1.0622563465409500        6.2031392751166030E-004
   22.000000000000000        1.0500489307479068        4.8440101604963582E-004
   23.000000000000000        1.0595059574249110        5.8905653325978542E-004
   24.000000000000000        1.0865257884392727        9.1258855205559111E-004
   25.000000000000000        1.1193895640487324        1.3575736403624386E-003
   26.000000000000000        1.1438438280883476        1.7275861413330999E-003
   27.000000000000000        1.1492824413013010        1.8145843437188858E-003
   28.000000000000000        1.1333466048718432        1.5645577466029655E-003
   29.000000000000000        1.1029479028085079        1.1276667544748585E-003
   30.000000000000000        1.0712706561261833        7.2539121662925949E-004
   31.000000000000000        1.0520537076297249        5.0622443227975550E-004
   32.000000000000000        1.0536317032305988        5.2353853570747278E-004
   33.000000000000000        1.0753202452689887        7.7392450796299485E-004
   34.000000000000000        1.1077127248721590        1.1927713527725965E-003
   35.000000000000000        1.1367600932116881        1.6168705088537196E-003
   36.000000000000000        1.1498641206699554        1.8239926017806392E-003
   37.000000000000000        1.1413414164126436        1.6881404927524973E-003
   38.000000000000000        1.1148883905235500        1.2931545005152581E-003
   39.000000000000000        1.0819780718341798        8.5553265999976371E-004
   40.000000000000000        1.0568841028580804        5.5960581251809905E-004
   41.000000000000000        1.0504900713848724        4.8918652880452606E-004
   42.000000000000000        1.0655691538245455        6.5845950397935599E-004
   43.000000000000000        1.0955813517587403        1.0294188623166157E-003
   44.000000000000000        1.1275099761489784        1.4766572897985867E-003
   45.000000000000000        1.1475071583382430        1.7859943321840367E-003
   46.000000000000000        1.1468998546948825        1.7762568012219513E-003
   47.000000000000000        1.1259514608786081        1.4535138099742654E-003
   48.000000000000000        1.0937475736432516        1.0054114426037381E-003
   49.000000000000000        1.0642554468014112        6.4326758456457035E-004
   50.000000000000000        1.0502662076429170        4.8675687513930653E-004
   51.000000000000000        1.0578471750789418        5.7038468738161588E-004
   52.000000000000000        1.0837103827986259        8.7713996543666798E-004
   53.000000000000000        1.1166386139478521        1.3180693605045889E-003
   54.000000000000000        1.1423504571412211        1.7040019816845231E-003
   55.000000000000000        1.1496943443312837        1.8212445133161163E-003
   56.000000000000000        1.1354851340592880        1.5972527849534837E-003
   57.000000000000000        1.1058855496320767        1.1676600347313468E-003
   58.000000000000000        1.0737333241242597        7.5480671326123838E-004
   59.000000000000000        1.0529733049643946        5.1629979937345318E-004
   60.000000000000000        1.0526093883210912        5.1230773677950940E-004
   61.000000000000000        1.0727994096780815        7.4361542877567511E-004
   62.000000000000000        1.1047866884879887        1.1526454071579802E-003
   63.000000000000000        1.1346979168967732        1.5851867492786289E-003
   64.000000000000000        1.1495601976941250        1.8190743555297861E-003
   65.000000000000000        1.1429275622083588        1.7131004692028543E-003
   66.000000000000000        1.1176766725860381        1.3329266551928875E-003
   67.000000000000000        1.0847591751760191        8.9029714213770055E-004
   68.000000000000000        1.0584518260124820        5.7717523361913898E-004
   69.000000000000000        1.0501644719852812        4.8565350748534157E-004
   70.000000000000000        1.0634914486595213        6.3447199390429670E-004
   71.000000000000000        1.0926526691628200        9.9116205160483355E-004
   72.000000000000000        1.1250005246840682        1.4394602191300108E-003
   73.000000000000000        1.1465053204456426        1.7699424875759887E-003
   74.000000000000000        1.1478401407831227        1.7913426339733532E-003
   75.000000000000000        1.1284260563747179        1.4903250985998820E-003
   76.000000000000000        1.0966832136025590        1.0439300391548872E-003
   77.000000000000000        1.0663789051632955        6.6786637574626096E-004
   78.000000000000000        1.0506565122993992        4.9099452045420157E-004
   79.000000000000000        1.0563350457149785        5.5348094341482865E-004
   80.000000000000000        1.0809516500089751        8.4280305759443675E-004
   81.000000000000000        1.1138297768076437        1.2781671243327259E-003
   82.000000000000000        1.1407097456341033        1.6782412727566675E-003
   83.000000000000000        1.1499333568418524        1.8251137857492148E-003
   84.000000000000000        1.1375002076860437        1.6283017116764447E-003
   85.000000000000000        1.1088027201671427        1.2078379920212059E-003
   86.000000000000000        1.0762873759390874        7.8563839564323786E-004
   87.000000000000000        1.0540565118572318        5.2822023016499300E-004
   88.000000000000000        1.0517519490642782        5.0292718606899660E-004
   89.000000000000000        1.0703732070704630        7.1474765649080655E-004
   90.000000000000000        1.1018439988393693        1.1127586197899448E-003
   91.000000000000000        1.1325150238092141        1.5519150480673800E-003
   92.000000000000000        1.1490838509055776        1.8113768776434106E-003
   93.000000000000000        1.1443643596503188        1.7358373937530730E-003
   94.000000000000000        1.1204034561162535        1.3722397598927010E-003
   95.000000000000000        1.0875933025447722        9.2613737594041123E-004
   96.000000000000000        1.0601640985208967        5.9650222156127882E-004
   97.000000000000000        1.0500122542943657        4.8400356978176430E-004
   98.000000000000000        1.0615407596041850        6.1214560204028733E-004
   99.000000000000000        1.0897495485067952        9.5368591859883167E-004
   100.00000000000000        1.1224040944317115        1.4013480974396032E-003
   101.00000000000000        1.1453416868979405        1.7513725728362797E-003
   102.00000000000000        1.1486139872716785        1.8037973391476696E-003
   103.00000000000000        1.1308017553950407        1.5259927792324879E-003
   104.00000000000000        1.0996303929217259        1.0830614820099788E-003
   105.00000000000000        1.0686193339494714        6.9406396362364819E-004
   106.00000000000000        1.0512184868176297        4.9710891932206163E-004
   107.00000000000000        1.0549748301496049        5.3837068798623031E-004
   108.00000000000000        1.0782591879247798        8.0966872967116966E-004
   109.00000000000000        1.1109728247814654        1.2380279103701814E-003
   110.00000000000000        1.1389274017345865        1.6504345886136690E-003
   111.00000000000000        1.1499986472900370        1.8261713349171911E-003
   112.00000000000000        1.1393848151508448        1.6575531567143294E-003
   113.00000000000000        1.1116892653487551        1.2480514983601420E-003
   114.00000000000000        1.0789239258419439        8.1781464347590205E-004
   115.00000000000000        1.0552995597491586        5.4196983391857298E-004
   116.00000000000000        1.0510623685597378        4.9540879377362314E-004
   117.00000000000000        1.0680500783977120        6.8738380800368627E-004
   118.00000000000000        1.0988948937742478        1.0732523737793252E-003
   119.00000000000000        1.1302190084051664        1.5172138907176439E-003
   120.00000000000000        1.1484367375508988        1.8009414570873475E-003
   121.00000000000000        1.1456468100052253        1.7562341852109694E-003
   122.00000000000000        1.1230592544181717        1.4109291769983077E-003
   123.00000000000000        1.0904705937864578        9.6295246107695298E-004
   124.00000000000000        1.0620149632530531        6.1755574482064905E-004
   125.00000000000000        1.0500339478889980        4.8423864571666526E-004
   126.00000000000000        1.0597238732573244        5.9151950353110276E-004
   127.00000000000000        1.0868820899806031        9.1710410277258088E-004
   128.00000000000000        1.1197297185787054        1.3624876315964610E-003
   129.00000000000000        1.1440203060674592        1.7303818162544777E-003
   130.00000000000000        1.1492187018879594        1.8135546232133193E-003
   131.00000000000000        1.1330702926983462        1.5603525134989763E-003
   132.00000000000000        1.1025788581270766        1.1226755294852381E-003
   133.00000000000000        1.0709689385278391        7.2180838277471578E-004
   134.00000000000000        1.0519501760439103        5.0509267101186799E-004
   135.00000000000000        1.0537712606793921        5.2507559318644534E-004
   136.00000000000000        1.0756423638299253        7.7782072119728888E-004
   137.00000000000000        1.1080776974433726        1.1978090311703781E-003
   138.00000000000000        1.1370096263497715        1.6207210519420059E-003
   139.00000000000000        1.1498899885255076        1.8244114625958444E-003
   140.00000000000000        1.1411323997565981        1.6848623147191139E-003
   141.00000000000000        1.1145351426599683        1.2881464940534713E-003
   142.00000000000000        1.0816338010536977        8.5125698983641248E-004
   143.00000000000000        1.0566981239683986        5.5752952406687092E-004
   144.00000000000000        1.0505430459093761        4.8976182854785252E-004
   145.00000000000000        1.0658381060065767        6.6158029563552663E-004
   146.00000000000000        1.0959496334603080        1.0342618365061136E-003
   147.00000000000000        1.1278178587021914        1.4812455434944942E-003
   148.00000000000000        1.1476211089907262        1.7878238487090750E-003
   149.00000000000000        1.1467704515328305        1.7741847595358223E-003
   150.00000000000000        1.1256348277718076        1.4488287118106400E-003
   151.00000000000000        1.0933810385793130        1.0006341995236045E-003
   152.00000000000000        1.0639979809054698        6.4030025367059051E-004
   153.00000000000000        1.0502294772954617        4.8635846104299935E-004
   154.00000000000000        1.0580471107161236        5.7262808825639790E-004
   155.00000000000000        1.0840602696859052        8.8152298489910632E-004
   156.00000000000000        1.1169867014882702        1.3230447197245671E-003
   157.00000000000000        1.1425457751416832        1.7070791327035897E-003
   158.00000000000000        1.1496521807824149        1.8205622972662140E-003
   159.00000000000000        1.1352237758565884        1.5932428682624623E-003
   160.00000000000000        1.1055183512886826        1.1626354243885781E-003
   161.00000000000000        1.0734195444491696        7.5104170287565160E-004
   162.00000000000000        1.0528490343740695        5.1493586566927791E-004
   163.00000000000000        1.0527285246168676        5.1361392276769765E-004
   164.00000000000000        1.0731102818605545        7.4733577098871689E-004
   165.00000000000000        1.1051544671627123        1.1576633777227196E-003
   166.00000000000000        1.1349630915739244        1.5892472136677476E-003
   167.00000000000000        1.1496077585803228        1.8198436497956509E-003
   168.00000000000000        1.1427368815194776        1.7100920915129785E-003
   169.00000000000000        1.1173304510705455        1.3279646784966261E-003
   170.00000000000000        1.0844075737112013        8.8587992216043797E-004
   171.00000000000000        1.0582473388137410        5.7487673191176209E-004
   172.00000000000000        1.0501957878789279        4.8599308899113357E-004
   173.00000000000000        1.0637449855223893        6.3738764901952313E-004
   174.00000000000000        1.0930184646890440        9.9591557111110437E-004
   175.00000000000000        1.1253199284883175        1.4441748896128930E-003
   176.00000000000000        1.1466398028596436        1.7720937765892692E-003
   177.00000000000000        1.1477313749934996        1.7895949374768132E-003
   178.00000000000000        1.1281212155502658        1.4857716169614733E-003
   179.00000000000000        1.0963145112577715        1.0390671573719270E-003
   180.00000000000000        1.0661062524042975        6.6469532374877874E-004
   181.00000000000000        1.0505981622516252        4.9036053168968101E-004
   182.00000000000000        1.0565163055709217        5.5550131573963021E-004
   183.00000000000000        1.0812939049623893        8.4704164448611756E-004
   184.00000000000000        1.1141845863318725        1.2831834620016340E-003
   185.00000000000000        1.1409232241292826        1.6815841948728571E-003
   186.00000000000000        1.1499129158479937        1.8247827425407865E-003
   187.00000000000000        1.1372547127376464        1.6245064838845853E-003
   188.00000000000000        1.1084386456736048        1.2027983044812414E-003
   189.00000000000000        1.0759626258588431        7.8169971254771176E-004
   190.00000000000000        1.0539119346095212        5.2662590313822184E-004
   191.00000000000000        1.0518502497225266        5.0400081181385377E-004
   192.00000000000000        1.0706717513283135        7.1828382878853857E-004
   193.00000000000000        1.1022133040867654        1.1177387507552081E-003
   194.00000000000000        1.1327949174619458        1.5561658994689288E-003
   195.00000000000000        1.1491529393545845        1.8124924713279911E-003
   196.00000000000000        1.1441926783216647        1.7331142144525469E-003
   197.00000000000000        1.1200654654834186        1.3673442859475837E-003
   198.00000000000000        1.0872355936419598        9.2159073503010277E-004
   199.00000000000000        1.0599418144400896        5.9398509408098215E-004
   200.00000000000000        1.0500218026063004        4.8410703432546321E-004
   201.00000000000000        1.0617779990753813        6.1485085638399650E-004
   202.00000000000000        1.0901115852263670        9.5833523686252324E-004
   203.00000000000000        1.1227339082585566        1.4061682897928563E-003
   204.00000000000000        1.1454962331985994        1.7538343178346869E-003
   205.00000000000000        1.1485262372591920        1.8023832613540340E-003
   206.00000000000000        1.1305097674155724        1.5215916542671258E-003
   207.00000000000000        1.0992608060404472        1.0781288054327925E-003
   208.00000000000000        1.0683324429077370        6.9069529829500389E-004
   209.00000000000000        1.0511387200736273        4.9624011385073147E-004
   210.00000000000000        1.0551367836007295        5.4016506065942659E-004
   211.00000000000000        1.0785926202097671        8.1375188848780138E-004
   212.00000000000000        1.1113331218877820        1.2430652391677054E-003
   213.00000000000000        1.1391582980124120        1.6540264287052738E-003
   214.00000000000000        1.1499999999669650        1.8261932477257735E-003
   215.00000000000000        1.1391560375529179        1.6539912498126938E-003
   216.00000000000000        1.1113295813601130        1.2430157042464089E-003
   217.00000000000000        1.0785893351878184        8.1371163286865858E-004
   218.00000000000000        1.0551351788421703        5.4014727438666860E-004
   219.00000000000000        1.0511394915860404        4.9624851556039366E-004
   220.00000000000000        1.0683352560810753        6.9072831047126734E-004
   221.00000000000000        1.0992644407640535        1.0781772805230929E-003
   222.00000000000000        1.1305126472615217        1.5216350383142417E-003
   223.00000000000000        1.1485271132000294        1.8023973747515398E-003
   224.00000000000000        1.1454947253319734        1.7538102924626760E-003
   225.00000000000000        1.1227306705690643        1.4061209416180746E-003
   226.00000000000000        1.0901080219429626        9.5828944324089567E-004
   227.00000000000000        1.0617756556414251        6.1482412049853154E-004
   228.00000000000000        1.0500216954002379        4.8410587262706617E-004
   229.00000000000000        1.0599439899586143        5.9400971770986045E-004
   230.00000000000000        1.0872391083450366        9.2163537600481080E-004
   231.00000000000000        1.1200687949906527        1.3673924795587246E-003
   232.00000000000000        1.1441943785815272        1.7331411751953529E-003
   233.00000000000000        1.1491522729417807        1.8124817091920290E-003
   234.00000000000000        1.1327921734085638        1.5561242026779331E-003
   235.00000000000000        1.1022096725368491        1.1176897430676428E-003
   236.00000000000000        1.0706688073245290        7.1824893599960389E-004
   237.00000000000000        1.0518492701184339        5.0399011041655291E-004
   238.00000000000000        1.0539133442724322        5.2664144331472445E-004
   239.00000000000000        1.0759658133992220        7.8173834605644677E-004
   240.00000000000000        1.1084422286128346        1.2028478659390730E-003
   241.00000000000000        1.1372571371151372        1.6245439464773518E-003
   242.00000000000000        1.1499131301675392        1.8247862133309082E-003
   243.00000000000000        1.1409211354376483        1.6815514745693258E-003
   244.00000000000000        1.1141811005223738        1.2831341454265443E-003
   245.00000000000000        1.0812905338769241        8.4699986654936186E-004
   246.00000000000000        1.0565145112940502        5.5548130838094332E-004
   247.00000000000000        1.0505987229832729        4.9036662340781539E-004
   248.00000000000000        1.0661089249419515        6.6472638836420172E-004
   249.00000000000000        1.0963181364863392        1.0391149359602685E-003
   250.00000000000000        1.1281242211599469        1.4858164867064916E-003
   251.00000000000000        1.1477324574114378        1.7896123267986546E-003
   252.00000000000000        1.1466384926225990        1.7720728118368265E-003
   253.00000000000000        1.1253167938600412        1.4441285918481220E-003
   254.00000000000000        1.0930148651994711        9.9586876125853777E-004
   255.00000000000000        1.0637424823179766        6.3735884678127431E-004
   256.00000000000000        1.0501954666326907        4.8598960523998642E-004
   257.00000000000000        1.0582493388544412        5.7489920309211433E-004
   258.00000000000000        1.0844110275835501        8.8592328247343076E-004
   259.00000000000000        1.1173338607906165        1.3280135134257542E-003
   260.00000000000000        1.1427387682463686        1.7101218480624046E-003
   261.00000000000000        1.1496073040155110        1.8198362966039328E-003
   262.00000000000000        1.1349604928682089        1.5892074015571207E-003
   263.00000000000000        1.1051508513977129        1.1576140085763072E-003
   264.00000000000000        1.0731072172499196        7.4729907160283324E-004
   265.00000000000000        1.0527273403229513        5.1360093503272954E-004
   266.00000000000000        1.0528502440408798        5.1494913878315945E-004
   267.00000000000000        1.0734226234281370        7.5107862300482001E-004
   268.00000000000000        1.1055219641857166        1.1626848263489352E-003
   269.00000000000000        1.1352263557019762        1.5932824305757549E-003
   270.00000000000000        1.1496526086745020        1.8205692201300903E-003
   271.00000000000000        1.1425438654979856        1.7070490362871705E-003
   272.00000000000000        1.1169832825466346        1.3229958186631436E-003
   273.00000000000000        1.0840568242867483        8.8147979360115713E-004
   274.00000000000000        1.0580451331685092        5.7260588937471852E-004
   275.00000000000000        1.0502298252991005        4.8636223553407754E-004
   276.00000000000000        1.0640005035265598        6.4032931128237501E-004
   277.00000000000000        1.0933846417235675        1.0006811266162162E-003
   278.00000000000000        1.1256379487076862        1.4488748634341627E-003
   279.00000000000000        1.1467717366689727        1.7742053326582922E-003
   280.00000000000000        1.1476200009500588        1.7878060550445443E-003
   281.00000000000000        1.1278148380607913        1.4812005019126287E-003
   282.00000000000000        1.0959460103104877        1.0342141562995934E-003
   283.00000000000000        1.0658354517565563        6.6154947939828809E-004
   284.00000000000000        1.0505425117426586        4.8975602685928958E-004
   285.00000000000000        1.0566999415718292        5.5754980781842463E-004
   286.00000000000000        1.0816371821011102        8.5129895103471637E-004
   287.00000000000000        1.1145386207519941        1.2881957694589972E-003
   288.00000000000000        1.1411344663985097        1.6848947150667258E-003
   289.00000000000000        1.1498897473872474        1.8244075578224960E-003
   290.00000000000000        1.1370071820162069        1.6206833159900704E-003
   291.00000000000000        1.1080741100659388        1.1977594796425371E-003
   292.00000000000000        1.0756391892940553        7.7778229756807606E-004
   293.00000000000000        1.0537698758234750        5.2506033602502870E-004
   294.00000000000000        1.0519511814983589        5.0510365970353379E-004
   295.00000000000000        1.0709718982136986        7.2184350615715493E-004
   296.00000000000000        1.1025824884125146        1.1227245923130262E-003
   297.00000000000000        1.1330730190526415        1.5603939848522939E-003
   298.00000000000000        1.1492193418666530        1.8135649609752574E-003
   299.00000000000000        1.1440185821032880        1.7303544972483609E-003
   300.00000000000000        1.1197263783778377        1.3624393464774438E-003
   301.00000000000000        1.0868785822325391        9.1705961544298804E-004
   302.00000000000000        1.0597217193259072        5.9149514753693215E-004
   303.00000000000000        1.0500340819516703        4.8424009851574394E-004
   304.00000000000000        1.0620173271650526        6.1758274226865581E-004
   305.00000000000000        1.0904741622877394        9.6299838969758948E-004
   306.00000000000000        1.1230624798023126        1.4109764047959843E-003
   307.00000000000000        1.1456482933802659        1.7562578336267523E-003
   308.00000000000000        1.1484358355544835        1.8009269287017863E-003
   309.00000000000000        1.1302161122403764        1.5171703093754601E-003
   310.00000000000000        1.0988912595462359        1.0732039771484650E-003
   311.00000000000000        1.0680472823194573        6.8735103635260170E-004
   312.00000000000000        1.0510616233275329        4.9540068102325592E-004
   313.00000000000000        1.0553011885748971        5.4198789996494584E-004
   314.00000000000000        1.0789272222798725        8.1785509549151816E-004
   315.00000000000000        1.1116927996899426        1.2481010165309185E-003
   316.00000000000000        1.1393870545045548        1.6575880369166238E-003
   317.00000000000000        1.1499986204188097        1.8261708996154876E-003
   318.00000000000000        1.1389251202928303        1.6503991137822652E-003
   319.00000000000000        1.1109692782494269        1.2379783615551264E-003
   320.00000000000000        1.0782559144878365        8.0962867188899416E-004
   321.00000000000000        1.0549732495408555        5.3835318182429172E-004
   322.00000000000000        1.0512192845680914        4.9711760983031531E-004
   323.00000000000000        1.0686221640596369        6.9409721522445595E-004
   324.00000000000000        1.0996340279364885        1.0831100329126231E-003
   325.00000000000000        1.1308046187601966        1.5260359627509159E-003
   326.00000000000000        1.1486148371063516        1.8038110363303235E-003
   327.00000000000000        1.1453401546221256        1.7513481724785126E-003
   328.00000000000000        1.1224008446137901        1.4013006321126314E-003
   329.00000000000000        1.0897459906416793        9.5364026219608902E-004
   330.00000000000000        1.0615384367651703        6.1211912831187030E-004
   331.00000000000000        1.0500121739505150        4.8400269920251547E-004
   332.00000000000000        1.0601662955146860        5.9652711227293012E-004
   333.00000000000000        1.0875968240108020        9.2618216855457883E-004
   334.00000000000000        1.1204067747426008        1.3722878587171567E-003
   335.00000000000000        1.1443660361102785        1.7358639939997029E-003
   336.00000000000000        1.1490831580961893        1.8113656920573803E-003
   337.00000000000000        1.1325122622155368        1.5518731290727898E-003
   338.00000000000000        1.1018403662001670        1.1127096696212156E-003
   339.00000000000000        1.0703702789096270        7.1471299546059801E-004
   340.00000000000000        1.0517509953655988        5.0291677219312179E-004
   341.00000000000000        1.0540579462569979        5.2823605310314402E-004
   342.00000000000000        1.0762905763251684        7.8567723778348781E-004
   343.00000000000000        1.1088062984838398        1.2078875606431531E-003
   344.00000000000000        1.1375026119749825        1.6283388980230923E-003
   345.00000000000000        1.1499335443306722        1.8251168222575074E-003
   346.00000000000000        1.1407076350102618        1.6782082351441110E-003
   347.00000000000000        1.1138262834767463        1.2781177697593815E-003
   348.00000000000000        1.0809482890804318        8.4276146475887443E-004
   349.00000000000000        1.0563332748625638        5.5346121291003313E-004
   350.00000000000000        1.0506570995653359        4.9100090208786394E-004
   351.00000000000000        1.0663815958382350        6.6789768775377730E-004
   352.00000000000000        1.0966868407291994        1.0439779139160830E-003
   353.00000000000000        1.1284290468028046        1.4903697935160550E-003
   354.00000000000000        1.1478411975225664        1.7913596175575469E-003
   355.00000000000000        1.1465039851792935        1.7699211329273007E-003
   356.00000000000000        1.1249973765346846        1.4394137784521229E-003
   357.00000000000000        1.0926490735303787        9.9111536135322153E-004
   358.00000000000000        1.0634889650125485        6.3444344790388645E-004
   359.00000000000000        1.0501641775149426        4.8565031454851068E-004
   360.00000000000000        1.0584538484304993        5.7719797647682051E-004
   361.00000000000000        1.0847626373328250        8.9034066960150889E-004
   362.00000000000000        1.1176800728927769        1.3329754207516693E-003
   363.00000000000000        1.1429294259242961        1.7131298836351098E-003
   364.00000000000000        1.1495597164791154        1.8190665725938443E-003
   365.00000000000000        1.1346952994643515        1.5851466902548411E-003
   366.00000000000000        1.1047830700526058        1.1525960736333031E-003
   367.00000000000000        1.0727963596032430        7.4357895142207833E-004
   368.00000000000000        1.0526082294666390        5.1229503470765403E-004
   369.00000000000000        1.0529745399360191        5.1631335757366069E-004
   370.00000000000000        1.0737364172934045        7.5484385270985633E-004
   371.00000000000000        1.1058891594521600        1.1677094665258530E-003
   372.00000000000000        1.1354876949033736        1.5972920944695177E-003
   373.00000000000000        1.1496947455266215        1.8212510052568814E-003
   374.00000000000000        1.1423485246757845        1.7039715476702257E-003
   375.00000000000000        1.1166351859577548        1.3180203962683231E-003
   376.00000000000000        1.0837069460471758        8.7709694482810752E-004
   377.00000000000000        1.0578452201324744        5.7036276133715449E-004
   378.00000000000000        1.0502665823846404        4.8676094029744281E-004
   379.00000000000000        1.0642579886972601        6.4329689667170066E-004
   380.00000000000000        1.0937511802395206        1.0054584845576500E-003
   381.00000000000000        1.1259545679440841        1.4535598121189434E-003
   382.00000000000000        1.1469011146558619        1.7762769809468650E-003
   383.00000000000000        1.1475060247353945        1.7859761356586732E-003
   384.00000000000000        1.1275069406433507        1.4766120796264931E-003
   385.00000000000000        1.0955777308914505        1.0293712829903200E-003
   386.00000000000000        1.0655665179966480        6.5842893692039757E-004
   387.00000000000000        1.0504895638102432        4.8918101723185255E-004
   388.00000000000000        1.0568859436771070        5.5962637206065976E-004
   389.00000000000000        1.0819814626560691        8.5557480270197564E-004
   390.00000000000000        1.1148918607052658        1.2932037316109664E-003
   391.00000000000000        1.1413434608886286        1.6881725705200897E-003
   392.00000000000000        1.1498638527268012        1.8239882633649220E-003
   393.00000000000000        1.1367576290635109        1.6168325025666948E-003
   394.00000000000000        1.1077091332525515        1.1927218140870876E-003
   395.00000000000000        1.0753170839136299        7.7388629566199629E-004
   396.00000000000000        1.0536303432595284        5.2352356190696532E-004
   397.00000000000000        1.0520547388845418        5.0623570810309413E-004
   398.00000000000000        1.0712736313442983        7.2542656956632069E-004
   399.00000000000000        1.1029515315962111        1.1277158692638992E-003
   400.00000000000000        1.1333493133759032        1.5645989893954412E-003
   401.00000000000000        1.1492830548101767        1.8145942562241893E-003
   402.00000000000000        1.1438420805168716        1.7275584663245349E-003
   403.00000000000000        1.1193862133448029        1.3575252670492816E-003
   404.00000000000000        1.0865222878477097        9.1254422048324228E-004
   405.00000000000000        1.0595038251983020        5.8903244552120193E-004
   406.00000000000000        1.0500490916597343        4.8440275992141457E-004
   407.00000000000000        1.0622587307989546        6.2034118575604407E-004
   408.00000000000000        1.0908372599066558        9.6767515829034219E-004
   409.00000000000000        1.1233897911289303        1.4157721147681828E-003
   410.00000000000000        1.1457978591430293        1.7586429214826651E-003
   411.00000000000000        1.1483427871004817        1.7994284632648753E-003
   412.00000000000000        1.1299208059300063        1.5127290668603783E-003
   413.00000000000000        1.0985217736502344        1.0682872578142747E-003
   414.00000000000000        1.0677638677805228        6.8403128371340301E-004
   415.00000000000000        1.0509872007971166        4.9459063692381007E-004
   416.00000000000000        1.0554680360933417        5.4383916554421902E-004
   417.00000000000000        1.0792629758614161        8.2197819042480354E-004
   418.00000000000000        1.1120518385448903        1.2531349354766295E-003
   419.00000000000000        1.1396136587249368        1.6611191346552765E-003
   420.00000000000000        1.1499945087206103        1.8261042924733342E-003
   421.00000000000000        1.1386920759741934        1.6467770290940324E-003
   422.00000000000000        1.1106083757506744        1.2329397769807945E-003
   423.00000000000000        1.0779236820036131        8.0556591968622545E-004
   424.00000000000000        1.0548137807141607        5.3658759601538770E-004
   425.00000000000000        1.0513017431480300        4.9801605995992797E-004
   426.00000000000000        1.0689107866644083        6.9749041513286899E-004
   427.00000000000000        1.1000036351072844        1.0880503690409902E-003
   428.00000000000000        1.1310949069558291        1.5304163427602175E-003
   429.00000000000000        1.1486999044791242        1.8051823233442748E-003
   430.00000000000000        1.1451831063221207        1.7488480270780708E-003
   431.00000000000000        1.1220697945755240        1.3964685762925752E-003
   432.00000000000000        1.0893845196656280        9.4900513531659674E-004
   433.00000000000000        1.0613033196316271        6.0944084154745785E-004
   434.00000000000000        1.0500053840616657        4.8392912734608536E-004
   435.00000000000000        1.0603907777355461        5.9907162195658818E-004
   436.00000000000000        1.0879552174645364        9.3074427601290020E-004
   437.00000000000000        1.1207436393976966        1.3771734437782678E-003
   438.00000000000000        1.1445352692896782        1.7385500515818893E-003
   439.00000000000000        1.1490113611212742        1.8102066656334303E-003
   440.00000000000000        1.1322305743883416        1.5475996079480788E-003
   441.00000000000000        1.1014709592743179        1.1077355818664969E-003
   442.00000000000000        1.0700733695774178        7.1120067863845679E-004
   443.00000000000000        1.0516553571496385        5.0187267733843273E-004
   444.00000000000000        1.0542050587131684        5.2985938845789870E-004
   445.00000000000000        1.0766166348203408        7.8963724916292352E-004
   446.00000000000000        1.1091698871161038        1.2129278166554743E-003
   447.00000000000000        1.1377460375232835        1.6321056139663710E-003
   448.00000000000000        1.1499512299001569        1.8254032614044822E-003
   449.00000000000000        1.1404919101344446        1.6748328611667564E-003
   450.00000000000000        1.1134707109007478        1.2730976808600230E-003
   451.00000000000000        1.0806070853551895        8.3854195694434228E-004
   452.00000000000000        1.0561544245775139        5.5146928424493853E-004
   453.00000000000000        1.0507181724656061        4.9166465269966716E-004
   454.00000000000000        1.0666561037954623        6.7109409794171139E-004
   455.00000000000000        1.0970557259715343        1.0488505206101774E-003
   456.00000000000000        1.1287323189162599        1.4949051372210075E-003
   457.00000000000000        1.1479473233617605        1.7930655749728598E-003
   458.00000000000000        1.1463669365401776        1.7677299004528267E-003
   459.00000000000000        1.1246765932198932        1.4346845994464214E-003
   460.00000000000000        1.0922836835259959        9.8637423092073711E-004
   461.00000000000000        1.0632374428186531        6.3155413935384454E-004
   462.00000000000000        1.0501356116491678        4.8534059518292130E-004
   463.00000000000000        1.0586606282884052        5.7952435234315161E-004
   464.00000000000000        1.0851150797424176        8.9477495610415514E-004
   465.00000000000000        1.1180253188978815        1.3379301203940940E-003
   466.00000000000000        1.1431177377330515        1.7161029971190043E-003
   467.00000000000000        1.1495094207796202        1.8182531903300171E-003
   468.00000000000000        1.1344282101697889        1.5810610417992890E-003
   469.00000000000000        1.1044150273390188        1.1475819041801415E-003
   470.00000000000000        1.0724869884859405        7.3988147246525394E-004
   471.00000000000000        1.0524917083100127        5.1101819112443932E-004
   472.00000000000000        1.0531014055139911        5.1770655127642321E-004
   473.00000000000000        1.0740516463190619        7.5863132672209952E-004
   474.00000000000000        1.1062560329084197        1.1727370108320560E-003
   475.00000000000000        1.1357470948973665        1.6012759009824159E-003
   476.00000000000000        1.1497341668341341        1.8218889475683508E-003
   477.00000000000000        1.1421508697643104        1.7008598730407218E-003
   478.00000000000000        1.1162861803913398        1.3130387325468072E-003
   479.00000000000000        1.0833579581774411        8.7273156351599544E-004
   480.00000000000000        1.0576476106110049        5.6814740184098276E-004
   481.00000000000000        1.0503060571305765        4.8718919596118398E-004
   482.00000000000000        1.0645174269887623        6.4629032029716682E-004
   483.00000000000000        1.0941180602422369        1.0102474102975558E-003
   484.00000000000000        1.1262697689258605        1.4582294080543667E-003
   485.00000000000000        1.1470279297626187        1.7783085500866170E-003
   486.00000000000000        1.1473894525702557        1.7841053315331666E-003
   487.00000000000000        1.1271975401033081        1.4720066764196305E-003
   488.00000000000000        1.0952096931019291        1.0245387825633344E-003
   489.00000000000000        1.0652994658542059        6.5533378981313733E-004
   490.00000000000000        1.0504393213543632        4.8863551360890536E-004
   491.00000000000000        1.0570743017285091        5.6173096007089353E-004
   492.00000000000000        1.0823267278250226        8.5986902344252069E-004
   493.00000000000000        1.1152442869002299        1.2982070329009996E-003
   494.00000000000000        1.1415501961859285        1.6914175008525959E-003
   495.00000000000000        1.1498352332809698        1.8235248946356782E-003
   496.00000000000000        1.1365060675084906        1.6129543393749188E-003
   497.00000000000000        1.1073437351774189        1.1876856032967810E-003
   498.00000000000000        1.0749963273188547        7.7001185017376485E-004
   499.00000000000000        1.0534933445423689        5.2201561312085836E-004
   500.00000000000000        1.0521609162024159        5.0739693441015387E-004
   501.00000000000000        1.0715769341748864        7.2903289753006341E-004
   502.00000000000000        1.1033204135181660        1.1327123061565820E-003
   503.00000000000000        1.1336237853597855        1.5687805998089975E-003
   504.00000000000000        1.1493440747094867        1.8155802704563201E-003
   505.00000000000000        1.1436631831904669        1.7247263481231442E-003
   506.00000000000000        1.1190449889402720        1.3526023720870687E-003
   507.00000000000000        1.0861667299233708        9.0804475094057632E-004
   508.00000000000000        1.0592881439504733        5.8659705046119122E-004
   509.00000000000000        1.0500668309114980        4.8459501557849112E-004
   510.00000000000000        1.0625021968011075        6.2312611183988707E-004
   511.00000000000000        1.0912008581960824        9.7236532108251278E-004
   512.00000000000000        1.1237158243114083        1.4205550909844925E-003
   513.00000000000000        1.1459449222951006        1.7609893851622876E-003
   514.00000000000000        1.1482470969789678        1.7978879904730614E-003
   515.00000000000000        1.1296238646121057        1.5082682493203438E-003
   516.00000000000000        1.0981523685311751        1.0633789060677350E-003
   517.00000000000000        1.0674822147689702        6.8073614458011192E-004
   518.00000000000000        1.0509154565466901        4.9380999694947035E-004
   519.00000000000000        1.0556373170387643        5.4571881612493006E-004
   520.00000000000000        1.0795998626073104        8.2612101116244442E-004
   521.00000000000000        1.1124102188331264        1.2581666878141321E-003
   522.00000000000000        1.1398380982482648        1.6646194443459546E-003
   523.00000000000000        1.1499876650980838        1.8259934319567845E-003
   524.00000000000000        1.1384569173758379        1.6431252789677830E-003
   525.00000000000000        1.1102468935397261        1.2279002548546980E-003
   526.00000000000000        1.0775926558479720        8.0152353265534578E-004
   527.00000000000000        1.0546567810560910        5.3485055545627117E-004
   528.00000000000000        1.0513868628253944        4.9894384874210856E-004
   529.00000000000000        1.0692011081420925        7.0090780170551596E-004
   530.00000000000000        1.1003732421027241        1.0929980255481593E-003
   531.00000000000000        1.1313834960038909        1.5347758579249238E-003
   532.00000000000000        1.1487823106749908        1.8065111208325161E-003
   533.00000000000000        1.1450235890036593        1.7463100608046238E-003
   534.00000000000000        1.1217375385233632        1.3916251014609404E-003
   535.00000000000000        1.0890236287444945        9.4438427789305963E-004
   536.00000000000000        1.0610703170294122        6.0678933112894473E-004
   537.00000000000000        1.0500013261030090        4.8388515838393697E-004
   538.00000000000000        1.0606174244110378        6.0164318150279653E-004
   539.00000000000000        1.0883142690542171        9.3532149087458927E-004
   540.00000000000000        1.1210793704845854        1.3820489076777911E-003
   541.00000000000000        1.1447020688403113        1.7411991288114733E-003
   542.00000000000000        1.1489368859541667        1.8090047276464532E-003
   543.00000000000000        1.1319471253730686        1.5433039567121188E-003
   544.00000000000000        1.1011014720151768        1.1027677522402525E-003
   545.00000000000000        1.0697780956083189        7.0771210236518728E-004
   546.00000000000000        1.0515623607144795        5.0085784645906349E-004
   547.00000000000000        1.0543546736205895        5.3151141490381045E-004
   548.00000000000000        1.0769439711085114        7.9361823228453357E-004
   549.00000000000000        1.1095329746873113        1.2179683353994895E-003
   550.00000000000000        1.1379874004733119        1.6358438034278656E-003
   551.00000000000000        1.1499661859104300        1.8256455065374633E-003
   552.00000000000000        1.1402739725845770        1.6714256193580046E-003
   553.00000000000000        1.1131144022019963        1.2680741914702636E-003
   554.00000000000000        1.0802669413247115        8.3434151368751044E-004
   555.00000000000000        1.0559779702010450        5.4950556793877320E-004
   556.00000000000000        1.0507819383508865        4.9235786281729094E-004
   557.00000000000000        1.0669324338307467        6.7431552188090154E-004
   558.00000000000000        1.0974247721487407        1.0537325067375980E-003
   559.00000000000000        1.1290340210045742        1.4994221935533615E-003
   560.00000000000000        1.1480508291565663        1.7947300571254635E-003
   561.00000000000000        1.1462273542203443        1.7654992957743703E-003
   562.00000000000000        1.1243544615054601        1.4299413840527600E-003
   563.00000000000000        1.0919187152218892        9.8164560065423009E-004
   564.00000000000000        1.0629879295279376        6.2869100299617635E-004
   565.00000000000000        1.0501097706014746        4.8506045289270884E-004
   566.00000000000000        1.0588696670894857        5.8187827293538791E-004
   567.00000000000000        1.0854683354866068        8.9922594888353189E-004
   568.00000000000000        1.1183695798749831        1.3428772891790858E-003
   569.00000000000000        1.1433036934061531        1.7190409494359541E-003
   570.00000000000000        1.1494564196590726        1.8173962183701620E-003
   571.00000000000000        1.1341592395458344        1.5769507638294380E-003
   572.00000000000000        1.1040467433452563        1.1425717832618354E-003
   573.00000000000000        1.0721791207840967        7.3620676314792917E-004
   574.00000000000000        1.0523777832132182        5.0977042997682898E-004
   575.00000000000000        1.0532308338505234        5.1912869135429499E-004
   576.00000000000000        1.0743682932995675        7.6244091015380928E-004
   577.00000000000000        1.1066225645299561        1.1777671706369557E-003
   578.00000000000000        1.1360045415253266        1.6052335473274626E-003
   579.00000000000000        1.1497708704451086        1.8224829931820178E-003
   580.00000000000000        1.1419509115145146        1.6977142607830747E-003
   581.00000000000000        1.1159362848306871        1.3080511458361153E-003
   582.00000000000000        1.0830098796598790        8.6838383361931390E-004
   583.00000000000000        1.0574523154394997        5.6595986455888064E-004
   584.00000000000000        1.0503482473721140        4.8764699452475270E-004
   585.00000000000000        1.0647788041749784        6.4930949511721918E-004
   586.00000000000000        1.0944852616143788        1.0150476660930939E-003
   587.00000000000000        1.1265835343695838        1.4628833224623096E-003
   588.00000000000000        1.1471521750357725        1.7802998712997144E-003
   589.00000000000000        1.1472702908469445        1.7821937986340216E-003
   590.00000000000000        1.1268866534063120        1.4673846200989097E-003
   591.00000000000000        1.0948419170763741        1.0197168990338976E-003
   592.00000000000000        1.0650343098885182        6.5226412943563425E-004
   593.00000000000000        1.0503917871141635        4.8811952607911670E-004
   594.00000000000000        1.0572650054453905        5.6386352257994292E-004
   595.00000000000000        1.0826729587629678        8.6418143556995001E-004
   596.00000000000000        1.1155958801008539        1.3032053570973636E-003
   597.00000000000000        1.1417546610062699        1.6946292479912935E-003
   598.00000000000000        1.1498038906115882        1.8230174908020404E-003
   599.00000000000000        1.1362525110815673        1.6090491235597017E-003
   600.00000000000000        1.1069779357844816        1.1826511411584461E-003
   601.00000000000000        1.0746769370172382        7.6615910253744054E-004
   602.00000000000000        1.0533588871498332        5.2053652114935386E-004
   603.00000000000000        1.0522697076767278        5.0858731586347656E-004
   604.00000000000000        1.0718817902080531        7.3266236859124533E-004
   605.00000000000000        1.1036891139513165        1.1377136244718831E-003
   606.00000000000000        1.1338964199542076        1.5729385026600525E-003
   607.00000000000000        1.1494023982189041        1.8165229203856114E-003
   608.00000000000000        1.1434818999338625        1.7218583725158087E-003
   609.00000000000000        1.1187027238748650        1.3476709869348373E-003
   610.00000000000000        1.0858119279559295        9.0356140707621908E-004
   611.00000000000000        1.0590746874087644        5.8418902431355501E-004
   612.00000000000000        1.0500872987339982        4.8481686192679171E-004
   613.00000000000000        1.0627477118212292        6.2593744359582036E-004
   614.00000000000000        1.0915649373331777        9.7706865591194194E-004
   615.00000000000000        1.1240405615748994        1.4253250058206804E-003
   616.00000000000000        1.1460894748188135        1.7632970319873503E-003
   617.00000000000000        1.1481487704126037        1.7963056391317154E-003
   618.00000000000000        1.1293253044940266        1.5037881798181691E-003
   619.00000000000000        1.0977830643517568        1.0584791787507724E-003
   620.00000000000000        1.0672023386580143        6.7746572161519970E-004
   621.00000000000000        1.0508463944924162        4.9305877587509670E-004
   622.00000000000000        1.0558090221717842        5.4762680968883156E-004
   623.00000000000000        1.0799378641298742        8.3028339409732727E-004
   624.00000000000000        1.1127679209936492        1.2631959646434449E-003
   625.00000000000000        1.1400603608667039        1.6680886918977289E-003
   626.00000000000000        1.1499780899234722        1.8258383274258796E-003
   627.00000000000000        1.1382196572886365        1.6394441468129816E-003
   628.00000000000000        1.1098848514379629        1.2228600999796486E-003
   629.00000000000000        1.0772628541721139        7.9750166674302575E-004
   630.00000000000000        1.0545022591752498        5.3314209836110963E-004
   631.00000000000000        1.0514746389325249        4.9990095811010260E-004
   632.00000000000000        1.0694931125731935        7.0434926410546357E-004
   633.00000000000000        1.1007428286559717        1.0979527362279817E-003
   634.00000000000000        1.1316703700802015        1.5391141874837419E-003
   635.00000000000000        1.1488620511755840        1.8077973170034418E-003
   636.00000000000000        1.1448616113933017        1.7437344813758997E-003
   637.00000000000000        1.1214040946340915        1.3867705352967484E-003
   638.00000000000000        1.0886633376217747        9.3977790400411401E-004
   639.00000000000000        1.0608394417205931        6.0416466782540806E-004
   640.00000000000000        1.0500000002973178        4.8387079313065942E-004
   641.00000000000000        1.0608462231280196        6.0424172356873297E-004
   642.00000000000000        1.0886739592501178        9.3991360584995930E-004
   643.00000000000000        1.1214139497420021        1.3869139251462032E-003
   644.00000000000000        1.1448664256895278        1.7438110104737688E-003
   645.00000000000000        1.1488597366457598        1.8077599788547383E-003
   646.00000000000000        1.1316619305872282        1.5389864917762569E-003
   647.00000000000000        1.1007319245200928        1.0978064494385686E-003
   648.00000000000000        1.0694844730630302        7.0424738041114602E-004
   649.00000000000000        1.0514720111184339        4.9987229906750367E-004
   650.00000000000000        1.0545067827751198        5.3319209665098196E-004
   651.00000000000000        1.0772725672405734        7.9762003628816862E-004
   652.00000000000000        1.1098955412881568        1.2230088155119757E-003
   653.00000000000000        1.1382266875904927        1.6395531762455914E-003
   654.00000000000000        1.1499784115416596        1.8258435371055035E-003
   655.00000000000000        1.1400538343111408        1.6679867793762996E-003
   656.00000000000000        1.1127573769182062        1.2630476146660980E-003
   657.00000000000000        1.0799278756401769        8.3016030486233908E-004
   658.00000000000000        1.0558039213867620        5.4757010888878627E-004
   659.00000000000000        1.0508483937329598        4.9308051934334211E-004
   660.00000000000000        1.0672105708269348        6.7756186072101185E-004
   661.00000000000000        1.0977939590480073        1.0586236194718131E-003
   662.00000000000000        1.1293341365430780        1.5039206369974400E-003
   663.00000000000000        1.1481517092374254        1.7963529248062166E-003
   664.00000000000000        1.1460852458120301        1.7632295023407491E-003
   665.00000000000000        1.1240309989129464        1.4251844594262869E-003
   666.00000000000000        1.0915541884696096        9.7692969739247675E-004
   667.00000000000000        1.0627404387120631        6.2585411817380377E-004
   668.00000000000000        1.0500866557774231        4.8480989275155503E-004
   669.00000000000000        1.0590809534635905        5.8425968049495135E-004
   670.00000000000000        1.0858223853509175        9.0369345500240957E-004
   671.00000000000000        1.1187128370988542        1.3478166055247566E-003
   672.00000000000000        1.1434872827472280        1.7219435030839871E-003
   673.00000000000000        1.1494007160239641        1.8164957291938958E-003
   674.00000000000000        1.1338884023412601        1.5728161664632753E-003
   675.00000000000000        1.1036782382656323        1.1375659937509419E-003
   676.00000000000000        1.0718727733790254        7.3255495121365814E-004
   677.00000000000000        1.0522664604229190        5.0855177657482895E-004
   678.00000000000000        1.0533628178483683        5.2057974817731824E-004
   679.00000000000000        1.0746863408719327        7.6627246551719220E-004
   680.00000000000000        1.1069887342647085        1.1827996553257867E-003
   681.00000000000000        1.1362600207028080        1.6091647315849126E-003
   682.00000000000000        1.1498048543513255        1.8230330918345460E-003
   683.00000000000000        1.1417486608777740        1.6945349627978373E-003
   684.00000000000000        1.1155855184395809        1.3030579556283105E-003
   685.00000000000000        1.0826627295590943        8.6405393895239049E-004
   686.00000000000000        1.0572593452405583        5.6380020121078245E-004
   687.00000000000000        1.0503931508144193        4.8813432762647043E-004
   688.00000000000000        1.0650421060389408        6.5235433410675545E-004
   689.00000000000000        1.0948527643829327        1.0198590145761711E-003
   690.00000000000000        1.1268958472087560        1.4675212288098600E-003
   691.00000000000000        1.1472738437173076        1.7822507798778756E-003
   692.00000000000000        1.1471485460469688        1.7802416953421856E-003
   693.00000000000000        1.1265742974622783        1.4627462367279344E-003
   694.00000000000000        1.0944744229580068        1.0149058749964286E-003
   695.00000000000000        1.0647710646388286        6.4922004676968713E-004
   696.00000000000000        1.0503469636958551        4.8763306432601154E-004
   697.00000000000000        1.0574580443705819        5.6602400882276287E-004
   698.00000000000000        1.0830201364847682        8.6851185852618675E-004
   699.00000000000000        1.1159466210281392        1.3081983859033267E-003
   700.00000000000000        1.1419568441383512        1.6978075553024999E-003
   701.00000000000000        1.1497698264375409        1.8224660948810438E-003
   702.00000000000000        1.1359969736863091        1.6051171547286250E-003
   703.00000000000000        1.1066117550856724        1.1776187208965474E-003
   704.00000000000000        1.0743589304819541        7.6232819301321505E-004
   705.00000000000000        1.0532269784379893        5.1908631690937080E-004
   706.00000000000000        1.0523811073494087        5.0980682859020959E-004
   707.00000000000000        1.0721881827469761        7.3631485836271181E-004
   708.00000000000000        1.1040576128411115        1.1427195464156774E-003
   709.00000000000000        1.1341672023298830        1.5770723874284393E-003
   710.00000000000000        1.1494580221660657        1.8174221267674027E-003
   711.00000000000000        1.1432982406075143        1.7189547707074841E-003
   712.00000000000000        1.1183594367652467        1.3427314342579334E-003
   713.00000000000000        1.0854579012439645        8.9909438537003820E-004
   714.00000000000000        1.0588634671836181        5.8180842690040582E-004
   715.00000000000000        1.0501104940139387        4.8506829495605850E-004
   716.00000000000000        1.0629952625051353        6.2877510411251357E-004
   717.00000000000000        1.0919294773541717        9.8178493735508361E-004
   718.00000000000000        1.1243639851130531        1.4300815300760665E-003
   719.00000000000000        1.1462315087880881        1.7655656715435744E-003
   720.00000000000000        1.1480478127932259        1.7946815418636174E-003
   721.00000000000000        1.1290251419470108        1.4992891831205777E-003
   722.00000000000000        1.0974138813622014        1.0535883322862582E-003
   723.00000000000000        1.0669242547940667        6.7422011687174319E-004
   724.00000000000000        1.0507800184209541        4.9233698806287545E-004
   725.00000000000000        1.0559831420990720        5.4956310310261942E-004
   726.00000000000000        1.0802769619379939        8.3446517334930393E-004
   727.00000000000000        1.1131249254574036        1.2682224554279831E-003
   728.00000000000000        1.1402804344064092        1.6715266038675018E-003
   729.00000000000000        1.1499657837206962        1.8256389920257338E-003
   730.00000000000000        1.1379803087070437        1.6357339191790648E-003
   731.00000000000000        1.1095222691377724        1.2178196137988687E-003
   732.00000000000000        1.0769342949147882        7.9350047440450986E-004
   733.00000000000000        1.0543502234764739        5.3146226136682165E-004
   734.00000000000000        1.0515650666950567        5.0088736978905007E-004
   735.00000000000000        1.0697867840748494        7.0781469151917360E-004
   736.00000000000000        1.1011123746642772        1.1029142354717183E-003
   737.00000000000000        1.1319555135809534        1.5434310133781528E-003
   738.00000000000000        1.1489391216436164        1.8090408041510565E-003
   739.00000000000000        1.1446971823631047        1.7411214995140068E-003
   740.00000000000000        1.1210694811708166        1.3819052055238587E-003
   741.00000000000000        1.0883036660306737        9.3518622621638098E-004
   742.00000000000000        1.0606107063499199        6.0156692123490519E-004
   743.00000000000000        1.0500014067166905        4.8388603184493510E-004
   744.00000000000000        1.0610771613546686        6.0686717966223472E-004
   745.00000000000000        1.0890342683065168        9.4452040953867014E-004
   746.00000000000000        1.1217473588027274        1.3917681681340866E-003
   747.00000000000000        1.1450283308349600        1.7463854831235338E-003
   748.00000000000000        1.1487799174210540        1.8064725240119379E-003
   749.00000000000000        1.1313750056507499        1.5346475320329911E-003
   750.00000000000000        1.1003623370293532        1.0928519424732112E-003
   751.00000000000000        1.0691925180237154        7.0080662635539116E-004
   752.00000000000000        1.0513843133104936        4.9891605442350527E-004
   753.00000000000000        1.0546613779031562        5.3490139784401561E-004
   754.00000000000000        1.0776024053433499        8.0164251037289605E-004
   755.00000000000000        1.1102575671977231        1.2280489566736897E-003
   756.00000000000000        1.1384638858593932        1.6432334455873808E-003
   757.00000000000000        1.1499879061288625        1.8259973363909030E-003
   758.00000000000000        1.1398315072880154        1.6645166114076068E-003
   759.00000000000000        1.1123996544688874        1.2580182603511938E-003
   760.00000000000000        1.0795899067442281        8.2599849673795577E-004
   761.00000000000000        1.0556322876669475        5.4566295120898770E-004
   762.00000000000000        1.0509175349715243        4.9383260853472742E-004
   763.00000000000000        1.0674904995499874        6.8083301398903513E-004
   764.00000000000000        1.0981632664487631        1.0635236043102609E-003
   765.00000000000000        1.1296326490945983        1.5084001425498699E-003
   766.00000000000000        1.1482499580795831        1.7979340422036110E-003
   767.00000000000000        1.1459406191164843        1.7609207077773047E-003
   768.00000000000000        1.1237062231993056        1.4204141551065182E-003
   769.00000000000000        1.0911901232803884        9.7222674858144604E-004
   770.00000000000000        1.0624949839266054        6.2304356406745246E-004
   771.00000000000000        1.0500662684435391        4.8458891939307295E-004
   772.00000000000000        1.0592944758388854        5.8666851532637634E-004
   773.00000000000000        1.0861772099440135        9.0817727804067927E-004
   774.00000000000000        1.1190550717689378        1.3527477454171504E-003
   775.00000000000000        1.1436684957703862        1.7248104243781622E-003
   776.00000000000000        1.1493423129041567        1.8155517985310801E-003
   777.00000000000000        1.1336157132875881        1.5686575591467400E-003
   778.00000000000000        1.1033095321440722        1.1325648148623167E-003
   779.00000000000000        1.0715679629337391        7.2892616120736502E-004
   780.00000000000000        1.0521577459942442        5.0736225500069149E-004
   781.00000000000000        1.0534973503285814        5.2205969201420165E-004
   782.00000000000000        1.0750057717367436        7.7012585536657930E-004
   783.00000000000000        1.1073545220574514        1.1878341726331569E-003
   784.00000000000000        1.1365135184374646        1.6130691530003877E-003
   785.00000000000000        1.1498361166919837        1.8235391969470664E-003
   786.00000000000000        1.1415441289318871        1.6913222333119922E-003
   787.00000000000000        1.1152339004298306        1.2980594806636812E-003
   788.00000000000000        1.0823165268884893        8.5974206153190363E-004
   789.00000000000000        1.0570687106075631        5.6166846363684298E-004
   790.00000000000000        1.0504407649924516        4.8865118610366719E-004
   791.00000000000000        1.0653073181263071        6.5542474738928777E-004
   792.00000000000000        1.0952205484196473        1.0246812148305940E-003
   793.00000000000000        1.1272066903375741        1.4721427990297127E-003
   794.00000000000000        1.1473929291428835        1.7841611135680072E-003
   795.00000000000000        1.1470242248378637        1.7782491839906543E-003
   796.00000000000000        1.1262604893788188        1.4580918543751038E-003
   797.00000000000000        1.0941072307357640        1.0101059494996966E-003
   798.00000000000000        1.0645097444237142        6.4620163011834574E-004
   799.00000000000000        1.0503048535374977        4.8717613725025015E-004
   800.00000000000000        1.0576534080042068        5.6821236801913883E-004
   801.00000000000000        1.0833682421065471        8.7286011187508606E-004
   802.00000000000000        1.1162964906043980        1.3131858024441807E-003
   803.00000000000000        1.1421567345849186        1.7009521698346229E-003
   804.00000000000000        1.1497330426116650        1.8218707533610046E-003
   805.00000000000000        1.1357394692220431        1.6011587321970117E-003
   806.00000000000000        1.1062452131369571        1.1725886347365630E-003
   807.00000000000000        1.0740423251301130        7.5851926044205879E-004
   808.00000000000000        1.0530976256310596        5.1766503065317298E-004
   809.00000000000000        1.0524951091185519        5.1105544802169229E-004
   810.00000000000000        1.0724960950100981        7.3999024086822201E-004
   811.00000000000000        1.1044258899582633        1.1477297902074634E-003
   812.00000000000000        1.1344361176218152        1.5811819426181976E-003
   813.00000000000000        1.1495109434974129        1.8182778135257067E-003
   814.00000000000000        1.1431122152700852        1.7160157775487838E-003
   815.00000000000000        1.1180151464132282        1.3377840380511539E-003
   816.00000000000000        1.0851046691778399        8.9464388219510948E-004
   817.00000000000000        1.0586544948440926        5.7945531789637566E-004
   818.00000000000000        1.0501364154814177        4.8534931002761327E-004
   819.00000000000000        1.0632448352947375        6.3163901418247423E-004
   820.00000000000000        1.0922944584308085        9.8651394029024568E-004
   821.00000000000000        1.1246860773340435        1.4348243366074857E-003
   822.00000000000000        1.1463710164773369        1.7677951174385545E-003
   823.00000000000000        1.1479442296121753        1.7930158339743655E-003
   824.00000000000000        1.1287233932976606        1.4947715825494761E-003
   825.00000000000000        1.0970448396433077        1.0487066192772869E-003
   826.00000000000000        1.0666479783028140        6.7099942954952153E-004
   827.00000000000000        1.0507163319426664        4.9164464695994174E-004
   828.00000000000000        1.0561596672835383        5.5152765221518584E-004
   829.00000000000000        1.0806171374589115        8.3866618101334240E-004
   830.00000000000000        1.1134812126712144        1.2732458483362445E-003
   831.00000000000000        1.1404983068142607        1.6749329088353651E-003
   832.00000000000000        1.1499507471642889        1.8253954426678406E-003
   833.00000000000000        1.1377388847406922        1.6319948843562053E-003
   834.00000000000000        1.1091591665436424        1.2127790991372121E-003
   835.00000000000000        1.0766069961127374        7.8952010840688562E-004
   836.00000000000000        1.0542006822873036        5.2981108094550273E-004
   837.00000000000000        1.0516581411607175        5.0190306451140896E-004
   838.00000000000000        1.0700821065628427        7.1130397033209814E-004
   839.00000000000000        1.1014818598874159        1.1078822542238181E-003
   840.00000000000000        1.1322389108883684        1.5477260167323643E-003
   841.00000000000000        1.1490135178573955        1.8102414776100487E-003
   842.00000000000000        1.1445303108567804        1.7384713277519258E-003
   843.00000000000000        1.1207337163340132        1.3770294377307747E-003
   844.00000000000000        1.0879446335798337        9.3060945413872152E-004
   845.00000000000000        1.0603841233588891        5.9899615882889402E-004
   846.00000000000000        1.0500055452839354        4.8393087424467143E-004
   847.00000000000000        1.0613102265296692        6.0951948113839073E-004
   848.00000000000000        1.0893951766707983        9.4914169164255185E-004
   849.00000000000000        1.1220795795317970        1.3966113107461416E-003
   850.00000000000000        1.1451877754293811        1.7489223364532695E-003
   851.00000000000000        1.1486974326522914        1.8051424714223164E-003
   852.00000000000000        1.1310863662425057        1.5302873966577953E-003
   853.00000000000000        1.0999927297854506        1.0879044987776151E-003
   854.00000000000000        1.0689022464441140        6.9738995183446029E-004
   855.00000000000000        1.0512992720934091        4.9798913113944577E-004
   856.00000000000000        1.0548184505379177        5.3663928118146201E-004
   857.00000000000000        1.0779334673098944        8.0568550000600307E-004
   858.00000000000000        1.1106190325875707        1.2330884555024949E-003
   859.00000000000000        1.1386989822586662        1.6468843244862074E-003
   860.00000000000000        1.1499946691514993        1.8261068913424958E-003
   861.00000000000000        1.1396070037201689        1.6610153893851015E-003
   862.00000000000000        1.1120412544465434        1.2529864393489472E-003
   863.00000000000000        1.0792530531901638        8.2185625593109277E-004
   864.00000000000000        1.0554630783771950        5.4378413740863315E-004
   865.00000000000000        1.0509893582965948        4.9461411624005457E-004
   866.00000000000000        1.0677722047738718        6.8412888102976509E-004
   867.00000000000000        1.0985326742168957        1.0684322063219849E-003
   868.00000000000000        1.1299295424222806        1.5128603874374489E-003
   869.00000000000000        1.1483455703271563        1.7994732773054215E-003
   870.00000000000000        1.1457934820003199        1.7585731015728149E-003
   871.00000000000000        1.1233801519887505        1.4156307975868264E-003
   872.00000000000000        1.0908265394566543        9.6753697751712699E-004
   873.00000000000000        1.0622515785843207        6.2025941826056969E-004
   874.00000000000000        1.0500486097159307        4.8439753688956044E-004
   875.00000000000000        1.0595102225475450        5.8910471696936616E-004
   876.00000000000000        1.0865327898318344        9.1267721976764948E-004
   877.00000000000000        1.1193962651839882        1.3576703849329833E-003
   878.00000000000000        1.1438473225276728        1.7276414807446245E-003
   879.00000000000000        1.1492812134979078        1.8145645060816389E-003
   880.00000000000000        1.1333411873544843        1.5644752545277900E-003
   881.00000000000000        1.1029406451747548        1.1275685262378159E-003
   882.00000000000000        1.0712647061812546        7.2532051793122785E-004
   883.00000000000000        1.0520516458820295        5.0620188911818789E-004
   884.00000000000000        1.0536344239058046        5.2356849164890244E-004
   885.00000000000000        1.0753265683988757        7.7400093915629619E-004
   886.00000000000000        1.1077199079660520        1.1928704302473683E-003
   887.00000000000000        1.1367650209409117        1.6169465137336428E-003
   888.00000000000000        1.1498646557632213        1.8240012657842410E-003
   889.00000000000000        1.1413373268018647        1.6880763276126288E-003
   890.00000000000000        1.1148814499712871        1.2930560376426549E-003
   891.00000000000000        1.0819712904789058        8.5544837996015923E-004
   892.00000000000000        1.0568804218860415        5.5956470136770786E-004
   893.00000000000000        1.0504910873163553        4.8919756048102544E-004
   894.00000000000000        1.0655744260452904        6.5852064568647966E-004
   895.00000000000000        1.0955885935807606        1.0295140242069731E-003
   896.00000000000000        1.1275160467701686        1.4767477059017668E-003
   897.00000000000000        1.1475094247906221        1.7860307133702109E-003
   898.00000000000000        1.1468973340131003        1.7762164298838559E-003
   899.00000000000000        1.1259452463436279        1.4534218013415002E-003
   900.00000000000000        1.0937403605210017        1.0053173616769030E-003
   901.00000000000000        1.0642503635887313        6.4320896798914320E-004
   902.00000000000000        1.0502654589459983        4.8674875337544759E-004
   903.00000000000000        1.0578510856214920        5.7042854731760237E-004
   904.00000000000000        1.0837172565625630        8.7722601175615046E-004
   905.00000000000000        1.1166454696230257        1.3181672865766104E-003
   906.00000000000000        1.1423543213974408        1.7040628397430985E-003
   907.00000000000000        1.1496935411532625        1.8212315167228574E-003
   908.00000000000000        1.1354800117920441        1.5971741581674223E-003
   909.00000000000000        1.1058783299217247        1.1675611723027995E-003
   910.00000000000000        1.0737271381826825        7.5473244058156086E-004
   911.00000000000000        1.0529708357806833        5.1627269153301783E-004
   912.00000000000000        1.0526117067833121        5.1233314937520222E-004
   913.00000000000000        1.0728055102102139        7.4368838946830401E-004
   914.00000000000000        1.1047939252712458        1.1527440751409733E-003
   915.00000000000000        1.1347031512365435        1.5852668604734242E-003
   916.00000000000000        1.1495611593344204        1.8190899086702255E-003
   917.00000000000000        1.1429238340868382        1.7130416300641382E-003
   918.00000000000000        1.1176698716759483        1.3328291217506903E-003
   919.00000000000000        1.0847522510597485        8.9021009155709763E-004
   920.00000000000000        1.0584477818352793        5.7712975591365633E-004
   921.00000000000000        1.0501650617199694        4.8565990198098951E-004
   922.00000000000000        1.0634964165204313        6.3452909333863684E-004
   923.00000000000000        1.0926598605729780        9.9125543604151683E-004
   924.00000000000000        1.1250068205561448        1.4395530958698341E-003
   925.00000000000000        1.1465079902451771        1.7699851854632719E-003
   926.00000000000000        1.1478380265558028        1.7913086549745808E-003
   927.00000000000000        1.1284200750725986        1.4902357036279273E-003
   928.00000000000000        1.0966759594541626        1.0438342931176619E-003
   929.00000000000000        1.0663735243163976        6.6780375866734706E-004
   930.00000000000000        1.0506553385537163        4.9098176577992475E-004
   931.00000000000000        1.0563385881235310        5.5352041272412815E-004
   932.00000000000000        1.0809583721465612        8.4288624848116603E-004
   933.00000000000000        1.1138367632557169        1.2782658324797748E-003
   934.00000000000000        1.1407139662125949        1.6783073382856625E-003
   935.00000000000000        1.1499329810721264        1.8251076999105512E-003
   936.00000000000000        1.1374953984904377        1.6282273304334348E-003
   937.00000000000000        1.1087955634056437        1.2077388551001900E-003
   938.00000000000000        1.0762809755275802        7.8556071730540901E-004
   939.00000000000000        1.0540536437977106        5.2818859275115737E-004
   940.00000000000000        1.0517538572434992        5.0294802249006506E-004
   941.00000000000000        1.0703790638619060        7.1481698540600729E-004
   942.00000000000000        1.1018512641350491        1.1128565224904979E-003
   943.00000000000000        1.1325205464809698        1.5519988795415969E-003
   944.00000000000000        1.1490852357515771        1.8113992364240474E-003
   945.00000000000000        1.1443610060349847        1.7357841827209477E-003
   946.00000000000000        1.1203968185134694        1.3721435590177803E-003
   947.00000000000000        1.0875862598432937        9.2604779558723112E-004
   948.00000000000000        1.0601597051579699        5.9645244792696508E-004
   949.00000000000000        1.0500124157739397        4.8400531952167694E-004
   950.00000000000000        1.0615454058883285        6.1219855720383450E-004
   951.00000000000000        1.0897566643938499        9.5377723540864673E-004
   952.00000000000000        1.1224105937330935        1.4014430249877714E-003
   953.00000000000000        1.1453447507207775        1.7514213623605363E-003
   954.00000000000000        1.1486122868260273        1.8037699323986921E-003
   955.00000000000000        1.1307960282084244        1.5259064067193267E-003
   956.00000000000000        1.0996231228922606        1.0829643823286480E-003
   957.00000000000000        1.0686136742584715        6.9399746784511098E-004
   958.00000000000000        1.0512168920927876        4.9709154685198011E-004
   959.00000000000000        1.0549779920962468        5.3840570875034123E-004
   960.00000000000000        1.0782657351329068        8.0974885097080164E-004
   961.00000000000000        1.1109799177056006        1.2381270081147197E-003
   962.00000000000000        1.1389319640008224        1.6505055295849206E-003
   963.00000000000000        1.1499987002400081        1.8261721926828478E-003
   964.00000000000000        1.1393803358189194        1.6574833874571566E-003
   965.00000000000000        1.1116821964357675        1.2479524608461766E-003
   966.00000000000000        1.0789173333003030        8.1773374521640590E-004
   967.00000000000000        1.0552963027856386        5.4193370984339400E-004
   968.00000000000000        1.0510638597929771        4.9542502772436737E-004
   969.00000000000000        1.0680556710697890        6.8744935852257211E-004
   970.00000000000000        1.0989021622128596        1.0733491689281225E-003
   971.00000000000000        1.1302248002648250        1.5173010477663640E-003
   972.00000000000000        1.1484385407670086        1.8009705014922603E-003
   973.00000000000000        1.1456438425218347        1.7561868770774921E-003
   974.00000000000000        1.1230528033049216        1.4108347181069419E-003
   975.00000000000000        1.0904634569121636        9.6286060749333565E-004
   976.00000000000000        1.0620102360465258        6.1750175780430770E-004
   977.00000000000000        1.0500336805551016        4.8423574869778488E-004
   978.00000000000000        1.0597281817449986        5.9156822326899942E-004
   979.00000000000000        1.0868891056734882        9.1719308185151587E-004
   980.00000000000000        1.1197363986140894        1.3625841984078360E-003
   981.00000000000000        1.1440237532922475        1.7304364436407280E-003
   982.00000000000000        1.1492174211439643        1.8135339350560571E-003
   983.00000000000000        1.1330648394741103        1.5602695642287440E-003
   984.00000000000000        1.1025715975153265        1.1225774054080939E-003
   985.00000000000000        1.0709630196164752        7.2173814279641627E-004
   986.00000000000000        1.0519481658840633        5.0507070196133903E-004
   987.00000000000000        1.0537740311242589        5.2510611586431685E-004
   988.00000000000000        1.0756487133285528        7.7789757516112559E-004
   989.00000000000000        1.1080848720701348        1.1979081345613598E-003
   990.00000000000000        1.1370145144378558        1.6207965159432754E-003
   991.00000000000000        1.1498904700086154        1.8244192593050764E-003
   992.00000000000000        1.1411282658139328        1.6847975044423594E-003
   993.00000000000000        1.1145281862788707        1.2880479424561846E-003
   994.00000000000000        1.0816270392392946        8.5117307268763639E-004
   995.00000000000000        1.0566944894830990        5.5748896509968580E-004
   996.00000000000000        1.0505441150304635        4.8977344052108151E-004
   997.00000000000000        1.0658434150312985        6.6164193525441322E-004
   998.00000000000000        1.0959568798473627        1.0343572001625418E-003
   999.00000000000000        1.1278238995245287        1.4813356213462996E-003
   1000.0000000000000        1.1476233243240297        1.7878594242432913E-003
   1001.0000000000000        1.1467678805395067        1.7741436020405764E-003
   1002.0000000000000        1.1256285855035739        1.4487364043526908E-003
   1003.0000000000000        1.0933738323611628        1.0005403483133823E-003
   1004.0000000000000        1.0639929362422613        6.4024214606285849E-004
   1005.0000000000000        1.0502287820740550        4.8635092060194437E-004
   1006.0000000000000        1.0580510664702500        5.7267249399067615E-004
   1007.0000000000000        1.0840671607810926        8.8160937306199991E-004
   1008.0000000000000        1.1169935391021688        1.3231425199419845E-003
   1009.0000000000000        1.1425495937788834        1.7071393159290339E-003
   1010.0000000000000        1.1496513242109181        1.8205484388330228E-003
   1011.0000000000000        1.1352186155742359        1.5931637357151538E-003
   1012.0000000000000        1.1055111254418413        1.1625366218697827E-003
   1013.0000000000000        1.0734133869028755        7.5096786899326001E-004
   1014.0000000000000        1.0528466157997400        5.1490932798517680E-004
   1015.0000000000000        1.0527308939580680        5.1363990670322474E-004
   1016.0000000000000        1.0731164114787488        7.4740917593965530E-004
   1017.0000000000000        1.1051616986225377        1.1577621171826404E-003
   1018.0000000000000        1.1349682884142969        1.5893268303074494E-003
   1019.0000000000000        1.1496086669262306        1.8198583435381662E-003
   1020.0000000000000        1.1427331074001235        1.7100325685422046E-003
   1021.0000000000000        1.1173236313337751        1.3278670063285197E-003
   1022.0000000000000        1.0844006662358887        8.8579320677195780E-004
   1023.0000000000000        1.0582433394008228        5.7483179764926189E-004
   1024.0000000000000        1.0501964311559868        4.8600006501676849E-004
   1025.0000000000000        1.0637499924980760        6.3744526095050236E-004
   1026.0000000000000        1.0930256638134592        9.9600919475841812E-004
   1027.0000000000000        1.1253261973333204        1.4442674807291316E-003
   1028.0000000000000        1.1466424226067449        1.7721356947654433E-003
   1029.0000000000000        1.1477292094007618        1.7895601468818480E-003
   1030.0000000000000        1.1281152038464999        1.4856818717800221E-003
   1031.0000000000000        1.0963072608590949        1.0389716030626793E-003
   1032.0000000000000        1.0661009078322208        6.6463320143493913E-004
   1033.0000000000000        1.0505970415716881        4.9034835680907538E-004
   1034.0000000000000        1.0565198948199201        5.5554133868091654E-004
   1035.0000000000000        1.0813006473975324        8.4712520539019043E-004
   1036.0000000000000        1.1141915577370904        1.2832820941399527E-003
   1037.0000000000000        1.1409274008435626        1.6816496257628689E-003
   1038.0000000000000        1.1499124864167507        1.8247757881402675E-003
   1039.0000000000000        1.1372498634152302        1.6244315509516092E-003
   1040.0000000000000        1.1084314796384047        1.2026991814987370E-003
   1041.0000000000000        1.0759562511796721        7.8162245194939169E-004
   1042.0000000000000        1.0539091160054910        5.2659483103131832E-004
   1043.0000000000000        1.0518522096879295        5.0402222301955196E-004
   1044.0000000000000        1.0706776398197786        7.1835362141055921E-004
   1045.0000000000000        1.1022205671282230        1.1178367674732183E-003
   1046.0000000000000        1.1328004050398832        1.5562492863108119E-003
   1047.0000000000000        1.1491542713901146        1.8125139829195725E-003
   1048.0000000000000        1.1441892771066366        1.7330602824508340E-003
   1049.0000000000000        1.1200588061188010        1.3672478955158822E-003
   1050.0000000000000        1.0872285644494841        9.2150145772792503E-004
   1051.0000000000000        1.0599374640103845        5.9393585439529472E-004
   1052.0000000000000        1.0500220178109199        4.8410936631150200E-004
   1053.0000000000000        1.0617826865793862        6.1490433622540504E-004
   1054.0000000000000        1.0901187119499554        9.5842682812014664E-004
   1055.0000000000000        1.1227403833185079        1.4062629832440018E-003
   1056.0000000000000        1.1454992482104185        1.7538823574851073E-003
   1057.0000000000000        1.1485244846052383        1.8023550222522329E-003
   1058.0000000000000        1.1305040072675709        1.5215048807226113E-003
   1059.0000000000000        1.0992535365933349        1.0780318573747069E-003
   1060.0000000000000        1.0683268170902482        6.9062928134115838E-004
   1061.0000000000000        1.0511371778211251        4.9622331892795963E-004
   1062.0000000000000        1.0551399938189443        5.4020064135141340E-004
   1063.0000000000000        1.0785991906141426        8.1383240580146341E-004
   1064.0000000000000        1.1113402027407180        1.2431643082426109E-003
   1065.0000000000000        1.1391628183249372        1.6540967779427097E-003
   1066.0000000000000        1.1499999991741290        1.8261932348821246E-003
   1067.0000000000000        1.1391515159985710        1.6539208830305084E-003
   1068.0000000000000        1.1113225001478209        1.2429166342721354E-003
   1069.0000000000000        1.0785827654624038        8.1363112719083294E-004
   1070.0000000000000        1.0551319700056490        5.4011170976015854E-004
   1071.0000000000000        1.0511410353806934        4.9626532744923230E-004
   1072.0000000000000        1.0683408829478633        6.9079434211633385E-004
   1073.0000000000000        1.0992717101996299        1.0782742326696868E-003
   1074.0000000000000        1.1305184064880114        1.5217218008176455E-003
   1075.0000000000000        1.1485288643066036        1.8024255891940935E-003
   1076.0000000000000        1.1454917088580048        1.7537622303181097E-003
   1077.0000000000000        1.1227241948296613        1.4060262417651646E-003
   1078.0000000000000        1.0901008954873836        9.5819785942647317E-004
   1079.0000000000000        1.0617709693796409        6.1477065645585999E-004
   1080.0000000000000        1.0500214817792446        4.8410355780471745E-004
   1081.0000000000000        1.0599483416308129        5.9405897285474485E-004
   1082.0000000000000        1.0872461379535199        9.2172466245753800E-004
   1083.0000000000000        1.1200754536442261        1.3674888634157376E-003
   1084.0000000000000        1.1441977784004569        1.7331950860774326E-003
   1085.0000000000000        1.1491509393453185        1.8124601725503563E-003
   1086.0000000000000        1.1327866847818315        1.5560408024908275E-003
   1087.0000000000000        1.1022024094252576        1.1175917296644838E-003
   1088.0000000000000        1.0706629197632200        7.1817915701945917E-004
   1089.0000000000000        1.0518473116800409        5.0396871617022494E-004
   1090.0000000000000        1.0539161643380668        5.2667253211273739E-004
   1091.0000000000000        1.0759721888406502        7.8181561899748645E-004
   1092.0000000000000        1.1084493943803566        1.2029469894213809E-003
   1093.0000000000000        1.1372619852948480        1.6246188637939628E-003
   1094.0000000000000        1.1499135580137927        1.8247931420797339E-003
   1095.0000000000000        1.1409169573921263        1.6814860243511275E-003
   1096.0000000000000        1.1141741287008544        1.2830355114239436E-003
   1097.0000000000000        1.0812837919810956        8.4691631584108958E-004
   1098.0000000000000        1.0565109234413508        5.5544130195171195E-004
   1099.0000000000000        1.0505998452371030        4.9037881547782977E-004
   1100.0000000000000        1.0661142705546494        6.6478852490944873E-004
   1101.0000000000000        1.0963253870482785        1.0392104966152897E-003
   1102.0000000000000        1.1281302319333331        1.4859062210783934E-003
   1103.0000000000000        1.1477346215042821        1.7896470937129897E-003
   1104.0000000000000        1.1466358714257665        1.7720308710714235E-003
   1105.0000000000000        1.1253105242020589        1.4440359920550711E-003
   1106.0000000000000        1.0930076663772155        9.9577514564653451E-004
   1107.0000000000000        1.0637374764840963        6.3730124985190225E-004
   1108.0000000000000        1.0501948249340707        4.8598264636149973E-004
   1109.0000000000000        1.0582533395978670        5.7494415347881579E-004
   1110.0000000000000        1.0844179355532975        8.8601000778057470E-004
   1111.0000000000000        1.1173406799777186        1.3281111815982107E-003
   1112.0000000000000        1.1427425410103593        1.7101813509070082E-003
   1113.0000000000000        1.1496063940963610        1.8198215774856863E-003
   1114.0000000000000        1.1349552949190775        1.5891277702657631E-003
   1115.0000000000000        1.1051436198092159        1.1575152716100305E-003
   1116.0000000000000        1.0731010884354761        7.4722567912847721E-004
   1117.0000000000000        1.0527249724923047        5.1357496807002674E-004
   1118.0000000000000        1.0528526641298952        5.1497569351206655E-004
   1119.0000000000000        1.0734287817877675        7.5115246952020260E-004
   1120.0000000000000        1.1055291899153448        1.1627836315120164E-003
   1121.0000000000000        1.1352315148341605        1.5933615477870557E-003
   1122.0000000000000        1.1496534636768150        1.8205830532406495E-003
   1123.0000000000000        1.1425400455359909        1.7069888334627016E-003
   1124.0000000000000        1.1169764443502805        1.3228980140099285E-003
   1125.0000000000000        1.0840499337412608        8.8139341601980667E-004
   1126.0000000000000        1.0580411787385653        5.7256149965365587E-004
   1127.0000000000000        1.0502305220911112        4.8636979304505828E-004
   1128.0000000000000        1.0640055493395670        6.4038743402833635E-004
   1129.0000000000000        1.0933918480707991        1.0007749836249793E-003
   1130.0000000000000        1.1256441901728882        1.4489671623209013E-003
   1131.0000000000000        1.1467743061831401        1.7742464670590680E-003
   1132.0000000000000        1.1476177841065276        1.7877704556934211E-003
   1133.0000000000000        1.1278087963563019        1.4811104140155043E-003
   1134.0000000000000        1.0959387640519431        1.0341187985203207E-003
   1135.0000000000000        1.0658301438152680        6.6148785446342568E-004
   1136.0000000000000        1.0505414441900465        4.8974443200399233E-004
   1137.0000000000000        1.0567035774652906        5.5759038346760820E-004
   1138.0000000000000        1.0816439444654375        8.5138287854390953E-004
   1139.0000000000000        1.1145455767277657        1.2882943193244919E-003
   1140.0000000000000        1.1411385990168232        1.6849595060754938E-003
   1141.0000000000000        1.1498892643180820        1.8243997354508079E-003
   1142.0000000000000        1.1370022927779304        1.6206078363059269E-003
   1143.0000000000000        1.1080669351371044        1.1976603762888114E-003
   1144.0000000000000        1.0756328406086171        7.7770545652347197E-004
   1145.0000000000000        1.0537671068269781        5.2502982986203856E-004
   1146.0000000000000        1.0519531931691513        5.0512564556023660E-004
   1147.0000000000000        1.0709778180836143        7.2191376015806261E-004
   1148.0000000000000        1.1025897488726657        1.1228227186029650E-003
   1149.0000000000000        1.1330784712367814        1.5604769208610006E-003
   1150.0000000000000        1.1492206210353804        1.8135856238324533E-003
   1151.0000000000000        1.1440151334769559        1.7302998486986674E-003
   1152.0000000000000        1.1197196977061126        1.3623427742060056E-003
   1153.0000000000000        1.0868715669444944        9.1697064534699256E-004
   1154.0000000000000        1.0597174121155617        5.9144644361044615E-004
   1155.0000000000000        1.0500343508701770        4.8424301271178082E-004
   1156.0000000000000        1.0620220555761790        6.1763674469814914E-004
   1157.0000000000000        1.0904812994641906        9.6309025118382558E-004
   1158.0000000000000        1.1230689301842234        1.4110708564887859E-003
   1159.0000000000000        1.1456512594160000        1.7563051194584213E-003
   1160.0000000000000        1.1484340307878331        1.8008978596113999E-003
   1161.0000000000000        1.1302103194502300        1.5170831411965738E-003
   1162.0000000000000        1.0988839910845352        1.0731071859300869E-003
   1163.0000000000000        1.0680416906875405        6.8728550037256461E-004
   1164.0000000000000        1.0510601336343692        4.9538446399869220E-004
   1165.0000000000000        1.0553044469351456        5.4202404030640871E-004
   1166.0000000000000        1.0789338155320907        8.1793600581197060E-004
   1167.0000000000000        1.1116998681868882        1.2482000523329230E-003
   1168.0000000000000        1.1393915326160895        1.6576577889140457E-003
   1169.0000000000000        1.1499985658835368        1.8261700161689150E-003
   1170.0000000000000        1.1389205567628700        1.6503281549747311E-003
   1171.0000000000000        1.1109621850568632        1.2378792641996091E-003
   1172.0000000000000        1.0782493679587615        8.0954856218897712E-004
   1173.0000000000000        1.0549700890575899        5.3831817799674156E-004
   1174.0000000000000        1.0512208808425216        4.9713499936535250E-004
   1175.0000000000000        1.0686278247503125        6.9416372515646919E-004
   1176.0000000000000        1.0996412979834385        1.0832071370738456E-003
   1177.0000000000000        1.1308103449745228        1.5261223234110132E-003
   1178.0000000000000        1.1486165360102558        1.8038384184868379E-003
   1179.0000000000000        1.1453370893613719        1.7512993608852299E-003
   1180.0000000000000        1.1223943446019413        1.4012056977464190E-003
   1181.0000000000000        1.0897388749943053        9.5354895244563226E-004
   1182.0000000000000        1.0615337917193484        6.1206618885876357E-004
   1183.0000000000000        1.0500120140549558        4.8400096662832198E-004
   1184.0000000000000        1.0601706901198171        5.9657690140513503E-004
   1185.0000000000000        1.0876038671620756        9.2627175851371581E-004
   1186.0000000000000        1.1204134116610636        1.3723840533695947E-003
   1187.0000000000000        1.1443693883427848        1.7359171840807314E-003
   1188.0000000000000        1.1490817717013322        1.8113433084407293E-003
   1189.0000000000000        1.1325067384772745        1.5517892840330929E-003
   1190.0000000000000        1.1018331008925992        1.1126117710210724E-003
   1191.0000000000000        1.0703644230202980        7.1464367981157774E-004
   1192.0000000000000        1.0517490887302654        5.0289595289390739E-004
   1193.0000000000000        1.0540608157804283        5.2826770726442987E-004
   1194.0000000000000        1.0762969774220215        7.8575492757046786E-004
   1195.0000000000000        1.1088134549775743        1.2079866980497687E-003
   1196.0000000000000        1.1375074199273789        1.6284132620463406E-003
   1197.0000000000000        1.1499339185171202        1.8251228824664404E-003
   1198.0000000000000        1.1407034131373781        1.6781421509118551E-003
   1199.0000000000000        1.1138192965845404        1.2780190593774307E-003
   1200.0000000000000        1.0809415675469878        8.4267828483698378E-004
