   3.3333333333333335E-003   0.0000000000000000        0.0000000000000000     
   6.6666666666666671E-003   1.0496073486800459E-003   4.5445225160904136E-002
   1.0000000000000000E-002   2.0987543048871138E-003   9.0781653332549395E-002
   1.3333333333333334E-002   3.1469806780915792E-003  0.13599034158789314     
   1.6666666666666666E-002   4.1938266815619504E-003  0.18105239495403702     
   2.0000000000000000E-002   5.2388331340425193E-003  0.22594897197686634     
   2.3333333333333334E-002   6.2815416611654460E-003  0.27066129030269198     
   2.6666666666666668E-002   7.3214948965088901E-003  0.31517063228475306     
   3.0000000000000002E-002   8.3582366822130567E-003  0.35945835062223419     
   3.3333333333333333E-002   9.3913122690660999E-003  0.40350587403920807     
   3.6666666666666667E-002   1.0420268515972157E-002  0.44729471301063312     
   4.0000000000000001E-002   1.1444654088714014E-002  0.49080646554221669     
   4.3333333333333335E-002   1.2464019657923209E-002  0.53402282301058912     
   4.6666666666666669E-002   1.3477918096170736E-002  0.57692557606984640     
   5.0000000000000003E-002   1.4485904674091925E-002  0.61949662063008604     
   5.3333333333333337E-002   1.5487537255459429E-002  0.66171796391309490     
   5.6666666666666671E-002   1.6482376491118798E-002  0.70357173058985623     
   6.0000000000000005E-002   1.7469986011701525E-002  0.74504016900401915     
   6.3333333333333339E-002   1.8449932619031086E-002  0.78610565748491346     
   6.6666666666666666E-002   1.9421786476137962E-002  0.82675071075312245     
   6.9999999999999993E-002   2.0385121295800356E-002  0.86695798642100785     
   7.3333333333333320E-002   2.1339514527527859E-002  0.90671029158997973     
   7.6666666666666647E-002   2.2284547542906034E-002  0.94599058954562820     
   7.9999999999999974E-002   2.3219805819220705E-002  0.98478200655119386     
   8.3333333333333301E-002   2.4144879121281312E-002   1.0230678387391687     
   8.6666666666666628E-002   2.5059361681363614E-002   1.0608315591001245     
   8.9999999999999955E-002   2.5962852377192813E-002   1.0980568245671676     
   9.3333333333333282E-002   2.6854954907889084E-002   1.1347274831937242     
   9.6666666666666609E-002   2.7735277967798202E-002   1.1708275814216247     
   9.9999999999999936E-002   2.8603435418131127E-002   1.2063413714357656     
  0.10333333333333326        2.9459046456337283E-002   1.2412533186008992     
  0.10666666666666659        3.0301735783137100E-002   1.2755481089754084     
  0.10999999999999992        3.1131133767140700E-002   1.3092106568962021     
  0.11333333333333324        3.1946876606980444E-002   1.3422261126282031     
  0.11666666666666657        3.2748606490886220E-002   1.3745798700711906     
  0.11999999999999990        3.3535971753633528E-002   1.4062575745161294     
  0.12333333333333323        3.4308627030795472E-002   1.4372451304424367     
  0.12666666666666657        3.5066233410230963E-002   1.4675287093470533     
  0.12999999999999989        3.5808458580742893E-002   1.4970947575955507     
  0.13333333333333322        3.6534976977840680E-002   1.5259300042849600     
  0.13666666666666655        3.7245469926543706E-002   1.5540214691074368     
  0.13999999999999987        3.7939625781162667E-002   1.5813564702034055     
  0.14333333333333320        3.8617140061997644E-002   1.6079226319922959     
  0.14666666666666653        3.9277715588893022E-002   1.6337078929685944     
  0.14999999999999986        3.9921062611590473E-002   1.6587005134504920     
  0.15333333333333318        4.0546898936823027E-002   1.6828890832680723     
  0.15666666666666651        4.1154950052094338E-002   1.7062625293776577     
  0.15999999999999984        4.1744949246089000E-002   1.7288101233886521     
  0.16333333333333316        4.2316637725660841E-002   1.7505214889890031     
  0.16666666666666649        4.2869764729348253E-002   1.7713866092552168     
  0.16999999999999982        4.3404087637366411E-002   1.7913958338327323     
  0.17333333333333314        4.3919372078028304E-002   1.8105398859723862     
  0.17666666666666647        4.4415392030547958E-002   1.8288098694086605     
  0.17999999999999980        4.4891929924180569E-002   1.8461972750654292     
  0.18333333333333313        4.5348776733656289E-002   1.8626939875750141     
  0.18666666666666645        4.5785732070865538E-002   1.8782922915964642     
  0.18999999999999978        4.6202604272755916E-002   1.8929848779191478     
  0.19333333333333311        4.6599210485401915E-002   1.9067648493380234     
  0.19666666666666643        4.6975376744210706E-002   1.9196257262871768     
  0.19999999999999976        4.7330938050228769E-002   1.9315614522186073     
  0.20333333333333309        4.7665738442515870E-002   1.9425663987135751     
  0.20666666666666642        4.7979631066554701E-002   1.9526353703143240     
  0.20999999999999974        4.8272478238666108E-002   1.9617636090643973     
  0.21333333333333307        4.8544151506401706E-002   1.9699467987463724     
  0.21666666666666640        4.8794531704887394E-002   1.9771810688063500     
  0.21999999999999972        4.9023509009092962E-002   1.9834629979551950     
  0.22333333333333305        4.9230982982005018E-002   1.9887896174371531     
  0.22666666666666638        4.9416862618681980E-002   1.9931584139571834     
  0.22999999999999970        4.9581066386171796E-002   1.9965673322590582     
  0.23333333333333303        4.9723522259275066E-002   1.9990147773470768     
  0.23666666666666636        4.9844167752137652E-002   2.0004996163449591     
  0.23999999999999969        4.9942949945658989E-002   2.0010211799864117     
  0.24333333333333301        5.0019825510704247E-002   2.0005792637326092     
  0.24666666666666634        5.0074760727109806E-002   1.9991741285127278     
  0.24999999999999967        5.0107731498474140E-002   1.9968065010845637     
  0.25333333333333302        5.0118723362727241E-002   1.9934775740131416     
  0.25666666666666638        5.0107731498474146E-002   1.9891890052661121     
  0.25999999999999973        5.0074760727109813E-002   1.9839429174256700     
  0.26333333333333309        5.0019825510704254E-002   1.9777418965176159     
  0.26666666666666644        4.9942949945659010E-002   1.9705889904590936     
  0.26999999999999980        4.9844167752137666E-002   1.9624877071274527     
  0.27333333333333315        4.9723522259275087E-002   1.9534420120535521     
  0.27666666666666651        4.9581066386171810E-002   1.9434563257437383     
  0.27999999999999986        4.9416862618682000E-002   1.9325355206355732     
  0.28333333333333321        4.9230982982005046E-002   1.9206849176932257     
  0.28666666666666657        4.9023509009092990E-002   1.9079102826493228     
  0.28999999999999992        4.8794531704887421E-002   1.8942178219007511     
  0.29333333333333328        4.8544151506401734E-002   1.8796141780667772     
  0.29666666666666663        4.8272478238666129E-002   1.8641064252185298     
  0.29999999999999999        4.7979631066554729E-002   1.8477020637895931     
  0.30333333333333334        4.7665738442515898E-002   1.8304090151781527     
  0.30666666666666670        4.7330938050228796E-002   1.8122356160517348     
  0.31000000000000005        4.6975376744210727E-002   1.7931906123661636     
  0.31333333333333341        4.6599210485401936E-002   1.7732831531109261     
  0.31666666666666676        4.6202604272755937E-002   1.7525227837935764     
  0.32000000000000012        4.5785732070865566E-002   1.7309194396763157     
  0.32333333333333347        4.5348776733656310E-002   1.7084834387782168     
  0.32666666666666683        4.4891929924180583E-002   1.6852254746569646     
  0.33000000000000018        4.4415392030547958E-002   1.6611566089842071     
  0.33333333333333354        4.3919372078028311E-002   1.6362882639289387     
  0.33666666666666689        4.3404087637366411E-002   1.6106322143634251     
  0.34000000000000025        4.2869764729348253E-002   1.5842005799064047     
  0.34333333333333360        4.2316637725660827E-002   1.5570058168183145     
  0.34666666666666696        4.1744949246088979E-002   1.5290607097633526     
  0.35000000000000031        4.1154950052094325E-002   1.5003783634531433     
  0.35333333333333367        4.0546898936822999E-002   1.4709721941867200     
  0.35666666666666702        3.9921062611590438E-002   1.4408559213013736     
  0.36000000000000038        3.9277715588892988E-002   1.4100435585487798     
  0.36333333333333373        3.8617140061997603E-002   1.3785494054105558     
  0.36666666666666708        3.7939625781162618E-002   1.3463880383671440     
  0.37000000000000044        3.7245469926543651E-002   1.3135743021335970     
  0.37333333333333379        3.6534976977840618E-002   1.2801233008754600     
  0.37666666666666715        3.5808458580742816E-002   1.2460503894175610     
  0.38000000000000050        3.5066233410230893E-002   1.2113711644580769     
  0.38333333333333386        3.4308627030795368E-002   1.1761014557997116     
  0.38666666666666721        3.3535971753633431E-002   1.1402573176094037     
  0.39000000000000057        3.2748606490886116E-002   1.1038550197172945     
  0.39333333333333392        3.1946876606980333E-002   1.0669110389652594     
  0.39666666666666728        3.1131133767140589E-002   1.0294420506145501     
  0.40000000000000063        3.0301735783136961E-002  0.99146491982158591     
  0.40333333333333399        2.9459046456337144E-002  0.95299669319019764     
  0.40666666666666734        2.8603435418130981E-002  0.91405459040798198     
  0.41000000000000070        2.7735277967798046E-002  0.87465599597374699     
  0.41333333333333405        2.6854954907888910E-002  0.83481845102230667     
  0.41666666666666741        2.5962852377192633E-002  0.79455964525218048     
  0.42000000000000076        2.5059361681363426E-002  0.75389740896102342     
  0.42333333333333412        2.4144879121281125E-002  0.71284970519291291     
  0.42666666666666747        2.3219805819220493E-002  0.67143462200085846     
  0.43000000000000083        2.2284547542905812E-002  0.62967036482720584     
  0.43333333333333418        2.1339514527527630E-002  0.58757524900386771     
  0.43666666666666754        2.0385121295800127E-002  0.54516769237361284     
  0.44000000000000089        1.9421786476137702E-002  0.50246620803293407     
  0.44333333333333425        1.8449932619030822E-002  0.45948939719633280     
  0.44666666666666760        1.7469986011701261E-002  0.41625594218116702     
  0.45000000000000095        1.6482376491118531E-002  0.37278459951157100     
  0.45333333333333431        1.5487537255459139E-002  0.32909419313930827     
  0.45666666666666766        1.4485904674091629E-002  0.28520360777879361     
  0.46000000000000102        1.3477918096170438E-002  0.24113178235293761     
  0.46333333333333437        1.2464019657922907E-002  0.19689770354590652     
  0.46666666666666773        1.1444654088713710E-002  0.15252039945834356     
  0.47000000000000108        1.0420268515971828E-002  0.10801893336009072     
  0.47333333333333444        9.3913122690657685E-003   6.3412397534987411E-002
  0.47666666666666779        8.3582366822127219E-003   1.8719907211857092E-002
  0.48000000000000115        7.3214948965085536E-003  -2.6039405424575765E-002
  0.48333333333333450        6.2815416611650843E-003  -7.0846397149506510E-002
  0.48666666666666786        5.2388331340421576E-003 -0.11568191954757499     
  0.49000000000000121        4.1938266815615853E-003 -0.16052682480338287     
  0.49333333333333457        3.1469806780912118E-003 -0.20536197144051233     
  0.49666666666666792        2.0987543048867222E-003 -0.25016823001680077     
  0.50000000000000122        1.0496073486796528E-003 -0.29492648878376876     
  0.50333333333333452       -3.7223435895205448E-016 -0.33961765931825749     
  0.50666666666666782       -1.0496073486804195E-003 -0.38422268213438748     
  0.51000000000000112       -2.0987543048874660E-003 -0.42872253228401219     
  0.51333333333333442       -3.1469806780919326E-003 -0.47309822495385767     
  0.51666666666666772       -4.1938266815622826E-003 -0.51733082106745398     
  0.52000000000000102       -5.2388331340428532E-003 -0.56140143289994127     
  0.52333333333333432       -6.2815416611657574E-003 -0.60529122971364246     
  0.52666666666666762       -7.3214948965091807E-003 -0.64898144342219799     
  0.53000000000000091       -8.3582366822133481E-003 -0.69245337429078313     
  0.53333333333333421       -9.3913122690663688E-003 -0.73568839667972841     
  0.53666666666666751       -1.0420268515972428E-002 -0.77866796483856227     
  0.54000000000000081       -1.1444654088714264E-002 -0.82137361875714932     
  0.54333333333333411       -1.2464019657923457E-002 -0.86378699008027571     
  0.54666666666666741       -1.3477918096170964E-002 -0.90588980809157871     
  0.55000000000000071       -1.4485904674092151E-002 -0.94766390577234882     
  0.55333333333333401       -1.5487537255459633E-002 -0.98909122594019161     
  0.55666666666666731       -1.6482376491119003E-002  -1.0301538274721105     
  0.56000000000000061       -1.7469986011701709E-002  -1.0708338916159790     
  0.56333333333333391       -1.8449932619031249E-002  -1.1111137283938650     
  0.56666666666666721       -1.9421786476138125E-002  -1.1509757831000458     
  0.57000000000000051       -2.0385121295800501E-002  -1.1904026428959649     
  0.57333333333333381       -2.1339514527528004E-002  -1.2293770435037725     
  0.57666666666666710       -2.2284547542906163E-002  -1.2678818759993866     
  0.58000000000000040       -2.3219805819220837E-002  -1.3059001937054087     
  0.58333333333333370       -2.4144879121281427E-002  -1.3434152191835016     
  0.58666666666666700       -2.5059361681363725E-002  -1.3804103513251826     
  0.59000000000000030       -2.5962852377192907E-002  -1.4168691725392286     
  0.59333333333333360       -2.6854954907889160E-002  -1.4527754560332626     
  0.59666666666666690       -2.7735277967798278E-002  -1.4881131731862822     
  0.60000000000000020       -2.8603435418131186E-002  -1.5228665010082576     
  0.60333333333333350       -2.9459046456337349E-002  -1.5570198296821722     
  0.60666666666666680       -3.0301735783137149E-002  -1.5905577701831666     
  0.61000000000000010       -3.1131133767140752E-002  -1.6234651619687774     
  0.61333333333333340       -3.1946876606980479E-002  -1.6557270807335362     
  0.61666666666666670       -3.2748606490886262E-002  -1.6873288462205336     
  0.62000000000000000       -3.3535971753633556E-002  -1.7182560300818916     
  0.62333333333333329       -3.4308627030795492E-002  -1.7484944637794355     
  0.62666666666666659       -3.5066233410230983E-002  -1.7780302465162376     
  0.62999999999999989       -3.5808458580742893E-002  -1.8068497531891028     
  0.63333333333333319       -3.6534976977840673E-002  -1.8349396423515196     
  0.63666666666666649       -3.7245469926543692E-002  -1.8622868641759949     
  0.63999999999999979       -3.7939625781162653E-002  -1.8888786684042742     
  0.64333333333333309       -3.8617140061997617E-002  -1.9147026122733775     
  0.64666666666666639       -3.9277715588892988E-002  -1.9397465684050268     
  0.64999999999999969       -3.9921062611590452E-002  -1.9639987326455708     
  0.65333333333333299       -4.0546898936822992E-002  -1.9874476318432037     
  0.65666666666666629       -4.1154950052094304E-002  -2.0100821315489505     
  0.65999999999999959       -4.1744949246088944E-002  -2.0318914436275923     
  0.66333333333333289       -4.2316637725660779E-002  -2.0528651337645267     
  0.66666666666666619       -4.2869764729348211E-002  -2.0729931288543502     
  0.66999999999999948       -4.3404087637366355E-002  -2.0922657242568294     
  0.67333333333333278       -4.3919372078028249E-002  -2.1106735909058787     
  0.67666666666666608       -4.4415392030547889E-002  -2.1282077822570993     
  0.67999999999999938       -4.4891929924180528E-002  -2.1448597410594816     
  0.68333333333333268       -4.5348776733656240E-002  -2.1606213059369686     
  0.68666666666666598       -4.5785732070865483E-002  -2.1754847177656944     
  0.68999999999999928       -4.6202604272755854E-002  -2.1894426258328834     
  0.69333333333333258       -4.6599210485401860E-002  -2.2024880937636775     
  0.69666666666666588       -4.6975376744210651E-002  -2.2146146052024034     
  0.69999999999999918       -4.7330938050228713E-002  -2.2258160692351838     
  0.70333333333333248       -4.7665738442515808E-002  -2.2360868255411210     
  0.70666666666666578       -4.7979631066554639E-002  -2.2454216492598165     
  0.70999999999999908       -4.8272478238666053E-002  -2.2538157555633864     
  0.71333333333333238       -4.8544151506401650E-002  -2.2612648039217307     
  0.71666666666666567       -4.8794531704887345E-002  -2.2677649020503963     
  0.71999999999999897       -4.9023509009092914E-002  -2.2733126095309331     
  0.72333333333333227       -4.9230982982004984E-002  -2.2779049410944054     
  0.72666666666666557       -4.9416862618681938E-002  -2.2815393695593440     
  0.72999999999999887       -4.9581066386171754E-002  -2.2842138284161910     
  0.73333333333333217       -4.9723522259275031E-002  -2.2859267140510928     
  0.73666666666666547       -4.9844167752137618E-002  -2.2866768876025940     
  0.73999999999999877       -4.9942949945658968E-002  -2.2864636764457758     
  0.74333333333333207       -5.0019825510704226E-002  -2.2852868752990529     
  0.74666666666666537       -5.0074760727109799E-002  -2.2831467469498596     
  0.74999999999999867       -5.0107731498474140E-002  -2.2800440225962548     
  0.75333333333333197       -5.0118723362727241E-002  -2.2759799018024003     
  0.75666666666666527       -5.0107731498474153E-002  -2.2709560520668015     
  0.75999999999999857       -5.0074760727109834E-002  -2.2649746080030595     
  0.76333333333333186       -5.0019825510704274E-002  -2.2580381701338688     
  0.76666666666666516       -4.9942949945659044E-002  -2.2501498032998422     
  0.76999999999999846       -4.9844167752137708E-002  -2.2413130346857120     
  0.77333333333333176       -4.9723522259275142E-002  -2.2315318514673144     
  0.77666666666666506       -4.9581066386171879E-002  -2.2208106980836808     
  0.77999999999999836       -4.9416862618682077E-002  -2.2091544731394372     
  0.78333333333333166       -4.9230982982005136E-002  -2.1965685259435026     
  0.78666666666666496       -4.9023509009093087E-002  -2.1830586526910323     
  0.78999999999999826       -4.8794531704887539E-002  -2.1686310922962120     
  0.79333333333333156       -4.8544151506401872E-002  -2.1532925218843748     
  0.79666666666666486       -4.8272478238666275E-002  -2.1370500519526643     
  0.79999999999999816       -4.7979631066554888E-002  -2.1199112212090796     
  0.80333333333333146       -4.7665738442516078E-002  -2.1018839911005305     
  0.80666666666666476       -4.7330938050228991E-002  -2.0829767400410457     
  0.80999999999999805       -4.6975376744210949E-002  -2.0631982573519601     
  0.81333333333333135       -4.6599210485402158E-002  -2.0425577369263790     
  0.81666666666666465       -4.6202604272756187E-002  -2.0210647706307285     
  0.81999999999999795       -4.5785732070865830E-002  -1.9987293414566853     
  0.82333333333333125       -4.5348776733656608E-002  -1.9755618164371169     
  0.82666666666666455       -4.4891929924180889E-002  -1.9515729393400516     
  0.82999999999999785       -4.4415392030548291E-002  -1.9267738231549703     
  0.83333333333333115       -4.3919372078028665E-002  -1.9011759423859587     
  0.83666666666666445       -4.3404087637366792E-002  -1.8747911251664569     
  0.83999999999999775       -4.2869764729348663E-002  -1.8476315452104388     
  0.84333333333333105       -4.2316637725661244E-002  -1.8197097136150000     
  0.84666666666666435       -4.1744949246089423E-002  -1.7910384705292903     
  0.84999999999999765       -4.1154950052094796E-002  -1.7616309767047400     
  0.85333333333333095       -4.0546898936823506E-002  -1.7315007049414535     
  0.85666666666666424       -3.9921062611590952E-002  -1.7006614314454931     
  0.85999999999999754       -3.9277715588893529E-002  -1.6691272271116102     
  0.86333333333333084       -3.8617140061998179E-002  -1.6369124487457527     
  0.86666666666666414       -3.7939625781163222E-002  -1.6040317302413900     
  0.86999999999999744       -3.7245469926544296E-002  -1.5704999737233862     
  0.87333333333333074       -3.6534976977841263E-002  -1.5363323406727876     
  0.87666666666666404       -3.5808458580743496E-002  -1.5015442430454671     
  0.87999999999999734       -3.5066233410231594E-002  -1.4661513343971255     
  0.88333333333333064       -3.4308627030796117E-002  -1.4301695010266773     
  0.88666666666666394       -3.3535971753634174E-002  -1.3936148531495163     
  0.88999999999999724       -3.2748606490886893E-002  -1.3565037161115876     
  0.89333333333333054       -3.1946876606981145E-002  -1.3188526216546312     
  0.89666666666666384       -3.1131133767141429E-002  -1.2806782992423458     
  0.89999999999999714       -3.0301735783137818E-002  -1.2419976674565696     
  0.90333333333333043       -2.9459046456338029E-002  -1.2028278254719331     
  0.90666666666666373       -2.8603435418131901E-002  -1.1631860446167464     
  0.90999999999999703       -2.7735277967798996E-002  -1.1230897600272003     
  0.91333333333333033       -2.6854954907889913E-002  -1.0825565624012528     
  0.91666666666666363       -2.5962852377193629E-002  -1.0416041898578445     
  0.91999999999999693       -2.5059361681364450E-002  -1.0002505199063749     
  0.92333333333333023       -2.4144879121282183E-002 -0.95851356153061995     
  0.92666666666666353       -2.3219805819221603E-002 -0.91641144739057623     
  0.92999999999999683       -2.2284547542906912E-002 -0.87396242614494901     
  0.93333333333333013       -2.1339514527528764E-002 -0.83118485489631322     
  0.93666666666666343       -2.0385121295801292E-002 -0.78809719176020354     
  0.93999999999999673       -1.9421786476138920E-002 -0.74471798855875293     
  0.94333333333333003       -1.8449932619032071E-002 -0.70106588363874811     
  0.94666666666666333       -1.7469986011702496E-002 -0.65715959481330155     
  0.94999999999999662       -1.6482376491119798E-002 -0.61301791242569503     
  0.95333333333332992       -1.5487537255460456E-002 -0.56865969253326920     
  0.95666666666666322       -1.4485904674092977E-002 -0.52410385020865713     
  0.95999999999999652       -1.3477918096171774E-002 -0.47936935295502969     
  0.96333333333332982       -1.2464019657924270E-002 -0.43447521423145385     
  0.96666666666666312       -1.1444654088715105E-002 -0.38944048708392520     
  0.96999999999999642       -1.0420268515973273E-002 -0.34428425787714340     
  0.97333333333332972       -9.3913122690672396E-003 -0.29902564012158606     
  0.97666666666666302       -8.3582366822141773E-003 -0.25368376839000756     
  0.97999999999999632       -7.3214948965100351E-003 -0.20827779231709290     
  0.98333333333332962       -6.2815416611666144E-003 -0.16282687067557108     
  0.98666666666666292       -5.2388331340437128E-003 -0.11735016552183536     
  0.98999999999999622       -4.1938266815631222E-003  -7.1866836403739282E-002
  0.99333333333332952       -3.1469806780927735E-003  -2.6396034623043241E-002
  0.99666666666666281       -2.0987543048883294E-003   1.9043102455293871E-002
  0.99999999999999611       -1.0496073486812836E-003   6.4431457054881250E-002
   1.0033333333333294       -1.2141634966984634E-015  0.10974993660883468     
   1.0066666666666628        1.0496073486788110E-003  0.15497947935803369     
   1.0099999999999962        2.0987543048859034E-003  0.20010105993495209     
   1.0133333333333296        3.1469806780903939E-003  0.24509569494123895     
   1.0166666666666631        4.1938266815607908E-003  0.28994444852729051     
   1.0199999999999965        5.2388331340413857E-003  0.33462843798189229     
   1.0233333333333299        6.2815416611643375E-003  0.37912883933993369     
   1.0266666666666633        7.3214948965078077E-003  0.42342689301602265     
   1.0299999999999967        8.3582366822120037E-003  0.46750390947162174     
   1.0333333333333301        9.3913122690650729E-003  0.51134127492308312     
   1.0366666666666635        1.0420268515971158E-002  0.55492045709768301     
   1.0399999999999969        1.1444654088713044E-002  0.59822301104441988     
   1.0433333333333303        1.2464019657922267E-002  0.64123058500599461     
   1.0466666666666637        1.3477918096169821E-002  0.68392492635798097     
   1.0499999999999972        1.4485904674091039E-002  0.72628788762077490     
   1.0533333333333306        1.5487537255458572E-002  0.76830143254943783     
   1.0566666666666640        1.6482376491117969E-002  0.80994764230605476     
   1.0599999999999974        1.7469986011700727E-002  0.85120872171870410     
   1.0633333333333308        1.8449932619030312E-002  0.89206700563057539     
   1.0666666666666642        1.9421786476137216E-002  0.93250496534220062     
   1.0699999999999976        2.0385121295799644E-002  0.97250521514913824     
   1.0733333333333310        2.1339514527527175E-002   1.0120505189768503     
   1.0766666666666644        2.2284547542905379E-002   1.0511237971138452     
   1.0799999999999979        2.3219805819220084E-002   1.0897081330435006     
   1.0833333333333313        2.4144879121280719E-002   1.1277867803743016     
   1.0866666666666647        2.5059361681363045E-002   1.1653431698675434     
   1.0899999999999981        2.5962852377192279E-002   1.2023609165608322     
   1.0933333333333315        2.6854954907888577E-002   1.2388238269850362     
   1.0966666666666649        2.7735277967797716E-002   1.2747159064715903     
   1.0999999999999983        2.8603435418130676E-002   1.3100213665463794     
   1.1033333333333317        2.9459046456336853E-002   1.3447246324056863     
   1.1066666666666651        3.0301735783136698E-002   1.3788103504690041     
   1.1099999999999985        3.1131133767140329E-002   1.4122633960027871     
   1.1133333333333320        3.1946876606980097E-002   1.4450688808085452     
   1.1166666666666654        3.2748606490885901E-002   1.4772121609679916     
   1.1199999999999988        3.3535971753633237E-002   1.5086788446373123     
   1.1233333333333322        3.4308627030795194E-002   1.5394547998819328     
   1.1266666666666656        3.5066233410230720E-002   1.5695261625426222     
   1.1299999999999990        3.5808458580742664E-002   1.5988793441230533     
   1.1333333333333324        3.6534976977840472E-002   1.6275010396884986     
   1.1366666666666658        3.7245469926543526E-002   1.6553782357646785     
   1.1399999999999992        3.7939625781162500E-002   1.6824982182253589     
   1.1433333333333326        3.8617140061997506E-002   1.7088485801567594     
   1.1466666666666661        3.9277715588892904E-002   1.7344172296864138     
   1.1499999999999995        3.9921062611590369E-002   1.7591923977637425     
   1.1533333333333329        4.0546898936822937E-002   1.7831626458791912     
   1.1566666666666663        4.1154950052094269E-002   1.8063168737085200     
   1.1599999999999997        4.1744949246088944E-002   1.8286443266685231     
   1.1633333333333331        4.2316637725660800E-002   1.8501346033702424     
   1.1666666666666665        4.2869764729348232E-002   1.8707776629555777     
   1.1699999999999999        4.3404087637366404E-002   1.8905638323030260     
   1.1733333333333333        4.3919372078028311E-002   1.9094838130882608     
   1.1766666666666667        4.4415392030547965E-002   1.9275286886851746     
   1.1800000000000002        4.4891929924180597E-002   1.9446899308930878     
   1.1833333333333336        4.5348776733656330E-002   1.9609594064758589     
   1.1866666666666670        4.5785732070865587E-002   1.9763293834987987     
   1.1900000000000004        4.6202604272755972E-002   1.9907925374494411     
   1.1933333333333338        4.6599210485401971E-002   2.0043419571284824     
   1.1966666666666672        4.6975376744210776E-002   2.0169711502974761     
   1.2000000000000006        4.7330938050228838E-002   2.0286740490702031     
   1.2033333333333340        4.7665738442515940E-002   2.0394450150350467     
   1.2066666666666674        4.7979631066554777E-002   2.0492788440961225     
   1.2100000000000009        4.8272478238666185E-002   2.0581707710213868     
   1.2133333333333343        4.8544151506401789E-002   2.0661164736865287     
   1.2166666666666677        4.8794531704887470E-002   2.0731120770039650     
   1.2200000000000011        4.9023509009093039E-002   2.0791541565269180     
   1.2233333333333345        4.9230982982005095E-002   2.0842397417192084     
   1.2266666666666679        4.9416862618682042E-002   2.0883663188820822     
   1.2300000000000013        4.9581066386171858E-002   2.0915318337301461     
   1.2333333333333347        4.9723522259275128E-002   2.0937346936092132     
   1.2366666666666681        4.9844167752137708E-002   2.0949737693496902     
   1.2400000000000015        4.9942949945659044E-002   2.0952483967499647     
   1.2433333333333350        5.0019825510704281E-002   2.0945583776850492     
   1.2466666666666684        5.0074760727109834E-002   2.0929039808366552     
   1.2500000000000018        5.0107731498474160E-002   2.0902859420417337     
   1.2533333333333352        5.0118723362727241E-002   2.0867054642573915     
   1.2566666666666686        5.0107731498474140E-002   2.0821642171410422     
   1.2600000000000020        5.0074760727109785E-002   2.0766643362455128     
   1.2633333333333354        5.0019825510704212E-002   2.0702084218297840     
   1.2666666666666688        4.9942949945658947E-002   2.0627995372869132     
   1.2700000000000022        4.9844167752137590E-002   2.0544412071916249     
   1.2733333333333356        4.9723522259274990E-002   2.0451374149709340     
   1.2766666666666691        4.9581066386171706E-002   2.0348926002020593     
   1.2800000000000025        4.9416862618681869E-002   2.0237116555427508     
   1.2833333333333359        4.9230982982004901E-002   2.0115999232999968     
   1.2866666666666693        4.9023509009092824E-002   1.9985631916439339     
   1.2900000000000027        4.8794531704887234E-002   1.9846076904745185     
   1.2933333333333361        4.8544151506401532E-002   1.9697400869493757     
   1.2966666666666695        4.8272478238665907E-002   1.9539674806819010     
   1.3000000000000029        4.7979631066554479E-002   1.9372973986194530     
   1.3033333333333363        4.7665738442515627E-002   1.9197377896121040     
   1.3066666666666698        4.7330938050228498E-002   1.9012970186830558     
   1.3100000000000032        4.6975376744210415E-002   1.8819838610124155     
   1.3133333333333366        4.6599210485401596E-002   1.8618074956465616     
   1.3166666666666700        4.6202604272755569E-002   1.8407774989458174     
   1.3200000000000034        4.5785732070865170E-002   1.8189038377835856     
   1.3233333333333368        4.5348776733655886E-002   1.7961968625105442     
   1.3266666666666702        4.4891929924180139E-002   1.7726672996977610     
   1.3300000000000036        4.4415392030547486E-002   1.7483262446729508     
   1.3333333333333370        4.3919372078027812E-002   1.7231851538643108     
   1.3366666666666704        4.3404087637365883E-002   1.6972558369665538     
   1.3400000000000039        4.2869764729347698E-002   1.6705504489438838     
   1.3433333333333373        4.2316637725660244E-002   1.6430814818847848     
   1.3466666666666707        4.1744949246088368E-002   1.6148617567234471     
   1.3500000000000041        4.1154950052093679E-002   1.5859044148426968     
   1.3533333333333375        4.0546898936822326E-002   1.5562229095731888     
   1.3566666666666709        3.9921062611589744E-002   1.5258309976034783     
   1.3600000000000043        3.9277715588892259E-002   1.4947427303154379     
   1.3633333333333377        3.8617140061996846E-002   1.4629724450592518     
   1.3666666666666711        3.7939625781161827E-002   1.4305347563819171     
   1.3700000000000045        3.7245469926542839E-002   1.3974445472229027     
   1.3733333333333380        3.6534976977839771E-002   1.3637169600902197     
   1.3766666666666714        3.5808458580741935E-002   1.3293673882297627     
   1.3800000000000048        3.5066233410229977E-002   1.2944114668003366     
   1.3833333333333382        3.4308627030794375E-002   1.2588650640662873     
   1.3866666666666716        3.3535971753632397E-002   1.2227442726191713     
   1.3900000000000050        3.2748606490885047E-002   1.1860654006392681     
   1.3933333333333384        3.1946876606979230E-002   1.1488449632072615     
   1.3966666666666718        3.1131133767139444E-002   1.1110996736757288     
   1.4000000000000052        3.0301735783135803E-002   1.0728464351094722     
   1.4033333333333387        2.9459046456335940E-002   1.0341023318030516     
   1.4066666666666721        2.8603435418129746E-002  0.99488462088324858     
   1.4100000000000055        2.7735277967796776E-002  0.95521072400342921     
   1.4133333333333389        2.6854954907887623E-002  0.91509821913614720     
   1.4166666666666723        2.5962852377191311E-002  0.87456483246953887     
   1.4200000000000057        2.5059361681362066E-002  0.83362843041240320     
   1.4233333333333391        2.4144879121279727E-002  0.79230701171209528     
   1.4266666666666725        2.3219805819219085E-002  0.75061869968863792     
   1.4300000000000059        2.2284547542904369E-002  0.70858173458775431     
   1.4333333333333393        2.1339514527526152E-002  0.66621446605476919     
   1.4366666666666728        2.0385121295798614E-002  0.62353534573063385     
   1.4400000000000062        1.9421786476136179E-002  0.58056291997061671     
   1.4433333333333396        1.8449932619029264E-002  0.53731582268551348     
   1.4466666666666730        1.7469986011699669E-002  0.49381276830453841     
   1.4500000000000064        1.6482376491116908E-002  0.45007254485842135     
   1.4533333333333398        1.5487537255457500E-002  0.40611400718057344     
   1.4566666666666732        1.4485904674089958E-002  0.36195607022357518     
   1.4600000000000066        1.3477918096168736E-002  0.31761770248765075     
   1.4633333333333400        1.2464019657921176E-002  0.27311791955721126     
   1.4666666666666734        1.1444654088711948E-002  0.22847577774102884     
   1.4700000000000069        1.0420268515970057E-002  0.18371036781107780     
   1.4733333333333403        9.3913122690639662E-003  0.13884080883461170     
   1.4766666666666737        8.3582366822108917E-003   9.3886242093602884E-002
   1.4800000000000071        7.3214948965066940E-003   4.8865825085256671E-002
   1.4833333333333405        6.2815416611632187E-003   3.7987255969478113E-003
   1.4866666666666739        5.2388331340402650E-003  -4.1295884151411534E-002
   1.4900000000000073        4.1938266815596675E-003  -8.6398833304852929E-002
   1.4933333333333407        3.1469806780892694E-003 -0.13149095811822173     
   1.4966666666666741        2.0987543048847776E-003 -0.17655310765618870     
   1.5000000000000075        1.0496073486776847E-003 -0.22156614945632624     
   1.5033333333333410       -2.3853625794964658E-015 -0.26651097516330624     
   1.5066666666666744       -1.0496073486824546E-003 -0.31136850614236367     
   1.5100000000000078       -2.0987543048895442E-003 -0.35611969908021712     
   1.5133333333333412       -3.1469806780940312E-003 -0.40074555158163933     
   1.5166666666666746       -4.1938266815644215E-003 -0.44522710776983443     
   1.5200000000000080       -5.2388331340450112E-003 -0.48954546389869263     
   1.5233333333333414       -6.2815416611679527E-003 -0.53368177398487349     
   1.5266666666666748       -7.3214948965114133E-003 -0.57761725546750431     
   1.5300000000000082       -8.3582366822155963E-003 -0.62133319490306504     
   1.5333333333333417       -9.3913122690686517E-003 -0.66481095370279419     
   1.5366666666666751       -1.0420268515974723E-002 -0.70803197391966255     
   1.5400000000000085       -1.1444654088716592E-002 -0.75097778409162474     
   1.5433333333333419       -1.2464019657925793E-002 -0.79363000514751114     
   1.5466666666666753       -1.3477918096173328E-002 -0.83597035638151640     
   1.5500000000000087       -1.4485904674094524E-002 -0.87798066150180587     
   1.5533333333333421       -1.5487537255462036E-002 -0.91964285475829799     
   1.5566666666666755       -1.6482376491121407E-002 -0.96093898715417603     
   1.5600000000000089       -1.7469986011704138E-002  -1.0018512327451683     
   1.5633333333333423       -1.8449932619033698E-002  -1.0423618950300562     
   1.5666666666666758       -1.9421786476140575E-002  -1.0824534134353081     
   1.5700000000000092       -2.0385121295802971E-002  -1.1221083698961172     
   1.5733333333333426       -2.1339514527530468E-002  -1.1613094955355050     
   1.5766666666666760       -2.2284547542908640E-002  -1.2000396774424809     
   1.5800000000000094       -2.3219805819223310E-002  -1.2382819655496133     
   1.5833333333333428       -2.4144879121283911E-002  -1.2760195796096647     
   1.5866666666666762       -2.5059361681366202E-002  -1.3132359162702576     
   1.5900000000000096       -2.5962852377195395E-002  -1.3499145562448385     
   1.5933333333333430       -2.6854954907891655E-002  -1.3860392715775010     
   1.5966666666666764       -2.7735277967800748E-002  -1.4215940329984982     
   1.6000000000000099       -2.8603435418133663E-002  -1.4565630173665918     
   1.6033333333333433       -2.9459046456339802E-002  -1.4909306151936368     
   1.6066666666666767       -3.0301735783139605E-002  -1.5246814382461227     
   1.6100000000000101       -3.1131133767143188E-002  -1.5578003272176637     
   1.6133333333333435       -3.1946876606982907E-002  -1.5902723594657635     
   1.6166666666666769       -3.2748606490888663E-002  -1.6220828568054886     
   1.6200000000000103       -3.3535971753635943E-002  -1.6532173933520047     
   1.6233333333333437       -3.4308627030797852E-002  -1.6836618034033355     
   1.6266666666666771       -3.5066233410233322E-002  -1.7134021893540174     
   1.6300000000000106       -3.5808458580745224E-002  -1.7424249296297736     
   1.6333333333333440       -3.6534976977842977E-002  -1.7707166866327368     
   1.6366666666666774       -3.7245469926545968E-002  -1.7982644146862183     
   1.6400000000000108       -3.7939625781164880E-002  -1.8250553679674821     
   1.6433333333333442       -3.8617140061999830E-002  -1.8510771084165683     
   1.6466666666666776       -3.9277715588895167E-002  -1.8763175136086865     
   1.6500000000000110       -3.9921062611592568E-002  -1.9007647845773814     
   1.6533333333333444       -4.0546898936825074E-002  -1.9244074535752651     
   1.6566666666666778       -4.1154950052096351E-002  -1.9472343917587960     
   1.6600000000000112       -4.1744949246090957E-002  -1.9692348167833578     
   1.6633333333333447       -4.2316637725662756E-002  -1.9903983002945909     
   1.6666666666666781       -4.2869764729350120E-002  -2.0107147753018459     
   1.6700000000000115       -4.3404087637368222E-002  -2.0301745434194185     
   1.6733333333333449       -4.3919372078030060E-002  -2.0487682819612050     
   1.6766666666666783       -4.4415392030549658E-002  -2.0664870508743647     
   1.6800000000000117       -4.4891929924182221E-002  -2.0833222994976075     
   1.6833333333333451       -4.5348776733657878E-002  -2.0992658731298328     
   1.6866666666666785       -4.5785732070867072E-002  -2.1143100193949165     
   1.6900000000000119       -4.6202604272757387E-002  -2.1284473943886968     
   1.6933333333333453       -4.6599210485403317E-002  -2.1416710685944005     
   1.6966666666666788       -4.6975376744212038E-002  -2.1539745325530801     
   1.7000000000000122       -4.7330938050230038E-002  -2.1653517022759106     
   1.7033333333333456       -4.7665738442517071E-002  -2.1757969243856685     
   1.7066666666666790       -4.7979631066555832E-002  -2.1853049809751006     
   1.7100000000000124       -4.8272478238667163E-002  -2.1938710941703872     
   1.7133333333333458       -4.8544151506402691E-002  -2.2014909303884589     
   1.7166666666666792       -4.8794531704888303E-002  -2.2081606042774951     
   1.7200000000000126       -4.9023509009093795E-002  -2.2138766823305414     
   1.7233333333333460       -4.9230982982005782E-002  -2.2186361861629029     
   1.7266666666666795       -4.9416862618682653E-002  -2.2224365954445626     
   1.7300000000000129       -4.9581066386172393E-002  -2.2252758504797439     
   1.7333333333333463       -4.9723522259275579E-002  -2.2271523544264151     
   1.7366666666666797       -4.9844167752138076E-002  -2.2280649751493371     
   1.7400000000000131       -4.9942949945659343E-002  -2.2280130467011428     
   1.7433333333333465       -5.0019825510704503E-002  -2.2269963704267157     
   1.7466666666666799       -5.0074760727109986E-002  -2.2250152156870411     
   1.7500000000000133       -5.0107731498474230E-002  -2.2220703201995926     
   1.7533333333333467       -5.0118723362727241E-002  -2.2181628899931827     
   1.7566666666666801       -5.0107731498474056E-002  -2.2132945989761597     
   1.7600000000000136       -5.0074760727109632E-002  -2.2074675881176966     
   1.7633333333333470       -5.0019825510703983E-002  -2.2006844642428907     
   1.7666666666666804       -4.9942949945658649E-002  -2.1929482984432416     
   1.7700000000000138       -4.9844167752137208E-002  -2.1842626241050551     
   1.7733333333333472       -4.9723522259274539E-002  -2.1746314345591506     
   1.7766666666666806       -4.9581066386171171E-002  -2.1640591803562037     
   1.7800000000000140       -4.9416862618681265E-002  -2.1525507661728636     
   1.7833333333333474       -4.9230982982004221E-002  -2.1401115473546968     
   1.7866666666666808       -4.9023509009092067E-002  -2.1267473261027905     
   1.7900000000000142       -4.8794531704886401E-002  -2.1124643473116906     
   1.7933333333333477       -4.8544151506400623E-002  -2.0972692940670714     
   1.7966666666666811       -4.8272478238664922E-002  -2.0811692828123514     
   1.8000000000000145       -4.7979631066553424E-002  -2.0641718581940958     
   1.8033333333333479       -4.7665738442514496E-002  -2.0462849875967724     
   1.8066666666666813       -4.7330938050227297E-002  -2.0275170553780213     
   1.8100000000000147       -4.6975376744209145E-002  -2.0078768568162113     
   1.8133333333333481       -4.6599210485400250E-002  -1.9873735917825626     
   1.8166666666666815       -4.6202604272754161E-002  -1.9660168581506574     
   1.8200000000000149       -4.5785732070863686E-002  -1.9438166449565473     
   1.8233333333333483       -4.5348776733654339E-002  -1.9207833253231121     
   1.8266666666666818       -4.4891929924178516E-002  -1.8969276491626454     
   1.8300000000000152       -4.4415392030545800E-002  -1.8722607356719363     
   1.8333333333333486       -4.3919372078026056E-002  -1.8467940656343651     
   1.8366666666666820       -4.3404087637364058E-002  -1.8205394735437122     
   1.8400000000000154       -4.2869764729345811E-002  -1.7935091395645109     
   1.8433333333333488       -4.2316637725658295E-002  -1.7657155813438654     
   1.8466666666666822       -4.1744949246086349E-002  -1.7371716456896771     
   1.8500000000000156       -4.1154950052091598E-002  -1.7078905001301730     
   1.8533333333333490       -4.0546898936820189E-002  -1.6778856243696203     
   1.8566666666666825       -3.9921062611587538E-002  -1.6471708016548767     
   1.8600000000000159       -3.9277715588889990E-002  -1.6157601100673613     
   1.8633333333333493       -3.8617140061994522E-002  -1.5836679137547043     
   1.8666666666666827       -3.7939625781159447E-002  -1.5509088541161222     
   1.8700000000000161       -3.7245469926540396E-002  -1.5174978409552200     
   1.8733333333333495       -3.6534976977837273E-002  -1.4834500436135445     
   1.8766666666666829       -3.5808458580739388E-002  -1.4487808820978287     
   1.8800000000000163       -3.5066233410227375E-002  -1.4135060182134001     
   1.8833333333333497       -3.4308627030791780E-002  -1.3776413467157476     
   1.8866666666666831       -3.3535971753629754E-002  -1.3412029864917288     
   1.8900000000000166       -3.2748606490882355E-002  -1.3042072717813178     
   1.8933333333333500       -3.1946876606976489E-002  -1.2666707434502560     
   1.8966666666666834       -3.1131133767136655E-002  -1.2286101403232952     
   1.9000000000000168       -3.0301735783132971E-002  -1.1900423905871533     
   1.9033333333333502       -2.9459046456333064E-002  -1.1509846032715843     
   1.9066666666666836       -2.8603435418126825E-002  -1.1114540598163369     
   1.9100000000000170       -2.7735277967793816E-002  -1.0714682057310330     
   1.9133333333333504       -2.6854954907884619E-002  -1.0310446423543398     
   1.9166666666666838       -2.5962852377188265E-002 -0.99020111871806604     
   1.9200000000000172       -2.5059361681358989E-002 -0.94895552352107382     
   1.9233333333333507       -2.4144879121276615E-002 -0.90732587721720770     
   1.9266666666666841       -2.3219805819215934E-002 -0.86533032422068157     
   1.9300000000000175       -2.2284547542901184E-002 -0.82298712523164341     
   1.9333333333333509       -2.1339514527522935E-002 -0.78031464968392328     
   1.9366666666666843       -2.0385121295795366E-002 -0.73733136831623247     
   1.9400000000000177       -1.9421786476132900E-002 -0.69405584586739288     
   1.9433333333333511       -1.8449932619025958E-002 -0.65050673389547364     
   1.9466666666666845       -1.7469986011696335E-002 -0.60670276372002174     
   1.9500000000000179       -1.6482376491113549E-002 -0.56266273948592826     
   1.9533333333333514       -1.5487537255454121E-002 -0.51840553134681522     
   1.9566666666666848       -1.4485904674086557E-002 -0.47395006876521256     
   1.9600000000000182       -1.3477918096165310E-002 -0.42931533392619470     
   1.9633333333333516       -1.2464019657917732E-002 -0.38452035526058070     
   1.9666666666666850       -1.1444654088708487E-002 -0.33958420107325848     
   1.9700000000000184       -1.0420268515966580E-002 -0.29452597327168156     
   1.9733333333333518       -9.3913122690604742E-003 -0.24936480118910465     
   1.9766666666666852       -8.3582366822073876E-003 -0.20411983549669069     
   1.9800000000000186       -7.3214948965030892E-003 -0.15881024219818859     
   1.9833333333333520       -6.2815416611596044E-003 -0.11345519670055755     
   1.9866666666666855       -5.2388331340366412E-003  -6.8073877953474984E-002
   1.9900000000000189       -4.1938266815560368E-003  -2.2685462650518497E-002
   1.9933333333333523       -3.1469806780856325E-003   2.2690880515585696E-002
   1.9966666666666857       -2.0987543048811368E-003   6.8035996551391392E-002
   2.0000000000000191       -1.0496073486740414E-003  0.11333074982278124     
   2.0033333333333525        6.0294030242050901E-015  0.15855602968470883     
   2.0066666666666859        1.0496073486860977E-003  0.20369275608879925     
   2.0100000000000193        2.0987543048931849E-003  0.24872188517701849     
   2.0133333333333527        3.1469806780976680E-003  0.29362441486963115     
   2.0166666666666861        4.1938266815680532E-003  0.33838139045562537     
   2.0200000000000196        5.2388331340486351E-003  0.38297391019370614     
   2.0233333333333530        6.2815416611715679E-003  0.42738313093183544     
   2.0266666666666864        7.3214948965150180E-003  0.47159027375313389     
   2.0300000000000198        8.3582366822191872E-003  0.51557662965575479     
   2.0333333333333532        9.3913122690722321E-003  0.55932356527409322     
   2.0366666666666866        1.0420268515978288E-002  0.60281252864840928     
   2.0400000000000200        1.1444654088720139E-002  0.64602505504962682     
   2.0433333333333534        1.2464019657929325E-002  0.68894277286569316     
   2.0466666666666868        1.3477918096176839E-002  0.73154740955550213     
   2.0500000000000203        1.4485904674098013E-002  0.77382079767594858     
   2.0533333333333537        1.5487537255465502E-002  0.81574488098720310     
   2.0566666666666871        1.6482376491124849E-002  0.85730172064081911     
   2.0600000000000205        1.7469986011707551E-002  0.89847350145474081     
   2.0633333333333539        1.8449932619037088E-002  0.93924253827872761     
   2.0666666666666873        1.9421786476143937E-002  0.97959128245314309     
   2.0700000000000207        2.0385121295806299E-002   1.0195023283634213     
   2.0733333333333541        2.1339514527533764E-002   1.0589584200919304     
   2.0766666666666875        2.2284547542911905E-002   1.0979424581682822     
   2.0800000000000209        2.3219805819226540E-002   1.1364375064184691     
   2.0833333333333544        2.4144879121287106E-002   1.1744267989125596     
   2.0866666666666878        2.5059361681369359E-002   1.2118937470099549     
   2.0900000000000212        2.5962852377198510E-002   1.2488219465005275     
   2.0933333333333546        2.6854954907894732E-002   1.2851951848392613     
   2.0966666666666880        2.7735277967803788E-002   1.3209974484712756     
   2.1000000000000214        2.8603435418136657E-002   1.3562129302434287     
   2.1033333333333548        2.9459046456342751E-002   1.3908260368979595     
   2.1066666666666882        3.0301735783142509E-002   1.4248213966429428     
   2.1100000000000216        3.1131133767146043E-002   1.4581838667936005     
   2.1133333333333550        3.1946876606985711E-002   1.4908985414778508     
   2.1166666666666885        3.2748606490891417E-002   1.5229507593987810     
   2.1200000000000219        3.3535971753638649E-002   1.5543261116460607     
   2.1233333333333553        3.4308627030800509E-002   1.5850104495476982     
   2.1266666666666887        3.5066233410235931E-002   1.6149898925528705     
   2.1300000000000221        3.5808458580747771E-002   1.6442508361360091     
   2.1333333333333555        3.6534976977845468E-002   1.6727799597117186     
   2.1366666666666889        3.7245469926548404E-002   1.7005642345495642     
   2.1400000000000223        3.7939625781167267E-002   1.7275909316772806     
   2.1433333333333557        3.8617140062002148E-002   1.7538476297604302     
   2.1466666666666891        3.9277715588897429E-002   1.7793222229461572     
   2.1500000000000226        3.9921062611594775E-002   1.8040029286582193     
   2.1533333333333560        4.0546898936827218E-002   1.8278782953301878     
   2.1566666666666894        4.1154950052098432E-002   1.8509372100633255     
   2.1600000000000228        4.1744949246092976E-002   1.8731689061954213     
   2.1633333333333562        4.2316637725664706E-002   1.8945629707666303     
   2.1666666666666896        4.2869764729352014E-002   1.9151093518681679     
   2.1700000000000230        4.3404087637370047E-002   1.9347983658596020     
   2.1733333333333564        4.3919372078031822E-002   1.9536207044404199     
   2.1766666666666898        4.4415392030551351E-002   1.9715674415614679     
   2.1800000000000233        4.4891929924183845E-002   1.9886300401619472     
   2.1833333333333567        4.5348776733659432E-002   2.0048003587177026     
   2.1866666666666901        4.5785732070868550E-002   2.0200706575866616     
   2.1900000000000235        4.6202604272758796E-002   2.0344336051374774     
   2.1933333333333569        4.6599210485404656E-002   2.0478822836476751     
   2.1966666666666903        4.6975376744213308E-002   2.0604101949578522     
   2.2000000000000237        4.7330938050231239E-002   2.0720112658688783     
   2.2033333333333571        4.7665738442518195E-002   2.0826798532693687     
   2.2066666666666905        4.7979631066556887E-002   2.0924107489812047     
   2.2100000000000239        4.8272478238668141E-002   2.1011991843113034     
   2.2133333333333574        4.8544151506403600E-002   2.1090408342984293     
   2.2166666666666908        4.8794531704889135E-002   2.1159318216443617     
   2.2200000000000242        4.9023509009094551E-002   2.1218687203194109     
   2.2233333333333576        4.9230982982006462E-002   2.1268485588328896     
   2.2266666666666910        4.9416862618683263E-002   2.1308688231598625     
   2.2300000000000244        4.9581066386172927E-002   2.1339274593162463     
   2.2333333333333578        4.9723522259276037E-002   2.1360228755750730     
   2.2366666666666912        4.9844167752138464E-002   2.1371539443175469     
   2.2400000000000246        4.9942949945659648E-002   2.1373200035133348     
   2.2433333333333580        5.0019825510704732E-002   2.1365208578253809     
   2.2466666666666915        5.0074760727110139E-002   2.1347567793354201     
   2.2500000000000249        5.0107731498474306E-002   2.1320285078871999     
   2.2533333333333583        5.0118723362727241E-002   2.1283372510453908     
   2.2566666666666917        5.0107731498473980E-002   2.1236846836689933     
   2.2600000000000251        5.0074760727109487E-002   2.1180729470990083     
   2.2633333333333585        5.0019825510703754E-002   2.1115046479610546     
   2.2666666666666919        4.9942949945658344E-002   2.1039828565844978     
   2.2700000000000253        4.9844167752136834E-002   2.0955111050405799     
   2.2733333333333587        4.9723522259274087E-002   2.0860933848029442     
   2.2766666666666922        4.9581066386170644E-002   2.0757341440348300     
   2.2800000000000256        4.9416862618680654E-002   2.0644382845080607     
   2.2833333333333590        4.9230982982003541E-002   2.0522111581598486     
   2.2866666666666924        4.9023509009091311E-002   2.0390585632942089     
   2.2900000000000258        4.8794531704885576E-002   2.0249867404356205     
   2.2933333333333592        4.8544151506399714E-002   2.0100023678433092     
   2.2966666666666926        4.8272478238663943E-002   1.9941125566953322     
   2.3000000000000260        4.7979631066552370E-002   1.9773248459522210     
   2.3033333333333594        4.7665738442513372E-002   1.9596471969107856     
   2.3066666666666928        4.7330938050226104E-002   1.9410879874591329     
   2.3100000000000263        4.6975376744207868E-002   1.9216560060446559     
   2.3133333333333597        4.6599210485398911E-002   1.9013604453672404     
   2.3166666666666931        4.6202604272752745E-002   1.8802108958104362     
   2.3200000000000265        4.5785732070862201E-002   1.8582173386237837     
   2.3233333333333599        4.5348776733652785E-002   1.8353901388698963     
   2.3266666666666933        4.4891929924176899E-002   1.8117400381502176     
   2.3300000000000267        4.4415392030544114E-002   1.7872781471236856     
   2.3333333333333601        4.3919372078024300E-002   1.7620159378327722     
   2.3366666666666935        4.3404087637362240E-002   1.7359652358515487     
   2.3400000000000269        4.2869764729343923E-002   1.7091382122705490     
   2.3433333333333604        4.2316637725656345E-002   1.6815473755333357     
   2.3466666666666938        4.1744949246084337E-002   1.6532055631395997     
   2.3500000000000272        4.1154950052089523E-002   1.6241259332297382     
   2.3533333333333606        4.0546898936818045E-002   1.5943219560656194     
   2.3566666666666940        3.9921062611585338E-002   1.5638074054222717     
   2.3600000000000274        3.9277715588887735E-002   1.5325963499049096     
   2.3633333333333608        3.8617140061992197E-002   1.5007031442056042     
   2.3666666666666942        3.7939625781157067E-002   1.4681424203135409     
   2.3700000000000276        3.7245469926537961E-002   1.4349290786925339     
   2.3733333333333611        3.6534976977834775E-002   1.4010782794390926     
   2.3766666666666945        3.5808458580736842E-002   1.3666054334339088     
   2.3800000000000279        3.5066233410224773E-002   1.3315261934992175     
   2.3833333333333613        3.4308627030789123E-002   1.2958564455739618     
   2.3866666666666947        3.3535971753627047E-002   1.2596122999182264     
   2.3900000000000281        3.2748606490879600E-002   1.2228100823577666     
   2.3933333333333615        3.1946876606973686E-002   1.1854663255789888     
   2.3966666666666949        3.1131133767133806E-002   1.1475977604840122     
   2.4000000000000283        3.0301735783130071E-002   1.1092213076149022     
   2.4033333333333617        2.9459046456330122E-002   1.0703540686554391     
   2.4066666666666952        2.8603435418123838E-002   1.0310133180181573     
   2.4100000000000286        2.7735277967790784E-002  0.99121649452366900     
   2.4133333333333620        2.6854954907881548E-002  0.95098119317859309     
   2.4166666666666954        2.5962852377185156E-002  0.91032515705770367     
   2.4200000000000288        2.5059361681355835E-002  0.86926626929515316     
   2.4233333333333622        2.4144879121273423E-002  0.82782254518895415     
   2.4266666666666956        2.3219805819212704E-002  0.78601212442211810     
   2.4300000000000290        2.2284547542897923E-002  0.74385326340316638     
   2.4333333333333624        2.1339514527519639E-002  0.70136432772797430     
   2.4366666666666958        2.0385121295792039E-002  0.65856378476421973     
   2.4400000000000293        1.9421786476129542E-002  0.61547019635897326     
   2.4433333333333627        1.8449932619022568E-002  0.57210221166930020     
   2.4466666666666961        1.7469986011692917E-002  0.52847856011504768     
   2.4500000000000295        1.6482376491110104E-002  0.48461804445233370     
   2.4533333333333629        1.5487537255450653E-002  0.44053953396561840     
   2.4566666666666963        1.4485904674083068E-002  0.39626195777561096     
   2.4600000000000297        1.3477918096161803E-002  0.35180429825967674     
   2.4633333333333631        1.2464019657914200E-002  0.30718558458083461     
   2.4666666666666965        1.1444654088704938E-002  0.26242488632090283     
   2.4700000000000299        1.0420268515963015E-002  0.21754130721283244     
   2.4733333333333634        9.3913122690568954E-003  0.17255397896680041     
   2.4766666666666968        8.3582366822037932E-003  0.12748205518418032     
   2.4800000000000302        7.3214948964995729E-003   8.2344705353104675E-002
   2.4833333333333636        6.2815416611560768E-003   3.7161108918968074E-002
   2.4866666666666970        5.2388331340331058E-003  -8.0495505771313487E-003
   2.4900000000000304        4.1938266815524945E-003  -5.3268091299292421E-002
   2.4933333333333638        3.1469806780820846E-003  -9.8475338864597584E-002
   2.4966666666666972        2.0987543048775850E-003 -0.14365213204554547     
   2.5000000000000306        1.0496073486704872E-003 -0.18877932843505976     
   2.5033333333333641       -9.5844147318863248E-015 -0.23383781008213608     
   2.5066666666666975       -1.0496073486896522E-003 -0.27880848910628059     
   2.5100000000000309       -2.0987543048967372E-003 -0.32367231329893814     
   2.5133333333333643       -3.1469806781012160E-003 -0.36841027172011404     
   2.5166666666666977       -4.1938266815715955E-003 -0.41300340029835203     
   2.5200000000000311       -5.2388331340521704E-003 -0.45743278744215360     
   2.5233333333333645       -6.2815416611750954E-003 -0.50167957967079768     
   2.5266666666666979       -7.3214948965185361E-003 -0.54572498727235497     
   2.5300000000000313       -8.3582366822226931E-003 -0.58955028999648751     
   2.5333333333333647       -9.3913122690757241E-003 -0.63313684278937343     
   2.5366666666666982       -1.0420268515981764E-002 -0.67646608157781596     
   2.5400000000000316       -1.1444654088723600E-002 -0.71951952910926265     
   2.5433333333333650       -1.2464019657932767E-002 -0.76227880085410937     
   2.5466666666666984       -1.3477918096180265E-002 -0.80472561097625572     
   2.5500000000000318       -1.4485904674101418E-002 -0.84684177837744878     
   2.5533333333333652       -1.5487537255468968E-002 -0.88860923282049076     
   2.5566666666666986       -1.6482376491128208E-002 -0.93001002113585651     
   2.5600000000000320       -1.7469986011710969E-002 -0.97102631351584057     
   2.5633333333333654       -1.8449932619040391E-002  -1.0116404098995735     
   2.5666666666666988       -1.9421786476147292E-002  -1.0518347464520155     
   2.5700000000000323       -2.0385121295809550E-002  -1.0915919021389908     
   2.5733333333333657       -2.1339514527537063E-002  -1.1308946054001789     
   2.5766666666666991       -2.2284547542915090E-002  -1.1697257409208350     
   2.5800000000000325       -2.3219805819229770E-002  -1.2080683565028301     
   2.5833333333333659       -2.4144879121290218E-002  -1.2459056700344655     
   2.5866666666666993       -2.5059361681372506E-002  -1.2832210765582630     
   2.5900000000000327       -2.5962852377201549E-002  -1.3199981554347864     
   2.5933333333333661       -2.6854954907897802E-002  -1.3562206776002912     
   2.5966666666666995       -2.7735277967806744E-002  -1.3918726129148467     
   2.6000000000000330       -2.8603435418139644E-002  -1.4269381375972781     
   2.6033333333333664       -2.9459046456345624E-002  -1.4614016417421642     
   2.6066666666666998       -3.0301735783145406E-002  -1.4952477369138064     
   2.6100000000000332       -3.1131133767148825E-002  -1.5284612638109902     
   2.6133333333333666       -3.1946876606988521E-002  -1.5610272999960779     
   2.6166666666667000       -3.2748606490894110E-002  -1.5929311676808677     
   2.6200000000000334       -3.3535971753641355E-002  -1.6241584415614201     
   2.6233333333333668       -3.4308627030803097E-002  -1.6546949566929803     
   2.6266666666667002       -3.5066233410238526E-002  -1.6845268163959228     
   2.6300000000000336       -3.5808458580750248E-002  -1.7136404001826482     
   2.6333333333333671       -3.6534976977847966E-002  -1.7420223716951495     
   2.6366666666667005       -3.7245469926550784E-002  -1.7696596866420951     
   2.6400000000000339       -3.7939625781169647E-002  -1.7965396007240788     
   2.6433333333333673       -3.8617140062004417E-002  -1.8226496775348968     
   2.6466666666667007       -3.9277715588899691E-002  -1.8479777964265898     
   2.6500000000000341       -3.9921062611596926E-002  -1.8725121603252708     
   2.6533333333333675       -4.0546898936829362E-002  -1.8962413034847072     
   2.6566666666667009       -4.1154950052100465E-002  -1.9191540991640370     
   2.6600000000000343       -4.1744949246094988E-002  -1.9412397672159460     
   2.6633333333333677       -4.2316637725666607E-002  -1.9624878815712314     
   2.6666666666667012       -4.2869764729353901E-002  -1.9828883776056772     
   2.6700000000000346       -4.3404087637371823E-002  -2.0024315593748439     
   2.6733333333333680       -4.3919372078033571E-002  -2.0211081067025023     
   2.6766666666667014       -4.4415392030552989E-002  -2.0389090821082272     
   2.6800000000000348       -4.4891929924185461E-002  -2.0558259375598595     
   2.6833333333333682       -4.5348776733660945E-002  -2.0718505210364588     
   2.6866666666667016       -4.5785732070870035E-002  -2.0869750828877089     
   2.6900000000000350       -4.6202604272760177E-002  -2.1011922819756665     
   2.6933333333333684       -4.6599210485406002E-002  -2.1144951915852315     
   2.6966666666667019       -4.6975376744214550E-002  -2.1268773050898235     
   2.7000000000000353       -4.7330938050232432E-002  -2.1383325413592078     
   2.7033333333333687       -4.7665738442519298E-002  -2.1488552498966982     
   2.7066666666667021       -4.7979631066557941E-002  -2.1584402156935432     
   2.7100000000000355       -4.8272478238669099E-002  -2.1670826637886331     
   2.7133333333333689       -4.8544151506404502E-002  -2.1747782635223420     
   2.7166666666667023       -4.8794531704889947E-002  -2.1815231324737909     
   2.7200000000000357       -4.9023509009095315E-002  -2.1873138400715262     
   2.7233333333333691       -4.9230982982007128E-002  -2.1921474108681958     
   2.7266666666667025       -4.9416862618683867E-002  -2.1960213274705613     
   2.7300000000000360       -4.9581066386173440E-002  -2.1989335331168984     
   2.7333333333333694       -4.9723522259276495E-002  -2.2008824338946082     
   2.7366666666667028       -4.9844167752138832E-002  -2.2018669005916527     
   2.7400000000000362       -4.9942949945659947E-002  -2.2018862701762805     
   2.7433333333333696       -5.0019825510704954E-002  -2.2009403469003064     
   2.7466666666667030       -5.0074760727110292E-002  -2.1990294030221640     
   2.7500000000000364       -5.0107731498474389E-002  -2.1961541791467019     
   2.7533333333333698       -5.0118723362727241E-002  -2.1923158841797474     
   2.7566666666667032       -5.0107731498473911E-002  -2.1875161948962476     
   2.7600000000000366       -5.0074760727109327E-002  -2.1817572551217599     
   2.7633333333333701       -5.0019825510703532E-002  -2.1750416745279937     
   2.7666666666667035       -4.9942949945658031E-002  -2.1673725270439830     
   2.7700000000000369       -4.9844167752136459E-002  -2.1587533488854018     
   2.7733333333333703       -4.9723522259273623E-002  -2.1491881362054266     
   2.7766666666667037       -4.9581066386170117E-002  -2.1386813423714521     
   2.7800000000000371       -4.9416862618680051E-002  -2.1272378748727920     
   2.7833333333333705       -4.9230982982002874E-002  -2.1148630918654252     
   2.7866666666667039       -4.9023509009090555E-002  -2.1015627983605945     
   2.7900000000000373       -4.8794531704884757E-002  -2.0873432420649287     
   2.7933333333333707       -4.8544151506398812E-002  -2.0722111088804933     
   2.7966666666667042       -4.8272478238662986E-002  -2.0561735180739551     
   2.8000000000000376       -4.7979631066551315E-002  -2.0392380171246898     
   2.8033333333333710       -4.7665738442512276E-002  -2.0214125762624207     
   2.8066666666667044       -4.7330938050224904E-002  -2.0027055827055040     
   2.8100000000000378       -4.6975376744206626E-002  -1.9831258346116425     
   2.8133333333333712       -4.6599210485397571E-002  -1.9626825347532895     
   2.8166666666667046       -4.6202604272751371E-002  -1.9413852839305739     
   2.8200000000000380       -4.5785732070860723E-002  -1.9192440741348862     
   2.8233333333333714       -4.5348776733651272E-002  -1.8962692814768816     
   2.8266666666667049       -4.4891929924175282E-002  -1.8724716588927151     
   2.8300000000000383       -4.4415392030542462E-002  -1.8478623286429166     
   2.8333333333333717       -4.3919372078022538E-002  -1.8224527746182901     
   2.8366666666667051       -4.3404087637360457E-002  -1.7962548344676232     
   2.8400000000000385       -4.2869764729342036E-002  -1.7692806915619301     
   2.8433333333333719       -4.2316637725654437E-002  -1.7415428668102575     
   2.8466666666667053       -4.1744949246082318E-002  -1.7130542103418342     
   2.8500000000000387       -4.1154950052087490E-002  -1.6838278930696196     
   2.8533333333333721       -4.0546898936815901E-002  -1.6538773981499471     
   2.8566666666667055       -3.9921062611583187E-002  -1.6232165123530735     
   2.8600000000000390       -3.9277715588885466E-002  -1.5918593173590383     
   2.8633333333333724       -3.8617140061989935E-002  -1.5598201809932513     
   2.8666666666667058       -3.7939625781154687E-002  -1.5271137484156745     
   2.8700000000000392       -3.7245469926535456E-002  -1.4937549332774473     
   2.8733333333333726       -3.6534976977832284E-002  -1.4597589088581493     
   2.8766666666667060       -3.5808458580734226E-002  -1.4251410991966658     
   2.8800000000000394       -3.5066233410222171E-002  -1.3899171702281927     
   2.8833333333333728       -3.4308627030786402E-002  -1.3541030209392035     
   2.8866666666667062       -3.3535971753624341E-002  -1.3177147745520630     
   2.8900000000000396       -3.2748606490876776E-002  -1.2807687697499448     
   2.8933333333333731       -3.1946876606970875E-002  -1.2432815519526241     
   2.8966666666667065       -3.1131133767130881E-002  -1.2052698646526545     
   2.9000000000000399       -3.0301735783127167E-002  -1.1667506408211725     
   2.9033333333333733       -2.9459046456327100E-002  -1.1277409943915944     
   2.9066666666667067       -2.8603435418120843E-002  -1.0882582118291182     
   2.9100000000000401       -2.7735277967787676E-002  -1.0483197437928908     
   2.9133333333333735       -2.6854954907878471E-002  -1.0079431968973878     
   2.9166666666667069       -2.5962852377181961E-002 -0.96714632557842273     
   2.9200000000000403       -2.5059361681352678E-002 -0.92594702406889495     
   2.9233333333333738       -2.4144879121270151E-002 -0.88436331848824801     
   2.9266666666667072       -2.3219805819209474E-002 -0.84241335904928516     
   2.9300000000000406       -2.2284547542894578E-002 -0.80011541238485084     
   2.9333333333333740       -2.1339514527516340E-002 -0.75748785399658025     
   2.9366666666667074       -2.0385121295788625E-002 -0.71454916082678077     
   2.9400000000000408       -1.9421786476126180E-002 -0.67131790395421786     
   2.9433333333333742       -1.8449932619019095E-002 -0.62781274141347376     
   2.9466666666667076       -1.7469986011689503E-002 -0.58405241113727768     
   2.9500000000000410       -1.6482376491106579E-002 -0.54005572402011937     
   2.9533333333333744       -1.5487537255447187E-002 -0.49584155710125771     
   2.9566666666667079       -1.4485904674079493E-002 -0.45142884686416046     
   2.9600000000000413       -1.3477918096158292E-002 -0.40683658264927619     
   2.9633333333333747       -1.2464019657910585E-002 -0.36208380017600200     
   2.9666666666667081       -1.1444654088701390E-002 -0.31718957516964524     
   2.9700000000000415       -1.0420268515959364E-002 -0.27217301708818709     
   2.9733333333333749       -9.3913122690533150E-003 -0.22705326294365610     
   2.9766666666667083       -8.3582366822001122E-003 -0.18184947121199735     
   2.9800000000000417       -7.3214948964959673E-003 -0.13658081582538822     
   2.9833333333333751       -6.2815416611523723E-003  -9.1266480240106224E-002
   2.9866666666667085       -5.2388331340294820E-003  -4.5925651573192283E-002
   2.9900000000000420       -4.1938266815487743E-003  -5.7751480037637737E-004
   2.9933333333333754       -3.1469806780784482E-003   4.4758752992034717E-002
   2.9966666666667088       -2.0987543048738553E-003   9.0063988309320761E-002
   3.0000000000000422       -1.0496073486668442E-003  0.13531904691225044     
