   5.0000000000000001E-003   0.0000000000000000        0.0000000000000000     
   1.0000000000000000E-002   5.5857106122328770E-003  0.24174447748438196     
   1.4999999999999999E-002   1.1165908802462496E-002  0.48264333582505459     
   2.0000000000000000E-002   1.6735087588780589E-002  0.72256749007514509     
   2.5000000000000001E-002   2.2287750864100172E-002  0.96138670836593454     
   3.0000000000000002E-002   2.7818418820149654E-002   1.1989689253838356     
   3.5000000000000003E-002   3.3321633355382053E-002   1.4351795765768078     
   4.0000000000000001E-002   3.8791963461462242E-002   1.6698809586790266     
   4.4999999999999998E-002   4.4224010583016470E-002   1.9029316220981010     
   4.9999999999999996E-002   4.9612413945354768E-002   2.1341858006556667     
   5.4999999999999993E-002   5.4951855844908311E-002   2.3634928841063028     
   5.9999999999999991E-002   6.0237066897160893E-002   2.5906969387772225     
   6.4999999999999988E-002   6.5462831236895197E-002   2.8156362815676204     
   6.9999999999999993E-002   7.0623991665622082E-002   3.0381431124166829     
   7.4999999999999997E-002   7.5715454741112853E-002   3.2580432101877590     
   8.0000000000000002E-002   8.0732195804011780E-002   3.4751556967172670     
   8.5000000000000006E-002   8.5669263936568263E-002   3.6892928735348436     
   9.0000000000000011E-002   9.0521786848594923E-002   3.9002601354700563     
   9.5000000000000015E-002   9.5284975685829804E-002   4.1078559650153785     
  0.10000000000000002        9.9954129755957272E-002   4.3118720109093402     
  0.10500000000000002       0.10452464116762397        4.5120932539336804     
  0.11000000000000003       0.10899199937787107        4.7082982623795653     
  0.11500000000000003       0.11335179564349578        4.9002595390279584     
  0.12000000000000004       0.11759972737194847        5.0877439608062325     
  0.12500000000000003       0.12173160236747220        5.2705133115270888     
  0.13000000000000003       0.12574334296829370        5.4483249072883861     
  0.13500000000000004       0.12963099007078324        5.6209323132170308     
  0.14000000000000004       0.13339070703661204        5.7880861492825479     
  0.14500000000000005       0.13701878347905094        5.9495349818939882     
  0.15000000000000005       0.14051163892467419        6.1050262969379983     
  0.15500000000000005       0.14386582634685458        6.2543075488286695     
  0.16000000000000006       0.14707803556756230        6.3971272790363924     
  0.16500000000000006       0.15014509652411126        6.5332362964606743     
  0.17000000000000007       0.15306398239762811        6.6623889109297645     
  0.17500000000000007       0.15583181260015705        6.7843442100692561     
  0.18000000000000008       0.15844585561745239        6.8988673688050168     
  0.18500000000000008       0.16090353170465327        7.0057309798752261     
  0.19000000000000009       0.16320241543218045        7.1047163929462887     
  0.19500000000000009       0.16534023807934245        7.1956150492801267     
  0.20000000000000009       0.16731488987328902        7.2782297984077386     
  0.20500000000000010       0.16912442207110209        7.3523761829459469     
  0.21000000000000010       0.17076704888296992        7.4178836775683097     
  0.21500000000000011       0.17224114923454592        7.4745968682205586     
  0.22000000000000011       0.17354526836675335        7.5223765579664352     
  0.22500000000000012       0.17467811927145699        7.5611007863661071     
  0.23000000000000012       0.17563858396158460        7.5906657500270693     
  0.23500000000000013       0.17642571457444536        7.6109866129216224     
  0.24000000000000013       0.17703873430715580        7.6219981962251806     
  0.24500000000000013       0.17747703818325047        7.6236555387799934     
  0.25000000000000011       0.17774019364972080        7.6159343208082921     
  0.25500000000000012       0.17782794100389246        7.5988311451619159     
  0.26000000000000012       0.17774019364972077        7.5723636721720666     
  0.26500000000000012       0.17747703818325047        7.5365706060198816     
  0.27000000000000013       0.17703873430715578        7.4915115324507049     
  0.27500000000000013       0.17642571457444534        7.4372666095649915     
  0.28000000000000014       0.17563858396158455        7.3739361152993537     
  0.28500000000000014       0.17467811927145693        7.3016398570265366     
  0.29000000000000015       0.17354526836675330        7.2205164504170716     
  0.29500000000000015       0.17224114923454584        7.1307224762876409     
  0.30000000000000016       0.17076704888296984        7.0324315255821892     
  0.30500000000000016       0.16912442207110201        6.9258331438686795     
  0.31000000000000016       0.16731488987328894        6.8111316877677179     
  0.31500000000000017       0.16534023807934237        6.6885451065461128     
  0.32000000000000017       0.16320241543218034        6.5583036627000730     
  0.32500000000000018       0.16090353170465316        6.4206486057178456     
  0.33000000000000018       0.15844585561745228        6.2758308133520675     
  0.33500000000000019       0.15583181260015697        6.1241094146563393     
  0.34000000000000019       0.15306398239762803        5.9657504087610178     
  0.34500000000000020       0.15014509652411115        5.8010252928956145     
  0.35000000000000020       0.14707803556756219        5.6302097125292834     
  0.35500000000000020       0.14386582634685444        5.4535821457180784     
  0.36000000000000021       0.14051163892467408        5.2714226328415412     
  0.36500000000000021       0.13701878347905075        5.0840115619055162     
  0.37000000000000022       0.13339070703661191        4.8916285185076758     
  0.37500000000000022       0.12963099007078305        4.6945512084304442     
  0.38000000000000023       0.12574334296829351        4.4930544596661566     
  0.38500000000000023       0.12173160236747198        4.2874093095115082     
  0.39000000000000024       0.11759972737194825        4.0778821812133597     
  0.39500000000000024       0.11335179564349554        3.8647341535212250     
  0.40000000000000024       0.10899199937787085        3.6482203254190444     
  0.40500000000000025       0.10452464116762378        3.4285892772812634     
  0.41000000000000025        9.9954129755957050E-002   3.2060826287363242     
  0.41500000000000026        9.5284975685829595E-002   2.9809346926303495     
  0.42000000000000026        9.0521786848594674E-002   2.7533722236708225     
  0.42500000000000027        8.5669263936568041E-002   2.5236142595964499     
  0.43000000000000027        8.0732195804011517E-002   2.2918720520658042     
  0.43500000000000028        7.5715454741112617E-002   2.0583490838829572     
  0.44000000000000028        7.0623991665621819E-002   1.8232411686801695     
  0.44500000000000028        6.5462831236894947E-002   1.5867366287524902     
  0.45000000000000029        6.0237066897160595E-002   1.3490165463815917     
  0.45500000000000029        5.4951855844908040E-002   1.1102550836914673     
  0.46000000000000030        4.9612413945354435E-002  0.87061986584013651     
  0.46500000000000030        4.4224010583016164E-002  0.63027242216378898     
  0.47000000000000031        3.8791963461461965E-002  0.38936867974571326     
  0.47500000000000031        3.3321633355381734E-002  0.14805950377654314     
  0.48000000000000032        2.7818418820149363E-002  -9.3508721002002915E-002
  0.48500000000000032        2.2287750864099825E-002 -0.33519347352573287     
  0.49000000000000032        1.6735087588780281E-002 -0.57685545009181305     
  0.49500000000000033        1.1165908802462141E-002 -0.81835789429173000     
  0.50000000000000033        5.5857106122325527E-003  -1.0595659089858285     
  0.50500000000000034       -3.7307970717347267E-016  -1.3003457561021134     
  0.51000000000000034       -5.5857106122332179E-003  -1.5405641500259157     
  0.51500000000000035       -1.1165908802462883E-002  -1.7800875503274438     
  0.52000000000000035       -1.6735087588780947E-002  -2.0187814595517284     
  0.52500000000000036       -2.2287750864100571E-002  -2.2565097317713567     
  0.53000000000000036       -2.7818418820150022E-002  -2.4931338975757478     
  0.53500000000000036       -3.3321633355382387E-002  -2.7285125111414499     
  0.54000000000000037       -3.8791963461462624E-002  -2.9625005249935965     
  0.54500000000000037       -4.4224010583016816E-002  -3.1949486980277366     
  0.55000000000000038       -4.9612413945355156E-002  -3.4257030423101087     
  0.55500000000000038       -5.4951855844908672E-002  -3.6546043141097515     
  0.56000000000000039       -6.0237066897161295E-002  -3.8814875545336243     
  0.56500000000000039       -6.5462831236895572E-002  -4.1061816850307435     
  0.57000000000000040       -7.0623991665622499E-002  -4.3285091628991283     
  0.57500000000000040       -7.5715454741113228E-002  -4.5482857017633327     
  0.58000000000000040       -8.0732195804012183E-002  -4.7653200617860794     
  0.58500000000000041       -8.5669263936568624E-002  -4.9794139141278535     
  0.59000000000000041       -9.0521786848595326E-002  -5.1903617838687097     
  0.59500000000000042       -9.5284975685830151E-002  -5.3979510752501838     
  0.60000000000000042       -9.9954129755957660E-002  -5.6019621826779122     
  0.60500000000000043      -0.10452464116762432       -5.8021686904419116     
  0.61000000000000043      -0.10899199937787139       -5.9983376635582140     
  0.61500000000000044      -0.11335179564349611       -6.1902300315096657     
  0.62000000000000044      -0.11759972737194876       -6.3776010659636926     
  0.62500000000000044      -0.12173160236747252       -6.5602009527711234     
  0.63000000000000045      -0.12574334296829398       -6.7377754577040561     
  0.63500000000000045      -0.12963099007078355       -6.9100666844764804     
  0.64000000000000046      -0.13339070703661232       -7.0768139226148099     
  0.64500000000000046      -0.13701878347905125       -7.2377545817144426     
  0.65000000000000047      -0.14051163892467447       -7.3926252075443069     
  0.65500000000000047      -0.14386582634685480       -7.5411625743566191     
  0.66000000000000048      -0.14707803556756260       -7.6831048466388072     
  0.66500000000000048      -0.15014509652411151       -7.8181928024276859     
  0.67000000000000048      -0.15306398239762836       -7.9461711092105380     
  0.67500000000000049      -0.15583181260015724       -8.0667896423860448     
  0.68000000000000049      -0.15844585561745256       -8.1798048352729218     
  0.68500000000000050      -0.16090353170465346       -8.2849810487577180     
  0.69000000000000050      -0.16320241543218061       -8.3820919478909559     
  0.69500000000000051      -0.16534023807934262       -8.4709218720938253     
  0.70000000000000051      -0.16731488987328913       -8.5512671851497881     
  0.70500000000000052      -0.16912442207110226       -8.6229375908449217     
  0.71000000000000052      -0.17076704888297004       -8.6857574000064002     
  0.71500000000000052      -0.17224114923454600       -8.7395667347833221     
  0.72000000000000053      -0.17354526836675344       -8.7842226563278505     
  0.72500000000000053      -0.17467811927145710       -8.8196002025734206     
  0.73000000000000054      -0.17563858396158469       -8.8455933235696023     
  0.73500000000000054      -0.17642571457444542       -8.8621157028157622     
  0.74000000000000055      -0.17703873430715583       -8.8691014542263993     
  0.74500000000000055      -0.17747703818325050       -8.8665056857446221     
  0.75000000000000056      -0.17774019364972082       -8.8543049221740517     
  0.75500000000000056      -0.17782794100389246       -8.8324973814984240     
  0.76000000000000056      -0.17774019364972077       -8.8011031007712770     
  0.76500000000000057      -0.17747703818325045       -8.7601639095516735     
  0.77000000000000057      -0.17703873430715572       -8.7097432508004342     
  0.77500000000000058      -0.17642571457444528       -8.6499258510963024     
  0.78000000000000058      -0.17563858396158449       -8.5808172439460115     
  0.78500000000000059      -0.17467811927145685       -8.5025431518087089     
  0.79000000000000059      -0.17354526836675319       -8.4152487341985367     
  0.79500000000000060      -0.17224114923454573       -8.3190977108374078     
  0.80000000000000060      -0.17076704888296970       -8.2142713702738295     
  0.80500000000000060      -0.16912442207110187       -8.1009674756400969     
  0.81000000000000061      -0.16731488987328877       -7.9793990802685029     
  0.81500000000000061      -0.16534023807934217       -7.8497932667161159     
  0.82000000000000062      -0.16320241543218014       -7.7123898233464994     
  0.82500000000000062      -0.16090353170465296       -7.5674398729856653     
  0.83000000000000063      -0.15844585561745209       -7.4152044683095033     
  0.83500000000000063      -0.15583181260015672       -7.2559531685403087     
  0.84000000000000064      -0.15306398239762775       -7.0899626117424939     
  0.84500000000000064      -0.15014509652411090       -6.9175150965293826     
  0.85000000000000064      -0.14707803556756191       -6.7388971863429115     
  0.85500000000000065      -0.14386582634685413       -6.5543983486687978     
  0.86000000000000065      -0.14051163892467375       -6.3643096406246942     
  0.86500000000000066      -0.13701878347905047       -6.1689224513325724     
  0.87000000000000066      -0.13339070703661160       -5.9685273103839300     
  0.87500000000000067      -0.12963099007078280       -5.7634127705515841     
  0.88000000000000067      -0.12574334296829315       -5.5538643717175677     
  0.88500000000000068      -0.12173160236747164       -5.3401636917954702     
  0.89000000000000068      -0.11759972737194792       -5.1225874892456416     
  0.89500000000000068      -0.11335179564349523       -4.9014069406319161     
  0.90000000000000069      -0.10899199937787044       -4.6768869755622742     
  0.90500000000000069      -0.10452464116762335       -4.4492857103067696     
  0.91000000000000070       -9.9954129755956675E-002  -4.2188539804027219     
  0.91500000000000070       -9.5284975685829207E-002  -3.9858349716480412     
  0.92000000000000071       -9.0521786848594216E-002  -3.7504639480523174     
  0.92500000000000071       -8.5669263936567569E-002  -3.5129680745656056     
  0.93000000000000071       -8.0732195804011114E-002  -3.2735663317367960     
  0.93500000000000072       -7.5715454741112215E-002  -3.0324695188664856     
  0.94000000000000072       -7.0623991665621472E-002  -2.7898803417102522     
  0.94500000000000073       -6.5462831236894461E-002  -2.5459935803538301     
  0.95000000000000073       -6.0237066897160164E-002  -2.3009963325172822     
  0.95500000000000074       -5.4951855844907603E-002  -2.0550683272444221     
  0.96000000000000074       -4.9612413945354067E-002  -1.8083823036918882     
  0.96500000000000075       -4.4224010583015651E-002  -1.5611044495416297     
  0.97000000000000075       -3.8791963461461451E-002  -1.3133948934158244     
  0.97500000000000075       -3.3321633355381290E-002  -1.0654082455673513     
  0.98000000000000076       -2.7818418820148919E-002 -0.81729418104632434     
  0.98500000000000076       -2.2287750864099305E-002 -0.56919805949741109     
  0.99000000000000077       -1.6735087588779753E-002 -0.32126157571902364     
  0.99500000000000077       -1.1165908802461690E-002  -7.3623435108528895E-002
   1.0000000000000007       -5.5857106122320999E-003  0.17357995187618611     
   1.0050000000000006        7.4615941434694533E-016  0.42021376209350597     
   1.0100000000000005        5.5857106122334339E-003  0.66614404476639200     
   1.0150000000000003        1.1165908802463018E-002  0.91123700500988891     
   1.0200000000000002        1.6735087588780923E-002   1.1553582916171687     
   1.0250000000000001        2.2287750864100314E-002   1.3983722948535386     
   1.0300000000000000        2.7818418820149765E-002   1.6401414599753141     
   1.0349999999999999        3.3321633355381977E-002   1.8805256221556641     
   1.0399999999999998        3.8791963461462131E-002   2.1193813684601963     
   1.0449999999999997        4.4224010583016185E-002   2.3565614324688591     
   1.0499999999999996        4.9612413945354455E-002   2.5919141270857553     
   1.0549999999999995        5.4951855844907832E-002   2.8252828210096177     
   1.0599999999999994        6.0237066897160386E-002   3.0565054642525213     
   1.0649999999999993        6.5462831236894531E-002   3.2854141679866782     
   1.0699999999999992        7.0623991665621388E-002   3.5118348438651950     
   1.0749999999999991        7.5715454741111993E-002   3.7355869077956214     
   1.0799999999999990        8.0732195804010753E-002   3.9564830529407069     
   1.0849999999999989        8.5669263936567222E-002   4.1743290964716220     
   1.0899999999999987        9.0521786848593744E-002   4.3889239043006993     
   1.0949999999999986        9.5284975685828610E-002   4.6000593976667510     
   1.0999999999999985        9.9954129755955967E-002   4.8075206450313139     
   1.1049999999999984       0.10452464116762265        5.0110860422648740     
   1.1099999999999983       0.10899199937786963        5.2105275835526372     
   1.1149999999999982       0.11335179564349433        5.4056112248292267     
   1.1199999999999981       0.11759972737194692        5.5960973408569927     
   1.1249999999999980       0.12173160236747056        5.7817412762953690     
   1.1299999999999979       0.12574334296829207        5.9622939902690435     
   1.1349999999999978       0.12963099007078155        6.1375027930354653     
   1.1399999999999977       0.13339070703661038        6.3071121723827561     
   1.1449999999999976       0.13701878347904919        6.4708647063650915     
   1.1499999999999975       0.14051163892467253        6.6285020579157861     
   1.1549999999999974       0.14386582634685285        6.7797660457799447     
   1.1599999999999973       0.14707803556756063        6.9243997850953942     
   1.1649999999999971       0.15014509652410957        7.0621488898389062     
   1.1699999999999970       0.15306398239762642        7.1927627282650466     
   1.1749999999999969       0.15583181260015544        7.3159957214175080     
   1.1799999999999968       0.15844585561745075        7.4316086738108229     
   1.1849999999999967       0.16090353170465171        7.5393701244868376     
   1.1899999999999966       0.16320241543217892        7.6390577058683142     
   1.1949999999999965       0.16534023807934103        7.7304594971856853     
   1.1999999999999964       0.16731488987328763        7.8133753587625883     
   1.2049999999999963       0.16912442207110082        7.8876182331329332     
   1.2099999999999962       0.17076704888296870        7.9530153988426484     
   1.2149999999999961       0.17224114923454478        8.0094096628782587     
   1.2199999999999960       0.17354526836675238        8.0566604779706008     
   1.2249999999999959       0.17467811927145610        8.0946449715517410     
   1.2299999999999958       0.17563858396158388        8.1232588738957237     
   1.2349999999999957       0.17642571457444475        8.1424173339449464     
   1.2399999999999956       0.17703873430715533        8.1520556125020445     
   1.2449999999999954       0.17747703818325017        8.1521296438373501     
   1.2499999999999953       0.17774019364972063        8.1426164583016565     
   1.2549999999999952       0.17782794100389246        8.1235144602183809     
   1.2599999999999951       0.17774019364972096        8.0948435571273887     
   1.2649999999999950       0.17747703818325081        8.0566451383313051     
   1.2699999999999949       0.17703873430715630        8.0089819026188724     
   1.2749999999999948       0.17642571457444606        7.9519375369703420     
   1.2799999999999947       0.17563858396158552        7.8856162499508988     
   1.2849999999999946       0.17467811927145807        7.8101421653312473     
   1.2899999999999945       0.17354526836675466        7.7256585832063278     
   1.2949999999999944       0.17224114923454745        7.6323271174802203     
   1.2999999999999943       0.17076704888297164        7.5303267200201107     
   1.3049999999999942       0.16912442207110404        7.4198526030302423     
   1.3099999999999941       0.16731488987329127        7.3011150722392779     
   1.3149999999999940       0.16534023807934489        7.1743382843180363     
   1.3199999999999938       0.16320241543218311        7.0397589425408178     
   1.3249999999999937       0.16090353170465613        6.8976249450704419     
   1.3299999999999936       0.15844585561745561        6.7481940003875600     
   1.3349999999999935       0.15583181260016052        6.5917322243065080     
   1.3399999999999934       0.15306398239763178        6.4285127327358502     
   1.3449999999999933       0.15014509652411515        6.2588142438677004     
   1.3499999999999932       0.14707803556756657        6.0829197028356541     
   1.3549999999999931       0.14386582634685904        5.9011149410885713     
   1.3599999999999930       0.14051163892467888        5.7136873818100931     
   1.3649999999999929       0.13701878347905602        5.5209248016957977     
   1.3699999999999928       0.13339070703661735        5.3231141583062120     
   1.3749999999999927       0.12963099007078877        5.1205404910685655     
   1.3799999999999926       0.12574334296829942        4.9134859028254301     
   1.3849999999999925       0.12173160236747833        4.7022286276467895     
   1.3899999999999924       0.11759972737195482        4.4870421894522101     
   1.3949999999999922       0.11335179564350231        4.2681946548490028     
   1.3999999999999921       0.10899199937787805        4.0459479824953890     
   1.4049999999999920       0.10452464116763116        3.8205574702570382     
   1.4099999999999919        9.9954129755964655E-002   3.5922713004506837     
   1.4149999999999918        9.5284975685837353E-002   3.3613301825659696     
   1.4199999999999917        9.0521786848602945E-002   3.1279670920331069     
   1.4249999999999916        8.5669263936576451E-002   2.8924071028597718     
   1.4299999999999915        8.0732195804020149E-002   2.6548673112983789     
   1.4349999999999914        7.5715454741121388E-002   2.4155568471217577     
   1.4399999999999913        7.0623991665631061E-002   2.1746769685806018     
   1.4449999999999912        6.5462831236904315E-002   1.9324212366842708     
   1.4499999999999911        6.0237066897170150E-002   1.6889757640842853     
   1.4549999999999910        5.4951855844917998E-002   1.4445195335405219     
   1.4599999999999909        4.9612413945364572E-002   1.1992247807087903     
   1.4649999999999908        4.4224010583026385E-002  0.95325743579825872     
   1.4699999999999906        3.8791963461472255E-002  0.70677761850135246     
   1.4749999999999905        3.3321633355392476E-002  0.45994018049232510     
   1.4799999999999904        2.7818418820160166E-002  0.21289528971594968     
   1.4849999999999903        2.2287750864110764E-002  -3.4210949359421830E-002
   1.4899999999999902        1.6735087588791567E-002 -0.28123584537687418     
   1.4949999999999901        1.1165908802473532E-002 -0.52803944547543324     
   1.4999999999999900        5.5857106122439619E-003 -0.77448384228242351     
   1.5049999999999899        1.1121338698980316E-014  -1.0204324683602239     
   1.5099999999999898       -5.5857106122214140E-003  -1.2657493839351495     
   1.5149999999999897       -1.1165908802451021E-002  -1.5102985637140602     
   1.5199999999999896       -1.6735087588769113E-002  -1.7539431885687273     
   1.5249999999999895       -2.2287750864088695E-002  -1.9965449478411126     
   1.5299999999999894       -2.7818418820137889E-002  -2.2379633579926690     
   1.5349999999999893       -3.3321633355370320E-002  -2.4780551032884937     
   1.5399999999999892       -3.8791963461450557E-002  -2.7166734041693927     
   1.5449999999999890       -4.4224010583004535E-002  -2.9536674189211216     
   1.5499999999999889       -4.9612413945342895E-002  -3.1888816841953802     
   1.5549999999999888       -5.4951855844896536E-002  -3.4221555998693689     
   1.5599999999999887       -6.0237066897149215E-002  -3.6533229636455533     
   1.5649999999999886       -6.5462831236883345E-002  -3.8822115606848930     
   1.5699999999999885       -7.0623991665610356E-002  -4.1086428134316177     
   1.5749999999999884       -7.5715454741101251E-002  -4.3324314966186819     
   1.5799999999999883       -8.0732195804000317E-002  -4.5533855222361028     
   1.5849999999999882       -8.5669263936556689E-002  -4.7713057989917731     
   1.5899999999999881       -9.0521786848583530E-002  -4.9859861704922110     
   1.5949999999999880       -9.5284975685818590E-002  -5.1972134360116069     
   1.5999999999999879       -9.9954129755946017E-002  -5.4047674572979867     
   1.6049999999999878      -0.10452464116761293       -5.6084213543790611     
   1.6099999999999877      -0.10899199937786025       -5.8079417927746153     
   1.6149999999999876      -0.11335179564348519       -6.0030893638945502     
   1.6199999999999875      -0.11759972737193788       -6.1936190596990901     
   1.6249999999999873      -0.12173160236746189       -6.3792808419221236     
   1.6299999999999872      -0.12574334296828368       -6.5598203053103310     
   1.6349999999999871      -0.12963099007077333       -6.7349794334149173     
   1.6399999999999870      -0.13339070703660244       -6.9044974444939671     
   1.6449999999999869      -0.13701878347904164       -7.0681117240509437     
   1.6499999999999868      -0.14051163892466526       -7.2255588394592412     
   1.6549999999999867      -0.14386582634684578       -7.3765756310159638     
   1.6599999999999866      -0.14707803556755386       -7.5209003726473487     
   1.6649999999999865      -0.15014509652410324       -7.6582739943691704     
   1.6699999999999864      -0.15306398239762045       -7.7884413575098757     
   1.6749999999999863      -0.15583181260014964       -7.9111525726512220     
   1.6799999999999862      -0.15844585561744537       -8.0261643492553247     
   1.6849999999999861      -0.16090353170464666       -8.1332413650503845     
   1.6899999999999860      -0.16320241543217415       -8.2321576424645606     
   1.6949999999999859      -0.16534023807933659       -8.3226979187506647     
   1.6999999999999857      -0.16731488987328361       -8.4046589959561331     
   1.7049999999999856      -0.16912442207109715       -8.4778510565831464     
   1.7099999999999855      -0.17076704888296537       -8.5420989306693471     
   1.7149999999999854      -0.17224114923454184       -8.5972433001154815     
   1.7199999999999853      -0.17354526836674980       -8.6431418264008375     
   1.7249999999999852      -0.17467811927145385       -8.6796701883674441     
   1.7299999999999851      -0.17563858396158200       -8.7067230175180832     
   1.7349999999999850      -0.17642571457444325       -8.7242147192570609     
   1.7399999999999849      -0.17703873430715419       -8.7320801696956138     
   1.7449999999999848      -0.17747703818324942       -8.7302752790284455     
   1.7499999999999847      -0.17774019364972024       -8.7187774140442720     
   1.7549999999999846      -0.17782794100389246       -8.6975856740338902     
   1.7599999999999845      -0.17774019364972132       -8.6667210161742947     
   1.7649999999999844      -0.17747703818325158       -8.6262262283634215     
   1.7699999999999843      -0.17703873430715744       -8.5761657494201486     
   1.7749999999999841      -0.17642571457444756       -8.5166253385114654     
   1.7799999999999840      -0.17563858396158741       -8.4477115975850658     
   1.7849999999999839      -0.17467811927146035       -8.3695513524338505     
   1.7899999999999838      -0.17354526836675724       -8.2822908997641402     
   1.7949999999999837      -0.17224114923455036       -8.1860951292488586     
   1.7999999999999836      -0.17076704888297500       -8.0811465309925072     
   1.8049999999999835      -0.16912442207110773       -7.9676441000919516     
   1.8099999999999834      -0.16731488987329524       -7.8458021510270841     
   1.8149999999999833      -0.16534023807934933       -7.7158490554442780     
   1.8199999999999832      -0.16320241543218789       -7.5780259174957303     
   1.8249999999999831      -0.16090353170466126       -7.4325852012665798     
   1.8299999999999830      -0.15844585561746094       -7.2797893249620165     
   1.8349999999999829      -0.15583181260016629       -7.1199092364467020     
   1.8399999999999828      -0.15306398239763788       -6.9532229844413775     
   1.8449999999999827      -0.15014509652412159       -6.7800142992025014     
   1.8499999999999825      -0.14707803556757312       -6.6005711958601685     
   1.8549999999999824      -0.14386582634686609       -6.4151846127896119     
   1.8599999999999823      -0.14051163892468627       -6.2241470964652725     
   1.8649999999999822      -0.13701878347906349       -6.0277515432194138     
   1.8699999999999821      -0.13339070703662531       -5.8262900072230659     
   1.8749999999999820      -0.12963099007079701       -5.6200525828508727     
   1.8799999999999819      -0.12574334296830791       -5.4093263684063411     
   1.8849999999999818      -0.12173160236748687       -5.1943945169903873     
   1.8899999999999817      -0.11759972737196384       -4.9755353791155903     
   1.8949999999999816      -0.11335179564351158       -4.7530217405164485     
   1.8999999999999815      -0.10899199937788732       -4.5271201574988682     
   1.9049999999999814      -0.10452464116764087       -4.2980903911205992     
   1.9099999999999813       -9.9954129755974605E-002  -4.0661849405102455     
   1.9149999999999812       -9.5284975685847512E-002  -3.8316486747213099     
   1.9199999999999811       -9.0521786848613006E-002  -3.5947185616849806     
   1.9249999999999809       -8.5669263936586984E-002  -3.3556234920743626     
   1.9299999999999808       -8.0732195804030862E-002  -3.1145841952232551     
   1.9349999999999807       -7.5715454741132268E-002  -2.8718132436541675     
   1.9399999999999806       -7.0623991665641803E-002  -2.6275151422597114     
   1.9449999999999805       -6.5462831236915500E-002  -2.3818864977462133     
   1.9499999999999804       -6.0237066897181467E-002  -2.1351162635820113     
   1.9549999999999803       -5.4951855844929134E-002  -1.8873860553916806     
   1.9599999999999802       -4.9612413945376112E-002  -1.6388705314934606     
   1.9649999999999801       -4.4224010583038036E-002  -1.3897378330860219     
   1.9699999999999800       -3.8791963461483996E-002  -1.1401500784447631     
   1.9749999999999799       -3.3321633355403980E-002 -0.89026390538060451     
   1.9799999999999798       -2.7818418820172046E-002 -0.64023105614095355     
   1.9849999999999797       -2.2287750864122699E-002 -0.39019899888563470     
   1.9899999999999796       -1.6735087588803224E-002 -0.14031157984629705     
   1.9949999999999795       -1.1165908802485218E-002  0.10929029973023065     
   1.9999999999999793       -5.5857106122559818E-003  0.35846798774840066     
   2.0049999999999795       -2.3146779751926940E-014  0.60708437241982993     
   2.0099999999999794        5.5857106122097107E-003  0.85500316626687989     
   2.0149999999999793        1.1165908802439332E-002   1.1020881888075797     
   2.0199999999999791        1.6735087588757455E-002   1.3482026537270848     
   2.0249999999999790        2.2287750864077079E-002   1.5932084663111039     
   2.0299999999999789        2.7818418820126322E-002   1.8369655368843580     
   2.0349999999999788        3.3321633355358815E-002   2.0793311159620278     
   2.0399999999999787        3.8791963461439122E-002   2.3201591567820161     
   2.0449999999999786        4.4224010582993495E-002   2.5592997108398285     
   2.0499999999999785        4.9612413945331647E-002   2.7965983619910464     
   2.0549999999999784        5.4951855844885399E-002   3.0318957046171962     
   2.0599999999999783        6.0237066897138196E-002   3.2650268712634389     
   2.0649999999999782        6.5462831236872451E-002   3.4958211150479057     
   2.0699999999999781        7.0623991665599600E-002   3.7241014520056841     
   2.0749999999999780        7.5715454741090663E-002   3.9496843683615421     
   2.0799999999999779        8.0732195803989895E-002   4.1723795975181641     
   2.0849999999999778        8.5669263936546433E-002   4.3919899712945485     
   2.0899999999999777        9.0521786848573441E-002   4.6083113496476003     
   2.0949999999999775        9.5284975685808709E-002   4.8211326327519277     
   2.0999999999999774        9.9954129755936330E-002   5.0302358588947857     
   2.1049999999999773       0.10452464116760345        5.2353963911585595     
   2.1099999999999772       0.10899199937785099        5.4363831953096131     
   2.1149999999999771       0.11335179564347617        5.6329592106870221     
   2.1199999999999770       0.11759972737192913        5.8248818151847797     
   2.1249999999999769       0.12173160236745337        6.0119033846485683     
   2.1299999999999768       0.12574334296827541        6.1937719461629257     
   2.1349999999999767       0.12963099007076553        6.3702319237921676     
   2.1399999999999766       0.13339070703659470        6.5410249743629212     
   2.1449999999999765       0.13701878347903418        6.7058909098474198     
   2.1499999999999764       0.14051163892465809        6.8645687018337513     
   2.1549999999999763       0.14386582634683889        7.0167975624667029     
   2.1599999999999762       0.14707803556754728        7.1623180951244816     
   2.1649999999999761       0.15014509652409694        7.3008735069807900     
   2.1699999999999759       0.15306398239761448        7.4322108745085442     
   2.1749999999999758       0.15583181260014398        7.5560824519306031     
   2.1799999999999757       0.15844585561744004        7.6722470116389996     
   2.1849999999999756       0.16090353170464167        7.7804712047083546     
   2.1899999999999755       0.16320241543216948        7.8805309288472412     
   2.1949999999999754       0.16534023807933229        7.9722126904842483     
   2.1999999999999753       0.16731488987327964        8.0553149471966972     
   2.2049999999999752       0.16912442207109354        8.1296494163789639     
   2.2099999999999751       0.17076704888296207        8.1950423359308040     
   2.2149999999999750       0.17224114923453893        8.2513356628393417     
   2.2199999999999749       0.17354526836674722        8.2983881958391077     
   2.2249999999999748       0.17467811927145172        8.3360766088708687     
   2.2299999999999747       0.17563858396158016        8.3642963828187842     
   2.2349999999999746       0.17642571457444178        8.3829626239845716     
   2.2399999999999745       0.17703873430715311        8.3920107589436554     
   2.2449999999999743       0.17747703818324867        8.3913970968072871     
   2.2499999999999742       0.17774019364971988        8.3810992514639064     
   2.2549999999999741       0.17782794100389246        8.3611164180666613     
   2.2599999999999740       0.17774019364972171        8.3314694998425018     
   2.2649999999999739       0.17747703818325231        8.2922010831864821     
   2.2699999999999738       0.17703873430715855        8.2433752609384019     
   2.2749999999999737       0.17642571457444903        8.1850773056792079     
   2.2799999999999736       0.17563858396158918        8.1174131967942067     
   2.2849999999999735       0.17467811927146251        8.0405090068924459     
   2.2899999999999734       0.17354526836675982        7.9545101549108423     
   2.2949999999999733       0.17224114923455328        7.8595805348362093     
   2.2999999999999732       0.17076704888297828        7.7559015304192567     
   2.3049999999999731       0.16912442207111136        7.6436709275079275     
   2.3099999999999730       0.16731488987329918        7.5231017366743851     
   2.3149999999999729       0.16534023807935352        7.3944209396364284     
   2.3199999999999728       0.16320241543219252        7.2578681735727733     
   2.3249999999999726       0.16090353170466623        7.1136943677993756     
   2.3299999999999725       0.15844585561746624        6.9621603474145539     
   2.3349999999999724       0.15583181260017195        6.8035354184411938     
   2.3399999999999723       0.15306398239764385        6.6380959487082372     
   2.3449999999999722       0.15014509652412786        6.4661239582368593     
   2.3499999999999721       0.14707803556757970        6.2879057322483964     
   2.3549999999999720       0.14386582634687300        6.1037304691144927     
   2.3599999999999719       0.14051163892469343        5.9138889746470182     
   2.3649999999999718       0.13701878347907095        5.7186724131023183     
   2.3699999999999717       0.13339070703663283        5.5183711241740774     
   2.3749999999999716       0.12963099007080500        5.3132735140977747     
   2.3799999999999715       0.12574334296831621        5.1036650278083648     
   2.3849999999999714       0.12173160236749542        4.8898272079047578     
   2.3899999999999713       0.11759972737197262        4.6720368449977938     
   2.3949999999999712       0.11335179564352060        4.4505652228713464     
   2.3999999999999710       0.10899199937789658        4.2256774607831842     
   2.4049999999999709       0.10452464116765012        3.9976319541848975     
   2.4099999999999708        9.9954129755984292E-002   3.7666799141599414     
   2.4149999999999707        9.5284975685857420E-002   3.5330650049710299     
   2.4199999999999706        9.0521786848623123E-002   3.2970230782791541     
   2.4249999999999705        8.5669263936597254E-002   3.0587820018476823     
   2.4299999999999704        8.0732195804041285E-002   2.8185615798784522     
   2.4349999999999703        7.5715454741142857E-002   2.5765735615403158     
   2.4399999999999702        7.0623991665652558E-002   2.3330217337418517     
   2.4449999999999701        6.5462831236926394E-002   2.0881020937660173     
   2.4499999999999700        6.0237066897192479E-002   1.8420030970193371     
   2.4549999999999699        5.4951855844940264E-002   1.5949059748475056     
   2.4599999999999698        4.9612413945387047E-002   1.3469851171257772     
   2.4649999999999697        4.4224010583049374E-002   1.0984085141414903     
   2.4699999999999696        3.8791963461495424E-002  0.84933825213948522     
   2.4749999999999694        3.3321633355415485E-002  0.59993105679423275     
   2.4799999999999693        2.7818418820183610E-002  0.35033887879745729     
   2.4849999999999692        2.2287750864134311E-002  0.10070951570299808     
   2.4899999999999691        1.6735087588814885E-002 -0.14881273585514534     
   2.4949999999999690        1.1165908802496906E-002 -0.39808640346482088     
   2.4999999999999689        5.5857106122676851E-003 -0.64697214364666078     
   2.5049999999999688        3.4856334925634839E-014 -0.89533203385005844     
   2.5099999999999687       -5.5857106121980065E-003  -1.1430288575904854     
   2.5149999999999686       -1.1165908802427332E-002  -1.3899253885612328     
   2.5199999999999685       -1.6735087588745479E-002  -1.6358836795257754     
   2.5249999999999684       -2.2287750864065148E-002  -1.8807643617682615     
   2.5299999999999683       -2.7818418820114758E-002  -2.1244259608490528     
   2.5349999999999682       -3.3321633355347005E-002  -2.3667242343776351     
   2.5399999999999681       -3.8791963461427388E-002  -2.6075115374768267     
   2.5449999999999680       -4.4224010582981851E-002  -2.8466362215659808     
   2.5499999999999678       -4.9612413945320406E-002  -3.0839420720357635     
   2.5549999999999677       -5.4951855844874269E-002  -3.3192677903172050     
   2.5599999999999676       -6.0237066897126886E-002  -3.5524465257611699     
   2.5649999999999675       -6.5462831236861280E-002  -3.7833054626349623     
   2.5699999999999674       -7.0623991665588859E-002  -4.0116654674056980     
   2.5749999999999673       -7.5715454741079782E-002  -4.2373408013102329     
   2.5799999999999672       -8.0732195803978890E-002  -4.4601389030029868     
   2.5849999999999671       -8.5669263936536150E-002  -4.6798602458188308     
   2.5899999999999670       -9.0521786848563074E-002  -4.8962982738850558     
   2.5949999999999669       -9.5284975685798801E-002  -5.1092394209565084     
   2.5999999999999668       -9.9954129755926630E-002  -5.3184632154258793     
   2.6049999999999667      -0.10452464116759372       -5.5237424744753572     
   2.6099999999999666      -0.10899199937784174       -5.7248435897777394     
   2.6149999999999665      -0.11335179564346688       -5.9215269065264708     
   2.6199999999999664      -0.11759972737192008       -6.1135471968710871     
   2.6249999999999662      -0.12173160236744482       -6.3006542280566249     
   2.6299999999999661      -0.12574334296826689       -6.4825934247173640     
   2.6349999999999660      -0.12963099007075707       -6.6591066238579053     
   2.6399999999999659      -0.13339070703658695       -6.8299329200745520     
   2.6449999999999658      -0.13701878347902652       -6.9948095975371345     
   2.6499999999999657      -0.14051163892465091       -7.1534731441746811     
   2.6549999999999656      -0.14386582634683201       -7.3056603424003077     
   2.6599999999999655      -0.14707803556754054       -7.4511094295901330     
   2.6649999999999654      -0.15014509652409067       -7.5895613204104651     
   2.6699999999999653      -0.15306398239760838       -7.7207608819915237     
   2.6749999999999652      -0.15583181260013820       -7.8444582518928829     
   2.6799999999999651      -0.15844585561743474       -7.9604101878188285     
   2.6849999999999650      -0.16090353170463656       -8.0683814371453764     
   2.6899999999999649      -0.16320241543216471       -8.1681461135377873     
   2.6949999999999648      -0.16534023807932799       -8.2594890672898327     
   2.6999999999999647      -0.16731488987327556       -8.3422072355286971     
   2.7049999999999645      -0.16912442207108974       -8.4161109581195301     
   2.7099999999999644      -0.17076704888295882       -8.4810252449894090     
   2.7149999999999643      -0.17224114923453593       -8.5367909806870426     
   2.7199999999999642      -0.17354526836674466       -8.5832660523095878     
   2.7249999999999641      -0.17467811927144947       -8.6203263874681362     
   2.7299999999999640      -0.17563858396157828       -8.6478668897291282     
   2.7349999999999639      -0.17642571457444031       -8.6658022599529296     
   2.7399999999999638      -0.17703873430715197       -8.6740676931449379     
   2.7449999999999637      -0.17747703818324792       -8.6726194418203892     
   2.7499999999999636      -0.17774019364971952       -8.6614352384410953     
   2.7549999999999635      -0.17782794100389246       -8.6405145711844700     
   2.7599999999999634      -0.17774019364972207       -8.6098788091211080     
   2.7649999999999633      -0.17747703818325306       -8.5695711747745662     
   2.7699999999999632      -0.17703873430715966       -8.5196565639781259     
   2.7749999999999631      -0.17642571457445050       -8.4602212148917371     
   2.7799999999999629      -0.17563858396159104       -8.3913722299599645     
   2.7849999999999628      -0.17467811927146479       -8.3132369564408144     
   2.7899999999999627      -0.17354526836676237       -8.2259622328818622     
   2.7949999999999626      -0.17224114923455625       -8.1297135105303457     
   2.7999999999999625      -0.17076704888298164       -8.0246738601102603     
   2.8049999999999624      -0.16912442207111497       -7.9110428756576363     
   2.8099999999999623      -0.16731488987330326       -7.7890354881555615     
   2.8149999999999622      -0.16534023807935808       -7.6588807025399266     
   2.8199999999999621      -0.16320241543219716       -7.5208202722476987     
   2.8249999999999620      -0.16090353170467137       -7.3751073258481528     
   2.8299999999999619      -0.15844585561747154       -7.2220049604380785     
   2.8349999999999618      -0.15583181260017759       -7.0617848164025148     
   2.8399999999999617      -0.15306398239764998       -6.8947256478541341     
   2.8449999999999616      -0.15014509652413413       -6.7211119025859487     
   2.8499999999999615      -0.14707803556758647       -6.5412323247207791     
   2.8549999999999613      -0.14386582634688005       -6.3553785924401787     
   2.8599999999999612      -0.14051163892470062       -6.1638440022494256     
   2.8649999999999611      -0.13701878347907862       -5.9669222102068762     
   2.8699999999999610      -0.13339070703664099       -5.7649060394413132     
   2.8749999999999609      -0.12963099007081302       -5.5580863621243592     
   2.8799999999999608      -0.12574334296832468       -5.3467510628785151     
   2.8849999999999607      -0.12173160236750442       -5.1311840894073821     
   2.8899999999999606      -0.11759972737198141       -4.9116645949532840     
   2.8949999999999605      -0.11335179564352987       -4.6884661760345114     
   2.8999999999999604      -0.10899199937790582       -4.4618562078058703     
   2.9049999999999603      -0.10452464116765985       -4.2320952783352279     
   2.9099999999999602       -9.9954129755994256E-002  -3.9994367221020717     
   2.9149999999999601       -9.5284975685867287E-002  -3.7641262521133880     
   2.9199999999999600       -9.0521786848633462E-002  -3.5264016891981140     
   2.9249999999999599       -8.5669263936607787E-002  -3.2864927862891422     
   2.9299999999999597       -8.0732195804051721E-002  -3.0446211448324578     
   2.9349999999999596       -7.5715454741153737E-002  -2.8010002198728503     
   2.9399999999999595       -7.0623991665663882E-002  -2.5558354098547453     
   2.9449999999999594       -6.5462831236937274E-002  -2.3093242267408618     
   2.9499999999999593       -6.0237066897203796E-002  -2.0616565416842101     
   2.9549999999999592       -5.4951855844951401E-002  -1.8130149011864056     
   2.9599999999999591       -4.9612413945398601E-002  -1.5635749084322954     
   2.9649999999999590       -4.4224010583061017E-002  -1.3135056642971956     
   2.9699999999999589       -3.8791963461506845E-002  -1.0629702623780553     
   2.9749999999999588       -3.3321633355427295E-002 -0.81212633229157727     
   2.9799999999999587       -2.7818418820195485E-002 -0.56112662540800462     
   2.9849999999999586       -2.2287750864145927E-002 -0.31011963714316815     
   2.9899999999999585       -1.6735087588826855E-002  -5.9250259905476388E-002
   2.9949999999999584       -1.1165908802509223E-002  0.19133953921334393     
   2.9999999999999583       -5.5857106122793893E-003  0.44151002190930172     
