   5.0000000000000001E-003   0.0000000000000000        0.0000000000000000     
   1.0000000000000000E-002   2.4950452809879405E-002   1.0813488260905011     
   1.4999999999999999E-002   4.9876282535140135E-002   2.1680280513226027     
   2.0000000000000000E-002   7.4752890391175233E-002   3.2686446236149451     
   2.5000000000000001E-002   9.9555726169420100E-002   4.3919830473181074     
   3.0000000000000002E-002  0.12426031246544421        5.5471207951360677     
   3.5000000000000003E-002  0.14884226883519425        6.7435554232055992     
   4.0000000000000001E-002  0.17327733585554889        7.9913485470349412     
   4.4999999999999998E-002  0.19754139906544033        9.3012929267541793     
   4.9999999999999996E-002  0.22161051276391636        10.685110469194978     
   5.4999999999999993E-002  0.24546092364165578        12.155691144086191     
   5.9999999999999991E-002  0.26906909422261732        13.727385867214272     
   6.4999999999999988E-002  0.29241172609268662        15.416370663713366     
   6.9999999999999993E-002  0.31546578289239796        17.241105378781278     
   7.4999999999999997E-002  0.33820851305104010        19.222918558806093     
   8.0000000000000002E-002  0.36061747223970941        21.386761911520502     
   8.5000000000000006E-002  0.38267054552115326        23.762194470345612     
   9.0000000000000011E-002  0.40434596917454246        26.384680436010150     
   9.5000000000000015E-002  0.42562235217363692        29.297318887108425     
  0.10000000000000002       0.44647869729714523        32.553172926005644     
  0.10500000000000002       0.46689442185044783        36.218437446657248     
  0.11000000000000003       0.48684937797823052        40.376789095325272     
  0.11500000000000003       0.50632387254798650        45.135414752357278     
  0.12000000000000004       0.52529868658475953        50.633439106394313     
  0.12500000000000003       0.54375509423795243        57.053801677896253     
  0.13000000000000003       0.56167488126148057        64.640118701420320     
  0.13500000000000004       0.57904036298903372        73.720777103440184     
  0.14000000000000004       0.59583440178670699        84.743546757461104     
  0.14500000000000005       0.61204042396577596        98.325498543332344     
  0.15000000000000005       0.62764243613892645        115.32514971925156     
  0.15500000000000005       0.64262504100379758        136.94671190698335     
  0.16000000000000006       0.65697345253825934        164.89023359339546     
  0.16500000000000006       0.67067351059243197        201.56625477084646     
  0.17000000000000007       0.68371169486304406        250.39874708013610     
  0.17500000000000007       0.69607513823633971        316.24385861403653     
  0.18000000000000008       0.70775163948636588        405.95031713816388     
  0.18500000000000008       0.71872967531610998        529.07235983703208     
  0.19000000000000009       0.72899841172960234        698.70404317790735     
  0.19500000000000009       0.73854771472376246        932.31443996545340     
  0.20000000000000009       0.74736816028943642        1252.3033839226982     
  0.20500000000000010       0.75545104371175609        1685.7556417420192     
  0.21000000000000010       0.76278838816064221        2262.5811597099255     
  0.21500000000000011       0.76937295256297178        3011.0212301484662     
  0.22000000000000011       0.77519823874864402        3949.6497538443145     
  0.22500000000000012       0.78025849786348889        5075.8901344923179     
  0.23000000000000012       0.78454873604269260        6352.9717544296291     
  0.23500000000000013       0.78806471933913891        7699.8637329423727     
  0.24000000000000013       0.79080297790180409        8990.7284284456837     
  0.24500000000000013       0.79276080940008076        10069.687850234375     
  0.25000000000000011       0.79393628169065200        10781.626116632819     
  0.25500000000000012       0.79432823472428338        11011.485946377070     
  0.26000000000000012       0.79393628169065189        10717.633837893998     
  0.26500000000000012       0.79276080940008076        9944.8307313080877     
  0.27000000000000013       0.79080297790180398        8810.7623178384165     
  0.27500000000000013       0.78806471933913880        7472.3196526796164     
  0.28000000000000014       0.78454873604269237        6086.1746139624302     
  0.28500000000000014       0.78025849786348866        4778.0677133613281     
  0.29000000000000015       0.77519823874864380        3628.2745646689691     
  0.29500000000000015       0.76937295256297145        2672.4308967228808     
  0.30000000000000016       0.76278838816064187        1911.8457847582740     
  0.30500000000000016       0.75545104371175575        1326.7213508057339     
  0.31000000000000016       0.74736816028943609        887.73613505524600     
  0.31500000000000017       0.73854771472376213        564.08320309533906     
  0.32000000000000017       0.72899841172960189        327.96371786802501     
  0.32500000000000018       0.71872967531610954        156.42567714528491     
  0.33000000000000018       0.70775163948636532        31.581181370018385     
  0.33500000000000019       0.69607513823633926       -59.977769857710541     
  0.34000000000000019       0.68371169486304362       -128.03927821557738     
  0.34500000000000020       0.67067351059243141       -179.62593940093916     
  0.35000000000000020       0.65697345253825878       -219.72334017843309     
  0.35500000000000020       0.64262504100379703       -251.85222502527790     
  0.36000000000000021       0.62764243613892590       -278.49601158304631     
  0.36500000000000021       0.61204042396577518       -301.41023770627146     
  0.37000000000000022       0.59583440178670632       -321.84204829991620     
  0.37500000000000022       0.57904036298903283       -340.68394457095337     
  0.38000000000000023       0.56167488126147969       -358.58074499749898     
  0.38500000000000023       0.54375509423795143       -376.00379059966531     
  0.39000000000000024       0.52529868658475865       -393.30244324471994     
  0.39500000000000024       0.50632387254798550       -410.73992350358174     
  0.40000000000000024       0.48684937797822958       -428.51836618264417     
  0.40500000000000025       0.46689442185044694       -446.79644596286369     
  0.41000000000000025       0.44647869729714429       -465.70186937292442     
  0.41500000000000026       0.42562235217363603       -485.34030517959775     
  0.42000000000000026       0.40434596917454130       -505.80183135153186     
  0.42500000000000027       0.38267054552115221       -527.16564049821341     
  0.43000000000000027       0.36061747223970825       -549.50351666755387     
  0.43500000000000028       0.33820851305103905       -572.88244005879210     
  0.44000000000000028       0.31546578289239674       -597.36656912170156     
  0.44500000000000028       0.29241172609268551       -623.01877582477709     
  0.45000000000000029       0.26906909422261599       -649.90185889909105     
  0.45500000000000029       0.24546092364165453       -678.07952439189660     
  0.46000000000000030       0.22161051276391486       -707.61719802158984     
  0.46500000000000030       0.19754139906543897       -738.58271630791876     
  0.47000000000000031       0.17327733585554764       -771.04693100699160     
  0.47500000000000031       0.14884226883519283       -805.08425246793013     
  0.48000000000000032       0.12426031246544290       -840.77315108485561     
  0.48500000000000032        9.9555726169418560E-002  -878.19663130743595     
  0.49000000000000032        7.4752890391173860E-002  -917.44268917976126     
  0.49500000000000033        4.9876282535138546E-002  -958.60476173672521     
  0.50000000000000033        2.4950452809877954E-002  -1001.7821745386442     
  0.50500000000000034       -1.6664858375887644E-015  -1047.0805919795280     
  0.51000000000000034       -2.4950452809880928E-002  -1094.6124736222073     
  0.51500000000000035       -4.9876282535141862E-002  -1144.4975385889088     
  0.52000000000000035       -7.4752890391176829E-002  -1196.8632388870212     
  0.52500000000000036       -9.9555726169421890E-002  -1251.8452414126903     
  0.53000000000000036      -0.12426031246544586       -1309.5879171985634     
  0.53500000000000036      -0.14884226883519575       -1370.2448352180013     
  0.54000000000000037      -0.17327733585555058       -1433.9792567004044     
  0.54500000000000037      -0.19754139906544188       -1500.9646244421792     
  0.55000000000000038      -0.22161051276391808       -1571.3850400300521     
  0.55500000000000038      -0.24546092364165736       -1645.4357202796987     
  0.56000000000000039      -0.26906909422261915       -1723.3234226410848     
  0.56500000000000039      -0.29241172609268828       -1805.2668280278515     
  0.57000000000000040      -0.31546578289239979       -1891.4968688217848     
  0.57500000000000040      -0.33820851305104177       -1982.2569902204361     
  0.58000000000000040      -0.36061747223971125       -2077.8033354862905     
  0.58500000000000041      -0.38267054552115481       -2178.4048513444300     
  0.59000000000000041      -0.40434596917454424       -2284.3433208071319     
  0.59500000000000042      -0.42562235217363853       -2395.9133502055906     
  0.60000000000000042      -0.44647869729714701       -2513.4223699370887     
  0.60500000000000043      -0.46689442185044933       -2637.1907615840587     
  0.61000000000000043      -0.48684937797823197       -2767.5523084623878     
  0.61500000000000044      -0.50632387254798805       -2904.8552985401598     
  0.62000000000000044      -0.52529868658476087       -3049.4648122108315     
  0.62500000000000044      -0.54375509423795387       -3201.7670383331920     
  0.63000000000000045      -0.56167488126148180       -3362.1769324732099     
  0.63500000000000045      -0.57904036298903505       -3531.1512364447472     
  0.64000000000000046      -0.59583440178670832       -3709.2099232359551     
  0.64500000000000046      -0.61204042396577729       -3896.9706579090625     
  0.65000000000000047      -0.62764243613892767       -4095.2030514336911     
  0.65500000000000047      -0.64262504100379869       -4304.9125276856294     
  0.66000000000000048      -0.65697345253826067       -4527.4676782919869     
  0.66500000000000048      -0.67067351059243308       -4764.7900038308990     
  0.67000000000000048      -0.68371169486304517       -5019.6303649638576     
  0.67500000000000049      -0.69607513823634048       -5295.9605608923048     
  0.68000000000000049      -0.70775163948636666       -5599.5072140520178     
  0.68500000000000050      -0.71872967531611087       -5938.4406480699181     
  0.69000000000000050      -0.72899841172960322       -6324.1899617912068     
  0.69500000000000051      -0.73854771472376313       -6772.2666679765625     
  0.70000000000000051      -0.74736816028943698       -7302.8198298080451     
  0.70500000000000052      -0.75545104371175686       -7940.4040466320475     
  0.71000000000000052      -0.76278838816064276       -8712.1512611791495     
  0.71500000000000052      -0.76937295256297222       -9643.3289323941972     
  0.72000000000000053      -0.77519823874864435       -10749.415236342968     
  0.72500000000000053      -0.78025849786348933       -12024.711481759059     
  0.73000000000000054      -0.78454873604269293       -13429.412957912682     
  0.73500000000000054      -0.78806471933913913       -14879.670479366032     
  0.74000000000000055      -0.79080297790180432       -16247.176998302799     
  0.74500000000000055      -0.79276080940008087       -17374.062241614869     
  0.75000000000000056      -0.79393628169065200       -18103.807224492339     
  0.75500000000000056      -0.79432823472428338       -18320.625706265884     
  0.76000000000000056      -0.79393628169065189       -17982.878290172564     
  0.76500000000000057      -0.79276080940008053       -17136.050421674976     
  0.77000000000000057      -0.79080297790180376       -15899.247280722266     
  0.77500000000000058      -0.78806471933913858       -14431.399663483877     
  0.78000000000000058      -0.78454873604269215       -12891.732897241178     
  0.78500000000000059      -0.78025849786348833       -11408.926652386057     
  0.79000000000000059      -0.77519823874864324       -10066.443590912557     
  0.79500000000000060      -0.76937295256297100       -8903.2180281051715     
  0.80000000000000060      -0.76278838816064121       -7923.8438857791743     
  0.80500000000000060      -0.75545104371175520       -7111.6872366873222     
  0.81000000000000061      -0.74736816028943531       -6440.3848017526125     
  0.81500000000000061      -0.73854771472376124       -5881.8208753685703     
  0.82000000000000062      -0.72899841172960100       -5410.5825430531731     
  0.82500000000000062      -0.71872967531610865       -5005.7803979394739     
  0.83000000000000063      -0.70775163948636455       -4651.2646662028228     
  0.83500000000000063      -0.69607513823633804       -4335.0529138150723     
  0.84000000000000064      -0.68371169486304240       -4048.4912649868070     
  0.84500000000000064      -0.67067351059243030       -3785.4271764014961     
  0.85000000000000064      -0.65697345253825767       -3541.5112423766413     
  0.85500000000000065      -0.64262504100379558       -3313.6562554832890     
  0.86000000000000065      -0.62764243613892456       -3099.6402148955335     
  0.86500000000000066      -0.61204042396577396       -2897.8255860131603     
  0.87000000000000066      -0.59583440178670499       -2706.9660159627965     
  0.87500000000000067      -0.57904036298903172       -2526.0759287830610     
  0.88000000000000067      -0.56167488126147802       -2354.3439445205418     
  0.88500000000000068      -0.54375509423794999       -2191.0761557069309     
  0.89000000000000068      -0.52529868658475709       -2035.6593905132515     
  0.89500000000000068      -0.50632387254798417       -1887.5376593232818     
  0.90000000000000069      -0.48684937797822769       -1746.1971806691918     
  0.90500000000000069      -0.46689442185044500       -1611.1569148381714     
  0.91000000000000070      -0.44647869729714262       -1481.9625803619101     
  0.91500000000000070      -0.42562235217363426       -1358.1828336633612     
  0.92000000000000071      -0.40434596917453930       -1239.4067617183696     
  0.92500000000000071      -0.38267054552115010       -1125.2421473980380     
  0.93000000000000071      -0.36061747223970647       -1015.3141697338085     
  0.93500000000000072      -0.33820851305103722       -909.26433255718382     
  0.94000000000000072      -0.31546578289239524       -806.74949901426180     
  0.94500000000000073      -0.29241172609268329       -707.44096254554029     
  0.95000000000000073      -0.26906909422261410       -611.02351783514382     
  0.95500000000000074      -0.24546092364165259       -517.19451510837359     
  0.96000000000000074      -0.22161051276391322       -425.66289269612821     
  0.96500000000000075      -0.19754139906543666       -336.14818907311508     
  0.97000000000000075      -0.17327733585554533       -248.37953862523642     
  0.97500000000000075      -0.14884226883519083       -162.09465651165357     
  0.98000000000000076      -0.12426031246544092       -77.038817994444855     
  0.98500000000000076       -9.9555726169416228E-002   7.0361629570039952     
  0.99000000000000077       -7.4752890391171500E-002   90.372951787409789     
  0.99500000000000077       -4.9876282535136526E-002   173.20970505029180     
   1.0000000000000007       -2.4950452809875932E-002   255.78107328809406     
   1.0050000000000006        3.3329716751775287E-015   338.31919332209736     
   1.0100000000000005        2.4950452809881892E-002   421.05466859653131     
   1.0150000000000003        4.9876282535142473E-002   504.21753642802167     
   1.0200000000000002        7.4752890391176732E-002   588.03822099345609     
   1.0250000000000001        9.9555726169420738E-002   672.74847064107166     
   1.0300000000000000       0.12426031246544471        758.58227762847650     
   1.0349999999999999       0.14884226883519391        845.77677767927582     
   1.0399999999999998       0.17327733585554839        934.57312581425481     
   1.0449999999999997       0.19754139906543905        1025.2173437721169     
   1.0499999999999996       0.22161051276391494        1117.9611330269045     
   1.0549999999999995       0.24546092364165362        1213.0626460046892     
   1.0599999999999994       0.26906909422261510        1310.7872067258672     
   1.0649999999999993       0.29241172609268362        1411.4079709600437     
   1.0699999999999992       0.31546578289239485        1515.2065154206939     
   1.0749999999999991       0.33820851305103622        1622.4733460919922     
   1.0799999999999990       0.36061747223970486        1733.5083183299205     
   1.0849999999999989       0.38267054552114860        1848.6209672462635     
   1.0899999999999987       0.40434596917453719        1968.1307581189244     
   1.0949999999999986       0.42562235217363165        2092.3672863073575     
   1.0999999999999985       0.44647869729713940        2221.6704891462023     
   1.1049999999999984       0.46689442185044189        2356.3909857376802     
   1.1099999999999983       0.48684937797822408        2496.8907452909525     
   1.1149999999999982       0.50632387254798006        2643.5444168851509     
   1.1199999999999981       0.52529868658475265        2796.7418574176163     
   1.1249999999999980       0.54375509423794510        2956.8927057368583     
   1.1299999999999979       0.56167488126147336        3124.4343217123069     
   1.1349999999999978       0.57904036298902617        3299.8451142388221     
   1.1399999999999977       0.59583440178669955        3483.6663270108893     
   1.1449999999999976       0.61204042396576819        3676.5368768910266     
   1.1499999999999975       0.62764243613891901        3879.2480250475828     
   1.1549999999999974       0.64262504100378992        4092.8277025890930     
   1.1599999999999973       0.65697345253825190        4318.6683642419430     
   1.1649999999999971       0.67067351059242442        4558.7172636797004     
   1.1699999999999970       0.68371169486303651        4815.7534640747426     
   1.1749999999999969       0.69607513823633238        5093.7799846633698     
   1.1799999999999968       0.70775163948635866        5398.5582375546064     
   1.1849999999999967       0.71872967531610310        5738.2974077778090     
   1.1899999999999966       0.72899841172959556        6124.4699353066799     
   1.1949999999999965       0.73854771472375613        6572.6354138836105     
   1.1999999999999964       0.74736816028943021        7102.9957781999683     
   1.2049999999999963       0.75545104371175054        7740.1630654777910     
   1.2099999999999962       0.76278838816063688        8511.3306610127383     
   1.2149999999999961       0.76937295256296678        9441.8305208919810     
   1.2199999999999960       0.77519823874863958        10547.207006259832     
   1.2249999999999959       0.78025849786348500        11821.827522201300     
   1.2299999999999958       0.78454873604268927        13225.951230361738     
   1.2349999999999957       0.78806471933913613        14675.788202359356     
   1.2399999999999956       0.79080297790180198        16043.083537294558     
   1.2449999999999954       0.79276080940007931        17170.009593201059     
   1.2499999999999953       0.79393628169065122        17900.078397267047     
   1.2549999999999952       0.79432823472428338        18117.521506909470     
   1.2599999999999951       0.79393628169065267        17780.703192675704     
   1.2649999999999950       0.79276080940008220        16935.098302583079     
   1.2699999999999949       0.79080297790180643        15699.787825813371     
   1.2749999999999948       0.78806471933914202        14233.666186825809     
   1.2799999999999947       0.78454873604269659        12695.912172378325     
   1.2849999999999946       0.78025849786349377        11215.151160170040     
   1.2899999999999945       0.77519823874864979        9874.7863690646991     
   1.2949999999999944       0.76937295256297866        8713.6900945012585     
   1.2999999999999943       0.76278838816064998        7736.3940260580202     
   1.3049999999999942       0.75545104371176475        6926.2038135377607     
   1.3099999999999941       0.74736816028944641        6256.6991644718610     
   1.3149999999999940       0.73854771472377334        5699.7119214015383     
   1.3199999999999938       0.72899841172961433        5229.7819992915083     
   1.3249999999999937       0.71872967531612286        4825.9784364177885     
   1.3299999999999936       0.70775163948638031        4472.1155338568406     
   1.3349999999999935       0.69607513823635514        4156.1803280362810     
   1.3399999999999934       0.68371169486306038        3869.4933972684958     
   1.3449999999999933       0.67067351059244928        3605.8811097163252     
   1.3499999999999932       0.65697345253827832        3360.9768409509334     
   1.3549999999999931       0.64262504100381757        3131.6794272900424     
   1.3599999999999930       0.62764243613894743        2915.7555778660171     
   1.3649999999999929       0.61204042396579872        2711.5585699208141     
   1.3699999999999928       0.59583440178673075        2517.8344448270327     
   1.3749999999999927       0.57904036298905837        2333.5911352238104     
   1.3799999999999926       0.56167488126150611        2158.0114693975756     
   1.3849999999999925       0.54375509423797985        1990.3960850085778     
   1.3899999999999924       0.52529868658478784        1830.1263779587084     
   1.3949999999999922       0.50632387254801570        1676.6406783936350     
   1.3999999999999921       0.48684937797826178        1529.4190444341596     
   1.4049999999999920       0.46689442185047991        1387.9735964541899     
   1.4099999999999919       0.44647869729717821        1251.8423617844951     
   1.4149999999999918       0.42562235217367067        1120.5853051269669     
   1.4199999999999917       0.40434596917457827        993.78168999088916     
   1.4249999999999916       0.38267054552118979        871.02822675422692     
   1.4299999999999915       0.36061747223974677        751.93766601354480     
   1.4349999999999914       0.33820851305107819        636.13762755627693     
   1.4399999999999913       0.31546578289243810        523.26953976047912     
   1.4449999999999912       0.29241172609272736        412.98761769632819     
   1.4499999999999911       0.26906909422265868        304.95784145174548     
   1.4549999999999910       0.24546092364169902        198.85691637092123     
   1.4599999999999909       0.22161051276396013        94.371208688052207     
   1.4649999999999908       0.19754139906548462       -8.8043434512584895     
   1.4699999999999906       0.17327733585559360       -110.96734034426942     
   1.4749999999999905       0.14884226883524082       -212.40904793654522     
   1.4799999999999904       0.12426031246549117       -313.41553718071583     
   1.4849999999999903        9.9555726169467423E-002  -414.26883125348746     
   1.4899999999999902        7.4752890391224278E-002  -515.24805697634361     
   1.4949999999999901        4.9876282535189428E-002  -616.63059745110172     
   1.4999999999999900        2.4950452809928917E-002  -718.69324348199063     
   1.5049999999999899        4.9677195195880527E-014  -821.71334172985803     
   1.5099999999999898       -2.4950452809828199E-002  -925.96993767913057     
   1.5149999999999897       -4.9876282535088877E-002  -1031.7449113592284     
   1.5199999999999896       -7.4752890391123969E-002  -1139.3241033205513     
   1.5249999999999895       -9.9555726169368849E-002  -1248.9984275962036     
   1.5299999999999894      -0.12426031246539167       -1361.0649672579507     
   1.5349999999999893      -0.14884226883514184       -1475.8280466733327     
   1.5399999999999892      -0.17327733585549668       -1593.6002726646745     
   1.5449999999999890      -0.19754139906538701       -1714.7035344410501     
   1.5499999999999889      -0.22161051276386329       -1839.4699494137324     
   1.5549999999999888      -0.24546092364160316       -1968.2427388338681     
   1.5599999999999887      -0.26906909422256520       -2101.3770136733456     
   1.5649999999999886      -0.29241172609263366       -2239.2404474476180     
   1.5699999999999885      -0.31546578289234556       -2382.2138090211215     
   1.5749999999999884      -0.33820851305098820       -2530.6913253069661     
   1.5799999999999883      -0.36061747223965823       -2685.0808419485697     
   1.5849999999999882      -0.38267054552110152       -2845.8037508014331     
   1.5899999999999881      -0.40434596917449156       -3013.2946582967911     
   1.5949999999999880      -0.42562235217358685       -3188.0007816438147     
   1.5999999999999879      -0.44647869729709500       -3370.3810850576856     
   1.6049999999999878      -0.46689442185039842       -3560.9052130266855     
   1.6099999999999877      -0.48684937797818223       -3760.0523530248106     
   1.6149999999999876      -0.50632387254793920       -3968.3102825439546     
   1.6199999999999875      -0.52529868658471224       -4186.1750495083779     
   1.6249999999999873      -0.54375509423790636       -4414.1520375150258     
   1.6299999999999872      -0.56167488126143583       -4652.7596312300084     
   1.6349999999999871      -0.57904036298898942       -4902.5373992861014     
   1.6399999999999870      -0.59583440178666414       -5164.0617595176245     
   1.6449999999999869      -0.61204042396573444       -5437.9736288777276     
   1.6499999999999868      -0.62764243613888648       -5725.0247698993853     
   1.6549999999999867      -0.64262504100375839       -6026.1526285166110     
   1.6599999999999866      -0.65697345253822170       -6342.5975737846811     
   1.6649999999999865      -0.67067351059239610       -6676.0815620582653     
   1.6699999999999864      -0.68371169486300987       -7029.0727932970576     
   1.6749999999999863      -0.69607513823630651       -7405.1651762513011     
   1.6799999999999862      -0.70775163948633446       -7809.6003714562703     
   1.6849999999999861      -0.71872967531608045       -8249.9459098053158     
   1.6899999999999860      -0.72899841172957425       -8736.9016376131785     
   1.6949999999999859      -0.73854771472373637       -9285.1181345966597     
   1.6999999999999857      -0.74736816028941222       -9913.7515008049268     
   1.7049999999999856      -0.75545104371173410       -10646.237417428925     
   1.7099999999999855      -0.76278838816062189       -11508.476944171111     
   1.7149999999999854      -0.76937295256295368       -12524.417810622394     
   1.7199999999999853      -0.77519823874862803       -13708.162538376178     
   1.7249999999999852      -0.78025849786347490       -15052.623436853431     
   1.7299999999999851      -0.78454873604268094       -16516.644484033495     
   1.7349999999999850      -0.78806471933912958       -18015.119941467099     
   1.7399999999999849      -0.79080297790179699       -19418.640471303406     
   1.7449999999999848      -0.79276080940007598       -20568.445159138384     
   1.7499999999999847      -0.79393628169064945       -21307.386253983277     
   1.7549999999999846      -0.79432823472428338       -21519.348806035079     
   1.7599999999999845      -0.79393628169065433       -21162.686890821904     
   1.7649999999999844      -0.79276080940008564       -20283.205179908808     
   1.7699999999999843      -0.79080297790181142       -19000.638308219823     
   1.7749999999999841      -0.78806471933914868       -17474.823646642588     
   1.7799999999999840      -0.78454873604270503       -15866.122854008761     
   1.7849999999999839      -0.78025849786350387       -14304.524684661392     
   1.7899999999999838      -0.77519823874866145       -12874.912179657844     
   1.7949999999999837      -0.76937295256299165       -11617.690461065031     
   1.7999999999999836      -0.76278838816066497       -10538.918703601434     
   1.8049999999999835      -0.75545104371178140       -9623.3747422627421     
   1.8099999999999834      -0.74736816028946418       -8846.0155485287596     
   1.8149999999999833      -0.73854771472379321       -8179.9266937485008     
   1.8199999999999832      -0.72899841172963564       -7600.7602901761602     
   1.8249999999999831      -0.71872967531614562       -7088.5475122855059     
   1.8299999999999830      -0.70775163948640407       -6627.9140730608287     
   1.8349999999999829      -0.69607513823638090       -6207.5131238752001     
   1.8399999999999828      -0.68371169486308780       -5819.1958387488621     
   1.8449999999999827      -0.67067351059247804       -5457.1962269501164     
   1.8499999999999825      -0.65697345253830775       -5117.4463921380948     
   1.8549999999999824      -0.64262504100384910       -4797.0494739051264     
   1.8599999999999823      -0.62764243613898030       -4493.8962345795353     
   1.8649999999999822      -0.61204042396583203       -4206.3970951555857     
   1.8699999999999821      -0.59583440178676628       -3933.3005157523921     
   1.8749999999999820      -0.57904036298909511       -3673.5729843569416     
   1.8799999999999819      -0.56167488126154408       -3426.3215086090959     
   1.8849999999999818      -0.54375509423801793       -3190.7446719357577     
   1.8899999999999817      -0.52529868658482815       -2966.1024614317771     
   1.8949999999999816      -0.50632387254805711       -2751.6981716996133     
   1.8999999999999815      -0.48684937797830313       -2546.8679020280715     
   1.9049999999999814      -0.46689442185052332       -2350.9746998104597     
   1.9099999999999813      -0.44647869729722267       -2163.4054459935942     
   1.9149999999999812      -0.42562235217371602       -1983.5692750006770     
   1.9199999999999811      -0.40434596917462323       -1810.8967803665869     
   1.9249999999999809      -0.38267054552123686       -1644.8395553834634     
   1.9299999999999808      -0.36061747223979462       -1484.8698088647129     
   1.9349999999999807      -0.33820851305112676       -1330.4799161576616     
   1.9399999999999806      -0.31546578289248606       -1181.1818393130920     
   1.9449999999999805      -0.29241172609277732       -1036.5063942227794     
   1.9499999999999804      -0.26906909422270925       -896.00236738998092     
   1.9549999999999803      -0.24546092364174876       -759.23549791273160     
   1.9599999999999802      -0.22161051276401167       -625.78734586504959     
   1.9649999999999801      -0.19754139906553664       -495.25406954614596     
   1.9699999999999800      -0.17327733585564606       -367.24513293806183     
   1.9749999999999799      -0.14884226883529222       -241.38196236588283     
   1.9799999999999798      -0.12426031246554424       -117.29656853012762     
   1.9849999999999797       -9.9555726169520728E-002   5.3698527813551777     
   1.9899999999999796       -7.4752890391276347E-002   126.96833064020433     
   1.9949999999999795       -4.9876282535241630E-002   247.84353121425170     
   1.9999999999999793       -2.4950452809982607E-002   368.33516579838107     
   2.0049999999999795       -1.0339286726317919E-013   488.77938957184131     
   2.0099999999999794        2.4950452809775921E-002   609.51018699133465     
   2.0149999999999793        4.9876282535036669E-002   730.86074025948199     
   2.0199999999999791        7.4752890391071899E-002   853.16477739564345     
   2.0249999999999790        9.9555726169316947E-002   976.75789608319997     
   2.0299999999999789       0.12426031246533999        1101.9788586708164     
   2.0349999999999788       0.14884226883509047        1229.1708524578889     
   2.0399999999999787       0.17327733585544561        1358.6827076865520     
   2.0449999999999786       0.19754139906533769        1490.8700634881639     
   2.0499999999999785       0.22161051276381308        1626.0964693942265     
   2.0549999999999784       0.24546092364155342        1764.7344069493947     
   2.0599999999999783       0.26906909422251596        1907.1662125293235     
   2.0649999999999782       0.29241172609258503        2053.7848788182905     
   2.0699999999999781       0.31546578289229754        2204.9947088130989     
   2.0749999999999780       0.33820851305094091        2361.2117931620396     
   2.0799999999999779       0.36061747223961166        2522.8642799000886     
   2.0849999999999778       0.38267054552105573        2690.3924064574626     
   2.0899999999999777       0.40434596917444654        2864.2482691796449     
   2.0949999999999775       0.42562235217354272        3044.8953185839323     
   2.0999999999999774       0.44647869729705170        3232.8075939357914     
   2.1049999999999773       0.46689442185035612        3428.4687556975514     
   2.1099999999999772       0.48684937797814087        3632.3710499520339     
   2.1149999999999771       0.50632387254789890        3845.0144615367039     
   2.1199999999999770       0.52529868658467316        4066.9065069771805     
   2.1249999999999769       0.54375509423786828        4298.5634208393067     
   2.1299999999999768       0.56167488126139886        4540.5139531181012     
   2.1349999999999767       0.57904036298895456        4793.3076973399620     
   2.1399999999999766       0.59583440178662950        5057.5309164778109     
   2.1449999999999765       0.61204042396570113        5333.8343710505069     
   2.1499999999999764       0.62764243613885451        5622.9798628138751     
   2.1549999999999763       0.64262504100372753        5925.9152895973530     
   2.1599999999999762       0.65697345253819228        6243.8921213198728     
   2.1649999999999761       0.67067351059236802        6578.6443174582710     
   2.1699999999999759       0.68371169486298322        6932.6532489329911     
   2.1749999999999758       0.69607513823628131        7309.5274333318666     
   2.1799999999999757       0.70775163948631070        7714.5248407323197     
   2.1849999999999756       0.71872967531605814        8155.2312517795726     
   2.1899999999999755       0.72899841172955349        8642.3668980403509     
   2.1949999999999754       0.73854771472371716        9190.6050055352298     
   2.1999999999999753       0.74736816028939457        9819.1266082164911     
   2.2049999999999752       0.75545104371171790        10551.394505203292     
   2.2099999999999751       0.76278838816060723        11413.338794563399     
   2.2149999999999750       0.76937295256294058        12428.937716713957     
   2.2199999999999749       0.77519823874861660        13612.325130571327     
   2.2249999999999748       0.78025849786346535        14956.444668199034     
   2.2299999999999747       0.78454873604267272        16420.170603229701     
   2.2349999999999746       0.78806471933912292        17918.425330774386     
   2.2399999999999745       0.79080297790179210        19321.824298744054     
   2.2449999999999743       0.79276080940007265        20471.626885715028     
   2.2499999999999742       0.79393628169064789        21210.700137811931     
   2.2549999999999741       0.79432823472428338        21422.937643443671     
   2.2599999999999740       0.79393628169065600        21066.695315211473     
   2.2649999999999739       0.79276080940008886        20187.772889527456     
   2.2699999999999738       0.79080297790181642        18905.893605277706     
   2.2749999999999737       0.78806471933915523        17380.877640167440     
   2.2799999999999736       0.78454873604271302        15773.064612305694     
   2.2849999999999735       0.78025849786351364        14212.417530897197     
   2.2899999999999734       0.77519823874867289        12783.791220083740     
   2.2949999999999733       0.76937295256300475        11527.561334213453     
   2.2999999999999732       0.76278838816067951        10449.757452504469     
   2.3049999999999731       0.75545104371179761        9535.1286482067171     
   2.3099999999999730       0.74736816028948183        8758.6047271295756     
   2.3149999999999729       0.73854771472381187        8093.2462410287471     
   2.3199999999999728       0.72899841172965640        7514.6827736401337     
   2.3249999999999726       0.71872967531616794        7002.9256239775423     
   2.3299999999999725       0.70775163948642772        6542.5832922731097     
   2.3349999999999724       0.69607513823640610        6122.2942712604945     
   2.3399999999999723       0.68371169486311434        5733.8974370256165     
   2.3449999999999722       0.67067351059250602        5371.6166134408122     
   2.3499999999999721       0.65697345253833717        5031.3755535697519     
   2.3549999999999720       0.64262504100387985        4710.2705937143492     
   2.3599999999999719       0.62764243613901238        4406.1869575779701     
   2.3649999999999718       0.61204042396586533        4117.5305244133851     
   2.3699999999999717       0.59583440178679992        3843.0459627317091     
   2.3749999999999716       0.57904036298913097        3581.6964965016568     
   2.3799999999999715       0.56167488126158105        3332.5861995428922     
   2.3849999999999714       0.54375509423805612        3094.9108788065596     
   2.3899999999999713       0.52529868658486745        2867.9277523068322     
   2.3949999999999712       0.50632387254809741        2650.9372236832623     
   2.3999999999999710       0.48684937797834449        2443.2722682513718     
   2.4049999999999709       0.46689442185056457        2244.2924808460430     
   2.4099999999999708       0.44647869729726597        2053.3808787244857     
   2.4149999999999707       0.42562235217376032        1869.9422496064117     
   2.4199999999999706       0.40434596917466842        1693.4022939327751     
   2.4249999999999705       0.38267054552128277        1523.2071087103736     
   2.4299999999999704       0.36061747223984125        1358.8227513485251     
   2.4349999999999703       0.33820851305117411        1199.7347421330790     
   2.4399999999999702       0.31546578289253407        1045.4474379607402     
   2.4449999999999701       0.29241172609282595        895.48325403860520     
   2.4499999999999700       0.26906909422275843        749.38173526567334     
   2.4549999999999699       0.24546092364179850        606.69849206592517     
   2.4599999999999698       0.22161051276406055        467.00402116787967     
   2.4649999999999697       0.19754139906558729        329.88243321546702     
   2.4699999999999696       0.17327733585569710        194.93010805797383     
   2.4749999999999694       0.14884226883534357        61.754296305072728     
   2.4799999999999693       0.12426031246559589       -70.028317013270680     
   2.4849999999999692        9.9555726169572603E-002  -200.79307362666157     
   2.4899999999999691        7.4752890391328417E-002  -330.90881755449368     
   2.4949999999999690        4.9876282535293831E-002  -460.73937670353928     
   2.4999999999999689        2.4950452810034884E-002  -590.64504402512398     
   2.5049999999999688        1.5569752893799664E-013  -720.98405303771506     
   2.5099999999999687       -2.4950452809723644E-002  -852.11404336065311     
   2.5149999999999686       -4.9876282534983059E-002  -984.39351226841279     
   2.5199999999999685       -7.4752890391018414E-002  -1118.1832481578033     
   2.5249999999999684       -9.9555726169263656E-002  -1253.8477412158416     
   2.5299999999999683      -0.12426031246528833       -1391.7565654694108     
   2.5349999999999682      -0.14884226883503771       -1532.2857247678621     
   2.5399999999999681      -0.17327733585539321       -1675.8189530721263     
   2.5449999999999680      -0.19754139906528570       -1822.7489566723825     
   2.5499999999999678      -0.22161051276376284       -1973.4785826142363     
   2.5549999999999677      -0.24546092364150368       -2128.4218936824304     
   2.5599999999999676      -0.26906909422246544       -2288.0051258161634     
   2.5649999999999675      -0.29241172609253513       -2452.6674989264616     
   2.5699999999999674      -0.31546578289224958       -2622.8618469906760     
   2.5749999999999673      -0.33820851305089233       -2799.0550284435608     
   2.5799999999999672      -0.36061747223956253       -2981.7280740067281     
   2.5849999999999671      -0.38267054552100982       -3171.3760274110682     
   2.5899999999999670      -0.40434596917440024       -3368.5074369158478     
   2.5949999999999669      -0.42562235217349847       -3573.6434651672721     
   2.5999999999999668      -0.44647869729700840       -3787.3166065035093     
   2.6049999999999667      -0.46689442185031260       -4010.0690415678537     
   2.6099999999999666      -0.48684937797809952       -4242.4507300692794     
   2.6149999999999665      -0.50632387254785749       -4485.0174603744181     
   2.6199999999999664      -0.52529868658463275       -4738.3292641991911     
   2.6249999999999662      -0.54375509423783008       -5002.9499028214050     
   2.6299999999999661      -0.56167488126136078       -5279.4485918110568     
   2.6349999999999660      -0.57904036298891681       -5568.4058316563451     
   2.6399999999999659      -0.59583440178659486       -5870.4262602523722     
   2.6449999999999658      -0.61204042396566682       -6186.1629859486784     
   2.6499999999999657      -0.62764243613882242       -6516.3600804785819     
   2.6549999999999656      -0.64262504100369677       -6861.9230132013645     
   2.6599999999999655      -0.65697345253816219       -7224.0309534775042     
   2.6649999999999654      -0.67067351059234004       -7604.3100228074927     
   2.6699999999999653      -0.68371169486295591       -8005.0921818212282     
   2.6749999999999652      -0.69607513823625544       -8429.7887618703007     
   2.6799999999999651      -0.70775163948628705       -8883.4066960958298     
   2.6849999999999650      -0.71872967531603538       -9373.2213414655853     
   2.6899999999999649      -0.72899841172953206       -9909.5786525443673     
   2.6949999999999648      -0.73854771472369785       -10506.710975994787     
   2.6999999999999647      -0.74736816028937636       -11183.291575727495     
   2.7049999999999645      -0.75545104371170091       -11962.211553169622     
   2.7099999999999644      -0.76278838816059269       -12868.772355955116     
   2.7149999999999643      -0.76937295256292726       -13926.278230043601     
   2.7199999999999642      -0.77519823874860527       -15148.160288781492     
   2.7249999999999641      -0.78025849786345536       -16526.652181586258     
   2.7299999999999640      -0.78454873604266429       -18019.936795839429     
   2.7349999999999639      -0.78806471933911637       -19542.292674130076     
   2.7399999999999638      -0.79080297790178700       -20963.769166403632     
   2.7449999999999637      -0.79276080940006921       -22125.166505799971     
   2.7499999999999636      -0.79393628169064623       -22869.025162118574     
   2.7549999999999635      -0.79432823472428338       -23079.064266325237     
   2.7599999999999634      -0.79393628169065766       -22713.628826961969     
   2.7649999999999633      -0.79276080940009219       -21818.673266854545     
   2.7699999999999632      -0.79080297790182141       -20514.233446143568     
   2.7749999999999631      -0.78806471933916178       -18960.583499813431     
   2.7799999999999629      -0.78454873604272135       -17318.634471756297     
   2.7849999999999628      -0.78025849786352364       -15719.009458897915     
   2.7899999999999627      -0.77519823874868421       -14247.280917306343     
   2.7949999999999626      -0.76937295256301808       -12944.568808141736     
   2.7999999999999625      -0.76278838816069450       -11817.645256864977     
   2.8049999999999624      -0.75545104371181371       -10851.975732769926     
   2.8099999999999623      -0.74736816028950004       -10023.160903770198     
   2.8149999999999622      -0.73854771472383218       -9304.8726092636061     
   2.8199999999999621      -0.72899841172967705       -8673.2832690217147     
   2.8249999999999620      -0.71872967531619081       -8108.8743006478417     
   2.8299999999999619      -0.70775163948645148       -7596.6511778129989     
   2.8349999999999618      -0.69607513823643141       -7125.5787712633110     
   2.8399999999999617      -0.68371169486314176       -6687.7564216241954     
   2.8449999999999616      -0.67067351059253411       -6277.6085573182208     
   2.8499999999999615      -0.65697345253836725       -5891.2064626249903     
   2.8549999999999613      -0.64262504100391149       -5525.7479486289430     
   2.8599999999999612      -0.62764243613904447       -5179.1805327903649     
   2.8649999999999611      -0.61204042396589964       -4849.9396857100992     
   2.8699999999999610      -0.59583440178683633       -4536.7728880573832     
   2.8749999999999609      -0.57904036298916672       -4238.6246818140880     
   2.8799999999999608      -0.56167488126161902       -3954.5635850788003     
   2.8849999999999607      -0.54375509423809631       -3683.7369441171727     
   2.8899999999999606      -0.52529868658490664       -3425.3439671473425     
   2.8949999999999605      -0.50632387254813882       -3178.6202956752468     
   2.8999999999999604      -0.48684937797838573       -2942.8296893443239     
   2.9049999999999603      -0.46689442185060803       -2717.2599374715455     
   2.9099999999999602      -0.44647869729731043       -2501.2211514973988     
   2.9149999999999601      -0.42562235217380440       -2294.0452852295466     
   2.9199999999999600      -0.40434596917471460       -2095.0861833739623     
   2.9249999999999599      -0.38267054552132979       -1903.7197512390617     
   2.9299999999999597      -0.36061747223988783       -1719.3440236193687     
   2.9349999999999596      -0.33820851305122268       -1541.3790254657185     
   2.9399999999999595      -0.31546578289258465       -1369.2663857449586     
   2.9449999999999594      -0.29241172609287452       -1202.4687053326425     
   2.9499999999999593      -0.26906909422280895       -1040.4687007176683     
   2.9549999999999592      -0.24546092364184824       -882.76815482595498     
   2.9599999999999591      -0.22161051276411212       -728.88670898700843     
   2.9649999999999590      -0.19754139906563931       -578.36052891275085     
   2.9699999999999589      -0.17327733585574812       -430.74087439191652     
   2.9749999999999588      -0.14884226883539634       -285.59259836998740     
   2.9799999999999587      -0.12426031246564893       -142.49259687666657     
   2.9849999999999586       -9.9555726169624478E-002  -1.0282272787593456     
   2.9899999999999585       -7.4752890391381902E-002   139.20429120924018     
   2.9949999999999584       -4.9876282535348850E-002   278.60148382565592     
   2.9999999999999583       -2.4950452810087165E-002   417.55422485901340     
