   3.3333333333333335E-003   0.0000000000000000        0.0000000000000000     
   6.6666666666666671E-003   3.3191498706794717E-004   1.4371008234898841E-002
   1.0000000000000000E-002   6.6368438525267351E-004   2.8707409391175904E-002
   1.3333333333333334E-002   9.9516266953105382E-004   4.3003012092497593E-002
   1.6666666666666666E-002   1.3262044425721444E-003   5.7251642418278507E-002
   2.0000000000000000E-002   1.6566644985132556E-003   7.1447146525452823E-002
   2.3333333333333334E-002   1.9863978866520460E-003   8.5583393262752633E-002
   2.6666666666666668E-002   2.3152599750266862E-003   9.9654276776680747E-002
   3.0000000000000002E-002   2.6431065138562224E-003  0.11365371910836594     
   3.3333333333333333E-002   2.9697936988132938E-003  0.12757567278048129     
   3.6666666666666667E-002   3.2951782341014658E-003  0.14141412337340467     
   4.0000000000000001E-002   3.6191173953095028E-003  0.15516309208979243     
   4.3333333333333335E-002   3.9414690920150089E-003  0.16881663830673169     
   4.6666666666666669E-002   4.2620919301099847E-003  0.18236886211463021     
   5.0000000000000003E-002   4.5808452738209599E-003  0.19581390684199407     
   5.3333333333333337E-002   4.8975893073964841E-003  0.20914596156523291     
   5.6666666666666671E-002   5.2121850964349454E-003  0.22235926360262975     
   6.0000000000000005E-002   5.5244946488257809E-003  0.23544810099159239     
   6.3333333333333339E-002   5.8343809752773876E-003  0.24840681494830374     
   6.6666666666666666E-002   6.1417081494051420E-003  0.26122980230887144     
   6.9999999999999993E-002   6.4463413673532151E-003  0.27391151795106605     
   7.3333333333333320E-002   6.7481470069239930E-003  0.28644647719573108     
   7.6666666666666647E-002   7.0469926861891899E-003  0.29882925818693112     
   7.9999999999999974E-002   7.3427473215569366E-003  0.31105450424989611     
   8.3333333333333301E-002   7.6352811852693821E-003  0.32311692622580823     
   8.6666666666666628E-002   7.9244659623055654E-003  0.33501130478246399     
   8.9999999999999955E-002   8.2101748066646333E-003  0.34673249269983925     
   9.3333333333333282E-002   8.4922823970046812E-003  0.35827541712956418     
   9.6666666666666609E-002   8.7706649916128501E-003  0.36963508182731614     
   9.9999999999999936E-002   9.0452004826825031E-003  0.38080656935711921     
  0.10333333333333326        9.3157684498737844E-003  0.39178504326653679     
  0.10666666666666659        9.5822502131339242E-003  0.40256575023172619     
  0.10999999999999992        9.8445288847542507E-003  0.41314402217132817     
  0.11333333333333324        1.0102489420641004E-002  0.42351527832814378     
  0.11666666666666657        1.0356018670777468E-002  0.43367502731755786     
  0.11999999999999990        1.0605005428855310E-002  0.44361886914165027     
  0.12333333333333323        1.0849340481053351E-002  0.45334249716794295     
  0.12666666666666657        1.1088916653942342E-002  0.46284170007171943     
  0.12999999999999989        1.1323628861494796E-002  0.47211236374085680     
  0.13333333333333322        1.1553374151179163E-002  0.48115047314210557     
  0.13666666666666655        1.1778051749118237E-002  0.48995211414776069     
  0.13999999999999987        1.1997563104291897E-002  0.49851347532165363     
  0.14333333333333320        1.2211811931764849E-002  0.50683084966342429     
  0.14666666666666653        1.2420704254920369E-002  0.51490063631000738     
  0.14999999999999986        1.2624148446681568E-002  0.52271934219330007     
  0.15333333333333318        1.2822055269702044E-002  0.53028358365296702     
  0.15666666666666651        1.3014337915508338E-002  0.53759008800336594     
  0.15999999999999984        1.3200912042577007E-002  0.54463569505357046     
  0.16333333333333316        1.3381695813329573E-002  0.55141735857949792     
  0.16666666666666649        1.3556609930029231E-002  0.55793214774715605     
  0.16999999999999982        1.3725577669563432E-002  0.56417724848602990     
  0.17333333333333314        1.3888524917097179E-002  0.57014996481167957     
  0.17666666666666647        1.4045380198582246E-002  0.57584772009660368     
  0.17999999999999980        1.4196074712108058E-002  0.58126805828846728     
  0.18333333333333313        1.4340542358080483E-002  0.58640864507481827     
  0.18666666666666645        1.4478719768215300E-002  0.59126726899342830     
  0.18999999999999978        1.4610546333333614E-002  0.59584184248743333     
  0.19333333333333311        1.4735964229947057E-002  0.60013040290448005     
  0.19666666666666643        1.4854918445621073E-002  0.60413111343909831     
  0.19999999999999976        1.4967356803105193E-002  0.60784226401758124     
  0.20333333333333309        1.5073229983219704E-002  0.61126227212465623     
  0.20666666666666642        1.5172491546488667E-002  0.61438968357129597     
  0.20999999999999974        1.5265097953509806E-002  0.61722317320303366     
  0.21333333333333307        1.5351008584052328E-002  0.61976154554819596     
  0.21666666666666640        1.5430185754874310E-002  0.62200373540551035     
  0.21999999999999972        1.5502594736251795E-002  0.62394880837057398     
  0.22333333333333305        1.5568203767212413E-002  0.62559596130072592     
  0.22666666666666638        1.5626984069466787E-002  0.62694452271789336     
  0.22999999999999970        1.5678909860031641E-002  0.62799395314905515     
  0.23333333333333303        1.5723958362539068E-002  0.62874384540396844     
  0.23666666666666636        1.5762109817227001E-002  0.62919392478990099     
  0.23999999999999969        1.5793347489606500E-002  0.62934404926311316     
  0.24333333333333301        1.5817657677802043E-002  0.62919420951691729     
  0.24666666666666634        1.5835029718561624E-002  0.62874452900617139     
  0.24999999999999967        1.5845455991934019E-002  0.62799526390811322     
  0.25333333333333302        1.5848931924611138E-002  0.62694680301950545     
  0.25666666666666638        1.5845455991934022E-002  0.62559966759008956     
  0.25999999999999973        1.5835029718561627E-002  0.62395451109242561     
  0.26333333333333309        1.5817657677802046E-002  0.62201211892820563     
  0.26666666666666644        1.5793347489606504E-002  0.61977340807122483     
  0.26999999999999980        1.5762109817227008E-002  0.61723942664719811     
  0.27333333333333315        1.5723958362539075E-002  0.61441135345069908     
  0.27666666666666651        1.5678909860031648E-002  0.61129049739951447     
  0.27999999999999986        1.5626984069466793E-002  0.60787829692678008     
  0.28333333333333321        1.5568203767212421E-002  0.60417631931129867     
  0.28666666666666657        1.5502594736251804E-002  0.60018625994648978     
  0.28999999999999992        1.5430185754874318E-002  0.59590994154847143     
  0.29333333333333328        1.5351008584052339E-002  0.59134931330381024     
  0.29666666666666663        1.5265097953509813E-002  0.58650644995753687     
  0.29999999999999999        1.5172491546488675E-002  0.58138355084204674     
  0.30333333333333334        1.5073229983219713E-002  0.57598293884756357     
  0.30666666666666670        1.4967356803105202E-002  0.57030705933487313     
  0.31000000000000005        1.4854918445621080E-002  0.56435847899108849     
  0.31333333333333341        1.4735964229947064E-002  0.55813988462922570     
  0.31666666666666676        1.4610546333333620E-002  0.55165408193242094     
  0.32000000000000012        1.4478719768215307E-002  0.54490399414365509     
  0.32333333333333347        1.4340542358080492E-002  0.53789266070186603     
  0.32666666666666683        1.4196074712108061E-002  0.53062323582539417     
  0.33000000000000018        1.4045380198582246E-002  0.52309898704369562     
  0.33333333333333354        1.3888524917097180E-002  0.51532329367832508     
  0.33666666666666689        1.3725577669563433E-002  0.50729964527418647     
  0.34000000000000025        1.3556609930029231E-002  0.49903163998208921     
  0.34333333333333360        1.3381695813329568E-002  0.49052298289367235     
  0.34666666666666696        1.3200912042577000E-002  0.48177748432976758     
  0.35000000000000031        1.3014337915508335E-002  0.47279905808329759     
  0.35333333333333367        1.2822055269702037E-002  0.46359171961783491     
  0.35666666666666702        1.2624148446681558E-002  0.45415958422293634     
  0.36000000000000038        1.2420704254920359E-002  0.44450686512740573     
  0.36333333333333373        1.2211811931764835E-002  0.43463787157163347     
  0.36666666666666708        1.1997563104291883E-002  0.42455700684018244     
  0.37000000000000044        1.1778051749118218E-002  0.41426876625578779     
  0.37333333333333379        1.1553374151179142E-002  0.40377773513595078     
  0.37666666666666715        1.1323628861494772E-002  0.39308858671331254     
  0.38000000000000050        1.1088916653942319E-002  0.38220608002098616     
  0.38333333333333386        1.0849340481053318E-002  0.37113505774404482     
  0.38666666666666721        1.0605005428855278E-002  0.35988044403834557     
  0.39000000000000057        1.0356018670777433E-002  0.34844724231787327     
  0.39333333333333392        1.0102489420640969E-002  0.33684053301179656     
  0.39666666666666728        9.8445288847542160E-003  0.32506547129240165     
  0.40000000000000063        9.5822502131338791E-003  0.31312728477508339     
  0.40333333333333399        9.3157684498737410E-003  0.30103127119156114     
  0.40666666666666734        9.0452004826824580E-003  0.28878279603746354     
  0.41000000000000070        8.7706649916127997E-003  0.27638729019544916     
  0.41333333333333405        8.4922823970046274E-003  0.26385024753498387     
  0.41666666666666741        8.2101748066645761E-003  0.25117722248991353     
  0.42000000000000076        7.9244659623055064E-003  0.23837382761494030     
  0.42333333333333412        7.6352811852693223E-003  0.22544573112210839     
  0.42666666666666747        7.3427473215568690E-003  0.21239865439838895     
  0.43000000000000083        7.0469926861891187E-003  0.19923836950544291     
  0.43333333333333418        6.7481470069239210E-003  0.18597069666261681     
  0.43666666666666754        6.4463413673531414E-003  0.17260150171422831     
  0.44000000000000089        6.1417081494050604E-003  0.15913669358217003     
  0.44333333333333425        5.8343809752773044E-003  0.14558222170485391     
  0.44666666666666760        5.5244946488256985E-003  0.13194407346349493     
  0.45000000000000095        5.2121850964348604E-003  0.11822827159673151     
  0.45333333333333431        4.8975893073963930E-003  0.10444087160455280     
  0.45666666666666766        4.5808452738208662E-003   9.0587959142494887E-002
  0.46000000000000102        4.2620919301098910E-003   7.6675647407051226E-002
  0.46333333333333437        3.9414690920149134E-003   6.2710074513234682E-002
  0.46666666666666773        3.6191173953094066E-003   4.8697400865205631E-002
  0.47000000000000108        3.2951782341013622E-003   3.4643806520877049E-002
  0.47333333333333444        2.9697936988131888E-003   2.0555488551390728E-002
  0.47666666666666779        2.6431065138561162E-003   6.4386583963445976E-003
  0.48000000000000115        2.3152599750265799E-003  -7.7004607843508014E-003
  0.48333333333333450        1.9863978866519316E-003  -2.1855636761128859E-002
  0.48666666666666786        1.6566644985131409E-003  -3.6020630887080449E-002
  0.49000000000000121        1.3262044425720288E-003  -5.0189200751084045E-002
  0.49333333333333457        9.9516266953093781E-004  -6.4355102830910005E-002
  0.49666666666666792        6.6368438525254969E-004  -7.8512095145473332E-002
  0.50000000000000122        3.3191498706782287E-004  -9.2653939905406990E-002
  0.50333333333333452       -1.1771083976611794E-016 -0.10677440616114009     
  0.50666666666666782       -3.3191498706806530E-004 -0.12086727244766150     
  0.51000000000000112       -6.6368438525278486E-004 -0.13492632942515467     
  0.51333333333333442       -9.9516266953116549E-004 -0.14894538251469891     
  0.51666666666666772       -1.3262044425722491E-003 -0.16291825452821701     
  0.52000000000000102       -1.6566644985133612E-003 -0.17683878829186805     
  0.52333333333333432       -1.9863978866521445E-003 -0.19070084926206454     
  0.52666666666666762       -2.3152599750267781E-003 -0.20449832813330707     
  0.53000000000000091       -2.6431065138563144E-003 -0.21822514343701471     
  0.53333333333333421       -2.9697936988133792E-003 -0.23187524413052846     
  0.53666666666666751       -3.2951782341015517E-003 -0.24544261217546862     
  0.54000000000000081       -3.6191173953095813E-003 -0.25892126510460389     
  0.54333333333333411       -3.9414690920150869E-003 -0.27230525857640292     
  0.54666666666666741       -4.2620919301100575E-003 -0.28558868891641392     
  0.55000000000000071       -4.5808452738210310E-003 -0.29876569564462513     
  0.55333333333333401       -4.8975893073965491E-003 -0.31183046398793673     
  0.55666666666666731       -5.2121850964350104E-003 -0.32477722737687825     
  0.56000000000000061       -5.5244946488258399E-003 -0.33760026992568315     
  0.56333333333333391       -5.8343809752774397E-003 -0.35029392889483257     
  0.56666666666666721       -6.1417081494051940E-003 -0.36285259713516382     
  0.57000000000000051       -6.4463413673532602E-003 -0.37527072551262575     
  0.57333333333333381       -6.7481470069240389E-003 -0.38754282531276402     
  0.57666666666666710       -7.0469926861892298E-003 -0.39966347062398905     
  0.58000000000000040       -7.3427473215569783E-003 -0.41162730069868808     
  0.58333333333333370       -7.6352811852694177E-003 -0.42342902229121226     
  0.58666666666666700       -7.9244659623056019E-003 -0.43506341197177895     
  0.59000000000000030       -8.2101748066646628E-003 -0.44652531841529414     
  0.59333333333333360       -8.4922823970047072E-003 -0.45780966466411532     
  0.59666666666666690       -8.7706649916128743E-003 -0.46891145036373993     
  0.60000000000000020       -9.0452004826825239E-003 -0.47982575397041372     
  0.60333333333333350       -9.3157684498738052E-003 -0.49054773492963571     
  0.60666666666666680       -9.5822502131339398E-003 -0.50107263582452133     
  0.61000000000000010       -9.8445288847542663E-003 -0.51139578449299661     
  0.61333333333333340       -1.0102489420641014E-002 -0.52151259611276157     
  0.61666666666666670       -1.0356018670777480E-002 -0.53141857525298630     
  0.62000000000000000       -1.0605005428855317E-002 -0.54110931789166594     
  0.62333333333333329       -1.0849340481053358E-002 -0.55058051339758551     
  0.62666666666666659       -1.1088916653942347E-002 -0.55982794647581957     
  0.62999999999999989       -1.1323628861494794E-002 -0.56884749907570364     
  0.63333333333333319       -1.1553374151179161E-002 -0.57763515226020967     
  0.63666666666666649       -1.1778051749118232E-002 -0.58618698803565839     
  0.63999999999999979       -1.1997563104291894E-002 -0.59449919114070104     
  0.64333333333333309       -1.2211811931764840E-002 -0.60256805079351416     
  0.64666666666666639       -1.2420704254920359E-002 -0.61038996239614951     
  0.64999999999999969       -1.2624148446681563E-002 -0.61796142919498886     
  0.65333333333333299       -1.2822055269702034E-002 -0.62527906389626464     
  0.65666666666666629       -1.3014337915508328E-002 -0.63233959023562203     
  0.65999999999999959       -1.3200912042576987E-002 -0.63913984450069039     
  0.66333333333333289       -1.3381695813329554E-002 -0.64567677700567849     
  0.66666666666666619       -1.3556609930029218E-002 -0.65194745351698935     
  0.66999999999999948       -1.3725577669563416E-002 -0.65794905662888636     
  0.67333333333333278       -1.3888524917097161E-002 -0.66367888708826750     
  0.67666666666666608       -1.4045380198582225E-002 -0.66913436506760415     
  0.67999999999999938       -1.4196074712108044E-002 -0.67431303138513943     
  0.68333333333333268       -1.4340542358080468E-002 -0.67921254867146308     
  0.68666666666666598       -1.4478719768215282E-002 -0.68383070248160416     
  0.68999999999999928       -1.4610546333333594E-002 -0.68816540235180590     
  0.69333333333333258       -1.4735964229947040E-002 -0.69221468280019161     
  0.69666666666666588       -1.4854918445621056E-002 -0.69597670427053693     
  0.69999999999999918       -1.4967356803105175E-002 -0.69944975401842979     
  0.70333333333333248       -1.5073229983219685E-002 -0.70263224693910009     
  0.70666666666666578       -1.5172491546488647E-002 -0.70552272633626267     
  0.70999999999999908       -1.5265097953509789E-002 -0.70811986463134180     
  0.71333333333333238       -1.5351008584052311E-002 -0.71042246401248654     
  0.71666666666666567       -1.5430185754874294E-002 -0.71242945702283189     
  0.71999999999999897       -1.5502594736251778E-002 -0.71413990708749586     
  0.72333333333333227       -1.5568203767212400E-002 -0.71555300897885032     
  0.72666666666666557       -1.5626984069466776E-002 -0.71666808921963743     
  0.72999999999999887       -1.5678909860031631E-002 -0.71748460642357448     
  0.73333333333333217       -1.5723958362539057E-002 -0.71800215157309588     
  0.73666666666666547       -1.5762109817226991E-002 -0.71822044823396958     
  0.73999999999999877       -1.5793347489606493E-002 -0.71813935270654028     
  0.74333333333333207       -1.5817657677802036E-002 -0.71775885411341867     
  0.74666666666666537       -1.5835029718561620E-002 -0.71707907442348495     
  0.74999999999999867       -1.5845455991934019E-002 -0.71610026841210661     
  0.75333333333333197       -1.5848931924611138E-002 -0.71482282355754356     
  0.75666666666666527       -1.5845455991934022E-002 -0.71324725987354609     
  0.75999999999999857       -1.5835029718561631E-002 -0.71137422967821362     
  0.76333333333333186       -1.5817657677802053E-002 -0.70920451729921863     
  0.76666666666666516       -1.5793347489606514E-002 -0.70673903871556465     
  0.76999999999999846       -1.5762109817227019E-002 -0.70397884113608700     
  0.77333333333333176       -1.5723958362539092E-002 -0.70092510251496321     
  0.77666666666666506       -1.5678909860031669E-002 -0.69757913100452973     
  0.77999999999999836       -1.5626984069466821E-002 -0.69394236434578294     
  0.78333333333333166       -1.5568203767212449E-002 -0.69001636919695786     
  0.78666666666666496       -1.5502594736251835E-002 -0.68580284040064476     
  0.78999999999999826       -1.5430185754874355E-002 -0.68130360018994329     
  0.79333333333333156       -1.5351008584052380E-002 -0.67652059733419601     
  0.79666666666666486       -1.5265097953509858E-002 -0.67145590622490037     
  0.79999999999999816       -1.5172491546488727E-002 -0.66611172590242751     
  0.80333333333333146       -1.5073229983219770E-002 -0.66049037902422292     
  0.80666666666666476       -1.4967356803105264E-002 -0.65459431077520513     
  0.80999999999999805       -1.4854918445621149E-002 -0.64842608772112598     
  0.81333333333333135       -1.4735964229947135E-002 -0.64198839660567741     
  0.81666666666666465       -1.4610546333333699E-002 -0.63528404309217867     
  0.81999999999999795       -1.4478719768215392E-002 -0.62831595045071353     
  0.82333333333333125       -1.4340542358080584E-002 -0.62108715819160576     
  0.82666666666666455       -1.4196074712108158E-002 -0.61360082064617960     
  0.82999999999999785       -1.4045380198582352E-002 -0.60586020549574826     
  0.83333333333333115       -1.3888524917097293E-002 -0.59786869224982897     
  0.83666666666666445       -1.3725577669563553E-002 -0.58962977067460021     
  0.83999999999999775       -1.3556609930029360E-002 -0.58114703917263244     
  0.84333333333333105       -1.3381695813329701E-002 -0.57242420311496445     
  0.84666666666666435       -1.3200912042577142E-002 -0.56346507312660099     
  0.84999999999999765       -1.3014337915508486E-002 -0.55427356332653277     
  0.85333333333333095       -1.2822055269702197E-002 -0.54485368952340685     
  0.85666666666666424       -1.2624148446681719E-002 -0.53520956736797043     
  0.85999999999999754       -1.2420704254920529E-002 -0.52534541046344529     
  0.86333333333333084       -1.2211811931765017E-002 -0.51526552843498152     
  0.86666666666666414       -1.1997563104292074E-002 -0.50497432495937011     
  0.86999999999999744       -1.1778051749118421E-002 -0.49447629575618712     
  0.87333333333333074       -1.1553374151179345E-002 -0.48377602654154711     
  0.87666666666666404       -1.1323628861494985E-002 -0.47287819094566597     
  0.87999999999999734       -1.1088916653942541E-002 -0.46178754839540709     
  0.88333333333333064       -1.0849340481053555E-002 -0.45050894196301966     
  0.88666666666666394       -1.0605005428855514E-002 -0.43904729618224786     
  0.88999999999999724       -1.0356018670777680E-002 -0.42740761483300777     
  0.89333333333333054       -1.0102489420641226E-002 -0.41559497869581463     
  0.89666666666666384       -9.8445288847544814E-003 -0.40361454327714441     
  0.89999999999999714       -9.5822502131341497E-003 -0.39147153650690464     
  0.90333333333333043       -9.3157684498740203E-003 -0.37917125640918720     
  0.90666666666666373       -9.0452004826827477E-003 -0.36671906874745402     
  0.90999999999999703       -8.7706649916131016E-003 -0.35412040464532130     
  0.91333333333333033       -8.4922823970049431E-003 -0.34138075818407032     
  0.91666666666666363       -8.2101748066648918E-003 -0.32850568397802637     
  0.91999999999999693       -7.9244659623058308E-003 -0.31550079472891579     
  0.92333333333333023       -7.6352811852696571E-003 -0.30237175876030914     
  0.92666666666666353       -7.3427473215572202E-003 -0.28912429753324670     
  0.92999999999999683       -7.0469926861894674E-003 -0.27576418314412288     
  0.93333333333333013       -6.7481470069242801E-003 -0.26229723580589492     
  0.93666666666666343       -6.4463413673535100E-003 -0.24872932131366221     
  0.93999999999999673       -6.1417081494054447E-003 -0.23506634849566158     
  0.94333333333333003       -5.8343809752776990E-003 -0.22131426665069065     
  0.94666666666666333       -5.5244946488260888E-003 -0.20747906297296906     
  0.94999999999999662       -5.2121850964352611E-003 -0.19356675996543218     
  0.95333333333332992       -4.8975893073968085E-003 -0.17958341284242510     
  0.95666666666666322       -4.5808452738212930E-003 -0.16553510692276982     
  0.95999999999999652       -4.2620919301103134E-003 -0.15142795501414424     
  0.96333333333332982       -3.9414690920153445E-003 -0.13726809478971694     
  0.96666666666666312       -3.6191173953098476E-003 -0.12306168615794429     
  0.96999999999999642       -3.2951782341018188E-003 -0.10881490862645293     
  0.97333333333332972       -2.9697936988136546E-003  -9.4533958660892953E-002
  0.97666666666666302       -2.6431065138565763E-003  -8.0225047039647474E-002
  0.97999999999999632       -2.3152599750270483E-003  -6.5894396205275402E-002
  0.98333333333332962       -1.9863978866524155E-003  -5.1548237613539959E-002
  0.98666666666666292       -1.6566644985136329E-003  -3.7192809080887637E-002
  0.98999999999999622       -1.3262044425725148E-003  -2.2834352131212318E-002
  0.99333333333332952       -9.9516266953143155E-004  -8.4791093427478963E-003
  0.99666666666666281       -6.6368438525305797E-004   5.8666783040906053E-003
  0.99999999999999611       -3.3191498706833852E-004   2.0196774077082084E-002
   1.0033333333333294       -3.8395221014014745E-016   3.4504948139981367E-002
   1.0066666666666628        3.3191498706755670E-004   4.8784980196886235E-002
   1.0099999999999962        6.6368438525229079E-004   6.3030662132388379E-002
   1.0133333333333296        9.9516266953067912E-004   7.7235800646682895E-002
   1.0166666666666631        1.3262044425717775E-003   9.1394219884842934E-002
   1.0199999999999965        1.6566644985128969E-003  0.10549976405944063     
   1.0233333333333299        1.9863978866516952E-003  0.11954630006570834     
   1.0266666666666633        2.3152599750263440E-003  0.13352772008842698     
   1.0299999999999967        2.6431065138558889E-003  0.14743794419972683     
   1.0333333333333301        2.9697936988129689E-003  0.16127092294698153     
   1.0366666666666635        3.2951782341011501E-003  0.17502063992997205     
   1.0399999999999969        3.6191173953091958E-003  0.18868111436649024     
   1.0433333333333303        3.9414690920147105E-003  0.20224640364554641     
   1.0466666666666637        4.2620919301096958E-003  0.21571060586733784     
   1.0499999999999972        4.5808452738206797E-003  0.22906786236912735     
   1.0533333333333306        4.8975893073962135E-003  0.24231236023617017     
   1.0566666666666640        5.2121850964346825E-003  0.25543833479682260     
   1.0599999999999974        5.5244946488255285E-003  0.26844007210095189     
   1.0633333333333308        5.8343809752771430E-003  0.28131191138075745     
   1.0666666666666642        6.1417081494049069E-003  0.29404824749310748     
   1.0699999999999976        6.4463413673529896E-003  0.30664353334247457     
   1.0733333333333310        6.7481470069237761E-003  0.31909228228355280     
   1.0766666666666644        7.0469926861889826E-003  0.33138907050262262     
   1.0799999999999979        7.3427473215567397E-003  0.34352853937671696     
   1.0833333333333313        7.6352811852691939E-003  0.35550539780963386     
   1.0866666666666647        7.9244659623053867E-003  0.36731442454382951     
   1.0899999999999981        8.2101748066644633E-003  0.37895047044721097     
   1.0933333333333315        8.4922823970045216E-003  0.39040846077384195     
   1.0966666666666649        8.7706649916126957E-003  0.40168339739755909     
   1.0999999999999983        9.0452004826823609E-003  0.41277036101749437     
   1.1033333333333317        9.3157684498736491E-003  0.42366451333447919     
   1.1066666666666651        9.5822502131337976E-003  0.43436109919730592     
   1.1099999999999985        9.8445288847541328E-003  0.44485544871781024     
   1.1133333333333320        1.0102489420640895E-002  0.45514297935373160     
   1.1166666666666654        1.0356018670777366E-002  0.46521919795830341     
   1.1199999999999988        1.0605005428855216E-002  0.47507970279551615     
   1.1233333333333322        1.0849340481053264E-002  0.48472018551999807     
   1.1266666666666656        1.1088916653942264E-002  0.49413643312044958     
   1.1299999999999990        1.1323628861494722E-002  0.50332432982556696     
   1.1333333333333324        1.1553374151179097E-002  0.51227985897139328     
   1.1366666666666658        1.1778051749118178E-002  0.52099910482903333     
   1.1399999999999992        1.1997563104291847E-002  0.52947825439166485     
   1.1433333333333326        1.2211811931764805E-002  0.53771359911980154     
   1.1466666666666661        1.2420704254920333E-002  0.54570153664374055     
   1.1499999999999995        1.2624148446681535E-002  0.55343857242215999     
   1.1533333333333329        1.2822055269702017E-002  0.56092132135582362     
   1.1566666666666663        1.3014337915508318E-002  0.56814650935536759     
   1.1599999999999997        1.3200912042576987E-002  0.57511097486215579     
   1.1633333333333331        1.3381695813329561E-002  0.58181167032119818     
   1.1666666666666665        1.3556609930029224E-002  0.58824566360515196     
   1.1699999999999999        1.3725577669563430E-002  0.59441013938842691     
   1.1733333333333333        1.3888524917097180E-002  0.60030240047045691     
   1.1766666666666667        1.4045380198582249E-002  0.60591986904720063     
   1.1800000000000002        1.4196074712108066E-002  0.61126008792996178     
   1.1833333333333336        1.4340542358080497E-002  0.61632072171065577     
   1.1866666666666670        1.4478719768215314E-002  0.62109955787265747     
   1.1900000000000004        1.4610546333333632E-002  0.62559450784640558     
   1.1933333333333338        1.4735964229947074E-002  0.62980360800896340     
   1.1966666666666672        1.4854918445621094E-002  0.63372502062676561     
   1.2000000000000006        1.4967356803105215E-002  0.63735703474082084     
   1.2033333333333340        1.5073229983219727E-002  0.64069806699366216     
   1.2066666666666674        1.5172491546488691E-002  0.64374666239738909     
   1.2100000000000009        1.5265097953509830E-002  0.64650149504216525     
   1.2133333333333343        1.5351008584052354E-002  0.64896136874458787     
   1.2166666666666677        1.5430185754874334E-002  0.65112521763538089     
   1.2200000000000011        1.5502594736251820E-002  0.65299210668590568     
   1.2233333333333345        1.5568203767212437E-002  0.65456123217302142     
   1.2266666666666679        1.5626984069466811E-002  0.65583192208187746     
   1.2300000000000013        1.5678909860031662E-002  0.65680363644626849     
   1.2333333333333347        1.5723958362539085E-002  0.65747596762621163     
   1.2366666666666681        1.5762109817227019E-002  0.65784864052247582     
   1.2400000000000015        1.5793347489606514E-002  0.65792151272781829     
   1.2433333333333350        1.5817657677802053E-002  0.65769457461474767     
   1.2466666666666684        1.5835029718561634E-002  0.65716794935967882     
   1.2500000000000018        1.5845455991934026E-002  0.65634189290337863     
   1.2533333333333352        1.5848931924611138E-002  0.65521679384768150     
   1.2566666666666686        1.5845455991934019E-002  0.65379317328846720     
   1.2600000000000020        1.5835029718561617E-002  0.65207168458497833     
   1.2633333333333354        1.5817657677802032E-002  0.65005311306557512     
   1.2666666666666688        1.5793347489606487E-002  0.64773837567010006     
   1.2700000000000022        1.5762109817226984E-002  0.64512852052904912     
   1.2733333333333356        1.5723958362539044E-002  0.64222472647982543     
   1.2766666666666691        1.5678909860031613E-002  0.63902830252037068     
   1.2800000000000025        1.5626984069466755E-002  0.63554068720053736     
   1.2833333333333359        1.5568203767212376E-002  0.63176344795160988     
   1.2866666666666693        1.5502594736251750E-002  0.62769828035441733     
   1.2900000000000027        1.5430185754874259E-002  0.62334700734655113     
   1.2933333333333361        1.5351008584052273E-002  0.61871157836921220     
   1.2966666666666695        1.5265097953509742E-002  0.61379406845429296     
   1.3000000000000029        1.5172491546488597E-002  0.60859667725231925     
   1.3033333333333363        1.5073229983219628E-002  0.60312172800192043     
   1.3066666666666698        1.4967356803105108E-002  0.59737166644154605     
   1.3100000000000032        1.4854918445620979E-002  0.59134905966418960     
   1.3133333333333366        1.4735964229946955E-002  0.58505659491589534     
   1.3166666666666700        1.4610546333333505E-002  0.57849707833888764     
   1.3200000000000034        1.4478719768215182E-002  0.57167343366018331     
   1.3233333333333368        1.4340542358080357E-002  0.56458870082657753     
   1.3266666666666702        1.4196074712107922E-002  0.55724603458694044     
   1.3300000000000036        1.4045380198582098E-002  0.54964870302276980     
   1.3333333333333370        1.3888524917097023E-002  0.54180008602799568     
   1.3366666666666704        1.3725577669563265E-002  0.53370367373904415     
   1.3400000000000039        1.3556609930029054E-002  0.52536306491619356     
   1.3433333333333373        1.3381695813329384E-002  0.51678196527728937     
   1.3466666666666707        1.3200912042576807E-002  0.50796418578489266     
   1.3500000000000041        1.3014337915508132E-002  0.49891364088795620     
   1.3533333333333375        1.2822055269701826E-002  0.48963434671916067     
   1.3566666666666709        1.2624148446681338E-002  0.48013041924901889     
   1.3600000000000043        1.2420704254920128E-002  0.47040607239791310     
   1.3633333333333377        1.2211811931764596E-002  0.46046561610720854     
   1.3666666666666711        1.1997563104291634E-002  0.45031345437061437     
   1.3700000000000045        1.1778051749117962E-002  0.43995408322696616     
   1.3733333333333380        1.1553374151178877E-002  0.42939208871560713     
   1.3766666666666714        1.1323628861494493E-002  0.41863214479555594     
   1.3800000000000048        1.1088916653942028E-002  0.40767901122964617     
   1.3833333333333382        1.0849340481053004E-002  0.39653753143482617     
   1.3866666666666716        1.0605005428854950E-002  0.38521263029981601     
   1.3900000000000050        1.0356018670777097E-002  0.37370931197128898     
   1.3933333333333384        1.0102489420640621E-002  0.36203265760978742     
   1.3966666666666718        9.8445288847538535E-003  0.35018782311653091     
   1.4000000000000052        9.5822502131335131E-003  0.33818003683230052     
   1.4033333333333387        9.3157684498733594E-003  0.32601459720956422     
   1.4066666666666721        9.0452004826820677E-003  0.31369687045899924     
   1.4100000000000055        8.7706649916123990E-003  0.30123228817156428     
   1.4133333333333389        8.4922823970042215E-003  0.28862634491725797     
   1.4166666666666723        8.2101748066641580E-003  0.27588459582169317     
   1.4200000000000057        7.9244659623050762E-003  0.26301265412160341     
   1.4233333333333391        7.6352811852688808E-003  0.25001618870038383     
   1.4266666666666725        7.3427473215564240E-003  0.23690092160475973     
   1.4300000000000059        7.0469926861886634E-003  0.22367262554365980     
   1.4333333333333393        6.7481470069234535E-003  0.21033712137035573     
   1.4366666666666728        6.4463413673526643E-003  0.19690027554891917     
   1.4400000000000062        6.1417081494045782E-003  0.18336799760602776     
   1.4433333333333396        5.8343809752768108E-003  0.16974623756914511     
   1.4466666666666730        5.5244946488251937E-003  0.15604098339207340     
   1.4500000000000064        5.2121850964343469E-003  0.14225825836887379     
   1.4533333333333398        4.8975893073958743E-003  0.12840411853712902     
   1.4566666666666732        4.5808452738203380E-003  0.11448465007150820     
   1.4600000000000066        4.2620919301093524E-003  0.10050596666858276     
   1.4633333333333400        3.9414690920143653E-003   8.6474206923826097E-002
   1.4666666666666734        3.6191173953088488E-003   7.2395531701717211E-002
   1.4700000000000069        3.2951782341008018E-003   5.8276121499856018E-002
   1.4733333333333403        2.9697936988126190E-003   4.4122173807984791E-002
   1.4766666666666737        2.6431065138555372E-003   2.9939900462799731E-002
   1.4800000000000071        2.3152599750259914E-003   1.5735524999424620E-002
   1.4833333333333405        1.9863978866513417E-003   1.5152800004098051E-003
   1.4866666666666739        1.6566644985125426E-003  -1.2714595556891979E-002
   1.4900000000000073        1.3262044425714223E-003  -2.6947858953726637E-002
   1.4933333333333407        9.9516266953032350E-004  -4.1178266383281592E-002
   1.4966666666666741        6.6368438525193473E-004  -5.5399575603139212E-002
   1.5000000000000075        3.3191498706720054E-004  -6.9605548586017293E-002
   1.5033333333333410       -7.5431787965432942E-016  -8.3789954167976591E-002
   1.5066666666666744       -3.3191498706870883E-004  -9.7946570693280458E-002
   1.5100000000000078       -6.6368438525344210E-004 -0.11206918865509299     
   1.5133333333333412       -9.9516266953182924E-004 -0.12615161333120581     
   1.5166666666666746       -1.3262044425729257E-003 -0.14018766741398248     
   1.5200000000000080       -1.6566644985140434E-003 -0.15417119363371035     
   1.5233333333333414       -1.9863978866528388E-003 -0.16809605737454950     
   1.5266666666666748       -2.3152599750274842E-003 -0.18195614928226342     
   1.5300000000000082       -2.6431065138570252E-003 -0.19574538786291673     
   1.5333333333333417       -2.9697936988141009E-003 -0.20945772207171701     
   1.5366666666666751       -3.2951782341022777E-003 -0.22308713389117751     
   1.5400000000000085       -3.6191173953103177E-003 -0.23662764089776755     
   1.5433333333333419       -3.9414690920158259E-003 -0.25007329881621365     
   1.5466666666666753       -4.2620919301108052E-003 -0.26341820406060579     
   1.5500000000000087       -4.5808452738217821E-003 -0.27665649626145505     
   1.5533333333333421       -4.8975893073973089E-003 -0.28978236077784197     
   1.5566666666666755       -5.2121850964357702E-003 -0.30279003119378201     
   1.5600000000000089       -5.5244946488266075E-003 -0.31567379179792965     
   1.5633333333333423       -5.8343809752782133E-003 -0.32842798004572626     
   1.5666666666666758       -6.1417081494059686E-003 -0.34104698900309494     
   1.5700000000000092       -6.4463413673540417E-003 -0.35352526977076237     
   1.5733333333333426       -6.7481470069248178E-003 -0.36585733388828762     
   1.5766666666666760       -7.0469926861900139E-003 -0.37803775571686432     
   1.5800000000000094       -7.3427473215577606E-003 -0.39006117479994212     
   1.5833333333333428       -7.6352811852702044E-003 -0.40192229820071645     
   1.5866666666666762       -7.9244659623063859E-003 -0.41361590281551081     
   1.5900000000000096       -8.2101748066654486E-003 -0.42513683766207577     
   1.5933333333333430       -8.4922823970054948E-003 -0.43648002614180842     
   1.5966666666666764       -8.7706649916136550E-003 -0.44764046827489251     
   1.6000000000000099       -9.0452004826833063E-003 -0.45861324290734928     
   1.6033333333333433       -9.3157684498745806E-003 -0.46939350988897199     
   1.6066666666666767       -9.5822502131347152E-003 -0.47997651222111948     
   1.6100000000000101       -9.8445288847550383E-003 -0.49035757817332704     
   1.6133333333333435       -1.0102489420641785E-002 -0.50053212336768971     
   1.6166666666666769       -1.0356018670778238E-002 -0.51049565282996912     
   1.6200000000000103       -1.0605005428856071E-002 -0.52024376300636255     
   1.6233333333333437       -1.0849340481054104E-002 -0.52977214374487436     
   1.6266666666666771       -1.1088916653943088E-002 -0.53907658024023020     
   1.6300000000000106       -1.1323628861495532E-002 -0.54815295494125782     
   1.6333333333333440       -1.1553374151179888E-002 -0.55699724941967832     
   1.6366666666666774       -1.1778051749118952E-002 -0.56560554619923786     
   1.6400000000000108       -1.1997563104292600E-002 -0.57397403054410889     
   1.6433333333333442       -1.2211811931765539E-002 -0.58209899220551942     
   1.6466666666666776       -1.2420704254921047E-002 -0.58997682712553223     
   1.6500000000000110       -1.2624148446682231E-002 -0.59760403909694781     
   1.6533333333333444       -1.2822055269702695E-002 -0.60497724137827480     
   1.6566666666666778       -1.3014337915508977E-002 -0.61209315826275290     
   1.6600000000000112       -1.3200912042577626E-002 -0.61894862660040040     
   1.6633333333333447       -1.3381695813330178E-002 -0.62554059727208899     
   1.6666666666666781       -1.3556609930029821E-002 -0.63186613661465652     
   1.6700000000000115       -1.3725577669564004E-002 -0.63792242779608455     
   1.6733333333333449       -1.3888524917097734E-002 -0.64370677213979322     
   1.6766666666666783       -1.4045380198582785E-002 -0.64921659039711754     
   1.6800000000000117       -1.4196074712108580E-002 -0.65444942396706052     
   1.6833333333333451       -1.4340542358080988E-002 -0.65940293606243849     
   1.6866666666666785       -1.4478719768215784E-002 -0.66407491282155684     
   1.6900000000000119       -1.4610546333334078E-002 -0.66846326436459058     
   1.6933333333333453       -1.4735964229947501E-002 -0.67256602579386970     
   1.6966666666666788       -1.4854918445621495E-002 -0.67638135813729172     
   1.7000000000000122       -1.4967356803105594E-002 -0.67990754923414076     
   1.7033333333333456       -1.5073229983220084E-002 -0.68314301456259108     
   1.7066666666666790       -1.5172491546489024E-002 -0.68608629800825072     
   1.7100000000000124       -1.5265097953510141E-002 -0.68873607257310032     
   1.7133333333333458       -1.5351008584052641E-002 -0.69109114102424618     
   1.7166666666666792       -1.5430185754874598E-002 -0.69315043648193864     
   1.7200000000000126       -1.5502594736252059E-002 -0.69491302294634671     
   1.7233333333333460       -1.5568203767212654E-002 -0.69637809576262810     
   1.7266666666666795       -1.5626984069467002E-002 -0.69754498202386417     
   1.7300000000000129       -1.5678909860031828E-002 -0.69841314091150586     
   1.7333333333333463       -1.5723958362539231E-002 -0.69898216397297808     
   1.7366666666666797       -1.5762109817227136E-002 -0.69925177533617577     
   1.7400000000000131       -1.5793347489606611E-002 -0.69922183186061126     
   1.7433333333333465       -1.5817657677802126E-002 -0.69889232322502959     
   1.7466666666666799       -1.5835029718561679E-002 -0.69826337195135346     
   1.7500000000000133       -1.5845455991934047E-002 -0.69733523336486702     
   1.7533333333333467       -1.5848931924611138E-002 -0.69610829549060615     
   1.7566666666666801       -1.5845455991933995E-002 -0.69458307888596138     
   1.7600000000000136       -1.5835029718561572E-002 -0.69276023640956086     
   1.7633333333333470       -1.5817657677801959E-002 -0.69064055292653626     
   1.7666666666666804       -1.5793347489606389E-002 -0.68822494495034736     
   1.7700000000000138       -1.5762109817226862E-002 -0.68551446022136031     
   1.7733333333333472       -1.5723958362538901E-002 -0.68251027722245683     
   1.7766666666666806       -1.5678909860031443E-002 -0.67921370463196962     
   1.7800000000000140       -1.5626984069466564E-002 -0.67562618071431413     
   1.7833333333333474       -1.5568203767212159E-002 -0.67174927264871764     
   1.7866666666666808       -1.5502594736251511E-002 -0.66758467579650138     
   1.7900000000000142       -1.5430185754873996E-002 -0.66313421290741403     
   1.7933333333333477       -1.5351008584051987E-002 -0.65839983326556162     
   1.7966666666666811       -1.5265097953509431E-002 -0.65338361177552662     
   1.8000000000000145       -1.5172491546488264E-002 -0.64808774798931046     
   1.8033333333333479       -1.5073229983219270E-002 -0.64251456507476479     
   1.8066666666666813       -1.4967356803104728E-002 -0.63666650872623887     
   1.8100000000000147       -1.4854918445620579E-002 -0.63054614601819692     
   1.8133333333333481       -1.4735964229946531E-002 -0.62415616420258735     
   1.8166666666666815       -1.4610546333333058E-002 -0.61749936945081019     
   1.8200000000000149       -1.4478719768214712E-002 -0.61057868554113537     
   1.8233333333333483       -1.4340542358079866E-002 -0.60339715249247450     
   1.8266666666666818       -1.4196074712107409E-002 -0.59595792514543400     
   1.8300000000000152       -1.4045380198581566E-002 -0.58826427169161144     
   1.8333333333333486       -1.3888524917096468E-002 -0.58031957215212093     
   1.8366666666666820       -1.3725577669562689E-002 -0.57212731680636175     
   1.8400000000000154       -1.3556609930028456E-002 -0.56369110457206917     
   1.8433333333333488       -1.3381695813328768E-002 -0.55501464133770573     
   1.8466666666666822       -1.3200912042576169E-002 -0.54610173824828345     
   1.8500000000000156       -1.3014337915507473E-002 -0.53695630994570354     
   1.8533333333333490       -1.2822055269701147E-002 -0.52758237276475040     
   1.8566666666666825       -1.2624148446680640E-002 -0.51798404288585209     
   1.8600000000000159       -1.2420704254919411E-002 -0.50816553444577495     
   1.8633333333333493       -1.2211811931763860E-002 -0.49813115760739235     
   1.8666666666666827       -1.1997563104290881E-002 -0.48788531658971007     
   1.8700000000000161       -1.1778051749117190E-002 -0.47743250765931550     
   1.8733333333333495       -1.1553374151178086E-002 -0.46677731708443376     
   1.8766666666666829       -1.1323628861493688E-002 -0.45592441905278497     
   1.8800000000000163       -1.1088916653941207E-002 -0.44487857355442084     
   1.8833333333333497       -1.0849340481052183E-002 -0.43364462423074046     
   1.8866666666666831       -1.0605005428854114E-002 -0.42222749619087507     
   1.8900000000000166       -1.0356018670776245E-002 -0.41063219379662363     
   1.8933333333333500       -1.0102489420639753E-002 -0.39886379841713560     
   1.8966666666666834       -9.8445288847529722E-003 -0.38692746615451296     
   1.9000000000000168       -9.5822502131326179E-003 -0.37482842554151163     
   1.9033333333333502       -9.3157684498724504E-003 -0.36257197521251044     
   1.9066666666666836       -9.0452004826811431E-003 -0.35016348154890437     
   1.9100000000000170       -8.7706649916114623E-003 -0.33760837630007973     
   1.9133333333333504       -8.4922823970032708E-003 -0.32491215418110236     
   1.9166666666666838       -8.2101748066631952E-003 -0.31208037044825926     
   1.9200000000000172       -7.9244659623041048E-003 -0.29911863845356401     
   1.9233333333333507       -7.6352811852678963E-003 -0.28603262717933231     
   1.9266666666666841       -7.3427473215554283E-003 -0.27282805875392463     
   1.9300000000000175       -7.0469926861876564E-003 -0.25951070594972914     
   1.9333333333333509       -6.7481470069224369E-003 -0.24608638966445251     
   1.9366666666666843       -6.4463413673516365E-003 -0.23256097638676707     
   1.9400000000000177       -6.1417081494035417E-003 -0.21894037564735175     
   1.9433333333333511       -5.8343809752757657E-003 -0.20523053745634656     
   1.9466666666666845       -5.5244946488241398E-003 -0.19143744972822546     
   1.9500000000000179       -5.2121850964332852E-003 -0.17756713569508087     
   1.9533333333333514       -4.8975893073948057E-003 -0.16362565130929563     
   1.9566666666666848       -4.5808452738192625E-003 -0.14961908263656346     
   1.9600000000000182       -4.2620919301082690E-003 -0.13555354324020627     
   1.9633333333333516       -3.9414690920132767E-003 -0.12143517155772353     
   1.9666666666666850       -3.6191173953077547E-003 -0.10727012827049140     
   1.9700000000000184       -3.2951782340997025E-003  -9.3064593667522663E-002
   1.9733333333333518       -2.9697936988115148E-003  -7.8824765004180161E-002
   1.9766666666666852       -2.6431065138544292E-003  -6.4556853856728477E-002
   1.9800000000000186       -2.3152599750248517E-003  -5.0267083473594862E-002
   1.9833333333333520       -1.9863978866501990E-003  -3.5961686124209843E-002
   1.9866666666666855       -1.6566644985113968E-003  -2.1646900446260508E-002
   1.9900000000000189       -1.3262044425702741E-003  -7.3289687922270972E-003
   1.9933333333333523       -9.9516266952917338E-004   6.9858654239804410E-003
   1.9966666666666857       -6.6368438525078342E-004   2.1291360379448069E-002
   2.0000000000000191       -3.3191498706604841E-004   3.5581278492923196E-002
   2.0033333333333525        1.9066646487595423E-015   4.9849389072900929E-002
   2.0066666666666859        3.3191498706986090E-004   6.4089470962316153E-002
   2.0100000000000193        6.6368438525459341E-004   7.8295315179029351E-002
   2.0133333333333527        9.9516266953297936E-004   9.2460727551295821E-002
   2.0166666666666861        1.3262044425740741E-003  0.10657953134740941     
   2.0200000000000196        1.6566644985151894E-003  0.12064556989871004     
   2.0233333333333530        1.9863978866539820E-003  0.13465270921514685     
   2.0266666666666864        2.3152599750286239E-003  0.14859484059258182     
   2.0300000000000198        2.6431065138581610E-003  0.16246588321102012     
   2.0333333333333532        2.9697936988152328E-003  0.17625978672294629     
   2.0366666666666866        3.2951782341034048E-003  0.18997053383094331     
   2.0400000000000200        3.6191173953114397E-003  0.20359214285376243     
   2.0433333333333534        3.9414690920169422E-003  0.21711867028000936     
   2.0466666666666868        4.2620919301119154E-003  0.23054421330860109     
   2.0500000000000203        4.5808452738228854E-003  0.24386291237514207     
   2.0533333333333537        4.8975893073984044E-003  0.25706895366335913     
   2.0566666666666871        5.2121850964368588E-003  0.27015657160072587     
   2.0600000000000205        5.5244946488276873E-003  0.28312005133739482     
   2.0633333333333539        5.8343809752792854E-003  0.29595373120755047     
   2.0666666666666873        6.1417081494070311E-003  0.30865200517228020     
   2.0700000000000207        6.4463413673550938E-003  0.32120932524305212     
   2.0733333333333541        6.7481470069258604E-003  0.33362020388487890     
   2.0766666666666875        7.0469926861910460E-003  0.34587921639823033     
   2.0800000000000209        7.3427473215587815E-003  0.35798100327875310     
   2.0833333333333544        7.6352811852712140E-003  0.36992027255383680     
   2.0866666666666878        7.9244659623073834E-003  0.38169180209506270     
   2.0900000000000212        8.2101748066664339E-003  0.39329044190555235     
   2.0933333333333546        8.4922823970064679E-003  0.40471111638122775     
   2.0966666666666880        8.7706649916146160E-003  0.41594882654498222     
   2.1000000000000214        9.0452004826842534E-003  0.42699865225275369     
   2.1033333333333548        9.3157684498755139E-003  0.43785575437047708     
   2.1066666666666882        9.5822502131356329E-003  0.44851537692089122     
   2.1100000000000216        9.8445288847559403E-003  0.45897284919915970     
   2.1133333333333550        1.0102489420642671E-002  0.46922358785626678     
   2.1166666666666885        1.0356018670779111E-002  0.47926309894913427     
   2.1200000000000219        1.0605005428856928E-002  0.48908697995640593     
   2.1233333333333553        1.0849340481054945E-002  0.49869092175884072     
   2.1266666666666887        1.1088916653943912E-002  0.50807071058325071     
   2.1300000000000221        1.1323628861496337E-002  0.51722222990891886     
   2.1333333333333555        1.1553374151180676E-002  0.52614146233543524     
   2.1366666666666889        1.1778051749119722E-002  0.53482449141088229     
   2.1400000000000223        1.1997563104293353E-002  0.54326750341930985     
   2.1433333333333557        1.2211811931766273E-002  0.55146678912644542     
   2.1466666666666891        1.2420704254921762E-002  0.55941874548257609     
   2.1500000000000226        1.2624148446682928E-002  0.56711987728157021     
   2.1533333333333560        1.2822055269703371E-002  0.57456679877498540     
   2.1566666666666894        1.3014337915509634E-002  0.58175623524025144     
   2.1600000000000228        1.3200912042578264E-002  0.58868502450189775     
   2.1633333333333562        1.3381695813330796E-002  0.59535011840483454     
   2.1666666666666896        1.3556609930030418E-002  0.60174858423869393     
   2.1700000000000230        1.3725577669564582E-002  0.60787760611226449     
   2.1733333333333564        1.3888524917098291E-002  0.61373448627706750     
   2.1766666666666898        1.4045380198583320E-002  0.61931664639914719     
   2.1800000000000233        1.4196074712109092E-002  0.62462162877816263     
   2.1833333333333567        1.4340542358081479E-002  0.62964709751290571     
   2.1866666666666901        1.4478719768216252E-002  0.63439083961237897     
   2.1900000000000235        1.4610546333334523E-002  0.63885076605161317     
   2.1933333333333569        1.4735964229947924E-002  0.64302491277141816     
   2.1966666666666903        1.4854918445621895E-002  0.64691144162130210     
   2.2000000000000237        1.4967356803105975E-002  0.65050864124482266     
   2.2033333333333571        1.5073229983220440E-002  0.65381492790666784     
   2.2066666666666905        1.5172491546489359E-002  0.65682884626080462     
   2.2100000000000239        1.5265097953510449E-002  0.65954907005906327     
   2.2133333333333574        1.5351008584052927E-002  0.66197440279957298     
   2.2166666666666908        1.5430185754874860E-002  0.66410377831449674     
   2.2200000000000242        1.5502594736252298E-002  0.66593626129656469     
   2.2233333333333576        1.5568203767212869E-002  0.66747104776393495     
   2.2266666666666910        1.5626984069467196E-002  0.66870746546296345     
   2.2300000000000244        1.5678909860031998E-002  0.66964497420851599     
   2.2333333333333578        1.5723958362539373E-002  0.67028316616148220     
   2.2366666666666912        1.5762109817227258E-002  0.67062176604321699     
   2.2400000000000246        1.5793347489606709E-002  0.67066063128667075     
   2.2433333333333580        1.5817657677802195E-002  0.67039975212402414     
   2.2466666666666915        1.5835029718561728E-002  0.66983925161069291     
   2.2500000000000249        1.5845455991934074E-002  0.66897938558560521     
   2.2533333333333583        1.5848931924611138E-002  0.66782054256772538     
   2.2566666666666917        1.5845455991933970E-002  0.66636324358882248     
   2.2600000000000251        1.5835029718561523E-002  0.66460814196255824     
   2.2633333333333585        1.5817657677801886E-002  0.66255602298999083     
   2.2666666666666919        1.5793347489606292E-002  0.66020780360167375     
   2.2700000000000253        1.5762109817226744E-002  0.65756453193653874     
   2.2733333333333587        1.5723958362538756E-002  0.65462738685784538     
   2.2766666666666922        1.5678909860031277E-002  0.65139767740648991     
   2.2800000000000256        1.5626984069466370E-002  0.64787684219203678     
   2.2833333333333590        1.5568203767211944E-002  0.64406644872188656     
   2.2866666666666924        1.5502594736251272E-002  0.63996819266901483     
   2.2900000000000258        1.5430185754873734E-002  0.63558389707880192     
   2.2933333333333592        1.5351008584051699E-002  0.63091551151547876     
   2.2966666666666926        1.5265097953509121E-002  0.62596511114879239     
   2.3000000000000260        1.5172491546487929E-002  0.62073489578151675     
   2.3033333333333594        1.5073229983218915E-002  0.61522718881847960     
   2.3066666666666928        1.4967356803104350E-002  0.60944443617782618     
   2.3100000000000263        1.4854918445620174E-002  0.60338920514527161     
   2.3133333333333597        1.4735964229946106E-002  0.59706418317213306     
   2.3166666666666931        1.4610546333332610E-002  0.59047217661796914     
   2.3200000000000265        1.4478719768214245E-002  0.58361610943869613     
   2.3233333333333599        1.4340542358079375E-002  0.57649902182106560     
   2.3266666666666933        1.4196074712106897E-002  0.56912406876444677     
   2.3300000000000267        1.4045380198581030E-002  0.56149451861085797     
   2.3333333333333601        1.3888524917095912E-002  0.55361375152424330     
   2.3366666666666935        1.3725577669562113E-002  0.54548525791999991     
   2.3400000000000269        1.3556609930027861E-002  0.53711263684579824     
   2.3433333333333604        1.3381695813328150E-002  0.52849959431475091     
   2.3466666666666938        1.3200912042575532E-002  0.51964994159201516     
   2.3500000000000272        1.3014337915506817E-002  0.51056759343592029     
   2.3533333333333606        1.2822055269700471E-002  0.50125656629475046     
   2.3566666666666940        1.2624148446679943E-002  0.49172097646029700     
   2.3600000000000274        1.2420704254918697E-002  0.48196503817934300     
   2.3633333333333608        1.2211811931763126E-002  0.47199306172422278     
   2.3666666666666942        1.1997563104290128E-002  0.46180945142363244     
   2.3700000000000276        1.1778051749116419E-002  0.45141870365486203     
   2.3733333333333611        1.1553374151177296E-002  0.44082540479862664     
   2.3766666666666945        1.1323628861492881E-002  0.43003422915769540     
   2.3800000000000279        1.1088916653940383E-002  0.41904993684048508     
   2.3833333333333613        1.0849340481051344E-002  0.40787737161082893     
   2.3866666666666947        1.0605005428853259E-002  0.39652145870509825     
   2.3900000000000281        1.0356018670775374E-002  0.38498720261786595     
   2.3933333333333615        1.0102489420638867E-002  0.37327968485730056     
   2.3966666666666949        9.8445288847520719E-003  0.36140406167146594     
   2.4000000000000283        9.5822502131317003E-003  0.34936556174670241     
   2.4033333333333617        9.3157684498715188E-003  0.33716948387925905     
   2.4066666666666952        9.0452004826801994E-003  0.32482119462133185     
   2.4100000000000286        8.7706649916105047E-003  0.31232612590266018     
   2.4133333333333620        8.4922823970022994E-003  0.29968977262882240     
   2.4166666666666954        8.2101748066622116E-003  0.28691769025735375     
   2.4200000000000288        7.9244659623031073E-003  0.27401549235281319     
   2.4233333333333622        7.6352811852668876E-003  0.26098884812189110     
   2.4266666666666956        7.3427473215544065E-003  0.24784347992966158     
   2.4300000000000290        7.0469926861866242E-003  0.23458516079804820     
   2.4333333333333624        6.7481470069213944E-003  0.22121971188757203     
   2.4366666666666958        6.4463413673505844E-003  0.20775299996342764     
   2.4400000000000293        6.1417081494024792E-003  0.19419093484692565     
   2.4433333333333627        5.8343809752746945E-003  0.18053946685332009     
   2.4466666666666961        5.5244946488230600E-003  0.16680458421702418     
   2.4500000000000295        5.2121850964321958E-003  0.15299231050520939     
   2.4533333333333629        4.8975893073937094E-003  0.13910870202076012     
   2.4566666666666963        4.5808452738181592E-003  0.12515984519554688     
   2.4600000000000297        4.2620919301071597E-003  0.11115185397496555     
   2.4633333333333631        3.9414690920121604E-003   9.7090867194676661E-002
   2.4666666666666965        3.6191173953066323E-003   8.2983045950463644E-002
   2.4700000000000299        3.2951782340985749E-003   6.8834570962118868E-002
   2.4733333333333634        2.9697936988103829E-003   5.4651639932252215E-002
   2.4766666666666968        2.6431065138532925E-003   4.0440464900905068E-002
   2.4800000000000302        2.3152599750237398E-003   2.6207269596843521E-002
   2.4833333333333636        1.9863978866490831E-003   1.1958286786391735E-002
   2.4866666666666970        1.6566644985102788E-003  -2.3002443793401686E-003
   2.4900000000000304        1.3262044425691539E-003  -1.6562081017990570E-002
   2.4933333333333638        9.9516266952805123E-004  -3.0820979169405460E-002
   2.4966666666666972        6.6368438524966019E-004  -4.5070696448192671E-002
   2.5000000000000306        3.3191498706492447E-004  -5.9304994694547301E-002
   2.5033333333333641       -3.0308580592432829E-015  -7.3517642622528370E-002
   2.5066666666666975       -3.3191498707098489E-004  -8.7702418464972010E-002
   2.5100000000000309       -6.6368438525571665E-004 -0.10185311261422809     
   2.5133333333333643       -9.9516266953410129E-004 -0.11596353025790972     
   2.5166666666666977       -1.3262044425751943E-003 -0.13002749400884608     
   2.5200000000000311       -1.6566644985163074E-003 -0.14403884652842774     
   2.5233333333333645       -1.9863978866550974E-003 -0.15799145314253438     
   2.5266666666666979       -2.3152599750297363E-003 -0.17187920444923055     
   2.5300000000000313       -2.6431065138592695E-003 -0.18569601891741419     
   2.5333333333333647       -2.9697936988163373E-003 -0.19943584547559637     
   2.5366666666666982       -3.2951782341045042E-003 -0.21309266608998792     
   2.5400000000000316       -3.6191173953125338E-003 -0.22666049833106180     
   2.5433333333333650       -3.9414690920180316E-003 -0.24013339792775315     
   2.5466666666666984       -4.2620919301129979E-003 -0.25350546130845247     
   2.5500000000000318       -4.5808452738239618E-003 -0.26677082812793962     
   2.5533333333333652       -4.8975893073995008E-003 -0.27992368377939619     
   2.5566666666666986       -5.2121850964379204E-003 -0.29295826189062052     
   2.5600000000000320       -5.5244946488287681E-003 -0.30586884680358578     
   2.5633333333333654       -5.8343809752803306E-003 -0.31864977603640626     
   2.5666666666666988       -6.1417081494080936E-003 -0.33129544272687278     
   2.5700000000000323       -6.4463413673561216E-003 -0.34380029805657081     
   2.5733333333333657       -6.7481470069269038E-003 -0.35615885365473798     
   2.5766666666666991       -7.0469926861920530E-003 -0.36836568398084291     
   2.5800000000000325       -7.3427473215598033E-003 -0.38041542868501815     
   2.5833333333333659       -7.6352811852721976E-003 -0.39230279494531645     
   2.5866666666666993       -7.9244659623083791E-003 -0.40402255978088902     
   2.5900000000000327       -8.2101748066673950E-003 -0.41556957234003877     
   2.5933333333333661       -8.4922823970074394E-003 -0.42693875616222571     
   2.5966666666666995       -8.7706649916155510E-003 -0.43812511141295118     
   2.6000000000000330       -9.0452004826851971E-003 -0.44912371709058385     
   2.6033333333333664       -9.3157684498764212E-003 -0.45992973320403219     
   2.6066666666666998       -9.5822502131365506E-003 -0.47053840292030624     
   2.6100000000000332       -9.8445288847568199E-003 -0.48094505468085907     
   2.6133333333333666       -1.0102489420643557E-002 -0.49114510428573582     
   2.6166666666667000       -1.0356018670779961E-002 -0.50113405694440527     
   2.6200000000000334       -1.0605005428857783E-002 -0.51090750929229178     
   2.6233333333333668       -1.0849340481055762E-002 -0.52046115137187343     
   2.6266666666667002       -1.1088916653944732E-002 -0.52979076857735330     
   2.6300000000000336       -1.1323628861497122E-002 -0.53889224356177157     
   2.6333333333333671       -1.1553374151181467E-002 -0.54776155810555316     
   2.6366666666667005       -1.1778051749120473E-002 -0.55639479494537247     
   2.6400000000000339       -1.1997563104294106E-002 -0.56478813956231710     
   2.6433333333333673       -1.2211811931766991E-002 -0.57293788192825201     
   2.6466666666667007       -1.2420704254922478E-002 -0.58084041820936605     
   2.6500000000000341       -1.2624148446683608E-002 -0.58849225242581804     
   2.6533333333333675       -1.2822055269704050E-002 -0.59588999806648002     
   2.6566666666667009       -1.3014337915510276E-002 -0.60303037965771245     
   2.6600000000000343       -1.3200912042578901E-002 -0.60991023428519076     
   2.6633333333333677       -1.3381695813331398E-002 -0.61652651306774409     
   2.6666666666667012       -1.3556609930031015E-002 -0.62287628258225636     
   2.6700000000000346       -1.3725577669565144E-002 -0.62895672623861953     
   2.6733333333333680       -1.3888524917098844E-002 -0.63476514560382746     
   2.6766666666667014       -1.4045380198583838E-002 -0.64029896167424083     
   2.6800000000000348       -1.4196074712109605E-002 -0.64555571609515272     
   2.6833333333333682       -1.4340542358081956E-002 -0.65053307232673463     
   2.6866666666667016       -1.4478719768216722E-002 -0.65522881675554023     
   2.6900000000000350       -1.4610546333334961E-002 -0.65964085975070152     
   2.6933333333333684       -1.4735964229948348E-002 -0.66376723666405602     
   2.6966666666667019       -1.4854918445622289E-002 -0.66760610877339333     
   2.7000000000000353       -1.4967356803106353E-002 -0.67115576416812817     
   2.7033333333333687       -1.5073229983220788E-002 -0.67441461857665763     
   2.7066666666667021       -1.5172491546489690E-002 -0.67738121613477642     
   2.7100000000000355       -1.5265097953510753E-002 -0.68005423009448229     
   2.7133333333333689       -1.5351008584053213E-002 -0.68243246347262221     
   2.7166666666667023       -1.5430185754875116E-002 -0.68451484963879494     
   2.7200000000000357       -1.5502594736252540E-002 -0.68630045284203423     
   2.7233333333333691       -1.5568203767213080E-002 -0.68778846867578025     
   2.7266666666667025       -1.5626984069467387E-002 -0.68897822448074775     
   2.7300000000000360       -1.5678909860032161E-002 -0.68986917968528727     
   2.7333333333333694       -1.5723958362539519E-002 -0.69046092608293719     
   2.7366666666667028       -1.5762109817227376E-002 -0.69075318804686070     
   2.7400000000000362       -1.5793347489606802E-002 -0.69074582268095563     
   2.7433333333333696       -1.5817657677802268E-002 -0.69043881990743006     
   2.7466666666667030       -1.5835029718561777E-002 -0.68983230249072425     
   2.7500000000000364       -1.5845455991934099E-002 -0.68892652599767801     
   2.7533333333333698       -1.5848931924611138E-002 -0.68772187869391255     
   2.7566666666667032       -1.5845455991933946E-002 -0.68621888137643505     
   2.7600000000000366       -1.5835029718561475E-002 -0.68441818714253055     
   2.7633333333333701       -1.5817657677801817E-002 -0.68232058109504701     
   2.7666666666667035       -1.5793347489606195E-002 -0.67992697998424589     
   2.7700000000000369       -1.5762109817226626E-002 -0.67723843178641407     
   2.7733333333333703       -1.5723958362538610E-002 -0.67425611521951523     
   2.7766666666667037       -1.5678909860031110E-002 -0.67098133919617708     
   2.7800000000000371       -1.5626984069466179E-002 -0.66741554221437727     
   2.7833333333333705       -1.5568203767211734E-002 -0.66356029168624175     
   2.7866666666667039       -1.5502594736251032E-002 -0.65941728320539206     
   2.7900000000000373       -1.5430185754873477E-002 -0.65498833975336312     
   2.7933333333333707       -1.5351008584051412E-002 -0.65027541084561102     
   2.7966666666667042       -1.5265097953508819E-002 -0.64528057161772978     
   2.8000000000000376       -1.5172491546487596E-002 -0.64000602185248268     
   2.8033333333333710       -1.5073229983218568E-002 -0.63445408494834044     
   2.8066666666667044       -1.4967356803103970E-002 -0.62862720683023210     
   2.8100000000000378       -1.4854918445619782E-002 -0.62252795480327505     
   2.8133333333333712       -1.4735964229945683E-002 -0.61615901635025982     
   2.8166666666667046       -1.4610546333332176E-002 -0.60952319787373666     
   2.8200000000000380       -1.4478719768213777E-002 -0.60262342338355679     
   2.8233333333333714       -1.4340542358078898E-002 -0.59546273313077258     
   2.8266666666667049       -1.4196074712106384E-002 -0.58804428218881666     
   2.8300000000000383       -1.4045380198580509E-002 -0.58037133898293691     
   2.8333333333333717       -1.3888524917095356E-002 -0.57244728376884713     
   2.8366666666667051       -1.3725577669561550E-002 -0.56427560706163993     
   2.8400000000000385       -1.3556609930027264E-002 -0.55585990801596741     
   2.8433333333333719       -1.3381695813327547E-002 -0.54720389275857995     
   2.8466666666667053       -1.3200912042574894E-002 -0.53831137267427509     
   2.8500000000000387       -1.3014337915506175E-002 -0.52918626264639079     
   2.8533333333333721       -1.2822055269699793E-002 -0.51983257925292259     
   2.8566666666667055       -1.2624148446679265E-002 -0.51025443891943845     
   2.8600000000000390       -1.2420704254917979E-002 -0.50045605602989440     
   2.8633333333333724       -1.2211811931762412E-002 -0.49044174099655580     
   2.8666666666667058       -1.1997563104289375E-002 -0.48021589829014050     
   2.8700000000000392       -1.1778051749115628E-002 -0.46978302443141301     
   2.8733333333333726       -1.1553374151176507E-002 -0.45914770594536664     
   2.8766666666667060       -1.1323628861492055E-002 -0.44831461727919919     
   2.8800000000000394       -1.1088916653939559E-002 -0.43728851868528801     
   2.8833333333333728       -1.0849340481050483E-002 -0.42607425407031008     
   2.8866666666667062       -1.0605005428852402E-002 -0.41467674881175715     
   2.8900000000000396       -1.0356018670774479E-002 -0.40310100754296857     
   2.8933333333333731       -1.0102489420637979E-002 -0.39135211190793684     
   2.8966666666667065       -9.8445288847511456E-003 -0.37943521828699478     
   2.9000000000000399       -9.5822502131307826E-003 -0.36735555549463128     
   2.9033333333333733       -9.3157684498705647E-003 -0.35511842245053465     
   2.9066666666667067       -9.0452004826792522E-003 -0.34272918582508832     
   2.9100000000000401       -8.7706649916095211E-003 -0.33019327766040857     
   2.9133333333333735       -8.4922823970013262E-003 -0.31751619296812400     
   2.9166666666667069       -8.2101748066612020E-003 -0.30470348730496422     
   2.9200000000000403       -7.9244659623021081E-003 -0.29176077432734476     
   2.9233333333333738       -7.6352811852658528E-003 -0.27869372332597731     
   2.9266666666667072       -7.3427473215533848E-003 -0.26550805674167416     
   2.9300000000000406       -7.0469926861855669E-003 -0.25220954766335307     
   2.9333333333333740       -6.7481470069203509E-003 -0.23880401730937498     
   2.9366666666667074       -6.4463413673495054E-003 -0.22529733249319686     
   2.9400000000000408       -6.1417081494014166E-003 -0.21169540307444407     
   2.9433333333333742       -5.8343809752735964E-003 -0.19800417939635415     
   2.9466666666667076       -5.5244946488219801E-003 -0.18422964971066566     
   2.9500000000000410       -5.2121850964310813E-003 -0.17037783759087446     
   2.9533333333333744       -4.8975893073926130E-003 -0.15645479933490572     
   2.9566666666667079       -4.5808452738170281E-003 -0.14246662135808855     
   2.9600000000000413       -4.2620919301060494E-003 -0.12841941757745645     
   2.9633333333333747       -3.9414690920110164E-003 -0.11431932678823371     
   2.9666666666667081       -3.6191173953055108E-003 -0.10017251003350136     
   2.9700000000000415       -3.2951782340974204E-003  -8.5985147967875722E-002
   2.9733333333333749       -2.9697936988092506E-003  -7.1763438216171621E-002
   2.9766666666667083       -2.6431065138521285E-003  -5.7513592727855875E-002
   2.9800000000000417       -2.3152599750225996E-003  -4.3241835128242034E-002
   2.9833333333333751       -1.9863978866479118E-003  -2.8954398067210410E-002
   2.9866666666667085       -1.6566644985091328E-003  -1.4657520566384766E-002
   2.9900000000000420       -1.3262044425679776E-003  -3.5744536553155464E-004
   2.9933333333333754       -9.9516266952690154E-004   1.3939583730903329E-002
   2.9966666666667088       -6.6368438524848079E-004   2.8227324506368362E-002
   3.0000000000000422       -3.3191498706377240E-004   4.2499538982989346E-002
