  0.19758660111543583       0.10000000000000001        2.0452341850720277     
  0.39517320223087166       0.10628272596500710        1.9566116853290274     
  0.59275980334630751       0.11256269611875989        1.8855621233274691     
  0.79034640446174331       0.11883715585879402        1.8293455370628726     
  0.98793300557717911       0.12510335299969466        1.7856339658019977     
   1.1855196066926150       0.13135853898029604        1.7524491318437190     
   1.3831062078080509       0.13759997006929128        1.7281095674958495     
   1.5806928089234868       0.14382490856872349        1.7111857545225249     
   1.7782794100389228       0.15003062401483069        1.7004620607712380     
   1.9758660111543587       0.15621439437571741        1.6949044431293625     
   2.1734526122697946       0.16237350724532781        1.6936330423995365     
   2.3710392133852305       0.16850526103319674        1.6958989283735935     
   2.5686258145006664       0.17460696614945648        1.7010643659314704     
   2.7662124156161023       0.18067594618457972        1.7085860684535592     
   2.9637990167315382       0.18670953908334151        1.7180009858060210     
   3.1613856178469741       0.19270509831248425        1.7289142428390369     
   3.3589722189624101       0.19865999402157497        1.7409889025938399     
   3.5565588200778460       0.20457161419654457        1.7539372778282760     
   3.7541454211932819       0.21043736580540340        1.7675135563851421     
   3.9517320223087178       0.21625467593563091        1.7815075414810602     
   4.1493186234241533       0.22202099292274008        1.7957393381519351     
   4.3469052245395892       0.22773378746952180        1.8100548426730556     
   4.5444918256550251       0.23339055375547826        1.8243219134724649     
   4.7420784267704610       0.23898881053595855        1.8384271204643932     
   4.9396650278858969       0.24452610223051460        1.8522729853451951     
   5.1372516290013328       0.25000000000000000        1.8657756386410762     
   5.3348382301167687       0.25540810281193910        1.8788628305346839     
   5.5324248312322046       0.26074803849369899        1.8914722420309815     
   5.7300114323476405       0.26601746477300325        1.9035500511107157     
   5.9275980334630765       0.27121407030532951        1.9150497153812558     
   6.1251846345785124       0.27633557568774197        1.9259309385560233     
   6.3227712356939483       0.28137973445871245        1.9361587930326469     
   6.5203578368093842       0.28634433408349313        1.9457029750306112     
   6.7179444379248201       0.29122719692460697        1.9545371723045577     
   6.9155310390402560       0.29602618119703167        1.9626385274665397     
   7.1131176401556919       0.30073918190765747        1.9699871825103887     
   7.3107042412711278       0.30536413177860661        1.9765658923037817     
   7.5082908423865637       0.30989900215400967        1.9823596966571888     
   7.7058774435019997       0.31434180388984101        1.9873556421433174     
   7.9034640446174356       0.31869058822642349        1.9915425461686684     
   8.1010506457328706       0.32294344764321831        1.9949107969257431     
   8.2986372468483065       0.32709851669552692        1.9974521838112831     
   8.4962238479637424       0.33115397283273673        1.9991597537079437     
   8.6938104490791783       0.33510803719775195        2.0000276892164179     
   8.8913970501946142       0.33895897540725894        2.0000512055104069     
   9.0889836513100501       0.34270509831248419        1.9992264629840577     
   9.2865702524254861       0.34634476274011128        1.9975504932837223     
   9.4841568535409220       0.34987637221302986        1.9950211366744772     
   9.6817434546563579       0.35329837765060457        1.9916369889967567     
   9.8793300557717938       0.35660927804815201        1.9873973567272278     
   10.076916656887230       0.35980762113533160        1.9823022188782389     
   10.274503258002666       0.36289200401315913        1.9763521946573135     
   10.472089859118102       0.36586107376936450        1.9695485159672839     
   10.669676460233537       0.36871352807182389        1.9618930039631215     
   10.867263061348973       0.37144811573980585        1.9533880489967701     
   11.064849662464409       0.37406363729278025        1.9440365933794177     
   11.262436263579845       0.37655894547655022        1.9338421164743380     
   11.460022864695281       0.37893294576647552        1.9228086217047000     
   11.657609465810717       0.38118459684756745        1.9109406251216019     
   11.855196066926153       0.38331291107124432        1.8982431452295694     
   12.052782668041589       0.38531695488854611        1.8847216938110867     
   12.250369269157025       0.38719584925962025        1.8703822675298649     
   12.447955870272461       0.38894877003929751        1.8552313401249858     
   12.645542471387897       0.39057494833858930        1.8392758550360775     
   12.843129072503332       0.39207367086194811        1.8225232183236040     
   13.040715673618768       0.39344428022014166        1.8049812917690677     
   13.238302274734204       0.39468617521860661        1.7866583860577241     
   13.435888875849640       0.39579881112115145        1.7675632539616588     
   13.633475476965076       0.39678169988889644        1.7477050834546994     
   13.831062078080512       0.39763441039434333        1.7270934907018090     
   14.028648679195948       0.39835656861048196        1.7057385128759790     
   14.226235280311384       0.39894785777485131        1.6836506007642640     
   14.423821881426820       0.39940801852848151        1.6608406111322416     
   14.621408482542256       0.39973684902965756        1.6373197988230532     
   14.818995083657692       0.39993420504245369        1.6130998085729027     
   15.016581684773127       0.40000000000000002        1.5881926665302826     
   15.214168285888563       0.39993420504245369        1.5626107714706694     
   15.411754887003999       0.39973684902965756        1.5363668857025634     
   15.609341488119435       0.39940801852848151        1.5094741256643980     
   15.806928089234871       0.39894785777485131        1.4819459522149809     
   16.004514690350305       0.39835656861048196        1.4537961606230543     
   16.202101291465741       0.39763441039434333        1.4250388702640997     
   16.399687892581177       0.39678169988889644        1.3956885140347270     
   16.597274493696613       0.39579881112115145        1.3657598274970910     
   16.794861094812049       0.39468617521860661        1.3352678377674656     
   16.992447695927485       0.39344428022014166        1.3042278521647401     
   17.190034297042921       0.39207367086194800        1.2726554466360214     
   17.387620898158357       0.39057494833858930        1.2405664539776107     
   17.585207499273793       0.38894877003929740        1.2079769518708205     
   17.782794100389228       0.38719584925962014        1.1749032507529324     
   17.980380701504664       0.38531695488854600        1.1413618815442488     
   18.177967302620100       0.38331291107124421        1.1073695832530128     
   18.375553903735536       0.38118459684756745        1.0729432904802629     
   18.573140504850972       0.37893294576647540        1.0381001208471354     
   18.770727105966408       0.37655894547655011        1.0028573623674142     
   18.968313707081844       0.37406363729278025       0.96723246078813185     
   19.165900308197280       0.37144811573980585       0.93124300692121020     
   19.363486909312716       0.36871352807182378       0.89490672398889370     
   19.561073510428152       0.36586107376936428       0.85824145500568161     
   19.758660111543588       0.36289200401315902       0.82126515021909441     
   19.956246712659024       0.35980762113533160       0.78399585463130461     
   20.153833313774459       0.35660927804815190       0.74645169562316627     
   20.351419914889895       0.35329837765060446       0.70865087070171129     
   20.549006516005331       0.34987637221302981       0.67061163539143276     
   20.746593117120767       0.34634476274011117       0.63235229128914217     
   20.944179718236203       0.34270509831248419       0.59389117430133720     
   21.141766319351639       0.33895897540725883       0.55524664308216953     
   21.339352920467075       0.33510803719775184       0.51643706768927400     
   21.536939521582511       0.33115397283273673       0.47748081847374146     
   21.734526122697947       0.32709851669552681       0.43839625521949277     
   21.932112723813383       0.32294344764321820       0.39920171654632969     
   22.129699324928819       0.31869058822642332       0.35991550958973195     
   22.327285926044254       0.31434180388984090       0.32055589996948253     
   22.524872527159690       0.30989900215400951       0.28114110205787973     
   22.722459128275126       0.30536413177860650       0.24168926955722825     
   22.920045729390562       0.30073918190765736       0.20221848639501516     
   23.117632330505998       0.29602618119703150       0.16274675794391372     
   23.315218931621434       0.29122719692460675       0.12329200257260528     
   23.512805532736870       0.28634433408349291        8.3872043532019283E-002
   23.710392133852306       0.28137973445871228        4.4504601180423348E-002
   23.907978734967742       0.27633557568774175        5.2072855494822087E-003
   24.105565336083178       0.27121407030532940       -3.4002410747840536E-002
   24.303151937198614       0.26601746477300314       -7.3107119267903198E-002
   24.500738538314049       0.26074803849369887      -0.11208960214716476     
   24.698325139429485       0.25540810281193893      -0.15093275817589283     
   24.895911740544921       0.24999999999999986      -0.18961962853884745     
   25.093498341660357       0.24452610223051444      -0.22813340222808101     
   25.291084942775793       0.23898881053595836      -0.26645742113412896     
   25.488671543891229       0.23339055375547810      -0.30457518482294976     
   25.686258145006665       0.22773378746952164      -0.34247035500705314     
   25.883844746122101       0.22202099292273988      -0.38012675972014781     
   26.081431347237537       0.21625467593563072      -0.41752839720571183     
   26.279017948352973       0.21043736580540318      -0.45465943953068300     
   26.476604549468409       0.20457161419654435      -0.49150423593632525     
   26.674191150583844       0.19865999402157475      -0.52804731593913701     
   26.871777751699280       0.19270509831248400      -0.56427339219532613     
   27.069364352814716       0.18670953908334126      -0.60016736314303820     
   27.266950953930152       0.18067594618457947      -0.63571431543715107     
   27.464537555045588       0.17460696614945620      -0.67089952619185722     
   27.662124156161024       0.16850526103319646      -0.70570846504681650     
   27.859710757276460       0.16237350724532754      -0.74012679607291609     
   28.057297358391896       0.15621439437571710      -0.77414037953404891     
   28.254883959507332       0.15003062401483053      -0.80773527352148888     
   28.452470560622768       0.14382490856872332      -0.84089773547763291     
   28.650057161738204       0.13759997006929109      -0.87361422362586494     
   28.847643762853640       0.13135853898029587      -0.90587139832341212     
   29.045230363969075       0.12510335299969447      -0.93765612335387738     
   29.242816965084511       0.11883715585879381      -0.96895546717600600     
   29.440403566199947       0.11256269611875969      -0.99975670414506224     
   29.637990167315383       0.10628272596500687       -1.0300473157228200     
   29.835576768430819        9.9999999999999770E-002  -1.0598149916918469     
   30.033163369546255        9.3717274034992679E-002  -1.0890476313893140     
   30.230749970661691        8.7437303881239867E-002  -1.1177333449750428     
   30.428336571777127        8.1162844141205739E-002  -1.1458604547479425     
   30.625923172892563        7.4896647000305100E-002  -1.1734174965243551     
   30.823509774007999        6.8641461019703698E-002  -1.2003932210911332     
   31.021096375123435        6.2400029930708444E-002  -1.2267765957455239     
   31.218682976238870        5.6175091431276226E-002  -1.2525568059331369     
   31.416269577354306        4.9969375985169033E-002  -1.2777232569944257     
   31.613856178469742        4.3785605624282312E-002  -1.3022655760292010     
   31.811442779585178        3.7626492754671899E-002  -1.3261736138877709     
   32.009029380700611        3.1494738966802965E-002  -1.3494374472963253     
   32.206615981816043        2.5393033850543381E-002  -1.3720473811231586     
   32.404202582931475        1.9324053815420211E-002  -1.3939939507913068     
   32.601789184046908        1.3290460916658572E-002  -1.4152679248420690     
   32.799375785162340        7.2949016875159395E-003  -1.4358603076528480     
   32.996962386277772        1.3400059784253182E-003  -1.4557623423116011     
   33.194548987393205       -4.5716141965441576E-003  -1.4749655136490936     
   33.392135588508637       -1.0437365805402873E-002  -1.4934615514290210     
   33.589722189624069       -1.6254675935630264E-002  -1.5112424336949355     
   33.787308790739502       -2.2020992922739457E-002  -1.5283003902718029     
   33.984895391854934       -2.7733787469521071E-002  -1.5446279064188670     
   34.182481992970366       -3.3390553755477420E-002  -1.5602177266294583     
   34.380068594085799       -3.8988810535957596E-002  -1.5750628585721882     
   34.577655195201231       -4.4526102230513565E-002  -1.5891565771670140     
   34.775241796316664       -4.9999999999998879E-002  -1.6024924287885283     
   34.972828397432096       -5.5408102811937837E-002  -1.6150642355878648     
   35.170414998547528       -6.0748038493697698E-002  -1.6268660999235900     
   35.368001599662961       -6.6017464773001827E-002  -1.6378924088910243     
   35.565588200778393       -7.1214070305328031E-002  -1.6481378389385455     
   35.763174801893825       -7.6335575687740492E-002  -1.6575973605585241     
   35.960761403009258       -8.1379734458710939E-002  -1.6662662430397623     
   36.158348004124690       -8.6344334083491514E-002  -1.6741400592675697     
   36.355934605240122       -9.1227196924605236E-002  -1.6812146905568182     
   36.553521206355555       -9.6026181197029908E-002  -1.6874863315027879     
   36.751107807470987      -0.10073918190765566       -1.6929514948339264     
   36.948694408586420      -0.10536413177860474       -1.6976070162501986     
   37.146281009701852      -0.10989900215400772       -1.7014500592301915     
   37.343867610817284      -0.11434180388983906       -1.7044781197897831     
   37.541454211932717      -0.11869058822642153       -1.7066890311748653     
   37.739040813048149      -0.12294344764321632       -1.7080809684703111     
   37.936627414163581      -0.12709851669552494       -1.7086524531072911     
   38.134214015279014      -0.13115397283273475       -1.7084023572508411     
   38.331800616394446      -0.13510803719774986       -1.7073299080496134     
   38.529387217509878      -0.13895897540725680       -1.7054346917297782     
   38.726973818625311      -0.14270509831248215       -1.7027166575151247     
   38.924560419740743      -0.14634476274010913       -1.6991761213556527     
   39.122147020856175      -0.14987637221302774       -1.6948137694471599     
   39.319733621971608      -0.15329837765060242       -1.6896306615246919     
   39.517320223087040      -0.15660927804814992       -1.6836282339131226     
   39.714906824202473      -0.15980762113532951       -1.6768083023185965     
   39.912493425317905      -0.16289200401315698       -1.6691730643451321     
   40.110080026433337      -0.16586107376936235       -1.6607251017212601     
   40.307666627548770      -0.16871352807182186       -1.6514673822222639     
   40.505253228664202      -0.17144811573980398       -1.6414032612743323     
   40.702839829779634      -0.17406363729277843       -1.6305364832276914     
   40.900426430895067      -0.17655894547654835       -1.6188711822866730     
   41.098013032010499      -0.17893294576647364       -1.6064118830855301     
   41.295599633125931      -0.18118459684756574       -1.5931635008997913     
   41.493186234241364      -0.18331291107124267       -1.5791313414839347     
   41.690772835356796      -0.18531695488854447       -1.5643211005271778     
   41.888359436472228      -0.18719584925961866       -1.5487388627202661     
   42.085946037587661      -0.18894877003929597       -1.5323911004272344     
   42.283532638703093      -0.19057494833858793       -1.5152846719572792     
   42.481119239818526      -0.19207367086194679       -1.4974268194329881     
   42.678705840933958      -0.19344428022014051       -1.4788251662523926     
   42.876292442049390      -0.19468617521860551       -1.4594877141434779     
   43.073879043164823      -0.19579881112115047       -1.4394228398110109     
   43.271465644280255      -0.19678169988889557       -1.4186392911767147     
   43.469052245395687      -0.19763441039434257       -1.3971461832150798     
   43.666638846511120      -0.19835656861048132       -1.3749529933882629     
   43.864225447626552      -0.19894785777485072       -1.3520695566847589     
   44.061812048741984      -0.19940801852848103       -1.3285060602676857     
   44.259398649857417      -0.19973684902965724       -1.3042730377396978     
   44.456985250972849      -0.19993420504245349       -1.2793813630327133     
   44.654571852088282      -0.19999999999999998       -1.2538422439317198     
   44.852158453203714      -0.19993420504245377       -1.2276672152430235     
   45.049745054319146      -0.19973684902965774       -1.2008681316183563     
   45.247331655434579      -0.19940801852848186       -1.1734571600472898     
   45.444918256550011      -0.19894785777485188       -1.1454467720313206     
   45.642504857665443      -0.19835656861048276       -1.1168497354539473     
   45.840091458780876      -0.19763441039434429       -1.0876791061619144     
   46.037678059896308      -0.19678169988889757       -1.0579482192736327     
   46.235264661011740      -0.19579881112115274       -1.0276706802314748     
   46.432851262127173      -0.19468617521860807      -0.99686035561541997     
   46.630437863242605      -0.19344428022014334      -0.96553136373609771     
   46.828024464358037      -0.19207367086194990      -0.93369806502585551     
   47.025611065473470      -0.19057494833859137      -0.90137505224697678     
   47.223197666588902      -0.18894877003929969      -0.86857714053658019     
   47.420784267704335      -0.18719584925962260      -0.83531935730812923     
   47.618370868819767      -0.18531695488854869      -0.80161693202968909     
   47.815957469935199      -0.18331291107124717      -0.76748528589933562     
   48.013544071050632      -0.18118459684757041      -0.73294002143822645     
   48.211130672166064      -0.17893294576647864      -0.69799691202188663     
   48.408717273281496      -0.17655894547655357      -0.66267189137024451     
   48.606303874396929      -0.17406363729278387      -0.62698104301690849     
   48.803890475512361      -0.17144811573980970      -0.59094058977789266     
   49.001477076627793      -0.16871352807182791      -0.55456688323986036     
   49.199063677743226      -0.16586107376936868      -0.51787639328760793     
   49.396650278858658      -0.16289200401316364      -0.48088569769005324     
   49.594236879974090      -0.15980762113533634      -0.44361147176363663     
   49.791823481089523      -0.15660927804815697      -0.40607047813146480     
   49.989410082204955      -0.15329837765060975      -0.36827955659587885     
   50.186996683320388      -0.14987637221303535      -0.33025561414160354     
   50.384583284435820      -0.14634476274011693      -0.29201561508577512     
   50.582169885551252      -0.14270509831249020      -0.25357657139048606     
   50.779756486666685      -0.13895897540726512      -0.21495553315255345     
   50.977343087782117      -0.13510803719775841      -0.17616957928444196     
   51.174929688897549      -0.13115397283274349      -0.13723580839926311     
   51.372516290012982      -0.12709851669553390       -9.8171329911828378E-002
   51.570102891128414      -0.12294344764322551       -5.8993255366757466E-002
   51.767689492243846      -0.11869058822643078       -1.9718690003531721E-002
   51.965276093359279      -0.11434180388984855        1.9635275432605345E-002
   52.162862694474711      -0.10989900215401741        5.9051572626216096E-002
   52.360449295590143      -0.10536413177861464        9.8513163367015294E-002
   52.558035896705576      -0.10073918190766576       0.13800304695954377     
   52.755622497821008       -9.6026181197040150E-002  0.17750426736283670     
   52.953209098936441       -9.1227196924615700E-002  0.21699992005690616     
   53.150795700051873       -8.6344334083502144E-002  0.25647315863405418     
   53.348382301167305       -8.1379734458721736E-002  0.29590720111415747     
   53.545968902282738       -7.6335575687751456E-002  0.33528533598425481     
   53.743555503398170       -7.1214070305339272E-002  0.37459092796391652     
   53.941142104513602       -6.6017464773013235E-002  0.41380742349897393     
   54.138728705629035       -6.0748038493709244E-002  0.45291835598734065     
   54.336315306744467       -5.5408102811949578E-002  0.49190735074172348     
   54.533901907859899       -5.0000000000010758E-002  0.53075812969507996     
   54.731488508975332       -4.4526102230525555E-002  0.56945451585571805     
   54.929075110090764       -3.8988810535969726E-002  0.60798043751990671     
   55.126661711206197       -3.3390553755489688E-002  0.64631993225083528     
   55.324248312321629       -2.7733787469533450E-002  0.68445715063364232     
   55.521834913437061       -2.2020992922751711E-002  0.72237635981710191     
   55.719421514552494       -1.6254675935642754E-002  0.76006194685333739     
   55.917008115667926       -1.0437365805415474E-002  0.79749842184775965     
   56.114594716783358       -4.5716141965568696E-003  0.83467042093196242     
   56.312181317898791        1.3400059784125090E-003  0.87156270907310129     
   56.509767919014223        7.2949016875030470E-003  0.90816018273374599     
   56.707354520129655        1.3290460916645597E-002  0.94444787239673189     
   56.904941121245088        1.9324053815407152E-002  0.98041094496995740     
   57.102527722360520        2.5393033850530253E-002   1.0160347060864447     
   57.300114323475952        3.1494738966789768E-002   1.0513046023152626     
   57.497700924591385        3.7626492754658500E-002   1.0862062232991418     
   57.695287525706817        4.3785605624268732E-002   1.1207253038347493     
   57.892874126822250        4.9969375985155259E-002   1.1548477259116590     
   58.090460727937682        5.6175091431262279E-002   1.1885595207260733     
   58.288047329053114        6.2400029930694330E-002   1.2218468706852466     
   58.485633930168547        6.8641461019689404E-002   1.2546961114184401     
   58.683220531283979        7.4896647000290653E-002   1.2870937338099908     
   58.880807132399411        8.1162844141191140E-002   1.3190263860698124     
   59.078393733514844        8.7437303881225115E-002   1.3504808758562421     
   59.275980334630276        9.3717274034978051E-002   1.3814441724657631     
   59.473566935745708        9.9999999999985018E-002   1.4119034091035436     
   59.671153536861141       0.10628272596499197        1.4418458852483238     
   59.868740137976573       0.11256269611874467        1.4712590691243266     
   60.066326739092005       0.11883715585877869        1.5001306002923702     
   60.263913340207438       0.12510335299967920        1.5284482923715237     
   60.461499941322870       0.13135853898028052        1.5562001359018216     
   60.659086542438303       0.13759997006927566        1.5833743013577397     
   60.856673143553735       0.14382490856870778        1.6099591423212021     
   61.054259744669167       0.15003062401481493        1.6359431988219304     
   61.251846345784600       0.15621439437570156        1.6613152008519620     
   61.449432946900032       0.16237350724531191        1.6860640720601165     
   61.647019548015464       0.16850526103318081        1.7101789336311555     
   61.844606149130897       0.17460696614944049        1.7336491083532164     
   62.042192750246329       0.18067594618456373        1.7564641248760755     
   62.239779351361761       0.18670953908332547        1.7786137221615528     
   62.437365952477194       0.19270509831246818        1.8000878541262928     
   62.634952553592626       0.19865999402155893        1.8208766944759431     
   62.832539154708059       0.20457161419652853        1.8409706417285838     
   63.030125755823491       0.21043736580538763        1.8603603244240998     
   63.227712356938923       0.21625467593561515        1.8790366065149784     
   63.425298958054356       0.22202099292272434        1.8969905929329176     
   63.622885559169788       0.22773378746950612        1.9142136353243548     
   63.820472160285220       0.23339055375546261        1.9306973379470167     
   64.018058761400653       0.23898881053594292        1.9464335637183989     
   64.215645362516085       0.24452610223049906        1.9614144404060077     
   64.413231963631517       0.24999999999998454        1.9756323669481266     
   64.610818564746950       0.25540810281192372        1.9890800198928871     
   64.808405165862382       0.26074803849368372        2.0017503599423692     
   65.005991766977814       0.26601746477298804        2.0136366385875748     
   65.203578368093247       0.27121407030531447        2.0247324048191864     
   65.401164969208679       0.27633557568772704        2.0350315118981750     
   65.598751570324112       0.28137973445869768        2.0445281241695525     
   65.796338171439544       0.28634433408347842        2.0532167239018095     
   65.993924772554976       0.29122719692459242        2.0610921181339199     
   66.191511373670409       0.29602618119701729        2.0681494455111586     
   66.389097974785841       0.30073918190764326        2.0743841830904848     
   66.586684575901273       0.30536413177859256        2.0797921530956995     
   66.784271177016706       0.30989900215399602        2.0843695296022675     
   66.981857778132138       0.31434180388982758        2.0881128451312487     
   67.179444379247570       0.31869058822641022        2.0910189971317146     
   67.377030980363003       0.32294344764320526        2.0930852543305969     
   67.574617581478435       0.32709851669551415        2.0943092629290208     
   67.772204182593867       0.33115397283272419        2.0946890526241089     
   67.969790783709300       0.33510803719773963        2.0942230424351913     
   68.167377384824732       0.33895897540724684        2.0929100463136265     
   68.364963985940165       0.34270509831247242        2.0907492785155677     
   68.562550587055597       0.34634476274009968        2.0877403587173515     
   68.760137188171029       0.34987637221301859        2.0838833168535102     
   68.957723789286462       0.35329837765059358        2.0791785976578843     
   69.155310390401894       0.35660927804814135        2.0736270648888300     
   69.352896991517326       0.35980762113532128        2.0672300052201562     
   69.550483592632759       0.36289200401314903        2.0599891317799393     
   69.748070193748191       0.36586107376935473        2.0519065873203592     
   69.945656794863623       0.36871352807181446        2.0429849470022519     
   70.143243395979056       0.37144811573979686        2.0332272207791098     
   70.340829997094488       0.37406363729277159        2.0226368553661418     
   70.538416598209920       0.37655894547654201        2.0112177357809906     
   70.736003199325353       0.37893294576646752        1.9989741864437363     
   70.933589800440785       0.38118459684756001        1.9859109718250505     
   71.131176401556218       0.38331291107123722        1.9720332966322169     
   71.328763002671650       0.38531695488853934        1.9573468055243404     
   71.526349603787082       0.38719584925961392        1.9418575823488644     
   71.723936204902515       0.38894877003929151        1.9255721488931488     
   71.921522806017947       0.39057494833858386        1.9084974631459337     
   72.119109407133379       0.39207367086194300        1.8906409170648599     
   72.316696008248812       0.39344428022013700        1.8720103338477283     
   72.514282609364244       0.39468617521860239        1.8526139647062969     
   72.711869210479676       0.39579881112114768        1.8324604851429482     
   72.909455811595109       0.39678169988889322        1.8115589907319167     
   73.107042412710541       0.39763441039434044        1.7899189924080816     
   73.304629013825974       0.39835656861047963        1.7675504112677387     
   73.502215614941406       0.39894785777484942        1.7444635728871458     
   73.699802216056838       0.39940801852847996        1.7206692011659477     
   73.897388817172271       0.39973684902965656        1.6961784117039347     
   74.094975418287703       0.39993420504245314        1.6710027047208533     
   74.292562019403135       0.40000000000000002        1.6451539575303731     
   74.490148620518568       0.39993420504245414        1.6186444165803502     
   74.687735221634000       0.39973684902965845        1.5914866890729555     
   74.885321822749432       0.39940801852848296        1.5636937341792101     
   75.082908423864865       0.39894785777485331        1.5352788538636590     
   75.280495024980297       0.39835656861048452        1.5062556833359608     
   75.478081626095729       0.39763441039434633        1.4766381811471709     
   75.675668227211162       0.39678169988890000        1.4464406189493686     
   75.873254828326594       0.39579881112115556        1.4156775709382841     
   76.070841429442027       0.39468617521861116        1.3843639029992196     
   76.268428030557459       0.39344428022014677        1.3525147615774444     
   76.466014631672891       0.39207367086195366        1.3201455622948288     
   76.663601232788324       0.39057494833859541        1.2872719783350448     
   76.861187833903756       0.38894877003930417        1.2539099286202890     
   77.058774435019188       0.38719584925962736        1.2200755658027447     
   77.256361036134621       0.38531695488855389        1.1857852640945676     
   77.453947637250053       0.38331291107125254        1.1510556069601892     
   77.651534238365485       0.38118459684757633        1.1159033746951821     
   77.849120839480918       0.37893294576648473        1.0803455319158257     
   78.046707440596350       0.37655894547656010        1.0443992149837178     
   78.244294041711782       0.37406363729279068        1.0080817193894815     
   78.441880642827215       0.37144811573981684       0.97141048711979094     
   78.639467243942647       0.36871352807183533       0.93440309403136113     
   78.837053845058080       0.36586107376937649       0.89707723725557320     
   79.034640446173512       0.36289200401317157       0.85945072265674471     
   79.232227047288944       0.35980762113534481       0.82154145236683540     
   79.429813648404377       0.35660927804816556       0.78336741241856955     
   79.627400249519809       0.35329837765061878       0.74494666049875036     
   79.824986850635241       0.34987637221304452       0.70629731384228356     
   80.022573451750674       0.34634476274012627       0.66743753728737187     
   80.220160052866106       0.34270509831249996       0.62838553151089127     
   80.417746653981538       0.33895897540727493       0.58915952146250494     
   80.615333255096971       0.33510803719776872       0.54977774501505738     
   80.812919856212403       0.33115397283275388       0.51025844184758362     
   81.010506457327836       0.32709851669554474       0.47061984257666334     
   81.208093058443268       0.32294344764323640       0.43088015815027303     
   81.405679659558700       0.31869058822644225       0.39105756951766807     
   81.603266260674133       0.31434180388986016       0.35117021758723516     
   81.800852861789565       0.30989900215402943       0.31123619348342552     
   81.998439462904997       0.30536413177862670       0.27127352911238217     
   82.196026064020430       0.30073918190767823       0.23130018804491745     
   82.393612665135862       0.29602618119705271       0.19133405672392090     
   82.591199266251294       0.29122719692462867       0.15139293600240328     
   82.788785867366727       0.28634433408351512       0.11149453301667170     
   82.986372468482159       0.28137973445873510        7.1656453398317221E-002
   83.183959069597591       0.27633557568776485        3.1896193826972549E-002
   83.381545670713024       0.27121407030535311       -7.7688650750275222E-003
   83.579132271828456       0.26601746477302701       -4.7321465506672919E-002
   83.776718872943889       0.26074803849372302       -8.6744478912272605E-002
   83.974305474059321       0.25540810281196374      -0.12602091206849420     
   84.171892075174753       0.25000000000002487      -0.16513391283828011     
   84.369478676290186       0.24452610223054008      -0.20406677559670255     
   84.567065277405618       0.23898881053598417      -0.24280294633529276     
   84.764651878521050       0.23339055375550452      -0.28132602745182356     
   84.962238479636483       0.22773378746954823      -0.31961978223433446     
   85.159825080751915       0.22202099292276711      -0.35766813904839040     
   85.357411681867347       0.21625467593565806      -0.39545519523829081     
   85.554998282982780       0.21043736580543115      -0.43296522075307875     
   85.752584884098212       0.20457161419657244      -0.47018266150978560     
   85.950171485213644       0.19865999402160339      -0.50709214250635826     
   86.147758086329077       0.19270509831251270      -0.54367847069819930     
   86.345344687444509       0.18670953908337051      -0.57992663765214658     
   86.542931288559942       0.18067594618460880      -0.61582182199301727     
   86.740517889675374       0.17460696614948606      -0.65134939165764416     
   86.938104490790806       0.16850526103322638      -0.68649490597248175     
   87.135691091906239       0.16237350724535796      -0.72124411757052398     
   87.333277693021671       0.15621439437574755      -0.75558297416425080     
   87.530864294137103       0.15003062401486081      -0.78949762019087588     
   87.728450895252536       0.14382490856875410      -0.82297439834692088     
   87.926037496367968       0.13759997006932184      -0.85599985102880083     
   88.123624097483400       0.13135853898032707      -0.88856072169612488     
   88.321210698598833       0.12510335299972558      -0.92064395617472838     
   88.518797299714265       0.11883715585882540      -0.95223670391563542     
   88.716383900829697       0.11256269611879118      -0.98332631922667746     
   88.913970501945130       0.10628272596503878       -1.0139003624924363     
   89.111557103060562       0.10000000000003156       -1.0439466013985377     
   89.309143704175995        9.3717274035024847E-002  -1.0734530121751835     
   89.506730305291427        8.7437303881271883E-002  -1.1024077808749893     
   89.704316906406859        8.1162844141238116E-002  -1.1307993046989264     
   89.901903507522292        7.4896647000337296E-002  -1.1586161933842571     
   90.099490108637724        6.8641461019736227E-002  -1.1858472706669152     
   90.297076709753156        6.2400029930740779E-002  -1.2124815758307859     
   90.494663310868589        5.6175091431308860E-002  -1.2385083653547933     
   90.692249911984021        4.9969375985201410E-002  -1.2639171146685990     
   90.889836513099453        4.3785605624314973E-002  -1.2886975200260604     
   91.087423114214886        3.7626492754704290E-002  -1.3128395005054243     
   91.285009715330318        3.1494738966835079E-002  -1.3363332001435098     
   91.482596316445751        2.5393033850575591E-002  -1.3591689902107731     
   91.680182917561183        1.9324053815451991E-002  -1.3813374716327007     
   91.877769518676615        1.3290460916690408E-002  -1.4028294775619237     
   92.075356119792048        7.2949016875473172E-003  -1.4236360761047397     
   92.272942720907480        1.3400059784567098E-003  -1.4437485732040061     
   92.470529322022912       -4.5716141965132379E-003  -1.4631585156799487     
   92.668115923138345       -1.0437365805371954E-002  -1.4818576944286033     
   92.865702524253777       -1.6254675935599844E-002  -1.4998381477771807     
   93.063289125369209       -2.2020992922708940E-002  -1.5170921649938289     
   93.260875726484642       -2.7733787469491122E-002  -1.5336122899488354     
   93.458462327600074       -3.3390553755447527E-002  -1.5493913249225184     
   93.656048928715506       -3.8988810535928231E-002  -1.5644223345546628     
   93.853635529830939       -4.4526102230484310E-002  -1.5786986499285840     
   94.051222130946371       -4.9999999999970207E-002  -1.5922138727825437     
   94.248808732061804       -5.5408102811909304E-002  -1.6049618798395737     
   94.446395333177236       -6.0748038493669748E-002  -1.6169368272463991     
   94.643981934292668       -6.6017464772974044E-002  -1.6281331551105975     
   94.841568535408101       -7.1214070305300858E-002  -1.6385455921248431     
   95.039155136523533       -7.6335575687713819E-002  -1.6481691602656041     
   95.236741737638965       -8.1379734458684461E-002  -1.6569991795534160     
   95.434328338754398       -8.6344334083465674E-002  -1.6650312728607088     
   95.631914939869830       -9.1227196924579645E-002  -1.6722613707525356     
   95.829501540985262       -9.6026181197004956E-002  -1.6786857163451552     
   96.027088142100695      -0.10073918190763098       -1.6843008701663638     
   96.224674743216127      -0.10536413177858073       -1.6891037150015245     
   96.422261344331559      -0.10989900215398396       -1.6930914607081646     
   96.619847945446992      -0.11434180388981599       -1.6962616489822644     
   96.817434546562424      -0.11869058822639872       -1.6986121580583906     
   97.015021147677857      -0.12294344764319415       -1.7001412073262245     
   97.212607748793289      -0.12709851669550312       -1.7008473618452304     
   97.410194349908721      -0.13115397283271366       -1.7007295367396940     
   97.607780951024154      -0.13510803719772915       -1.6997870014557841     
   97.805367552139586      -0.13895897540723681       -1.6980193838628426     
   98.002954153255018      -0.14270509831246253       -1.6954266741807431     
   98.200540754370451      -0.14634476274009020       -1.6920092287157991     
   98.398127355485883      -0.14987637221300926       -1.6877677733875409     
   98.595713956601315      -0.15329837765058471       -1.6827034070294258     
   98.793300557716748      -0.15660927804813288       -1.6768176044465337     
   98.990887158832180      -0.15980762113531297       -1.6701122192141957     
   99.188473759947613      -0.16289200401314116       -1.6625894862016946     
   99.386060361063045      -0.16586107376934703       -1.6542520238059519     
   99.583646962178477      -0.16871352807180726       -1.6451028358808546     
   99.781233563293910      -0.17144811573978977       -1.6351453133483660     
   99.978820164409342      -0.17406363729276494       -1.6243832354786836     
   100.17640676552477      -0.17655894547653542       -1.6128207708271927     
   100.37399336664021      -0.17893294576646149       -1.6004624778172329     
   100.57157996775564      -0.18118459684755409       -1.5873133049582917     
   100.76916656887107      -0.18331291107123174       -1.5733785906905435     
   100.96675316998650      -0.18531695488853414       -1.5586640628474069     
   101.16433977110194      -0.18719584925960905       -1.5431758377291211     
   101.36192637221737      -0.18894877003928703       -1.5269204187812240     
   101.55951297333280      -0.19057494833857971       -1.5099046948731281     
   101.75709957444823      -0.19207367086193913       -1.4921359381729797     
   101.95468617556367      -0.19344428022013357       -1.4736218016163605     
   102.15227277667910      -0.19468617521859924       -1.4543703159673504     
   102.34985937779453      -0.19579881112114497       -1.4343898864719069     
   102.54744597890996      -0.19678169988889080       -1.4136892891045334     
   102.74503258002539      -0.19763441039433841       -1.3922776664105641     
   102.94261918114083      -0.19835656861047787       -1.3701645229474746     
   103.14020578225626      -0.19894785777484794       -1.3473597203299388     
   103.33779238337169      -0.19940801852847898       -1.3238734718844598     
   103.53537898448712      -0.19973684902965586       -1.2997163369205695     
   103.73296558560256      -0.19993420504245282       -1.2748992146268316     
   103.93055218671799      -0.19999999999999998       -1.2494333376008471     
   104.12813878783342      -0.19993420504245449       -1.2233302650236884     
   104.32572538894885      -0.19973684902965919       -1.1966018754901306     
   104.52331199006429      -0.19940801852848397       -1.1692603595071507     
   104.72089859117972      -0.19894785777485471       -1.1413182116740630     
   104.91848519229515      -0.19835656861048620       -1.1127882225585819     
   105.11607179341058      -0.19763441039434845       -1.0836834702840403     
   105.31365839452602      -0.19678169988890240       -1.0540173118436891     
   105.51124499564145      -0.19579881112115829       -1.0238033741588790     
   105.70883159675688      -0.19468617521861428      -0.99305554489850822     
   105.90641819787231      -0.19344428022015028      -0.96178796307784387     
   106.10400479898775      -0.19207367086195745      -0.93001500945530458     
   106.30159140010318      -0.19057494833859953      -0.89775129674635901     
   106.49917800121861      -0.18894877003930857      -0.86501165967405980     
   106.69676460233404      -0.18719584925963209      -0.83181114487610619     
   106.89435120344947      -0.18531695488855895      -0.79816500068867147     
   107.09193780456491      -0.18331291107125799      -0.76408866682725640     
   107.28952440568034      -0.18118459684758206      -0.72959776398522425     
   107.48711100679577      -0.17893294576649080      -0.69470808337044188     
   107.68469760791120      -0.17655894547656650      -0.65943557620068982     
   107.88228420902664      -0.17406363729279736      -0.62379634317817145     
   108.07987081014207      -0.17144811573982391      -0.58780662396352445     
   108.27745741125750      -0.16871352807184262      -0.55148278666921002     
   108.47504401237293      -0.16586107376938417      -0.51484131739215933     
   108.67263061348837      -0.16289200401317958      -0.47789880980481075     
   108.87021721460380      -0.15980762113535305      -0.44067195482358940     
   109.06780381571923      -0.15660927804817412      -0.40317753037297155     
   109.26539041683466      -0.15329837765062768      -0.36543239126304722     
   109.46297701795010      -0.14987637221305367      -0.32745345919747876     
   109.66056361906553      -0.14634476274013597      -0.28925771292842162     
   109.85815022018096      -0.14270509831250966      -0.25086217857377657     
   110.05573682129639      -0.13895897540728497      -0.21228392011173766     
   110.25332342241182      -0.13510803719777897      -0.17354003006635271     
   110.45091002352726      -0.13115397283276439      -0.13464762039712541     
   110.64849662464269      -0.12709851669555555       -9.5623813604685748E-002
   110.84608322575812      -0.12294344764324749       -5.6485734063338747E-002
   111.04366982687355      -0.11869058822645362       -1.7250499590660249E-002
   111.24125642798899      -0.11434180388987170        2.2064786737285406E-002
   111.43884302910442      -0.10989900215404125        6.1443044517067155E-002
   111.63642963021985      -0.10536413177863879       0.10086722368901312     
   111.83401623133528      -0.10073918190769057       0.14032031194256406     
   112.03160283245072       -9.6026181197065241E-002  0.17978534185180858     
   112.22918943356615       -9.1227196924641429E-002  0.21924539773775567     
   112.42677603468158       -8.6344334083528096E-002  0.25868362225562003     
   112.62436263579701       -8.1379734458748298E-002  0.29808322270599824     
   112.82194923691245       -7.6335575687778240E-002  0.33742747707053766     
   113.01953583802788       -7.1214070305366667E-002  0.37669973977329846     
   113.21712243914331       -6.6017464773040824E-002  0.41588344717066777     
   113.41470904025874       -6.0748038493737416E-002  0.45496212277327797     
   113.61229564137417       -5.5408102811977888E-002  0.49391938220500742     
   113.80988224248961       -5.0000000000039152E-002  0.53273893790464621     
   114.00746884360504       -4.4526102230554560E-002  0.57140460357733724     
   114.20505544472047       -3.8988810535998841E-002  0.60990029840360116     
   114.40264204583590       -3.3390553755519359E-002  0.64821005101464124     
   114.60022864695134       -2.7733787469563176E-002  0.68631800324392578     
   114.79781524806677       -2.2020992922782215E-002  0.72420841366531774     
   114.99540184918220       -1.6254675935673299E-002  0.76186566092946495     
   115.19298845029763       -1.0437365805446519E-002  0.79927424691024695     
   115.39057505141307       -4.5716141965879142E-003  0.83641879967445176     
   115.58816165252850        1.3400059783809787E-003  0.87328407628778926     
   115.78574825364393        7.2949016874715444E-003  0.90985496547160327     
   115.98333485475936        1.3290460916613622E-002  0.94611649012445864     
   116.18092145587480        1.9324053815375261E-002  0.98205380972389833     
   116.37850805699023        2.5393033850497904E-002   1.0176522226233331     
   116.57609465810566        3.1494738966757516E-002   1.0528971682600261     
   116.77368125922109        3.7626492754625845E-002   1.0877742292896311     
   116.97126786033652        4.3785605624236196E-002   1.1222691336636190     
   117.16885446145196        4.9969375985122341E-002   1.1563677566652737     
   117.36644106256739        5.6175091431229528E-002   1.1900561229206565     
   117.56402766368282        6.2400029930661745E-002   1.2233204084001565     
   117.76161426479825        6.8641461019656472E-002   1.2561469424267264     
   117.95920086591369        7.4896647000257915E-002   1.2885222097062885     
   118.15678746702912        8.1162844141158083E-002   1.3204328523954854     
   118.35437406814455        8.7437303881192294E-002   1.3518656722220146     
   118.55196066925998        9.3717274034944675E-002   1.3828076326716772     
   118.74954727037542        9.9999999999951891E-002   1.4132458612565097     
   118.94713387149085       0.10628272596495861        1.4431676518770606     
   119.14472047260628       0.11256269611871159        1.4725604672919781     
   119.34230707372171       0.11883715585874537        1.5014119417066361     
   119.53989367483715       0.12510335299964623        1.5297098834925176     
   119.73748027595258       0.13135853898024732        1.5574422780475332     
   119.93506687706801       0.13759997006924279        1.5845972908073243     
   120.13265347818344       0.14382490856867475        1.6111632704159426     
   120.33024007929887       0.15003062401478226        1.6371287520641080     
   120.52782668041431       0.15621439437566878        1.6624824610014879     
   120.72541328152974       0.16237350724527952        1.6872133162291514     
   120.92299988264517       0.16850526103314828        1.7113104343765655     
   121.12058648376060       0.17460696614940840        1.7347631337671030     
   121.31817308487604       0.18067594618453209        1.7575609386742199     
   121.51575968599147       0.18670953908329374        1.7796935837699628     
   121.71334628710690       0.19270509831243693        1.8011510187658559     
   121.91093288822233       0.19865999402152767        1.8219234132451296     
   122.10851948933777       0.20457161419649775        1.8420011616843996     
   122.30610609045320       0.21043736580535655        1.8613748886611503     
   122.50369269156863       0.21625467593558462        1.8800354542428617     
   122.70127929268406       0.22202099292269384        1.8979739595517713     
   122.89886589379950       0.22773378746947615        1.9151817524988202     
   123.09645249491493       0.23339055375543269        1.9316504336784437     
   123.29403909603036       0.23898881053591359        1.9473718624155159     
   123.49162569714579       0.24452610223046981        1.9623381629538961     
   123.68921229826122       0.24999999999995590        1.9765417307757360     
   123.88679889937666       0.25540810281189519        1.9899752390389285     
   124.08438550049209       0.26074803849365580        2.0026316451197981     
   124.28197210160752       0.26601746477296029        2.0145041972465245     
   124.47955870272295       0.27121407030528727        2.0255864412085551     
   124.67714530383839       0.27633557568770001        2.0358722271257235     
   124.87473190495382       0.28137973445867126        2.0453557162607052     
   125.07231850606925       0.28634433408345228        2.0540313878570480     
   125.26990510718468       0.29122719692456689        2.0618940459849249     
   125.46749170830012       0.29602618119699242        2.0689388263756143     
   125.66507830941555       0.30073918190761867        2.0751612032256501     
   125.86266491053098       0.30536413177856864        2.0805569959507717     
   126.06025151164641       0.30989900215397215        2.0851223758694952     
   126.25783811276185       0.31434180388980437        2.0888538727959380     
   126.45542471387728       0.31869058822638735        2.0917483815210187     
   126.65301131499271       0.32294344764318311        2.0938031681612337     
   126.85059791610814       0.32709851669549234        2.0950158763538749     
   127.04818451722358       0.33115397283270309        2.0953845332777874     
   127.24577111833901       0.33510803719771887        2.0949075554784859     
   127.44335771945444       0.33895897540722680        2.0935837544770250     
   127.64094432056987       0.34270509831245277        2.0914123421416986     
   127.83853092168530       0.34634476274008075        2.0883929358025246     
   128.03611752280074       0.34987637221300011        2.0845255630882349     
   128.23370412391617       0.35329837765057581        2.0798106664665341     
   128.43129072503160       0.35660927804812403        2.0742491074683538     
   128.62887732614703       0.35980762113530462        2.0678421705779173     
   128.82646392726247       0.36289200401313293        2.0605915667707122     
   129.02405052837790       0.36586107376933941        2.0524994366824680     
   129.22163712949333       0.36871352807179991        2.0435683533928843     
   129.41922373060876       0.37144811573978276        2.0338013248088558     
   129.61681033172420       0.37406363729275827        2.0232017956327355     
   129.81439693283963       0.37655894547652902        2.0117736489022948     
   130.01198353395506       0.37893294576645542        1.9995212070900066     
   130.20957013507049       0.38118459684754835        1.9864492327504313     
   130.40715673618593       0.38331291107122634        1.9725629287055906     
   130.60474333730136       0.38531695488852902        1.9578679377594390     
   130.80232993841679       0.38719584925960426        1.9423703419337619     
   130.99991653953222       0.38894877003928252        1.9260766612190636     
   131.19750314064765       0.39057494833857564        1.9089938518354093     
   131.39508974176309       0.39207367086193534        1.8911293039993464     
   131.59267634287852       0.39344428022013023        1.8724908391945367     
   131.79026294399395       0.39468617521859617        1.8530867069449690     
   131.98784954510938       0.39579881112114224        1.8329255810910885     
   132.18543614622482       0.39678169988888834        1.8120165555704271     
   132.38302274734025       0.39763441039433634        1.7903691397058810     
   132.58060934845568       0.39835656861047608        1.7679932530059475     
   132.77819594957111       0.39894785777484665        1.7448992194827690     
   132.97578255068655       0.39940801852847796        1.7210977614950431     
   133.17336915180198       0.39973684902965512        1.6965999931242983     
   133.37095575291741       0.39993420504245247        1.6714174130942574     
   133.56854235403284       0.40000000000000002        1.6455618972443122     
   133.76612895514828       0.39993420504245480        1.6190456905693622     
   133.96371555626371       0.39973684902965989        1.5918813988395035     
   134.16130215737914       0.39940801852848506        1.5640819798141301     
   134.35888875849457       0.39894785777485609        1.5356607340662132     
   134.55647535961000       0.39835656861048796        1.5066312954334817     
   134.75406196072544       0.39763441039435055        1.4770076211143253     
   134.95164856184087       0.39678169988890488        1.4468039814270310     
   135.14923516295630       0.39579881112116111        1.4160349492520532     
   135.34682176407173       0.39468617521861737        1.3847153891775705     
   135.54440836518717       0.39344428022015376        1.3528604463695506     
   135.74199496630260       0.39207367086196132        1.3204855351880092     
   135.93958156741803       0.39057494833860384        1.2876063275719207     
   136.13716816853346       0.38894877003931305        1.2542387412156049     
   136.33475476964890       0.38719584925963701        1.2203989275598983     
   136.53234137076433       0.38531695488856410        1.1861032596217937     
   136.72992797187976       0.38331291107126342        1.1513683196864910     
   136.92751457299519       0.38118459684758788        1.1162108868859757     
   137.12510117411063       0.37893294576649694        1.0806479246882821     
   137.32268777522606       0.37655894547657298        1.0446965683218612     
   137.52027437634149       0.37406363729280412        1.0083741121590062     
   137.71786097745692       0.37144811573983094       0.97169799708264737     
   137.91544757857235       0.36871352807184998       0.93468579786007500     
   138.11303417968779       0.36586107376939181       0.89735521054733669     
   138.31062078080322       0.36289200401318755       0.85972403994725433     
   138.50820738191865       0.35980762113536136       0.82181018714392751     
   138.70579398303408       0.35660927804818277       0.78363163713563999     
   138.90338058414952       0.35329837765063654       0.74520644658790913     
   139.10096718526495       0.34987637221306284       0.70655273172737021     
   139.29855378638038       0.34634476274014547       0.66768865639672415     
   139.49614038749581       0.34270509831251939       0.62863242028990729     
   139.69372698861125       0.33895897540729530       0.58940224738607550     
   139.89131358972668       0.33510803719778925       0.55001637459971398     
   140.08890019084211       0.33115397283277537       0.51049304066358792     
   140.28648679195754       0.32709851669556633       0.47085047525977985     
   140.48407339307298       0.32294344764325855       0.43110688841350209     
   140.68165999418841       0.31869058822646495       0.39128046016273332     
   140.87924659530384       0.31434180388988331       0.35138933051591065     
   141.07683319641927       0.30989900215405314       0.31145158970874487     
   141.27441979753470       0.30536413177865085       0.27148526876965584     
   141.47200639865014       0.30073918190770288       0.23150833040262025     
   141.66959299976557       0.29602618119707780       0.19153866019442609     
   141.86717960088100       0.29122719692465415       0.15159405815257240     
   142.06476620199643       0.28634433408354110       0.11169223057831465     
   142.26235280311187       0.28137973445876152        7.1850782278501571E-002
   142.45993940422730       0.27633557568779166        3.2087209118216733E-002
   142.65752600534273       0.27121407030538031       -7.5811090847029139E-003
   142.85511260645816       0.26601746477305466       -4.7136915323801529E-002
   143.05269920757360       0.26074803849375139       -8.6563081828139987E-002
   143.25028580868903       0.25540810281199211      -0.12584261614947245     
   143.44787240980446       0.25000000000005401      -0.16495866691619709     
   143.64545901091989       0.24452610223056911      -0.20389452925945878     
   143.84304561203533       0.23898881053601398      -0.24263364991742878     
   144.04063221315076       0.23339055375553419      -0.28115963202536998     
   144.23821881426619       0.22773378746957817      -0.31945623959960368     
   144.43580541538162       0.22202099292279737      -0.35750740172499362     
   144.63339201649706       0.21625467593568856      -0.39529721645620208     
   144.83097861761249       0.21043736580546193      -0.43280995444380854     
   145.02856521872792       0.20457161419660344      -0.47003006229764999     
   145.22615181984335       0.19865999402163464      -0.50694216569984696     
   145.42373842095878       0.19270509831254420      -0.54353107228143793     
   145.62132502207422       0.18670953908340221      -0.57978177427645627     
   145.81891162318965       0.18067594618464070      -0.61567945096854648     
   146.01649822430508       0.17460696614951815      -0.65120947094510984     
   146.21408482542051       0.16850526103325861      -0.68635739417498498     
   146.41167142653595       0.16237350724539035      -0.72110897392545137     
   146.60925802765138       0.15621439437578008      -0.75545015853526609     
   146.80684462876681       0.15003062401489398      -0.78936709305997987     
   147.00443122988224       0.14382490856878688      -0.82284612080664199     
   147.20201783099768       0.13759997006935523      -0.85587378477435183     
   147.39960443211311       0.13135853898036001      -0.88843682901780219     
   147.59719103322854       0.12510335299975911      -0.92052219995020623     
   147.79477763434397       0.11883715585885846      -0.95211704760251969     
   147.99236423545941       0.11256269611882425      -0.98320872685496408     
   148.18995083657484       0.10628272596507189       -1.0137847986571655     
   148.38753743769027       0.10000000000006468       -1.0438330312524704     
   148.58512403880570        9.3717274035057960E-002  -1.0733414014215561     
   148.78271063992113        8.7437303881304967E-002  -1.1022980957603372     
   148.98029724103657        8.1162844141271173E-002  -1.1306915120059853     
   149.17788384215200        7.4896647000370298E-002  -1.1585102604249262     
   149.37547044326743        6.8641461019769159E-002  -1.1857431652752914     
   149.57305704438286        6.2400029930773628E-002  -1.2123792663562662     
   149.77064364549830        5.6175091431341619E-002  -1.2384078206552451     
   149.96823024661373        4.9969375985234071E-002  -1.2638183041035920     
   150.16581684772916        4.3785605624347503E-002  -1.2886004134501692     
   150.36340344884459        3.7626492754736680E-002  -1.3127440682615930     
   150.56099004996003        3.1494738966867830E-002  -1.3362394130564696     
   150.75857665107546        2.5393033850607649E-002  -1.3590768195805796     
   150.95616325219089        1.9324053815484396E-002  -1.3812468892282106     
   151.15374985330632        1.3290460916722105E-002  -1.4027404556145056     
   151.35133645442176        7.2949016875793055E-003  -1.4235485873018614     
   151.54892305553719        1.3400059784874907E-003  -1.4436625906830771     
   151.74650965665262       -4.5716141964822071E-003  -1.4630740130220028     
   151.94409625776805       -1.0437365805341173E-002  -1.4817746456522711     
   152.14168285888348       -1.6254675935568841E-002  -1.4997565273325462     
   152.33926945999892       -2.2020992922679186E-002  -1.5170119477564761     
   152.53685606111435       -2.7733787469461146E-002  -1.5335334512137835     
   152.73444266222978       -3.3390553755417857E-002  -1.5493138403984319     
   152.93202926334521       -3.8988810535898422E-002  -1.5643461803579441     
   153.12961586446065       -4.4526102230455722E-002  -1.5786238025776504     
   153.32720246557608       -4.9999999999941508E-002  -1.5921403091920068     
   153.52478906669151       -5.5408102811880966E-002  -1.6048895773146674     
   153.72237566780694       -6.0748038493641299E-002  -1.6168657634773123     
   153.91996226892238       -6.6017464772946871E-002  -1.6280633081669749     
   154.11754887003781       -7.1214070305273658E-002  -1.6384769404501940     
   154.31513547115324       -7.6335575687686563E-002  -1.6481016826719477     
   154.51272207226867       -8.1379734458657649E-002  -1.6569328552158753     
   154.71030867338411       -8.6344334083439722E-002  -1.6649660813121701     
   154.90789527449954       -9.1227196924554083E-002  -1.6721972918783561     
   155.10548187561497       -9.6026181196979449E-002  -1.6786227303779642     
   155.30306847673040      -0.10073918190760672       -1.6842389576809302     
   155.50065507784583      -0.10536413177855655       -1.6890428569095604     
   155.69824167896127      -0.10989900215396028       -1.6930316382533550     
   155.89582828007670      -0.11434180388979243       -1.6962028437352119     
   156.09341488119213      -0.11869058822637643       -1.6985543519117206     
   156.29100148230756      -0.12294344764317203       -1.7000843824896030     
   156.48858808342300      -0.12709851669548147       -1.7007915008406074     
   156.68617468453843      -0.13115397283269220       -1.7006746223964684     
   156.88376128565386      -0.13510803719770895       -1.6997330169061056     
   157.08134788676929      -0.13895897540721677       -1.6979663125368605     
   157.27893448788473      -0.14270509831244305       -1.6953744998020477     
   157.47652108900016      -0.14634476274007102       -1.6919579352967995     
   157.67410769011559      -0.14987637221299124       -1.6877173452249741     
   157.87169429123102      -0.15329837765056695       -1.6826538286998189     
   158.06928089234646      -0.15660927804811545       -1.6767688608018403     
   158.26686749346189      -0.15980762113529615       -1.6700642953774030     
   158.46445409457732      -0.16289200401312523       -1.6625423675624973     
   158.66204069569275      -0.16586107376933171       -1.6542056960164735     
   158.85962729680818      -0.16871352807179227       -1.6450572848514295     
   159.05721389792362      -0.17144811573977589       -1.6351005252433963     
   159.25480049903905      -0.17406363729275151       -1.6243391967124619     
   159.45238710015448      -0.17655894547652259       -1.6127774680598845     
   159.64997370126991      -0.17893294576644905       -1.6004198979508226     
   159.84756030238535      -0.18118459684754276       -1.5872714351326389     
   160.04514690350078      -0.18331291107122086       -1.5733374182794109     
   160.24273350461621      -0.18531695488852393       -1.5586235754546292     
   160.44032010573164      -0.18719584925959934       -1.5431360231847591     
   160.63790670684708      -0.18894877003927826       -1.5268812651378010     
   160.83549330796251      -0.19057494833857150       -1.5098661904018640     
   161.03307990907794      -0.19207367086193158       -1.4920980713601490     
   161.23066651019337      -0.19344428022012658       -1.4735845611596294     
   161.42825311130881      -0.19468617521859313       -1.4543336907722053     
   161.62583971242424      -0.19579881112113942       -1.4343538656480908     
   161.82342631353967      -0.19678169988888586       -1.4136538619625716     
   162.02101291465510      -0.19763441039433419       -1.3922428224583079     
   162.21859951577053      -0.19835656861047443       -1.3701302518866940     
   162.41618611688597      -0.19894785777484522       -1.3473260120529658     
   162.61377271800140      -0.19940801852847687       -1.3238403164708743     
   162.81135931911683      -0.19973684902965447       -1.2996837246339445     
   163.00894592023226      -0.19993420504245210       -1.2748671359114965     
   163.20653252134770      -0.19999999999999998       -1.2494017830787159     
   163.40411912246313      -0.19993420504245515       -1.2232992254911261     
   163.60170572357856      -0.19973684902966052       -1.1965713419148609     
   163.79929232469399      -0.19940801852848603       -1.1692303230252139     
   163.99687892580943      -0.19894785777485743       -1.1412886635868094     
   164.19446552692486      -0.19835656861048975       -1.1127591543297135     
   164.39205212804029      -0.19763441039435256       -1.0836548735366860     
   164.58963872915572      -0.19678169988890729       -1.0539891783575450     
   164.78722533027116      -0.19579881112116385       -1.0237756958673618     
   164.98481193138659      -0.19468617521862056      -0.99302831388596868     
   165.18239853250202      -0.19344428022015706      -0.96176117157681396     
   165.37998513361745      -0.19207367086196500      -0.92998864984379548     
   165.57757173473289      -0.19057494833860791      -0.89772536154518456     
   165.77515833584832      -0.18894877003931762      -0.86498614154420406     
   165.97274493696375      -0.18719584925964169      -0.83178603661614370     
   166.17033153807918      -0.18531695488856917      -0.79814029523221997     
   166.36791813919461      -0.18331291107126904      -0.76406435724046551     
   166.56550474031005      -0.18118459684759339      -0.72957384346428533     
   166.76309134142548      -0.17893294576650295      -0.69468454523919521     
   166.96067794254091      -0.17655894547657933      -0.65941241390819250     
   167.15826454365634      -0.17406363729281107      -0.62377355029636672     
   167.35585114477178      -0.17144811573983779      -0.58778419418489003     
   167.55343774588721      -0.16871352807185738      -0.55146071380453043     
   167.75102434700264      -0.16586107376939949      -0.51481959536822675     
   167.94861094811807      -0.16289200401319578      -0.47787743266225158     
   168.14619754923351      -0.15980762113536931      -0.44065091671465656     
   168.34378415034894      -0.15660927804819127      -0.40315682555946414     
   168.54137075146437      -0.15329837765064538      -0.36541201411414881     
   168.73895735257980      -0.14987637221307229      -0.32743340418773209     
   168.93654395369524      -0.14634476274015459      -0.28923797463565448     
   169.13413055481067      -0.14270509831252912      -0.25084275167716780     
   169.33171715592610      -0.13895897540730529      -0.21226479938979359     
   169.52930375704153      -0.13510803719779987      -0.17352121039499382     
   169.72689035815696      -0.13115397283278551      -0.13462909674779033     
   169.92447695927240      -0.12709851669557717       -9.5605581042483831E-002
   170.12206356038783      -0.12294344764326998       -5.6467787745202502E-002
   170.31965016150326      -0.11869058822647588       -1.7232834763509799E-002
   170.51723676261869      -0.11434180388989490        2.2082174738227132E-002
   170.71482336373413      -0.10989900215406495        6.1460160270099519E-002
   170.91240996484956      -0.10536413177866333       0.10088407168761306     
   171.10999656596499      -0.10073918190771478       0.14033689659711096     
   171.30758316708042       -9.6026181197090332E-002  0.17980166749114698     
   171.50516976819586       -9.1227196924666937E-002  0.21926146861090395     
   171.70275636931129       -8.6344334083554464E-002  0.25869944253329941     
   171.90034297042672       -8.1379734458774278E-002  0.29809879648224757     
   172.09792957154215       -7.6335575687805052E-002  0.33744280836415735     
   172.29551617265759       -7.1214070305393895E-002  0.37671483252943827     
   172.49310277377302       -6.6017464773068857E-002  0.41589830526224963     
   172.69068937488845       -6.0748038493764922E-002  0.45497675000249821     
   172.88827597600388       -5.5408102812006227E-002  0.49393378230466045     
   173.08586257711931       -5.0000000000068323E-002  0.53275311453960827     
   173.28344917823475       -4.4526102230584064E-002  0.57141856034591154     
   173.48103577935018       -3.8988810536028179E-002  0.60991403883884898     
   173.67862238046561       -3.3390553755549002E-002  0.64822357858567503     
   173.87620898158104       -2.7733787469593624E-002  0.68633132135722519     
   174.07379558269648       -2.2020992922811983E-002  0.72422152566603237     
   174.27138218381191       -1.6254675935703816E-002  0.76187857010255211     
   174.46896878492734       -1.0437365805477314E-002  0.79928695648179360     
   174.66655538604277       -4.5716141966194584E-003  0.83643131281280458     
   174.86414198715821        1.3400059783502116E-003  0.87329639610478593     
   175.06172858827364        7.2949016874400696E-003  0.90986709502361285     
   175.25931518938907        1.3290460916581939E-002  0.94612843241361355     
   175.45690179050450        1.9324053815342856E-002  0.98206556769913000     
   175.65448839161994        2.5393033850466359E-002   1.0176637991815172     
   175.85207499273537        3.1494738966725291E-002   1.0529085662469280     
   176.04966159385080        3.7626492754593462E-002   1.0877854515010554     
   176.24724819496623        4.3785605624203160E-002   1.1222801828463578     
   176.44483479608166        4.9969375985090228E-002   1.1563786355181662     
   176.64242139719710        5.6175091431196776E-002   1.1900668340954510     
   176.84000799831253        6.2400029930628369E-002   1.2233309545025679     
   177.03759459942796        6.8641461019623012E-002   1.2561573260173473     
   177.23518120054339        7.4896647000224914E-002   1.2885324333014909     
   177.43276780165883        8.1162844141125040E-002   1.3204429184682953     
   177.63035440277426        8.7437303881158682E-002   1.3518755832030134     
   177.82794100388969        9.3717274034912104E-002   1.3828173909499049     
