   2.2169581277431953E-002  0.10000000000000001        2.1530502319999210     
   4.4339162554863906E-002  0.10628272596500710        2.2603937952838011     
   6.6508743832295852E-002  0.11256269611875989        2.3664194651653405     
   8.8678325109727812E-002  0.11883715585879401        2.4710913634716825     
  0.11084790638715977       0.12510335299969466        2.5743740292674051     
  0.13301748766459173       0.13135853898029604        2.6762324333671379     
  0.15518706894202369       0.13759997006929128        2.7766319925088445     
  0.17735665021945565       0.14382490856872349        2.8755385832007501     
  0.19952623149688761       0.15003062401483069        2.9729185552553421     
  0.22169581277431957       0.15621439437571741        3.0687387450244086     
  0.24386539405175153       0.16237350724532781        3.1629664883492619     
  0.26603497532918347       0.16850526103319674        3.2555696332407389     
  0.28820455660661543       0.17460696614945642        3.3465165523035800     
  0.31037413788404739       0.18067594618457972        3.4357761549200525     
  0.33254371916147935       0.18670953908334148        3.5233178992075822     
  0.35471330043891131       0.19270509831248422        3.6091118037651819     
  0.37688288171634327       0.19865999402157497        3.6931284592233062     
  0.39905246299377523       0.20457161419654457        3.7753390396115085     
  0.42122204427120719       0.21043736580540340        3.8557153135580591     
  0.44339162554863915       0.21625467593563091        3.9342296553352272     
  0.46556120682607111       0.22202099292274008        4.0108550557635434     
  0.48773078810350307       0.22773378746952183        4.0855651329878029     
  0.50990036938093497       0.23339055375547826        4.1583341431369751     
  0.53206995065836693       0.23898881053595852        4.2291369908795540     
  0.55423953193579889       0.24452610223051460        4.2979492398851091     
  0.57640911321323085       0.25000000000000000        4.3647471232020223     
  0.59857869449066281       0.25540810281193910        4.4295075535605468     
  0.62074827576809477       0.26074803849369899        4.4922081336094033     
  0.64291785704552673       0.26601746477300325        4.5528271660931701     
  0.66508743832295869       0.27121407030532951        4.6113436639766778     
  0.68725701960039065       0.27633557568774197        4.6677373605216292     
  0.70942660087782261       0.28137973445871245        4.7219887193194685     
  0.73159618215525457       0.28634433408349313        4.7740789442834997     
  0.75376576343268653       0.29122719692460691        4.8239899896019569     
  0.77593534471011849       0.29602618119703161        4.8717045696526808     
  0.79810492598755045       0.30073918190765747        4.9172061688786952     
  0.82027450726498241       0.30536413177860661        4.9604790516228459     
  0.84244408854241437       0.30989900215400967        5.0015082719184134     
  0.86461366981984633       0.31434180388984101        5.0402796832312626     
  0.88678325109727829       0.31869058822642349        5.0767799481480251     
  0.90895283237471025       0.32294344764321825        5.1109965480033379     
  0.93112241365214221       0.32709851669552692        5.1429177924381539     
  0.95329199492957417       0.33115397283273684        5.1725328288797376     
  0.97546157620700613       0.33510803719775195        5.1998316519328718     
  0.99763115748443809       0.33895897540725894        5.2248051126705981     
   1.0198007387618699       0.34270509831248419        5.2474449278116220     
   1.0419703200393018       0.34634476274011117        5.2677436887705342     
   1.0641399013167336       0.34987637221302981        5.2856948705657469     
   1.0863094825941655       0.35329837765060446        5.3012928405692374     
   1.1084790638715973       0.35660927804815190        5.3145328670810619     
   1.1306486451490292       0.35980762113533149        5.3254111277107397     
   1.1528182264264610       0.36289200401315902        5.3339247175468127     
   1.1749878077038929       0.36586107376936439        5.3400716570950033     
   1.1971573889813247       0.36871352807182378        5.3438508999647292     
   1.2193269702587566       0.37144811573980574        5.3452623402830985     
   1.2414965515361884       0.37406363729278014        5.3443068198148467     
   1.2636661328136203       0.37655894547655000        5.3409861347663021     
   1.2858357140910521       0.37893294576647529        5.3353030422509278     
   1.3080052953684840       0.38118459684756734        5.3272612663937631     
   1.3301748766459158       0.38331291107124421        5.3168655040517487     
   1.3523444579233477       0.38531695488854600        5.3041214301267869     
   1.3745140392007795       0.38719584925962003        5.2890357024483663     
   1.3966836204782114       0.38894877003929729        5.2716159662025008     
   1.4188532017556432       0.39057494833858919        5.2518708578839330     
   1.4410227830330751       0.39207367086194800        5.2298100087486326     
   1.4631923643105069       0.39344428022014155        5.2054440477440966     
   1.4853619455879388       0.39468617521860649        5.1787846038951040     
   1.5075315268653706       0.39579881112115134        5.1498443081232219     
   1.5297011081428025       0.39678169988889644        5.1186367944788937     
   1.5518706894202343       0.39763441039434322        5.0851767007654338     
   1.5740402706976662       0.39835656861048196        5.0494796685352767     
   1.5962098519750980       0.39894785777485120        5.0115623424393032     
   1.6183794332525299       0.39940801852848140        4.9714423689112710     
   1.6405490145299617       0.39973684902965745        4.9291383941701294     
   1.6627185958073936       0.39993420504245358        4.8846700615241954     
   1.6848881770848254       0.40000000000000002        4.8380580079622293     
   1.7070577583622573       0.39993420504245369        4.7893238600176389     
   1.7292273396396891       0.39973684902965756        4.7384902288933652     
   1.7513969209171210       0.39940801852848151        4.6855807048362426     
   1.7735665021945528       0.39894785777485142        4.6306198507510814     
   1.7957360834719847       0.39835656861048208        4.5736331950460594     
   1.8179056647494165       0.39763441039434344        4.5146472237026893     
   1.8400752460268484       0.39678169988889667        4.4536893715648000     
   1.8622448273042802       0.39579881112115167        4.3907880128429388     
   1.8844144085817121       0.39468617521860683        4.3259724508318946     
   1.9065839898591439       0.39344428022014188        4.2592729068407582     
   1.9287535711365758       0.39207367086194833        4.1907205083366428     
   1.9509231524140076       0.39057494833858963        4.1203472763046767     
   1.9730927336914394       0.38894877003929784        4.0481861118287377     
   1.9952623149688713       0.38719584925962058        3.9742707818989249     
   2.0174318962463031       0.38531695488854645        3.8986359044534709     
   2.0396014775237350       0.38331291107124477        3.8213169326644825     
   2.0617710588011668       0.38118459684756789        3.7423501384784799     
   2.0839406400785987       0.37893294576647596        3.6617725954244111     
   2.1061102213560305       0.37655894547655067        3.5796221607033383     
   2.1282798026334624       0.37406363729278080        3.4959374565756165     
   2.1504493839108942       0.37144811573980652        3.4107578510628778     
   2.1726189651883261       0.36871352807182445        3.3241234379836397     
   2.1947885464657579       0.36586107376936516        3.2360750163428902     
   2.2169581277431898       0.36289200401315980        3.1466540690971403     
   2.2391277090206216       0.35980762113533238        3.0559027413181621     
   2.2612972902980535       0.35660927804815290        2.9638638177795062     
   2.2834668715754853       0.35329837765060546        2.8705806999914008     
   2.3056364528529172       0.34987637221303075        2.7760973827106534     
   2.3278060341303490       0.34634476274011217        2.6804584299532261     
   2.3499756154077809       0.34270509831248530        2.5837089505382309     
   2.3721451966852127       0.33895897540725994        2.4858945731929336     
   2.3943147779626446       0.33510803719775301        2.3870614212492720     
   2.4164843592400764       0.33115397283273795        2.2872560869630152     
   2.4386539405175083       0.32709851669552814        2.1865256054874744     
   2.4608235217949401       0.32294344764321953        2.0849174285342191     
   2.4829931030723720       0.31869058822642471        1.9824793977536430     
   2.5051626843498038       0.31434180388984240        1.8792597178687580     
   2.5273322656272357       0.30989900215401101        1.7753069295957216     
   2.5495018469046675       0.30536413177860799        1.6706698823849941     
   2.5716714281820994       0.30073918190765903        1.5653977070169243     
   2.5938410094595312       0.29602618119703317        1.4595397880857082     
   2.6160105907369631       0.29122719692460852        1.3531457364055823     
   2.6381801720143949       0.28634433408349469        1.2462653613727910     
   2.6603497532918268       0.28137973445871417        1.1389486433168168     
   2.6825193345692586       0.27633557568774370        1.0312457058737461     
   2.7046889158466905       0.27121407030533129       0.92320678841446036     
   2.7268584971241223       0.26601746477300514       0.81488221855954868     
   2.7490280784015542       0.26074803849370087       0.70632238481237364     
   2.7711976596789860       0.25540810281194098       0.59757770934098942     
   2.7933672409564179       0.25000000000000194       0.48869862093873240     
   2.8155368222338497       0.24452610223051666       0.37973552819255146     
   2.8377064035112816       0.23898881053596061       0.27073879288713565     
   2.8598759847887134       0.23339055375548035       0.16175870367192832     
   2.8820455660661453       0.22773378746952405        5.2845450016981717E-002
   2.9042151473435771       0.22202099292274233       -5.5950903517467426E-002
   2.9263847286210090       0.21625467593563316      -0.16458044267400318     
   2.9485543098984408       0.21043736580540567      -0.27299342853128183     
   2.9707238911758727       0.20457161419654699      -0.38114032215633215     
   2.9928934724533045       0.19865999402157741      -0.48897180885616526     
   3.0150630537307364       0.19270509831248667      -0.59643882201022180     
   3.0372326350081682       0.18670953908334403      -0.70349256646673952     
   3.0594022162856001       0.18067594618458230      -0.81008454148739095     
   3.0815717975630319       0.17460696614945903      -0.91616656322609746     
   3.1037413788404637       0.16850526103319932       -1.0216907867293892     
   3.1259109601178956       0.16237350724533053       -1.1266097274471305     
   3.1480805413953274       0.15621439437572013       -1.2308762822439450     
   3.1702501226727593       0.15003062401483341       -1.3344437499031319     
   3.1924197039501911       0.14382490856872635       -1.4372658511163841     
   3.2145892852276230       0.13759997006929414       -1.5392967479540904     
   3.2367588665050548       0.13135853898029892       -1.6404910628123581     
   3.2589284477824867       0.12510335299969752       -1.7408038968345216     
   3.2810980290599185       0.11883715585879701       -1.8401908478060762     
   3.3032676103373504       0.11256269611876288       -1.9386080275235555     
   3.3254371916147822       0.10628272596501007       -2.0360120786390361     
   3.3476067728922141       0.10000000000000310       -2.1323601909833756     
   3.3697763541696459        9.3717274034996009E-002  -2.2276101173724969     
   3.3919459354470778        8.7437303881243197E-002  -2.3217201889021517     
   3.4141155167245096        8.1162844141209056E-002  -2.4146493297378830     
   3.4362850980019415        7.4896647000308542E-002  -2.5063570714078796     
   3.4584546792793733        6.8641461019707140E-002  -2.5968035666074867     
   3.4806242605568052        6.2400029930711885E-002  -2.6859496025250413     
   3.5027938418342370        5.6175091431279793E-002  -2.7737566136996965     
   3.5249634231116689        4.9969375985172579E-002  -2.8601866944226062     
   3.5471330043891007        4.3785605624285850E-002  -2.9452026106936104     
   3.5693025856665326        3.7626492754675410E-002  -3.0287678117462926     
   3.5914721669439644        3.1494738966806601E-002  -3.1108464411547896     
   3.6136417482213963        2.5393033850546864E-002  -3.1914033475363008     
   3.6358113294988281        1.9324053815423556E-002  -3.2704040948636126     
   3.6579809107762600        1.3290460916661889E-002  -3.3478149724023831     
   3.6801504920536918        7.2949016875191036E-003  -3.4236030042881520     
   3.7023200733311237        1.3400059784283297E-003  -3.4977359587581747     
   3.7244896546085555       -4.5716141965412987E-003  -3.5701823570534104     
   3.7466592358859874       -1.0437365805400015E-002  -3.6409114820058761     
   3.7688288171634192       -1.6254675935627558E-002  -3.7098933863266370     
   3.7909983984408511       -2.2020992922736765E-002  -3.7770989006094209     
   3.8131679797182829       -2.7733787469518434E-002  -3.8424996410648173     
   3.8353375609957148       -3.3390553755474922E-002  -3.9060680169995399     
   3.8575071422731466       -3.8988810535955237E-002  -3.9677772380549485     
   3.8796767235505785       -4.4526102230511344E-002  -4.0276013212186239     
   3.9018463048280103       -4.9999999999996686E-002  -4.0855150976221593     
   3.9240158861054422       -5.5408102811935811E-002  -4.1414942191378854     
   3.9461854673828740       -6.0748038493695755E-002  -4.1955151647864763     
   3.9683550486603059       -6.6017464772999968E-002  -4.2475552469667859     
   3.9905246299377377       -7.1214070305326282E-002  -4.2975926175184558     
   4.0126942112151696       -7.6335575687738771E-002  -4.3456062736269851     
   4.0348637924926019       -8.1379734458709330E-002  -4.3915760635801817     
   4.0570333737700341       -8.6344334083490043E-002  -4.4354826923839354     
   4.0792029550474664       -9.1227196924604015E-002  -4.4773077272443107     
   4.1013725363248987       -9.6026181197028909E-002  -4.5170336029220204     
   4.1235421176023310      -0.10073918190765480       -4.5546436269642738     
   4.1457116988797633      -0.10536413177860407       -4.5901219848180057     
   4.1678812801571956      -0.10989900215400716       -4.6234537448273487     
   4.1900508614346279      -0.11434180388983867       -4.6546248631172533     
   4.2122204427120602      -0.11869058822642126       -4.6836221883639420     
   4.2343900239894925      -0.12294344764321613       -4.7104334664518888     
   4.2565596052669248      -0.12709851669552494       -4.7350473450158663     
   4.2787291865443571      -0.13115397283273492       -4.7574533778655193     
   4.3008987678217894      -0.13510803719775019       -4.7776420292888329     
   4.3230683490992217      -0.13895897540725730       -4.7956046782298385     
   4.3452379303766540      -0.14270509831248263       -4.8113336223347556     
   4.3674075116540862      -0.14634476274010974       -4.8248220818598586     
   4.3895770929315185      -0.14987637221302849       -4.8360642034332439     
   4.4117466742089508      -0.15329837765060325       -4.8450550636617917     
   4.4339162554863831      -0.15660927804815086       -4.8517906725736557     
   4.4560858367638154      -0.15980762113533056       -4.8562679768857029     
   4.4782554180412477      -0.16289200401315804       -4.8584848630845459     
   4.5004249993186800      -0.16586107376936346       -4.8584401603089722     
   4.5225945805961123      -0.16871352807182302       -4.8561336430208284     
   4.5447641618735446      -0.17144811573980515       -4.8515660334508093     
   4.5669337431509769      -0.17406363729277960       -4.8447390038049090     
   4.5891033244284092      -0.17655894547654952       -4.8356551782167791     
   4.6112729057058415      -0.17893294576647487       -4.8243181344307455     
   4.6334424869832738      -0.18118459684756696       -4.8107324051997935     
   4.6556120682607061      -0.18331291107124389       -4.7949034793825431     
   4.6777816495381384      -0.18531695488854569       -4.7768378027229117     
   4.6999512308155706      -0.18719584925961988       -4.7565427782959677     
   4.7221208120930029      -0.18894877003929714       -4.7340267666033915     
   4.7442903933704352      -0.19057494833858910       -4.7092990853019190     
   4.7664599746478675      -0.19207367086194785       -4.6823700085480882     
   4.7886295559252998      -0.19344428022014151       -4.6532507659429090     
   4.8107991372027321      -0.19468617521860651       -4.6219535410600230     
   4.8329687184801644      -0.19579881112115141       -4.5884914695414407     
   4.8551382997575967      -0.19678169988889641       -4.5528786367451000     
   4.8773078810350290      -0.19763441039434329       -4.5151300749290435     
   4.8994774623124613      -0.19835656861048198       -4.4752617599574096     
   4.9216470435898936      -0.19894785777485127       -4.4332906075141070     
   4.9438166248673259      -0.19940801852848147       -4.3892344688106402     
   4.9659862061447582      -0.19973684902965752       -4.3431121257752316     
   4.9881557874221905      -0.19993420504245366       -4.2949432857112706     
   5.0103253686996228      -0.19999999999999998       -4.2447485754138823     
   5.0324949499770550      -0.19993420504245366       -4.1925495347343542     
   5.0546645312544873      -0.19973684902965747       -4.1383686095831296     
   5.0768341125319196      -0.19940801852848142       -4.0822291443630982     
   5.0990036938093519      -0.19894785777485122       -4.0241553738259945     
   5.1211732750867842      -0.19835656861048193       -3.9641724143458199     
   5.1433428563642165      -0.19763441039434324       -3.9023062546043690     
   5.1655124376416488      -0.19678169988889635       -3.8385837456852134     
   5.1876820189190811      -0.19579881112115130       -3.7730325905735964     
   5.2098516001965134      -0.19468617521860634       -3.7056813330611065     
   5.2320211814739457      -0.19344428022014140       -3.6365593460551890     
   5.2541907627513780      -0.19207367086194779       -3.5656968192948861     
   5.2763603440288103      -0.19057494833858898       -3.4931247464755781     
   5.2985299253062426      -0.18894877003929703       -3.4188749117867459     
   5.3206995065836749      -0.18719584925961971       -3.3429798758681688     
   5.3428690878611071      -0.18531695488854552       -3.2654729611912918     
   5.3650386691385394      -0.18331291107124367       -3.1863882368738601     
   5.3872082504159717      -0.18118459684756680       -3.1057605029371538     
   5.4093778316934040      -0.17893294576647470       -3.0236252740165752     
   5.4315474129708363      -0.17655894547654935       -2.9400187625375471     
   5.4537169942482686      -0.17406363729277932       -2.8549778613699348     
   5.4758865755257009      -0.17144811573980481       -2.7685401259754916     
   5.4980561568031332      -0.16871352807182280       -2.6807437560639475     
   5.5202257380805655      -0.16586107376936329       -2.5916275767745520     
   5.5423953193579978      -0.16289200401315782       -2.5012310194009908     
   5.5645649006354301      -0.15980762113533023       -2.4095941016786200     
   5.5867344819128624      -0.15660927804815047       -2.3167574076539830     
   5.6089040631902947      -0.15329837765060292       -2.2227620671575283     
   5.6310736444677270      -0.14987637221302824       -2.1276497349013237     
   5.6532432257451593      -0.14634476274010949       -2.0314625692243613     
   5.6754128070225915      -0.14270509831248235       -1.9342432105088712     
   5.6975823883000238      -0.13895897540725691       -1.8360347592916408     
   5.7197519695774561      -0.13510803719774980       -1.7368807540950282     
   5.7419215508548884      -0.13115397283273450       -1.6368251490028896     
   5.7640911321323207      -0.12709851669552466       -1.5359122910070446     
   5.7862607134097530      -0.12294344764321585       -1.4341868971503331     
   5.8084302946871853      -0.11869058822642092       -1.3316940314926244     
   5.8305998759646176      -0.11434180388983831       -1.2284790819262876     
   5.8527694572420499      -0.10989900215400675       -1.1245877368678685     
   5.8749390385194822      -0.10536413177860357       -1.0200659618526771     
   5.8971086197969145      -0.10073918190765446      -0.91495997605904256     
   5.9192782010743468       -9.6026181197028465E-002 -0.80931622878879728     
   5.9414477823517791       -9.1227196924603571E-002 -0.70318137593047259     
   5.9636173636292114       -8.6344334083489627E-002 -0.59660225643126585     
   5.9857869449066436       -8.1379734458708775E-002 -0.48962586880361669     
   6.0079565261840759       -7.6335575687738105E-002 -0.38229934769173962     
   6.0301261074615082       -7.1214070305325700E-002 -0.27466994052292831     
   6.0522956887389405       -6.6017464772999246E-002 -0.16678498426790664     
   6.0744652700163728       -6.0748038493694867E-002  -5.8691882333861176E-002
   6.0966348512938051       -5.5408102811934756E-002   4.9561918387047044E-002
   6.1188044325712374       -4.9999999999995520E-002  0.15792895029153167     
   6.1409740138486697       -4.4526102230509901E-002  0.26636174764021575     
   6.1631435951261020       -3.8988810535953905E-002  0.37481286891350041     
   6.1853131764035343       -3.3390553755473451E-002  0.48323491892899084     
   6.2074827576809666       -2.7733787469516824E-002  0.59158057070206349     
   6.2296523389583989       -2.2020992922734919E-002  0.69980258703245357     
   6.2518219202358312       -1.6254675935625573E-002  0.80785384180064645     
   6.2739915015132635       -1.0437365805397891E-002  0.91568734095914839     
   6.2961610827906958       -4.5716141965391338E-003   1.0232562432048362     
   6.3183306640681280        1.3400059784306334E-003   1.1305138803198693     
   6.3405002453455603        7.2949016875215461E-003   1.2374137771697604     
   6.3626698266229926        1.3290460916664470E-002   1.3439096713486784     
   6.3848394079004249        1.9324053815426415E-002   1.4499555324631217     
   6.4070089891778572        2.5393033850549598E-002   1.5555055810465213     
   6.4291785704552895        3.1494738966809474E-002   1.6605143070986186     
   6.4513481517327218        3.7626492754678567E-002   1.7649364882446430     
   6.4735177330101541        4.3785605624289139E-002   1.8687272075108021     
   6.4956873142875864        4.9969375985176014E-002   1.9718418707136847     
   6.5178568955650187        5.6175091431283374E-002   2.0742362234625387     
   6.5400264768424510        6.2400029930715480E-002   2.1758663677746068     
   6.5621960581198833        6.8641461019710859E-002   2.2766887783049432     
   6.5843656393973156        7.4896647000312414E-002   2.3766603181931947     
   6.6065352206747479        8.1162844141213206E-002   2.4757382545312079     
   6.6287048019521801        8.7437303881247486E-002   2.5738802734562034     
   6.6508743832296124        9.3717274035000422E-002   2.6710444948754422     
   6.6730439645070447       0.10000000000000739        2.7671894868293103     
   6.6952135457844770       0.10628272596501462        2.8622742795007121     
   6.7173831270619093       0.11256269611876756        2.9562583788794869     
   6.7395527083393416       0.11883715585880181        3.0491017800915934     
   6.7617222896167739       0.12510335299970257        3.1407649804033788     
   6.7838918708942062       0.13135853898030408        3.2312089919121263     
   6.8060614521716385       0.13759997006929919        3.3203953539346132     
   6.8282310334490708       0.14382490856873151        3.4082861451061053     
   6.8504006147265031       0.15003062401483883        3.4948439952025363     
   6.8725701960039354       0.15621439437572565        3.5800320966992967     
   6.8947397772813677       0.16237350724533617        3.6638142160801443     
   6.9169093585588000       0.16850526103320518        3.7461547049102331     
   6.9390789398362323       0.17460696614946475        3.8270185106872820     
   6.9612485211136645       0.18067594618458810        3.9063711874851834     
   6.9834181023910968       0.18670953908334995        3.9841789064041722     
   7.0055876836685291       0.19270509831249277        4.0604084658418653     
   7.0277572649459614       0.19865999402158360        4.1350273015991483     
   7.0499268462233937       0.20457161419655329        4.2080034968347917     
   7.0720964275008260       0.21043736580541189        4.2793057918823285     
   7.0942660087782583       0.21625467593563946        4.3489035939424525     
   7.1164355900556906       0.22202099292274868        4.4167669866635446     
   7.1386051713331229       0.22773378746953046        4.4828667396227493     
   7.1607747526105552       0.23339055375548695        4.5471743177190742     
   7.1829443338879875       0.23898881053596702        4.6096618904895941     
   7.2051139151654198       0.24452610223052310        4.6703023413590117     
   7.2272834964428521       0.25000000000000855        4.7290692768319618     
   7.2494530777202844       0.25540810281194765        4.7859370356368123     
   7.2716226589977166       0.26074803849370753        4.8408806978285730     
   7.2937922402751489       0.26601746477301180        4.8938760938577133     
   7.3159618215525812       0.27121407030533784        4.9448998136106006     
   7.3381314028300135       0.27633557568775030        4.9939292154263439     
   7.3603009841074458       0.28137973445872078        5.0409424350934664     
   7.3824705653848781       0.28634433408350141        5.0859183948291049     
   7.4046401466623104       0.29122719692461518        5.1288368122418229     
   7.4268097279397427       0.29602618119703988        5.1696782092783344     
   7.4489793092171750       0.30073918190766546        5.2084239211529040     
   7.4711488904946073       0.30536413177861454        5.2450561052572420     
   7.4933184717720396       0.30989900215401756        5.2795577500472106     
   7.5154880530494719       0.31434180388984878        5.3119126839016468     
   7.5376576343269042       0.31869058822643120        5.3421055839472285     
   7.5598272156043365       0.32294344764322591        5.3701219848420623     
   7.5819967968817688       0.32709851669553430        5.3959482875095768     
   7.6041663781592010       0.33115397283274406        5.4195717678129220     
   7.6263359594366333       0.33510803719775917        5.4409805851589805     
   7.6485055407140656       0.33895897540726599        5.4601637910199434     
   7.6706751219914979       0.34270509831249119        5.4771113373592124     
   7.6928447032689302       0.34634476274011805        5.4918140849472978     
   7.7150142845463625       0.34987637221303641        5.5042638115523674     
   7.7371838658237948       0.35329837765061101        5.5144532199890639     
   7.7593534471012271       0.35660927804815834        5.5223759460082187     
   7.7815230283786594       0.35980762113533782        5.5280265660092125     
   7.8036926096560917       0.36289200401316513        5.5314006045559543     
   7.8258621909335240       0.36586107376937027        5.5324945416764653     
   7.8480317722109563       0.36871352807182944        5.5313058199256027     
   7.8702013534883886       0.37144811573981118        5.5278328511896202     
   7.8923709347658209       0.37406363729278547        5.5220750232107303     
   7.9145405160432531       0.37655894547655511        5.5140327058094334     
   7.9367100973206854       0.37893294576648018        5.5037072567818450     
   7.9588796785981177       0.38118459684757211        5.4911010274490026     
   7.9810492598755500       0.38331291107124865        5.4762173678348498     
   8.0032188411529823       0.38531695488855011        5.4590606314494856     
   8.0253884224304137       0.38719584925962403        5.4396361796541095     
   8.0475580037078451       0.38894877003930095        5.4179503855842261     
   8.0697275849852765       0.39057494833859263        5.3940106376077193     
   8.0918971662627079       0.39207367086195100        5.3678253422945632     
   8.1140667475401393       0.39344428022014433        5.3394039268754003     
   8.1362363288175708       0.39468617521860894        5.3087568411663426     
   8.1584059100950022       0.39579881112115356        5.2758955589381058     
   8.1805754913724336       0.39678169988889833        5.2408325787079226     
   8.2027450726498650       0.39763441039434488        5.2035814239334801     
   8.2249146539272964       0.39835656861048330        5.1641566425887602     
   8.2470842352047278       0.39894785777485231        5.1225738061026131     
   8.2692538164821592       0.39940801852848218        5.0788495076416078     
   8.2914233977595906       0.39973684902965800        5.0330013597199033     
   8.3135929790370220       0.39993420504245392        4.9850479911197763     
   8.3357625603144534       0.40000000000000002        4.9350090431076374     
   8.3579321415918848       0.39993420504245336        4.8829051649316080     
   8.3801017228693162       0.39973684902965700        4.8287580085878945     
   8.4022713041467476       0.39940801852848085        4.7725902228446557     
   8.4244408854241790       0.39894785777485042        4.7144254465132800     
   8.4466104667016104       0.39835656861048097        4.6542883009586342     
   8.4687800479790418       0.39763441039434211        4.5922043818411185     
   8.4909496292564732       0.39678169988889500        4.5282002500850407     
   8.5131192105339046       0.39579881112114979        4.4623034220693070     
   8.5352887918113360       0.39468617521860483        4.3945423590380717     
   8.5574583730887674       0.39344428022013966        4.3249464557305268     
   8.5796279543661988       0.39207367086194589        4.2535460282308586     
   8.6017975356436303       0.39057494833858708        4.1803723010406877     
   8.6239671169210617       0.38894877003929496        4.1054573933784209     
   8.6461366981984931       0.38719584925961759        4.0288343047112871     
   8.6683062794759245       0.38531695488854334        3.9505368995275756     
   8.6904758607533559       0.38331291107124155        3.8705998913583981     
   8.7126454420307873       0.38118459684756445        3.7890588260597124     
   8.7348150233082187       0.37893294576647241        3.7059500643672010     
   8.7569846045856501       0.37655894547654689        3.6213107637379824     
   8.7791541858630815       0.37406363729277703        3.5351788594949256     
   8.8013237671405129       0.37144811573980263        3.4475930452906920     
   8.8234933484179443       0.36871352807182034        3.3585927529101975     
   8.8456629296953757       0.36586107376936094        3.2682181314317305     
   8.8678325109728071       0.36289200401315547        3.1765100257680952     
   8.8900020922502385       0.35980762113532805        3.0835099546108533     
   8.9121716735276699       0.35660927804814824        2.9892600878016626     
   8.9343412548051013       0.35329837765060079        2.8938032231562278     
   8.9565108360825327       0.34987637221302592        2.7971827627672661     
   8.9786804173599641       0.34634476274010739        2.6994426888142149     
   9.0008499986373955       0.34270509831248053        2.6006275389081317     
   9.0230195799148269       0.33895897540725500        2.5007823810014669     
   9.0451891611922584       0.33510803719774818        2.3999527878929729     
   9.0673587424696898       0.33115397283273285        2.2981848113588055     
   9.0895283237471212       0.32709851669552314        2.1955249559417456     
   9.1116979050245526       0.32294344764321431        2.0920201524306767     
   9.1338674863019840       0.31869058822641966        1.9877177310633865     
   9.1560370675794154       0.31434180388983701        1.8826653944856255     
   9.1782066488568468       0.30989900215400584        1.7769111905002266     
   9.2003762301342782       0.30536413177860300        1.6705034846397129     
   9.2225458114117096       0.30073918190765370        1.5634909325964599     
   9.2447153926891410       0.29602618119702806        1.4559224525440904     
   9.2668849739665724       0.29122719692460319        1.3478471973838453     
   9.2890545552440038       0.28634433408348964        1.2393145269496395     
   9.3112241365214352       0.28137973445870879        1.1303739802048862     
   9.3333937177988666       0.27633557568773859        1.0210752474642870     
   9.3555632990762980       0.27121407030532596       0.91146814267276510     
   9.3777328803537294       0.26601746477299998       0.80160257577385863     
   9.3999024616311608       0.26074803849369599       0.69152852519849595     
   9.4220720429085922       0.25540810281193593       0.58129601050511970     
   9.4442416241860236       0.24999999999999714       0.47095506520079788     
   9.4664112054634550       0.24452610223051158       0.36055570977225687     
   9.4885807867408865       0.23898881053595586       0.25014792495506144     
   9.5107503680183179       0.23339055375547543       0.13978162526768292     
   9.5329199492957493       0.22773378746951931        2.9506632836690430E-002
   9.5550895305731807       0.22202099292273741       -8.0627348462408099E-002
   9.5772591118506121       0.21625467593562858      -0.19057075852477373     
   9.5994286931280435       0.21043736580540140      -0.30027420617421613     
   9.6215982744054749       0.20457161419654246      -0.40968849393819251     
   9.6437678556829063       0.19865999402157319      -0.51876464242022313     
   9.6659374369603377       0.19270509831248231      -0.62745391425140740     
   9.6881070182377691       0.18670953908333993      -0.73570783760384850     
   9.7102765995152005       0.18067594618457800      -0.84347822925075389     
   9.7324461807926319       0.17460696614945509      -0.95071721715878421     
   9.7546157620700633       0.16850526103319574       -1.0573772626004123     
   9.7767853433474947       0.16237350724532668       -1.1634111817748243     
   9.7989549246249261       0.15621439437571666       -1.2687721669278778     
   9.8211245059023575       0.15003062401482981       -1.3734138069630641     
   9.8432940871797889       0.14382490856872299       -1.4772901075364737     
   9.8654636684572203       0.13759997006929064       -1.5803555106309670     
   9.8876332497346517       0.13135853898029581       -1.6825649136053744     
   9.9098028310120831       0.12510335299969427       -1.7838736877167998     
   9.9319724122895146       0.11883715585879402       -1.8842376961147171     
   9.9541419935669460       0.11256269611876028       -1.9836133113076799     
   9.9763115748443774       0.10628272596500735       -2.0819574321041276     
   9.9984811561218088       0.10000000000000064       -2.1792275000304904     
   10.020650737399240        9.3717274034993414E-002  -2.2753815152310253     
   10.042820318676672        8.7437303881241005E-002  -2.3703780518546189     
   10.064989899954103        8.1162844141206739E-002  -2.4641762729355881     
   10.087159481231534        7.4896647000306488E-002  -2.5567359447758284     
   10.109329062508966        6.8641461019704947E-002  -2.6480174508374765     
   10.131498643786397        6.2400029930710109E-002  -2.7379818051554299     
   10.153668225063829        5.6175091431278287E-002  -2.8265906652806994     
   10.175837806341260        4.9969375985170934E-002  -2.9138063447657188     
   10.198007387618691        4.3785605624284608E-002  -2.9995918252039218     
   10.220176968896123        3.7626492754674057E-002  -3.0839107678365232     
   10.242346550173554        3.1494738966805505E-002  -3.1667275247396569     
   10.264516131450986        2.5393033850545657E-002  -3.2480071496061433     
   10.286685712728417        1.9324053815422751E-002  -3.3277154081359144     
   10.308855294005848        1.3290460916660821E-002  -3.4058187880501509     
   10.331024875283280        7.2949016875184375E-003  -3.4822845087437555     
   10.353194456560711        1.3400059784280383E-003  -3.5570805305916915     
   10.375364037838143       -4.5716141965417151E-003  -3.6301755639241349     
   10.397533619115574       -1.0437365805400209E-002  -3.7015390776858745     
   10.419703200393005       -1.6254675935627849E-002  -3.7711413077952662     
   10.441872781670437       -2.2020992922736682E-002  -3.8389532652175609     
   10.464042362947868       -2.7733787469518600E-002  -3.9049467437678032     
   10.486211944225300       -3.3390553755474728E-002  -3.9690943276575181     
   10.508381525502731       -3.8988810535955154E-002  -4.0313693987997326     
   10.530551106780162       -4.4526102230510928E-002  -4.0917461438857341     
   10.552720688057594       -4.9999999999996048E-002  -4.1501995612471356     
   10.574890269335025       -5.5408102811935284E-002  -4.2067054675156488     
   10.597059850612457       -6.0748038493694922E-002  -4.2612405040926813     
   10.619229431889888       -6.6017464772999329E-002  -4.3137821434401689     
   10.641399013167320       -7.1214070305325339E-002  -4.3643086952029497     
   10.663568594444751       -7.6335575687737967E-002  -4.4127993121727274     
   10.685738175722182       -8.1379734458708247E-002  -4.4592339961021548     
   10.707907756999614       -8.6344334083489044E-002  -4.5035936033773760     
   10.730077338277045       -9.1227196924602655E-002  -4.5458598505556811     
   10.752246919554477       -9.6026181197027133E-002  -4.5860153197746314     
   10.774416500831908      -0.10073918190765316       -4.6240434640374470     
   10.796586082109339      -0.10536413177860207       -4.6599286123787254     
   10.818755663386771      -0.10989900215400528       -4.6936559749135105     
   10.840925244664202      -0.11434180388983650       -4.7252116477713031     
   10.863094825941634      -0.11869058822641912       -4.7545826179160882     
   10.885264407219065      -0.12294344764321380       -4.7817567678517179     
   10.907433988496496      -0.12709851669552227       -4.8067228802114776     
   10.929603569773928      -0.13115397283273234       -4.8294706422291327     
   10.951773151051359      -0.13510803719774736       -4.8499906500878494     
   10.973942732328791      -0.13895897540725452       -4.8682744131424718     
   10.996112313606222      -0.14270509831247977       -4.8843143580091324     
   11.018281894883653      -0.14634476274010694       -4.8981038325157229     
   11.040451476161085      -0.14987637221302549       -4.9096371095052120     
   11.062621057438516      -0.15329837765060036       -4.9189093904832788     
   11.084790638715948      -0.15660927804814781       -4.9259168091004266     
   11.106960219993379      -0.15980762113532734       -4.9306564344581947     
   11.129129801270810      -0.16289200401315504       -4.9331262742279511     
   11.151299382548242      -0.16586107376936035       -4.9333252775701277     
   11.173468963825673      -0.16871352807182002       -4.9312533378410812     
   11.195638545103105      -0.17144811573980204       -4.9269112950738005     
   11.217808126380536      -0.17406363729277666       -4.9203009382184746     
   11.239977707657967      -0.17655894547654657       -4.9114250071279484     
   11.262147288935399      -0.17893294576647203       -4.9002871942730124     
   11.284316870212830      -0.18118459684756413       -4.8868921461717116     
   11.306486451490262      -0.18331291107124106       -4.8712454645167718     
   11.328656032767693      -0.18531695488854302       -4.8533537069848087     
   11.350825614045124      -0.18719584925961721       -4.8332243877108461     
   11.372995195322556      -0.18894877003929475       -4.8108659774115976     
   11.395164776599987      -0.19057494833858676       -4.7862879031407957     
   11.417334357877419      -0.19207367086194574       -4.7595005476600587     
   11.439503939154850      -0.19344428022013946       -4.7305152484087118     
   11.461673520432281      -0.19468617521860462       -4.6993442960563598     
   11.483843101709713      -0.19579881112114964       -4.6660009326221132     
   11.506012682987144      -0.19678169988889485       -4.6304993491448636     
   11.528182264264576      -0.19763441039434196       -4.5928546828893015     
   11.550351845542007      -0.19835656861048076       -4.5530830140729703     
   11.572521426819439      -0.19894785777485033       -4.5112013621001825     
   11.594691008096870      -0.19940801852848070       -4.4672276812892662     
   11.616860589374301      -0.19973684902965702       -4.4211808560803485     
   11.639030170651733      -0.19993420504245338       -4.3730806957116481     
   11.661199751929164      -0.19999999999999998       -4.3229479283531358     
   11.683369333206596      -0.19993420504245388       -4.2708041946872664     
   11.705538914484027      -0.19973684902965802       -4.2166720409275316     
   11.727708495761458      -0.19940801852848225       -4.1605749112665462     
   11.749878077038890      -0.19894785777485238       -4.1025371397465120     
   11.772047658316321      -0.19835656861048331       -4.0425839415459572     
   11.794217239593753      -0.19763441039434496       -3.9807414036778890     
   11.816386820871184      -0.19678169988889840       -3.9170364750956370     
   11.838556402148615      -0.19579881112115369       -3.8514969562039436     
   11.860725983426047      -0.19468617521860918       -3.7841514877741305     
   11.882895564703478      -0.19344428022014451       -3.7150295392633916     
   11.905065145980910      -0.19207367086195129       -3.6441613965396877     
   11.927234727258341      -0.19057494833859276       -3.5715781490149174     
   11.949404308535772      -0.18894877003930130       -3.4973116761905030     
   11.971573889813204      -0.18719584925962426       -3.4213946336207153     
   11.993743471090635      -0.18531695488855052       -3.3438604383006019     
   12.015913052368067      -0.18331291107124906       -3.2647432534864684     
   12.038082633645498      -0.18118459684757257       -3.1840779729584323     
   12.060252214922929      -0.17893294576648097       -3.1019002047356570     
   12.082421796200361      -0.17655894547655596       -3.0182462542563329     
   12.104591377477792      -0.17406363729278654       -2.9331531070356140     
   12.126760958755224      -0.17144811573981236       -2.8466584108159525     
   12.148930540032655      -0.16871352807183079       -2.7588004572255858     
   12.171100121310086      -0.16586107376937162       -2.6696181629618616     
   12.193269702587518      -0.16289200401316670       -2.5791510505174524     
   12.215439283864949      -0.15980762113533944       -2.4874392284683013     
   12.237608865142381      -0.15660927804816036       -2.3945233713433987     
   12.259778446419812      -0.15329837765061335       -2.3004446990971856     
   12.281948027697243      -0.14987637221303890       -2.2052449562065206     
   12.304117608974675      -0.14634476274012079       -2.1089663904147389     
   12.326287190252106      -0.14270509831249401       -2.0116517311461890     
   12.348456771529538      -0.13895897540726918       -1.9133441676154237     
   12.370626352806969      -0.13510803719776243       -1.8140873266555260     
   12.392795934084400      -0.13115397283274779       -1.7139252502910169     
   12.414965515361832      -0.12709851669553812       -1.6129023730807674     
   12.437135096639263      -0.12294344764322998       -1.5110634992572167     
   12.459304677916695      -0.11869058822643572       -1.4084537796880010     
   12.481474259194126      -0.11434180388985346       -1.3051186886867625     
   12.503643840471558      -0.10989900215402260       -1.2011040006997646     
   12.525813421748989      -0.10536413177861972       -1.0964557668949952     
   12.547983003026420      -0.10073918190767114      -0.99122029168068126     
   12.570152584303852       -9.6026181197045452E-002 -0.88544410917958971     
   12.592322165581283       -9.1227196924621307E-002 -0.77917395968580416     
   12.614491746858715       -8.6344334083507640E-002 -0.67245676612985561     
   12.636661328136146       -8.1379734458727537E-002 -0.56533961057828341     
   12.658830909413577       -7.6335575687757562E-002 -0.45786971079271938     
   12.681000490691009       -7.1214070305345212E-002 -0.35009439687355903     
   12.703170071968440       -6.6017464773019507E-002 -0.24206108801243212     
   12.725339653245872       -6.0748038493715378E-002 -0.13381726937694305     
   12.747509234523303       -5.5408102811955989E-002  -2.5410469150860759E-002
   12.769678815800734       -5.0000000000017003E-002   8.3111764248491107E-002
   12.791848397078166       -4.4526102230532161E-002  0.19170188475406871     
   12.814017978355597       -3.8988810535976165E-002  0.30031237101416713     
   12.836187559633029       -3.3390553755496433E-002  0.40889574851902843     
   12.858357140910460       -2.7733787469540527E-002  0.51740461147100059     
   12.880526722187891       -2.2020992922758859E-002  0.62579164438072166     
   12.902696303465323       -1.6254675935650206E-002  0.73400964337330887     
   12.924865884742754       -1.0437365805422733E-002  0.84201153718966371     
   12.947035466020186       -4.5716141965644469E-003  0.94975040786885412     
   12.969205047297617        1.3400059784051399E-003   1.0571795110993241     
   12.991374628575048        7.2949016874953726E-003   1.1642522962272615     
   13.013544209852480        1.3290460916637603E-002   1.2709224259124099     
   13.035713791129911        1.9324053815399381E-002   1.3771437954222674     
   13.057883372407343        2.5393033850522162E-002   1.4828705515572909     
   13.080052953684774        3.1494738966781899E-002   1.5880571112010338     
   13.102222534962205        3.7626492754650340E-002   1.6926581794900299     
   13.124392116239637        4.3785605624260801E-002   1.7966287676001635     
   13.146561697517068        4.9969375985147037E-002   1.8999242101468374     
   13.168731278794500        5.6175091431254306E-002   2.0025001821982209     
   13.190900860071931        6.2400029930686066E-002   2.1043127159013930     
   13.213070441349362        6.8641461019680855E-002   2.2053182167231133     
   13.235240022626794        7.4896647000282340E-002   2.3054734793075058     
   13.257409603904225        8.1162844141182550E-002   2.4047357029544854     
   13.279579185181657        8.7437303881216788E-002   2.5030625067238748     
   13.301748766459088        9.3717274034969184E-002   2.6004119441708005     
   13.323918347736520        9.9999999999976413E-002   2.6967425177196485     
   13.346087929013951       0.10628272596498312        2.7920131926840694     
   13.368257510291382       0.11256269611873607        2.8861834109421705     
   13.390427091568814       0.11883715585876983        2.9792131042761718     
   13.412596672846245       0.12510335299967013        3.0710627073872558     
   13.434766254123677       0.13135853898027169        3.1616931705964855     
   13.456935835401108       0.13759997006926661        3.2510659722436377     
   13.479105416678539       0.14382490856869901        3.3391431307964421     
   13.501274997955971       0.15003062401480591        3.4258872166827796     
   13.523444579233402       0.15621439437569284        3.5112613638594690     
   13.545614160510834       0.16237350724530297        3.5952292811309086     
   13.567783741788265       0.16850526103317215        3.6777552632318389     
   13.589953323065696       0.17460696614943161        3.7588042016879428     
   13.612122904343128       0.18067594618455465        3.8383415954688411     
   13.634292485620559       0.18670953908331672        3.9163335614474293     
   13.656462066897991       0.19270509831245924        3.9927468446798606     
   13.678631648175422       0.19865999402155032        4.0675488285203159     
   13.700801229452853       0.20457161419651970        4.1407075445841377     
   13.722970810730285       0.21043736580537886        4.2121916825732200     
   13.745140392007716       0.21625467593560621        4.2819705999764892     
   13.767309973285148       0.22202099292271577        4.3500143316585582     
   13.789479554562579       0.22773378746949735        4.4162935993484345     
   13.811649135840010       0.23339055375545370        4.4807798210402536     
   13.833818717117442       0.23898881053593435        4.5434451203167647     
   13.855988298394873       0.24452610223049037        4.6042623356058856     
   13.878157879672305       0.24999999999997619        4.6632050293799443     
   13.900327460949736       0.25540810281191517        4.7202474973059285     
   13.922497042227167       0.26074803849367556        4.7753647773547954     
   13.944666623504599       0.26601746477297977        4.8285326588762318     
   13.966836204782030       0.27121407030530653        4.8797276916449874     
   13.989005786059462       0.27633557568771894        4.9289271948830695     
   14.011175367336893       0.28137973445868952        4.9761092662617887     
   14.033344948614324       0.28634433408347071        5.0212527908857885     
   14.055514529891756       0.29122719692458454        5.0643374502605303     
   14.077684111169187       0.29602618119700974        5.1053437312434120     
   14.099853692446619       0.30073918190763571        5.1442529349771746     
   14.122023273724050       0.30536413177858535        5.1810471858035996     
   14.144192855001481       0.30989900215398852        5.2157094401536304     
   14.166362436278913       0.31434180388982008        5.2482234954093938     
   14.188532017556344       0.31869058822640306        5.2785739987318578     
   14.210701598833776       0.32294344764319810        5.3067464558469570     
   14.232871180111207       0.32709851669550727        5.3327272397817085     
   14.255040761388639       0.33115397283271736        5.3565035995404626     
   14.277210342666070       0.33510803719773313        5.3780636687105288     
   14.299379923943501       0.33895897540724029        5.3973964739849327     
   14.321549505220933       0.34270509831246632        5.4144919435892973     
   14.343719086498364       0.34634476274009351        5.4293409155982468     
   14.365888667775796       0.34987637221301249        5.4419351461263012     
   14.388058249053227       0.35329837765058780        5.4522673173765499     
   14.410227830330658       0.35660927804813558        5.4603310455299541     
   14.432397411608090       0.35980762113531584        5.4661208884570414     
   14.454566992885521       0.36289200401314370        5.4696323532326856     
   14.476736574162953       0.36586107376934973        5.4708619034343959     
   14.498906155440384       0.36871352807180957        5.4698069662032038     
   14.521075736717815       0.37144811573979231        5.4664659390461674     
   14.543245317995247       0.37406363729276715        5.4608381963585009     
   14.565414899272678       0.37655894547653745        5.4529240956431675     
   14.587584480550110       0.37893294576646341        5.4427249834050730     
   14.609754061827541       0.38118459684755590        5.4302432006969443     
   14.631923643104972       0.38331291107123355        5.4154820882935768     
   14.654093224382404       0.38531695488853579        5.3984459914708980     
   14.676262805659835       0.38719584925961059        5.3791402643665727     
   14.698432386937267       0.38894877003928841        5.3575712738983583     
   14.720601968214698       0.39057494833858108        5.3337464032171047     
   14.742771549492129       0.39207367086194034        5.3076740546710246     
   14.764941130769561       0.39344428022013456        5.2793636522585068     
   14.787110712046992       0.39468617521860028        5.2488256435468372     
   14.809280293324424       0.39579881112114579        5.2160715010348886     
   14.831449874601855       0.39678169988889145        5.1811137229383259     
   14.853619455879286       0.39763441039433900        5.1439658333764653     
   14.875789037156718       0.39835656861047841        5.1046423819407645     
   14.897958618434149       0.39894785777484842        5.0631589426256642     
   14.920128199711581       0.39940801852847929        5.0195321121034668     
   14.942297780989012       0.39973684902965601        4.9737795073258901     
   14.964467362266443       0.39993420504245292        4.9259197624359690     
   14.986636943543875       0.40000000000000002        4.8759725249751478     
   15.008806524821306       0.39993420504245436        4.8239584513716425     
   15.030976106098738       0.39973684902965900        4.7698992016973065     
   15.053145687376169       0.39940801852848373        4.7138174336816574     
   15.075315268653600       0.39894785777485431        4.6557367959730982     
   15.097484849931032       0.39835656861048574        4.5956819206387554     
   15.119654431208463       0.39763441039434788        4.5336784148959000     
   15.141824012485895       0.39678169988890177        4.4697528520693428     
   15.163993593763326       0.39579881112115767        4.4039327617709647     
   15.186163175040758       0.39468617521861349        4.3362466192988505     
   15.208332756318189       0.39344428022014943        4.2667238342554006     
   15.230502337595620       0.39207367086195655        4.1953947383852057     
   15.252671918873052       0.39057494833859863        4.1222905726353387     
   15.274841500150483       0.38894877003930750        4.0474434734421507     
   15.297011081427915       0.38719584925963102        3.9708864582505856     
   15.319180662705346       0.38531695488855777        3.8926534102734704     
   15.341350243982777       0.38331291107125676        3.8127790625000331     
   15.363519825260209       0.38118459684758077        3.7312989809645645     
   15.385689406537640       0.37893294576648950        3.6482495472875711     
   15.407858987815072       0.37655894547656510        3.5636679405036924     
   15.430028569092503       0.37406363729279590        3.4775921181918994     
   15.452198150369934       0.37144811573982239        3.3900607969253032     
   15.474367731647366       0.36871352807184099        3.3011134320591116     
   15.496537312924797       0.36586107376938248        3.2107901968771095     
   15.518706894202229       0.36289200401317800        3.1191319611179580     
   15.540876475479660       0.35980762113535125        3.0261802689043917     
   15.563046056757091       0.35660927804817255        2.9319773160994100     
   15.585215638034523       0.35329837765062566        2.8365659271148123     
   15.607385219311954       0.34987637221305190        2.7399895311987077     
   15.629554800589386       0.34634476274013393        2.6422921382294726     
   15.651724381866817       0.34270509831250784        2.5435183140449285     
   15.673893963144248       0.33895897540728304        2.4437131553360891     
   15.696063544421680       0.33510803719777704        2.3429222641360101     
   15.718233125699111       0.33115397283276271        2.2411917219346784     
   15.740402706976543       0.32709851669555345        2.1385680634518716     
   15.762572288253974       0.32294344764324573        2.0350982501002712     
   15.784741869531405       0.31869058822645147        1.9308296431715872     
   15.806911450808837       0.31434180388986988        1.8258099767791249     
   15.829081032086268       0.30989900215403904        1.7200873305900053     
   15.851250613363700       0.30536413177863686        1.6137101023810938     
   15.873420194641131       0.30073918190768822        1.5067269804521644     
   15.895589775918562       0.29602618119706325        1.3991869159303714     
   15.917759357195994       0.29122719692463944        1.2911390949995756     
   15.939928938473425       0.28634433408352605        1.1826329110882827     
   15.962098519750857       0.28137973445874626        1.0737179370494192     
   15.984268101028288       0.27633557568777611       0.96444389736479941     
   16.006437682305720       0.27121407030536454       0.85486064040702225     
   16.028607263583151       0.26601746477303867       0.74501811079043068     
   16.050776844860582       0.26074803849373523       0.63496632184280222     
   16.072946426138014       0.25540810281197568       0.52475532822806525     
   16.095116007415445       0.25000000000003741       0.41443519875020840     
   16.117285588692877       0.24452610223055277       0.30405598936699746     
   16.139455169970308       0.23898881053599699       0.19366771644186406     
   16.161624751247739       0.23339055375551748        8.3320330260804210E-002
   16.183794332525171       0.22773378746956130       -2.6936311159805569E-002
   16.205963913802602       0.22202099292278032      -0.13705246794940784     
   16.228133495080034       0.21625467593567138      -0.24697854392022264     
   16.250303076357465       0.21043736580544459      -0.35666511174217747     
   16.272472657634896       0.20457161419658645      -0.46606293773510621     
   16.294642238912328       0.19865999402161705      -0.57512300625816837     
   16.316811820189759       0.19270509831252697      -0.68379654367822895     
   16.338981401467191       0.18670953908338439      -0.79203504190032137     
   16.361150982744622       0.18067594618462324      -0.89979028144438056     
   16.383320564022053       0.17460696614950005       -1.0070143540545053     
   16.405490145299485       0.16850526103324098       -1.1136596848277562     
   16.427659726576916       0.16237350724537211       -1.2196790538517488     
   16.449829307854348       0.15621439437576229       -1.3250256173409654     
   16.471998889131779       0.15003062401487613       -1.4296529282640389     
   16.494168470409210       0.14382490856876895       -1.5335149564549935     
   16.516338051686642       0.13759997006933725       -1.6365661082033547     
   16.538507632964073       0.13135853898034200       -1.7387612453194827     
   16.560677214241505       0.12510335299974107       -1.8400557036725025     
   16.582846795518936       0.11883715585884036       -1.9404053112002630     
   16.605016376796367       0.11256269611880668       -2.0397664053913904     
   16.627185958073799       0.10628272596505377       -2.1380958502416050     
   16.649355539351230       0.10000000000004708       -2.2353510526869647     
   16.671525120628662        9.3717274035040377E-002  -2.3314899785187650     
   16.693694701906093        8.7437303881287398E-002  -2.4264711677852602     
   16.715864283183524        8.1162844141253618E-002  -2.5202537496870323     
   16.738033864460956        7.4896647000352770E-002  -2.6127974569738344     
   16.760203445738387        6.8641461019751659E-002  -2.7040626398513945     
   16.782373027015819        6.2400029930756183E-002  -2.7940102794082486     
   16.804542608293250        5.6175091431324223E-002  -2.8826020005728479     
   16.826712189570681        4.9969375985216724E-002  -2.9698000846127375     
   16.848881770848113        4.3785605624330225E-002  -3.0555674811875866     
   16.871051352125544        3.7626492754719999E-002  -3.1398678199692793     
   16.893220933402976        3.1494738966850719E-002  -3.2226654218421920     
   16.915390514680407        2.5393033850591135E-002  -3.3039253096977070     
   16.937560095957839        1.9324053815467465E-002  -3.3836132188374335     
   16.959729677235270        1.3290460916705785E-002  -3.4616956069995735     
   16.981899258512701        7.2949016875630962E-003  -3.5381396640237286     
   17.004068839790133        1.3400059784713786E-003  -3.6129133211690507     
   17.026238421067564       -4.5716141964981943E-003  -3.6859852601010421     
   17.048408002344996       -1.0437365805357021E-002  -3.7573249215625366     
   17.070577583622427       -1.6254675935584550E-002  -3.8269025137436685     
   17.092747164899858       -2.2020992922693786E-002  -3.8946890203662252     
   17.114916746177290       -2.7733787469476578E-002  -3.9606562084971331     
   17.137086327454721       -3.3390553755433122E-002  -4.0247766361055373     
   17.159255908732153       -3.8988810535913548E-002  -4.0870236593779872     
   17.181425490009584       -4.4526102230469766E-002  -4.1473714398050383     
   17.203595071287015       -4.9999999999956274E-002  -4.2057949510528694     
   17.225764652564447       -5.5408102811895538E-002  -4.2622699856322956     
   17.247934233841878       -6.0748038493655676E-002  -4.3167731613775375     
   17.270103815119310       -6.6017464772960194E-002  -4.3692819277456358     
   17.292273396396741       -7.1214070305286759E-002  -4.4197745719473627     
   17.314442977674172       -7.6335575687700358E-002  -4.4682302249192878     
   17.336612558951604       -8.1379734458671193E-002  -4.5146288671457366     
   17.358782140229035       -8.6344334083452240E-002  -4.5589513343389285     
   17.380951721506467       -9.1227196924566406E-002  -4.6011793229839126     
   17.403121302783898       -9.6026181196992355E-002  -4.6412953957546428     
   17.425290884061329      -0.10073918190761863       -4.6792829868060055     
   17.447460465338761      -0.10536413177856821       -4.7151264069460455     
   17.469630046616192      -0.10989900215397172       -4.7488108486909661     
   17.491799627893624      -0.11434180388980364       -4.7803223912050186     
   17.513969209171055      -0.11869058822638734       -4.8096480051259238     
   17.536138790448486      -0.12294344764318269       -4.8367755572754172     
   17.558308371725918      -0.12709851669549194       -4.8616938152537150     
   17.580477953003349      -0.13115397283270239       -4.8843924519150397     
   17.602647534280781      -0.13510803719771886       -4.9048620497208528     
   17.624817115558212      -0.13895897540722646       -4.9230941049659123     
   17.646986696835643      -0.14270509831245246       -4.9390810318716616     
   17.669156278113075      -0.14634476274008015       -4.9528161665398702     
   17.691325859390506      -0.14987637221299951       -4.9642937707590074     
   17.713495440667938      -0.15329837765057550       -4.9735090356545149     
   17.735665021945369      -0.15660927804812377       -4.9804580851732894     
   17.757834603222800      -0.15980762113530414       -4.9851379793919639     
   17.780004184500232      -0.16289200401313239       -4.9875467176374171     
   17.802173765777663      -0.16586107376933909       -4.9876832414074919     
   17.824343347055095      -0.16871352807179937       -4.9855474370788659     
   17.846512928332526      -0.17144811573978222       -4.9811401383887048     
   17.868682509609958      -0.17406363729275756       -4.9744631286756338     
   17.890852090887389      -0.17655894547652837       -4.9655191428654382     
   17.913021672164820      -0.17893294576645499       -4.9543118691862231     
   17.935191253442252      -0.18118459684754792       -4.9408459505972866     
   17.957360834719683      -0.18331291107122580       -4.9251269859158748     
   17.979530415997115      -0.18531695488852853       -4.9071615306253236     
   18.001699997274546      -0.18719584925960367       -4.8869570973482777     
   18.023869578551977      -0.18894877003928226       -4.8645221559683351     
   18.046039159829409      -0.19057494833857516       -4.8398661333834614     
   18.068208741106840      -0.19207367086193503       -4.8129994128746407     
   18.090378322384272      -0.19344428022012969       -4.7839333330731995     
   18.112547903661703      -0.19468617521859596       -4.7526801865105623     
   18.134717484939134      -0.19579881112114192       -4.7192532177343915     
   18.156887066216566      -0.19678169988888808       -4.6836666209755125     
   18.179056647493997      -0.19763441039433607       -4.6459355373502422     
   18.201226228771429      -0.19835656861047588       -4.6060760515835284     
   18.223395810048860      -0.19894785777484644       -4.5641051882386456     
   18.245565391326291      -0.19940801852847781       -4.5200409074399426     
   18.267734972603723      -0.19973684902965502       -4.4739021000758612     
   18.289904553881154      -0.19993420504245238       -4.4257085824702251     
   18.312074135158586      -0.19999999999999998       -4.3754810905105588     
   18.334243716436017      -0.19993420504245488       -4.3232412732232985     
   18.356413297713448      -0.19973684902965996       -4.2690116857865013     
   18.378582878990880      -0.19940801852848519       -4.2128157819718757     
   18.400752460268311      -0.19894785777485627       -4.1546779060089083     
   18.422922041545743      -0.19835656861048814       -4.0946232838650314     
   18.445091622823174      -0.19763441039435078       -4.0326780139369669     
   18.467261204100605      -0.19678169988890523       -3.9688690571494951     
   18.489430785378037      -0.19579881112116151       -3.9032242264592729     
   18.511600366655468      -0.19468617521861778       -3.8357721757624517     
   18.533769947932900      -0.19344428022015417       -3.7665423882062501     
   18.555939529210331      -0.19207367086196184       -3.6955651639058273     
   18.578109110487762      -0.19057494833860447       -3.6228716070692992     
   18.600278691765194      -0.18894877003931390       -3.5484936125348781     
   18.622448273042625      -0.18719584925963770       -3.4724638517256099     
   18.644617854320057      -0.18531695488856489       -3.3948157580284577     
   18.666787435597488      -0.18331291107126449       -3.3155835116057575     
   18.688957016874920      -0.18118459684758895       -3.2348020236485393     
   18.711126598152351      -0.17893294576649785       -3.1525069200823586     
   18.733296179429782      -0.17655894547657394       -3.0687345247377027     
   18.755465760707214      -0.17406363729280541       -2.9835218419980740     
   18.777635341984645      -0.17144811573983235       -2.8969065389404323     
   18.799804923262077      -0.16871352807185172       -2.8089269269835095     
   18.821974504539508      -0.16586107376939310       -2.7196219430608548     
   18.844144085816939      -0.16289200401318912       -2.6290311303366112     
   18.866313667094371      -0.15980762113536293       -2.5371946184828014     
   18.888483248371802      -0.15660927804818467       -2.4441531035383597     
   18.910652829649234      -0.15329837765063800       -2.3499478273706340     
   18.932822410926665      -0.14987637221306457       -2.2546205567613202     
   18.954991992204096      -0.14634476274014729       -2.1582135621392733     
   18.977161573481528      -0.14270509831252159       -2.0607695959837939     
   18.999331154758959      -0.13895897540729757       -1.9623318709223339     
   19.021500736036391      -0.13510803719779127       -1.8629440375473028     
   19.043670317313822      -0.13115397283277738       -1.7626501619773052     
   19.065839898591253      -0.12709851669556879       -1.6614947031882534     
   19.088009479868685      -0.12294344764326143       -1.5595224901406992     
   19.110179061146116      -0.11869058822646716       -1.4567786987295221     
   19.132348642423548      -0.11434180388988593       -1.3533088285827106     
   19.154518223700979      -0.10989900215405579       -1.2491586797357137     
   19.176687804978410      -0.10536413177865400       -1.1443743292084341     
   19.198857386255842      -0.10073918190770606       -1.0390021075113631     
   19.221026967533273       -9.6026181197080618E-002 -0.93308857510756971     
   19.243196548810705       -9.1227196924657111E-002 -0.82668049885704342     
   19.265366130088136       -8.6344334083544444E-002 -0.71982482846930929     
   19.287535711365567       -8.1379734458764952E-002 -0.61256867299045603     
   19.309705292642999       -7.6335575687794727E-002 -0.50495927734966062     
   19.331874873920430       -7.1214070305383403E-002 -0.39704399899030096     
   19.354044455197862       -6.6017464773058199E-002 -0.28887028460962161     
   19.376214036475293       -6.0748038493755041E-002 -0.18048564703095396     
   19.398383617752724       -5.5408102811996207E-002  -7.1937642231096333E-002
   19.420553199030156       -5.0000000000057276E-002   3.6726153454946953E-002
   19.442722780307587       -4.4526102230572878E-002  0.14545816593052205     
   19.464892361585019       -3.8988810536017798E-002  0.25421084571515634     
   19.487061942862450       -3.3390553755538510E-002  0.36293669008389956     
   19.509231524139881       -2.7733787469582050E-002  0.47158826495016976     
   19.531401105417313       -2.2020992922801269E-002  0.58011822647459632     
   19.553570686694744       -1.6254675935693005E-002  0.68847934238405784     
   19.575740267972176       -1.0437365805466406E-002  0.79662451298549686     
   19.597909849249607       -4.5716141966084672E-003  0.90450679186105021     
   19.620079430527039        1.3400059783612861E-003   1.0120794062317957     
   19.642249011804470        7.2949016874512135E-003   1.1192957769786864     
   19.664418593081901        1.3290460916593153E-002   1.2261095383109362     
   19.686588174359333        1.9324053815354153E-002   1.3324745570726320     
   19.708757755636764        2.5393033850477711E-002   1.4383449516804314     
   19.730927336914196        3.1494738966736699E-002   1.5436751106858810     
   19.753096918191627        3.7626492754604925E-002   1.6484197109578096     
   19.775266499469058        4.3785605624214671E-002   1.7525337354807362     
   19.797436080746490        4.9969375985100734E-002   1.8559724907672792     
   19.819605662023921        5.6175091431208378E-002   1.9586916238833993     
   19.841775243301353        6.2400029930639998E-002   2.0606471390865035     
   19.863944824578784        6.8641461019634670E-002   2.1617954140781510     
   19.886114405856215        7.4896647000235544E-002   2.2620932158734575     
   19.908283987133647        8.1162844141136739E-002   2.3614977162912809     
   19.930453568411078        8.7437303881170395E-002   2.4599665070697321     
   19.952623149688510        9.3717274034922762E-002   2.5574576146132637     
