   9.9027882014860440E-003  0.10000000000000001        2.1608733982955659     
   1.9805576402972088E-002  0.10628272596500710        2.2840555226090080     
   2.9708364604458130E-002  0.11256269611875989        2.4064926149902037     
   3.9611152805944176E-002  0.11883715585879401        2.5281314906929993     
   4.9513941007430222E-002  0.12510335299969466        2.6489193161038451     
   5.9416729208916268E-002  0.13135853898029604        2.7688036293550207     
   6.9319517410402307E-002  0.13759997006929128        2.8877323607159830     
   7.9222305611888352E-002  0.14382490856872349        3.0056538527636336     
   8.9125093813374398E-002  0.15003062401483069        3.1225168803326606     
   9.9027882014860444E-002  0.15621439437571738        3.2382706702475197     
  0.10893067021634649       0.16237350724532779        3.3528649208377841     
  0.11883345841783254       0.16850526103319671        3.4662498212389310     
  0.12873624661931857       0.17460696614945642        3.5783760704807999     
  0.13863903482080461       0.18067594618457972        3.6891948963661307     
  0.14854182302229066       0.18670953908334148        3.7986580741417035     
  0.15844461122377670       0.19270509831248422        3.9067179449646829     
  0.16834739942526275       0.19865999402157497        4.0133274341668184     
  0.17825018762674880       0.20457161419654457        4.1184400693191145     
  0.18815297582823484       0.21043736580540340        4.2220099980995851     
  0.19805576402972089       0.21625467593563089        4.3239920059665673     
  0.20795855223120693       0.22202099292274005        4.4243415336399634     
  0.21786134043269298       0.22773378746952178        4.5230146943926135     
  0.22776412863417902       0.23339055375547824        4.6199682911537607     
  0.23766691683566507       0.23898881053595850        4.7151598334263616     
  0.24756970503715112       0.24452610223051457        4.8085475540196638     
  0.25747249323863713       0.24999999999999997        4.9000904255981830     
  0.26737528144012318       0.25540810281193904        4.9897481770478542     
  0.27727806964160923       0.26074803849369899        5.0774813096596807     
  0.28718085784309527       0.26601746477300320        5.1632511131308982     
  0.29708364604458132       0.27121407030532951        5.2470196813830938     
  0.30698643424606736       0.27633557568774192        5.3287499281963520     
  0.31688922244755341       0.28137973445871245        5.4084056026578962     
  0.32679201064903945       0.28634433408349308        5.4859513044232839     
  0.33669479885052550       0.29122719692460686        5.5613524987875627     
  0.34659758705201155       0.29602618119703161        5.6345755315632911     
  0.35650037525349759       0.30073918190765747        5.7055876437617652     
  0.36640316345498364       0.30536413177860655        5.7743569860731201     
  0.37630595165646968       0.30989900215400962        5.8408526331405417     
  0.38620873985795573       0.31434180388984101        5.9050445976229655     
  0.39611152805944178       0.31869058822642338        5.9669038440403499     
  0.40601431626092782       0.32294344764321825        6.0264023023946827     
  0.41591710446241387       0.32709851669552692        6.0835128815595390     
  0.42581989266389991       0.33115397283273673        6.1382094824302129     
  0.43572268086538596       0.33510803719775195        6.1904670108259889     
  0.44562546906687200       0.33895897540725883        6.2402613901354167     
  0.45552825726835805       0.34270509831248419        6.2875695736950181     
  0.46543104546984410       0.34634476274011117        6.3323695568911669     
  0.47533383367133014       0.34987637221302981        6.3746403889744281     
  0.48523662187281619       0.35329837765060446        6.4143621845751388     
  0.49513941007430223       0.35660927804815190        6.4515161349084682     
  0.50504219827578822       0.35980762113533160        6.4860845186567806     
  0.51494498647727427       0.36289200401315902        6.5180507125166951     
  0.52484777467876031       0.36586107376936439        6.5473992013978322     
  0.53475056288024636       0.36871352807182378        6.5741155882598141     
  0.54465335108173241       0.37144811573980585        6.5981866035739367     
  0.55455613928321845       0.37406363729278025        6.6196001143953955     
  0.56445892748470450       0.37655894547655011        6.6383451330319474     
  0.57436171568619054       0.37893294576647540        6.6544118252944955     
  0.58426450388767659       0.38118459684756745        6.6677915183150764     
  0.59416729208916264       0.38331291107124432        6.6784767079174889     
  0.60407008029064868       0.38531695488854600        6.6864610655258687     
  0.61397286849213473       0.38719584925962014        6.6917394445963820     
  0.62387565669362077       0.38894877003929740        6.6943078865573042     
  0.63377844489510682       0.39057494833858930        6.6941636262428661     
  0.64368123309659286       0.39207367086194800        6.6913050968062642     
  0.65358402129807891       0.39344428022014166        6.6857319340976167     
  0.66348680949956496       0.39468617521860661        6.6774449804926279     
  0.67338959770105100       0.39579881112115145        6.6664462881582507     
  0.68329238590253705       0.39678169988889644        6.6527391217418748     
  0.69319517410402309       0.39763441039434333        6.6363279604708589     
  0.70309796230550914       0.39835656861048196        6.6172184996498906     
  0.71300075050699518       0.39894785777485131        6.5954176515439569     
  0.72290353870848123       0.39940801852848151        6.5709335456352713     
  0.73280632690996728       0.39973684902965756        6.5437755282432386     
  0.74270911511145332       0.39993420504245369        6.5139541614968968     
  0.75261190331293937       0.40000000000000002        6.4814812216502595     
  0.76251469151442541       0.39993420504245369        6.4463696967314172     
  0.77241747971591146       0.39973684902965756        6.4086337835171783     
  0.78232026791739750       0.39940801852848151        6.3682888838257998     
  0.79222305611888355       0.39894785777485131        6.3253516001211079     
  0.80212584432036960       0.39835656861048196        6.2798397304222444     
  0.81202863252185564       0.39763441039434333        6.2317722625141574     
  0.82193142072334169       0.39678169988889644        6.1811693674548183     
  0.83183420892482773       0.39579881112115145        6.1280523923761780     
  0.84173699712631378       0.39468617521860661        6.0724438525767521     
  0.85163978532779983       0.39344428022014166        6.0143674229047539     
  0.86154257352928587       0.39207367086194811        5.9538479284317622     
  0.87144536173077192       0.39057494833858930        5.8909113344177229     
  0.88134814993225796       0.38894877003929751        5.8255847355694099     
  0.89125093813374401       0.38719584925962014        5.7578963445952036     
  0.90115372633523005       0.38531695488854611        5.6878754800602831     
  0.91105651453671610       0.38331291107124432        5.6155525535472819     
  0.92095930273820215       0.38118459684756745        5.5409590561285196     
  0.93086209093968819       0.37893294576647540        5.4641275441569208     
  0.94076487914117424       0.37655894547655022        5.3850916243837945     
  0.95066766734266028       0.37406363729278025        5.3038859384126136     
  0.96057045554414633       0.37144811573980585        5.2205461464989664     
  0.97047324374563237       0.36871352807182389        5.1351089107077872     
  0.98037603194711842       0.36586107376936450        5.0476118774399588     
  0.99027882014860447       0.36289200401315913        4.9580936593413014     
   1.0001816083500905       0.35980762113533160        4.8665938166078737     
   1.0100843965515764       0.35660927804815201        4.7731528377023293     
   1.0199871847530624       0.35329837765060457        4.6778121194970037     
   1.0298899729545483       0.34987637221302992        4.5806139468601739     
   1.0397927611560343       0.34634476274011139        4.4816014717026587     
   1.0496955493575202       0.34270509831248441        4.3808186915027338     
   1.0595983375590061       0.33895897540725917        4.2783104273279990     
   1.0695011257604921       0.33510803719775217        4.1741223013734263     
   1.0794039139619780       0.33115397283273706        4.0683007140355576     
   1.0893067021634639       0.32709851669552736        3.9608928205431915     
   1.0992094903649499       0.32294344764321875        3.8519465071655761     
   1.1091122785664358       0.31869058822642399        3.7415103670195116     
   1.1190150667679217       0.31434180388984156        3.6296336754971357     
   1.1289178549694077       0.30989900215401023        3.5163663653366064     
   1.1388206431708936       0.30536413177860733        3.4017590013581396     
   1.1487234313723795       0.30073918190765819        3.2858627548881607     
   1.1586262195738655       0.29602618119703250        3.1687293778944898     
   1.1685290077753514       0.29122719692460780        3.0504111768556315     
   1.1784317959768373       0.28634433408349408        2.9309609863873889     
   1.1883345841783233       0.28137973445871345        2.8104321426499648     
   1.1982373723798092       0.27633557568774303        2.6888784565588155     
   1.2081401605812951       0.27121407030533073        2.5663541868223576     
   1.2180429487827811       0.26601746477300448        2.4429140128295823     
   1.2279457369842670       0.26074803849370032        2.3186130074104452     
   1.2378485251857529       0.25540810281194043        2.1935066094916529     
   1.2477513133872389       0.25000000000000150        2.0676505966702758     
   1.2576541015887248       0.24452610223051618        1.9411010577272143     
   1.2675568897902108       0.23898881053596016        1.8139143651022853     
   1.2774596779916967       0.23339055375548001        1.6861471473522203     
   1.2873624661931826       0.22773378746952355        1.5578562616124489     
   1.2972652543946686       0.22202099292274197        1.4290987660831049     
   1.3071680425961545       0.21625467593563291        1.2999318925590668     
   1.3170708307976404       0.21043736580540542        1.1704130190234292     
   1.3269736189991264       0.20457161419654674        1.0405996423230852     
   1.3368764072006123       0.19865999402157714       0.91054935094453937     
   1.3467791954020982       0.19270509831248656       0.78031979790746631     
   1.3566819836035842       0.18670953908334392       0.64996867379272938     
   1.3665847718050701       0.18067594618458216       0.51955367992104085     
   1.3764875600065560       0.17460696614945903       0.38913250169759239     
   1.3863903482080420       0.16850526103319932       0.25876278213730836     
   1.3962931364095279       0.16237350724533053       0.12850209558466813     
   1.4061959246110138       0.15621439437572024       -1.5920783588231416E-003
   1.4160987128124998       0.15003062401483355      -0.13146238068709537     
   1.4260015010139857       0.14382490856872648      -0.26105159861028804     
   1.4359042892154716       0.13759997006929428      -0.39030269093308662     
   1.4458070774169576       0.13135853898029917      -0.51915881318045709     
   1.4557098656184435       0.12510335299969777      -0.64756334246160008     
   1.4656126538199294       0.11883715585879727      -0.77545990206351911     
   1.4755154420214154       0.11256269611876328      -0.90279238576651233     
   1.4854182302229013       0.10628272596501047       -1.0295049818745152     
   1.4953210184243872       0.10000000000000350       -1.1555421969540063     
   1.5052238066258732        9.3717274034996412E-002  -1.2808488792759649     
   1.5151265948273591        8.7437303881243725E-002  -1.4053702419558791     
   1.5250293830288451        8.1162844141209722E-002  -1.5290518857877040     
   1.5349321712303310        7.4896647000309083E-002  -1.6518398217681074     
   1.5448349594318169        6.8641461019707806E-002  -1.7736804933080943     
   1.5547377476333029        6.2400029930712551E-002  -1.8945207981296548     
   1.5646405358347888        5.6175091431280452E-002  -2.0143081098455728     
   1.5745433240362747        4.9969375985173363E-002  -2.1329902992212126     
   1.5844461122377607        4.3785605624286635E-002  -2.2505157551173833     
   1.5943489004392466        3.7626492754676326E-002  -2.3668334051140429     
   1.6042516886407325        3.1494738966807378E-002  -2.4818927358148937     
   1.6141544768422185        2.5393033850547753E-002  -2.5956438128333352     
   1.6240572650437044        1.9324053815424583E-002  -2.7080373004606240     
   1.6339600532451903        1.3290460916662791E-002  -2.8190244810173088     
   1.6438628414466763        7.2949016875201167E-003  -2.9285572738893704     
   1.6537656296481622        1.3400059784293289E-003  -3.0365882542506548     
   1.6636684178496481       -4.5716141965401608E-003  -3.1430706714733581     
   1.6735712060511341       -1.0437365805399043E-002  -3.2479584672285546     
   1.6834739942526200       -1.6254675935626461E-002  -3.3512062932787048     
   1.6933767824541059       -2.2020992922735558E-002  -3.4527695289643150     
   1.7032795706555919       -2.7733787469517351E-002  -3.5526042983867931     
   1.7131823588570778       -3.3390553755473729E-002  -3.6506674872895810     
   1.7230851470585637       -3.8988810535954044E-002  -3.7469167596396526     
   1.7329879352600497       -4.4526102230510067E-002  -3.8413105739111928     
   1.7428907234615356       -4.9999999999995437E-002  -3.9338081990733440     
   1.7527935116630216       -5.5408102811934534E-002  -4.0243697302835857     
   1.7626962998645075       -6.0748038493694423E-002  -4.1129561042881626     
   1.7725990880659934       -6.6017464772998719E-002  -4.1995291145307840     
   1.7825018762674794       -7.1214070305324978E-002  -4.2840514259704232     
   1.7924046644689653       -7.6335575687737356E-002  -4.3664865896089298     
   1.8023074526704512       -8.1379734458707970E-002  -4.4467990567286746     
   1.8122102408719372       -8.6344334083488572E-002  -4.5249541928401760     
   1.8221130290734231       -9.1227196924602488E-002  -4.6009182913393447     
   1.8320158172749090       -9.6026181197027161E-002  -4.6746585868734254     
   1.8419186054763950      -0.10073918190765299       -4.7461432684145155     
   1.8518213936778809      -0.10536413177860221       -4.8153414920389235     
   1.8617241818793668      -0.10989900215400525       -4.8822233934103014     
   1.8716269700808528      -0.11434180388983672       -4.9467600999640595     
   1.8815297582823387      -0.11869058822641920       -5.0089237427899738     
   1.8914325464838246      -0.12294344764321408       -5.0686874682095979     
   1.9013353346853106      -0.12709851669552266       -5.1260254490445387     
   1.9112381228867965      -0.13115397283273270       -5.1809128955711810     
   1.9211409110882824      -0.13510803719774792       -5.2333260661570078     
   1.9310436992897684      -0.13895897540725485       -5.2832422775732457     
   1.9409464874912543      -0.14270509831248027       -5.3306399149780352     
   1.9508492756927402      -0.14634476274010727       -5.3754984415638969     
   1.9607520638942262      -0.14987637221302610       -5.4177984078629358     
   1.9706548520957121      -0.15329837765060086       -5.4575214607026767     
   1.9805576402971981      -0.15660927804814836       -5.4946503518051291     
   1.9904604284986840      -0.15980762113532801       -5.5291689460212705     
   2.0003632167001699      -0.16289200401315571       -5.5610622291927738     
   2.0102660049016561      -0.16586107376936113       -5.5903163156324958     
   2.0201687931031422      -0.16871352807182063       -5.6169184552149929     
   2.0300715813046284      -0.17144811573980287       -5.6408570400679361     
   2.0399743695061145      -0.17406363729277743       -5.6621216108551842     
   2.0498771577076007      -0.17655894547654752       -5.6807028626420273     
   2.0597799459090869      -0.17893294576647287       -5.6965926503328994     
   2.0696827341105730      -0.18118459684756508       -5.7097839936718007     
   2.0795855223120592      -0.18331291107124217       -5.7202710817954809     
   2.0894883105135453      -0.18531695488854408       -5.7280492773294922     
   2.0993910987150315      -0.18719584925961827       -5.7331151200170725     
   2.1092938869165176      -0.18894877003929569       -5.7354663298709410     
   2.1191966751180038      -0.19057494833858776       -5.7351018098381159     
   2.1290994633194900      -0.19207367086194668       -5.7320216479679207     
   2.1390022515209761      -0.19344428022014035       -5.7262271190736014     
   2.1489050397224623      -0.19468617521860546       -5.7177206858780680     
   2.1588078279239484      -0.19579881112115047       -5.7065059996344969     
   2.1687106161254346      -0.19678169988889557       -5.6925879002129349     
   2.1786134043269207      -0.19763441039434257       -5.6759724156441917     
   2.1885161925284069      -0.19835656861048137       -5.6566667611127759     
   2.1984189807298931      -0.19894785777485077       -5.6346793373909874     
   2.2083217689313792      -0.19940801852848108       -5.6100197287067388     
   2.2182245571328654      -0.19973684902965724       -5.5826987000380788     
   2.2281273453343515      -0.19993420504245349       -5.5527281938280701     
   2.2380301335358377      -0.19999999999999998       -5.5201213261139985     
   2.2479329217373238      -0.19993420504245371       -5.4848923820656736     
   2.2578357099388100      -0.19973684902965769       -5.4470568109280819     
   2.2677384981402962      -0.19940801852848181       -5.4066312203643694     
   2.2776412863417823      -0.19894785777485172       -5.3636333701957266     
   2.2875440745432685      -0.19835656861048254       -5.3180821655355732     
   2.2974468627447546      -0.19763441039434396       -5.2699976493160454     
   2.3073496509462408      -0.19678169988889724       -5.2194009942056372     
   2.3172524391477269      -0.19579881112115230       -5.1663144939175680     
   2.3271552273492131      -0.19468617521860751       -5.1107615539092732     
   2.3370580155506993      -0.19344428022014268       -5.0527666814741918     
   2.3469608037521854      -0.19207367086194913       -4.9923554752278507     
   2.3568635919536716      -0.19057494833859048       -4.9295546139911330     
   2.3667663801551577      -0.18894877003929869       -4.8643918450743380     
   2.3766691683566439      -0.18719584925962143       -4.7968959719666211     
   2.3865719565581300      -0.18531695488854735       -4.7270968414361159     
   2.3964747447596162      -0.18331291107124573       -4.6550253300469944     
   2.4063775329611024      -0.18118459684756891       -4.5807133301004654     
   2.4162803211625885      -0.17893294576647692       -4.5041937350076200     
   2.4261831093640747      -0.17655894547655168       -4.4255004241028164     
   2.4360858975655608      -0.17406363729278193       -4.3446682469070899     
   2.4459886857670470      -0.17144811573980753       -4.2617330068518990     
   2.4558914739685331      -0.16871352807182557       -4.1767314444743313     
   2.4657942621700193      -0.16586107376936624       -4.0897012200955194     
   2.4756970503715054      -0.16289200401316092       -4.0006808959949129     
   2.4855998385729916      -0.15980762113533345       -3.9097099180936392     
   2.4955026267744778      -0.15660927804815380       -3.8168285971609301     
   2.5054054149759639      -0.15329837765060653       -3.7220780895582126     
   2.5153082031774501      -0.14987637221303182       -3.6255003775360604     
   2.5252109913789362      -0.14634476274011313       -3.5271382490998988     
   2.5351137795804224      -0.14270509831248615       -3.4270352774606994     
   2.5450165677819085      -0.13895897540726093       -3.3252358000876079     
   2.5549193559833947      -0.13510803719775394       -3.2217848973798056     
   2.5648221441848809      -0.13115397283273872       -3.1167283709753835     
   2.5747249323863670      -0.12709851669552888       -3.0101127217153349     
   2.5846277205878532      -0.12294344764322032       -2.9019851272811792     
   2.5945305087893393      -0.11869058822642545       -2.7923934195249802     
   2.6044332969908255      -0.11434180388984297       -2.6813860615108212     
   2.6143360851923116      -0.10989900215401169       -2.5690121242869175     
   2.6242388733937978      -0.10536413177860859       -2.4553212634077788     
   2.6341416615952840      -0.10073918190765943       -2.3403636952259723     
   2.6440444497967701       -9.6026181197033489E-002  -2.2241901729729441     
   2.6539472379982563       -9.1227196924608900E-002  -2.1068519626485793     
   2.6638500261997424       -8.6344334083495039E-002  -1.9884008187389537     
   2.6737528144012286       -8.1379734458714298E-002  -1.8688889597818357     
   2.6836556026027147       -7.6335575687743684E-002  -1.7483690437991852     
   2.6935583908042009       -7.1214070305331389E-002  -1.6268941436158724     
   2.7034611790056871       -6.6017464773005019E-002  -1.5045177220835249     
   2.7133639672071732       -6.0748038493700696E-002  -1.3812936072282624     
   2.7232667554086594       -5.5408102811940918E-002  -1.2572759673406138     
   2.7331695436101455       -5.0000000000001710E-002  -1.1325192860256965     
   2.7430723318116317       -4.4526102230516229E-002  -1.0070783372313825     
   2.7529751200131178       -3.8988810535960039E-002 -0.88100816027155604     
   2.7628779082146040       -3.3390553755479890E-002 -0.75436403486137493     
   2.7727806964160902       -2.7733787469523347E-002 -0.62720145618071044     
   2.7826834846175763       -2.2020992922741484E-002 -0.49957610998165641     
   2.7925862728190625       -1.6254675935632207E-002 -0.37154384775519694     
   2.8024890610205486       -1.0437365805404830E-002 -0.24316066197174996     
   2.8123918492220348       -4.5716141965458784E-003 -0.11448266140956176     
   2.8222946374235209        1.3400059784238333E-003   1.4433953415570877E-002
   2.8321974256250071        7.2949016875147044E-003  0.14353291470660032     
   2.8421002138264932        1.3290460916657323E-002  0.27275791171537256     
   2.8520030020279794        1.9324053815419226E-002  0.40205261493527367     
   2.8619057902294656        2.5393033850542632E-002  0.53136070014556780     
   2.8718085784309517        3.1494738966802216E-002  0.66062587229751124     
   2.8817113666324379        3.7626492754671267E-002  0.78979188923287380     
   2.8916141548339240        4.3785605624281812E-002  0.91880258522621194     
   2.9015169430354102        4.9969375985168658E-002   1.0476018943430947     
   2.9114197312368963        5.6175091431275727E-002   1.1761338736070002     
   2.9213225194383825        6.2400029930708083E-002   1.3043427259684570     
   2.9312253076398687        6.8641461019703448E-002   1.4321728230705300     
   2.9411280958413548        7.4896647000304989E-002   1.5595687278056451     
   2.9510308840428410        8.1162844141205490E-002   1.6864752166592056     
   2.9609336722443271        8.7437303881239756E-002   1.8128373018362653     
   2.9708364604458133        9.3717274034992706E-002   1.9386002531679827     
   2.9807392486472994        9.9999999999999936E-002   2.0637096197954188     
   2.9906420368487856       0.10628272596500689        2.1881112516286043     
   3.0005448250502718       0.11256269611875984        2.3117513205795261     
   3.0104476132517579       0.11883715585879411        2.4345763415680555     
   3.0203504014532441       0.12510335299969461        2.5565331933005515     
   3.0302531896547302       0.13135853898029615        2.6775691388211715     
   3.0401559778562164       0.13759997006929153        2.7976318458363547     
   3.0500587660577025       0.14382490856872387        2.9166694068135239     
   3.0599615542591887       0.15003062401483094        3.0346303588551859     
   3.0698643424606749       0.15621439437571780        3.1514637033501463     
   3.0797671306621610       0.16237350724532834        3.2671189254035919     
   3.0896699188636472       0.16850526103319741        3.3815460130483754     
   3.0995727070651333       0.17460696614945698        3.4946954762396860     
   3.1094754952666195       0.18067594618458038        3.6065183656357598     
   3.1193782834681056       0.18670953908334231        3.7169662911671280     
   3.1292810716695918       0.19270509831248517        3.8259914403972495     
   3.1391838598710780       0.19865999402157580        3.9335465966772039     
   3.1490866480725641       0.20457161419654551        4.0395851570972230     
   3.1589894362740503       0.21043736580540445        4.1440611502377083     
   3.1688922244755364       0.21625467593563186        4.2469292537224179     
   3.1787950126770226       0.22202099292274113        4.3481448115762680     
   3.1886978008785087       0.22773378746952297        4.4476638513899820     
   3.1986005890799949       0.23339055375547954        4.5454431012938121     
   3.2085033772814811       0.23898881053595969        4.6414400067420436     
   3.2184061654829672       0.24452610223051588        4.7356127471099461     
   3.2283089536844534       0.25000000000000139        4.8279202521042777     
   3.2382117418859395       0.25540810281194054        4.9183222179883570     
   3.2481145300874257       0.26074803849370037        5.0067791236220414     
   3.2580173182889118       0.26601746477300470        5.0932522463167880     
   3.2679201064903980       0.27121407030533107        5.1777036775052983     
   3.2778228946918841       0.27633557568774358        5.2600963382249830     
   3.2877256828933703       0.28137973445871400        5.3403939944137635     
   3.2976284710948565       0.28634433408349469        5.4185612720164302     
   3.3075312592963426       0.29122719692460863        5.4945636718989963     
   3.3174340474978288       0.29602618119703322        5.5683675845681133     
   3.3273368356993149       0.30073918190765914        5.6399403046920087     
   3.3372396239008011       0.30536413177860833        5.7092500454186279     
   3.3471424121022872       0.30989900215401145        5.7762659524863826     
   3.3570452003037734       0.31434180388984267        5.8409581181220007     
   3.3669479885052596       0.31869058822642521        5.9032975947196098     
   3.3768507767067457       0.32294344764322008        5.9632564082943151     
   3.3867535649082319       0.32709851669552875        6.0208075717032399     
   3.3966563531097180       0.33115397283273851        6.0759250976260910     
   3.4065591413112042       0.33510803719775367        6.1285840112969341     
   3.4164619295126903       0.33895897540726067        6.1787603629781360     
   3.4263647177141765       0.34270509831248602        6.2264312401669786     
   3.4362675059156627       0.34634476274011294        6.2715747795247987     
   3.4461702941171488       0.34987637221303158        6.3141701785180189     
   3.4560730823186350       0.35329837765060623        6.3541977067599387     
   3.4659758705201211       0.35660927804815357        6.3916387170416078     
   3.4758786587216073       0.35980762113533327        6.4264756560397149     
   3.4857814469230934       0.36289200401316069        6.4586920746889183     
   3.4956842351245796       0.36586107376936605        6.4882726382057623     
   3.5055870233260658       0.36871352807182545        6.5152031357507765     
   3.5154898115275519       0.37144811573980741        6.5394704897152707     
   3.5253925997290381       0.37406363729278180        6.5610627646187876     
   3.5352953879305242       0.37655894547655167        6.5799691756031828     
   3.5451981761320104       0.37893294576647685        6.5961800965088822     
   3.5551009643334965       0.38118459684756878        6.6096870675188750     
   3.5650037525349827       0.38331291107124565        6.6204828023557809     
   3.5749065407364689       0.38531695488854734        6.6285611950173049     
   3.5848093289379550       0.38719584925962136        6.6339173260353919     
   3.5947121171394412       0.38894877003929851        6.6365474682444017     
   3.6046149053409273       0.39057494833859041        6.6364490920437049     
   3.6145176935424135       0.39207367086194900        6.6336208701402333     
   3.6244204817438996       0.39344428022014255        6.6280626817567843     
   3.6343232699453858       0.39468617521860749        6.6197756162919434     
   3.6442260581468719       0.39579881112115223        6.6087619764179140     
   3.6541288463483581       0.39678169988889711        6.5950252806029246     
   3.6640316345498443       0.39763441039434388        6.5785702650450366     
   3.6739344227513304       0.39835656861048252        6.5594028850049018     
   3.6838372109528166       0.39894785777485176        6.5375303155253262     
   3.6937399991543027       0.39940801852848173        6.5129609515260247     
   3.7036427873557889       0.39973684902965767        6.4857044072627126     
   3.7135455755572750       0.39993420504245369        6.4557715151400261     
   3.7234483637587612       0.40000000000000002        6.4231743238687251     
   3.7333511519602474       0.39993420504245358        6.3879260959580995     
   3.7432539401617335       0.39973684902965723        6.3500413045354511     
   3.7531567283632197       0.39940801852848118        6.3095356294851541     
   3.7630595165647058       0.39894785777485087        6.2664259529007005     
   3.7729623047661920       0.39835656861048141        6.2207303538440311     
   3.7828650929676781       0.39763441039434266        6.1724681024072643     
   3.7927678811691643       0.39678169988889567        6.1216596530728369     
   3.8026706693706505       0.39579881112115045        6.0683266373691636     
   3.8125734575721366       0.39468617521860550        6.0124918558197278     
   3.8224762457736228       0.39344428022014055        5.9541792691844853     
   3.8323790339751089       0.39207367086194678        5.8934139889937081     
   3.8422818221765951       0.39057494833858786        5.8302222673750679     
   3.8521846103780812       0.38894877003929584        5.7646314861760306     
   3.8620873985795674       0.38719584925961836        5.6966701453846067     
   3.8719901867810536       0.38531695488854412        5.6263678508524224     
   3.8818929749825397       0.38331291107124221        5.5537553013253369     
   3.8917957631840259       0.38118459684756512        5.4788642747875969     
   3.9016985513855120       0.37893294576647318        5.4017276141268153     
   3.9116013395869982       0.37655894547654767        5.3223792121278155     
   3.9215041277884843       0.37406363729277758        5.2408539958046640     
   3.9314069159899705       0.37144811573980308        5.1571879100809381     
   3.9413097041914567       0.36871352807182078        5.0714179008294478     
   3.9512124923929428       0.36586107376936117        4.9835818972835169     
   3.9611152805944290       0.36289200401315569        4.8937187938327797     
   3.9710180687959151       0.35980762113532827        4.8018684312175282     
   3.9809208569974013       0.35660927804814846        4.7080715771363124     
   3.9908236451988874       0.35329837765060079        4.6123699062825194     
   4.0007264334003736       0.34987637221302592        4.5148059798263329     
   4.0106292216018593       0.34634476274010706        4.4154232243593032     
   4.0205320098033450       0.34270509831248019        4.3142659103194774     
   4.0304347980048307       0.33895897540725467        4.2113791299157368     
   4.0403375862063164       0.33510803719774784        4.1068087745706618     
   4.0502403744078022       0.33115397283273285        4.0006015119017082     
   4.0601431626092879       0.32709851669552281        3.8928047622612563     
   4.0700459508107736       0.32294344764321431        3.7834666748564452     
   4.0799487390122593       0.31869058822641966        3.6726361034701291     
   4.0898515272137450       0.31434180388983701        3.5603625818048976     
   4.0997543154152307       0.30989900215400584        3.4466962984722840     
   4.1096571036167164       0.30536413177860300        3.3316880716495376     
   4.1195598918182021       0.30073918190765370        3.2153893234269071     
   4.1294626800196879       0.29602618119702806        3.0978520538682002     
   4.1393654682211736       0.29122719692460364        2.9791288148077122     
   4.1492682564226593       0.28634433408348964        2.8592726834067896     
   4.1591710446241450       0.28137973445870923        2.7383372354932081     
   4.1690738328256307       0.27633557568773903        2.6163765187064465     
   4.1789766210271164       0.27121407030532640        2.4934450254721940     
   4.1888794092286021       0.26601746477300037        2.3695976658290103     
   4.1987821974300878       0.26074803849369643        2.2448897401299175     
   4.2086849856315736       0.25540810281193638        2.1193769116417194     
   4.2185877738330593       0.24999999999999761        1.9931151790643720     
   4.2284905620345450       0.24452610223051252        1.8661608489923456     
   4.2383933502360307       0.23898881053595633        1.7385705083398801     
   4.2482961384375164       0.23339055375547638        1.6104009967513533     
   4.2581989266390021       0.22773378746952025        1.4817093790175369     
   4.2681017148404878       0.22202099292273839        1.3525529175182898     
   4.2780045030419735       0.21625467593562955        1.2229890447114793     
   4.2879072912434593       0.21043736580540240        1.0930753356873435     
   4.2978100794449450       0.20457161419654346       0.96286948080716783     
   4.3077128676464307       0.19865999402157419       0.83242925844432714     
   4.3176156558479164       0.19270509831248384       0.70181250784501059     
   4.3275184440494021       0.18670953908334093       0.57107710212561225     
   4.3374212322508878       0.18067594618457955       0.44028092142276765     
   4.3473240204523735       0.17460696614945664       0.30948182621130066     
   4.3572268086538593       0.16850526103319680       0.17873763080491042     
   4.3671295968553450       0.16237350724532826        4.8106077053383024E-002
   4.3770323850568307       0.15621439437571824       -8.2355191750669854E-002
   4.3869351732583164       0.15003062401483139      -0.21258865674296012     
   4.3968379614598021       0.14382490856872460      -0.34253694912509125     
   4.4067407496612878       0.13759997006929275      -0.47214287555786483     
   4.4166435378627735       0.13135853898029740      -0.60134944330003459     
   4.4265463260642592       0.12510335299969638      -0.73009988508341361     
   4.4364491142657450       0.11883715585879615      -0.85833768371589780     
   4.4463519024672307       0.11256269611876188      -0.98600659640448129     
   4.4562546906687164       0.10628272596500947       -1.1130506787913603     
   4.4661574788702021       0.10000000000000278       -1.2394143086969749     
   4.4760602670716878        9.3717274034995551E-002  -1.3650422095642265     
   4.4859630552731735        8.7437303881243142E-002  -1.4898794735990946     
   4.4958658434746592        8.1162844141209403E-002  -1.6138715846035983     
   4.5057686316761449        7.4896647000308625E-002  -1.7369644404973172     
   4.5156714198776307        6.8641461019707611E-002  -1.8591043755246695     
   4.5255742080791164        6.2400029930712753E-002  -1.9802381821456962     
   4.5354769962806021        5.6175091431280390E-002  -2.1003131326083921     
   4.5453797844820878        4.9969375985173571E-002  -2.2192770002014015     
   4.5552825726835735        4.3785605624287231E-002  -2.3370780801864548     
   4.5651853608850592        3.7626492754676659E-002  -2.4536652104100156     
   4.5750881490865449        3.1494738966808100E-002  -2.5689877915943695     
   4.5849909372880306        2.5393033850548752E-002  -2.6829958073087630     
   4.5948937254895164        1.9324053815425304E-002  -2.7956398436212164     
   4.6047965136910021        1.3290460916663888E-002  -2.9068711084322745     
   4.6146993018924878        7.2949016875209632E-003  -3.0166414504922150     
   4.6246020900939735        1.3400059784305501E-003  -3.1249033781030540     
   4.6345048782954592       -4.5716141965387175E-003  -3.2316100775075238     
   4.6444076664969449       -1.0437365805397725E-002  -3.3367154309666778     
   4.6543104546984306       -1.6254675935624907E-002  -3.4401740345282903     
   4.6642132428999163       -2.2020992922733768E-002  -3.5419412154882730     
   4.6741160311014021       -2.7733787469515686E-002  -3.6419730495470408     
   4.6840188193028878       -3.3390553755471869E-002  -3.7402263776630140     
   4.6939216075043735       -3.8988810535951851E-002  -3.8366588226054392     
   4.7038243957058592       -4.4526102230508124E-002  -3.9312288052082556     
   4.7137271839073449       -4.9999999999993272E-002  -4.0238955603269373     
   4.7236299721088306       -5.5408102811932092E-002  -4.1146191525000528     
   4.7335327603103163       -6.0748038493692230E-002  -4.2033604913167881     
   4.7434355485118020       -6.6017464772996221E-002  -4.2900813464917338     
   4.7533383367132878       -7.1214070305322286E-002  -4.3747443626479976     
   4.7632411249147735       -7.6335575687734941E-002  -4.4573130738090372     
   4.7731439131162592       -8.1379734458705250E-002  -4.5377519175997056     
   4.7830467013177449       -8.6344334083485713E-002  -4.6160262491565032     
   4.7929494895192306       -9.1227196924599741E-002  -4.6921023547464893     
   4.8028522777207163       -9.6026181197024302E-002  -4.7659474650941602     
   4.8127550659222020      -0.10073918190764997       -4.8375297684151564     
   4.8226578541236877      -0.10536413177859938       -4.9068184231550127     
   4.8325606423251735      -0.10989900215400225       -4.9737835704309772     
   4.8424634305266592      -0.11434180388983350       -5.0383963461744692     
   4.8523662187281449      -0.11869058822641620       -5.1006288929710211     
   4.8622690069296306      -0.12294344764321094       -5.1604543715943869     
   4.8721717951311163      -0.12709851669551950       -5.2178469722309622     
   4.8820745833326020      -0.13115397283272964       -5.2727819253900154     
   4.8919773715340877      -0.13510803719774470       -5.3252355124949817     
   4.9018801597355735      -0.13895897540725161       -5.3751850761505811     
   4.9117829479370592      -0.14270509831247721       -5.4226090300799115     
   4.9216857361385449      -0.14634476274010419       -5.4674868687253895     
   4.9315885243400306      -0.14987637221302283       -5.5097991765070002     
   4.9414913125415163      -0.15329837765059781       -5.5495276367307209     
   4.9513941007430020      -0.15660927804814531       -5.5866550401397612     
   4.9612968889444877      -0.15980762113532496       -5.6211652931009208     
   4.9711996771459734      -0.16289200401315271       -5.6530434254177617     
   4.9811024653474592      -0.16586107376935813       -5.6822755977622572     
   4.9910052535489449      -0.16871352807181764       -5.7088491087161684     
   5.0009080417504306      -0.17144811573979998       -5.7327524014130340     
   5.0108108299519163      -0.17406363729277449       -5.7539750697715526     
   5.0207136181534020      -0.17655894547654452       -5.7725078643109402     
   5.0306164063548877      -0.17893294576647009       -5.7883426975385301     
   5.0405191945563734      -0.18118459684756230       -5.8014726488998667     
   5.0504219827578591      -0.18331291107123929       -5.8118919692814730     
   5.0603247709593449      -0.18531695488854141       -5.8195960850562845     
   5.0702275591608306      -0.18719584925961572       -5.8245816016618059     
   5.0801303473623163      -0.18894877003929320       -5.8268463067011274     
   5.0900331355638020      -0.19057494833858543       -5.8263891725568273     
   5.0999359237652877      -0.19207367086194441       -5.8232103585080504     
   5.1098387119667734      -0.19344428022013824       -5.8173112123411590     
   5.1197415001682591      -0.19468617521860351       -5.8086942714444705     
   5.1296442883697448      -0.19579881112114869       -5.7973632633778980     
   5.1395470765712306      -0.19678169988889396       -5.7833231059085914     
   5.1494498647727163      -0.19763441039434124       -5.7665799065039307     
   5.1593526529742020      -0.19835656861048015       -5.7471409612735993     
   5.1692554411756877      -0.19894785777484977       -5.7250147533529550     
   5.1791582293771734      -0.19940801852848036       -5.7002109507201526     
   5.1890610175786591      -0.19973684902965674       -5.6727404034401605     
   5.1989638057801448      -0.19993420504245321       -5.6426151403292204     
   5.2088665939816305      -0.19999999999999998       -5.6098483650338151     
   5.2187693821831163      -0.19993420504245404       -5.5744544515189007     
   5.2286721703846020      -0.19973684902965830       -5.5364489389606657     
   5.2385749585860877      -0.19940801852848264       -5.4958485260398264     
   5.2484777467875734      -0.19894785777485288       -5.4526710646320700     
   5.2583805349890591      -0.19835656861048404       -5.4069355528929890     
   5.2682833231905448      -0.19763441039434579       -5.3586621277356059     
   5.2781861113920305      -0.19678169988889940       -5.3078720566993098     
   5.2880888995935162      -0.19579881112115485       -5.2545877292097831     
   5.2979916877950020      -0.19468617521861034       -5.1988326472303639     
   5.3078944759964877      -0.19344428022014595       -5.1406314153060153     
   5.3177972641979734      -0.19207367086195284       -5.0800097300018976     
   5.3277000523994591      -0.19057494833859448       -5.0169943687394651     
   5.3376028406009448      -0.18894877003930313       -4.9516131780337354     
   5.3475056288024305      -0.18719584925962626       -4.8838950611362266     
   5.3574084170039162      -0.18531695488855268       -4.8138699650890446     
   5.3673112052054019      -0.18331291107125150       -4.7415688671961966     
   5.3772139934068877      -0.18118459684757496       -4.6670237609193226     
   5.3871167816083734      -0.17893294576648353       -4.5902676412056405     
   5.3970195698098591      -0.17655894547655884       -4.5113344892568321     
   5.4069223580113448      -0.17406363729278931       -4.4302592567484211     
   5.4168251462128305      -0.17144811573981553       -4.3470778495099420     
   5.4267279344143162      -0.16871352807183412       -4.2618271106769310     
   5.4366307226158019      -0.16586107376937506       -4.1745448033266843     
   5.4465335108172876      -0.16289200401317031       -4.0852695926103033     
   5.4564362990187734      -0.15980762113534344       -3.9940410273942839     
   5.4663390872202591      -0.15660927804816424       -3.9008995214256772     
   5.4762418754217448      -0.15329837765061735       -3.8058863340354336     
   5.4861446636232305      -0.14987637221304334       -3.7090435503950814     
   5.4960474518247162      -0.14634476274012506       -3.6104140613426345     
   5.5059502400262019      -0.14270509831249870       -3.5100415427941116     
   5.5158530282276876      -0.13895897540727400       -3.4079704347574014     
   5.5257558164291734      -0.13510803719776740       -3.3042459199659602     
   5.5356586046306591      -0.13115397283275287       -3.1989139021500574     
   5.5455613928321448      -0.12709851669554370       -3.0920209839636317     
   5.5554641810336305      -0.12294344764323534       -2.9836144445853914     
   5.5653669692351162      -0.11869058822644118       -2.8737422170128699     
   5.5752697574366019      -0.11434180388985946       -2.7624528650684104     
   5.5851725456380876      -0.10989900215402831       -2.6497955601364382     
   5.5950753338395733      -0.10536413177862597       -2.5358200576513972     
   5.6049781220410591      -0.10073918190767747       -2.4205766733556899     
   5.6148809102425448       -9.6026181197051919E-002  -2.3041162593474436     
   5.6247836984440305       -9.1227196924627857E-002  -2.1864901799375098     
   5.6346864866455162       -8.6344334083514718E-002  -2.0677502873352460     
   5.6445892748470019       -8.1379734458734310E-002  -1.9479488971826395     
   5.6544920630484876       -7.6335575687764445E-002  -1.8271387639560854     
   5.6643948512499733       -7.1214070305352678E-002  -1.7053730562548666     
   5.6742976394514590       -6.6017464773026613E-002  -1.5827053319954836     
   5.6842004276529448       -6.0748038493723039E-002  -1.4591895135304165     
   5.6941032158544305       -5.5408102811963761E-002  -1.3348798627096421     
   5.7040060040559162       -5.0000000000024858E-002  -1.2098309559031102     
   5.7139087922574019       -4.4526102230540071E-002  -1.0840976590017612     
   5.7238115804588876       -3.8988810535984658E-002 -0.95773510241422444     
   5.7337143686603733       -3.3390553755504565E-002 -0.83079865607617354     
   5.7436171568618590       -2.7733787469548743E-002 -0.70334390448852391     
   5.7535199450633447       -2.2020992922767615E-002 -0.57542662180016302     
   5.7634227332648305       -1.6254675935658561E-002 -0.44710274695059621     
   5.7733255214663162       -1.0437365805431656E-002 -0.31842835888706339     
   5.7832283096678019       -4.5716141965734258E-003 -0.18945965187005137     
   5.7931310978692876        1.3400059783960777E-003  -6.0252910880797879E-002
   5.8030338860707733        7.2949016874862410E-003   6.9135512856555004E-002
   5.8129366742722590        1.3290460916628430E-002  0.19864922622616918     
   5.8228394624737447        1.9324053815390138E-002  0.32823181843346960     
   5.8327422506752304        2.5393033850512864E-002  0.45782688506923869     
   5.8426450388767162        3.1494738966772046E-002  0.58737805201491866     
   5.8525478270782019        3.7626492754640965E-002  0.71682899917960941     
   5.8624506152796876        4.3785605624250851E-002  0.84612348406025450     
   5.8723534034811733        4.9969375985137059E-002  0.97520536511721800     
   5.8822561916826590        5.6175091431244287E-002   1.1040186249578527     
   5.8921589798841447        6.2400029930676011E-002   1.2325073933216668     
   5.9020617680856304        6.8641461019670780E-002   1.3606159698613995     
   5.9119645562871161        7.4896647000272251E-002   1.4882888467146627     
   5.9218673444886019        8.1162844141172447E-002   1.6154707308618148     
   5.9317701326900876        8.7437303881206144E-002   1.7421065662663531     
   5.9416729208915733        9.3717274034959067E-002   1.8681415557944552     
   5.9515757090930590        9.9999999999965755E-002   1.9935211829112047     
   5.9614784972945447       0.10628272596497246        2.1181912331516375     
   5.9713812854960304       0.11256269611872542        2.2420978153649820     
   5.9812840736975161       0.11883715585875920        2.3651873827313130     
   5.9911868618990018       0.12510335299965950        2.4874067535503537     
   6.0010896501004876       0.13135853898026109        2.6087031318022951     
   6.0109924383019733       0.13759997006925601        2.7290241274812792     
   6.0208952265034590       0.14382490856868796        2.8483177767025718     
   6.0307980147049447       0.15003062401479539        2.9665325615844833     
   6.0407008029064304       0.15621439437568185        3.0836174299068309     
   6.0506035911079161       0.16237350724529204        3.1995218145478552     
   6.0605063793094018       0.16850526103316127        3.3141956527016192     
   6.0704091675108875       0.17460696614942078        3.4275894048782956     
   6.0803119557123733       0.18067594618454386        3.5396540736900017     
   6.0902147439138590       0.18670953908330601        3.6503412224245868     
   6.1001175321153447       0.19270509831244859        3.7596029934102124     
   6.1100203203168304       0.19865999402153972        3.8673921261736055     
   6.1199231085183161       0.20457161419650921        3.9736619753944318     
   6.1298258967198018       0.21043736580536798        4.0783665286588331     
   6.1397286849212875       0.21625467593559591        4.1814604240144710     
   6.1496314731227733       0.22202099292270502        4.2828989673296745     
   6.1595342613242590       0.22773378746948675        4.3826381494590665     
   6.1694370495257447       0.23339055375544368        4.4806346632176082     
   6.1793398377272304       0.23898881053592397        4.5768459201649696     
   6.1892426259287161       0.24452610223048010        4.6712300672019129     
   6.1991454141302018       0.24999999999996605        4.7637460029797003     
   6.2090482023316875       0.25540810281190518        4.8543533941235371     
   6.2189509905331732       0.26074803849366524        4.9430126912705656     
   6.2288537787346590       0.26601746477297006        5.0296851449223636     
   6.2387565669361447       0.27121407030529648        5.1143328211116028     
   6.2486593551376304       0.27633557568770906        5.1969186168820896     
   6.2585621433391161       0.28137973445868020        5.2774062755806739     
   6.2684649315406018       0.28634433408346105        5.3557604019592011     
   6.2783677197420875       0.29122719692457510        5.4319464770841712     
   6.2882705079435732       0.29602618119700053        5.5059308730509020     
   6.2981732961450589       0.30073918190762661        5.5776808674987564     
   6.3080760843465447       0.30536413177857602        5.6471646579233203     
   6.3179788725480304       0.30989900215397981        5.7143513757805957     
   6.3278816607495161       0.31434180388981148        5.7792111003779576     
   6.3377844489510018       0.31869058822639429        5.8417148725459542     
   6.3476872371524875       0.32294344764318988        5.9018347080841984     
   6.3575900253539732       0.32709851669549894        5.9595436109742570     
   6.3674928135554589       0.33115397283270920        6.0148155863518209     
   6.3773956017569446       0.33510803719772519        6.0676256532295705     
   6.3872983899584304       0.33895897540723263        6.1179498569618955     
   6.3972011781599161       0.34270509831245843        6.1657652814419395     
   6.4071039663614018       0.34634476274008630        6.2110500610207797     
   6.4170067545628875       0.34987637221300544        6.2537833921381196     
   6.4269095427643732       0.35329837765058070        6.2939455446534769     
   6.4368123309658589       0.35660927804812903        6.3315178728660371     
   6.4467151191673446       0.35980762113530917        6.3664828262111897     
   6.4566179073688303       0.36289200401313737        6.3988239596212857     
   6.4665206955703161       0.36586107376934351        6.4285259435374806     
   6.4764234837718018       0.36871352807180369        6.4555745735596322     
   6.4863262719732875       0.37144811573978631        6.4799567797204309     
   6.4962290601747732       0.37406363729276171        6.5016606353700217     
   6.5061318483762589       0.37655894547653235        6.5206753656568379     
   6.5160346365777446       0.37893294576645831        6.5369913555904233     
   6.5259374247792303       0.38118459684755135        6.5506001576716635     
   6.5358402129807160       0.38331291107122900        6.5614944990757884     
   6.5457430011822018       0.38531695488853157        6.5696682883735749     
   6.5556457893836875       0.38719584925960659        6.5751166217759227     
   6.5655485775851732       0.38894877003928474        6.5778357888872101     
   6.5754513657866589       0.39057494833857742        6.5778232779528363     
   6.5853541539881446       0.39207367086193723        6.5750777805865184     
   6.5952569421896303       0.39344428022013167        6.5695991959629616     
   6.6051597303911160       0.39468617521859750        6.5613886344621157     
   6.6150625185926017       0.39579881112114346        6.5504484207510103     
   6.6249653067940875       0.39678169988888945        6.5367820962899117     
   6.6348680949955732       0.39763441039433722        6.5203944212497937     
   6.6447708831970589       0.39835656861047686        6.5012913758284752     
   6.6546736713985446       0.39894785777484720        6.4794801609533712     
   6.6645764596000303       0.39940801852847829        6.4549691983592936     
   6.6744792478015160       0.39973684902965545        6.4277681300303691     
   6.6843820360030017       0.39993420504245258        6.3978878169956310     
   6.6942848242044874       0.40000000000000002        6.3653403374686981     
   6.7041876124059732       0.39993420504245469        6.3301389843225655     
   6.7140904006074589       0.39973684902965956        6.2922982618912275     
   6.7239931888089446       0.39940801852848462        6.2518338820907982     
   6.7338959770104303       0.39894785777485553        6.2087627598534461     
   6.7437987652119160       0.39835656861048729        6.1631030078684930     
   6.7537015534134017       0.39763441039434977        6.1148739306257722     
   6.7636043416148874       0.39678169988890399        6.0640960177572953     
   6.7735071298163732       0.39579881112116011        6.0107909366743053     
   6.7834099180178589       0.39468617521861638        5.9549815244976410     
   6.7933127062193446       0.39344428022015254        5.8966917792803750     
   6.8032154944208303       0.39207367086195999        5.8359468505227179     
   6.8131182826223160       0.39057494833860251        5.7727730289801222     
   6.8230210708238017       0.38894877003931161        5.7071977357665977     
   6.8329238590252874       0.38719584925963557        5.6392495107563070     
   6.8428266472267731       0.38531695488856244        5.5689580002874344     
   6.8527294354282589       0.38331291107126186        5.4963539441734941     
   6.8626322236297446       0.38118459684758621        5.4214691620281679     
   6.8725350118312303       0.37893294576649517        5.3443365389108619     
   6.8824378000327160       0.37655894547657109        5.2649900103011644     
   6.8923405882342017       0.37406363729280234        5.1834645464113418     
   6.9022433764356874       0.37144811573982894        5.0997961358471402     
   6.9121461646371731       0.36871352807184810        5.0140217686279804     
   6.9220489528386588       0.36586107376938992        4.9261794185786520     
   6.9319517410401446       0.36289200401318544        4.8363080251055477     
   6.9418545292416303       0.35980762113535925        4.7444474743714906     
   6.9517573174431160       0.35660927804818077        4.6506385798836805     
   6.9616601056446017       0.35329837765063421        4.5549230625107437     
   6.9715628938460874       0.34987637221306078        4.4573435299451383     
   6.9814656820475731       0.34634476274014331        4.3579434556281216     
   6.9913684702490588       0.34270509831251716        4.2567671571554131     
   7.0012712584505445       0.33895897540729303        4.1538597741820364     
   7.0111740466520303       0.33510803719778726        4.0492672458456447     
   7.0210768348535160       0.33115397283277292        3.9430362877283400     
   7.0309796230550017       0.32709851669556428        3.8352143683773443     
   7.0408824112564874       0.32294344764325678        3.7258496854054224     
   7.0507851994579731       0.31869058822646279        3.6149911411926432     
   7.0606879876594588       0.31434180388988142        3.5026883182111739     
   7.0705907758609445       0.30989900215405120        3.3889914539952670     
   7.0804935640624302       0.30536413177864891        3.2739514157790408     
   7.0903963522639160       0.30073918190770088        3.1576196748247387     
   7.1002991404654017       0.29602618119707619        3.0400482804643207     
   7.1102019286668874       0.29122719692465215        2.9212898338776250     
   7.1201047168683731       0.28634433408353943        2.8013974616301947     
   7.1300075050698588       0.28137973445875986        2.6804247889939452     
   7.1399102932713445       0.27633557568778994        2.5584259130739730     
   7.1498130814728302       0.27121407030537859        2.4354553757646547     
   7.1597158696743159       0.26601746477305332        2.3115681365578911     
   7.1696186578758017       0.26074803849374961        2.1868195452265948     
   7.1795214460772874       0.25540810281199072        2.0612653144059543     
   7.1894242342787731       0.25000000000005262        1.9349614920947518     
   7.1993270224802588       0.24452610223056770        1.8079644340990186     
   7.2092298106817445       0.23898881053601256        1.6803307764396178     
   7.2191325988832302       0.23339055375553325        1.5521174077449902     
   7.2290353870847159       0.22773378746957723        1.4233814416501134     
   7.2389381752862016       0.22202099292279637        1.2941801892219786     
   7.2488409634876874       0.21625467593568809        1.1645711314313369     
   7.2587437516891731       0.21043736580546094        1.0346118916902372     
   7.2686465398906588       0.20457161419660294       0.90436020847396459     
   7.2785493280921445       0.19865999402163415       0.77387390804540412     
   7.2884521162936302       0.19270509831254368       0.64321087729945070     
   7.2983549044951159       0.18670953908340171       0.51242903674418028     
   7.3082576926966016       0.18067594618464070       0.38158631363473788     
   7.3181604808980873       0.17460696614951762       0.25074061527552405     
   7.3280632690995731       0.16850526103325861       0.11994980250521795     
   7.3379660573010588       0.16237350724539035       -1.0728336621600762E-002
   7.3478688455025445       0.15621439437578008      -0.14123611294287558     
   7.3577716337040302       0.15003062401489398      -0.27151596207530798     
   7.3676744219055159       0.14382490856878738      -0.40151047006689722     
   7.3775772101070016       0.13759997006935523      -0.53116239880479943     
   7.3874799983084873       0.13135853898036054      -0.66041471116854855     
   7.3973827865099731       0.12510335299975966      -0.78921059591948461     
   7.4072855747114588       0.11883715585885898      -0.91749349231769450     
   7.4171883629129445       0.11256269611882531       -1.0452071144588144     
   7.4270911511144302       0.10628272596507295       -1.1722954753238120     
   7.4369939393159159       0.10000000000006573       -1.2987029105352552     
   7.4468967275174016        9.3717274035059028E-002  -1.4243741018146265     
   7.4567995157188873        8.7437303881306577E-002  -1.5492541001359275     
   7.4667023039203730        8.1162844141272228E-002  -1.6732883485711525     
   7.4766050921218588        7.4896647000371880E-002  -1.7964227048242019     
   7.4865078803233445        6.8641461019770755E-002  -1.9186034634504072     
   7.4964106685248302        6.2400029930775217E-002  -2.0397773777591142     
   7.5063134567263159        5.6175091431343201E-002  -2.1598916813976516     
   7.5162162449278016        4.9969375985236167E-002  -2.2788941096155289     
   7.5261190331292873        4.3785605624349071E-002  -2.3967329202079122     
   7.5360218213307730        3.7626492754738762E-002  -2.5133569141381473     
   7.5459246095322587        3.1494738966869912E-002  -2.6287154558395822     
   7.5558273977337445        2.5393033850609717E-002  -2.7427584931969560     
   7.5657301859352302        1.9324053815486450E-002  -2.8554365772083119     
   7.5756329741367159        1.3290460916724159E-002  -2.9667008813286944     
   7.5855357623382016        7.2949016875813316E-003  -3.0765032204967397     
   7.5954385505396873        1.3400059784905022E-003  -3.1847960698461542     
   7.6053413387411730       -4.5716141964792095E-003  -3.2915325831035838     
   7.6152441269426587       -1.0437365805338203E-002  -3.3966666106750014     
   7.6251469151441444       -1.6254675935566870E-002  -3.5001527174226408     
   7.6350497033456302       -2.2020992922676272E-002  -3.6019462001344476     
   7.6449524915471159       -2.7733787469458260E-002  -3.7020031046885213     
   7.6548552797486016       -3.3390553755414998E-002  -3.8002802429141984     
   7.6647580679500873       -3.8988810535895591E-002  -3.8967352091521805     
   7.6746608561515730       -4.4526102230452003E-002  -3.9913263965155004     
   7.6845636443530587       -4.9999999999938732E-002  -4.0840130128532017     
   7.6944664325545444       -5.5408102811878218E-002  -4.1747550964182505     
   7.7043692207560301       -6.0748038493638606E-002  -4.2635135312414274     
   7.7142720089575159       -6.6017464772943346E-002  -4.3502500622119920     
   7.7241747971590016       -7.1214070305270161E-002  -4.4349273098663780     
   7.7340775853604873       -7.6335575687683122E-002  -4.5175087848854263     
   7.7439803735619730       -8.1379734458655095E-002  -4.5979589023005216     
   7.7538831617634587       -8.6344334083436364E-002  -4.6762429954084794     
   7.7637859499649444       -9.1227196924550835E-002  -4.7523273293950909     
   7.7736887381664301       -9.6026181196976201E-002  -4.8261791146661288     
   7.7835915263679158      -0.10073918190760278       -4.8977665198849181     
   7.7934943145694016      -0.10536413177855269       -4.9670586847147193     
   7.8033971027708873      -0.10989900215395726       -5.0340257322639008     
   7.8132998909723730      -0.11434180388978948       -5.0986387812313003     
   7.8232026791738587      -0.11869058822637277       -5.1608699577490214     
   7.8331054673753444      -0.12294344764316845       -5.2206924069189435     
   7.8430082555768301      -0.12709851669547800       -5.2780803040392463     
   7.8529110437783158      -0.13115397283268879       -5.3330088655165246     
   7.8628138319798015      -0.13510803719770562       -5.3854543594586914     
   7.8727166201812873      -0.13895897540721355       -5.4353941159432555     
   7.8826194083827730      -0.14270509831243991       -5.4828065369555237     
   7.8925221965842587      -0.14634476274006797       -5.5276711059901826     
   7.9024249847857444      -0.14987637221298772       -5.5699683973099461     
   7.9123277729872301      -0.15329837765056351       -5.6096800848541086     
   7.9222305611887158      -0.15660927804811267       -5.6467889507896700     
   7.9321333493902015      -0.15980762113529348       -5.6812788936971197     
   7.9420361375916873      -0.16289200401312218       -5.7131349363830033     
   7.9519389257931730      -0.16586107376932871       -5.7423432333105024     
   7.9618417139946587      -0.16871352807178944       -5.7688910776394895     
   7.9717445021961444      -0.17144811573977317       -5.7927669078669659     
   7.9816472903976301      -0.17406363729274890       -5.8139603140585638     
   7.9915500785991158      -0.17655894547652010       -5.8324620436617947     
   8.0014528668006015      -0.17893294576644672       -5.8482640068912017     
   8.0113556550020881      -0.18118459684754015       -5.8613592816758002     
   8.0212584432035747      -0.18331291107121875       -5.8717421181588625     
   8.0311612314050613      -0.18531695488852232       -5.8794079427401167     
   8.0410640196065479      -0.18719584925959779       -5.8843533616504171     
   8.0509668078080345      -0.18894877003927682       -5.8865761640490142     
   8.0608695960095211      -0.19057494833857044       -5.8860753246333797     
   8.0707723842110077      -0.19207367086193064       -5.8828510057520296     
   8.0806751724124943      -0.19344428022012591       -5.8769045590106277     
   8.0905779606139809      -0.19468617521859252       -5.8682385263618775     
   8.1004807488154675      -0.19579881112113887       -5.8568566406701290     
   8.1103835370169541      -0.19678169988888558       -5.8427638257417023     
   8.1202863252184407      -0.19763441039433408       -5.8259661958122901     
   8.1301891134199273      -0.19835656861047432       -5.8064710544832439     
   8.1400919016214139      -0.19894785777484511       -5.7842868930988596     
   8.1499946898229005      -0.19940801852847687       -5.7594233885572299     
   8.1598974780243871      -0.19973684902965447       -5.7318914005476955     
   8.1698002662258737      -0.19993420504245210       -5.7017029682085365     
   8.1797030544273603      -0.19999999999999998       -5.6688713061989411     
   8.1896058426288469      -0.19993420504245515       -5.6334108001799859     
   8.1995086308303335      -0.19973684902966052       -5.5953370016999422     
   8.2094114190318201      -0.19940801852848591       -5.5546666224798731     
   8.2193142072333067      -0.19894785777485721       -5.5114175280961817     
   8.2292169954347933      -0.19835656861048931       -5.4656087310574097     
   8.2391197836362799      -0.19763441039435212       -5.4172603832734341     
   8.2490225718377665      -0.19678169988890662       -5.3663937679158469     
   8.2589253600392531      -0.19579881112116296       -5.3130312906691488     
   8.2688281482407398      -0.19468617521861956       -5.2571964703731364     
   8.2787309364422264      -0.19344428022015595       -5.1989139290577153     
   8.2886337246437130      -0.19207367086196356       -5.1382093813721603     
   8.2985365128451996      -0.19057494833860630       -5.0751096234116426     
   8.3084393010466862      -0.18894877003931562       -5.0096425209447624     
   8.3183420892481728      -0.18719584925963953       -4.9418369970466225     
   8.3282448774496594      -0.18531695488856650       -4.8717230191427845     
   8.3381476656511460      -0.18331291107126621       -4.7993315854703660     
   8.3480504538526326      -0.18118459684759045       -4.7246947109632718     
   8.3579532420541192      -0.17893294576649946       -4.6478454125696045     
   8.3678560302556058      -0.17655894547657561       -4.5688176940097796     
   8.3777588184570924      -0.17406363729280674       -4.4876465299849411     
   8.3876616066585790      -0.17144811573983323       -4.4043678498460954     
   8.3975643948600656      -0.16871352807185261       -4.3190185207348932     
   8.4074671830615522      -0.16586107376939410       -4.2316363302079703     
   8.4173699712630388      -0.16289200401318962       -4.1422599683575223     
   8.4272727594645254      -0.15980762113536348       -4.0509290094412611     
   8.4371755476660120      -0.15660927804818467       -3.9576838930357559     
   8.4470783358674986      -0.15329837765063800       -3.8625659047279171     
   8.4569811240689852      -0.14987637221306402       -3.7656171563596361     
   8.4668839122704718      -0.14634476274014666       -3.6668805658415846     
   8.4767867004719584      -0.14270509831252035       -3.5663998365523835     
   8.4866894886734450      -0.13895897540729563       -3.4642194363402310     
   8.4965922768749316      -0.13510803719778994       -3.3603845761440874     
   8.5064950650764182      -0.13115397283277533       -3.2549411882522823     
   8.5163978532779048      -0.12709851669556602       -3.1479359042168524     
   8.5263006414793914      -0.12294344764325857       -3.0394160324418231     
   8.5362034296808780      -0.11869058822646422       -2.9294295354643785     
   8.5461062178823646      -0.11434180388988224       -2.8180250069480643     
   8.5560090060838512      -0.10989900215405121       -2.7052516484070090     
   8.5659117942853378      -0.10536413177864934       -2.5911592456807981     
   8.5758145824868244      -0.10073918190770054       -2.4757981451793034     
   8.5857173706883110       -9.6026181197074956E-002  -2.3592192299173318     
   8.5956201588897976       -9.1227196924651338E-002  -2.2414738953583435     
   8.6055229470912842       -8.6344334083537783E-002  -2.1226140250869334     
   8.6154257352927708       -8.1379734458757291E-002  -2.0026919663297287     
   8.6253285234942574       -7.6335575687787816E-002  -1.8817605053437272     
   8.6352313116957440       -7.1214070305375493E-002  -1.7598728426913732     
   8.6451340998972306       -6.6017464773049317E-002  -1.6370825684215597     
   8.6550368880987172       -6.0748038493745160E-002  -1.5134436371748334     
   8.6649396763002038       -5.5408102811986160E-002  -1.3890103432315457     
   8.6748424645016904       -5.0000000000047118E-002  -1.2638372955207438     
   8.6847452527031770       -4.4526102230561665E-002  -1.1379793926077832     
   8.6946480409046636       -3.8988810536006446E-002  -1.0114917976775439     
   8.7045508291061502       -3.3390553755526076E-002 -0.88442991353019729     
   8.7144536173076368       -2.7733787469569504E-002 -0.75684935760601757     
   8.7243564055091234       -2.2020992922788599E-002 -0.62880593705463428     
   8.7342591937106100       -1.6254675935679253E-002 -0.50035562386413146     
   8.7441619819120966       -1.0437365805451543E-002 -0.37155453006482403     
   8.7540647701135832       -4.5716141965924800E-003 -0.24245888302134122     
   8.7639675583150698        1.3400059783763990E-003 -0.11312500082676391     
   8.7738703465165564        7.2949016874674227E-003   1.6390732188680344E-002
   8.7837731347180430        1.3290460916610514E-002  0.14603188982193188     
   8.7936759229195296        1.9324053815371597E-002  0.27574202822340521     
   8.8035787111210162        2.5393033850495253E-002  0.40546470997438966     
   8.8134814993225028        3.1494738966755378E-002  0.53514352800529408     
   8.8233842875239894        3.7626492754623694E-002  0.66472212934583319     
   8.8332870757254760        4.3785605624234565E-002  0.79414423869833439     
   8.8431898639269626        4.9969375985121751E-002  0.92335368182605981     
   8.8530926521284492        5.6175091431228411E-002   1.0522944087497508     
   8.8629954403299358        6.2400029930661148E-002   1.1809105167456968     
   8.8728982285314224        6.8641461019656930E-002   1.3091462731393069     
   8.8828010167329090        7.4896647000258901E-002   1.4369461378895092     
   8.8927038049343956        8.1162844141159082E-002   1.5642547859591307     
   8.9026065931358822        8.7437303881193820E-002   1.6910171294677501     
   8.9125093813373688        9.3717274034947270E-002   1.8171783396234571     
