   1.7698644609603433E-005   0.0000000000000000        0.0000000000000000     
   3.5397289219206866E-005   4.7121951935462014E-003  0.10211273462993586     
   5.3095933828810298E-005   9.4232277234384872E-003  0.20419920406130346     
   7.0794578438413731E-005   1.4131935212892797E-002  0.30623422002406753     
   8.8493223048017157E-005   1.8837155858794006E-002  0.40819260695930554     
   1.0619186765762058E-004   2.3537728718353478E-002  0.51004920823077338     
   1.2389051226722401E-004   2.8232493995554289E-002  0.61177889233174998     
   1.4158915687682744E-004   3.2920293327313568E-002  0.71335655908563533     
   1.5928780148643086E-004   3.7599970069291257E-002  0.81475714583876546     
   1.7698644609603429E-004   4.2270369581274780E-002  0.91595563364392152     
   1.9468509070563771E-004   4.6930339512069243E-002   1.0169270534330093     
   2.1238373531524114E-004   5.1578730083822841E-002   1.1176464921773792     
   2.3008237992484457E-004   5.6214394375717361E-002   1.2180890990342808     
   2.4778102453444802E-004   6.0836188606953723E-002   1.3182300914779213     
   2.6547966914405147E-004   6.5442972418962742E-002   1.4180447614136291     
   2.8317831375365493E-004   7.0033609156771592E-002   1.5175084812736086     
   3.0087695836325838E-004   7.4606966149456416E-002   1.6165967100927836     
   3.1857560297286183E-004   7.9161914989611851E-002   1.7152849995632344     
   3.3627424758246528E-004   8.3697331811768777E-002   1.8135490000657348     
   3.5397289219206874E-004   8.8212097569691200E-002   1.9113644666769023     
   3.7167153680167219E-004   9.2705098312484233E-002   2.0087072651504805     
   3.8937018141127564E-004   9.7175225459444819E-002   2.1055533778712832     
   4.0706882602087910E-004  0.10162137607358743        2.2018789097803300     
   4.2476747063048255E-004  0.10604245313377715        2.2976600942697067     
   4.4246611524008600E-004  0.11043736580540341        2.3928732990457173     
   4.6016475984968946E-004  0.11480502970952694        2.4874950319588631     
   4.7786340445929291E-004  0.11914436719043421        2.5815019467992202     
   4.9556204906889636E-004  0.12345430758153265        2.6748708490557931     
   5.1326069367849982E-004  0.12773378746952183        2.7675787016384135     
   5.3095933828810327E-004  0.13198175095677459        2.8596026305607913     
   5.4865798289770672E-004  0.13619714992186407        2.9509199305832969     
   5.6635662750731018E-004  0.14037894427817205        3.0415080708141082     
   5.8405527211691363E-004  0.14452610223051465        3.1313447002673178     
   6.0175391672651708E-004  0.14863760052972233        3.2204076533766615     
   6.1945256133612053E-004  0.15271242472511146        3.3086749554634753     
   6.3715120594572399E-004  0.15674956941478471        3.3961248281575656     
   6.5484985055532744E-004  0.16074803849369904        3.4827356947696382     
   6.7254849516493089E-004  0.16470684539943956        3.5684861856139700     
   6.9024713977453435E-004  0.16862501335563923        3.6533551432800109     
   7.0794578438413780E-004  0.17250157561298363        3.7373216278516157     
   7.2564442899374125E-004  0.17633557568774200        3.8203649220726357     
   7.4334307360334471E-004  0.18012606759776531        3.9024645364575652     
   7.6104171821294816E-004  0.18387211609589305        3.9836002143460223     
   7.7874036282255161E-004  0.18757279690071163        4.0637519368997923     
   7.9643900743215507E-004  0.19122719692460699        4.1428999280412153     
   8.1413765204175852E-004  0.19483441449905520        4.2210246593316993     
   8.3183629665136197E-004  0.19839355959709568        4.2981068547891539     
   8.4953494126096543E-004  0.20190375405293209        4.3741274956431608     
   8.6723358587056888E-004  0.20536413177860671        4.4490678250267166     
   8.8493223048017233E-004  0.20877383897769439        4.5229093526033797     
   9.0263087508977578E-004  0.21213203435596437        4.5956338591286938     
   9.2032951969937924E-004  0.21543788932895677        4.6672234009447484     
   9.3802816430898269E-004  0.21869058822642354        4.7376603144067833     
   9.5572680891858614E-004  0.22188932849358300        4.8069272202407634     
   9.7342545352818960E-004  0.22503332088913794        4.8750070278307822     
   9.9112409813779294E-004  0.22812178968000937        4.9418829394353487     
   1.0088227427473963E-003  0.23115397283273684        5.0075384543313861     
   1.0265213873569996E-003  0.23412912220149895        5.0719573728850564     
   1.0442200319666030E-003  0.23704650371270714        5.1351238005482918     
   1.0619186765762063E-003  0.23990539754612719        5.1970221517801267     
   1.0796173211858097E-003  0.24270509831248421        5.2576371538918174     
   1.0973159657954130E-003  0.24544491522750700        5.3169538508148495     
   1.1150146104050164E-003  0.24812417228236855        5.3749576067908249     
   1.1327132550146197E-003  0.25074220841048106        5.4316341099824221     
   1.1504118996242230E-003  0.25329837765060448        5.4869693760044473     
   1.1681105442338264E-003  0.25579204930622762        5.5409497513741641     
   1.1858091888434297E-003  0.25822260810118303        5.5935619168800272     
   1.2035078334530331E-003  0.26058945433145730        5.6447928908679827     
   1.2212064780626364E-003  0.26289200401315899        5.6946300324445494     
   1.2389051226722398E-003  0.26512968902660794        5.7430610445958683     
   1.2566037672818431E-003  0.26730195725651024        5.7900739772219598     
   1.2743024118914465E-003  0.26940827272818457        5.8356572300854417     
   1.2920010565010498E-003  0.27144811573980571        5.8797995556739693     
   1.3096997011106531E-003  0.27342098299063344        5.9224900619757124     
   1.3273983457202565E-003  0.27532638770519419        5.9637182151671473     
   1.3450969903298598E-003  0.27716385975338587        6.0034738422125589     
   1.3627956349394632E-003  0.27893294576647526        6.0417471333745372     
   1.3804942795490665E-003  0.28063320924896007        6.0785286446349076     
   1.3981929241586699E-003  0.28226423068626755        6.1138093000254745     
   1.4158915687682732E-003  0.28382560764826342        6.1475803938679867     
   1.4335902133778766E-003  0.28531695488854597        6.1798335929228205     
   1.4512888579874799E-003  0.28673790443949887        6.2105609384457612     
   1.4689875025970832E-003  0.28808810570308280        6.2397548481524874     
   1.4866861472066866E-003  0.28936722553733929        6.2674081180901622     
   1.5043847918162899E-003  0.29057494833858916        6.2935139244157652     
   1.5220834364258933E-003  0.29171097611930286        6.3180658250806347     
   1.5397820810354966E-003  0.29277502858162407        6.3410577614208714     
   1.5574807256451000E-003  0.29376684318652962        6.3624840596531822     
   1.5751793702547033E-003  0.29468617521860646        6.3823394322757849     
   1.5928780148643067E-003  0.29553279784643205        6.4006189793740553     
   1.6105766594739100E-003  0.29630650217854121        6.4173181898305449     
   1.6282753040835134E-003  0.29700709731496716        6.4324329424391191     
   1.6459739486931167E-003  0.29763441039434324        6.4459595069229270     
   1.6636725933027200E-003  0.29818828663655378        6.4578945448558969     
   1.6813712379123234E-003  0.29866858938092394        6.4682351104876226     
   1.6990698825219267E-003  0.29907520011993832        6.4769786514713434     
   1.7167685271315301E-003  0.29940801852848137        6.4841230094948914     
   1.7344671717411334E-003  0.29966696248859093        6.4896664208144363     
   1.7521658163507368E-003  0.29985196810971942        6.4936075166908740     
   1.7698644609603401E-003  0.29996298974449814        6.4959453237287672     
   1.7875631055699435E-003  0.29999999999999999        6.4966792641177733     
   1.8052617501795468E-003  0.29996298974449820        6.4958091557764197     
   1.8229603947891501E-003  0.29985196810971948        6.4933352123983052     
   1.8406590393987535E-003  0.29966696248859104        6.4892580434005946     
   1.8583576840083568E-003  0.29940801852848153        6.4835786537749138     
   1.8760563286179602E-003  0.29907520011993849        6.4762984438406068     
   1.8937549732275635E-003  0.29866858938092411        6.4674192089004512     
   1.9114536178371669E-003  0.29818828663655400        6.4569431387989358     
   1.9291522624467702E-003  0.29763441039434346        6.4448728173831302     
   1.9468509070563736E-003  0.29700709731496744        6.4312112218663700     
   1.9645495516659771E-003  0.29630650217854149        6.4159617220948233     
   1.9822481962755807E-003  0.29553279784643233        6.3991280797172161     
   1.9999468408851842E-003  0.29468617521860679        6.3807144472578123     
   2.0176454854947878E-003  0.29376684318652996        6.3607253670929493     
   2.0353441301043914E-003  0.29277502858162446        6.3391657703313697     
   2.0530427747139949E-003  0.29171097611930324        6.3160409755985798     
   2.0707414193235985E-003  0.29057494833858960        6.2913566877255898     
   2.0884400639332020E-003  0.28936722553733968        6.2651189963423164     
   2.1061387085428056E-003  0.28808810570308319        6.2373343743760170     
   2.1238373531524092E-003  0.28673790443949931        6.2080096764551058     
   2.1415359977620127E-003  0.28531695488854630        6.1771521372187514     
   2.1592346423716163E-003  0.28382560764826387        6.1447693695326890     
   2.1769332869812199E-003  0.28226423068626788        6.1108693626116413     
   2.1946319315908234E-003  0.28063320924896046        6.0754604800488679     
   2.2123305762004270E-003  0.27893294576647570        6.0385514577532744     
   2.2300292208100305E-003  0.27716385975338625        6.0001514017946125     
   2.2477278654196341E-003  0.27532638770519458        5.9602697861573306     
   2.2654265100292377E-003  0.27342098299063383        5.9189164504035610     
   2.2831251546388412E-003  0.27144811573980604        5.8761015972458699     
   2.3008237992484448E-003  0.26940827272818491        5.8318357900303752     
   2.3185224438580483E-003  0.26730195725651057        5.7861299501307935     
   2.3362210884676519E-003  0.26512968902660822        5.7389953542541354     
   2.3539197330772555E-003  0.26289200401315932        5.6904436316586509     
   2.3716183776868590E-003  0.26058945433145753        5.6404867612847367     
   2.3893170222964626E-003  0.25822260810118330        5.5891370687995332     
   2.4070156669060662E-003  0.25579204930622779        5.5364072235558837     
   2.4247143115156697E-003  0.25329837765060470        5.4823102354664677     
   2.4424129561252733E-003  0.25074220841048123        5.4268594517938453     
   2.4601116007348768E-003  0.24812417228236866        5.3700685538572053     
   2.4778102453444804E-003  0.24544491522750711        5.3119515536566446     
   2.4955088899540840E-003  0.24270509831248432        5.2525227904157985     
   2.5132075345636875E-003  0.23990539754612727        5.1917969270436837     
   2.5309061791732911E-003  0.23704650371270714        5.1297889465166211     
   2.5486048237828947E-003  0.23412912220149895        5.0665141481811480     
   2.5663034683924982E-003  0.23115397283273675        5.0019881439787985     
   2.5840021130021018E-003  0.22812178968000929        4.9362268545937313     
   2.6017007576117053E-003  0.22503332088913780        4.8692465055241003     
   2.6193994022213089E-003  0.22188932849358287        4.8010636230782069     
   2.6370980468309125E-003  0.21869058822642332        4.7316950302963496     
   2.6547966914405160E-003  0.21543788932895658        4.6611578427994500     
   2.6724953360501196E-003  0.21213203435596409        4.5894694645654006     
   2.6901939806597231E-003  0.20877383897769411        4.5166475836342750     
   2.7078926252693267E-003  0.20536413177860649        4.4427101677433667     
   2.7255912698789303E-003  0.20190375405293179        4.3676754598931957     
   2.7432899144885338E-003  0.19839355959709534        4.2915619738455755     
   2.7609885590981374E-003  0.19483441449905484        4.2143884895548007     
   2.7786872037077410E-003  0.19122719692460666        4.1361740485331620     
   2.7963858483173445E-003  0.18757279690071119        4.0569379491518722     
   2.8140844929269481E-003  0.18387211609589260        3.9766997418785963     
   2.8317831375365516E-003  0.18012606759776476        3.8954792244527385     
   2.8494817821461552E-003  0.17633557568774152        3.8132964369997246     
   2.8671804267557588E-003  0.17250157561298315        3.7301716570854202     
   2.8848790713653623E-003  0.16862501335563870        3.6461253947119672     
   2.9025777159749659E-003  0.16470684539943906        3.5611783872562564     
   2.9202763605845694E-003  0.16074803849369843        3.4753515943522526     
   2.9379750051941730E-003  0.15674956941478410        3.3886661927185120     
   2.9556736498037766E-003  0.15271242472511076        3.3011435709320858     
   2.9733722944133801E-003  0.14863760052972164        3.2128053241501680     
   2.9910709390229837E-003  0.14452610223051385        3.1236732487807530     
   3.0087695836325873E-003  0.14037894427817130        3.0337693371036569     
   3.0264682282421908E-003  0.13619714992186321        2.9431157718431646     
   3.0441668728517944E-003  0.13198175095677375        2.8517349206937506     
   3.0618655174613979E-003  0.12773378746952102        2.7596493308001033     
   3.0795641620710015E-003  0.12345430758153175        2.6668817231929198     
   3.0972628066806051E-003  0.11914436719043334        2.5734549871818064     
   3.1149614512902086E-003  0.11480502970952597        2.4793921747066321     
   3.1326600958998122E-003  0.11043736580540243        2.3847164946488233     
   3.1503587405094157E-003  0.10604245313377610        2.2894513071038980     
   3.1680573851190193E-003  0.10162137607358639        2.1936201176167551     
   3.1857560297286229E-003   9.7175225459443682E-002   2.0972465713810573     
   3.2034546743382264E-003   9.2705098312483122E-002   2.0003544474042223     
   3.2211533189478300E-003   8.8212097569689965E-002   1.9029676526393700     
   3.2388519635574336E-003   8.3697331811767584E-002   1.8051102160857897     
   3.2565506081670371E-003   7.9161914989610685E-002   1.7068062828592652     
   3.2742492527766407E-003   7.4606966149455139E-002   1.6080801082338179     
   3.2919478973862442E-003   7.0033609156770357E-002   1.5089560516563014     
   3.3096465419958478E-003   6.5442972418961395E-002   1.4094585707352989     
   3.3273451866054514E-003   6.0836188606952391E-002   1.3096122152058778     
   3.3450438312150549E-003   5.6214394375715931E-002   1.2094416208716134     
   3.3627424758246585E-003   5.1578730083821425E-002   1.1089715035254508     
   3.3804411204342620E-003   4.6930339512067709E-002   1.0082266528508377     
   3.3981397650438656E-003   4.2270369581273275E-002  0.90723192630470595     
   3.4158384096534692E-003   3.7599970069289633E-002  0.80601224298373209     
   3.4335370542630727E-003   3.2920293327311972E-002  0.70459257747548198     
   3.4512356988726763E-003   2.8232493995552714E-002  0.60299795369586318     
   3.4689343434822799E-003   2.3537728718351792E-002  0.50125343871448480     
   3.4866329880918834E-003   1.8837155858792348E-002  0.39938413656941862     
   3.5043316327014870E-003   1.4131935212891026E-002  0.29741518207285483     
   3.5220302773110905E-003   9.4232277234367404E-003  0.19537173460926158     
   3.5397289219206941E-003   4.7121951935443478E-003   9.3278971927483162E-002
   3.5574275665302977E-003  -1.8284352773958422E-015  -8.8379160715962250E-003
   3.5751262111399012E-003  -4.7121951935481373E-003 -0.11095373355038214     
   3.5928248557495048E-003  -9.4232277234403937E-003 -0.21304328495126779     
   3.6105235003591083E-003  -1.4131935212894809E-002 -0.31508138121325807     
   3.6282221449687119E-003  -1.8837155858795994E-002 -0.41704284598689378     
   3.6459207895783155E-003  -2.3537728718355435E-002 -0.51890252184603214     
   3.6636194341879190E-003  -2.8232493995556353E-002 -0.62063527649487915     
   3.6813180787975226E-003  -3.2920293327315608E-002 -0.72221600896877125     
   3.6990167234071262E-003  -3.7599970069293408E-002 -0.82361965582720709     
   3.7167153680167297E-003  -4.2270369581276897E-002 -0.92482119733752599     
   3.7344140126263333E-003  -4.6930339512071463E-002  -1.0257956636478052     
   3.7521126572359368E-003  -5.1578730083825026E-002  -1.1265181409473510     
   3.7698113018455404E-003  -5.6214394375719658E-002  -1.2269637776133673     
   3.7875099464551440E-003  -6.0836188606955978E-002  -1.3271077903421833     
   3.8052085910647475E-003  -6.5442972418964962E-002  -1.4269254702636331     
   3.8229072356743511E-003  -7.0033609156773924E-002  -1.5263921890369871     
   3.8406058802839546E-003  -7.4606966149458692E-002  -1.6254834049269824     
   3.8583045248935582E-003  -7.9161914989614224E-002  -1.7241746688584667     
   3.8760031695031618E-003  -8.3697331811771095E-002  -1.8224416304481048     
   3.8937018141127653E-003  -8.8212097569693601E-002  -1.9202600440117363     
   3.9114004587223689E-003  -9.2705098312486592E-002  -2.0176057745458262     
   3.9290991033319725E-003  -9.7175225459447276E-002  -2.1144548036816175     
   3.9467977479415760E-003 -0.10162137607358984       -2.2107832356104251     
   3.9644963925511796E-003 -0.10604245313377963       -2.3065673029787144     
   3.9821950371607831E-003 -0.11043736580540585       -2.4017833727514049     
   3.9998936817703867E-003 -0.11480502970952935       -2.4964079520420546     
   4.0175923263799903E-003 -0.11914436719043668       -2.5904176939084125     
   4.0352909709895938E-003 -0.12345430758153508       -2.6837894031119420     
   4.0529896155991974E-003 -0.12773378746952435       -2.7765000418399248     
   4.0706882602088009E-003 -0.13198175095677703       -2.8685267353886537     
   4.0883869048184045E-003 -0.13619714992186663       -2.9598467778064328     
   4.1060855494280081E-003 -0.14037894427817454       -3.0504376374948592     
   4.1237841940376116E-003 -0.14452610223051718       -3.1402769627671430     
   4.1414828386472152E-003 -0.14863760052972480       -3.2293425873619750     
   4.1591814832568188E-003 -0.15271242472511401       -3.3176125359116835     
   4.1768801278664223E-003 -0.15674956941478724       -3.4050650293632456     
   4.1945787724760259E-003 -0.16074803849370153       -3.4916784903509117     
   4.2122774170856294E-003 -0.16470684539944211       -3.5774315485190291     
   4.2299760616952330E-003 -0.16862501335564173       -3.6623030457938057     
   4.2476747063048366E-003 -0.17250157561298615       -3.7462720416027233     
   4.2653733509144401E-003 -0.17633557568774449       -3.8293178180402672     
   4.2830719955240437E-003 -0.18012606759776784       -3.9114198849787543     
   4.3007706401336472E-003 -0.18387211609589552       -3.9925579851229536     
   4.3184692847432508E-003 -0.18757279690071416       -4.0727120990073038     
   4.3361679293528544E-003 -0.19122719692460946       -4.1518624499344394     
   4.3538665739624579E-003 -0.19483441449905770       -4.2299895088538690     
   4.3715652185720615E-003 -0.19839355959709812       -4.3070739991795497     
   4.3892638631816651E-003 -0.20190375405293448       -4.3830969015452137     
   4.4069625077912686E-003 -0.20536413177860915       -4.4580394584962617     
   4.4246611524008722E-003 -0.20877383897769677       -4.5318831791170355     
   4.4423597970104757E-003 -0.21213203435596675       -4.6046098435924057     
   4.4600584416200793E-003 -0.21543788932895910       -4.6762015077024568     
   4.4777570862296829E-003 -0.21869058822642592       -4.7466405072492526     
   4.4954557308392864E-003 -0.22188932849358534       -4.8159094624145107     
   4.5131543754488900E-003 -0.22503332088914030       -4.8839912820471802     
   4.5308530200584935E-003 -0.22812178968001173       -4.9508691678798256     
   4.5485516646680971E-003 -0.23115397283273917       -5.0165266186727857     
   4.5662503092777007E-003 -0.23412912220150126       -5.0809474342850969     
   4.5839489538873042E-003 -0.23704650371270938       -5.1441157196711735     
   4.6016475984969078E-003 -0.23990539754612936       -5.2060158888022432     
   4.6193462431065114E-003 -0.24270509831248652       -5.2666326685116118     
   4.6370448877161149E-003 -0.24544491522750927       -5.3259511022627457     
   4.6547435323257185E-003 -0.24812417228237071       -5.3839565538393206     
   4.6724421769353220E-003 -0.25074220841048317       -5.4406347109562683     
   4.6901408215449256E-003 -0.25329837765060670       -5.4959715887909502     
   4.7078394661545292E-003 -0.25579204930622979       -5.5499535334335723     
   4.7255381107641327E-003 -0.25822260810118514       -5.6025672252560534     
   4.7432367553737363E-003 -0.26058945433145936       -5.6537996821984091     
   4.7609353999833398E-003 -0.26289200401316098       -5.7036382629719427     
   4.7786340445929434E-003 -0.26512968902660999       -5.7520706701783881     
   4.7963326892025470E-003 -0.26730195725651223       -5.7990849533442548     
   4.8140313338121505E-003 -0.26940827272818652       -5.8446695118696450     
   4.8317299784217541E-003 -0.27144811573980765       -5.8888130978907878     
   4.8494286230313577E-003 -0.27342098299063539       -5.9315048190555872     
   4.8671272676409612E-003 -0.27532638770519607       -5.9727341412115207     
   4.8848259122505648E-003 -0.27716385975338770       -6.0124908910051929     
   4.9025245568601683E-003 -0.27893294576647698       -6.0507652583929366     
   4.9202232014697719E-003 -0.28063320924896179       -6.0875477990618085     
   4.9379218460793755E-003 -0.28226423068626916       -6.1228294367603935     
   4.9556204906889790E-003 -0.28382560764826503       -6.1566014655388646     
   4.9733191352985826E-003 -0.28531695488854747       -6.1888555518977046     
   4.9910177799081861E-003 -0.28673790443950031       -6.2195837368445757     
   5.0087164245177897E-003 -0.28808810570308419       -6.2487784378588476     
   5.0264150691273933E-003 -0.28936722553734062       -6.2764324507632647     
   5.0441137137369968E-003 -0.29057494833859049       -6.3025389515023047     
   5.0618123583466004E-003 -0.29171097611930408       -6.3270914978268031     
   5.0795110029562040E-003 -0.29277502858162524       -6.3500840308843891     
   5.0972096475658075E-003 -0.29376684318653074       -6.3715108767153792     
   5.1149082921754111E-003 -0.29468617521860752       -6.3913667476537270     
   5.1326069367850146E-003 -0.29553279784643299       -6.4096467436326989     
   5.1503055813946182E-003 -0.29630650217854204       -6.4263463533949539     
   5.1680042260042218E-003 -0.29700709731496794       -6.4414614556066985     
   5.1857028706138253E-003 -0.29763441039434396       -6.4549883198756772     
   5.2034015152234289E-003 -0.29818828663655444       -6.4669236076727215     
   5.2211001598330324E-003 -0.29866858938092444       -6.4772643731566459     
   5.2387988044426360E-003 -0.29907520011993877       -6.4860080639022533     
   5.2564974490522396E-003 -0.29940801852848181       -6.4931525215312993     
   5.2741960936618431E-003 -0.29966696248859120       -6.4986959822462511     
   5.2918947382714467E-003 -0.29985196810971959       -6.5026370772666979     
   5.3095933828810503E-003 -0.29996298974449825       -6.5049748331682968     
   5.3272920274906538E-003 -0.29999999999999999       -6.5057086721242001     
   5.3449906721002574E-003 -0.29996298974449809       -6.5048384120488505     
   5.3626893167098609E-003 -0.29985196810971931       -6.5023642666441628     
   5.3803879613194645E-003 -0.29966696248859070       -6.4982868453480371     
   5.3980866059290681E-003 -0.29940801852848115       -6.4926071531852276     
   5.4157852505386716E-003 -0.29907520011993793       -6.4853265905206046     
   5.4334838951482752E-003 -0.29866858938092350       -6.4764469527148689     
   5.4511825397578787E-003 -0.29818828663655328       -6.4659704296827814     
   5.4688811843674823E-003 -0.29763441039434263       -6.4538996053540458     
   5.4865798289770859E-003 -0.29700709731496650       -6.4402374570369565     
   5.5042784735866894E-003 -0.29630650217854043       -6.4249873546849576     
   5.5219771181962930E-003 -0.29553279784643122       -6.4081530600663195     
   5.5396757628058966E-003 -0.29468617521860557       -6.3897387258371019     
   5.5573744074155001E-003 -0.29376684318652857       -6.3697488945176621     
   5.5750730520251037E-003 -0.29277502858162296       -6.3481884973729388     
   5.5927716966347072E-003 -0.29171097611930163       -6.3250628531967727     
   5.6104703412443108E-003 -0.29057494833858794       -6.3003776670006202     
   5.6281689858539144E-003 -0.28936722553733790       -6.2741390286068892     
   5.6458676304635179E-003 -0.28808810570308130       -6.2463534111473420     
   5.6635662750731215E-003 -0.28673790443949732       -6.2170276694668507     
   5.6812649196827250E-003 -0.28531695488854431       -6.1861690384329524     
   5.6989635642923286E-003 -0.28382560764826170       -6.1537851311515830     
   5.7166622089019322E-003 -0.28226423068626560       -6.1198839370894671     
   5.7343608535115357E-003 -0.28063320924895807       -6.0844738201035833     
   5.7520594981211393E-003 -0.27893294576647321       -6.0475635163782169     
   5.7697581427307429E-003 -0.27716385975338376       -6.0091621322700970     
   5.7874567873403464E-003 -0.27532638770519186       -5.9692791420621507     
   5.8051554319499500E-003 -0.27342098299063106       -5.9279243856264525     
   5.8228540765595535E-003 -0.27144811573980321       -5.8851080659968762     
   5.8405527211691571E-003 -0.26940827272818196       -5.8408407468521286     
   5.8582513657787607E-003 -0.26730195725650757       -5.7951333499097331     
   5.8759500103883642E-003 -0.26512968902660505       -5.7479971522316156     
   5.8936486549979678E-003 -0.26289200401315604       -5.6994437834419873     
   5.9113472996075713E-003 -0.26058945433145425       -5.6494852228581465     
   5.9290459442171749E-003 -0.25822260810117992       -5.5981337965349809     
   5.9467445888267785E-003 -0.25579204930622429       -5.5454021742238329     
   5.9644432334363820E-003 -0.25329837765060109       -5.4913033662465507     
   5.9821418780459856E-003 -0.25074220841047756       -5.4358507202854014     
   5.9998405226555892E-003 -0.24812417228236497       -5.3790579180897407     
   6.0175391672651927E-003 -0.24544491522750322       -5.3209389721001665     
   6.0352378118747963E-003 -0.24270509831248036       -5.2615082219910638     
   6.0529364564843998E-003 -0.23990539754612319       -5.2007803311323118     
   6.0706351010940034E-003 -0.23704650371270308       -5.1387702829711088     
   6.0883337457036070E-003 -0.23412912220149484       -5.0754933773347588     
   6.1060323903132105E-003 -0.23115397283273248       -5.0109652266553342     
   6.1237310349228141E-003 -0.22812178968000490       -4.9452017521171889     
   6.1414296795324176E-003 -0.22503332088913344       -4.8782191797282088     
   6.1591283241420212E-003 -0.22188932849357840       -4.8100340363158116     
   6.1768269687516248E-003 -0.21869058822641874       -4.7406631454487034     
   6.1945256133612283E-003 -0.21543788932895183       -4.6701236232853454     
   6.2122242579708319E-003 -0.21213203435595940       -4.5984328743501939     
   6.2299229025804355E-003 -0.20877383897768939       -4.5256085872387493     
   6.2476215471900390E-003 -0.20536413177860161       -4.4516687302524760     
   6.2653201917996426E-003 -0.20190375405292679       -4.3766315469646653     
   6.2830188364092461E-003 -0.19839355959709029       -4.3005155517183606     
   6.3007174810188497E-003 -0.19483441449904976       -4.2233395250573995     
   6.3184161256284533E-003 -0.19122719692460152       -4.1451225090917809     
   6.3361147702380568E-003 -0.18757279690070591       -4.0658838027984467     
   6.3538134148476604E-003 -0.18387211609588727       -3.9856429572586674     
   6.3715120594572639E-003 -0.18012606759775948       -3.9044197708331718     
   6.3892107040668675E-003 -0.17633557568773617       -3.8222342842762651     
   6.4069093486764711E-003 -0.17250157561297755       -3.7391067757901104     
   6.4246079932860746E-003 -0.16862501335563310       -3.6550577560204123     
   6.4423066378956782E-003 -0.16470684539943339       -3.5701079629946970     
   6.4600052825052818E-003 -0.16074803849369282       -3.4842783570045142     
   6.4777039271148853E-003 -0.15674956941477847       -3.3975901154327666     
   6.4954025717244889E-003 -0.15271242472510493       -3.3100646275274563     
   6.5131012163340924E-003 -0.14863760052971575       -3.2217234891231872     
   6.5307998609436960E-003 -0.14452610223050805       -3.1325884973116258     
   6.5484985055532996E-003 -0.14037894427816544       -3.0426816450623573     
   6.5661971501629031E-003 -0.13619714992185722       -2.9520251157953830     
   6.5838957947725067E-003 -0.13198175095676767       -2.8606412779066508     
   6.6015944393821102E-003 -0.12773378746951489       -2.7685526792479171     
   6.6192930839917138E-003 -0.12345430758152572       -2.6757820415623610     
   6.6369917286013174E-003 -0.11914436719042723       -2.5823522548773012     
   6.6546903732109209E-003 -0.11480502970951972       -2.4882863718553900     
   6.6723890178205245E-003 -0.11043736580539616       -2.3936076021057207     
   6.6900876624301281E-003 -0.10604245313376989       -2.2983393064561799     
   6.7077863070397316E-003 -0.10162137607358014       -2.2025049911885537     
   6.7254849516493352E-003  -9.7175225459437284E-002  -2.1061283022377371     
   6.7431835962589387E-003  -9.2705098312476683E-002  -2.0092330193565391     
   6.7608822408685423E-003  -8.8212097569683637E-002  -1.9118430502474490     
   6.7785808854781459E-003  -8.3697331811761200E-002  -1.8139824246629002     
   6.7962795300877494E-003  -7.9161914989604301E-002  -1.7156752884754356     
   6.8139781746973530E-003  -7.4606966149448603E-002  -1.6169458977192472     
   6.8316768193069565E-003  -7.0033609156763793E-002  -1.5178186126045936     
   6.8493754639165601E-003  -6.5442972418954928E-002  -1.4183178915064982     
   6.8670741085261637E-003  -6.0836188606945910E-002  -1.3184682849293166     
   6.8847727531357672E-003  -5.6214394375709291E-002  -1.2182944294485747     
   6.9024713977453708E-003  -5.1578730083814771E-002  -1.1178210416316472     
   6.9201700423549744E-003  -4.6930339512061173E-002  -1.0170729119386837     
   6.9378686869645779E-003  -4.2270369581266724E-002 -0.91607489860540092     
   6.9555673315741815E-003  -3.7599970069282944E-002 -0.81485192150916075     
   6.9732659761837850E-003  -3.2920293327305256E-002 -0.71342895601992273     
   6.9909646207933886E-003  -2.8232493995545987E-002 -0.61183102683748947     
   7.0086632654029922E-003  -2.3537728718345190E-002 -0.51008320181668776     
   7.0263619100125957E-003  -1.8837155858785735E-002 -0.40821058578191899     
   7.0440605546221993E-003  -1.4131935212884273E-002 -0.30623831433263893     
   7.0617591992318028E-003  -9.4232277234299854E-003 -0.20419154764132036     
   7.0794578438414064E-003  -4.7121951935377238E-003 -0.10209546424534613     
   7.0971564884510100E-003   8.4530340211723602E-015   2.4745165521511341E-005
   7.1148551330606135E-003   4.7121951935548932E-003  0.10214388396465399     
   7.1325537776702171E-003   9.4232277234471487E-003  0.20423675580544876     
   7.1502524222798207E-003   1.4131935212901427E-002  0.30627817083815984     
   7.1679510668894242E-003   1.8837155858802603E-002  0.40824295192501603     
   7.1856497114990278E-003   2.3537728718362041E-002  0.51010594085218242     
   7.2033483561086313E-003   2.8232493995563077E-002  0.61184200453700033     
   7.2210470007182349E-003   3.2920293327322325E-002  0.71342604122895037     
   7.2387456453278385E-003   3.7599970069299972E-002  0.81483298670288962     
   7.2564442899374420E-003   4.2270369581283447E-002  0.91603782044292792     
   7.2741429345470456E-003   4.6930339512078138E-002   1.0170155718155032     
   7.2918415791566491E-003   5.1578730083831681E-002   1.1177413262300648     
   7.3095402237662527E-003   5.6214394375726152E-002   1.2181902312859507     
   7.3272388683758563E-003   6.0836188606962466E-002   1.3183375029038036     
   7.3449375129854598E-003   6.5442972418971679E-002   1.4181584314401301     
   7.3626361575950634E-003   7.0033609156780488E-002   1.5176283877834178     
   7.3803348022046670E-003   7.4606966149465243E-002   1.6167228294303879     
   7.3980334468142705E-003   7.9161914989620621E-002   1.7154173065407943     
   7.4157320914238741E-003   8.3697331811777451E-002   1.8136874679693415     
   7.4334307360334776E-003   8.8212097569700054E-002   1.9115090672732173     
   7.4511293806430812E-003   9.2705098312493031E-002   2.0088579686937278     
   7.4688280252526848E-003   9.7175225459453562E-002   2.1057101531106475     
   7.4865266698622883E-003  0.10162137607359607        2.2020417239677017     
   7.5042253144718919E-003  0.10604245313378596        2.2978289131678125     
   7.5219239590814954E-003  0.11043736580541214        2.3930480869365920     
   7.5396226036910990E-003  0.11480502970953560        2.4876757516527190     
   7.5573212483007026E-003  0.11914436719044277        2.5816885596436610     
   7.5750198929103061E-003  0.12345430758154113        2.6750633149453900     
   7.5927185375199097E-003  0.12773378746953046        2.7677769790246485     
   7.6104171821295133E-003  0.13198175095678311        2.8598066764623287     
   7.6281158267391168E-003  0.13619714992187251        2.9511297005966495     
   7.6458144713487204E-003  0.14037894427818040        3.0417235191246230     
   7.6635131159583239E-003  0.14452610223052309        3.1315657796605296     
   7.6812117605679275E-003  0.14863760052973068        3.2206343152499621     
   7.6989104051775311E-003  0.15271242472511973        3.3089071498381619     
   7.7166090497871346E-003  0.15674956941479290        3.3963625036912042     
   7.7343076943967382E-003  0.16074803849370711        3.4829787987687681     
   7.7520063390063417E-003  0.16470684539944777        3.5687346640471516     
   7.7697049836159453E-003  0.16862501335564731        3.6536089407911758     
   7.7874036282255489E-003  0.17250157561299159        3.7375806877737818     
   7.8051022728351524E-003  0.17633557568774985        3.8206291864419142     
   7.8228009174447551E-003  0.18012606759777322        3.9027339460275088     
   7.8404995620543587E-003  0.18387211609590062        3.9838747086022588     
   7.8581982066639623E-003  0.18757279690071912        4.0640314540750166     
   7.8758968512735658E-003  0.19122719692461437        4.1431844051304481     
   7.8935954958831694E-003  0.19483441449906261        4.2213140321078741     
   7.9112941404927729E-003  0.19839355959710298        4.2984010578189880     
   7.9289927851023765E-003  0.20190375405293928        4.3744264623033438     
   7.9466914297119801E-003  0.20536413177861376        4.4493714875203834     
   7.9643900743215836E-003  0.20877383897770152        4.5232176419768670     
   7.9820887189311872E-003  0.21213203435597136        4.5959467052885774     
   7.9997873635407907E-003  0.21543788932896360        4.6675407326751754     
   8.0174860081503943E-003  0.21869058822643028        4.7379820593870887     
   8.0351846527599979E-003  0.22188932849358958        4.8072533050633215     
   8.0528832973696014E-003  0.22503332088914460        4.8753373780191733     
   8.0705819419792050E-003  0.22812178968001587        4.9422174794627329     
   8.0882805865888086E-003  0.23115397283274322        5.0078771076392021     
   8.1059792311984121E-003  0.23412912220150522        5.0723000619019185     
   8.1236778758080157E-003  0.23704650371271344        5.1354704467091663     
   8.1413765204176192E-003  0.23990539754613335        5.1973726755457337     
   8.1590751650272228E-003  0.24270509831249029        5.2579914747683008     
   8.1767738096368264E-003  0.24544491522751294        5.3173118873736431     
   8.1944724542464299E-003  0.24812417228237443        5.3753192766887894     
   8.2121710988560335E-003  0.25074220841048683        5.4319993299821725     
   8.2298697434656370E-003  0.25329837765061008        5.4873380619949241     
   8.2475683880752406E-003  0.25579204930623312        5.5413218183914115     
   8.2652670326848442E-003  0.25822260810118836        5.5939372791281672     
   8.2829656772944477E-003  0.26058945433146263        5.6451714617404267     
   8.3006643219040513E-003  0.26289200401316420        5.6950117245453704     
   8.3183629665136549E-003  0.26512968902661294        5.7434457697613972     
   8.3360616111232584E-003  0.26730195725651518        5.7904616465425658     
   8.3537602557328620E-003  0.26940827272818946        5.8360477539274740     
   8.3714589003424655E-003  0.27144811573981042        5.8801928437018987     
   8.3891575449520691E-003  0.27342098299063800        5.9228860231744447     
   8.4068561895616727E-003  0.27532638770519857        5.9641167578645016     
   8.4245548341712762E-003  0.27716385975339008        6.0038748741018884     
   8.4422534787808798E-003  0.27893294576647942        6.0421505615375404     
   8.4599521233904833E-003  0.28063320924896401        6.0789343755645593     
   8.4776507680000869E-003  0.28226423068627132        6.1142172396491148     
   8.4953494126096905E-003  0.28382560764826709        6.1479904475705585     
   8.5130480572192940E-003  0.28531695488854947        6.1802456655702116     
   8.5307467018288976E-003  0.28673790443950231        6.2109749344083047     
   8.5484453464385012E-003  0.28808810570308596        6.2401706713285607     
   8.5661439910481047E-003  0.28936722553734229        6.2678256719299315     
   8.5838426356577083E-003  0.29057494833859204        6.2939331119449902     
   8.6015412802673118E-003  0.29171097611930558        6.3184865489246329     
   8.6192399248769154E-003  0.29277502858162663        6.3414799238285378     
   8.6369385694865190E-003  0.29376684318653196        6.3629075625211282     
   8.6546372140961225E-003  0.29468617521860868        6.3827641771725521     
   8.6723358587057261E-003  0.29553279784643410        6.4010448675644041     
   8.6900345033153296E-003  0.29630650217854310        6.4177451222998290     
   8.7077331479249332E-003  0.29700709731496883        6.4328608199177273     
   8.7254317925345368E-003  0.29763441039434474        6.4463882299107729     
   8.7431304371441403E-003  0.29818828663655517        6.4583240136469922     
   8.7608290817537439E-003  0.29866858938092511        6.4686652251946635     
   8.7785277263633475E-003  0.29907520011993927        6.4774093120503720     
   8.7962263709729510E-003  0.29940801852848220        6.4845541157699893     
   8.8139250155825546E-003  0.29966696248859154        6.4900978725024308     
   8.8316236601921581E-003  0.29985196810971981        6.4940392134260891     
   8.8493223048017617E-003  0.29996298974449837        6.4963771650877993     
   8.8670209494113653E-003  0.29999999999999999        6.4971111496442573     
   8.8847195940209688E-003  0.29996298974449798        6.4962409850058220     
   8.9024182386305724E-003  0.29985196810971909        6.4937668848827146     
   8.9201168832401759E-003  0.29966696248859043        6.4896894587335003     
   8.9378155278497795E-003  0.29940801852848070        6.4840097116159763     
   8.9555141724593831E-003  0.29907520011993743        6.4767290439404164     
   8.9732128170689866E-003  0.29866858938092289        6.4678492511252674     
   8.9909114616785902E-003  0.29818828663655256        6.4573725231553727     
   9.0086101062881938E-003  0.29763441039434185        6.4453014440428422     
   9.0263087508977973E-003  0.29700709731496561        6.4316389911906633     
   9.0440073955074009E-003  0.29630650217853943        6.4163885346592444     
   9.0617060401170044E-003  0.29553279784643011        6.3995538363360769     
   9.0794046847266080E-003  0.29468617521860435        6.3811390490086470     
   9.0971033293362116E-003  0.29376684318652729        6.3611487153409234     
   9.1148019739458151E-003  0.29277502858162152        6.3395877667535991     
   9.1325006185554187E-003  0.29171097611930014        6.3164615222083977     
   9.1501992631650222E-003  0.29057494833858627        6.2917756868966936     
   9.1678979077746258E-003  0.28936722553733624        6.2655363508328623     
   9.1855965523842294E-003  0.28808810570307952        6.2377499873525899     
   9.2032951969938329E-003  0.28673790443949537        6.2084234515165990     
   9.2209938416034365E-003  0.28531695488854231        6.1775639784201557     
   9.2386924862130401E-003  0.28382560764825959        6.1451791814087349     
   9.2563911308226436E-003  0.28226423068626338        6.1112770502003491     
   9.2740897754322472E-003  0.28063320924895585        6.0758659489149611     
   9.2917884200418507E-003  0.27893294576647082        6.0389546140114581     
   9.3094870646514543E-003  0.27716385975338131        6.0005521521327418     
   9.3271857092610579E-003  0.27532638770518936        5.9606680378593975     
   9.3448843538706614E-003  0.27342098299062834        5.9193121113725589     
   9.3625829984802650E-003  0.27144811573980054        5.8764945760265137     
   9.3802816430898685E-003  0.26940827272817908        5.8322259958316245     
   9.3979802876994721E-003  0.26730195725650474        5.7865172928482576     
   9.4156789323090757E-003  0.26512968902660211        5.7393797444922656     
   9.4333775769186792E-003  0.26289200401315288        5.6908249807527893     
   9.4510762215282828E-003  0.26058945433145114        5.6408649813229808     
   9.4687748661378864E-003  0.25822260810117653        5.5895120726443777     
   9.4864735107474899E-003  0.25579204930622079        5.5367789248657218     
   9.5041721553570935E-003  0.25329837765059765        5.4826785487168754     
   9.5218707999666970E-003  0.25074220841047390        5.4272242922986340     
   9.5395694445763006E-003  0.24812417228236139        5.3704298377893247     
   9.5572680891859042E-003  0.24544491522749956        5.3123091980688093     
   9.5749667337955077E-003  0.24270509831247644        5.2528767132609522     
   9.5926653784051113E-003  0.23990539754611939        5.1921470471952205     
   9.6103640230147148E-003  0.23704650371269903        5.1301351837883535     
   9.6280626676243184E-003  0.23412912220149087        5.0668564233470903     
   9.6457613122339220E-003  0.23115397283272840        5.0023263787926631     
   9.6634599568435255E-003  0.22812178968000060        4.9365609718082224     
   9.6811586014531291E-003  0.22503332088912920        4.8695764289099506     
   9.6988572460627327E-003  0.22188932849357393        4.8013892774429374     
   9.7165558906723362E-003  0.21869058822641455        4.7320163415028205     
   9.7342545352819398E-003  0.21543788932894745        4.6614747377840811     
   9.7519531798915433E-003  0.21213203435595471        4.5897818713562133     
   9.7696518245011469E-003  0.20877383897768478        4.5169554313686024     
   9.7873504691107505E-003  0.20536413177859678        4.4430133866852906     
   9.8050491137203540E-003  0.20190375405292185        4.3679739814507430     
   9.8227477583299576E-003  0.19839355959708552        4.2918557305876082     
   9.8404464029395611E-003  0.19483441449904473        4.2146774152275999     
   9.8581450475491647E-003  0.19122719692459664        4.1364580780767728     
   9.8758436921587683E-003  0.18757279690070097        4.0572170187160905     
   9.8935423367683718E-003  0.18387211609588203        3.9769737888387064     
   9.9112409813779754E-003  0.18012606759775440        3.8957481874249469     
   9.9289396259875790E-003  0.17633557568773081        3.8135602558562263     
   9.9466382705971825E-003  0.17250157561297255        3.7304302729692442     
   9.9643369152067861E-003  0.16862501335562785        3.6463787500514293     
   9.9820355598163896E-003  0.16470684539942784        3.5614264257791430     
   9.9997342044259932E-003  0.16074803849368743        3.4755942610996846     
   1.0017432849035597E-002  0.15674956941477280        3.3889034340584261     
   1.0035131493645200E-002  0.15271242472509924        3.3013753345724659     
   1.0052830138254804E-002  0.14863760052971023        3.2130315591519065     
   1.0070528782864407E-002  0.14452610223050225        3.1238939055701596     
   1.0088227427474011E-002  0.14037894427815983        3.0339843674846754     
   1.0105926072083615E-002  0.13619714992185156        2.9433251290092040     
   1.0123624716693218E-002  0.13198175095676173        2.8519385592392075     
   1.0141323361302822E-002  0.12773378746950917        2.7598472067315418     
   1.0159022005912425E-002  0.12345430758151968        2.6670737939398479     
   1.0176720650522029E-002  0.11914436719042143        2.5736412116071796     
   1.0194419295131632E-002  0.11480502970951385        2.4795725131169251     
   1.0212117939741236E-002  0.11043736580539001        2.3848909088038099     
   1.0229816584350840E-002  0.10604245313376395        2.2896197602260515     
   1.0247515228960443E-002  0.10162137607357394        2.1937825744002444     
   1.0265213873570047E-002   9.7175225459431538E-002   2.0974029980004660     
   1.0282912518179650E-002   9.2705098312470646E-002   2.0005048115227968     
   1.0300611162789254E-002   8.8212097569677309E-002   1.9031119234170075     
   1.0318309807398857E-002   8.3697331811755107E-002   1.8052483641865875     
   1.0336008452008461E-002   7.9161914989597917E-002   1.7069382804586957     
   1.0353707096618064E-002   7.4606966149442192E-002   1.6082059290255821     
   1.0371405741227668E-002   7.0033609156757604E-002   1.5090756708587705     
   1.0389104385837272E-002   6.5442972418948461E-002   1.4095719650975629     
   1.0406803030446875E-002   6.0836188606939678E-002   1.3097193630134734     
   1.0424501675056479E-002   5.6214394375703039E-002   1.2095425019518038     
   1.0442200319666082E-002   5.1578730083808241E-002   1.1090660992521839     
   1.0459898964275686E-002   4.6930339512054886E-002   1.0083149461493079     
   1.0477597608885289E-002   4.2270369581260160E-002  0.90731390165547954     
   1.0495296253494893E-002   3.7599970069276886E-002  0.80608788642658902     
   1.0512994898104496E-002   3.2920293327298934E-002  0.70466187661275947     
   1.0530693542714100E-002   2.8232493995539388E-002  0.60306089769551374     
   1.0548392187323704E-002   2.3537728718338848E-002  0.50131001831270594     
   1.0566090831933307E-002   1.8837155858779119E-002  0.39943434407284983     
   1.0583789476542911E-002   1.4131935212877656E-002  0.29745901136047925     
   1.0601488121152514E-002   9.4232277234236311E-003  0.19540918113385947     
   1.0619186765762118E-002   4.7121951935310998E-003   9.3310032716687474E-002
   1.0636885410371721E-002  -1.4811179239038840E-014  -8.8132424145763617E-003
   1.0654584054981325E-002  -4.7121951935612518E-003 -0.11093544684649548     
   1.0672282699590929E-002  -9.4232277234537701E-003 -0.21303138344568623     
   1.0689981344200532E-002  -1.4131935212907778E-002 -0.31507586157584244     
   1.0707679988810136E-002  -1.8837155858809219E-002 -0.41704370331310547     
   1.0725378633419739E-002  -2.3537728718368383E-002 -0.51890974965813297     
   1.0743077278029343E-002  -2.8232493995569412E-002 -0.62064886674361919     
   1.0760775922638946E-002  -3.2920293327328910E-002 -0.72223595203539381     
   1.0778474567248550E-002  -3.7599970069306279E-002 -0.82364594052585371     
   1.0796173211858153E-002  -4.2270369581290011E-002 -0.92485381091808727     
   1.0813871856467757E-002  -4.6930339512084682E-002  -1.0258345917990632     
   1.0831570501077361E-002  -5.1578730083837954E-002  -1.1265633678005673     
   1.0849269145686964E-002  -5.6214394375732668E-002  -1.2270152857462613     
   1.0866967790296568E-002  -6.0836188606968690E-002  -1.3271655607832458     
   1.0884666434906171E-002  -6.5442972418977896E-002  -1.4269894824968823     
   1.0902365079515775E-002  -7.0033609156786927E-002  -1.5264624210070425     
   1.0920063724125378E-002  -7.4606966149471390E-002  -1.6255598330445575     
   1.0937762368734982E-002  -7.9161914989626991E-002  -1.7242572680062564     
   1.0955461013344586E-002  -8.3697331811783557E-002  -1.8225303739869883     
   1.0973159657954189E-002  -8.8212097569706119E-002  -1.9203549037874286     
   1.0990858302563793E-002  -9.2705098312499318E-002  -2.0177067208958448     
   1.1008556947173396E-002  -9.7175225459459558E-002  -2.1145618054426314     
   1.1026255591783000E-002 -0.10162137607360229       -2.2108962601260314     
   1.1043954236392603E-002 -0.10604245313379164       -2.3066863161074784     
   1.1061652881002207E-002 -0.11043736580541805       -2.4019083388753870     
   1.1079351525611810E-002 -0.11480502970954171       -2.4965388340755927     
   1.1097050170221414E-002 -0.11914436719044859       -2.5905544533073184     
   1.1114748814831018E-002 -0.12345430758154716       -2.6839319998830895     
   1.1132447459440621E-002 -0.12773378746953643       -2.7766484345511135     
   1.1150146104050225E-002 -0.13198175095678880       -2.8686808811788889     
   1.1167844748659828E-002 -0.13619714992187840       -2.9600066323965546     
   1.1185543393269432E-002 -0.14037894427818601       -3.0506031551984827     
   1.1203242037879035E-002 -0.14452610223052867       -3.1404480965019945     
   1.1220940682488639E-002 -0.14863760052973646       -3.2295192886615323     
   1.1238639327098243E-002 -0.15271242472512517       -3.3177947549371565     
   1.1256337971707846E-002 -0.15674956941479853       -3.4052527149159637     
   1.1274036616317450E-002 -0.16074803849371247       -3.4918715898849344     
   1.1291735260927053E-002 -0.16470684539945310       -3.5776300081541956     
   1.1309433905536657E-002 -0.16862501335565280       -3.6625068103290404     
   1.1327132550146260E-002 -0.17250157561299678       -3.7464810545296845     
   1.1344831194755864E-002 -0.17633557568775524       -3.8295320215573647     
   1.1362529839365467E-002 -0.18012606759777852       -3.9116392200054082     
   1.1380228483975071E-002 -0.18387211609590587       -3.9927823913142184     
   1.1397927128584675E-002 -0.18757279690072451       -4.0729415147688108     
   1.1415625773194278E-002 -0.19122719692461948       -4.1520968124375992     
   1.1433324417803882E-002 -0.19483441449906769       -4.2302287540514376     
   1.1451023062413485E-002 -0.19839355959710814       -4.3073180618214444     
   1.1468721707023089E-002 -0.20190375405294417       -4.3833457151946469     
   1.1486420351632692E-002 -0.20536413177861881       -4.4582929555461819     
   1.1504118996242296E-002 -0.20877383897770610       -4.5321412908068206     
   1.1521817640851899E-002 -0.21213203435597602       -4.6048725000248831     
   1.1539516285461503E-002 -0.21543788932896843       -4.6764686378611673     
   1.1557214930071107E-002 -0.21869058822643481       -4.7469120390159878     
   1.1574913574680710E-002 -0.22188932849359425       -4.8161853225871782     
   1.1592612219290314E-002 -0.22503332088914879       -4.8842713963578577     
   1.1610310863899917E-002 -0.22812178968002017       -4.9511534610131411     
   1.1628009508509521E-002 -0.23115397283274763       -5.0168150142845160     
   1.1645708153119124E-002 -0.23412912220150939       -5.0812398550210220     
   1.1663406797728728E-002 -0.23704650371271752       -5.1444120871862253     
   1.1681105442338332E-002 -0.23990539754613749       -5.2063161237798310     
   1.1698804086947935E-002 -0.24270509831249415       -5.2669366906832193     
   1.1716502731557539E-002 -0.24544491522751688       -5.3262588304277951     
   1.1734201376167142E-002 -0.24812417228237804       -5.3842679058851983     
   1.1751900020776746E-002 -0.25074220841049044       -5.4409496038786349     
   1.1769598665386349E-002 -0.25329837765061380       -5.4962899387142228     
   1.1787297309995953E-002 -0.25579204930623656       -5.5502752556316599     
   1.1804995954605556E-002 -0.25822260810119185       -5.6028922341732867     
   1.1822694599215160E-002 -0.26058945433146580       -5.6541278914706590     
   1.1840393243824764E-002 -0.26289200401316737       -5.7039695854479708     
   1.1858091888434367E-002 -0.26512968902661621       -5.7524050179413502     
   1.1875790533043971E-002 -0.26730195725651817       -5.7994222377334239     
   1.1893489177653574E-002 -0.26940827272819234       -5.8450096435023200     
   1.1911187822263178E-002 -0.27144811573981337       -5.8891559866843490     
   1.1928886466872781E-002 -0.27342098299064072       -5.9318503742497448     
   1.1946585111482385E-002 -0.27532638770520135       -5.9730822713907408     
   1.1964283756091989E-002 -0.27716385975339264       -6.0128415041212548     
   1.1981982400701592E-002 -0.27893294576648187       -6.0511182617876758     
   1.1999681045311196E-002 -0.28063320924896645       -6.0879030994899841     
   1.2017379689920799E-002 -0.28226423068627354       -6.1231869404127108     
   1.2035078334530403E-002 -0.28382560764826936       -6.1569610780651534     
   1.2052776979140006E-002 -0.28531695488855147       -6.1892171784301864     
   1.2070475623749610E-002 -0.28673790443950420       -6.2199472820213142     
   1.2088174268359213E-002 -0.28808810570308790       -6.2491438058472699     
   1.2105872912968817E-002 -0.28936722553734406       -6.2767995452838257     
   1.2123571557578421E-002 -0.29057494833859376       -6.3029076758522624     
   1.2141270202188024E-002 -0.29171097611930707       -6.3274617549040775     
   1.2158968846797628E-002 -0.29277502858162813       -6.3504557232115424     
   1.2176667491407231E-002 -0.29376684318653340       -6.3718839064636699     
   1.2194366136016835E-002 -0.29468617521860996       -6.3917410166672575     
   1.2212064780626438E-002 -0.29553279784643527       -6.4100221534526574     
   1.2229763425236042E-002 -0.29630650217854415       -6.4267228052838883     
   1.2247462069845646E-002 -0.29700709731496977       -6.4418388505729061     
   1.2265160714455249E-002 -0.29763441039434563       -6.4553665586976372     
   1.2282859359064853E-002 -0.29818828663655589       -6.4673025909235697     
   1.2300558003674456E-002 -0.29866858938092566       -6.4776440012287209     
   1.2318256648284060E-002 -0.29907520011993982       -6.4863882370316794     
   1.2335955292893663E-002 -0.29940801852848259       -6.4935331398225964     
   1.2353653937503267E-002 -0.29966696248859187       -6.4990769456970012     
   1.2371352582112870E-002 -0.29985196810972004       -6.5030182857922023     
   1.2389051226722474E-002 -0.29996298974449848       -6.5053561866262921     
   1.2406749871332078E-002 -0.29999999999999999       -6.5060900703395506     
   1.2424448515941681E-002 -0.29996298974449792       -6.5052197548382775     
   1.2442147160551285E-002 -0.29985196810971887       -6.5027454538409586     
   1.2459845805160888E-002 -0.29966696248859009       -6.4986677768267818     
   1.2477544449770492E-002 -0.29940801852848031       -6.4929877288864910     
   1.2495243094380095E-002 -0.29907520011993693       -6.4857067104756272     
   1.2512941738989699E-002 -0.29866858938092228       -6.4768265170702275     
   1.2530640383599303E-002 -0.29818828663655189       -6.4663493387250277     
   1.2548339028208906E-002 -0.29763441039434096       -6.4542777595342997     
   1.2566037672818510E-002 -0.29700709731496466       -6.4406147569954690     
   1.2583736317428113E-002 -0.29630650217853838       -6.4253637012756117     
   1.2601434962037717E-002 -0.29553279784642900       -6.4085283543810911     
   1.2619133606647320E-002 -0.29468617521860307       -6.3901128692304621     
   1.2636832251256924E-002 -0.29376684318652591       -6.3701217886309047     
   1.2654530895866527E-002 -0.29277502858162013       -6.3485600441584316     
   1.2672229540476131E-002 -0.29171097611929858       -6.3254329549421602     
   1.2689928185085735E-002 -0.29057494833858455       -6.3007462263528993     
   1.2707626829695338E-002 -0.28936722553733446       -6.2745059485964445     
   1.2725325474304942E-002 -0.28808810570307758       -6.2467185952118349     
   1.2743024118914545E-002 -0.28673790443949349       -6.2173910214750547     
   1.2760722763524149E-002 -0.28531695488854020       -6.1865304627084416     
   1.2778421408133752E-002 -0.28382560764825737       -6.1541445324963417     
   1.2796120052743356E-002 -0.28226423068626122       -6.1202412208073600     
   1.2813818697352959E-002 -0.28063320924895335       -6.0848288920236913     
   1.2831517341962563E-002 -0.27893294576646843       -6.0479162828780808     
   1.2849215986572167E-002 -0.27716385975337871       -6.0095125002987846     
   1.2866914631181770E-002 -0.27532638770518658       -5.9696270191632070     
   1.2884613275791374E-002 -0.27342098299062567       -5.9282696799606969     
   1.2902311920400977E-002 -0.27144811573979760       -5.8854506863650347     
   1.2920010565010581E-002 -0.26940827272817630       -5.8411806027173299     
   1.2937709209620184E-002 -0.26730195725650158       -5.7954703514198140     
   1.2955407854229788E-002 -0.26512968902659889       -5.7483312102412887     
   1.2973106498839392E-002 -0.26289200401314983       -5.6997748095348069     
   1.2990805143448995E-002 -0.26058945433144770       -5.6498131293682947     
   1.3008503788058599E-002 -0.25822260810117303       -5.5984584965688917     
   1.3026202432668202E-002 -0.25579204930621746       -5.5457235816816119     
   1.3043901077277806E-002 -0.25329837765059393       -5.4916213958431728     
   1.3061599721887409E-002 -0.25074220841047040       -5.4361652875717592     
   1.3079298366497013E-002 -0.24812417228235750       -5.3793689394734301     
   1.3096997011106616E-002 -0.24544491522749559       -5.3212463648661128     
   1.3114695655716220E-002 -0.24270509831247269       -5.2618119043218936     
   1.3132394300325824E-002 -0.23990539754611523       -5.2010802221285042     
   1.3150092944935427E-002 -0.23704650371269512       -5.1390663026709591     
   1.3167791589545031E-002 -0.23412912220148657       -5.0757854467340442     
   1.3185490234154634E-002 -0.23115397283272401       -5.0112532677268122     
   1.3203188878764238E-002 -0.22812178967999647       -4.9454856878298123     
   1.3220887523373841E-002 -0.22503332088912467       -4.8784989340660818     
   1.3238586167983445E-002 -0.22188932849356932       -4.8103095342969482     
   1.3256284812593049E-002 -0.21869058822640980       -4.7409343131434918     
   1.3273983457202652E-002 -0.21543788932894264       -4.6703903878347406     
   1.3291682101812256E-002 -0.21213203435595021       -4.5986951639836873     
   1.3309380746421859E-002 -0.20877383897767987       -4.5258663312920211     
   1.3327079391031463E-002 -0.20536413177859175       -4.4519218591848260     
   1.3344778035641066E-002 -0.20190375405291716       -4.3768799923761392     
   1.3362476680250670E-002 -0.19839355959708035       -4.3007592463665558     
   1.3380175324860273E-002 -0.19483441449903990       -4.2235784028740699     
   1.3397873969469877E-002 -0.19122719692459134       -4.1453565051990742     
   1.3415572614079481E-002 -0.18757279690069556       -4.0661128535248965     
   1.3433271258689084E-002 -0.18387211609587698       -3.9858670001548679     
   1.3450969903298688E-002 -0.18012606759774888       -3.9046387446871313     
   1.3468668547908291E-002 -0.17633557568772565       -3.8224481291285084     
   1.3486367192517895E-002 -0.17250157561296692       -3.7393154329484033     
   1.3504065837127498E-002 -0.16862501335562211       -3.6552611680742215     
   1.3521764481737102E-002 -0.16470684539942254       -3.5703060738293386     
   1.3539463126346706E-002 -0.16074803849368163       -3.4844711118149219     
   1.3557161770956309E-002 -0.15674956941476692       -3.3977774607370095     
   1.3574860415565913E-002 -0.15271242472509375       -3.3102465111799035     
   1.3592559060175516E-002 -0.14863760052970423       -3.2218998603272899     
   1.3610257704785120E-002 -0.14452610223049667       -3.1327593066324697     
   1.3627956349394723E-002 -0.14037894427815376       -3.0428468444387717     
   1.3645654994004327E-002 -0.13619714992184540       -2.9521846585518001     
   1.3663353638613930E-002 -0.13198175095675604       -2.8607951187645710     
   1.3681052283223534E-002 -0.12773378746950292       -2.7687007743370167     
   1.3698750927833138E-002 -0.12345430758151389       -2.6759243484313209     
   1.3716449572442741E-002 -0.11914436719041510       -2.5824887325041965     
   1.3734148217052345E-002 -0.11480502970950750       -2.4884169806578078     
   1.3751846861661948E-002 -0.11043736580538410       -2.3937323039504714     
   1.3769545506271552E-002 -0.10604245313375750       -2.2984580646686497     
   1.3787244150881155E-002 -0.10162137607356744       -2.2026177705617367     
   1.3804942795490759E-002  -9.7175225459425016E-002  -2.1062350690408889     
   1.3822641440100362E-002  -9.2705098312464082E-002  -2.0093337413434096     
   1.3840340084709966E-002  -8.8212097569671230E-002  -1.9119376966642527     
   1.3858038729319570E-002  -8.3697331811748502E-002  -1.8140709662558172     
   1.3875737373929173E-002  -7.9161914989591270E-002  -1.7157576974978181     
   1.3893436018538777E-002  -7.4606966149436030E-002  -1.6170221479384299     
   1.3911134663148380E-002  -7.0033609156750901E-002  -1.5178886793082738     
   1.3928833307757984E-002  -6.5442972418942258E-002  -1.4183817515088510     
   1.3946531952367587E-002  -6.0836188606932934E-002  -1.3185259165766221     
   1.3964230596977191E-002  -5.6214394375696281E-002  -1.2183458126245592     
   1.3981929241586795E-002  -5.1578730083801982E-002  -1.1178661577623845     
   1.3999627886196398E-002  -4.6930339512048086E-002  -1.0171117439971178     
   1.4017326530806002E-002  -4.2270369581253867E-002 -0.91610743111554405     
   1.4035025175415605E-002  -3.7599970069270058E-002 -0.81487814054982843     
   1.4052723820025209E-002  -3.2920293327292086E-002 -0.71344884922814200     
   1.4070422464634812E-002  -2.8232493995533060E-002 -0.61184458341152270     
   1.4088121109244416E-002  -2.3537728718331978E-002 -0.51009041251861365     
   1.4105819753854019E-002  -1.8837155858772246E-002 -0.40821144293990325     
   1.4123518398463623E-002  -1.4131935212871306E-002 -0.30623281184278800     
   1.4141217043073227E-002  -9.4232277234167442E-003 -0.20417968096909234     
   1.4158915687682830E-002  -4.7121951935247429E-003 -0.10207723042668856     
   1.4176614332292434E-002   2.1702231508725399E-014   4.9347523535790512E-005
   1.4194312976902037E-002   4.7121951935681422E-003  0.10217485468348714     
   1.4212011621511641E-002   9.4232277234601244E-003  0.20427409313520326     
   1.4229710266121244E-002   1.4131935212914660E-002  0.30632187145807149     
   1.4247408910730848E-002   1.8837155858815565E-002  0.40829301094427739     
   1.4265107555340452E-002   2.3537728718375252E-002  0.51016235181123903     
   1.4282806199950055E-002   2.8232493995576272E-002  0.61190475940914890     
   1.4300504844559659E-002   3.2920293327335232E-002  0.71349513042237889     
   1.4318203489169262E-002   3.7599970069313114E-002  0.81490839906310741     
   1.4335902133778866E-002   4.2270369581296832E-002  0.91611954325553147     
   1.4353600778388469E-002   4.6930339512090948E-002   1.0171035908093500     
   1.4371299422998073E-002   5.1578730083844740E-002   1.1178356255808939     
   1.4388998067607676E-002   5.6214394375738913E-002   1.2182907936202614     
   1.4406696712217280E-002   6.0836188606975435E-002   1.3184443093032423     
   1.4424395356826884E-002   6.5442972418984613E-002   1.4182714614461600     
   1.4442094001436487E-002   7.0033609156793103E-002   1.5177476194024246     
   1.4459792646046091E-002   7.4606966149478066E-002   1.6168482391391703     
   1.4477491290655694E-002   7.9161914989633125E-002   1.7155488692923675     
   1.4495189935265298E-002   8.3697331811790163E-002   1.8138251571992068     
   1.4512888579874901E-002   8.8212097569712711E-002   1.9116528549059193     
   1.4530587224484505E-002   9.2705098312505368E-002   2.0090078251498409     
   1.4548285869094109E-002   9.7175225459466080E-002   2.1058660473141324     
   1.4565984513703712E-002  0.10162137607360877        2.2022036233535878     
   1.4583683158313316E-002  0.10604245313379811        2.2979967836902686     
   1.4601381802922919E-002  0.11043736580542446        2.3932218930774165     
   1.4619080447532523E-002  0.11480502970954758        2.4878554564300868     
   1.4636779092142126E-002  0.11914436719045492        2.5818741246213346     
   1.4654477736751730E-002  0.12345430758155344        2.6752547002422147     
   1.4672176381361333E-002  0.12773378746954220        2.7679741433244254     
   1.4689875025970937E-002  0.13198175095679501        2.8600095770240999     
   1.4707573670580541E-002  0.13619714992188406        2.9513382932652190     
   1.4725272315190144E-002  0.14037894427819209        3.0419377583415463     
   1.4742970959799748E-002  0.14452610223053472        3.1317856184753508     
   1.4760669604409351E-002  0.14863760052974198        3.2208597053318559     
   1.4778368249018955E-002  0.15271242472513114        3.3091380414879095     
   1.4796066893628558E-002  0.15674956941480395        3.3965988458534624     
   1.4813765538238162E-002  0.16074803849371830        3.4832205390447442     
   1.4831464182847766E-002  0.16470684539945885        3.5689817487075297     
   1.4849162827457369E-002  0.16862501335565805        3.6538613147894305     
   1.4866861472066973E-002  0.17250157561300244        3.7378382947598112     
   1.4884560116676576E-002  0.17633557568776079        3.8208919687759528     
   1.4902258761286180E-002  0.18012606759778363        3.9030018447943826     
   1.4919957405895783E-002  0.18387211609591134        3.9841476636260009     
   1.4937656050505387E-002  0.18757279690072948        4.0643094039336924     
   1.4955354695114990E-002  0.19122719692462478        4.1434672871713945     
   1.4973053339724594E-002  0.19483441449907291        4.2216017824631544     
   1.4990751984334198E-002  0.19839355959711294        4.2986936114212027     
   1.5008450628943801E-002  0.20190375405294930        4.3747237529017289     
   1.5026149273553405E-002  0.20536413177862342        4.4496734476971564     
   1.5043847918163008E-002  0.20877383897771104        4.5235242031639311     
   1.5061546562772612E-002  0.21213203435598091        4.5962577977844532     
   1.5079245207382215E-002  0.21543788932897281        4.6678562856622214     
   1.5096943851991819E-002  0.21869058822643955        4.7383020009490293     
   1.5114642496601422E-002  0.22188932849359888        4.8075775622030017     
   1.5132341141211026E-002  0.22503332088915334        4.8756658766765932     
   1.5150039785820630E-002  0.22812178968002467        4.9425501445333930     
   1.5167738430430233E-002  0.23115397283275169        5.0082138629926067     
   1.5185437075039837E-002  0.23412912220151369        5.0726408304004345     
   1.5203135719649440E-002  0.23704650371272173        5.1358151502270557     
   1.5220834364259044E-002  0.23990539754614132        5.1977212349884638     
   1.5238533008868647E-002  0.24270509831249820        5.2583438100920983     
   1.5256231653478251E-002  0.24544491522752054        5.3176679176052497     
   1.5273930298087855E-002  0.24812417228238190        5.3756789199454929     
   1.5291628942697458E-002  0.25074220841049422        5.4323625034920093     
   1.5309327587307062E-002  0.25329837765061725        5.4877046821171378     
   1.5327026231916665E-002  0.25579204930624017        5.5416918006371141     
   1.5344724876526269E-002  0.25822260810119513        5.5943105381812108     
   1.5362423521135872E-002  0.26058945433146918        5.6455479114784746     
   1.5380122165745476E-002  0.26289200401317070        5.6953912780611757     
   1.5397820810355079E-002  0.26512968902661921        5.7438283393842493     
   1.5415519454964683E-002  0.26730195725652128        5.7908471438599580     
   1.5433218099574287E-002  0.26940827272819540        5.8364360898069361     
   1.5450916744183890E-002  0.27144811573981609        5.8805839283130092     
   1.5468615388793494E-002  0.27342098299064355        5.9232797660110146     
   1.5486314033403097E-002  0.27532638770520385        5.9645130677669131     
   1.5504012678012701E-002  0.27716385975339525        6.0042736592796286     
   1.5521711322622304E-002  0.27893294576648442        6.0425517295918434     
   1.5539409967231908E-002  0.28063320924896873        6.0793378335112314     
   1.5557108611841512E-002  0.28226423068627587        6.1146228939414931     
   1.5574807256451115E-002  0.28382560764827142        6.1483982041226071     
   1.5592505901060719E-002  0.28531695488855358        6.1806554297797494     
   1.5610204545670322E-002  0.28673790443950625        6.2113866111803606     
   1.5627903190279926E-002  0.28808810570308968        6.2405841650988556     
   1.5645601834889528E-002  0.28936722553734590        6.2682408866884582     
   1.5663300479499129E-002  0.29057494833859532        6.2943499512597310     
   1.5680999124108731E-002  0.29171097611930841        6.3189049159653461     
   1.5698697768718333E-002  0.29277502858162924        6.3418997213906794     
   1.5716396413327935E-002  0.29376684318653434        6.3633286930498381     
   1.5734095057937537E-002  0.29468617521861079        6.3831865427867234     
   1.5751793702547139E-002  0.29553279784643594        6.4014683700808535     
   1.5769492347156740E-002  0.29630650217854465        6.4181696632575305     
   1.5787190991766342E-002  0.29700709731497027        6.4332863006021146     
   1.5804889636375944E-002  0.29763441039434596        6.4468145513780897     
   1.5822588280985546E-002  0.29818828663655611        6.4587510767487206     
   1.5840286925595148E-002  0.29866858938092583        6.4690929306019997     
   1.5857985570204750E-002  0.29907520011993993        6.4778375602787284     
   1.5875684214814351E-002  0.29940801852848264        6.4849828072035454     
   1.5893382859423953E-002  0.29966696248859187        6.4905269074187215     
   1.5911081504033555E-002  0.29985196810972004        6.4944684920206086     
   1.5928780148643157E-002  0.29996298974449842        6.4968065874986296     
   1.5946478793252759E-002  0.29999999999999999        6.4975406159767015     
   1.5964177437862360E-002  0.29996298974449792        6.4966703953570679     
   1.5981876082471962E-002  0.29985196810971892        6.4941961393664629     
   1.5999574727081564E-002  0.29966696248859021        6.4901184575046358     
   1.6017273371691166E-002  0.29940801852848048        6.4844383548951789     
   1.6034972016300768E-002  0.29907520011993721        6.4771572320387891     
   1.6052670660910370E-002  0.29866858938092261        6.4682768844689225     
   1.6070369305519971E-002  0.29818828663655234        6.4577995023100074     
   1.6088067950129573E-002  0.29763441039434158        6.4457276697382593     
   1.6105766594739175E-002  0.29700709731496544        6.4320643643452646     
   1.6123465239348777E-002  0.29630650217853927        6.4168129564044731     
   1.6141163883958379E-002  0.29553279784643000        6.3999772080407951     
   1.6158862528567981E-002  0.29468617521860430        6.3815612723034771     
   1.6176561173177582E-002  0.29376684318652740        6.3615696921425116     
   1.6194259817787184E-002  0.29277502858162174        6.3400073992887958     
   1.6211958462396786E-002  0.29171097611930041        6.3168797130383734     
   1.6229657107006388E-002  0.29057494833858666        6.2921923389409899     
   1.6247355751615990E-002  0.28936722553733685        6.2659513673933169     
   1.6265054396225592E-002  0.28808810570308030        6.2381632721371867     
   1.6282753040835193E-002  0.28673790443949632        6.2088349086632224     
   1.6300451685444795E-002  0.28531695488854331        6.1779735125202206     
   1.6318150330054397E-002  0.28382560764826098        6.1455866975307245     
   1.6335848974663999E-002  0.28226423068626499        6.1116824539132146     
   1.6353547619273601E-002  0.28063320924895752        6.0762691463114109     
   1.6371246263883203E-002  0.27893294576647276        6.0393555117311202     
   1.6388944908492804E-002  0.27716385975338359        6.0009506573851743     
   1.6406643553102406E-002  0.27532638770519191        5.9610640584469650     
   1.6424342197712008E-002  0.27342098299063117        5.9197055557131728     
   1.6442040842321610E-002  0.27144811573980371        5.8768853531762071     
   1.6459739486931212E-002  0.26940827272818263        5.8326140155069695     
   1.6477438131540813E-002  0.26730195725650835        5.7869024654486205     
   1.6495136776150415E-002  0.26512968902660611        5.7397619811219158     
   1.6512835420760017E-002  0.26289200401315749        5.6912041932427924     
   1.6530534065369619E-002  0.26058945433145592        5.6412410822529262     
   1.6548232709979221E-002  0.25822260810118175        5.5898849753639492     
   1.6565931354588823E-002  0.25579204930622645        5.5371485435160457     
   1.6583629999198424E-002  0.25329837765060370        5.4830447982516741     
   1.6601328643808026E-002  0.25074220841048039        5.4275870885051960     
   1.6619027288417628E-002  0.24812417228236799        5.3707890973092516     
   1.6636725933027230E-002  0.24544491522750664        5.3126648384185815     
   1.6654424577636832E-002  0.24270509831248432        5.2532286528522327     
   1.6672123222246434E-002  0.23990539754612744        5.1924952053549482     
   1.6689821866856035E-002  0.23704650371270758        5.1304794807786616     
   1.6707520511465637E-002  0.23412912220149956        5.0671967803849176     
   1.6725219156075239E-002  0.23115397283273798        5.0026627180692032     
   1.6742917800684841E-002  0.22812178968001068        4.9368932165080457     
   1.6760616445294443E-002  0.22503332088913947        4.8699045032299626     
   1.6778315089904045E-002  0.22188932849358475        4.8017131066110545     
   1.6796013734513646E-002  0.21869058822642590        4.7323358517963747     
   1.6813712379123248E-002  0.21543788932895933        4.6617898565479905     
   1.6831411023732850E-002  0.21213203435596720        4.5900925270208708     
   1.6849109668342452E-002  0.20877383897769752        4.5172615534675025     
   1.6866808312952054E-002  0.20536413177861049        4.4433149058724117     
   1.6884506957561655E-002  0.20190375405293615        4.3682708295175807     
   1.6902205602171257E-002  0.19839355959709998        4.2921478404799966     
   1.6919904246780859E-002  0.19483441449905978        4.2149647210622385     
   1.6937602891390461E-002  0.19122719692461232        4.1367405151574284     
   1.6955301536000063E-002  0.18757279690071724        4.0574945235495266     
   1.6973000180609665E-002  0.18387211609589893        3.9772462991503263     
   1.6990698825219266E-002  0.18012606759777153        3.8960156421741061     
   1.7008397469828868E-002  0.17633557568774899        3.8138225952512994     
   1.7026096114438470E-002  0.17250157561299093        3.7306874384822803     
   1.7043794759048072E-002  0.16862501335564686        3.6466306844326164     
   1.7061493403657674E-002  0.16470684539944752        3.5616730730708652     
   1.7079192048267276E-002  0.16074803849370778        3.4758355666502987     
   1.7096890692876877E-002  0.15674956941479379        3.3891393445357116     
   1.7114589337486479E-002  0.15271242472512084        3.3016057979767428     
   1.7132287982096081E-002  0.14863760052973207        3.2132565248288234     
   1.7149986626705683E-002  0.14452610223052523        3.1241133242231900     
   1.7167685271315285E-002  0.14037894427818298        3.0341981911871723     
   1.7185383915924887E-002  0.13619714992187534        2.9435333112162625     
   1.7203082560534488E-002  0.13198175095678621        2.8521410547990640     
   1.7220781205144090E-002  0.12773378746953429        2.7600439718966832     
   1.7238479849753692E-002  0.12345430758154549        2.6672647863777765     
   1.7256178494363294E-002  0.11914436719044741        2.5738263904107956     
   1.7273877138972896E-002  0.11480502970954050        2.4797518388146229     
   1.7291575783582497E-002  0.11043736580541783        2.3850643433691441     
   1.7309274428192099E-002  0.10604245313379193        2.2897872670870569     
   1.7326973072801701E-002  0.10162137607360258        2.1939441184484743     
   1.7344671717411303E-002   9.7175225459460335E-002   2.0975585455995653     
   1.7362370362020905E-002   9.2705098312500622E-002   2.0006543305168161     
   1.7380069006630507E-002   8.8212097569707937E-002   1.9032553831382222     
   1.7397767651240108E-002   8.3697331811785888E-002   1.8053857354630620     
   1.7415466295849710E-002   7.9161914989629337E-002   1.7070695356214578     
   1.7433164940459312E-002   7.4606966149474777E-002   1.6083310419153898     
   1.7450863585068914E-002   7.0033609156790327E-002   1.5091946168324859     
   1.7468562229678516E-002   6.5442972418981823E-002   1.4096847210342587     
   1.7486260874288118E-002   6.0836188606973145E-002   1.3098259073200402     
   1.7503959518897719E-002   5.6214394375737664E-002   1.2096428145682889     
   1.7521658163507321E-002   5.1578730083843491E-002   1.1091601616566318     
   1.7539356808116923E-002   4.6930339512090226E-002   1.0084027413623202     
   1.7557055452726525E-002   4.2270369581296104E-002  0.90739541424438419     
   1.7574754097336127E-002   3.7599970069313447E-002  0.80616310250917056     
   1.7592452741945729E-002   3.2920293327336085E-002  0.70473078386065180     
   1.7610151386555330E-002   2.8232493995577129E-002  0.60312348533719906     
   1.7627850031164932E-002   2.3537728718376644E-002  0.50136627713611648     
   1.7645548675774534E-002   1.8837155858818021E-002  0.39948426642764356     
   1.7663247320384136E-002   1.4131935212917121E-002  0.29750259115981414     
   1.7680945964993738E-002   9.4232277234631203E-003  0.19544641385588676     
   1.7698644609603340E-002   4.7121951935716689E-003   9.3340915405657407E-002
   1.7716343254212941E-002   2.5763235507235707E-014  -8.7887111477093910E-003
   1.7734041898822543E-002  -4.7121951935201493E-003 -0.11091726682369367     
   1.7751740543432145E-002  -9.4232277234121524E-003 -0.21301955292196237     
   1.7769439188041747E-002  -1.4131935212865652E-002 -0.31507037723972248     
   1.7787137832651349E-002  -1.8837155858766597E-002 -0.41704456028749004     
   1.7804836477260950E-002  -2.3537728718325806E-002 -0.51891694150155565     
   1.7822535121870552E-002  -2.8232493995526364E-002 -0.62066238545184549     
   1.7840233766480154E-002  -3.2920293327284876E-002 -0.72225578804346280     
   1.7857932411089756E-002  -3.7599970069262321E-002 -0.82367208271051529     
   1.7875631055699358E-002  -4.2270369581245623E-002 -0.92488624660052332     
   1.7893329700308960E-002  -4.6930339512039863E-002  -1.0258733067481036     
   1.7911028344918561E-002  -5.1578730083792733E-002  -1.1266083462362340     
   1.7928726989528163E-002  -5.6214394375687052E-002  -1.2270665103437055     
   1.7946425634137765E-002  -6.0836188606923219E-002  -1.3272230126770765     
   1.7964124278747367E-002  -6.5442972418932044E-002  -1.4270531412858301     
   1.7981822923356969E-002  -7.0033609156740229E-002  -1.5265322647590602     
   1.7999521567966571E-002  -7.4606966149424872E-002  -1.6256358383023064     
   1.8017220212576172E-002  -7.9161914989580154E-002  -1.7243394097928701     
   1.8034918857185774E-002  -8.3697331811736927E-002  -1.8226186258123340     
   1.8052617501795376E-002  -8.8212097569658685E-002  -1.9204492376546294     
   1.8070316146404978E-002  -9.2705098312452106E-002  -2.0178071073083075     
   1.8088014791014580E-002  -9.7175225459412096E-002  -2.1146682134112895     
   1.8105713435624182E-002 -0.10162137607355408       -2.2110086571770649     
   1.8123412080233783E-002 -0.10604245313374423       -2.3068046682904138     
   1.8141110724843385E-002 -0.11043736580536992       -2.4020326107714016     
   1.8158809369452987E-002 -0.11480502970949291       -2.4966689888063978     
   1.8176508014062589E-002 -0.11914436719040061       -2.5906904525442949     
   1.8194206658672191E-002 -0.12345430758149853       -2.6840738038566911     
   1.8211905303281792E-002 -0.12773378746948816       -2.7767960020608373     
   1.8229603947891394E-002 -0.13198175095674042       -2.8688341696033954     
   1.8247302592500996E-002 -0.13619714992182944       -2.9601655977042540     
   1.8265001237110598E-002 -0.14037894427813791       -3.0507677519584813     
   1.8282699881720200E-002 -0.14452610223048001       -3.1406182778952405     
   1.8300398526329802E-002 -0.14863760052968727       -3.2296950064924972     
   1.8318097170939403E-002 -0.15271242472507696       -3.3179759596457696     
   1.8335795815549005E-002 -0.15674956941474982       -3.4054393555897757     
   1.8353494460158607E-002 -0.16074803849366467       -3.4920636142718520     
   1.8371193104768209E-002 -0.16470684539940489       -3.5778273626752828     
   1.8388891749377811E-002 -0.16862501335560423       -3.6627094400918674     
   1.8406590393987413E-002 -0.17250157561294918       -3.7466889033419064     
   1.8424289038597014E-002 -0.17633557568770727       -3.8297450319405359     
   1.8441987683206616E-002 -0.18012606759773028       -3.9118573332092876     
   1.8459686327816218E-002 -0.18387211609585863       -3.9930055473312991     
   1.8477384972425820E-002 -0.18757279690067702       -4.0731696523490779     
   1.8495083617035422E-002 -0.19122719692457302       -4.1523298691037871     
   1.8512782261645024E-002 -0.19483441449902097       -4.2304666661143679     
   1.8530480906254625E-002 -0.19839355959706131       -4.3075607643958644     
   1.8548179550864227E-002 -0.20190375405289843       -4.3835931422152594     
   1.8565878195473829E-002 -0.20536413177857288       -4.4585450397839050     
   1.8583576840083431E-002 -0.20877383897766047       -4.5323979638855008     
   1.8601275484693033E-002 -0.21213203435593112       -4.6051336924381534     
   1.8618974129302635E-002 -0.21543788932892349       -4.6767342789896107     
   1.8636672773912236E-002 -0.21869058822639101       -4.7471820571446548     
   1.8654371418521838E-002 -0.22188932849355042       -4.8164596449232251     
   1.8672070063131440E-002 -0.22503332088910544       -4.8845499490486111     
   1.8689768707741042E-002 -0.22812178967997757       -4.9514361691643263     
   1.8707467352350644E-002 -0.23115397283270511       -5.0171018019787379     
   1.8725165996960245E-002 -0.23412912220146737       -5.0815306453365743     
   1.8742864641569847E-002 -0.23704650371267630       -5.1447068022160618     
   1.8760563286179449E-002 -0.23990539754609649       -5.2066146846508108     
   1.8778261930789051E-002 -0.24270509831245435       -5.2672390175756441     
   1.8795960575398653E-002 -0.24544491522747730       -5.3265648425950491     
   1.8813659220008255E-002 -0.24812417228233907       -5.3845775216737719     
   1.8831357864617856E-002 -0.25074220841045242       -5.4412627407482619     
   1.8849056509227458E-002 -0.25329837765057606       -5.4966065132582642     
   1.8866755153837060E-002 -0.25579204930619948       -5.5505951835977330     
   1.8884453798446662E-002 -0.25822260810115577       -5.6032154304840631     
   1.8902152443056264E-002 -0.26058945433143038       -5.6544542702448650     
   1.8919851087665866E-002 -0.26289200401313240       -5.7042990600216115     
   1.8937549732275467E-002 -0.26512968902658224       -5.7527375008891362     
   1.8955248376885069E-002 -0.26730195725648498       -5.7997576408903218     
   1.8972947021494671E-002 -0.26940827272816020       -5.8453478779853612     
   1.8990645666104273E-002 -0.27144811573978184       -5.8894969629145484     
   1.9008344310713875E-002 -0.27342098299061002       -5.9321940019742518     
   1.9026042955323477E-002 -0.27532638770517170       -5.9734284597051204     
   1.9043741599933078E-002 -0.27716385975336388       -6.0131901614919112     
   1.9061440244542680E-002 -0.27893294576645383       -6.0514692960744796     
   1.9079138889152282E-002 -0.28063320924893953       -6.0882564179690197     
   1.9096837533761884E-002 -0.28226423068624756       -6.1235424497991611     
   1.9114536178371486E-002 -0.28382560764824444       -6.1573186845363397     
   1.9132234822981087E-002 -0.28531695488852754       -6.1895767876487291     
   1.9149933467590689E-002 -0.28673790443948116       -6.2203087991584187     
   1.9167632112200291E-002 -0.28808810570306603       -6.2495071356061578     
   1.9185330756809893E-002 -0.28936722553732325       -6.2771645919232313     
   1.9203029401419495E-002 -0.29057494833857389       -6.3032743432100826     
   1.9220728046029097E-002 -0.29171097611928853       -6.3278299464211241     
   1.9238426690638698E-002 -0.29277502858161053       -6.3508253419553427     
   1.9256125335248300E-002 -0.29376684318651708       -6.3722548551524270     
   1.9273823979857902E-002 -0.29468617521859475       -6.3921131976938454     
   1.9291522624467504E-002 -0.29553279784642111       -6.4103954689087095     
   1.9309221269077106E-002 -0.29630650217853133       -6.4270971569839856     
   1.9326919913686708E-002 -0.29700709731495817       -6.4422141400787813     
   1.9344618558296309E-002 -0.29763441039433514       -6.4557426873424815     
   1.9362317202905911E-002 -0.29818828663654673       -6.4676794598364022     
   1.9380015847515513E-002 -0.29866858938091778       -6.4780215113587554     
   1.9397714492125115E-002 -0.29907520011993322       -6.4867662891727873     
   1.9415413136734717E-002 -0.29940801852847726       -6.4939116346377919     
   1.9433111781344319E-002 -0.29966696248858782       -6.4994557837429419     
   1.9450810425953920E-002 -0.29985196810971732       -6.5033973675437409     
   1.9468509070563522E-002 -0.29996298974449709       -6.5057354125010241     
   1.9486207715173124E-002 -0.29999999999999999       -6.5064693407223935     
   1.9503906359782726E-002 -0.29996298974449925       -6.5055989701060417     
   1.9521605004392328E-002 -0.29985196810972164       -6.5031245143869416     
   1.9539303649001930E-002 -0.29966696248859426       -6.4990465830853248     
   1.9557002293611531E-002 -0.29940801852848586       -6.4933661813575574     
   1.9574700938221133E-002 -0.29907520011994393       -6.4860847097493526     
   1.9592399582830735E-002 -0.29866858938093066       -6.4772039638514354     
   1.9610098227440337E-002 -0.29818828663656177       -6.4667261338577307     
   1.9627796872049939E-002 -0.29763441039435240       -6.4546538040261598     
   1.9645495516659540E-002 -0.29700709731497743       -6.4409899520422096     
   1.9663194161269142E-002 -0.29630650217855270       -6.4257379482854091     
   1.9680892805878744E-002 -0.29553279784644465       -6.4089015549988799     
   1.9698591450488346E-002 -0.29468617521862034       -6.3904849253621991     
   1.9716290095097948E-002 -0.29376684318654478       -6.3704926024677615     
   1.9733988739707550E-002 -0.29277502858164040       -6.3489295182009231     
   1.9751687384317151E-002 -0.29171097611932045       -6.3258009920241962     
   1.9769386028926753E-002 -0.29057494833860814       -6.3011127296657419     
   1.9787084673536355E-002 -0.28936722553735938       -6.2748708217125770     
   1.9804783318145957E-002 -0.28808810570310422       -6.2470817421087688     
   1.9822481962755559E-002 -0.28673790443952141       -6.2177523465589744     
   1.9840180607365161E-002 -0.28531695488856984       -6.1868898708378177     
   1.9857879251974762E-002 -0.28382560764828879       -6.1545019290053613     
   1.9875577896584364E-002 -0.28226423068629392       -6.1205965115292740     
   1.9893276541193966E-002 -0.28063320924898788       -6.0851819833140635     
   1.9910975185803568E-002 -0.27893294576650457       -6.0482670816378379     
   1.9928673830413170E-002 -0.27716385975341623       -6.0098609139971906     
   1.9946372475022772E-002 -0.27532638770522599       -5.9699729558606940     
   1.9964071119632373E-002 -0.27342098299066631       -5.9286130483314912     
   1.9981769764241975E-002 -0.27144811573984007       -5.8857913957197221     
   1.9999468408851577E-002 -0.26940827272822038       -5.8415185630251774     
   2.0017167053461179E-002 -0.26730195725654710       -5.7958054733309714     
   2.0034865698070781E-002 -0.26512968902664624       -5.7486634051088368     
   2.0052564342680382E-002 -0.26289200401319884       -5.7001039894365793     
   2.0070262987289984E-002 -0.26058945433149816       -5.6501392071285617     
   2.0087961631899586E-002 -0.25822260810122544       -5.5987813857798665     
   2.0105660276509188E-002 -0.25579204930627103       -5.5460431967247104     
   2.0123358921118790E-002 -0.25329837765064939       -5.4919376519101650     
   2.0141057565728392E-002 -0.25074220841052752       -5.4364781006856315     
   2.0158756210337993E-002 -0.24812417228241593       -5.3796782265090899     
   2.0176454854947595E-002 -0.24544491522755602       -5.3215520435709056     
   2.0194153499557197E-002 -0.24270509831253478       -5.2621138933358207     
   2.0211852144166799E-002 -0.23990539754617865       -5.2013784410043042     
   2.0229550788776401E-002 -0.23704650371276018       -5.1393606718939333     
   2.0247249433386003E-002 -0.23412912220155355       -5.0760758877416468     
   2.0264948077995604E-002 -0.23115397283279232       -5.0115397029279798     
   2.0282646722605206E-002 -0.22812178968006641       -4.9457680406241229     
   2.0300345367214808E-002 -0.22503332088919589       -4.8787771288625930     
   2.0318044011824410E-002 -0.22188932849364254       -4.8105834965328604     
   2.0335742656434012E-002 -0.21869058822648466       -4.7412039693024619     
   2.0353441301043614E-002 -0.21543788932901872       -4.6706556654650209     
   2.0371139945653215E-002 -0.21213203435602787       -4.5989559917159832     
   2.0388838590262817E-002 -0.20877383897775953       -4.5261226388570650     
   2.0406537234872419E-002 -0.20536413177867266       -4.4521735774306448     
   2.0424235879482021E-002 -0.20190375405299962       -4.3771270532851396     
   2.0441934524091623E-002 -0.19839355959716395       -4.3010015830722388     
   2.0459633168701225E-002 -0.19483441449912506       -4.2238159496775278     
   2.0477331813310826E-002 -0.19122719692467846       -4.1455891975851422     
   2.0495030457920428E-002 -0.18757279690078382       -4.0663406281780237     
   2.0512729102530030E-002 -0.18387211609596679       -3.9860897949747511     
   2.0530427747139632E-002 -0.18012606759784058       -3.9048564988039751     
   2.0548126391749234E-002 -0.17633557568781802       -3.8226607829179811     
   2.0565825036358835E-002 -0.17250157561306118       -3.7395229280463962     
   2.0583523680968437E-002 -0.16862501335571742       -3.6554634473911185     
   2.0601222325578039E-002 -0.16470684539951927       -3.5705030815641341     
   2.0618920970187641E-002 -0.16074803849378025       -3.4846627934689334     
   2.0636619614797243E-002 -0.15674956941486654       -3.3979637631272501     
   2.0654318259406845E-002 -0.15271242472519475       -3.3104273824522314     
   2.0672016904016446E-002 -0.14863760052980710       -3.2220752499691310     
   2.0689715548626048E-002 -0.14452610223059995       -3.1329291654852036     
   2.0707414193235650E-002 -0.14037894427825884       -3.0430111247099303     
   2.0725112837845252E-002 -0.13619714992195134       -2.9523433138266992     
   2.0742811482454854E-002 -0.13198175095686329       -2.8609481040178149     
   2.0760510127064456E-002 -0.12773378746961195       -2.7688480459435310     
   2.0778208771674057E-002 -0.12345430758162323       -2.6760658641770383     
   2.0795907416283659E-002 -0.11914436719052618       -2.5826244515965371     
   2.0813606060893261E-002 -0.11480502970962031       -2.4885468637356087     
   2.0831304705502863E-002 -0.11043736580549714       -2.3938563130936590     
   2.0849003350112465E-002 -0.10604245313387223       -2.2985761634076498     
   2.0866701994722067E-002 -0.10162137607368284       -2.2027299238863183     
   2.0884400639331668E-002  -9.7175225459541534E-002  -2.1063412434088398     
   2.0902099283941270E-002  -9.2705098312582238E-002  -2.0094339046887471     
   2.0919797928550872E-002  -8.8212097569789469E-002  -1.9120318184050455     
   2.0937496573160474E-002  -8.3697331811868295E-002  -1.8141590173017994     
   2.0955195217770076E-002  -7.9161914989712645E-002  -1.7158396502574289     
   2.0972893862379677E-002  -7.4606966149557391E-002  -1.6170979763255748     
   2.0990592506989279E-002  -7.0033609156873788E-002  -1.5179583587488212     
   2.1008291151598881E-002  -6.5442972419065062E-002  -1.4184452589465184     
   2.1025989796208483E-002  -6.0836188607057196E-002  -1.3185832304787577     
   2.1043688440818085E-002  -5.6214394375821979E-002  -1.2183969129873096     
   2.1061387085427687E-002  -5.1578730083927514E-002  -1.1179110261155873     
   2.1079085730037288E-002  -4.6930339512174998E-002  -1.0171503634089201     
   2.1096784374646890E-002  -4.2270369581381612E-002 -0.91613978619642034     
   2.1114483019256492E-002  -3.7599970069398074E-002 -0.81490421745638164     
   2.1132181663866094E-002  -3.2920293327421399E-002 -0.71346863566650909     
   2.1149880308475696E-002  -2.8232493995662050E-002 -0.61185806864027426     
   2.1167578953085298E-002  -2.3537728718462211E-002 -0.51009758735148569     
   2.1185277597694899E-002  -1.8837155858903686E-002 -0.40821229974791678     
   2.1202976242304501E-002  -1.4131935213002328E-002 -0.30622734455608863     
   2.1220674886914103E-002  -9.4232277235489111E-003 -0.20416788507850683     
   2.1238373531523705E-002  -4.7121951936574934E-003 -0.10205910298467917     
