   1.1771146205189677E-003   0.0000000000000000        0.0000000000000000     
   2.3542292410379355E-003   4.7121951935462023E-003  0.10207768159145818     
   3.5313438615569032E-003   9.4232277234384872E-003  0.20405905082074119     
   4.7084584820758710E-003   1.4131935212892799E-002  0.30591901317727155     
   5.8855731025948387E-003   1.8837155858794013E-002  0.40763250508499244     
   7.0626877231138065E-003   2.3537728718353482E-002  0.50917450007612930     
   8.2398023436327742E-003   2.8232493995554296E-002  0.61052001495247710     
   9.4169169641517420E-003   3.2920293327313582E-002  0.71164411593272492     
   1.0594031584670710E-002   3.7599970069291277E-002  0.81252192478434637     
   1.1771146205189677E-002   4.2270369581274801E-002  0.91312862493858971     
   1.2948260825708645E-002   4.6930339512069257E-002   1.0134394675871170     
   1.4125375446227613E-002   5.1578730083822862E-002   1.1134297777588509     
   1.5302490066746581E-002   5.6214394375717389E-002   1.2130749603756017     
   1.6479604687265548E-002   6.0836188606953744E-002   1.3123505062850569     
   1.7656719307784514E-002   6.5442972418962755E-002   1.4112319982697306     
   1.8833833928303484E-002   7.0033609156771620E-002   1.5096951170304855     
   2.0010948548822453E-002   7.4606966149456430E-002   1.6077156471432330     
   2.1188063169341423E-002   7.9161914989611878E-002   1.7052694829874708     
   2.2365177789860392E-002   8.3697331811768791E-002   1.8023326346452766     
   2.3542292410379362E-002   8.8212097569691214E-002   1.8988812337694407     
   2.4719407030898331E-002   9.2705098312484246E-002   1.9948915394193960     
   2.5896521651417301E-002   9.7175225459444847E-002   2.0903399438636394     
   2.7073636271936270E-002  0.10162137607358745        2.1852029783473310     
   2.8250750892455240E-002  0.10604245313377718        2.2794573188238063     
   2.9427865512974209E-002  0.11043736580540343        2.3730797916486943     
   3.0604980133493179E-002  0.11480502970952698        2.4660473792354107     
   3.1782094754012148E-002  0.11914436719043425        2.5583372256707588     
   3.2959209374531118E-002  0.12345430758153270        2.6499266422894077     
   3.4136323995050087E-002  0.12773378746952185        2.7407931132060201     
   3.5313438615569057E-002  0.13198175095677461        2.8309143008038422     
   3.6490553236088026E-002  0.13619714992186413        2.9202680511785193     
   3.7667667856606996E-002  0.14037894427817210        3.0088323995359949     
   3.8844782477125965E-002  0.14452610223051468        3.0965855755432954     
   4.0021897097644935E-002  0.14863760052972236        3.1835060086310576     
   4.1199011718163904E-002  0.15271242472511148        3.2695723332466411     
   4.2376126338682873E-002  0.15674956941478477        3.3547633940567074     
   4.3553240959201843E-002  0.16074803849369909        3.4390582510981305     
   4.4730355579720812E-002  0.16470684539943964        3.5224361848761516     
   4.5907470200239782E-002  0.16862501335563931        3.6048767014086538     
   4.7084584820758751E-002  0.17250157561298371        3.6863595372155067     
   4.8261699441277721E-002  0.17633557568774208        3.7668646642518850     
   4.9438814061796690E-002  0.18012606759776534        3.8463722947845196     
   5.0615928682315660E-002  0.18387211609589307        3.9248628862098176     
   5.1793043302834629E-002  0.18757279690071169        4.0023171458128344     
   5.2970157923353599E-002  0.19122719692460705        4.0787160354660656     
   5.4147272543872568E-002  0.19483441449905523        4.1540407762670428     
   5.5324387164391538E-002  0.19839355959709570        4.2282728531137472     
   5.6501501784910507E-002  0.20190375405293218        4.3013940192168452     
   5.7678616405429477E-002  0.20536413177860677        4.3733863005477591     
   5.8855731025948446E-002  0.20877383897769450        4.4442320002216462     
   6.0032845646467416E-002  0.21213203435596442        4.5139137028142624     
   6.1209960266986385E-002  0.21543788932895683        4.5824142786118607     
   6.2387074887505355E-002  0.21869058822642362        4.6497168877930966     
   6.3564189508024324E-002  0.22188932849358306        4.7158049845421148     
   6.4741304128543287E-002  0.22503332088913802        4.7806623210918167     
   6.5918418749062249E-002  0.22812178968000943        4.8442729516964897     
   6.7095533369581212E-002  0.23115397283273689        4.9066212365328603     
   6.8272647990100174E-002  0.23412912220149903        4.9676918455287247     
   6.9449762610619137E-002  0.23704650371270719        5.0274697621182769     
   7.0626877231138099E-002  0.23990539754612727        5.0859402869232966     
   7.1803991851657062E-002  0.24270509831248430        5.1430890413593211     
   7.2981106472176024E-002  0.24544491522750708        5.1989019711660411     
   7.4158221092694987E-002  0.24812417228236858        5.2533653498610127     
   7.5335335713213950E-002  0.25074220841048112        5.3064657821159553     
   7.6512450333732912E-002  0.25329837765060453        5.3581902070547853     
   7.7689564954251875E-002  0.25579204930622768        5.4085259014726450     
   7.8866679574770837E-002  0.25822260810118308        5.4574604829751197     
   8.0043794195289800E-002  0.26058945433145736        5.5049819130369091     
   8.1220908815808762E-002  0.26289200401315904        5.5510784999791785     
   8.2398023436327725E-002  0.26512968902660800        5.5957389018648893     
   8.3575138056846687E-002  0.26730195725651035        5.6389521293113480     
   8.4752252677365650E-002  0.26940827272818463        5.6807075482192957     
   8.5929367297884612E-002  0.27144811573980582        5.7209948824178127     
   8.7106481918403575E-002  0.27342098299063350        5.7598042162243770     
   8.8283596538922537E-002  0.27532638770519430        5.7971259969193953     
   8.9460711159441500E-002  0.27716385975338592        5.8329510371345332     
   9.0637825779960463E-002  0.27893294576647537        5.8672705171542443     
   9.1814940400479425E-002  0.28063320924896012        5.9000759871298136     
   9.2992055020998388E-002  0.28226423068626755        5.9313593692053370     
   9.4169169641517350E-002  0.28382560764826353        5.9611129595550372     
   9.5346284262036313E-002  0.28531695488854597        5.9893294303312974     
   9.6523398882555275E-002  0.28673790443949893        6.0160018315228792     
   9.7700513503074238E-002  0.28808810570308280        6.0411235927227560     
   9.8877628123593200E-002  0.28936722553733929        6.0646885248050078     
  0.10005474274411216       0.29057494833858927        6.0866908215102891     
  0.10123185736463113       0.29171097611930291        6.1071250609393282     
  0.10240897198515009       0.29277502858162413        6.1259862069539928     
  0.10358608660566905       0.29376684318652962        6.1432696104854552     
  0.10476320122618801       0.29468617521860652        6.1589710107489672     
  0.10594031584670698       0.29553279784643210        6.1730865363648570     
  0.10711743046722594       0.29630650217854121        6.1856127063853101     
  0.10829454508774490       0.29700709731496716        6.1965464312265235     
  0.10947165970826386       0.29763441039434330        6.2058850135058874     
  0.11064877432878283       0.29818828663655383        6.2136261487838063     
  0.11182588894930179       0.29866858938092394        6.2197679262098440     
  0.11300300356982075       0.29907520011993832        6.2243088290728661     
  0.11418011819033971       0.29940801852848142        6.2272477352548767     
  0.11535723281085868       0.29966696248859098        6.2285839175883080     
  0.11653434743137764       0.29985196810971942        6.2283170441164604     
  0.11771146205189660       0.29996298974449814        6.2264471782569109     
  0.11888857667241556       0.29999999999999999        6.2229747788676679     
  0.12006569129293453       0.29996298974449814        6.2179007002158597     
  0.12124280591345349       0.29985196810971948        6.2112261918488629     
  0.12241992053397245       0.29966696248859104        6.2029528983676583     
  0.12359703515449141       0.29940801852848153        6.1930828591023737     
  0.12477414977501038       0.29907520011993843        6.1816185076898691     
  0.12595126439552934       0.29866858938092405        6.1685626715533539     
  0.12712837901604832       0.29818828663655395        6.1539185712839624     
  0.12830549363656729       0.29763441039434341        6.1376898199243080     
  0.12948260825708627       0.29700709731496733        6.1198804221539946     
  0.13065972287760524       0.29630650217854143        6.1004947733771946     
  0.13183683749812422       0.29553279784643227        6.0795376587122920     
  0.13301395211864320       0.29468617521860668        6.0570142518837429     
  0.13419106673916217       0.29376684318652985        6.0329301140162412     
  0.13536818135968115       0.29277502858162435        6.0072911923313876     
  0.13654529598020013       0.29171097611930308        5.9801038187469961     
  0.13772241060071910       0.29057494833858943        5.9513747083793014     
  0.13889952522123808       0.28936722553733957        5.9211109579482351     
  0.14007663984175706       0.28808810570308302        5.8893200440861335     
  0.14125375446227603       0.28673790443949915        5.8560098215500966     
  0.14243086908279501       0.28531695488854619        5.8211885213383550     
  0.14360798370331398       0.28382560764826370        5.7848647487110139     
  0.14478509832383296       0.28226423068626771        5.7470474811155370     
  0.14596221294435194       0.28063320924896029        5.7077460660174193     
  0.14713932756487091       0.27893294576647554        5.6669702186364352     
  0.14831644218538989       0.27716385975338609        5.6247300195890260     
  0.14949355680590887       0.27532638770519441        5.5810359124372617     
  0.15067067142642784       0.27342098299063361        5.5358987011449283     
  0.15184778604694682       0.27144811573980587        5.4893295474413453     
  0.15302490066746580       0.26940827272818468        5.4413399680934598     
  0.15420201528798477       0.26730195725651035        5.3919418320868768     
  0.15537912990850375       0.26512968902660805        5.3411473577164799     
  0.15655624452902273       0.26289200401315904        5.2889691095872990     
  0.15773335914954170       0.26058945433145736        5.2354199955264100     
  0.15891047377006068       0.25822260810118303        5.1805132634065245     
  0.16008758839057965       0.25579204930622762        5.1242624978821185     
  0.16126470301109863       0.25329837765060442        5.0666816170388671     
  0.16244181763161761       0.25074220841048095        5.0077848689572466     
  0.16361893225213658       0.24812417228236838        4.9475868281911302     
  0.16479604687265556       0.24544491522750689        4.8861023921623108     
  0.16597316149317454       0.24270509831248402        4.8233467774718477     
  0.16715027611369351       0.23990539754612694        4.7593355161291946     
  0.16832739073421249       0.23704650371270686        4.6940844517000828     
  0.16950450535473147       0.23412912220149867        4.6276097353741621     
  0.17068161997525044       0.23115397283273650        4.5599278219534405     
  0.17185873459576942       0.22812178968000893        4.4910554657625728     
  0.17303584921628840       0.22503332088913752        4.4210097164820876     
  0.17421296383680737       0.22188932849358253        4.3498079149056448     
  0.17539007845732635       0.21869058822642307        4.2774676886224983     
  0.17656719307784532       0.21543788932895616        4.2040069476262838     
  0.17774430769836430       0.21213203435596381        4.1294438798513493     
  0.17892142231888328       0.20877383897769375        4.0537969466377968     
  0.18009853693940225       0.20536413177860607        3.9770848781265311     
  0.18127565155992123       0.20190375405293140        3.8993266685854922     
  0.18245276618044021       0.19839355959709495        3.8205415716684246     
  0.18362988080095918       0.19483441449905439        3.7407490956074243     
  0.18480699542147816       0.19122719692460621        3.6599689983406249     
  0.18598411004199714       0.18757279690071088        3.5782212825763193     
  0.18716122466251611       0.18387211609589219        3.4955261907949331     
  0.18833833928303509       0.18012606759776448        3.4119042001901887     
  0.18951545390355407       0.17633557568774111        3.3273760175508511     
  0.19069256852407304       0.17250157561298274        3.2419625740845195     
  0.19186968314459202       0.16862501335563823        3.1556850201848365     
  0.19304679776511099       0.16470684539943861        3.0685647201436201     
  0.19422391238562997       0.16074803849369795        2.9806232468093237     
  0.19540102700614895       0.15674956941478366        2.8918823761933807     
  0.19657814162666792       0.15271242472511029        2.8023640820258335     
  0.19775525624718690       0.14863760052972116        2.7120905302618543     
  0.19893237086770588       0.14452610223051340        2.6210840735405818     
  0.20010948548822485       0.14037894427817083        2.5293672455978835     
  0.20128660010874383       0.13619714992186274        2.4369627556345401     
  0.20246371472926281       0.13198175095677328        2.3438934826414313     
  0.20364082934978178       0.12773378746952055        2.2501824696832555     
  0.20481794397030076       0.12345430758153128        2.1558529181424029     
  0.20599505859081974       0.11914436719043284        2.0609281819245213     
  0.20717217321133871       0.11480502970952548        1.9654317616273729     
  0.20834928783185769       0.11043736580540196        1.8693872986746083     
  0.20952640245237666       0.10604245313377560        1.7728185694159906     
  0.21070351707289564       0.10162137607358589        1.6757494791957719     
  0.21188063169341462        9.7175225459443182E-002   1.5782040563907231     
  0.21305774631393359        9.2705098312482595E-002   1.4802064464195483     
  0.21423486093445257        8.8212097569689452E-002   1.3817809057251824     
  0.21541197555497155        8.3697331811767070E-002   1.2829517957317089     
  0.21658909017549052        7.9161914989610047E-002   1.1837435767774116     
  0.21776620479600950        7.4606966149454626E-002   1.0841808020256878     
  0.21894331941652848        7.0033609156769844E-002  0.98428811135534544     
  0.22012043403704745        6.5442972418960868E-002  0.88409022523198366     
  0.22129754865756643        6.0836188606951870E-002  0.78361193856205924     
  0.22247466327808540        5.6214394375715404E-002  0.68287811453121605     
  0.22365177789860438        5.1578730083820898E-002  0.58191367842857733     
  0.22482889251912336        4.6930339512067189E-002  0.48074361145852446     
  0.22600600713964233        4.2270369581272740E-002  0.37939294454166422     
  0.22718312176016131        3.7599970069289113E-002  0.27788675210650704     
  0.22836023638068029        3.2920293327311445E-002  0.17625014587354135     
  0.22953735100119926        2.8232493995552048E-002   7.4508268633219285E-002
  0.23071446562171824        2.3537728718351265E-002  -2.7313711980466449E-002
  0.23189158024223722        1.8837155858791681E-002 -0.12919060971932106     
  0.23306869486275619        1.4131935212890492E-002 -0.23109722595152529     
  0.23424580948327517        9.4232277234362078E-003 -0.33300835589197642     
  0.23542292410379415        4.7121951935438144E-003 -0.43489879483075006     
  0.23660003872431312       -2.3613423292159174E-015 -0.53674334435815840     
  0.23777715334483210       -4.7121951935486699E-003 -0.63851681858488485     
  0.23895426796535107       -9.4232277234409263E-003 -0.74019405035558539     
  0.24013138258587005       -1.4131935212895340E-002 -0.84174989745451556     
  0.24130849720638903       -1.8837155858796525E-002 -0.94315924880157087     
  0.24248561182690800       -2.3537728718356101E-002  -1.0443970306373260     
  0.24366272644742698       -2.8232493995556881E-002  -1.1454382126954763     
  0.24483984106794596       -3.2920293327316268E-002  -1.2462578143612919     
  0.24601695568846493       -3.7599970069293935E-002  -1.3468309108145089     
  0.24719407030898391       -4.2270369581277563E-002  -1.4471326391552863     
  0.24837118492950289       -4.6930339512071990E-002  -1.5471382045116848     
  0.24954829955002186       -5.1578730083825554E-002  -1.6468228861273044     
  0.25072541417054084       -5.6214394375720178E-002  -1.7461620434275926     
  0.25190252879105979       -6.0836188606956498E-002  -1.8451311220634179     
  0.25307964341157874       -6.5442972418965475E-002  -1.9437056599305380     
  0.25425675803209768       -7.0033609156774299E-002  -2.0418612931635125     
  0.25543387265261663       -7.4606966149458956E-002  -2.1395737621027142     
  0.25661098727313558       -7.9161914989614349E-002  -2.2368189172330788     
  0.25778810189365453       -8.3697331811771206E-002  -2.3335727250931879     
  0.25896521651417348       -8.8212097569693462E-002  -2.4298112741534079     
  0.26014233113469243       -9.2705098312486467E-002  -2.5255107806617136     
  0.26131944575521138       -9.7175225459446901E-002  -2.6206475944558711     
  0.26249656037573033      -0.10162137607358945       -2.7151982047407315     
  0.26367367499624927      -0.10604245313377914       -2.8091392458292681     
  0.26485078961676822      -0.11043736580540524       -2.9024475028461469     
  0.26602790423728717      -0.11480502970952874       -2.9950999173925430     
  0.26720501885780612      -0.11914436719043595       -3.0870735931709206     
  0.26838213347832507      -0.12345430758153424       -3.1783458015685979     
  0.26955924809884402      -0.12773378746952338       -3.2688939871988332     
  0.27073636271936297      -0.13198175095677597       -3.3586957733982095     
  0.27191347733988191      -0.13619714992186541       -3.4477289676791814     
  0.27309059196040086      -0.14037894427817335       -3.5359715671365057     
  0.27426770658091981      -0.14452610223051576       -3.6234017638064757     
  0.27544482120143876      -0.14863760052972341       -3.7099979499777476     
  0.27662193582195771      -0.15271242472511251       -3.7957387234526014     
  0.27779905044247666      -0.15674956941478563       -3.8806028927575449     
  0.27897616506299561      -0.16074803849369992       -3.9645694823021298     
  0.28015327968351456      -0.16470684539944044       -4.0476177374848152     
  0.28133039430403350      -0.16862501335563998       -4.1297271297448654     
  0.28250750892455245      -0.17250157561298432       -4.2108773615591462     
  0.28368462354507140      -0.17633557568774252       -4.2910483713827450     
  0.28486173816559035      -0.18012606759776581       -4.3702203385323930     
  0.28603885278610930      -0.18387211609589352       -4.4483736880115856     
  0.28721596740662825      -0.18757279690071199       -4.5254890952764235     
  0.28839308202714720      -0.19122719692460732       -4.6015474909411180     
  0.28957019664766614      -0.19483441449905545       -4.6765300654221349     
  0.29074731126818509      -0.19839355959709581       -4.7504182735200127     
  0.29192442588870404      -0.20190375405293223       -4.8231938389378497     
  0.29310154050922299      -0.20536413177860671       -4.8948387587354532     
  0.29427865512974194      -0.20877383897769439       -4.9653353077182532     
  0.29545576975026089      -0.21213203435596431       -5.0346660427599410     
  0.29663288437077984      -0.21543788932895658       -5.1028138070579612     
  0.29780999899129879      -0.21869058822642340       -5.1697617343208977     
  0.29898711361181773      -0.22188932849358281       -5.2354932528867959     
  0.30016422823233668      -0.22503332088913766       -5.2999920897716004     
  0.30134134285285563      -0.22812178968000896       -5.3632422746467077     
  0.30251845747337458      -0.23115397283273642       -5.4252281437448300     
  0.30369557209389353      -0.23412912220149859       -5.4859343436932315     
  0.30487268671441248      -0.23704650371270677       -5.5453458352735261     
  0.30604980133493143      -0.23990539754612680       -5.6034478971071398     
  0.30722691595545037      -0.24270509831248369       -5.6602261292656237     
  0.30840403057596932      -0.24544491522750650       -5.7156664568049811     
  0.30958114519648827      -0.24812417228236805       -5.7697551332231578     
  0.31075825981700722      -0.25074220841048056       -5.8224787438399490     
  0.31193537443752617      -0.25329837765060398       -5.8738242090984816     
  0.31311248905804512      -0.25579204930622712       -5.9237787877874988     
  0.31428960367856407      -0.25822260810118242       -5.9723300801836592     
  0.31546671829908302      -0.26058945433145669       -6.0194660311131436     
  0.31664383291960196      -0.26289200401315843       -6.0651749329317424     
  0.31782094754012091      -0.26512968902660738       -6.1094454284227515     
  0.31899806216063986      -0.26730195725650974       -6.1522665136119317     
  0.32017517678115881      -0.26940827272818396       -6.1936275404988068     
  0.32135229140167776      -0.27144811573980515       -6.2335182197036385     
  0.32252940602219671      -0.27342098299063283       -6.2719286230293321     
  0.32370652064271566      -0.27532638770519363       -6.3088491859376763     
  0.32488363526323460      -0.27716385975338537       -6.3442707099392104     
  0.32606074988375355      -0.27893294576647476       -6.3781843648960743     
  0.32723786450427250      -0.28063320924895946       -6.4105816912372484     
  0.32841497912479145      -0.28226423068626694       -6.4414546020855292     
  0.32959209374531040      -0.28382560764826287       -6.4707953852956468     
  0.33076920836582935      -0.28531695488854536       -6.4985967054029796     
  0.33194632298634830      -0.28673790443949837       -6.5248516054822234     
  0.33312343760686725      -0.28808810570308219       -6.5495535089155235     
  0.33430055222738619      -0.28936722553733873       -6.5726962210695179     
  0.33547766684790514      -0.29057494833858866       -6.5942739308807248     
  0.33665478146842409      -0.29171097611930236       -6.6142812123488408     
  0.33783189608894304      -0.29277502858162363       -6.6327130259374094     
  0.33900901070946199      -0.29376684318652913       -6.6495647198813979     
  0.34018612532998094      -0.29468617521860602       -6.6648320314012635     
  0.34136323995049989      -0.29553279784643166       -6.6785110878230176     
  0.34254035457101883      -0.29630650217854088       -6.6905984076039209     
  0.34371746919153778      -0.29700709731496683       -6.7010909012633917     
  0.34489458381205673      -0.29763441039434296       -6.7099858722187591     
  0.34607169843257568      -0.29818828663655356       -6.7172810175254929     
  0.34724881305309463      -0.29866858938092367       -6.7229744285215869     
  0.34842592767361358      -0.29907520011993810       -6.7270645913757585     
  0.34960304229413253      -0.29940801852848126       -6.7295503875392066     
  0.35078015691465148      -0.29966696248859082       -6.7304310941006191     
  0.35195727153517042      -0.29985196810971931       -6.7297063840441966     
  0.35313438615568937      -0.29996298974449809       -6.7273763264104653     
  0.35431150077620832      -0.29999999999999999       -6.7234413863596592     
  0.35548861539672727      -0.29996298974449825       -6.7179024251375115     
  0.35666573001724622      -0.29985196810971959       -6.7107606999432790     
  0.35784284463776517      -0.29966696248859115       -6.7020178636998704     
  0.35901995925828412      -0.29940801852848170       -6.6916759647259836     
  0.36019707387880306      -0.29907520011993871       -6.6797374463101260     
  0.36137418849932201      -0.29866858938092439       -6.6662051461865168     
  0.36255130311984096      -0.29818828663655439       -6.6510822959127944     
  0.36372841774035991      -0.29763441039434391       -6.6343725201495261     
  0.36490553236087886      -0.29700709731496794       -6.6160798358415649     
  0.36608264698139781      -0.29630650217854204       -6.5962086513012670     
  0.36725976160191676      -0.29553279784643294       -6.5747637651936710     
  0.36843687622243571      -0.29468617521860746       -6.5517503654237048     
  0.36961399084295465      -0.29376684318653068       -6.5271740279255948     
  0.37079110546347360      -0.29277502858162530       -6.5010407153545833     
  0.37196822008399255      -0.29171097611930413       -6.4733567756811770     
  0.37314533470451150      -0.29057494833859060       -6.4441289406881230     
  0.37432244932503045      -0.28936722553734073       -6.4133643243703498     
  0.37549956394554940      -0.28808810570308430       -6.3810704212381602     
  0.37667667856606835      -0.28673790443950053       -6.3472551045239483     
  0.37785379318658729      -0.28531695488854769       -6.3119266242928047     
  0.37903090780710624      -0.28382560764826537       -6.2750936054573474     
  0.38020802242762519      -0.28226423068626944       -6.2367650456971573     
  0.38138513704814414      -0.28063320924896212       -6.1969503132832759     
  0.38256225166866309      -0.27893294576647742       -6.1556591448081592     
  0.38373936628918204      -0.27716385975338825       -6.1129016428216234     
  0.38491648090970099      -0.27532638770519663       -6.0686882733732270     
  0.38609359553021994      -0.27342098299063600       -6.0230298634617210     
  0.38727071015073888      -0.27144811573980832       -5.9759375983920044     
  0.38844782477125783      -0.26940827272818729       -5.9274230190403312     
  0.38962493939177678      -0.26730195725651301       -5.8774980190282680     
  0.39080205401229573      -0.26512968902661094       -5.8261748418061616     
  0.39197916863281468      -0.26289200401316209       -5.7734660776467264     
  0.39315628325333363      -0.26058945433146047       -5.7193846605495438     
  0.39433339787385258      -0.25822260810118630       -5.6639438650571599     
  0.39551051249437152      -0.25579204930623095       -5.6071573029835955     
  0.39668762711489047      -0.25329837765060809       -5.5490389200560664     
  0.39786474173540942      -0.25074220841048472       -5.4896029924707372     
  0.39904185635592837      -0.24812417228237230       -5.4288641233634349     
  0.40021897097644732      -0.24544491522751088       -5.3668372391961068     
  0.40139608559696627      -0.24270509831248815       -5.3035375860600622     
  0.40257320021748522      -0.23990539754613138       -5.2389807258968730     
  0.40375031483800417      -0.23704650371271144       -5.1731825326379317     
  0.40492742945852311      -0.23412912220150336       -5.1061591882637050     
  0.40610454407904206      -0.23115397283274131       -5.0379271787836704     
  0.40728165869956101      -0.22812178968001390       -4.9685032901380097     
  0.40845877332007996      -0.22503332088914260       -4.8979046040221830     
  0.40963588794059891      -0.22188932849358792       -4.8261484936354337     
  0.41081300256111786      -0.21869058822642859       -4.7532526193544058     
  0.41199011718163681      -0.21543788932896188       -4.6792349243330449     
  0.41316723180215575      -0.21213203435596956       -4.6041136300299224     
  0.41434434642267470      -0.20877383897769972       -4.5279072316642441     
  0.41552146104319365      -0.20536413177861232       -4.4506344936017497     
  0.41669857566371260      -0.20190375405293781       -4.3723144446717503     
  0.41787569028423155      -0.19839355959710148       -4.2929663734166512     
  0.41905280490475050      -0.19483441449906111       -4.2126098232751588     
  0.42022991952526945      -0.19122719692461304       -4.1312645877005769     
  0.42140703414578840      -0.18757279690071799       -4.0489507052155007     
  0.42258414876630734      -0.18387211609589946       -3.9656884544042574     
  0.42376126338682629      -0.18012606759777183       -3.8814983488445431     
  0.42493837800734524      -0.17633557568774866       -3.7964011319795445     
  0.42611549262786419      -0.17250157561299040       -3.7104177719320783     
  0.42729260724838314      -0.16862501335564609       -3.6235694562620919     
  0.42846972186890209      -0.16470684539944677       -3.5358775866690588     
  0.42964683648942104      -0.16074803849370631       -3.4473637736406344     
  0.43082395110993998      -0.15674956941479209       -3.3580498310491862     
  0.43200106573045893      -0.15271242472511892       -3.2679577706975578     
  0.43317818035097788      -0.14863760052972988       -3.1771097968156776     
  0.43435529497149683      -0.14452610223052251       -3.0855283005094849     
  0.43553240959201578      -0.14037894427818004       -2.9932358541637107     
  0.43670952421253473      -0.13619714992187215       -2.9002552058001019     
  0.43788663883305368      -0.13198175095678275       -2.8066092733925738     
  0.43906375345357262      -0.12773378746953010       -2.7123211391409212     
  0.44024086807409157      -0.12345430758154102       -2.6174140437046254     
  0.44141798269461052      -0.11914436719044288       -2.5219113803983619     
  0.44259509731512947      -0.11480502970953572       -2.4258366893507688     
  0.44377221193564842      -0.11043736580541226       -2.3292136516281357     
  0.44494932655616737      -0.10604245313378609       -2.2320660833245389     
  0.44612644117668632      -0.10162137607359645       -2.1344179296200836     
  0.44730355579720527       -9.7175225459454173E-002  -2.0362932588088603     
  0.44848067041772421       -9.2705098312493656E-002  -1.9377162562981953     
  0.44965778503824316       -8.8212097569700693E-002  -1.8387112185808974     
  0.45083489965876211       -8.3697331811778353E-002  -1.7393025471820238     
  0.45201201427928106       -7.9161914989621510E-002  -1.6395147425818601     
  0.45318912889980001       -7.4606966149466408E-002  -1.5393723981167211     
  0.45436624352031896       -7.0033609156781668E-002  -1.4389001938591661     
  0.45554335814083791       -6.5442972418972872E-002  -1.3381228904793367     
  0.45672047276135685       -6.0836188606963909E-002  -1.2370653230889426     
  0.45789758738187580       -5.6214394375727610E-002  -1.1357523950695823     
  0.45907470200239475       -5.1578730083833145E-002  -1.0342090718869990     
  0.46025181662291370       -4.6930339512079859E-002 -0.93246037489290112     
  0.46142893124343265       -4.2270369581285445E-002 -0.83053137511592245     
  0.46260604586395160       -3.7599970069301977E-002 -0.72844718704341960     
  0.46378316048447055       -3.2920293327324324E-002 -0.62623296239559778     
  0.46496027510498950       -2.8232493995565083E-002 -0.52391388389365523     
  0.46613738972550844       -2.3537728718364580E-002 -0.42151515902350645     
  0.46731450434602739       -1.8837155858805150E-002 -0.31906201379664578     
  0.46849161896654634       -1.4131935212903969E-002 -0.21657968650982262     
  0.46966873358706529       -9.4232277234496935E-003 -0.11409342150498360     
  0.47084584820758424       -4.7121951935574389E-003  -1.1628462931136440E-002
  0.47202296282810319       -1.1264526896170419E-014   9.0789951490340332E-002
  0.47320007744862214        4.7121951935346464E-003  0.19313659669538066     
  0.47437719206914108        9.4232277234269097E-003  0.29538626650040073     
  0.47555430668966003        1.4131935212881200E-002  0.39751377981733721     
  0.47673142131017898        1.8837155858782397E-002  0.49949398685914637     
  0.47790853593069793        2.3537728718341856E-002  0.60130177533416906     
  0.47908565055121688        2.8232493995542389E-002  0.70291207662788291     
  0.48026276517173583        3.2920293327301661E-002  0.80429987197058783     
  0.48143987979225478        3.7599970069279350E-002  0.90544019858945179     
  0.48261699441277373        4.2270369581262873E-002   1.0063081558435676     
  0.48379410903329267        4.6930339512057342E-002   1.1068789113404767     
  0.48497122365381162        5.1578730083810684E-002   1.2071277070327435     
  0.48614833827433057        5.6214394375705225E-002   1.3070298652931764     
  0.48732545289484952        6.0836188606941587E-002   1.4065607949671881     
  0.48850256751536847        6.5442972418950612E-002   1.5056959974010014     
  0.48967968213588742        7.0033609156759505E-002   1.6044110724442220     
  0.49085679675640637        7.4606966149444343E-002   1.7026817244254198     
  0.49203391137692531        7.9161914989599527E-002   1.8004837680993495     
  0.49321102599744426        8.3697331811756467E-002   1.8977931345644796     
  0.49438814061796321        8.8212097569678918E-002   1.9945858771494005     
  0.49556525523848216        9.2705098312471992E-002   2.0908381772668911     
  0.49674236985900111        9.7175225459432621E-002   2.1865263502342502     
  0.49791948447952006       0.10162137607357502        2.2816268510586086     
  0.49909659910003901       0.10604245313376479        2.3761162801859492     
  0.50027371372055796       0.11043736580539108        2.4699713892124930     
  0.50145082834107690       0.11480502970951467        2.5631690865572816     
  0.50262794296159585       0.11914436719042198        2.6556864430946212     
  0.50380505758211480       0.12345430758152050        2.7475006977451879     
  0.50498217220263375       0.12773378746950947        2.8385892630245535     
  0.50615928682315270       0.13198175095676229        2.9289297305479538     
  0.50733640144367165       0.13619714992185186        3.0184998764900137     
  0.50851351606419060       0.14037894427815992        3.1072776669983524     
  0.50969063068470954       0.14452610223050255        3.1952412635598151     
  0.51086774530522849       0.14863760052971009        3.2823690283182043     
  0.51204485992574744       0.15271242472509930        3.3686395293423614     
  0.51322197454626639       0.15674956941477267        3.4540315458434256     
  0.51439908916678534       0.16074803849368710        3.5385240733402088     
  0.51557620378730429       0.16470684539942770        3.6220963287715349     
  0.51675331840782324       0.16862501335562724        3.7047277555544476     
  0.51793043302834219       0.17250157561297175        3.7863980285872256     
  0.51910754764886113       0.17633557568773026        3.8670870591960771     
  0.52028466226938008       0.18012606759775360        3.9467750000245330     
  0.52146177688989903       0.18387211609588147        4.0254422498644260     
  0.52263889151041798       0.18757279690070019        4.1030694584274281     
  0.52381600613093693       0.19122719692459547        4.1796375310561471     
  0.52499312075145588       0.19483441449904379        4.2551276333737595     
  0.52617023537197483       0.19839355959708438        4.3295211958711359     
  0.52734734999249377       0.20190375405292096        4.4027999184305395     
  0.52852446461301272       0.20536413177859569        4.4749457747848682     
  0.52970157923353167       0.20877383897768337        4.5459410169114873     
  0.53087869385405062       0.21213203435595349        4.6157681793597103     
  0.53205580847456957       0.21543788932894598        4.6844100835109428     
  0.53323292309508852       0.21869058822641294        4.7518498417706176     
  0.53441003771560747       0.22188932849357254        4.8180708616909431     
  0.53558715233612642       0.22503332088912750        4.8830568500235865     
  0.53676426695664536       0.22812178967999908        4.9467918167013938     
  0.53794138157716431       0.23115397283272673        5.0092600787482215     
  0.53911849619768326       0.23412912220148907        5.0704462641160566     
  0.54029561081820221       0.23704650371269745        5.1303353154485212     
  0.54147272543872116       0.23990539754611767        5.1889124937699229     
  0.54264984005924011       0.24270509831247478        5.2461633820990095     
  0.54382695467975906       0.24544491522749776        5.3020738889865866     
  0.54500406930027800       0.24812417228235947        5.3566302519761866     
  0.54618118392079695       0.25074220841047218        5.4098190409869744     
  0.54735829854131590       0.25329837765059587        5.4616271616181109     
  0.54853541316183485       0.25579204930621907        5.5120418583737587     
  0.54971252778235380       0.25822260810117470        5.5610507178079995     
  0.55088964240287275       0.26058945433144920        5.6086416715888463     
  0.55206675702339170       0.26289200401315105        5.6548029994806512     
  0.55324387164391065       0.26512968902660028        5.6995233322441710     
  0.55442098626442959       0.26730195725650280        5.7427916544535069     
  0.55559810088494854       0.26940827272817724        5.7845973072292960     
  0.55677521550546749       0.27144811573979866        5.8249299908873882     
  0.55795233012598644       0.27342098299062656        5.8637797675023426     
  0.55912944474650539       0.27532638770518758        5.9011370633850939     
  0.56030655936702434       0.27716385975337954        5.9369926714741030     
  0.56148367398754329       0.27893294576646904        5.9713377536393484     
  0.56266078860806223       0.28063320924895402        6.0041638428985653     
  0.56383790322858118       0.28226423068626177        6.0354628455450632     
  0.56501501784910013       0.28382560764825793        6.0652270431865567     
  0.56619213246961908       0.28531695488854070        6.0934490946944280     
  0.56736924709013803       0.28673790443949382        6.1201220380628127     
  0.56854636171065698       0.28808810570307797        6.1452392921770187     
  0.56972347633117593       0.28936722553733474        6.1687946584906559     
  0.57090059095169488       0.29057494833858494        6.1907823226110441     
  0.57207770557221382       0.29171097611929880        6.2111968557923154     
  0.57325482019273277       0.29277502858162030        6.2300332163357899     
  0.57443193481325172       0.29376684318652607        6.2472867508971017     
  0.57560904943377067       0.29468617521860319        6.2629531956996551     
  0.57678616405428962       0.29553279784642905        6.2770286776539592     
  0.57796327867480857       0.29630650217853843        6.2895097153824464     
  0.57914039329532752       0.29700709731496466        6.3003932201493500     
  0.58031750791584646       0.29763441039434102        6.3096764966952970     
  0.58149462253636541       0.29818828663655189        6.3173572439762333     
  0.58267173715688436       0.29866858938092228        6.3234335558063535     
  0.58384885177740331       0.29907520011993693        6.3279039214047312     
  0.58502596639792226       0.29940801852848031        6.3307672258453369     
  0.58620308101844121       0.29966696248859009        6.3320227504101974     
  0.58738019563896016       0.29985196810971887        6.3316701728454090     
  0.58855731025947911       0.29996298974449787        6.3297095675198110     
  0.58973442487999805       0.29999999999999999        6.3261414054861103     
  0.59091153950051700       0.29996298974449848        6.3209665544442490     
  0.59208865412103595       0.29985196810972009        6.3141862786068979     
  0.59326576874155490       0.29966696248859187        6.3058022384668950     
  0.59444288336207385       0.29940801852848270        6.2958164904665868     
  0.59561999798259280       0.29907520011993993        6.2842314865689080     
  0.59679711260311175       0.29866858938092583        6.2710500737301995     
  0.59797422722363069       0.29818828663655605        6.2562754932747291     
  0.59915134184414964       0.29763441039434579        6.2399113801708657     
  0.60032845646466859       0.29700709731497005        6.2219617622089762     
  0.60150557108518754       0.29630650217854437        6.2024310590810670     
  0.60268268570570649       0.29553279784643560        6.1813240813622432     
  0.60385980032622544       0.29468617521861035        6.1586460293940881     
  0.60503691494674439       0.29376684318653373        6.1344024920701159     
  0.60621402956726333       0.29277502858162863        6.1085994455234163     
  0.60739114418778228       0.29171097611930763        6.0812432517166872     
  0.60856825880830123       0.29057494833859437        6.0523406569349136     
  0.60974537342882018       0.28936722553734484        6.0218987901808481     
  0.61092248804933913       0.28808810570308857        5.9899251614736642     
  0.61209960266985808       0.28673790443950509        5.9564276600510091     
  0.61327671729037703       0.28531695488855235        5.9214145524748147     
  0.61445383191089598       0.28382560764827025        5.8848944806412353     
  0.61563094653141492       0.28226423068627471        5.8468764596950837     
  0.61680806115193387       0.28063320924896751        5.8073698758491936     
  0.61798517577245282       0.27893294576648314        5.7663844841091709     
  0.61916229039297177       0.27716385975339397        5.7239304059039817     
  0.62033940501349072       0.27532638770520268        5.6800181266229339     
  0.62151651963400967       0.27342098299064233        5.6346584930595345     
  0.62269363425452862       0.27144811573981481        5.5878627107628462     
  0.62387074887504756       0.26940827272819406        5.5396423412969265     
  0.62504786349556651       0.26730195725651995        5.4900092994089480     
  0.62622497811608546       0.26512968902661804        5.4389758501067238     
  0.62740209273660441       0.26289200401316931        5.3865546056462561     
  0.62857920735712336       0.26058945433146802        5.3327585224301171     
  0.62975632197764231       0.25822260810119418        5.2776008978172912     
  0.63093343659816126       0.25579204930623894        5.2210953668454003     
  0.63211055121868021       0.25329837765061625        5.1632558988660158     
  0.63328766583919915       0.25074220841049294        5.1040967940939170     
  0.63446478045971810       0.24812417228238087        5.0436326800712248     
  0.63564189508023705       0.24544491522751979        4.9818785080471981     
  0.63681900970075600       0.24270509831249712        4.9188495492747339     
  0.63799612432127495       0.23990539754614051        4.8545613912244674     
  0.63917323894179390       0.23704650371272057        4.7890299337173881     
  0.64035035356231285       0.23412912220151286        4.7222713849771667     
  0.64152746818283179       0.23115397283275116        4.6543022576029829     
  0.64270458280335074       0.22812178968002378        4.5851393644641369     
  0.64388169742386969       0.22503332088915284        4.5147998145174260     
  0.64505881204438864       0.22188932849359799        4.4433010085483451     
  0.64623592666490759       0.21869058822643897        4.3706606348374404     
  0.64741304128542654       0.21543788932897262        4.2968966647527482     
  0.64859015590594549       0.21213203435598035        4.2220273482696866     
  0.64976727052646444       0.20877383897771085        4.1460712094195680     
  0.65094438514698338       0.20536413177862320        4.0690470416678544     
  0.65212149976750233       0.20190375405294908        3.9909739032236531     
  0.65329861438802128       0.19839355959711311        3.9118711122814496     
  0.65447572900854023       0.19483441449907268        3.8317582421966114     
  0.65565284362905918       0.19122719692462498        3.7506551165959232     
  0.65682995824957813       0.18757279690072964        3.6685818044243543     
  0.65800707287009708       0.18387211609591150        3.5855586149297034     
  0.65918418749061602       0.18012606759778380        3.5016060925861927     
  0.66036130211113497       0.17633557568776098        3.4167450119587093     
  0.66153841673165392       0.17250157561300306        3.3309963725088370     
  0.66271553135217287       0.16862501335565869        3.2443813933443466     
  0.66389264597269182       0.16470684539945948        3.1569215079134887     
  0.66506976059321077       0.16074803849371894        3.0686383586454951     
  0.66624687521372972       0.15674956941480508        2.9795537915389727     
  0.66742398983424867       0.15271242472513225        2.8896898506994337     
  0.66860110445476761       0.14863760052974309        2.7990687728276971     
  0.66977821907528656       0.14452610223053586        2.7077129816605936     
  0.67095533369580551       0.14037894427819328        2.6156450823654125     
  0.67213244831632446       0.13619714992188572        2.5228878558898837     
  0.67330956293684341       0.13198175095679668        2.4294642532689648     
  0.67448667755736236       0.12773378746954386        2.3353973898902272     
  0.67566379217788131       0.12345430758155514        2.2407105397193567     
  0.67684090679840025       0.11914436719045662        2.1454271294872038     
  0.67801802141891920       0.11480502970954980        2.0495707328402863     
  0.67919513603943815       0.11043736580542667        1.9531650644559804     
  0.68037225065995710       0.10604245313380034        1.8562339741243123     
  0.68154936528047605       0.10162137607361103        1.7588014407978274     
  0.68272647990099500        9.7175225459468342E-002   1.6608915666110571     
  0.68390359452151395        9.2705098312508144E-002   1.5625285708714729     
  0.68508070914203290        8.8212097569715514E-002   1.4637367840232189     
  0.68625782376255184        8.3697331811792980E-002   1.3645406415855266     
  0.68743493838307079        7.9161914989636470E-002   1.2649646780673220     
  0.68861205300358974        7.4606966149480911E-002   1.1650335208595550     
  0.68978916762410869        7.0033609156796475E-002   1.0647718841071399     
  0.69096628224462764        6.5442972418987458E-002  0.96420456256180176     
  0.69214339686514659        6.0836188606978814E-002  0.86335642541780988     
  0.69332051148566554        5.6214394375742827E-002  0.76225241013187151     
  0.69449762610618448        5.1578730083848133E-002  0.66091751622909634     
  0.69567474072670343        4.6930339512094889E-002  0.55937679909653670     
  0.69685185534722238        4.2270369581300253E-002  0.45765536376580129     
  0.69802896996774133        3.7599970069317069E-002  0.35577835868664798     
  0.69920608458826028        3.2920293327339721E-002  0.25377096949281425     
  0.70038319920877923        2.8232493995580237E-002  0.15165841276197606     
  0.70156031382929818        2.3537728718379752E-002   4.9465929771318223E-002
  0.70273742844981713        1.8837155858820075E-002  -5.2781219749809705E-002
  0.70391454307033607        1.4131935212919177E-002 -0.15505776386828157     
  0.70509165769085502        9.4232277234651760E-003 -0.25733842469539214     
  0.70626877231137397        4.7121951935726611E-003 -0.35959792463301204     
  0.70744588693189292        2.6755570802927018E-014 -0.46181099261625103     
  0.70862300155241187       -4.7121951935196896E-003 -0.56395237035119505     
  0.70980011617293082       -9.4232277234116927E-003 -0.66599681854588588     
  0.71097723079344977       -1.4131935212865725E-002 -0.76791912313335442     
  0.71215434541396871       -1.8837155858767204E-002 -0.86969410148489623     
  0.71333146003448766       -2.3537728718326413E-002 -0.97129660861219314     
  0.71450857465500661       -2.8232493995527502E-002  -1.0727015433568889     
  0.71568568927552556       -3.2920293327286534E-002  -1.1738838545658412     
  0.71686280389604451       -3.7599970069263987E-002  -1.2748185472509139     
  0.71803991851656346       -4.2270369581247809E-002  -1.3754806887315520     
  0.71921703313708241       -4.6930339512042049E-002  -1.4758454147587929     
  0.72039414775760136       -5.1578730083795953E-002  -1.5758879356193851     
  0.72157126237812030       -5.6214394375690264E-002  -1.6755835422182948     
  0.72274837699863925       -6.0836188606926418E-002  -1.7749076121385137     
  0.72392549161915820       -6.5442972418935763E-002  -1.8738356156764813     
  0.72510260623967715       -7.0033609156744434E-002  -1.9723431218518324     
  0.72627972086019610       -7.4606966149429577E-002  -2.0704058043901985     
  0.72745683548071505       -7.9161914989584845E-002  -2.1679994476774129     
  0.72863395010123400       -8.3697331811742104E-002  -2.2650999526841034     
  0.72981106472175294       -8.8212097569664347E-002  -2.3616833428589699     
  0.73098817934227189       -9.2705098312457254E-002  -2.4577257699897666     
  0.73216529396279084       -9.7175225459418202E-002  -2.5532035200303729     
  0.73334240858330979      -0.10162137607356068       -2.6480930188927836     
  0.73451952320382874      -0.10604245313375078       -2.7423708382028016     
  0.73569663782434769      -0.11043736580537691       -2.8360137010179165     
  0.73687375244486664      -0.11480502970950035       -2.9289984875063961     
  0.73805086706538559      -0.11914436719040800       -3.0213022405860834     
  0.73922798168590453      -0.12345430758150636       -3.1129021715217617     
  0.74040509630642348      -0.12773378746949593       -3.2037756654799687     
  0.74158221092694243      -0.13198175095674861       -3.2939002870397749     
  0.74275932554746138      -0.13619714992183804       -3.3832537856586522     
  0.74393644016798033      -0.14037894427814646       -3.4718141010919625     
  0.74511355478849928      -0.14452610223048901       -3.5595593687650231     
  0.74629066940901823      -0.14863760052969710       -3.6464679250966583     
  0.74746778402953717      -0.15271242472508620       -3.7325183127728638     
  0.74864489865005612      -0.15674956941475945       -3.8176892859697182     
  0.74982201327057507      -0.16074803849367425       -3.9019598155241986     
  0.75099912789109402      -0.16470684539941480       -3.9853090940518570     
  0.75217624251161297      -0.16862501335561489       -4.0677165410103875     
  0.75335335713213192      -0.17250157561295928       -4.1491618077077286     
  0.75453047175265087      -0.17633557568771768       -4.2296247822539232     
  0.75570758637316982      -0.18012606759774144       -4.3090855944554471     
  0.75688470099368876      -0.18387211609586923       -4.3875246206510301     
  0.75806181561420771      -0.18757279690068832       -4.4649224884880470     
  0.75923893023472666      -0.19122719692458373       -4.5412600816381907     
  0.76041604485524561      -0.19483441449903241       -4.6165185444517336     
  0.76159315947576456      -0.19839355959707297       -4.6906792865490559     
  0.76277027409628351      -0.20190375405290950       -4.7637239873487331     
  0.76394738871680246      -0.20536413177858459       -4.8356346005310025     
  0.76512450333732140      -0.20877383897767240       -4.9063933584356940     
  0.76630161795784035      -0.21213203435594288       -4.9759827763937761     
  0.76747873257835930      -0.21543788932893540       -5.0443856569913637     
  0.76865584719887825      -0.21869058822640233       -5.1115850942654939     
  0.76983296181939720      -0.22188932849356235       -5.1775644778305372     
  0.77101007643991615      -0.22503332088911743       -5.2423074969344245     
  0.77218719106043510      -0.22812178967998939       -5.3057981444438793     
  0.77336430568095405      -0.23115397283271705       -5.3680207207575314     
  0.77454142030147299      -0.23412912220147938       -5.4289598376463291     
  0.77571853492199194      -0.23704650371268812       -5.4886004220201139     
  0.77689564954251089      -0.23990539754610837       -5.5469277196196636     
  0.77807276416302984      -0.24270509831246598       -5.6039272986333604     
  0.77924987878354879      -0.24544491522748899       -5.6595850532375254     
  0.78042699340406774      -0.24812417228235076       -5.7138872070597770     
  0.78160410802458669      -0.25074220841046385       -5.7668203165644520     
  0.78278122264510563      -0.25329837765058755       -5.8183712743593405     
  0.78395833726562458      -0.25579204930621124       -5.8685273124230477     
  0.78513545188614353      -0.25822260810116693       -5.9172760052520061     
  0.78631256650666248      -0.26058945433144148       -5.9646052729266055     
  0.78748968112718143      -0.26289200401314378       -6.0105033840955091     
  0.78866679574770038      -0.26512968902659301       -6.0549589588774895     
  0.78984391036821933      -0.26730195725649591       -6.0979609716801431     
  0.79102102498873827      -0.26940827272817053       -6.1394987539345633     
  0.79219813960925722      -0.27144811573979227       -6.1795619967455364     
  0.79337525422977617      -0.27342098299062034       -6.2181407534563231     
  0.79455236885029512      -0.27532638770518142       -6.2552254421275562     
  0.79572948347081407      -0.27716385975337371       -6.2908068479294794     
  0.79690659809133302      -0.27893294576646344       -6.3248761254468837     
  0.79808371271185197      -0.28063320924894880       -6.3574248008962178     
  0.79926082733237092      -0.28226423068625661       -6.3884447742541060     
  0.80043794195288986      -0.28382560764825293       -6.4179283212968103     
  0.80161505657340881      -0.28531695488853598       -6.4458680955499510     
  0.80279217119392776      -0.28673790443948932       -6.4722571301479643     
  0.80396928581444671      -0.28808810570307380       -6.4970888396027640     
  0.80514640043496566      -0.28936722553733074       -6.5203570214809847     
  0.80632351505548461      -0.29057494833858105       -6.5420558579893964     
  0.80750062967600356      -0.29171097611929525       -6.5621799174678976     
  0.80867774429652250      -0.29277502858161691       -6.5807241557896221     
  0.80985485891704145      -0.29376684318652302       -6.5976839176677347     
  0.81103197353756040      -0.29468617521860035       -6.6130549378683918     
  0.81220908815807935      -0.29553279784642639       -6.6268333423294878     
  0.81338620277859830      -0.29630650217853610       -6.6390156491847616     
  0.81456331739911725      -0.29700709731496250       -6.6495987696928234     
  0.81574043201963620      -0.29763441039433913       -6.6585800090708158     
  0.81691754664015515      -0.29818828663655023       -6.6659570672322515     
  0.81809466126067409      -0.29866858938092078       -6.6717280394287739     
  0.81927177588119304      -0.29907520011993571       -6.6758914167954799     
  0.82044889050171199      -0.29940801852847931       -6.6784460867995161     
  0.82162600512223094      -0.29966696248858937       -6.6793913335917052     
  0.82280311974274989      -0.29985196810971837       -6.6787268382609124     
  0.82398023436326884      -0.29996298974449764       -6.6764526789909775     
  0.82515734898378779      -0.29999999999999999       -6.6725693311199228     
  0.82633446360430673      -0.29996298974449870       -6.6670776671013723     
  0.82751157822482568      -0.29985196810972053       -6.6599789563679241     
  0.82868869284534463      -0.29966696248859265       -6.6512748650963962     
  0.82986580746586358      -0.29940801852848364       -6.6409674558748177     
  0.83104292208638253      -0.29907520011994110       -6.6290591872711060     
  0.83222003670690148      -0.29866858938092727       -6.6155529133033406     
  0.83339715132742043      -0.29818828663655772       -6.6004518828116119     
  0.83457426594793938      -0.29763441039434774       -6.5837597387314739     
  0.83575138056845832      -0.29700709731497216       -6.5654805172689477     
  0.83692849518897727      -0.29630650217854676       -6.5456186469772293     
  0.83810560980949622      -0.29553279784643827       -6.5241789477350469     
  0.83928272443001517      -0.29468617521861318       -6.5011666296268791     
  0.84045983905053412      -0.29376684318653690       -6.4765872917251350     
  0.84163695367105307      -0.29277502858163190       -6.4504469207744020     
  0.84281406829157202      -0.29171097611931124       -6.4227518897780209     
  0.84399118291209096      -0.29057494833859820       -6.3935089564871603     
  0.84516829753260991      -0.28936722553734878       -6.3627252617926429     
  0.84634541215312886      -0.28808810570309290       -6.3304083280198125     
  0.84752252677364781      -0.28673790443950947       -6.2965660571267028     
  0.84869964139416676      -0.28531695488855713       -6.2612067288059050     
  0.84987675601468571      -0.28382560764827530       -6.2243389984904285     
  0.85105387063520466      -0.28226423068627976       -6.1859718952639779     
  0.85223098525572361      -0.28063320924897300       -6.1461148196761002     
  0.85340809987624255      -0.27893294576648864       -6.1047775414625560     
  0.85458521449676150      -0.27716385975339985       -6.0619701971715250     
  0.85576232911728045      -0.27532638770520862       -6.0177032876960341     
  0.85693944373779940      -0.27342098299064849       -5.9719876757132555     
  0.85811655835831835      -0.27144811573982142       -5.9248345830311493     
  0.85929367297883730      -0.26940827272820067       -5.8762555878431302     
  0.86047078759935625      -0.26730195725652700       -5.8262626218913711     
  0.86164790221987519      -0.26512968902662504       -5.7748679675393459     
  0.86282501684039414      -0.26289200401317675       -5.7220842547544208     
  0.86400213146091309      -0.26058945433147568       -5.6679244580010799     
  0.86517924608143204      -0.25822260810120179       -5.6124018930456492     
  0.86635636070195099      -0.25579204930624705       -5.5555302136732667     
  0.86753347532246994      -0.25329837765062424       -5.4973234083178353     
  0.86871058994298889      -0.25074220841050143       -5.4377957966059576     
  0.86988770456350784      -0.24812417228238956       -5.3769620258155397     
  0.87106481918402678      -0.24544491522752840       -5.3148370672500898     
  0.87224193380454573      -0.24270509831250620       -5.2514362125296259     
  0.87341904842506468      -0.23990539754614948       -5.1867750697990527     
  0.87459616304558363      -0.23704650371273009       -5.1208695598551275     
  0.87577327766610258      -0.23412912220152254       -5.0537359121928889     
  0.87695039228662153      -0.23115397283276068       -4.9853906609726995     
  0.87812750690714048      -0.22812178968003385       -4.9158506409089311     
  0.87930462152765942      -0.22503332088916272       -4.8451329830812844     
  0.88048173614817837      -0.22188932849360840       -4.7732551106700702     
  0.88165885076869732      -0.21869058822644957       -4.7002347346163473     
  0.88283596538921627      -0.21543788932898306       -4.6260898492082916     
  0.88401308000973522      -0.21213203435599129       -4.5508387275948836     
  0.88519019463025417      -0.20877383897772156       -4.4744999172280906     
  0.88636730925077312      -0.20536413177863450       -4.3970922352349451     
  0.88754442387129207      -0.20190375405296013       -4.3186347637205387     
  0.88872153849181101      -0.19839355959712432       -4.2391468450035070     
  0.88989865311232996      -0.19483441449908448       -4.1586480767849956     
  0.89107576773284891      -0.19122719692463649       -4.0771583072527031     
  0.89225288235336786      -0.18757279690074172       -3.9946976301212209     
  0.89342999697388681      -0.18387211609592333       -3.9112863796099808     
  0.89460711159440576      -0.18012606759779617       -3.8269451253603775     
  0.89578422621492471      -0.17633557568777350       -3.7416946672932436     
  0.89696134083544365      -0.17250157561301530       -3.6555560304082952     
  0.89813845545596260      -0.16862501335567151       -3.5685504595269157     
  0.89931557007648155      -0.16470684539947197       -3.4806994139796181     
  0.90049268469700050      -0.16074803849373204       -3.3920245622399174     
  0.90166979931751945      -0.15674956941481827       -3.3025477765057900     
  0.90284691393803840      -0.15271242472514512       -3.2122911272304808     
  0.90402402855855735      -0.14863760052975655       -3.1212768776040520     
  0.90520114317907630      -0.14452610223054896       -3.0295274779871284     
  0.90637825779959524      -0.14037894427820696       -2.9370655602986058     
  0.90755537242011419      -0.13619714992189955       -2.8439139323585727     
  0.90873248704063314      -0.13198175095681011       -2.7500955721882701     
  0.90990960166115209      -0.12773378746955791       -2.6556336222685513     
  0.91108671628167104      -0.12345430758156878       -2.5605513837583094     
  0.91226383090218999      -0.11914436719047085       -2.4648723106747332     
  0.91344094552270894      -0.11480502970956412       -2.3686200040366616     
  0.91461806014322788      -0.11043736580544057       -2.2718182059729100     
  0.91579517476374683      -0.10604245313381483       -2.1744907937970623     
  0.91697228938426578      -0.10162137607362511       -2.0766617740502422     
  0.91814940400478473       -9.7175225459482997E-002  -1.9783552765137360     
  0.91932651862530368       -9.2705098312522369E-002  -1.8795955481927806     
  0.92050363324582263       -8.8212097569729794E-002  -1.7804069472734509     
  0.92168074786634158       -8.3697331811807871E-002  -1.6808139370539725     
  0.92285786248686053       -7.9161914989650889E-002  -1.5808410798523296     
  0.92403497710737947       -7.4606966149495899E-002  -1.4805130308917172     
  0.92521209172789842       -7.0033609156811019E-002  -1.3798545321653322     
  0.92638920634841737       -6.5442972419002585E-002  -1.2788904062824231     
  0.92756632096893632       -6.0836188606993989E-002  -1.1776455502968943     
  0.92874343558945527       -5.6214394375757530E-002  -1.0761449295203582     
  0.92992055020997422       -5.1578730083863406E-002 -0.97441357132116480     
  0.93109766483049317       -4.6930339512109669E-002 -0.87247655891090481     
  0.93227477945101211       -4.2270369581315588E-002 -0.77035902512029075     
  0.93345189407153106       -3.7599970069332446E-002 -0.66808614616569351     
  0.93462900869205001       -3.2920293327354591E-002 -0.56568313540821946     
  0.93580612331256896       -2.8232493995595662E-002 -0.46317523710683006     
  0.93698323793308791       -2.3537728718394667E-002 -0.36058772016697560     
  0.93816035255360686       -1.8837155858835535E-002 -0.25794587188663137     
  0.93933746717412581       -1.4131935212934651E-002 -0.15527499170097134     
  0.94051458179464476       -9.4232277234801293E-003  -5.2600384927546762E-002
  0.94169169641516370       -4.7121951935881505E-003   5.0052643486574282E-002
  0.94286881103568265       -4.1713707657863542E-014  0.15265879521426134     
  0.94404592565620160        4.7121951935042003E-003  0.25519278479252694     
  0.94522304027672055        9.4232277233962086E-003  0.35762934586028539     
  0.94640015489723950        1.4131935212850782E-002  0.45994323738784021     
  0.94757726951775845        1.8837155858751741E-002  0.56210924989669186     
  0.94875438413827740        2.3537728718311498E-002  0.66410221166826444     
  0.94993149875879634        2.8232493995512076E-002  0.76589699493975982     
  0.95110861337931529        3.2920293327271664E-002  0.86746852208600134     
  0.95228572799983424        3.7599970069249145E-002  0.96879177178541498     
  0.95346284262035319        4.2270369581232467E-002   1.0698417851690374     
  0.95463995724087214        4.6930339512027269E-002   1.1705936719507963     
  0.95581707186139109        5.1578730083780687E-002   1.2710226165377361     
  0.95699418648191004        5.6214394375675568E-002   1.3711038841188654     
  0.95817130110242898        6.0836188606911770E-002   1.4708128267309135     
  0.95934841572294793        6.5442972418920636E-002   1.5701248892999327     
  0.96052553034346688        7.0033609156729890E-002   1.6690156156570537     
  0.96170264496398583        7.4606966149414575E-002   1.7674606545271365     
  0.96287975958450478        7.9161914989570425E-002   1.8654357654890330     
  0.96405687420502373        8.3697331811727227E-002   1.9629168249058486     
  0.96523398882554268        8.8212097569649553E-002   2.0598798318241629     
  0.96641110344606163        9.2705098312443029E-002   2.1563009138406164     
  0.96758821806658057        9.7175225459403561E-002   2.2521563329346446     
  0.96876533268709952       0.10162137607354661        2.3474224912661596     
  0.96994244730761847       0.10604245313373629        2.4420759369366176     
  0.97111956192813742       0.11043736580536251        2.5360933697125136     
  0.97229667654865637       0.11480502970948653        2.6294516467097568     
  0.97347379116917532       0.11914436719039379        2.7221277880377972     
  0.97465090578969427       0.12345430758149274        2.8140989824023444     
  0.97582802041021321       0.12773378746948191        2.9053425926652126     
  0.97700513503073216       0.13198175095673470        2.9958361613603657     
  0.97818224965125111       0.13619714992182472        3.0855574161647157     
  0.97935936427177006       0.14037894427813277        3.1744842753225782     
  0.98053647889228901       0.14452610223047588        3.2625948530227196     
  0.98171359351280796       0.14863760052968364        3.3498674647265787     
  0.98289070813332691       0.15271242472507288        3.4362806324468069     
  0.98406782275384586       0.15674956941474669        3.5218130899747324     
  0.98524493737436480       0.16074803849366115        3.6064437880557554     
  0.98642205199488375       0.16470684539940225        3.6901518995116134     
  0.98759916661540270       0.16862501335560207        3.7729168243082127     
  0.98877628123592165       0.17250157561294707        3.8547181945682141     
  0.98995339585644060       0.17633557568770561        3.9355358795269986     
  0.99113051047695955       0.18012606759772906        4.0153499904312469     
  0.99230762509747850       0.18387211609585741        4.0941408853788408     
  0.99348473971799744       0.18757279690067624        4.1718891740991442     
  0.99466185433851639       0.19122719692457221        4.2485757226727188     
  0.99583896895903534       0.19483441449902064        4.3241816581892634     
  0.99701608357955429       0.19839355959706137        4.3986883733429840     
  0.99819319820007324       0.20190375405289845        4.4720775309642518     
  0.99937031282059219       0.20536413177857329        4.5443310684865938     
   1.0005474274411112       0.20877383897766169        4.6154312023481827     
   1.0017245420616303       0.21213203435593234        4.6853604323266165     
   1.0029016566821494       0.21543788932892535        4.7541015458063072     
   1.0040787713026684       0.21869058822639284        4.8216376219773638     
   1.0052558859231875       0.22188932849355333        4.8879520359651156     
   1.0064330005437065       0.22503332088910896        4.9530284628893471     
   1.0076101151642256       0.22812178967998106        5.0168508818523856     
   1.0087872297847447       0.23115397283270922        5.0794035798550805     
   1.0099643444052637       0.23412912220147239        5.1406711556398461     
   1.0111414590257828       0.23704650371268124        5.2006385234598849     
   1.0123185736463018       0.23990539754610196        5.2592909167737645     
   1.0134956882668209       0.24270509831245971        5.3166138918644608     
   1.0146728028873400       0.24544491522748316        5.3725933313820464     
   1.0158499175078590       0.24812417228234565        5.4272154478092425     
   1.0170270321283781       0.25074220841045886        5.4804667868489538     
   1.0182041467488971       0.25329837765058294        5.5323342307330883     
   1.0193812613694162       0.25579204930620675        5.5828050014517672     
   1.0205583759899353       0.25822260810116310        5.6318666639022359     
   1.0217354906104543       0.26058945433143804        5.6795071289566410     
   1.0229126052309734       0.26289200401314039        5.7257146564480363     
   1.0240897198514924       0.26512968902659001        5.7704778580737388     
   1.0252668344720115       0.26730195725649319        5.8137857002154263     
   1.0264439490925306       0.26940827272816820        5.8556275066751917     
   1.0276210637130496       0.27144811573979000        5.8959929613269182     
   1.0287981783335687       0.27342098299061834        5.9348721106822273     
   1.0299752929540877       0.27532638770517992        5.9722553663703772     
   1.0311524075746068       0.27716385975337221        6.0081335075313991     
   1.0323295221951259       0.27893294576646221        6.0424976831219306     
   1.0335066368156449       0.28063320924894763        6.0753394141329764     
   1.0346837514361640       0.28226423068625589        6.1066505957190893     
   1.0358608660566830       0.28382560764825243        6.1364234992383233     
   1.0370379806772021       0.28531695488853548        6.1646507742023982     
   1.0382150952977212       0.28673790443948904        6.1913254501364765     
   1.0393922099182402       0.28808810570307364        6.2164409383480237     
   1.0405693245387593       0.28936722553733074        6.2399910336041833     
   1.0417464391592783       0.29057494833858116        6.2619699157172084     
   1.0429235537797974       0.29171097611929536        6.2823721510373698     
   1.0441006684003165       0.29277502858161730        6.3011926938528919     
   1.0452777830208355       0.29376684318652330        6.3184268876964378     
   1.0464548976413546       0.29468617521860074        6.3340704665577272     
   1.0476320122618736       0.29553279784642683        6.3481195560017776     
   1.0488091268823927       0.29630650217853649        6.3605706741924291     
   1.0499862415029118       0.29700709731496300        6.3714207328207193     
   1.0511633561234308       0.29763441039433958        6.3806670379377373     
   1.0523404707439499       0.29818828663655061        6.3883072906916079     
   1.0535175853644689       0.29866858938092122        6.3943395879682781     
   1.0546946999849880       0.29907520011993616        6.3987624229357642     
   1.0558718146055071       0.29940801852847970        6.4015746854915925     
   1.0570489292260261       0.29966696248858965        6.4027756626131538     
   1.0582260438465452       0.29985196810971859        6.4023650386107400     
   1.0594031584670642       0.29996298974449775        6.4003428952829786     
   1.0605802730875833       0.29999999999999999        6.3967097119745491     
   1.0617573877081024       0.29996298974449859        6.3914663655359183     
   1.0629345023286214       0.29985196810972026        6.3846141301850023     
   1.0641116169491405       0.29966696248859220        6.3761546772705815     
   1.0652887315696595       0.29940801852848303        6.3660900749373717     
   1.0664658461901786       0.29907520011994032        6.3544227876926911     
   1.0676429608106976       0.29866858938092633        6.3411556758746270     
   1.0688200754312167       0.29818828663655655        6.3262919950217142     
   1.0699971900517358       0.29763441039434629        6.3098353951440815     
   1.0711743046722548       0.29700709731497060        6.2917899198961154     
   1.0723514192927739       0.29630650217854493        6.2721600056506635     
   1.0735285339132929       0.29553279784643605        6.2509504804748985     
   1.0747056485338120       0.29468617521861079        6.2281665630078828     
   1.0758827631543311       0.29376684318653423        6.2038138612400182     
   1.0770598777748501       0.29277502858162896        6.1778983711945106     
   1.0782369923953692       0.29171097611930791        6.1504264755110558     
   1.0794141070158882       0.29057494833859449        6.1214049419319414     
   1.0805912216364073       0.28936722553734484        6.0908409216908259     
   1.0817683362569264       0.28808810570308863        6.0587419478044620     
   1.0829454508774454       0.28673790443950498        6.0251159332676654     
   1.0841225654979645       0.28531695488855202        5.9899711691518771     
   1.0852996801184835       0.28382560764826975        5.9533163226076713     
   1.0864767947390026       0.28226423068627404        5.9151604347715683     
   1.0876539093595217       0.28063320924896679        5.8755129185776456     
   1.0888310239800407       0.27893294576648198        5.8343835564743385     
   1.0900081386005598       0.27716385975339275        5.7917824980469517     
   1.0911852532210788       0.27532638770520124        5.7477202575463355     
   1.0923623678415979       0.27342098299064060        5.7022077113243590     
   1.0935394824621170       0.27144811573981281        5.6552560951766733     
   1.0947165970826360       0.26940827272819179        5.6068770015934275     
   1.0958937117031551       0.26730195725651756        5.5570823769184861     
   1.0970708263236741       0.26512968902661532        5.5058845184179326     
   1.0982479409441932       0.26289200401316620        5.4532960712584417     
   1.0994250555647123       0.26058945433146463        5.3993300253963268     
   1.1006021701852313       0.25822260810119041        5.3439997123779168     
   1.1017792848057504       0.25579204930623506        5.2873188020521731     
   1.1029563994262694       0.25329837765061169        5.2293012991962504     
   1.1041335140467885       0.25074220841048828        5.1699615400549126     
   1.1053106286673076       0.24812417228237579        5.1093141887946043     
   1.1064877432878266       0.24544491522751430        5.0473742338731604     
   1.1076648579083457       0.24270509831249121        4.9841569843260043     
   1.1088419725288647       0.23990539754613416        4.9196780659698911     
   1.1100190871493838       0.23704650371271410        4.8539534175250081     
   1.1111962017699029       0.23412912220150589        4.7869992866566475     
   1.1123733163904219       0.23115397283274339        4.7188322259373461     
   1.1135504310109410       0.22812178968001587        4.6494690887306369     
   1.1147275456314600       0.22503332088914443        4.5789270249974114     
   1.1159046602519791       0.22188932849358942        4.5072234770261330     
   1.1170817748724982       0.21869058822642992        4.4343761750879560     
   1.1182588894930172       0.21543788932896271        4.3604031330179343     
   1.1194360041135363       0.21213203435597022        4.2853226437235659     
   1.1206131187340553       0.20877383897770019        4.2091532746217686     
   1.1217902333545744       0.20536413177861240        4.1319138630056704     
   1.1229673479750935       0.20190375405293731        4.0536235113423871     
   1.1241444625956125       0.19839355959710078        3.9743015825031232     
   1.1253215772161316       0.19483441449906019        3.8939676949267930     
   1.1264986918366506       0.19122719692461190        3.8126417177186682     
   1.1276758064571697       0.18757279690071602        3.7303437656852458     
   1.1288529210776888       0.18387211609589726        3.6470941943068089     
   1.1300300356982078       0.18012606759776939        3.5629135946489363     
   1.1312071503187269       0.17633557568774597        3.4778227882145409     
   1.1323842649392459       0.17250157561298704        3.3918428217377090     
   1.1335613795597650       0.16862501335564248        3.3049949619209071     
   1.1347384941802841       0.16470684539944264        3.2173006901168382     
   1.1359156088008031       0.16074803849370192        3.1287816969566378     
   1.1370927234213222       0.15674956941478696        3.0394598769257186     
   1.1382698380418412       0.15271242472511351        2.9493573228889014     
   1.1394469526623603       0.14863760052972422        2.8584963205661769     
   1.1406240672828794       0.14452610223051635        2.7668993429608291     
   1.1418011819033984       0.14037894427817307        2.6745890447413059     
   1.1429782965239175       0.13619714992186491        2.5815882565784962     
   1.1441554111444365       0.13198175095677520        2.4879199794398250     
   1.1453325257649556       0.12773378746952224        2.3936073788419345     
   1.1465096403854746       0.12345430758153238        2.2986737790633724     
   1.1476867550059937       0.11914436719043371        2.2031426573189954     
   1.1488638696265128       0.11480502970952623        2.1070376378975180     
   1.1500409842470318       0.11043736580540246        2.0103824862640280     
   1.1512180988675509       0.10604245313377597        1.9132011031289056     
   1.1523952134880699       0.10162137607358553        1.8155175184848211     
   1.1535723281085890        9.7175225459442696E-002   1.7173558856134892     
   1.1547494427291081        9.2705098312481873E-002   1.6187404750636230     
   1.1559265573496271        8.8212097569688577E-002   1.5196956686019549     
   1.1571036719701462        8.3697331811765419E-002   1.4202459531387566     
   1.1582807865906652        7.9161914989608256E-002   1.3204159146296282     
   1.1594579012111843        7.4606966149452586E-002   1.2202302319550187     
   1.1606350158317034        7.0033609156767512E-002   1.1197136707793132     
   1.1618121304522224        6.5442972418957898E-002   1.0188910773909567     
   1.1629892450727415        6.0836188606948623E-002  0.91778737252536535     
   1.1641663596932605        5.6214394375712018E-002  0.81642754517208571     
   1.1653434743137796        5.1578730083817241E-002  0.71483664636804201     
   1.1665205889342987        4.6930339512062859E-002  0.61303978297832096     
   1.1676977035548177        4.2270369581268147E-002  0.51106211146624769     
   1.1688748181753368        3.7599970069284366E-002  0.40892883165418342     
   1.1700519327958558        3.2920293327306421E-002  0.30666518047689001     
   1.1712290474163749        2.8232493995546358E-002  0.20429642572887646     
   1.1724061620368940        2.3537728718345297E-002  0.10184785980747026     
   1.1735832766574130        1.8837155858785575E-002  -6.5520654697873593E-004
   1.1747603912779321        1.4131935212884117E-002 -0.10318745051194662     
   1.1759375058984511        9.4232277234290295E-003 -0.20572354344323776     
   1.1771146205189702        4.7121951935365008E-003 -0.30823815713343411     
   1.1782917351394893       -9.9415369647093252E-015 -0.41070597006691051     
   1.1794688497600083       -4.7121951935563825E-003 -0.51310167366963177     
   1.1806459643805274       -9.4232277234494368E-003 -0.61539997855237005     
   1.1818230790010464       -1.4131935212903979E-002 -0.71757562074566539     
   1.1830001936215655       -1.8837155858805424E-002 -0.81960336792519350     
   1.1841773082420846       -2.3537728718365118E-002 -0.92145802562578583     
   1.1853544228626036       -2.8232493995566155E-002  -1.0231144434427744     
   1.1865315374831227       -3.2920293327326183E-002  -1.1245475212191050     
   1.1877086521036417       -3.7599970069304101E-002  -1.2257322152166845     
   1.1888857667241608       -4.2270369581287832E-002  -1.3266435442706463     
   1.1900628813446799       -4.6930339512082496E-002  -1.4272565959248642     
   1.1912399959651989       -5.1578730083836830E-002  -1.5275465325474289     
   1.1924171105857180       -5.6214394375731551E-002  -1.6274885974245241     
   1.1935942252062370       -6.0836188606968093E-002  -1.7270581208314595     
   1.1947713398267561       -6.5442972418977299E-002  -1.8262305260792120     
   1.1959484544472752       -7.0033609156786858E-002  -1.9249813355352661     
   1.1971255690677942       -7.4606966149471834E-002  -2.0232861766172245     
   1.1983026836883133       -7.9161914989627449E-002  -2.1211207877579983     
   1.1994797983088323       -8.3697331811784514E-002  -2.2184610243409812     
   1.2006569129293514       -8.8212097569707590E-002  -2.3152828646040593     
   1.2018340275498705       -9.2705098312500775E-002  -2.4115624155109572     
   1.2030111421703895       -9.7175225459461501E-002  -2.5072759185888032     
   1.2041882567909086      -0.10162137607360423       -2.6023997557303709     
   1.2053653714114276      -0.10604245313379408       -2.6969104549598546     
   1.2065424860319467      -0.11043736580542046       -2.7907846961608636     
   1.2077196006524658      -0.11480502970954509       -2.8839993167653586     
   1.2088967152729848      -0.11914436719045245       -2.9765313174021739     
   1.2100738298935039      -0.12345430758155099       -3.0683578675041963     
   1.2112509445140229      -0.12773378746954023       -3.1594563108725291     
   1.2124280591345420      -0.13198175095679304       -3.2498041711967725     
   1.2136051737550611      -0.13619714992188262       -3.3393791575300584     
   1.2147822883755801      -0.14037894427819064       -3.4281591697177007     
   1.2159594029960992      -0.14452610223053325       -3.5161223037782499     
   1.2171365176166182      -0.14863760052974098       -3.6032468572358285     
   1.2183136322371373      -0.15271242472513108       -3.6895113344025727     
   1.2194907468576563      -0.15674956941480436       -3.7748944516099572     
   1.2206678614781754      -0.16074803849371869       -3.8593751423881506     
   1.2218449760986945      -0.16470684539945921       -3.9429325625919116     
   1.2230220907192135      -0.16862501335565888       -4.0255460954722029     
   1.2241992053397326      -0.17250157561300325       -4.1071953566923245     
   1.2253763199602516      -0.17633557568776159       -4.1878601992875124     
   1.2265534345807707      -0.18012606759778485       -4.2675207185669422     
   1.2277305492012898      -0.18387211609591336       -4.3461572569570830     
   1.2289076638218088      -0.18757279690073189       -4.4237504087852813     
   1.2300847784423279      -0.19122719692462720       -4.5002810250027929     
   1.2312618930628469      -0.19483441449907532       -4.5757302178459094     
   1.2324390076833660      -0.19839355959711566       -4.6500793654344186     
   1.2336161223038851      -0.20190375405295199       -4.7233101163063349     
   1.2347932369244041      -0.20536413177862650       -4.7954043938878828     
   1.2359703515449232      -0.20877383897771407       -4.8663444008978249     
   1.2371474661654422      -0.21213203435598466       -4.9361126236851565     
   1.2383245807859613      -0.21543788932897689       -5.0046918364991173     
   1.2395016954064804      -0.21869058822644352       -5.0720651056908528     
   1.2406788100269994      -0.22188932849360279       -5.1382157938454736     
   1.2418559246475185      -0.22503332088915759       -5.2031275638438235     
   1.2430330392680375      -0.22812178968002877       -5.2667843828529666     
   1.2442101538885566      -0.23115397283275607       -5.3291705262445470     
   1.2453872685090757      -0.23412912220151802       -5.3902705814401006     
   1.2465643831295947      -0.23704650371272662       -5.4500694516824897     
   1.2477414977501138      -0.23990539754614643       -5.5085523597325254     
   1.2489186123706328      -0.24270509831250320       -5.5657048514901266     
   1.2500957269911519      -0.24544491522752573       -5.6215127995389151     
   1.2512728416116710      -0.24812417228238695       -5.6759624066136407     
   1.2524499562321900      -0.25074220841049921       -5.7290402089895167     
   1.2536270708527091      -0.25329837765062235       -5.7807330797927241     
   1.2548041854732281      -0.25579204930624516       -5.8310282322312519     
   1.2559813000937472      -0.25822260810120029       -5.8799132227453539     
   1.2571584147142663      -0.26058945433147473       -5.9273759540767958     
   1.2583355293347853      -0.26289200401317608       -5.9734046782561725     
   1.2595126439553044      -0.26512968902662465       -6.0179879995076373     
   1.2606897585758234      -0.26730195725652656       -6.0611148770701595     
   1.2618668731963425      -0.26940827272820056       -6.1027746279347097     
   1.2630439878168616      -0.27144811573982131       -6.1429569294966662     
   1.2642211024373806      -0.27342098299064860       -6.1816518221227330     
   1.2653982170578997      -0.27532638770520890       -6.2188497116316910     
   1.2665753316784187      -0.27716385975340058       -6.2545413716883660     
   1.2677524462989378      -0.27893294576648953       -6.2887179461100766     
   1.2689295609194569      -0.28063320924897378       -6.3213709510851084     
   1.2701066755399759      -0.28226423068628076       -6.3524922773023809     
   1.2712837901604950      -0.28382560764827625       -6.3820741919918600     
   1.2724609047810140      -0.28531695488855818       -6.4101093408750875     
   1.2736380194015331      -0.28673790443951064       -6.4365907500252373     
   1.2748151340220522      -0.28808810570309401       -6.4615118276361754     
   1.2759922486425712      -0.28936722553735023       -6.4848663656999763     
   1.2771693632630903      -0.29057494833859959       -6.5066485415923294     
   1.2783464778836093      -0.29171097611931263       -6.5268529195654423     
   1.2795235925041284      -0.29277502858163329       -6.5454744521478236     
   1.2807007071246475      -0.29376684318653823       -6.5625084814505525     
   1.2818778217451665      -0.29468617521861451       -6.5779507403795883     
   1.2830549363656856      -0.29553279784643949       -6.5917973537536261     
   1.2842320509862046      -0.29630650217854798       -6.6040448393271625     
   1.2854091656067237      -0.29700709731497332       -6.6146901087183148     
   1.2865862802272428      -0.29763441039434890       -6.6237304682410407     
   1.2877633948477618      -0.29818828663655877       -6.6311636196414110     
   1.2889405094682809      -0.29866858938092822       -6.6369876607376046     
   1.2901176240887999      -0.29907520011994193       -6.6412010859632691     
   1.2912947387093190      -0.29940801852848431       -6.6438027868140201     
   1.2924718533298380      -0.29966696248859315       -6.6447920521967472     
   1.2936489679503571      -0.29985196810972092       -6.6441685686815317     
   1.2948260825708762      -0.29996298974449892       -6.6419324206558912     
   1.2960031971913952      -0.29999999999999999       -6.6380840903812146     
   1.2971803118119143      -0.29996298974449742       -6.6326244579511533     
   1.2983574264324333      -0.29985196810971798       -6.6255548011518410     
   1.2995345410529524      -0.29966696248858871       -6.6168767952237930     
   1.3007116556734715      -0.29940801852847843       -6.6065925125254124     
   1.3018887702939905      -0.29907520011993460       -6.5947044220979665     
   1.3030658849145096      -0.29866858938091945       -6.5812153891320397     
   1.3042429995350286      -0.29818828663654856       -6.5661286743353724     
   1.3054201141555477      -0.29763441039433708       -6.5494479332021287     
   1.3065972287760668      -0.29700709731496017       -6.5311772151836056     
   1.3077743433965858      -0.29630650217853338       -6.5113209627603812     
   1.3089514580171049      -0.29553279784642345       -6.4898840104160733     
   1.3101285726376239      -0.29468617521859702       -6.4668715835127237     
   1.3113056872581430      -0.29376684318651930       -6.4422892970679930     
   1.3124828018786621      -0.29277502858161292       -6.4161431544342964     
   1.3136599164991811      -0.29171097611929087       -6.3884395458800904     
   1.3148370311197002      -0.29057494833857611       -6.3591852470735049     
   1.3160141457402192      -0.28936722553732530       -6.3283874174686110     
   1.3171912603607383      -0.28808810570306792       -6.2960535985945123     
   1.3183683749812574      -0.28673790443948316       -6.2621917122476543     
   1.3195454896017764      -0.28531695488852932       -6.2268100585876551     
   1.3207226042222955      -0.28382560764824594       -6.1899173141369959     
   1.3218997188428145      -0.28226423068624912       -6.1515225296849811     
   1.3230768334633336      -0.28063320924894081       -6.1116351280964132     
   1.3242539480838527      -0.27893294576645511       -6.0702649020253938     
   1.3254310627043717      -0.27716385975336444       -6.0274220115347648     
   1.3266081773248908      -0.27532638770517182       -5.9831169816217109     
   1.3277852919454098      -0.27342098299061018       -5.9373606996500019     
   1.3289624065659289      -0.27144811573978150       -5.8901644126895381     
   1.3301395211864480      -0.26940827272815943       -5.8415397247637539     
   1.3313166358069670      -0.26730195725648420       -5.7914985940055024     
   1.3324937504274861      -0.26512968902658096       -5.7400533297221319     
   1.3336708650480051      -0.26289200401313106       -5.6872165893703812     
   1.3348479796685242      -0.26058945433142794       -5.6330013754418902     
   1.3360250942890433      -0.25822260810115272       -5.5774210322600632     
   1.3372022089095623      -0.25579204930619637       -5.5204892426889636     
   1.3383793235300814      -0.25329837765057228       -5.4622200247552453     
   1.3395564381506004      -0.25074220841044792       -5.4026277281838073     
   1.3407335527711195      -0.24812417228233447       -5.3417270308480980     
   1.3419106673916386      -0.24544491522747203       -5.2795329351359772     
   1.3430877820121576      -0.24270509831244833       -5.2160607642320471     
   1.3442648966326767      -0.23990539754608969       -5.1513261583174073     
   1.3454420112531957      -0.23704650371266872       -5.0853450706878895     
   1.3466191258737148      -0.23412912220145959       -5.0181337637915897     
   1.3477962404942339      -0.23115397283269654       -4.9497088051870177     
   1.3489733551147529      -0.22812178967996813       -4.8800870634226872     
   1.3501504697352720      -0.22503332088909581       -4.8092857038393833     
   1.3513275843557910      -0.22188932849353996       -4.7373221842961444     
   1.3525046989763101      -0.21869058822637963       -4.6642142508211695     
   1.3536818135968292      -0.21543788932891192       -4.5899799331887525     
   1.3548589282173482      -0.21213203435591788       -4.5146375404234833     
   1.3560360428378673      -0.20877383897764704       -4.4382056562329888     
   1.3572131574583863      -0.20536413177855845       -4.3607031343702154     
   1.3583902720789054      -0.20190375405288297       -4.2821490939268800     
   1.3595673866994245      -0.19839355959704566       -4.2025629145590688     
   1.3607445013199435      -0.19483441449900429       -4.1219642316464462     
   1.3619216159404626      -0.19122719692455525       -4.0403729313863508     
   1.3630987305609816      -0.18757279690065906       -3.9578091458241476     
   1.3642758451815007      -0.18387211609583876       -3.8742932478211718     
   1.3654529598020198      -0.18012606759771019       -3.7898458459617812     
   1.3666300744225388      -0.17633557568768607       -3.7044877794006177     
   1.3678071890430579      -0.17250157561292687       -3.6182401126519155     
   1.3689843036635769      -0.16862501335558169       -3.5311241303219707     
   1.3701614182840960      -0.16470684539938121       -3.4431613317863792     
   1.3713385329046150      -0.16074803849363986       -3.3543734258134803     
   1.3725156475251341      -0.15674956941472476       -3.2647823251354984     
   1.3736927621456532      -0.15271242472504981       -3.1744101409688672     
   1.3748698767661722      -0.14863760052965988       -3.0832791774853625     
   1.3760469913866913      -0.14452610223045145       -2.9914119262352989     
   1.3772241060072103      -0.14037894427810813       -2.8988310605246901     
   1.3784012206277294      -0.13619714992179940       -2.8055594297476714     
   1.3795783352482485      -0.13198175095670919       -2.7116200536758268     
   1.3807554498687675      -0.12773378746945574       -2.6170361167060001     
   1.3819325644892866      -0.12345430758146586       -2.5218309620681598     
   1.3831096791098056      -0.11914436719036575       -2.4260280859948922     
   1.3842867937303247      -0.11480502970945781       -2.3296511318542366     
   1.3854639083508438      -0.11043736580533361       -2.2327238842471679     
   1.3866410229713628      -0.10604245313370671       -2.1352702630717371     
   1.3878181375918819      -0.10162137607351636       -2.0373143175551904     
   1.3889952522124009       -9.7175225459373155E-002  -1.9388802202557922     
   1.3901723668329200       -9.2705098312411957E-002  -1.8399922610359820     
   1.3913494814534391       -8.8212097569618328E-002  -1.7406748410084534     
   1.3925265960739581       -8.3697331811695336E-002  -1.6409524664568305     
   1.3937037106944772       -7.9161914989536855E-002  -1.5408497427325103     
   1.3948808253149962       -7.4606966149380866E-002  -1.4403913681294624     
   1.3960579399355153       -7.0033609156695528E-002  -1.3396021277382737     
   1.3972350545560344       -6.5442972418886164E-002  -1.2385068872815148     
   1.3984121691765534       -6.0836188606876639E-002  -1.1371305869317332     
   1.3995892837970725       -5.6214394375639805E-002  -1.0354982351138258     
   1.4007663984175915       -5.1578730083744827E-002 -0.93363490229340440     
   1.4019435130381106       -4.6930339511990778E-002 -0.83156571475277319     
   1.4031206276586297       -4.2270369581194844E-002 -0.72931584835611707     
   1.4042977422791487       -3.7599970069210904E-002 -0.62691052230565569     
   1.4054748568996678       -3.2920293327232834E-002 -0.52437499289003286     
   1.4066519715201868       -2.8232493995473180E-002 -0.42173454722699955     
   1.4078290861407059       -2.3537728718272019E-002 -0.31901449700165824     
   1.4090062007612250       -1.8837155858712217E-002 -0.21624017220199052     
   1.4101833153817440       -1.4131935212810696E-002 -0.11343691485323977     
   1.4113604300022631       -9.4232277233560948E-003  -1.0630072752725027E-002
   1.4125375446227821       -4.7121951934624732E-003   9.2155006793361277E-002
