   1.0000000000000000        0.0000000000000000        0.0000000000000000     
   2.0000000000000000       0.29910236260678802        0.0000000000000000     
   3.0000000000000000       -4.6241250325538275E-002   0.0000000000000000     
   4.0000000000000000      -0.29195346143117235        0.0000000000000000     
   5.0000000000000000        9.1377279930206598E-002   0.0000000000000000     
   6.0000000000000000       0.27782652629601146        0.0000000000000000     
   7.0000000000000000      -0.13432928417905918        0.0000000000000000     
   8.0000000000000000      -0.25705920770434859        0.0000000000000000     
   9.0000000000000000       0.17407065923321782        0.0000000000000000     
   10.000000000000000       0.23014786919875288        0.0000000000000000     
   11.000000000000000      -0.20965153909908366        0.0000000000000000     
   12.000000000000000      -0.19773572368400835        0.0000000000000000     
   13.000000000000000       0.24022149855204250        0.0000000000000000     
   14.000000000000000       0.16059745987589480        0.0000000000000000     
   15.000000000000000      -0.26504987930786306        0.0000000000000000     
   16.000000000000000      -0.11962072632216775        0.0000000000000000     
   17.000000000000000       0.28354325362218730        0.0000000000000000     
   18.000000000000000        7.5784915549593171E-002   0.0000000000000000     
   19.000000000000000      -0.29525960791737393        0.0000000000000000     
   20.000000000000000       -3.0137755421083660E-002   0.0000000000000000     
   21.000000000000000       0.29991890743119382        0.0000000000000000     
   22.000000000000000       -1.6229732802738980E-002   0.0000000000000000     
   23.000000000000000      -0.29740978937974372        0.0000000000000000     
   24.000000000000000        6.2209311165528663E-002   0.0000000000000000     
   25.000000000000000       0.28779222466004856        0.0000000000000000     
   26.000000000000000      -0.10670201321664524        0.0000000000000000     
   27.000000000000000      -0.27129608447450193        0.0000000000000000     
   28.000000000000000       0.14864441061260319        0.0000000000000000     
   29.000000000000000       0.24831564613652174        0.0000000000000000     
   30.000000000000000      -0.18703403031561419        0.0000000000000000     
   31.000000000000000      -0.21940016937518120        0.0000000000000000     
   32.000000000000000       0.22095331488803571        0.0000000000000000     
   33.000000000000000       0.18524076837630968        0.0000000000000000     
   34.000000000000000      -0.24959155320327392        0.0000000000000000     
   35.000000000000000      -0.14665389333385034        0.0000000000000000     
   36.000000000000000       0.27226425740314192        0.0000000000000000     
   37.000000000000000       0.10456181632198609        0.0000000000000000     
   38.000000000000000      -0.28842952296941321        0.0000000000000000     
   39.000000000000000       -5.9970587898832396E-002   0.0000000000000000     
   40.000000000000000       0.29770098088445901        0.0000000000000000     
   41.000000000000000        1.3945991305010183E-002   0.0000000000000000     
   42.000000000000000      -0.29985703230896932        0.0000000000000000     
   43.000000000000000        3.2411931019731062E-002   0.0000000000000000     
   44.000000000000000       0.29484614505700935        0.0000000000000000     
   45.000000000000000       -7.7995169755377583E-002   0.0000000000000000     
   46.000000000000000      -0.28278808527637622        0.0000000000000000     
   47.000000000000000       0.12171423143840225        0.0000000000000000     
   48.000000000000000       0.26397105489563411        0.0000000000000000     
   49.000000000000000      -0.16252417864758689        0.0000000000000000     
   50.000000000000000      -0.23884480325623964        0.0000000000000000     
   51.000000000000000       0.19944960524759417        0.0000000000000000     
   52.000000000000000       0.20800987756991712        0.0000000000000000     
   53.000000000000000      -0.23160794975234875        0.0000000000000000     
   54.000000000000000      -0.17220326912810208        0.0000000000000000     
   55.000000000000000       0.25823058959119533        0.0000000000000000     
   56.000000000000000       0.13228079833606826        0.0000000000000000     
   57.000000000000000      -0.27868121209985669        0.0000000000000000     
   58.000000000000000       -8.9196659590313546E-002   0.0000000000000000     
   59.000000000000000       0.29247102314772139        0.0000000000000000     
   60.000000000000000        4.3980614900892029E-002   0.0000000000000000     
   61.000000000000000      -0.29927042989723224        0.0000000000000000     
   62.000000000000000        2.2866186418339478E-003   0.0000000000000000     
   63.000000000000000       0.29891691846357271        0.0000000000000000     
   64.000000000000000       -4.8499199287289817E-002   0.0000000000000000     
   65.000000000000000      -0.29141893818924092        0.0000000000000000     
   66.000000000000000        9.3552591553959369E-002   0.0000000000000000     
   67.000000000000000       0.27695569969474398        0.0000000000000000     
   68.000000000000000      -0.13636996593727563        0.0000000000000000     
   69.000000000000000      -0.25587289153223974        0.0000000000000000     
   70.000000000000000       0.17592793641180601        0.0000000000000000     
   71.000000000000000       0.22867441781918363        0.0000000000000000     
   72.000000000000000      -0.21128102057090661        0.0000000000000000     
   73.000000000000000      -0.19601035433233516        0.0000000000000000     
   74.000000000000000       0.24158423777750071        0.0000000000000000     
   75.000000000000000       0.15866141092576028        0.0000000000000000     
   76.000000000000000      -0.26611330520337823        0.0000000000000000     
   77.000000000000000      -0.11752027163946528        0.0000000000000000     
   78.000000000000000       0.28428194904772625        0.0000000000000000     
   79.000000000000000        7.3570258492195367E-002   0.0000000000000000     
   80.000000000000000      -0.29565591717623801        0.0000000000000000     
   81.000000000000000       -2.7861828919052426E-002   0.0000000000000000     
   82.000000000000000       0.29996335826210785        0.0000000000000000     
   83.000000000000000       -1.8512531406954767E-002   0.0000000000000000     
   84.000000000000000      -0.29710131935513417        0.0000000000000000     
   85.000000000000000        6.4444420278088221E-002   0.0000000000000000     
   86.000000000000000       0.28713820656920552        0.0000000000000000     
   87.000000000000000      -0.10883601107911393        0.0000000000000000     
   88.000000000000000      -0.27031215016054422        0.0000000000000000     
   89.000000000000000       0.15062629214533269        0.0000000000000000     
   90.000000000000000       0.24702531273654532        0.0000000000000000     
   91.000000000000000      -0.18881642619963360        0.0000000000000000     
   92.000000000000000      -0.21783427746599091        0.0000000000000000     
   93.000000000000000       0.22249362374795095        0.0000000000000000     
   94.000000000000000       0.18343674453664122        0.0000000000000000     
   95.000000000000000      -0.25085295983066103        0.0000000000000000     
   96.000000000000000      -0.14465485598210612        0.0000000000000000     
   97.000000000000000       0.27321661268368813        0.0000000000000000     
   98.000000000000000       0.10241554470063358        0.0000000000000000     
   99.000000000000000      -0.28905006448250320        0.0000000000000000     
   100.00000000000000       -5.7728380574649504E-002   0.0000000000000000     
   101.00000000000000       0.29797487695202179        0.0000000000000000     
   102.00000000000000        1.1661439556657898E-002   0.0000000000000000     
   103.00000000000000      -0.29977773649017325        0.0000000000000000     
   104.00000000000000        3.4684223558263422E-002   0.0000000000000000     
   105.00000000000000       0.29441555261596164        0.0000000000000000     
   106.00000000000000       -8.0200892734781690E-002   0.0000000000000000     
   107.00000000000000      -0.28201648788306294        0.0000000000000000     
   108.00000000000000       0.12380066533067011        0.0000000000000000     
   109.00000000000000       0.26287689464280273        0.0000000000000000     
   110.00000000000000      -0.16444145533409268        0.0000000000000000     
   111.00000000000000      -0.23745423187151141        0.0000000000000000     
   112.00000000000000       0.20115189942636175        0.0000000000000000     
   113.00000000000000       0.20635613135848344        0.0000000000000000     
   114.00000000000000      -0.23305457467613730        0.0000000000000000     
   115.00000000000000      -0.17032587458561491        0.0000000000000000     
   116.00000000000000       0.25938696912184028        0.0000000000000000     
   117.00000000000000       0.13022462741851928        0.0000000000000000     
   118.00000000000000      -0.27951970746455901        0.0000000000000000     
   119.00000000000000       -8.7010857221071505E-002   0.0000000000000000     
   120.00000000000000       0.29297159326275768        0.0000000000000000     
   121.00000000000000        4.1717424348752787E-002   0.0000000000000000     
   122.00000000000000      -0.29942111057292320        0.0000000000000000     
   123.00000000000000        4.5731044387276676E-003   0.0000000000000000     
   124.00000000000000       0.29871410824450456        0.0000000000000000     
   125.00000000000000       -5.0754330606819553E-002   0.0000000000000000     
   126.00000000000000      -0.29086748446739846        0.0000000000000000     
   127.00000000000000        9.5722468083199272E-002   0.0000000000000000     
   128.00000000000000       0.27606878290185310        0.0000000000000000     
   129.00000000000000      -0.13840272505389262        0.0000000000000000     
   130.00000000000000      -0.25467170997743482        0.0000000000000000     
   131.00000000000000       0.17777499276223790        0.0000000000000000     
   132.00000000000000       0.22718768123907546        0.0000000000000000     
   133.00000000000000      -0.21289822731793037        0.0000000000000000     
   134.00000000000000      -0.19427359740418479        0.0000000000000000     
   135.00000000000000       0.24293294176199628        0.0000000000000000     
   136.00000000000000       0.15671614430497058        0.0000000000000000     
   137.00000000000000      -0.26716127080067098        0.0000000000000000     
   138.00000000000000      -0.11541298938749125        0.0000000000000000     
   139.00000000000000       0.28500412863724500        0.0000000000000000     
   140.00000000000000        7.1351327281318030E-002   0.0000000000000000     
   141.00000000000000      -0.29603504980935125        0.0000000000000000     
   142.00000000000000       -2.5584283702602441E-002   0.0000000000000000     
   143.00000000000000       0.29999038221926599        0.0000000000000000     
   144.00000000000000       -2.0794254459808204E-002   0.0000000000000000     
   145.00000000000000      -0.29677558873171306        0.0000000000000000     
   146.00000000000000        6.6675785418154318E-002   0.0000000000000000     
   147.00000000000000       0.28646750672350957        0.0000000000000000     
   148.00000000000000      -0.11096368589876400        0.0000000000000000     
   149.00000000000000      -0.26931251157913783        0.0000000000000000     
   150.00000000000000       0.15259942282138028        0.0000000000000000     
   151.00000000000000       0.24572062802687616        0.0000000000000000     
   152.00000000000000      -0.19058785245012219        0.0000000000000000     
   153.00000000000000      -0.21625573006153984        0.0000000000000000     
   154.00000000000000       0.22402100649133264        0.0000000000000000     
   155.00000000000000       0.18162206368729930        0.0000000000000000     
   156.00000000000000      -0.25209979271622057        0.0000000000000000     
   157.00000000000000      -0.14264741460300645        0.0000000000000000     
   158.00000000000000       0.27415309500164703        0.0000000000000000     
   159.00000000000000       0.10026332314231014        0.0000000000000000     
   160.00000000000000      -0.28965381313882704        0.0000000000000000     
   161.00000000000000       -5.5482819354956636E-002   0.0000000000000000     
   162.00000000000000       0.29823146167376785        0.0000000000000000     
   163.00000000000000        9.3762103872352936E-003   0.0000000000000000     
   164.00000000000000      -0.29968102458323920        0.0000000000000000     
   165.00000000000000        3.6954501128108670E-002   0.0000000000000000     
   166.00000000000000       0.29396785560325167        0.0000000000000000     
   167.00000000000000       -8.2401956241675775E-002   0.0000000000000000     
   168.00000000000000      -0.28122850628165064        0.0000000000000000     
   169.00000000000000       0.12587990687953407        0.0000000000000000     
   170.00000000000000       0.26176746209938057        0.0000000000000000     
   171.00000000000000      -0.16634917851850908        0.0000000000000000     
   172.00000000000000      -0.23604986520698595        0.0000000000000000     
   173.00000000000000       0.20284250740040979        0.0000000000000000     
   174.00000000000000       0.20469039651640644        0.0000000000000000     
   175.00000000000000      -0.23448765981647868        0.0000000000000000     
   176.00000000000000      -0.16843858470503723        0.0000000000000000     
   177.00000000000000       0.26052827916711713        0.0000000000000000     
   178.00000000000000       0.12816089085152860        0.0000000000000000     
   179.00000000000000      -0.28034196366314679        0.0000000000000000     
   180.00000000000000       -8.4819999843830124E-002   0.0000000000000000     
   181.00000000000000       0.29345514271736778        0.0000000000000000     
   182.00000000000000        3.9451810118345386E-002   0.0000000000000000     
   183.00000000000000      -0.29955439586950339        0.0000000000000000     
   184.00000000000000        6.8593245185433124E-003   0.0000000000000000     
   185.00000000000000       0.29849394372249277        0.0000000000000000     
   186.00000000000000       -5.3006513302871060E-002   0.0000000000000000     
   187.00000000000000      -0.29029913231130822        0.0000000000000000     
   188.00000000000000        9.7886783422301532E-002   0.0000000000000000     
   189.00000000000000       0.27516582740325007        0.0000000000000000     
   190.00000000000000      -0.14042744346322641        0.0000000000000000     
   191.00000000000000      -0.25345573291733409        0.0000000000000000     
   192.00000000000000       0.17961172094870734        0.0000000000000000     
   193.00000000000000       0.22568774576445633        0.0000000000000000     
   194.00000000000000      -0.21450306541023634        0.0000000000000000     
   195.00000000000000      -0.19252555382562783        0.0000000000000000     
   196.00000000000000       0.24426753213003669        0.0000000000000000     
   197.00000000000000       0.15476177293770871        0.0000000000000000     
   198.00000000000000      -0.26819371523207441        0.0000000000000000     
   199.00000000000000      -0.11329900215372260        0.0000000000000000     
   200.00000000000000       0.28570975042385999        0.0000000000000000     
   201.00000000000000        6.9128250727721371E-002   0.0000000000000000     
   202.00000000000000      -0.29639698379576479        0.0000000000000000     
   203.00000000000000       -2.3305252124290046E-002   0.0000000000000000     
   204.00000000000000       0.29999997773265275        0.0000000000000000     
   205.00000000000000       -2.3074769505296275E-002   0.0000000000000000     
   206.00000000000000      -0.29643261642797675        0.0000000000000000     
   207.00000000000000        6.8903276780698255E-002   0.0000000000000000     
   208.00000000000000       0.28578016406866763        0.0000000000000000     
   209.00000000000000      -0.11308491416210417        0.0000000000000000     
   210.00000000000000      -0.26829722683577767        0.0000000000000000     
   211.00000000000000       0.15456368797807446        0.0000000000000000     
   212.00000000000000       0.24440166776616024        0.0000000000000000     
   213.00000000000000      -0.19234820623401691        0.0000000000000000     
   214.00000000000000      -0.21466461891782501        0.0000000000000000     
   215.00000000000000       0.22553537426657694        0.0000000000000000     
   216.00000000000000       0.17979683120026130        0.0000000000000000     
   217.00000000000000      -0.25333197947990121        0.0000000000000000     
   218.00000000000000      -0.14063168588315883        0.0000000000000000     
   219.00000000000000       0.27507364993584144        0.0000000000000000     
   220.00000000000000        9.8105276618459233E-002   0.0000000000000000     
   221.00000000000000      -0.29024073388987315        0.0000000000000000     
   222.00000000000000       -5.3234034767837626E-002   0.0000000000000000     
   223.00000000000000       0.29847072012457448        0.0000000000000000     
   224.00000000000000        7.0904364911811351E-003   0.0000000000000000     
   225.00000000000000      -0.29956690220197713        0.0000000000000000     
   226.00000000000000        3.9222631764244155E-002   0.0000000000000000     
   227.00000000000000       0.29350308003503389        0.0000000000000000     
   228.00000000000000       -8.4598232469039747E-002   0.0000000000000000     
   229.00000000000000      -0.28042418621477094        0.0000000000000000     
   230.00000000000000       0.12795183522412765        0.0000000000000000     
   231.00000000000000       0.26064282180547726        0.0000000000000000     
   232.00000000000000      -0.16824723725279764        0.0000000000000000     
   233.00000000000000      -0.23463178478703550        0.0000000000000000     
   234.00000000000000       0.20452133089885635        0.0000000000000000     
   235.00000000000000       0.20301276984251121        0.0000000000000000     
   236.00000000000000      -0.23590712209099146        0.0000000000000000     
   237.00000000000000      -0.16654150904493711        0.0000000000000000     
   238.00000000000000       0.26165445338515197        0.0000000000000000     
   239.00000000000000       0.12608970868943917        0.0000000000000000     
   240.00000000000000      -0.28114793287652673        0.0000000000000000     
   241.00000000000000       -8.2624214639621607E-002   0.0000000000000000     
   242.00000000000000       0.29392164340338495        0.0000000000000000     
   243.00000000000000        3.7183903868874858E-002   0.0000000000000000     
   244.00000000000000      -0.29967027805982560        0.0000000000000000     
   245.00000000000000        9.1451461642401526E-003   0.0000000000000000     
   246.00000000000000       0.29825643769429439        0.0000000000000000     
   247.00000000000000       -5.5255616359340544E-002   0.0000000000000000     
   248.00000000000000      -0.28971391477660902        0.0000000000000000     
   249.00000000000000       0.10004541193077869        0.0000000000000000     
   250.00000000000000       0.27424688568449551        0.0000000000000000     
   251.00000000000000      -0.14244400350475811        0.0000000000000000     
   252.00000000000000      -0.25222503084758846        0.0000000000000000     
   253.00000000000000       0.18143801434733264        0.0000000000000000     
   254.00000000000000       0.22417469858180522        0.0000000000000000     
   255.00000000000000      -0.21609544149036933        0.0000000000000000     
   256.00000000000000      -0.19076632526000381        0.0000000000000000     
   257.00000000000000       0.24558793140718405        0.0000000000000000     
   258.00000000000000       0.15279841042573758        0.0000000000000000     
   259.00000000000000      -0.26921057849987401        0.0000000000000000     
   260.00000000000000      -0.11117843249549290        0.0000000000000000     
   261.00000000000000       0.28639877344524262        0.0000000000000000     
   262.00000000000000        6.6901158052481799E-002   0.0000000000000000     
   263.00000000000000      -0.29674169808186168        0.0000000000000000     
   264.00000000000000       -2.1024866727631254E-002   0.0000000000000000     
   265.00000000000000       0.29999214424484100        0.0000000000000000     
   266.00000000000000       -2.5353943983357281E-002   0.0000000000000000     
   267.00000000000000      -0.29607242237431947        0.0000000000000000     
   268.00000000000000        7.1126765228042371E-002   0.0000000000000000     
   269.00000000000000       0.28507621851524501        0.0000000000000000     
   270.00000000000000      -0.11519957256773099        0.0000000000000000     
   271.00000000000000      -0.26726635497858781        0.0000000000000000     
   272.00000000000000       0.15651897337895906        0.0000000000000000     
   273.00000000000000       0.24306850854066117        0.0000000000000000     
   274.00000000000000      -0.19409738522633360        0.0000000000000000     
   275.00000000000000      -0.21306103647311631        0.0000000000000000     
   276.00000000000000       0.22703663927898302        0.0000000000000000     
   277.00000000000000       0.17796115305923041        0.0000000000000000     
   278.00000000000000      -0.25454944849743721        0.0000000000000000     
   279.00000000000000      -0.13860778705359703        0.0000000000000000     
   280.00000000000000       0.27597822395031463        0.0000000000000000     
   281.00000000000000        9.5941530438223774E-002   0.0000000000000000     
   282.00000000000000      -0.29081079261879722        0.0000000000000000     
   283.00000000000000       -5.0982157460203917E-002   0.0000000000000000     
   284.00000000000000       0.29869263843355492        0.0000000000000000     
   285.00000000000000        4.8042505945144372E-003   0.0000000000000000     
   286.00000000000000      -0.29943537597920639        0.0000000000000000     
   287.00000000000000        4.1488483557461271E-002   0.0000000000000000     
   288.00000000000000       0.29302125294318104        0.0000000000000000     
   289.00000000000000       -8.6789593887393518E-002   0.0000000000000000     
   290.00000000000000      -0.27960357443456718        0.0000000000000000     
   291.00000000000000       0.13001632999229934        0.0000000000000000     
   292.00000000000000       0.25950303896154125        0.0000000000000000     
   293.00000000000000      -0.17013552149796959        0.0000000000000000     
   294.00000000000000      -0.23320007304010829        0.0000000000000000     
   295.00000000000000       0.20618827228616121        0.0000000000000000     
   296.00000000000000       0.20132334890490297        0.0000000000000000     
   297.00000000000000      -0.23731287894566833        0.0000000000000000     
   298.00000000000000      -0.16463475787660584        0.0000000000000000     
   299.00000000000000       0.26276542634896533        0.0000000000000000     
   300.00000000000000       0.12401120100798227        0.0000000000000000     
   301.00000000000000      -0.28193756837904388        0.0000000000000000     
   302.00000000000000       -8.0423629243116204E-002   0.0000000000000000     
   303.00000000000000       0.29437106819173492        0.0000000000000000     
   304.00000000000000        3.4913837496906797E-002   0.0000000000000000     
   305.00000000000000      -0.29976875040284534        0.0000000000000000     
   306.00000000000000        1.1430436507335650E-002   0.0000000000000000     
   307.00000000000000       0.29800160395822034        0.0000000000000000     
   308.00000000000000       -5.7501509385623387E-002   0.0000000000000000     
   309.00000000000000      -0.28911186579098946        0.0000000000000000     
   310.00000000000000       0.10219822813328978        0.0000000000000000     
   311.00000000000000       0.27331201119064957        0.0000000000000000     
   312.00000000000000      -0.14445228790061315        0.0000000000000000     
   313.00000000000000      -0.25097967534173521        0.0000000000000000     
   314.00000000000000       0.18325376680027225        0.0000000000000000     
   315.00000000000000       0.22264862759413531        0.0000000000000000     
   316.00000000000000      -0.21767526324113709        0.0000000000000000     
   317.00000000000000      -0.18899601369769314        0.0000000000000000     
   318.00000000000000       0.24689406284164508        0.0000000000000000     
   319.00000000000000       0.15082617095465398        0.0000000000000000     
   320.00000000000000      -0.27021180146700402        0.0000000000000000     
   321.00000000000000      -0.10905140373979913        0.0000000000000000     
   322.00000000000000       0.28707115764963753        0.0000000000000000     
   323.00000000000000        6.4670178642282763E-002   0.0000000000000000     
   324.00000000000000      -0.29706917268300664        0.0000000000000000     
   325.00000000000000       -1.8743259716808396E-002   0.0000000000000000     
   326.00000000000000       0.29996688221037104        0.0000000000000000     
   327.00000000000000       -2.7631645342423551E-002   0.0000000000000000     
   328.00000000000000      -0.29569502752040017        0.0000000000000000     
   329.00000000000000        7.3346121446692503E-002   0.0000000000000000     
   330.00000000000000       0.28435571098088108        0.0000000000000000     
   331.00000000000000      -0.11730753826101845        0.0000000000000000     
   332.00000000000000      -0.26621995577183916        0.0000000000000000     
   333.00000000000000       0.15846516566735855        0.0000000000000000     
   334.00000000000000       0.24172122784257188        0.0000000000000000     
   335.00000000000000      -0.19583528769975805        0.0000000000000000     
   336.00000000000000      -0.21144507589022485        0.0000000000000000     
   337.00000000000000       0.22852471421712650        0.0000000000000000     
   338.00000000000000       0.17611513607969340        0.0000000000000000     
   339.00000000000000      -0.25575212903792455        0.0000000000000000     
   340.00000000000000      -0.13657583544882526        0.0000000000000000     
   341.00000000000000       0.27686676465664184        0.0000000000000000     
   342.00000000000000        9.3772210373899073E-002   0.0000000000000000     
   343.00000000000000      -0.29136395617380362        0.0000000000000000     
   344.00000000000000       -4.8727318258643730E-002   0.0000000000000000     
   345.00000000000000       0.29889720369284634        0.0000000000000000     
   346.00000000000000        2.5177857265469661E-003   0.0000000000000000     
   347.00000000000000      -0.29928645355616351        0.0000000000000000     
   348.00000000000000        4.3751925146155911E-002   0.0000000000000000     
   349.00000000000000       0.29252240229236925        0.0000000000000000     
   350.00000000000000       -8.8975913118758285E-002   0.0000000000000000     
   351.00000000000000      -0.27876671866747821        0.0000000000000000     
   352.00000000000000       0.13207327124376381        0.0000000000000000     
   353.00000000000000       0.25834817985341219        0.0000000000000000     
   354.00000000000000      -0.17201392132027693        0.0000000000000000     
   355.00000000000000      -0.23175481314389906        0.0000000000000000     
   356.00000000000000       0.20784323492224607        0.0000000000000000     
   357.00000000000000       0.19962223154261829        0.0000000000000000     
   358.00000000000000      -0.23870484871070755        0.0000000000000000     
   359.00000000000000      -0.16271844209331379        0.0000000000000000     
   360.00000000000000       0.26386113351471979        0.0000000000000000     
   361.00000000000000       0.12192548868785612        0.0000000000000000     
   362.00000000000000      -0.28271082419902288        0.0000000000000000     
   363.00000000000000       -7.8218371501012518E-002   0.0000000000000000     
   364.00000000000000       0.29480339102724434        0.0000000000000000     
   365.00000000000000        3.2641742747252331E-002   0.0000000000000000     
   366.00000000000000      -0.29984980717764675        0.0000000000000000     
   367.00000000000000        1.3715062640502941E-002   0.0000000000000000     
   368.00000000000000       0.29772945731926392        0.0000000000000000     
   369.00000000000000       -5.9744061765297757E-002   0.0000000000000000     
   370.00000000000000      -0.28849302040505270        0.0000000000000000     
   371.00000000000000       0.10434510695836757        0.0000000000000000     
   372.00000000000000       0.27236125812058509        0.0000000000000000     
   373.00000000000000      -0.14645218034344740        0.0000000000000000     
   374.00000000000000      -0.24971973875079068        0.0000000000000000     
   375.00000000000000       0.18505887270839019        0.0000000000000000     
   376.00000000000000       0.22110962146109961        0.0000000000000000     
   377.00000000000000      -0.21924243878248062        0.0000000000000000     
   378.00000000000000      -0.18721472220420918        0.0000000000000000     
   379.00000000000000       0.24818585055152401        0.0000000000000000     
   380.00000000000000       0.14884516886403715        0.0000000000000000     
   381.00000000000000      -0.27119732602834451        0.0000000000000000     
   382.00000000000000      -0.10691803945994353        0.0000000000000000     
   383.00000000000000       0.28772686393420788        0.0000000000000000     
   384.00000000000000        6.2435442109614075E-002   0.0000000000000000     
   385.00000000000000      -0.29737938855242763        0.0000000000000000     
   386.00000000000000       -1.6460563924370824E-002   0.0000000000000000     
   387.00000000000000       0.29992419309688317        0.0000000000000000     
   388.00000000000000       -2.9907741533918456E-002   0.0000000000000000     
   389.00000000000000      -0.29530045372086317        0.0000000000000000     
   390.00000000000000        7.5561216499427611E-002   0.0000000000000000     
   391.00000000000000       0.28361868337020041        0.0000000000000000     
   392.00000000000000      -0.11940868877616490        0.0000000000000000     
   393.00000000000000      -0.26515809007035224        0.0000000000000000     
   394.00000000000000       0.16040215153818482        0.0000000000000000     
   395.00000000000000       0.24035990394442380        0.0000000000000000     
   396.00000000000000      -0.19756181290027922        0.0000000000000000     
   397.00000000000000      -0.20981683125078665        0.0000000000000000     
   398.00000000000000       0.22999951262879859        0.0000000000000000     
   399.00000000000000       0.17425888728354472        0.0000000000000000     
   400.00000000000000      -0.25693995122962054        0.0000000000000000     
   401.00000000000000      -0.13453594924187756        0.0000000000000000     
   402.00000000000000       0.27773922016362379        0.0000000000000000     
   403.00000000000000        9.1597442455771921E-002   0.0000000000000000     
   404.00000000000000      -0.29190019248551691        0.0000000000000000     
   405.00000000000000       -4.6469648161821475E-002   0.0000000000000000     
   406.00000000000000       0.29908440401788694        0.0000000000000000     
   407.00000000000000        2.3117444391532020E-004   0.0000000000000000     
   408.00000000000000      -0.29912014358474631        0.0000000000000000     
   409.00000000000000        4.6012824893394290E-002   0.0000000000000000     
   410.00000000000000       0.29200655703212691        0.0000000000000000     
   411.00000000000000       -9.1157063145252223E-002   0.0000000000000000     
   412.00000000000000      -0.27791366742979096        0.0000000000000000     
   413.00000000000000       0.13412253922715045        0.0000000000000000     
   414.00000000000000       0.25717831157456644        0.0000000000000000     
   415.00000000000000      -0.17388232782044627        0.0000000000000000     
   416.00000000000000      -0.23029608906320492        0.0000000000000000     
   417.00000000000000       0.20948612255707866        0.0000000000000000     
   418.00000000000000       0.19790951710560375        0.0000000000000000     
   419.00000000000000      -0.24008295051729148        0.0000000000000000     
   420.00000000000000      -0.16079267279249287        0.0000000000000000     
   421.00000000000000       0.26494151122547033        0.0000000000000000     
   422.00000000000000       0.11983269290201534        0.0000000000000000     
   423.00000000000000      -0.28346765550735131        0.0000000000000000     
   424.00000000000000       -7.6008569531456890E-002   0.0000000000000000     
   425.00000000000000       0.29521858676541446        0.0000000000000000     
   426.00000000000000        3.0367751482068925E-002   0.0000000000000000     
   427.00000000000000      -0.29991344367510059        0.0000000000000000     
   428.00000000000000        1.5998892113705136E-002   0.0000000000000000     
   429.00000000000000       0.29744001362466266        0.0000000000000000     
   430.00000000000000       -6.1983143213522732E-002   0.0000000000000000     
   431.00000000000000      -0.28785741449604474        0.0000000000000000     
   432.00000000000000       0.10648592367948677        0.0000000000000000     
   433.00000000000000       0.27139468176652443        0.0000000000000000     
   434.00000000000000      -0.14844356403605466        0.0000000000000000     
   435.00000000000000      -0.24844529427288384        0.0000000000000000     
   436.00000000000000       0.18685322742159052        0.0000000000000000     
   437.00000000000000       0.21955776959384010        0.0000000000000000     
   438.00000000000000      -0.22079687706670903        0.0000000000000000     
   439.00000000000000      -0.18542255404901947        0.0000000000000000     
   440.00000000000000       0.24946321948824762        0.0000000000000000     
   441.00000000000000       0.14685551936374591        0.0000000000000000     
   442.00000000000000      -0.27216709498696445        0.0000000000000000     
   443.00000000000000      -0.10477846359730128        0.0000000000000000     
   444.00000000000000       0.28836585428471573        0.0000000000000000     
   445.00000000000000        6.0197078558956181E-002   0.0000000000000000     
   446.00000000000000      -0.29767232766761359        0.0000000000000000     
   447.00000000000000       -1.4176911688444893E-002   0.0000000000000000     
   448.00000000000000       0.29986407938447301        0.0000000000000000     
   449.00000000000000       -3.2182100185018499E-002   0.0000000000000000     
   450.00000000000000      -0.29488872402123245        0.0000000000000000     
   451.00000000000000        7.7771921696586255E-002   0.0000000000000000     
   452.00000000000000       0.28286517841200348        0.0000000000000000     
   453.00000000000000      -0.12150290204330780        0.0000000000000000     
   454.00000000000000      -0.26408081956499546        0.0000000000000000     
   455.00000000000000       0.16232981869566823        0.0000000000000000     
   456.00000000000000       0.23898461593461132        0.0000000000000000     
   457.00000000000000      -0.19927686041600071        0.0000000000000000     
   458.00000000000000      -0.20817639675250704        0.0000000000000000     
   459.00000000000000       0.23146094883311252        0.0000000000000000     
   460.00000000000000       0.17239251462513536        0.0000000000000000     
   461.00000000000000      -0.25811284592160583        0.0000000000000000     
   462.00000000000000      -0.13248824694336364        0.0000000000000000     
   463.00000000000000       0.27859554005247267        0.0000000000000000     
   464.00000000000000        8.9417353030631183E-002   0.0000000000000000     
   465.00000000000000      -0.29241947036607840        0.0000000000000000     
   466.00000000000000       -4.4209278609213601E-002   0.0000000000000000     
   467.00000000000000       0.29925422853296002        0.0000000000000000     
   468.00000000000000       -2.0554502691832871E-003   0.0000000000000000     
   469.00000000000000      -0.29893645572701150        0.0000000000000000     
   470.00000000000000        4.8271051448414419E-002   0.0000000000000000     
   471.00000000000000       0.29147374716130603        0.0000000000000000     
   472.00000000000000       -9.3332917249307104E-002   0.0000000000000000     
   473.00000000000000      -0.27704447033157820        0.0000000000000000     
   474.00000000000000       0.13616401538758310        0.0000000000000000     
   475.00000000000000       0.25599350209046334        0.0000000000000000     
   476.00000000000000      -0.17574063233520842        0.0000000000000000     
   477.00000000000000      -0.22882398572573254        0.0000000000000000     
   478.00000000000000       0.21111683974434703        0.0000000000000000     
   479.00000000000000       0.19618530457476652        0.0000000000000000     
   480.00000000000000      -0.24144710430228489        0.0000000000000000     
   481.00000000000000      -0.15885756197172282        0.0000000000000000     
   482.00000000000000       0.26600649658567810        0.0000000000000000     
   483.00000000000000       0.11773293523494037        0.0000000000000000     
   484.00000000000000      -0.28420801828690362        0.0000000000000000     
   485.00000000000000       -7.3794351716600287E-002   0.0000000000000000     
   486.00000000000000       0.29561663128475263        0.0000000000000000     
   487.00000000000000        2.8091995951441382E-002   0.0000000000000000     
   488.00000000000000      -0.29995965619813780        0.0000000000000000     
   489.00000000000000        1.8281792104442435E-002   0.0000000000000000     
   490.00000000000000       0.29713328961940128        0.0000000000000000     
   491.00000000000000       -6.4218623647107051E-002   0.0000000000000000     
   492.00000000000000      -0.28720508502785141        0.0000000000000000     
   493.00000000000000       0.10862055366187003        0.0000000000000000     
   494.00000000000000       0.27041233828334155        0.0000000000000000     
   495.00000000000000      -0.15042632389473592        0.0000000000000000     
   496.00000000000000      -0.24715641594900367        0.0000000000000000     
   497.00000000000000       0.18863672658322117        0.0000000000000000     
   498.00000000000000       0.21799316234174276        0.0000000000000000     
   499.00000000000000      -0.22233848778612356        0.0000000000000000     
   500.00000000000000      -0.18361961345962866        0.0000000000000000     
   501.00000000000000       0.25072609544092561        0.0000000000000000     
   502.00000000000000       0.14485733804580422        0.0000000000000000     
   503.00000000000000      -0.27312105194182085        0.0000000000000000     
   504.00000000000000      -0.10263280045411982        0.0000000000000000     
   505.00000000000000       0.28898809153737604        0.0000000000000000     
   506.00000000000000        5.7955217484799634E-002   0.0000000000000000     
   507.00000000000000      -0.29794797300977532        0.0000000000000000     
   508.00000000000000       -1.1892435821062039E-002   0.0000000000000000     
   509.00000000000000       0.29978654457608539        0.0000000000000000     
   510.00000000000000       -3.4454589163044128E-002   0.0000000000000000     
   511.00000000000000      -0.29445986221743886        0.0000000000000000     
   512.00000000000000        7.9978108603543013E-002   0.0000000000000000     
   513.00000000000000       0.28209523992694757        0.0000000000000000     
   514.00000000000000      -0.12359005614102982        0.0000000000000000     
   515.00000000000000      -0.26298820684160523        0.0000000000000000     
   516.00000000000000       0.16424805503013371        0.0000000000000000     
   517.00000000000000       0.23759544371279764        0.0000000000000000     
   518.00000000000000      -0.20098033060836126        0.0000000000000000     
   519.00000000000000      -0.20652386789737989        0.0000000000000000     
   520.00000000000000       0.23290893792548148        0.0000000000000000     
   521.00000000000000       0.17051612653451453        0.0000000000000000     
   522.00000000000000      -0.25927074525921923        0.0000000000000000     
   523.00000000000000      -0.13043284751798218        0.0000000000000000     
   524.00000000000000       0.27943567446626255        0.0000000000000000     
   525.00000000000000        8.7232069021752276E-002   0.0000000000000000     
   526.00000000000000      -0.29292175964716882        0.0000000000000000     
   527.00000000000000       -4.1946340368408559E-002   0.0000000000000000     
   528.00000000000000       0.29940666737182559        0.0000000000000000     
   529.00000000000000       -4.3419555674518492E-003   0.0000000000000000     
   530.00000000000000      -0.29873540068023996        0.0000000000000000     
   531.00000000000000        5.0526473615757926E-002   0.0000000000000000     
   532.00000000000000       0.29092400363438953        0.0000000000000000     
   533.00000000000000       -9.5503349021030151E-002   0.0000000000000000     
   534.00000000000000      -0.27615917787030275        0.0000000000000000     
   535.00000000000000       0.13819758087121684        0.0000000000000000     
   536.00000000000000       0.25479382023459668        0.0000000000000000     
   537.00000000000000      -0.17758872690324648        0.0000000000000000     
   538.00000000000000      -0.22733858829605305        0.0000000000000000     
   539.00000000000000       0.21273529174480163        0.0000000000000000     
   540.00000000000000       0.19444969432968903        0.0000000000000000     
   541.00000000000000      -0.24279723064877901        0.0000000000000000     
   542.00000000000000      -0.15691322205451161        0.0000000000000000     
   543.00000000000000       0.26705602798348554        0.0000000000000000     
   544.00000000000000       0.11562633767557387        0.0000000000000000     
   545.00000000000000      -0.28493186952506278        0.0000000000000000     
   546.00000000000000       -7.1575846966467696E-002   0.0000000000000000     
   547.00000000000000       0.29599750146019516        0.0000000000000000     
   548.00000000000000        2.5814608369203299E-002   0.0000000000000000     
   549.00000000000000      -0.29998844206196446        0.0000000000000000     
   550.00000000000000        2.0563629983811824E-002   0.0000000000000000     
   551.00000000000000       0.29680930315743514        0.0000000000000000     
   552.00000000000000       -6.6450373192066328E-002   0.0000000000000000     
   553.00000000000000      -0.28653606989864694        0.0000000000000000     
   554.00000000000000       0.11074887341225280        0.0000000000000000     
   555.00000000000000       0.26941428474192830        0.0000000000000000     
   556.00000000000000      -0.15240034448388992        0.0000000000000000     
   557.00000000000000      -0.24585317881880986        0.0000000000000000     
   558.00000000000000       0.19040926657790769        0.0000000000000000     
   559.00000000000000       0.21641589022094335        0.0000000000000000     
   560.00000000000000      -0.22386718137826453        0.0000000000000000     
   561.00000000000000      -0.18180600518089349        0.0000000000000000     
   562.00000000000000       0.25197440488902806        0.0000000000000000     
   563.00000000000000       0.14285074099790648        0.0000000000000000     
   564.00000000000000      -0.27405914147118499        0.0000000000000000     
   565.00000000000000      -0.10048117468629737        0.0000000000000000     
   566.00000000000000       0.28959353954227218        0.0000000000000000     
   567.00000000000000        5.5709989405101801E-002   0.0000000000000000     
   568.00000000000000      -0.29820630856483460        0.0000000000000000     
   569.00000000000000       -9.6072690426784683E-003   0.0000000000000000     
   570.00000000000000       0.29969159315728761        0.0000000000000000     
   571.00000000000000       -3.6725076443937549E-002   0.0000000000000000     
   572.00000000000000      -0.29401389327418825        0.0000000000000000     
   573.00000000000000        8.2179648779460518E-002   0.0000000000000000     
   574.00000000000000       0.28130891264590008        0.0000000000000000     
   575.00000000000000      -0.12567003032265575        0.0000000000000000     
   576.00000000000000      -0.26188031537734990        0.0000000000000000     
   577.00000000000000       0.16615674909842482        0.0000000000000000     
   578.00000000000000       0.23619246815753714        0.0000000000000000     
   579.00000000000000      -0.20267212451140368        0.0000000000000000     
   580.00000000000000      -0.20485934069184017        0.0000000000000000     
   581.00000000000000       0.23434339578255103        0.0000000000000000     
   582.00000000000000       0.16862983202359472        0.0000000000000000     
   583.00000000000000      -0.26041358182813173        0.0000000000000000     
   584.00000000000000      -0.12836987037760939        0.0000000000000000     
   585.00000000000000       0.28025957459597595        0.0000000000000000     
   586.00000000000000        8.5041716852851904E-002   0.0000000000000000     
   587.00000000000000      -0.29340703114745020        0.0000000000000000     
   588.00000000000000       -3.9680965184622594E-002   0.0000000000000000     
   589.00000000000000       0.29954171166285609        0.0000000000000000     
   590.00000000000000       -6.6282086125309643E-003   0.0000000000000000     
   591.00000000000000      -0.29851699007592958        0.0000000000000000     
   592.00000000000000        5.2778960362891994E-002   0.0000000000000000     
   593.00000000000000       0.29035735838964938        0.0000000000000000     
   594.00000000000000       -9.7668232101372654E-002   0.0000000000000000     
   595.00000000000000      -0.27525784147851468        0.0000000000000000     
   596.00000000000000       0.14022311753465486        0.0000000000000000     
   597.00000000000000       0.25357933570449548        0.0000000000000000     
   598.00000000000000      -0.17942650415640748        0.0000000000000000     
   599.00000000000000      -0.22583998324987647        0.0000000000000000     
   600.00000000000000       0.21434138453175969        0.0000000000000000     
   601.00000000000000       0.19270278720355874        0.0000000000000000     
   602.00000000000000      -0.24413325144885284        0.0000000000000000     
   603.00000000000000      -0.15495976600054701        0.0000000000000000     
   604.00000000000000       0.26809004431353745        0.0000000000000000     
   605.00000000000000       0.11351302286885750        0.0000000000000000     
   606.00000000000000      -0.28563916716847720        0.0000000000000000     
   607.00000000000000       -6.9353183626672282E-002   0.0000000000000000     
   608.00000000000000       0.29636117516445037        0.0000000000000000     
   609.00000000000000        2.3535721044005087E-002   0.0000000000000000     
   610.00000000000000      -0.29999979959389445        0.0000000000000000     
   611.00000000000000        2.2844273184615422E-002   0.0000000000000000     
   612.00000000000000       0.29646807306130080        0.0000000000000000     
   613.00000000000000       -6.8678262191168488E-002   0.0000000000000000     
   614.00000000000000      -0.28585040797598704        0.0000000000000000     
   615.00000000000000       0.11287075902112678        0.0000000000000000     
   616.00000000000000       0.26840057912587889        0.0000000000000000     
   617.00000000000000      -0.15436551111948041        0.0000000000000000     
   618.00000000000000      -0.24453565827757426        0.0000000000000000     
   619.00000000000000       0.19217074442696683        0.0000000000000000     
   620.00000000000000       0.21482604505610714        0.0000000000000000     
   621.00000000000000      -0.22538286884671579        0.0000000000000000     
   622.00000000000000      -0.17998183457742808        0.0000000000000000     
   623.00000000000000       0.25320807561497627        0.0000000000000000     
   624.00000000000000       0.14083584479667294        0.0000000000000000     
   625.00000000000000      -0.27498130907517249        0.0000000000000000     
   626.00000000000000       -9.8323711560105428E-002   0.0000000000000000     
   627.00000000000000       0.29018216312488720        0.0000000000000000     
   628.00000000000000        5.3461524760152819E-002   0.0000000000000000     
   629.00000000000000      -0.29844731932435409        0.0000000000000000     
   630.00000000000000       -7.3215441138900286E-003   0.0000000000000000     
   631.00000000000000       0.29957923065285097        0.0000000000000000     
   632.00000000000000       -3.8993430119932955E-002   0.0000000000000000     
   633.00000000000000      -0.29355084310079416        0.0000000000000000     
   634.00000000000000        8.4376414860165352E-002   0.0000000000000000     
   635.00000000000000       0.28050624225186288        0.0000000000000000     
   636.00000000000000      -0.12774270349314176        0.0000000000000000     
   637.00000000000000      -0.26075720967519711        0.0000000000000000     
   638.00000000000000       0.16805579001175902        0.0000000000000000     
   639.00000000000000       0.23477577043419931        0.0000000000000000     
   640.00000000000000      -0.20435214383752423        0.0000000000000000     
   641.00000000000000      -0.20318291183938700        0.0000000000000000     
   642.00000000000000       0.23576423889431389        0.0000000000000000     
   643.00000000000000       0.16673374067981855        0.0000000000000000     
   644.00000000000000      -0.26154128923333647        0.0000000000000000     
   645.00000000000000      -0.12629943537436150        0.0000000000000000     
   646.00000000000000       0.28106719257575324        0.0000000000000000     
   647.00000000000000        8.2846424042809785E-002   0.0000000000000000     
   648.00000000000000      -0.29387525667426090        0.0000000000000000     
   649.00000000000000       -3.7413284668625660E-002   0.0000000000000000     
   650.00000000000000       0.29965935359342805        0.0000000000000000     
   651.00000000000000       -8.9140765807162979E-003   0.0000000000000000     
   652.00000000000000      -0.29828123662651607        0.0000000000000000     
   653.00000000000000        5.5028380553165716E-002   0.0000000000000000     
   654.00000000000000       0.28977384434729131        0.0000000000000000     
   655.00000000000000       -9.9827441246858592E-002   0.0000000000000000     
   656.00000000000000      -0.27434051352086314        0.0000000000000000     
   657.00000000000000       0.14224050770094826        0.0000000000000000     
   658.00000000000000       0.25235011920876588        0.0000000000000000     
   659.00000000000000      -0.18125385732594035        0.0000000000000000     
   660.00000000000000      -0.22432825765117592        0.0000000000000000     
   661.00000000000000       0.21593502479656754        0.0000000000000000     
   662.00000000000000       0.19094468468587450        0.0000000000000000     
   663.00000000000000      -0.24545508891831180        0.0000000000000000     
   664.00000000000000      -0.15299730729913422        0.0000000000000000     
   665.00000000000000       0.26910848550292138        0.0000000000000000     
   666.00000000000000       0.11139311307492385        0.0000000000000000     
   667.00000000000000      -0.28632987012550432        0.0000000000000000     
   668.00000000000000       -6.7126491097380003E-002   0.0000000000000000     
   669.00000000000000       0.29670763122800514        0.0000000000000000     
   670.00000000000000        2.1255466371627233E-002   0.0000000000000000     
   671.00000000000000      -0.29999372813506181        0.0000000000000000     
   672.00000000000000        2.5123588930646899E-002   0.0000000000000000     
   673.00000000000000       0.29610961915533307        0.0000000000000000     
   674.00000000000000       -7.0902161211466350E-002   0.0000000000000000     
   675.00000000000000      -0.28514813918137166        0.0000000000000000     
   676.00000000000000       0.11498608721398941        0.0000000000000000     
   677.00000000000000       0.26737128032812085        0.0000000000000000     
   678.00000000000000      -0.15632170939338783        0.0000000000000000     
   679.00000000000000      -0.24320393102722426        0.0000000000000000     
   680.00000000000000       0.19392105779438926        0.0000000000000000     
   681.00000000000000       0.21322371901541351        0.0000000000000000     
   682.00000000000000      -0.22688546250546390        0.0000000000000000     
   683.00000000000000      -0.17814720762748251        0.0000000000000000     
   684.00000000000000       0.25442703594122162        0.0000000000000000     
   685.00000000000000       0.13881276674856508        0.0000000000000000     
   686.00000000000000      -0.27588750117891014        0.0000000000000000     
   687.00000000000000       -9.6160535625103655E-002   0.0000000000000000     
   688.00000000000000       0.29075392801931621        0.0000000000000000     
   689.00000000000000        5.1209954178276590E-002   0.0000000000000000     
   690.00000000000000      -0.29867099128640956        0.0000000000000000     
   691.00000000000000       -5.0353941070766621E-003   0.0000000000000000     
   692.00000000000000       0.29944946359066377        0.0000000000000000     
   693.00000000000000       -4.1259518407219871E-002   0.0000000000000000     
   694.00000000000000      -0.29307073865863592        0.0000000000000000     
   695.00000000000000        8.6568278951563285E-002   0.0000000000000000     
   696.00000000000000       0.27968727537731852        0.0000000000000000     
   697.00000000000000      -0.12980795498517680        0.0000000000000000     
   698.00000000000000      -0.25961895470940038        0.0000000000000000     
   699.00000000000000       0.16994506744217014        0.0000000000000000     
   700.00000000000000       0.23334543284319925        0.0000000000000000     
   701.00000000000000      -0.20602029078008718        0.0000000000000000     
   702.00000000000000      -0.20149467873496571        0.0000000000000000     
   703.00000000000000       0.23717138523281531        0.0000000000000000     
   704.00000000000000       0.16482796289323981        0.0000000000000000     
   705.00000000000000      -0.26265380195878080        0.0000000000000000     
   706.00000000000000      -0.12422166279363187        0.0000000000000000     
   707.00000000000000       0.28185848138998831        0.0000000000000000     
   708.00000000000000        8.0646318130842831E-002   0.0000000000000000     
   709.00000000000000      -0.29432640902525392        0.0000000000000000     
   710.00000000000000       -3.5143430842592978E-002   0.0000000000000000     
   711.00000000000000       0.29975958631137267        0.0000000000000000     
   712.00000000000000       -1.1199426670675213E-002   0.0000000000000000     
   713.00000000000000      -0.29802815399650995        0.0000000000000000     
   714.00000000000000        5.7274604052436465E-002   0.0000000000000000     
   715.00000000000000       0.28917349540754206        0.0000000000000000     
   716.00000000000000      -0.10198085101250910        0.0000000000000000     
   717.00000000000000      -0.27340724740605798        0.0000000000000000     
   718.00000000000000       0.14424963416643244        0.0000000000000000     
   719.00000000000000       0.25110624170753759        0.0000000000000000     
   720.00000000000000      -0.18307068002735477        0.0000000000000000     
   721.00000000000000      -0.22280349932618496        0.0000000000000000     
   722.00000000000000       0.21751611995402179        0.0000000000000000     
   723.00000000000000       0.18917548913339560        0.0000000000000000     
   724.00000000000000      -0.24676266626279153        0.0000000000000000     
   725.00000000000000      -0.15102595996260212        0.0000000000000000     
   726.00000000000000       0.27011129226201669        0.0000000000000000     
   727.00000000000000       0.10926673171129790        0.0000000000000000     
   728.00000000000000      -0.28700393826859766        0.0000000000000000     
   729.00000000000000       -6.4895899014808550E-002   0.0000000000000000     
   730.00000000000000       0.29703684960757765        0.0000000000000000     
   731.00000000000000        1.8973976827288536E-002   0.0000000000000000     
   732.00000000000000      -0.29997022803722928        0.0000000000000000     
   733.00000000000000        2.7401445358236829E-002   0.0000000000000000     
   734.00000000000000       0.29573396226451260        0.0000000000000000     
   735.00000000000000       -7.3121941051817158E-002   0.0000000000000000     
   736.00000000000000      -0.28442930414266926        0.0000000000000000     
   737.00000000000000       0.11709473509730231        0.0000000000000000     
   738.00000000000000       0.26632644814749373        0.0000000000000000     
   739.00000000000000      -0.15826882613503318        0.0000000000000000     
   740.00000000000000      -0.24185807443668755        0.0000000000000000     
   741.00000000000000       0.19566010499278488        0.0000000000000000     
   742.00000000000000       0.21160900597634261        0.0000000000000000     
   743.00000000000000      -0.22837487487281749        0.0000000000000000     
   744.00000000000000      -0.17630223091678585        0.0000000000000000     
   745.00000000000000       0.25563121475234024        0.0000000000000000     
   746.00000000000000       0.13678162389331086        0.0000000000000000     
   747.00000000000000      -0.27677766513564811        0.0000000000000000     
   748.00000000000000       -9.3991773346503646E-002   0.0000000000000000     
   749.00000000000000       0.29130880114764229        0.0000000000000000     
   750.00000000000000        4.8955408468241556E-002   0.0000000000000000     
   751.00000000000000      -0.29887731145640334        0.0000000000000000     
   752.00000000000000       -2.7489512812855486E-003   0.0000000000000000     
   753.00000000000000       0.29930229950976095        0.0000000000000000     
   754.00000000000000       -4.3523209653599397E-002   0.0000000000000000     
   755.00000000000000      -0.29257360772286217        0.0000000000000000     
   756.00000000000000        8.8755113713634551E-002   0.0000000000000000     
   757.00000000000000       0.27885205960152076        0.0000000000000000     
   758.00000000000000      -0.13186566531920188        0.0000000000000000     
   759.00000000000000      -0.25846561674509078        0.0000000000000000     
   760.00000000000000       0.17182447162891787        0.0000000000000000     
   761.00000000000000       0.23190153918643053        0.0000000000000000     
   762.00000000000000      -0.20767646883294708        0.0000000000000000     
   763.00000000000000      -0.19979473945930928        0.0000000000000000     
   764.00000000000000       0.23856475252922077        0.0000000000000000     
   765.00000000000000       0.16291260891749615        0.0000000000000000     
   766.00000000000000      -0.26375105537117238        0.0000000000000000     
   767.00000000000000      -0.12213667334710258        0.0000000000000000     
   768.00000000000000       0.28263339526079934        0.0000000000000000     
   769.00000000000000        7.8441526935793288E-002   0.0000000000000000     
   770.00000000000000      -0.29476046198997685        0.0000000000000000     
   771.00000000000000       -3.2871535022800089E-002   0.0000000000000000     
   772.00000000000000       0.29984240399350232        0.0000000000000000     
   773.00000000000000       -1.3484126111162072E-002   0.0000000000000000     
   774.00000000000000      -0.29775775701920942        0.0000000000000000     
   775.00000000000000        5.9517500087544535E-002   0.0000000000000000     
   776.00000000000000       0.28855634644867995        0.0000000000000000     
   777.00000000000000      -0.10412833576614008        0.0000000000000000     
   778.00000000000000      -0.27245809712569519        0.0000000000000000     
   779.00000000000000       0.14625038020753645        0.0000000000000000     
   780.00000000000000       0.24984777591922364        0.0000000000000000     
   781.00000000000000      -0.18487686715326992        0.0000000000000000     
   782.00000000000000      -0.22126579685829520        0.0000000000000000     
   783.00000000000000       0.21908457814774795        0.0000000000000000     
   784.00000000000000       0.18739530289816253        0.0000000000000000     
   785.00000000000000      -0.24805590751639378        0.0000000000000000     
   786.00000000000000      -0.14904583851967990        0.0000000000000000     
   787.00000000000000       0.27109840657614093        0.0000000000000000     
   788.00000000000000       0.10713400231367050        0.0000000000000000     
   789.00000000000000      -0.28766133243663816        0.0000000000000000     
   790.00000000000000       -6.2661536423851111E-002   0.0000000000000000     
   791.00000000000000       0.29734881113328943        0.0000000000000000     
   792.00000000000000        1.6691384957949775E-002   0.0000000000000000     
   793.00000000000000      -0.29992930067812817        0.0000000000000000     
   794.00000000000000        2.9677709852910877E-002   0.0000000000000000     
   795.00000000000000       0.29534112421325631        0.0000000000000000     
   796.00000000000000       -7.5337472750388906E-002   0.0000000000000000     
   797.00000000000000      -0.28369394470660070        0.0000000000000000     
   798.00000000000000       0.11919658016563081        0.0000000000000000     
   799.00000000000000       0.26526614328527515        0.0000000000000000     
   800.00000000000000      -0.16020674798383308        0.0000000000000000     
   801.00000000000000      -0.24049816669575969        0.0000000000000000     
   802.00000000000000       0.19738778498929066        0.0000000000000000     
   803.00000000000000       0.20998199876415272        0.0000000000000000     
   804.00000000000000      -0.22985101941886771        0.0000000000000000     
   805.00000000000000      -0.17444701163235368        0.0000000000000000     
   806.00000000000000       0.25682054195056636        0.0000000000000000     
   807.00000000000000       0.13474253448025597        0.0000000000000000     
   808.00000000000000      -0.27765174922981867        0.0000000000000000     
   809.00000000000000       -9.1817550458222055E-002   0.0000000000000000     
   810.00000000000000       0.29184675020268802        0.0000000000000000     
   811.00000000000000        4.6698018611661278E-002   0.0000000000000000     
   812.00000000000000      -0.29906626784781914        0.0000000000000000     
   813.00000000000000       -4.6234875056020222E-004   0.0000000000000000     
   814.00000000000000       0.29913774695988660        0.0000000000000000     
   815.00000000000000       -4.5784372346132717E-002   0.0000000000000000     
   816.00000000000000      -0.29205947923274916        0.0000000000000000     
   817.00000000000000        9.0936792098546645E-002   0.0000000000000000     
   818.00000000000000       0.27800064344773073        0.0000000000000000     
   819.00000000000000      -0.13391571469628288        0.0000000000000000     
   820.00000000000000      -0.25729726278737136        0.0000000000000000     
   821.00000000000000       0.17369389338486449        0.0000000000000000     
   822.00000000000000       0.23044417246968554        0.0000000000000000     
   823.00000000000000      -0.20932058157311023        0.0000000000000000     
   824.00000000000000      -0.19808319277324057        0.0000000000000000     
   825.00000000000000       0.23994425967087901        0.0000000000000000     
   826.00000000000000       0.16098779026055929        0.0000000000000000     
   827.00000000000000      -0.26483298572373437        0.0000000000000000     
   828.00000000000000      -0.12004458816573181        0.0000000000000000     
   829.00000000000000       0.28339188907058227        0.0000000000000000     
   830.00000000000000        7.6232178548702637E-002   0.0000000000000000     
   831.00000000000000      -0.29517739035139490        0.0000000000000000     
   832.00000000000000       -3.0597729476059807E-002   0.0000000000000000     
   833.00000000000000       0.29990780182838472        0.0000000000000000     
   834.00000000000000       -1.5768042168731802E-002   0.0000000000000000     
   835.00000000000000      -0.29747006124176051        0.0000000000000000     
   836.00000000000000        6.1756938353683802E-002   0.0000000000000000     
   837.00000000000000       0.28792243332500866        0.0000000000000000     
   838.00000000000000      -0.10626977048693848        0.0000000000000000     
   839.00000000000000      -0.27149311793531167        0.0000000000000000     
   840.00000000000000       0.14824262958756410        0.0000000000000000     
   841.00000000000000       0.24857479480541336        0.0000000000000000     
   842.00000000000000      -0.18667231354757924        0.0000000000000000     
   843.00000000000000      -0.21971523958291003        0.0000000000000000     
   844.00000000000000       0.22064030825553724        0.0000000000000000     
   845.00000000000000       0.18560422961857595        0.0000000000000000     
   846.00000000000000      -0.24933473754609917        0.0000000000000000     
   847.00000000000000      -0.14705705800884314        0.0000000000000000     
   848.00000000000000       0.27206977097374702        0.0000000000000000     
   849.00000000000000       0.10499504878653233        0.0000000000000000     
   850.00000000000000      -0.28830201443720921        0.0000000000000000     
   851.00000000000000       -6.0423533405861873E-002   0.0000000000000000     
   852.00000000000000       0.29764349768121262        0.0000000000000000     
   853.00000000000000        1.4407823374613129E-002   0.0000000000000000     
   854.00000000000000      -0.29987094841549905        0.0000000000000000     
   855.00000000000000        3.1952250171266308E-002   0.0000000000000000     
   856.00000000000000       0.29493112782414965        0.0000000000000000     
   857.00000000000000       -7.7548627052350952E-002   0.0000000000000000     
   858.00000000000000      -0.28294210359510563        0.0000000000000000     
   859.00000000000000       0.12129150030876118        0.0000000000000000     
   860.00000000000000       0.26419042734165404        0.0000000000000000     
   861.00000000000000      -0.16213536235296799        0.0000000000000000     
   862.00000000000000      -0.23912428681056108        0.0000000000000000     
   863.00000000000000       0.19910399741144011        0.0000000000000000     
   864.00000000000000       0.20834279229563882        0.0000000000000000     
   865.00000000000000      -0.23131381038452181        0.0000000000000000     
   866.00000000000000      -0.17258165755626134        0.0000000000000000     
   867.00000000000000       0.25799494902121844        0.0000000000000000     
   868.00000000000000       0.13269561697371898        0.0000000000000000     
   869.00000000000000      -0.27850970268004066        0.0000000000000000     
   870.00000000000000       -8.9637993808650132E-002   0.0000000000000000     
   871.00000000000000       0.29236774393140097        0.0000000000000000     
   872.00000000000000        4.4437915755384728E-002   0.0000000000000000     
   873.00000000000000      -0.29923784948291865        0.0000000000000000     
   874.00000000000000        1.8242806410910916E-003   0.0000000000000000     
   875.00000000000000       0.29895581550099704        0.0000000000000000     
   876.00000000000000       -4.8042875118781588E-002   0.0000000000000000     
   877.00000000000000      -0.29152838305745365        0.0000000000000000     
   878.00000000000000        9.3113187358035504E-002   0.0000000000000000     
   879.00000000000000       0.27713307638039753        0.0000000000000000     
   880.00000000000000      -0.13595798401536363        0.0000000000000000     
   881.00000000000000      -0.25611396071372444        0.0000000000000000     
   882.00000000000000       0.17555322410281829        0.0000000000000000     
   883.00000000000000       0.22897341771232341        0.0000000000000000     
   884.00000000000000      -0.21095253348309020        0.0000000000000000     
   885.00000000000000      -0.19636013811193423        0.0000000000000000     
   886.00000000000000       0.24130982718723529        0.0000000000000000     
   887.00000000000000       0.15905361874799676        0.0000000000000000     
   888.00000000000000      -0.26589953015990864        0.0000000000000000     
   889.00000000000000      -0.11794552930651206        0.0000000000000000     
   890.00000000000000       0.28413391875336724        0.0000000000000000     
   891.00000000000000        7.4018401325370159E-002   0.0000000000000000     
   892.00000000000000      -0.29557716988735572        0.0000000000000000     
   893.00000000000000       -2.8322146302918169E-002   0.0000000000000000     
   894.00000000000000       0.29995577601662310        0.0000000000000000     
   895.00000000000000       -1.8051042155451291E-002   0.0000000000000000     
   896.00000000000000      -0.29716508344229459        0.0000000000000000     
   897.00000000000000        6.3992788746933024E-002   0.0000000000000000     
   898.00000000000000       0.28727179286477394        0.0000000000000000     
   899.00000000000000      -0.10840503181127666        0.0000000000000000     
   900.00000000000000      -0.27051236589699174        0.0000000000000000     
   901.00000000000000       0.15022626656344693        0.0000000000000000     
   902.00000000000000       0.24728737263844910        0.0000000000000000     
   903.00000000000000      -0.18845691490081373        0.0000000000000000     
   904.00000000000000      -0.21815191758225441        0.0000000000000000     
   905.00000000000000       0.22218321989464032        0.0000000000000000     
   906.00000000000000       0.18380237335004146        0.0000000000000000     
   907.00000000000000      -0.25059908205613285        0.0000000000000000     
   908.00000000000000      -0.14505973397163049        0.0000000000000000     
   909.00000000000000       0.27302532902179139        0.0000000000000000     
   910.00000000000000       0.10284999539597524        0.0000000000000000     
   911.00000000000000      -0.28892594704881575        0.0000000000000000     
   912.00000000000000       -5.8182019981378959E-002   0.0000000000000000     
   913.00000000000000       0.29792089213103806        0.0000000000000000     
   914.00000000000000        1.2123424744617948E-002   0.0000000000000000     
   915.00000000000000      -0.29979517464728667        0.0000000000000000     
   916.00000000000000        3.4224934170069277E-002   0.0000000000000000     
   917.00000000000000       0.29450399691662027        0.0000000000000000     
   918.00000000000000       -7.9755276577674700E-002   0.0000000000000000     
   919.00000000000000      -0.28217382448765410        0.0000000000000000     
   920.00000000000000       0.12337937381879496        0.0000000000000000     
   921.00000000000000       0.26309936308064902        0.0000000000000000     
   922.00000000000000      -0.16405455719635226        0.0000000000000000     
   923.00000000000000      -0.23773651459894751        0.0000000000000000     
   924.00000000000000       0.20080864255299477        0.0000000000000000     
   925.00000000000000       0.20669148180324931        0.0000000000000000     
   926.00000000000000      -0.23276316278648579        0.0000000000000000     
   927.00000000000000      -0.17070627705938185        0.0000000000000000     
   928.00000000000000       0.25915436744269138        0.0000000000000000     
   929.00000000000000       0.13064099029280488        0.0000000000000000     
   930.00000000000000      -0.27935147564206975        0.0000000000000000     
   931.00000000000000       -8.7453228957540902E-002   0.0000000000000000     
   932.00000000000000       0.29287175206577681        0.0000000000000000     
   933.00000000000000        4.2175231203877180E-002   0.0000000000000000     
   934.00000000000000      -0.29939204635782229        0.0000000000000000     
   935.00000000000000        4.1108040480995183E-003   0.0000000000000000     
   936.00000000000000       0.29875651570270539        0.0000000000000000     
   937.00000000000000       -5.0298586760040322E-002   0.0000000000000000     
   938.00000000000000      -0.29098035005189854        0.0000000000000000     
   939.00000000000000        9.5284173050769055E-002   0.0000000000000000     
   940.00000000000000       0.27624940880228471        0.0000000000000000     
   941.00000000000000      -0.13799235462738346        0.0000000000000000     
   942.00000000000000      -0.25491577927006825        0.0000000000000000     
   943.00000000000000       0.17740235576184360        0.0000000000000000     
   944.00000000000000       0.22748936036030790        0.0000000000000000     
   945.00000000000000      -0.21257222975190421        0.0000000000000000     
   946.00000000000000      -0.19462567557914015        0.0000000000000000     
   947.00000000000000       0.24266137540454363        0.0000000000000000     
   948.00000000000000       0.15711020674874587        0.0000000000000000     
   949.00000000000000      -0.26695062671700787        0.0000000000000000     
   950.00000000000000      -0.11583961769188522        0.0000000000000000     
   951.00000000000000       0.28485944119969570        0.0000000000000000     
   952.00000000000000        7.1800323878895830E-002   0.0000000000000000     
   953.00000000000000      -0.29595977728059797        0.0000000000000000     
   954.00000000000000       -2.6044917707195418E-002   0.0000000000000000     
   955.00000000000000       0.29998632377107648        0.0000000000000000     
   956.00000000000000       -2.0332993436608077E-002   0.0000000000000000     
   957.00000000000000      -0.29684284133900840        0.0000000000000000     
   958.00000000000000        6.6224921371814446E-002   0.0000000000000000     
   959.00000000000000       0.28660446286802455        0.0000000000000000     
   960.00000000000000      -0.11053399516351410        0.0000000000000000     
   961.00000000000000      -0.26951589798916953        0.0000000000000000     
   962.00000000000000       0.15220117589246862        0.0000000000000000     
   963.00000000000000       0.24598558358406059        0.0000000000000000     
   964.00000000000000      -0.19023056753356529        0.0000000000000000     
   965.00000000000000      -0.21657592168014136        0.0000000000000000     
   966.00000000000000       0.22371322305471106        0.0000000000000000     
   967.00000000000000       0.18198983877442035        0.0000000000000000     
   968.00000000000000      -0.25184886759228037        0.0000000000000000     
   969.00000000000000      -0.14305398244593107        0.0000000000000000     
   970.00000000000000       0.27396502520552701        0.0000000000000000     
   971.00000000000000       0.10069896676247279        0.0000000000000000     
   972.00000000000000      -0.28953309402304639        0.0000000000000000     
   973.00000000000000       -5.5937126374883378E-002   0.0000000000000000     
   974.00000000000000       0.29818097836707003        0.0000000000000000     
   975.00000000000000        9.8383217839332088E-003   0.0000000000000000     
   976.00000000000000      -0.29970198377569518        0.0000000000000000     
   977.00000000000000        3.6495629813931972E-002   0.0000000000000000     
   978.00000000000000       0.29405975630555448        0.0000000000000000     
   979.00000000000000       -8.1957292586468999E-002   0.0000000000000000     
   980.00000000000000      -0.28138915201870907        0.0000000000000000     
   981.00000000000000       0.12546007939721945        0.0000000000000000     
   982.00000000000000       0.26199301335621672        0.0000000000000000     
   983.00000000000000      -0.16596422101514333        0.0000000000000000     
   984.00000000000000      -0.23633493068587266        0.0000000000000000     
   985.00000000000000       0.20250162096745167        0.0000000000000000     
   986.00000000000000       0.20502816322263628        0.0000000000000000     
   987.00000000000000      -0.23419899242220152        0.0000000000000000     
   988.00000000000000      -0.16882097909508972        0.0000000000000000     
   989.00000000000000       0.26029872985662778        0.0000000000000000     
   990.00000000000000       0.12857877380449589        0.0000000000000000     
   991.00000000000000      -0.28017701921169424        0.0000000000000000     
   992.00000000000000       -8.5263383364450482E-002   0.0000000000000000     
   993.00000000000000       0.29335874532461786        0.0000000000000000     
   994.00000000000000        3.9910096411591794E-002   0.0000000000000000     
   995.00000000000000      -0.29952884958956699        0.0000000000000000     
   996.00000000000000        6.3970886310536160E-003   0.0000000000000000     
   997.00000000000000       0.29853985914366771        0.0000000000000000     
   998.00000000000000       -5.2551375670405166E-002   0.0000000000000000     
   999.00000000000000      -0.29041541205498017        0.0000000000000000     
   1000.0000000000000        9.7449623049693068E-002   0.0000000000000000     
   1001.0000000000000       0.27534969205154192        0.0000000000000000     
   1002.0000000000000      -0.14001870834217034        0.0000000000000000     
   1003.0000000000000      -0.25370278806676283        0.0000000000000000     
   1004.0000000000000       0.17924118093353583        0.0000000000000000     
   1005.0000000000000       0.22599208663243939        0.0000000000000000     
   1006.0000000000000      -0.21417957628058154        0.0000000000000000     
   1007.0000000000000      -0.19287990594136747        0.0000000000000000     
   1008.0000000000000       0.24399882580234403        0.0000000000000000     
   1009.0000000000000       0.15515766716858559        0.0000000000000000     
   1010.0000000000000      -0.26798621432981495        0.0000000000000000     
   1011.0000000000000      -0.11372697618042428        0.0000000000000000     
   1012.0000000000000       0.28556841425912449        0.0000000000000000     
   1013.0000000000000        6.9578075072208229E-002   0.0000000000000000     
   1014.0000000000000      -0.29632519048990053        0.0000000000000000     
   1015.0000000000000       -2.3766175988305348E-002   0.0000000000000000     
   1016.0000000000000       0.29999944331702189        0.0000000000000000     
   1017.0000000000000       -2.2613762881212279E-002   0.0000000000000000     
   1018.0000000000000      -0.29650335365309716        0.0000000000000000     
   1019.0000000000000        6.8453206548840309E-002   0.0000000000000000     
   1020.0000000000000       0.28592048210441545        0.0000000000000000     
   1021.0000000000000      -0.11265653685795489        0.0000000000000000     
   1022.0000000000000      -0.26850377210331910        0.0000000000000000     
   1023.0000000000000       0.15416724283896013        0.0000000000000000     
   1024.0000000000000       0.24466950358471573        0.0000000000000000     
   1025.0000000000000      -0.19199316840251016        0.0000000000000000     
   1026.0000000000000      -0.21498734343669559        0.0000000000000000     
   1027.0000000000000       0.22523022959543013        0.0000000000000000     
   1028.0000000000000       0.18016673119394816        0.0000000000000000     
   1029.0000000000000      -0.25308402154615534        0.0000000000000000     
   1030.0000000000000      -0.14103992045243172        0.0000000000000000     
   1031.0000000000000       0.27488880493172824        0.0000000000000000     
   1032.0000000000000        9.8542087853640409E-002   0.0000000000000000     
   1033.0000000000000      -0.29012342008667968        0.0000000000000000     
   1034.0000000000000       -5.3688983007233536E-002   0.0000000000000000     
   1035.0000000000000       0.29842374127916255        0.0000000000000000     
   1036.0000000000000        7.5526472494471556E-003   0.0000000000000000     
   1037.0000000000000      -0.29959138121480450        0.0000000000000000     
   1038.0000000000000        3.8764205182983347E-002   0.0000000000000000     
   1039.0000000000000       0.29359843179985551        0.0000000000000000     
   1040.0000000000000       -8.4154547148921358E-002   0.0000000000000000     
   1041.0000000000000      -0.28058813177513353        0.0000000000000000     
   1042.0000000000000       0.12753349616195511        0.0000000000000000     
   1043.0000000000000       0.26087144270835366        0.0000000000000000     
   1044.0000000000000      -0.16786424286421928        0.0000000000000000     
   1045.0000000000000      -0.23491961649870419        0.0000000000000000     
   1046.0000000000000       0.20418283512582400        0.0000000000000000     
   1047.0000000000000       0.20335293318708186        0.0000000000000000     
   1048.0000000000000      -0.23562121587473867        0.0000000000000000     
   1049.0000000000000      -0.16692587365723402        0.0000000000000000     
   1050.0000000000000       0.26142796977937427        0.0000000000000000     
   1051.0000000000000       0.12650908731671695        0.0000000000000000     
   1052.0000000000000      -0.28098628542757609        0.0000000000000000     
   1053.0000000000000       -8.3068584252130609E-002   0.0000000000000000     
   1054.0000000000000       0.29382869541523415        0.0000000000000000     
   1055.0000000000000        3.7642642975332624E-002   0.0000000000000000     
   1056.0000000000000      -0.29964825119053334        0.0000000000000000     
   1057.0000000000000        8.6830015644168111E-003   0.0000000000000000     
   1058.0000000000000       0.29830585841091006        0.0000000000000000     
   1059.0000000000000       -5.4801112071363872E-002   0.0000000000000000     
   1060.0000000000000      -0.28983360188771884        0.0000000000000000     
   1061.0000000000000        9.9609411549358789E-002   0.0000000000000000     
   1062.0000000000000       0.27443397862444868        0.0000000000000000     
   1063.0000000000000      -0.14203692743530744        0.0000000000000000     
   1064.0000000000000      -0.25247505757456618        0.0000000000000000     
   1065.0000000000000       0.18106959278826326        0.0000000000000000     
   1066.0000000000000       0.22448168351534584        0.0000000000000000     
   1067.0000000000000      -0.21577447968763039        0.0000000000000000     
   1068.0000000000000      -0.19112293062203078        0.0000000000000000     
   1069.0000000000000       0.24532210067921287        0.0000000000000000     
   1070.0000000000000       0.15319611344357684        0.0000000000000000     
   1071.0000000000000      -0.26900623283413100        0.0000000000000000     
   1072.0000000000000      -0.11160772750958041        0.0000000000000000     
   1073.0000000000000       0.28626079674267485        0.0000000000000000     
   1074.0000000000000        6.7351784010578133E-002   0.0000000000000000     
   1075.0000000000000      -0.29667338819037220        0.0000000000000000     
   1076.0000000000000       -2.1486053533569208E-002   0.0000000000000000     
   1077.0000000000000       0.29999513389225729        0.0000000000000000     
   1078.0000000000000       -2.4893219098850890E-002   0.0000000000000000     
   1079.0000000000000      -0.29614664010766734        0.0000000000000000     
   1080.0000000000000        7.0677514822046747E-002   0.0000000000000000     
   1081.0000000000000       0.28521989048418828        0.0000000000000000     
   1082.0000000000000      -0.11477253358198013        0.0000000000000000     
   1083.0000000000000      -0.26747604704059103        0.0000000000000000     
   1084.0000000000000       0.15612435318096538        0.0000000000000000     
   1085.0000000000000       0.24333920910028894        0.0000000000000000     
   1086.0000000000000      -0.19374461510639521        0.0000000000000000     
   1087.0000000000000      -0.21338627514303385        0.0000000000000000     
   1088.0000000000000       0.22673415100828623        0.0000000000000000     
   1089.0000000000000       0.17833315652511675        0.0000000000000000     
   1090.0000000000000      -0.25430447215941759        0.0000000000000000     
   1091.0000000000000      -0.13901766401708063        0.0000000000000000     
   1092.0000000000000       0.27579661453186294        0.0000000000000000     
   1093.0000000000000        9.6379483976975031E-002   0.0000000000000000     
   1094.0000000000000      -0.29069689080565436        0.0000000000000000     
   1095.0000000000000       -5.1437720488088173E-002   0.0000000000000000     
   1096.0000000000000       0.29864916676359710        0.0000000000000000     
   1097.0000000000000        5.2665339312545799E-003   0.0000000000000000     
   1098.0000000000000      -0.29946337339025586        0.0000000000000000     
   1099.0000000000000        4.1030528480533346E-002   0.0000000000000000     
   1100.0000000000000       0.29312005020094406        0.0000000000000000     
   1101.0000000000000       -8.6346912611843560E-002   0.0000000000000000     
   1102.0000000000000      -0.27977081029354156        0.0000000000000000     
   1103.0000000000000       0.12959950365437825        0.0000000000000000     
   1104.0000000000000       0.25973471629658729        0.0000000000000000     
   1105.0000000000000      -0.16975451235862493        0.0000000000000000     
   1106.0000000000000      -0.23349065426249307        0.0000000000000000     
   1107.0000000000000       0.20585218694000815        0.0000000000000000     
   1108.0000000000000       0.20166588902188390        0.0000000000000000     
   1109.0000000000000      -0.23702975051764097        0.0000000000000000     
   1110.0000000000000      -0.16502106991892146        0.0000000000000000     
   1111.0000000000000       0.26254202160584417        0.0000000000000000     
   1112.0000000000000       0.12443205107137509        0.0000000000000000     
   1113.0000000000000      -0.28177922708226227        0.0000000000000000     
   1114.0000000000000       -8.0868959131116039E-002   0.0000000000000000     
   1115.0000000000000       0.29428157503508712        0.0000000000000000     
   1116.0000000000000        3.5373002626609161E-002   0.0000000000000000     
   1117.0000000000000      -0.29975024422388519        0.0000000000000000     
   1118.0000000000000        1.0968410044244134E-002   0.0000000000000000     
   1119.0000000000000       0.29805452709909741        0.0000000000000000     
   1120.0000000000000       -5.7047664709824183E-002   0.0000000000000000     
   1121.0000000000000      -0.28923495335135185        0.0000000000000000     
   1122.0000000000000       0.10176341307323168        0.0000000000000000     
   1123.0000000000000       0.27350232127336249        0.0000000000000000     
   1124.0000000000000      -0.14404689465497217        0.0000000000000000     
   1125.0000000000000      -0.25123265912053994        0.0000000000000000     
   1126.0000000000000       0.18288748465842328        0.0000000000000000     
   1127.0000000000000       0.22295823875842904        0.0000000000000000     
   1128.0000000000000      -0.21735684731446286        0.0000000000000000     
   1129.0000000000000      -0.18935485169555735        0.0000000000000000     
   1130.0000000000000       0.24663112315727725        0.0000000000000000     
   1131.0000000000000       0.15122565953347247        0.0000000000000000     
   1132.0000000000000      -0.27001062297027068        0.0000000000000000     
   1133.0000000000000      -0.10948199480065879        0.0000000000000000     
   1134.0000000000000       0.28693654842522542        0.0000000000000000     
   1135.0000000000000        6.5121580034117901E-002   0.0000000000000000     
   1136.0000000000000      -0.29700435015288368        0.0000000000000000     
   1137.0000000000000       -1.9204682810524402E-002   0.0000000000000000     
   1138.0000000000000       0.29997339574714588        0.0000000000000000     
   1139.0000000000000       -2.7171229103184057E-002   0.0000000000000000     
   1140.0000000000000      -0.29577272142659045        0.0000000000000000     
   1141.0000000000000        7.2897716966514869E-002   0.0000000000000000     
   1142.0000000000000       0.28450272836697810        0.0000000000000000     
   1143.0000000000000      -0.11688186240321194        0.0000000000000000     
   1144.0000000000000      -0.26643278250839603        0.0000000000000000     
   1145.0000000000000       0.15807239274194618        0.0000000000000000     
   1146.0000000000000       0.24199477741646905        0.0000000000000000     
   1147.0000000000000      -0.19548480589198727        0.0000000000000000     
   1148.0000000000000      -0.21177280981590341        0.0000000000000000     
   1149.0000000000000       0.22822489992044298        0.0000000000000000     
   1150.0000000000000       0.17648922129252129        0.0000000000000000     
   1151.0000000000000      -0.25551014852794240        0.0000000000000000     
   1152.0000000000000      -0.13698733111742831        0.0000000000000000     
   1153.0000000000000       0.27668840126521016        0.0000000000000000     
   1154.0000000000000        9.4211280772575220E-002   0.0000000000000000     
   1155.0000000000000      -0.29125347314350775        0.0000000000000000     
   1156.0000000000000       -4.9183469608318306E-002   0.0000000000000000     
   1157.0000000000000       0.29885724172390221        0.0000000000000000     
   1158.0000000000000        2.9801152037081161E-003   0.0000000000000000     
   1159.0000000000000      -0.29931796773887859        0.0000000000000000     
   1160.0000000000000        4.3294468040729693E-002   0.0000000000000000     
   1161.0000000000000       0.29262463930120136        0.0000000000000000     
   1162.0000000000000       -8.8534261606087752E-002   0.0000000000000000     
   1163.0000000000000      -0.27893723505759527        0.0000000000000000     
   1164.0000000000000       0.13165798184631913        0.0000000000000000     
   1165.0000000000000       0.25858290016094454        0.0000000000000000     
   1166.0000000000000      -0.17163491967998432        0.0000000000000000     
   1167.0000000000000      -0.23204812699519650        0.0000000000000000     
   1168.0000000000000       0.20750957942621129        0.0000000000000000     
   1169.0000000000000       0.19996712873870218        0.0000000000000000     
   1170.0000000000000      -0.23842451451972643        0.0000000000000000     
   1171.0000000000000      -0.16310667900483838        0.0000000000000000     
   1172.0000000000000       0.26364082061332828        0.0000000000000000     
   1173.0000000000000       0.12234778573737380        0.0000000000000000     
   1174.0000000000000      -0.28255579849602308        0.0000000000000000     
   1175.0000000000000       -7.8664635792316584E-002   0.0000000000000000     
   1176.0000000000000       0.29471735787337583        0.0000000000000000     
   1177.0000000000000        3.3101307779364958E-002   0.0000000000000000     
   1178.0000000000000      -0.29983482276416618        0.0000000000000000     
   1179.0000000000000        1.3253181295897691E-002   0.0000000000000000     
   1180.0000000000000       0.29778587980974369        0.0000000000000000     
   1181.0000000000000       -5.9290903068543475E-002   0.0000000000000000     
   1182.0000000000000      -0.28861950122536967        0.0000000000000000     
   1183.0000000000000       0.10391150248098129        0.0000000000000000     
   1184.0000000000000       0.27255477434630282        0.0000000000000000     
   1185.0000000000000      -0.14604849322874863        0.0000000000000000     
   1186.0000000000000      -0.24997566488390555        0.0000000000000000     
   1187.0000000000000       0.18469475181902298        0.0000000000000000     
   1188.0000000000000       0.22142184086876668        0.0000000000000000     
   1189.0000000000000      -0.21892658723077837        0.0000000000000000     
   1190.0000000000000      -0.18757577231755229        0.0000000000000000     
   1191.0000000000000       0.24792581718668141        0.0000000000000000     
   1192.0000000000000       0.14924641991509655        0.0000000000000000     
   1193.0000000000000      -0.27099932638650481        0.0000000000000000     
   1194.0000000000000      -0.10734990155166561        0.0000000000000000     
   1195.0000000000000       0.28759563004784910        0.0000000000000000     
   1196.0000000000000        6.2887592710267240E-002   0.0000000000000000     
   1197.0000000000000      -0.29731805714964488        0.0000000000000000     
   1198.0000000000000       -1.6922196359228574E-002   0.0000000000000000     
   1199.0000000000000       0.29993423014460174        0.0000000000000000     
   1200.0000000000000       -2.9447660549400709E-002   0.0000000000000000     
