  0.37223632679246926       0.10000000000000001        1.9450619270617084     
  0.74447265358493853       0.10471219519354620        1.6791573176426360     
   1.1167089803774077       0.10942322772343849        1.4864491071703643     
   1.4889453071698771       0.11413193521289280        1.3476460623315591     
   1.8611816339623464       0.11883715585879401        1.2485512882037195     
   2.2334179607548155       0.12353772871835349        1.1787119447559395     
   2.6056542875472846       0.12823249399555431        1.1304277077420635     
   2.9778906143397537       0.13292029332731359        1.0980225181567571     
   3.3501269411322228       0.13759997006929128        1.0773095882165469     
   3.7223632679246919       0.14227036958127479        1.0651982800461426     
   4.0945995947171614       0.14693033951206924        1.0594051523277113     
   4.4668359215096309       0.15157873008382286        1.0582415048086129     
   4.8390722483021005       0.15621439437571738        1.0604571122173245     
   5.2113085750945700       0.16083618860695376        1.0651252402319256     
   5.5835449018870396       0.16544297241896277        1.0715579991548263     
   5.9557812286795091       0.17003360915677163        1.0792439990536269     
   6.3280175554719786       0.17460696614945642        1.0878024043653982     
   6.7002538822644482       0.17916191498961187        1.0969490524556755     
   7.0724902090569177       0.18369733181176878        1.1064714505636062     
   7.4447265358493873       0.18821209756969121        1.1162103098517475     
   7.8169628626418568       0.19270509831248422        1.1260458952654935     
   8.1891991894343263       0.19717522545944483        1.1358879252741740     
   8.5614355162267959       0.20162137607358743        1.1456680900990470     
   8.9336718430192654       0.20604245313377717        1.1553345028596462     
   9.3059081698117350       0.21043736580540340        1.1648475787631269     
   9.6781444966042045       0.21480502970952695        1.1741769703220681     
   10.050380823396674       0.21914436719043423        1.1832992843122783     
   10.422617150189144       0.22345430758153267        1.1921963780943270     
   10.794853476981613       0.22773378746952183        1.2008540858639636     
   11.167089803774083       0.23198175095677456        1.2092612643919969     
   11.539326130566552       0.23619714992186408        1.2174090765541035     
   11.911562457359022       0.24037894427817205        1.2252904521462786     
   12.283798784151491       0.24452610223051460        1.2328996811243436     
   12.656035110943961       0.24863760052972231        1.2402321059599664     
   13.028271437736430       0.25271242472511146        1.2472838883476216     
   13.400507764528900       0.25674956941478472        1.2540518318183096     
   13.772744091321369       0.26074803849369904        1.2605332464993735     
   14.144980418113839       0.26470684539943956        1.2667258457338113     
   14.517216744906309       0.26862501335563926        1.2726276668533951     
   14.889453071698778       0.27250157561298360        1.2782370103196790     
   15.261689398491248       0.27633557568774197        1.2835523928779171     
   15.633925725283717       0.28012606759776526        1.2885725114369282     
   16.006162052076185       0.28387211609589302        1.2932962151871168     
   16.378398378868653       0.28757279690071164        1.2977224840677954     
   16.750634705661120       0.29122719692460697        1.3018504121452110     
   17.122871032453588       0.29483441449905512        1.3056791948017126     
   17.495107359246056       0.29839355959709557        1.3092081188927502     
   17.867343686038524       0.30190375405293202        1.3124365552224462     
   18.239580012830992       0.30536413177860655        1.3153639528359604     
   18.611816339623459       0.30877383897769428        1.3179898347393681     
   18.984052666415927       0.31213203435596421        1.3203137947437076     
   19.356288993208395       0.31543788932895656        1.3223354951959894     
   19.728525320000863       0.31869058822642332        1.3240546654107468     
   20.100761646793330       0.32188932849358282        1.3254711006551192     
   20.472997973585798       0.32503332088913772        1.3265846615709680     
   20.845234300378266       0.32812178968000916        1.3273952739413764     
   21.217470627170734       0.33115397283273662        1.3279029287274475     
   21.589706953963201       0.33412912220149876        1.3281076823160132     
   21.961943280755669       0.33704650371270695        1.3280096569303441     
   22.334179607548137       0.33990539754612703        1.3276090411651100     
   22.706415934340605       0.34270509831248408        1.3269060906140968     
   23.078652261133072       0.34544491522750687        1.3259011285649478     
   23.450888587925540       0.34812417228236836        1.3245945467398508     
   23.823124914718008       0.35074220841048087        1.3229868060647838     
   24.195361241510476       0.35329837765060434        1.3210784374529871     
   24.567597568302944       0.35579204930622743        1.3188700425906859     
   24.939833895095411       0.35822260810118289        1.3163622947150952     
   25.312070221887879       0.36058945433145717        1.3135559393763696     
   25.684306548680347       0.36289200401315891        1.3104517951764334     
   26.056542875472815       0.36512968902660781        1.3070507544787200     
   26.428779202265282       0.36730195725651016        1.3033537840837761     
   26.801015529057750       0.36940827272818444        1.2993619258663660     
   27.173251855850218       0.37144811573980563        1.2950762973704117     
   27.545488182642686       0.37342098299063342        1.2904980923585192     
   27.917724509435153       0.37532638770519411        1.2856285813133912     
   28.289960836227621       0.37716385975338584        1.2804691118887592     
   28.662197163020089       0.37893294576647518        1.2750211093076722     
   29.034433489812557       0.38063320924895994        1.2692860767065217     
   29.406669816605024       0.38226423068626747        1.2632655954231464     
   29.778906143397492       0.38382560764826334        1.2569613252277338     
   30.151142470189960       0.38531695488854589        1.2503750044954125     
   30.523378796982428       0.38673790443949885        1.2435084503195435     
   30.895615123774895       0.38808810570308272        1.2363635585649533     
   31.267851450567363       0.38936722553733927        1.2289423038604006     
   31.640087777359831       0.39057494833858919        1.2212467395298168     
   32.012324104152299       0.39171097611930283        1.2132789974619049     
   32.384560430944767       0.39277502858162405        1.2050412879178314     
   32.756796757737234       0.39376684318652955        1.1965358992768480     
   33.129033084529702       0.39468617521860649        1.1877651977198311     
   33.501269411322170       0.39553279784643203        1.1787316268507413     
   33.873505738114638       0.39630650217854113        1.1694377072562836     
   34.245742064907105       0.39700709731496719        1.1598860360038894     
   34.617978391699573       0.39763441039434322        1.1500792860784990     
   34.990214718492041       0.39818828663655381        1.1400202057585733     
   35.362451045284509       0.39866858938092398        1.1297116179318845     
   35.734687372076976       0.39907520011993836        1.1191564193517125     
   36.106923698869444       0.39940801852848140        1.1083575798342586     
   36.479160025661912       0.39966696248859090        1.0973181413980240     
   36.851396352454380       0.39985196810971946        1.0860412173460932     
   37.223632679246847       0.39996298974449818        1.0745299912923529     
   37.595869006039315       0.40000000000000002        1.0627877161326984     
   37.968105332831783       0.39996298974449818        1.0508177129623533     
   38.340341659624251       0.39985196810971946        1.0386233699406398     
   38.712577986416719       0.39966696248859102        1.0262081411043860     
   39.084814313209186       0.39940801852848151        1.0135755451315003     
   39.457050640001654       0.39907520011993847        1.0007291640560481     
   39.829286966794122       0.39866858938092409       0.98767264193642368     
   40.201523293586590       0.39818828663655403       0.97440968347821877     
   40.573759620379057       0.39763441039434344       0.96094405261339999     
   40.945995947171525       0.39700709731496742       0.94727957103756610     
   41.318232273963993       0.39630650217854146       0.93342011670700697     
   41.690468600756461       0.39553279784643236       0.91936962229742225     
   42.062704927548928       0.39468617521860683       0.90513207362617987     
   42.434941254341396       0.39376684318652999       0.89071150804003030     
   42.807177581133864       0.39277502858162450       0.87611201277022310     
   43.179413907926332       0.39171097611930328       0.86133772325708580     
   43.551650234718799       0.39057494833858963       0.84639282144604555     
   43.923886561511267       0.38936722553733982       0.83128153405722649     
   44.296122888303735       0.38808810570308327       0.81600813083068080     
   44.668359215096203       0.38673790443949940       0.80057692274942927     
   45.040595541888671       0.38531695488854645       0.78499226024241264     
   45.412831868681138       0.38382560764826401       0.76925853136953315     
   45.785068195473606       0.38226423068626814       0.75338015999102603     
   46.157304522266074       0.38063320924896071       0.73736160392322869     
   46.529540849058542       0.37893294576647596       0.72120735308307915     
   46.901777175851009       0.37716385975338662       0.70492192762340533     
   47.274013502643477       0.37532638770519500       0.68850987606130243     
   47.646249829435945       0.37342098299063420       0.67197577340170644     
   48.018486156228413       0.37144811573980652       0.65532421925838813     
   48.390722483020880       0.36940827272818544       0.63855983597448018     
   48.762958809813348       0.36730195725651105       0.62168726674470753     
   49.135195136605816       0.36512968902660881       0.60471117374140471     
   49.507431463398284       0.36289200401315991       0.58763623624643957     
   49.879667790190751       0.36058945433145817       0.57046714879107319     
   50.251904116983219       0.35822260810118400       0.55320861930577081     
   50.624140443775687       0.35579204930622854       0.53586536728198697     
   50.996376770568155       0.35329837765060546       0.51844212194782557     
   51.368613097360623       0.35074220841048209       0.50094362045947849     
   51.740849424153090       0.34812417228236958       0.48337460611030902     
   52.113085750945558       0.34544491522750809       0.46573982655936902     
   52.485322077738026       0.34270509831248536       0.44804403208107318     
   52.857558404530494       0.33990539754612825       0.43029197383772622     
   53.229794731322961       0.33704650371270822       0.41248840217655036     
   53.602031058115429       0.33412912220150004       0.39463806495271830     
   53.974267384907897       0.33115397283273795       0.37674570587994261     
   54.346503711700365       0.32812178968001049       0.35881606291001328     
   54.718740038492832       0.32503332088913917       0.34085386664263639     
   55.090976365285300       0.32188932849358420       0.32286383876687663     
   55.463212692077768       0.31869058822642482       0.30485069053540875     
   55.835449018870236       0.31543788932895805       0.28681912127267128     
   56.207685345662703       0.31213203435596570       0.26877381691803193     
   56.579921672455171       0.30877383897769572       0.25071944860489226     
   56.952157999247639       0.30536413177860811       0.23266067127664922     
   57.324394326040107       0.30190375405293357       0.21460212234029669     
   57.696630652832575       0.29839355959709712       0.19654842035843220     
   58.068866979625042       0.29483441449905673       0.17850416378027206     
   58.441103306417510       0.29122719692460858       0.16047392971225108     
   58.813339633209978       0.28757279690071330       0.14246227272868184     
   59.185575960002446       0.28387211609589469       0.12447372372284925     
   59.557812286794913       0.28012606759776693       0.10651278879886014     
   59.930048613587381       0.27633557568774370        8.8583948204446789E-002
   60.302284940379849       0.27250157561298538        7.0691655304853135E-002
   60.674521267172317       0.26862501335564104        5.2840335597883467E-002
   61.046757593964784       0.26470684539944139        3.5034385770035884E-002
   61.418993920757252       0.26074803849370087        1.7278172793641564E-002
   61.791230247549720       0.25674956941478660       -4.2396693524201536E-004
   62.163466574342188       0.25271242472511340       -1.8067728418405017E-002
   62.535702901134655       0.24863760052972431       -3.5648838836942483E-002
   62.907939227927123       0.24452610223051666       -5.3163058292995384E-002
   63.280175554719591       0.24037894427817413       -7.0606180512320732E-002
   63.652411881512059       0.23619714992186622       -8.7974033508256055E-002
   64.024648208304527       0.23198175095677673      -0.10526248020776205     
   64.396884535097001       0.22773378746952405      -0.12246741904025130     
   64.769120861889476       0.22345430758153478      -0.13958478449005768     
   65.141357188681951       0.21914436719043628      -0.15661054761332571     
   65.513593515474426       0.21480502970952906      -0.17354071652034381     
   65.885829842266901       0.21043736580540542      -0.19037133682427079     
   66.258066169059376       0.20604245313377911      -0.20709849205726499     
   66.630302495851851       0.20162137607358926      -0.22371830405521645     
   67.002538822644325       0.19717522545944671      -0.24022693331213268     
   67.374775149436800       0.19270509831248606      -0.25662057930548338     
   67.747011476229275       0.18821209756969290      -0.27289548079365505     
   68.119247803021750       0.18369733181177039      -0.28904791608689251     
   68.491484129814225       0.17916191498961354      -0.30507420329302110     
   68.863720456606700       0.17460696614945798      -0.32097070053931698     
   69.235956783399175       0.17003360915677307      -0.33673380617192045     
   69.608193110191650       0.16544297241896427      -0.35235995893425426     
   69.980429436984124       0.16083618860695514      -0.36784563812587057     
   70.352665763776599       0.15621439437571868      -0.38318736374318818     
   70.724902090569074       0.15157873008382405      -0.39838169660366002     
   71.097138417361549       0.14693033951207049      -0.41342523845482859     
   71.469374744154024       0.14227036958127592      -0.42831463206983234     
   71.841611070946499       0.13759997006929228      -0.44304656133082460     
   72.213847397738974       0.13292029332731448      -0.45761775130189236     
   72.586083724531449       0.12823249399555525      -0.47202496829296414     
   72.958320051323923       0.12353772871835432      -0.48626501991624438     
   73.330556378116398       0.11883715585879474      -0.50033475513665093     
   73.702792704908873       0.11413193521289343      -0.51423106431780963     
   74.075029031701348       0.10942322772343914      -0.52795087926503537     
   74.447265358493823       0.10471219519354676      -0.54149117326681595     
   74.819501685286298       0.10000000000000044      -0.55484896113616478     
   75.191738012078773        9.5287804806454268E-002 -0.56802129925334399     
   75.563974338871247        9.0576772276561870E-002 -0.58100528561129228     
   75.936210665663722        8.5868064787107456E-002 -0.59379805986509093     
   76.308446992456197        8.1162844141206142E-002 -0.60639680338684243     
   76.680683319248672        7.6462271281646690E-002 -0.61879873932718366     
   77.052919646041147        7.1767506004445772E-002 -0.63100113268470259     
   77.425155972833622        6.7079706672686382E-002 -0.64300129038440745     
   77.797392299626097        6.2400029930708582E-002 -0.65479656136643050     
   78.169628626418572        5.7729630418725079E-002 -0.66638433668602504     
   78.541864953211046        5.3069660487930520E-002 -0.67776204962591202     
   78.914101280003521        4.8421269916176811E-002 -0.68892717582191199     
   79.286337606795996        4.3785605624282312E-002 -0.69987723340284191     
   79.658573933588471        3.9163811393045853E-002 -0.71060978314550183     
   80.030810260380946        3.4557027581036737E-002 -0.72112242864552811     
   80.403046587173421        2.9966390843227775E-002 -0.73141281650489853     
   80.775282913965896        2.5393033850542993E-002 -0.74147863653670776     
   81.147519240758371        2.0838085010387447E-002 -0.75131762198784469     
   81.519755567550845        1.6302668188230438E-002 -0.76092754978005628     
   81.891991894343320        1.1787902430307945E-002 -0.77030624076991383     
   82.264228221135795        7.2949016875149264E-003 -0.77945156002801896     
   82.636464547928270        2.8247745405542424E-003 -0.78836141713779462     
   83.008700874720745       -1.6213760735884486E-003 -0.79703376651406566     
   83.380937201513220       -6.0424531337781306E-003 -0.80546660774163725     
   83.753173528305695       -1.0437365805404483E-002 -0.81365798593394623     
   84.125409855098169       -1.4805029709528128E-002 -0.82160599211176777     
   84.497646181890644       -1.9144367190435455E-002 -0.82930876360198358     
   84.869882508683119       -2.3454307581533870E-002 -0.83676448445622831     
   85.242118835475594       -2.7733787469523125E-002 -0.84397138588923359     
   85.614355162268069       -3.1981750956775967E-002 -0.85092774673656291     
   85.986591489060544       -3.6197149921865540E-002 -0.85763189393141748     
   86.358827815853019       -4.0378944278173484E-002 -0.86408220300006200     
   86.731064142645494       -4.4526102230516118E-002 -0.87027709857538249     
   87.103300469437968       -4.8637600529723879E-002 -0.87621505492798824     
   87.475536796230443       -5.2712424725113088E-002 -0.88189459651425250     
   87.847773123022918       -5.6749569414786316E-002 -0.88731429854055976     
   88.220009449815393       -6.0748038493700723E-002 -0.89247278754300396     
   88.592245776607868       -6.4706845399441326E-002 -0.89736874198167194     
   88.964482103400343       -6.8625013355640918E-002 -0.90200089284865737     
   89.336718430192818       -7.2501575612985397E-002 -0.90636802428882302     
   89.708954756985293       -7.6335575687743823E-002 -0.91046897423226203     
   90.081191083777767       -8.0126067597767192E-002 -0.91430263503745723     
   90.453427410570242       -8.3872116095894872E-002 -0.91786795414393230     
   90.825663737362717       -8.7572796900713512E-002 -0.92116393473329194     
   91.197900064155192       -9.1227196924608955E-002 -0.92418963639734020     
   91.570136390947667       -9.4834414499057190E-002 -0.92694417581208688     
   91.942372717740142       -9.8393559597097613E-002 -0.92942672741627508     
   92.314609044532617      -0.10190375405293409      -0.93163652409310216     
   92.686845371325091      -0.10536413177860873      -0.93357285785371491     
   93.059081698117566      -0.10877383897769638      -0.93523508052108872     
   93.431318024910041      -0.11213203435596636      -0.93662260441282208     
   93.803554351702516      -0.11543788932895882      -0.93773490302135298     
   94.175790678494991      -0.11869058822642564      -0.93857151169011399     
   94.548027005287466      -0.12188932849358505      -0.93913202828409681     
   94.920263332079941      -0.12503332088914001      -0.93941611385327972     
   95.292499658872416      -0.12812178968001139      -0.93942349328736852     
   95.664735985664890      -0.13115397283273900      -0.93915395596029883     
   96.036972312457365      -0.13412912220150108      -0.93860735636290482     
   96.409208639249840      -0.13704650371270938      -0.93778361472224303     
   96.781444966042315      -0.13990539754612935      -0.93668271760591670     
   97.153681292834790      -0.14270509831248634      -0.93530471850993702     
   97.525917619627265      -0.14544491522750927      -0.93364973842848986     
   97.898153946419740      -0.14812417228237071      -0.93171796640409266     
   98.270390273212215      -0.15074220841048316      -0.92950966005666025     
   98.642626600004689      -0.15329837765060669      -0.92702514608989905     
   99.014862926797164      -0.15579204930622978      -0.92426482077359851     
   99.387099253589639      -0.15822260810118513      -0.92122915040037479     
   99.759335580382114      -0.16058945433145946      -0.91791867171539865     
   100.13157190717459      -0.16289200401316115      -0.91433399231774570     
   100.50380823396706      -0.16512968902661010      -0.91047579103202547     
   100.87604456075954      -0.16730195725651240      -0.90634481824894242     
   101.24828088755201      -0.16940827272818662      -0.90194189623355614     
   101.62051721434449      -0.17144811573980787      -0.89726791939998429     
   101.99275354113696      -0.17342098299063549      -0.89232385455137642     
   102.36498986792944      -0.17532638770519618      -0.88711074108407828     
   102.73722619472191      -0.17716385975338786      -0.88162969115485290     
   103.10946252151439      -0.17893294576647720      -0.87588188981017823     
   103.48169884830686      -0.18063320924896190      -0.86986859507669645     
   103.85393517509934      -0.18226423068626937      -0.86359113801186638     
   104.22617150189181      -0.18382560764826519      -0.85705092271402517     
   104.59840782868429      -0.18531695488854769      -0.85024942629112310     
   104.97064415547676      -0.18673790443950053      -0.84318819878737550     
   105.34288048226924      -0.18808810570308435      -0.83586886306727426     
   105.71511680906171      -0.18936722553734084      -0.82829311465635946     
   106.08735313585419      -0.19057494833859065      -0.82046272153829847     
   106.45958946264666      -0.19171097611930424      -0.81237952390787693     
   106.83182578943914      -0.19277502858162546      -0.80404543387952354     
   107.20406211623161      -0.19376684318653084      -0.79546243515117832     
   107.57629844302409      -0.19468617521860762      -0.78663258262328073     
   107.94853476981656      -0.19553279784643315      -0.77755800197280889     
   108.32077109660904      -0.19630650217854220      -0.76824088918231059     
   108.69300742340151      -0.19700709731496810      -0.75868351002403556     
   109.06524375019399      -0.19763441039434407      -0.74888819949924901     
   109.43748007698646      -0.19818828663655455      -0.73885736123298618     
   109.80971640377894      -0.19866858938092460      -0.72859346682450399     
   110.18195273057141      -0.19907520011993887      -0.71809905515380312     
   110.55418905736389      -0.19940801852848186      -0.70737673164469816     
   110.92642538415636      -0.19966696248859131      -0.69642916748489514     
   111.29866171094883      -0.19985196810971964      -0.68525909880373292     
   111.67089803774131      -0.19996298974449825      -0.67386932580821712     
   112.04313436453378      -0.19999999999999998      -0.66226271187809471     
   112.41537069132626      -0.19996298974449808      -0.65044218262080522     
   112.78760701811873      -0.19985196810971925      -0.63841072488714623     
   113.15984334491121      -0.19966696248859064      -0.62617138574864295     
   113.53207967170368      -0.19940801852848103      -0.61372727143762040     
   113.90431599849616      -0.19907520011993782      -0.60108154625103882     
   114.27655232528863      -0.19866858938092333      -0.58823743141926599     
   114.64878865208111      -0.19818828663655311      -0.57519820394094967     
   115.02102497887358      -0.19763441039434246      -0.56196719538527762     
   115.39326130566606      -0.19700709731496627      -0.54854779066289105     
   115.76549763245853      -0.19630650217854015      -0.53494342676686280     
   116.13773395925101      -0.19553279784643088      -0.52115759148510210     
   116.50997028604348      -0.19468617521860518      -0.50719382208565933     
   116.88220661283596      -0.19376684318652818      -0.49305570397642279     
   117.25444293962843      -0.19277502858162257      -0.47874686934074601     
   117.62667926642091      -0.19171097611930124      -0.46427099575056435     
   117.99891559321338      -0.19057494833858737      -0.44963180475860393     
   118.37115192000586      -0.18936722553733740      -0.43483306047133868     
   118.74338824679833      -0.18808810570308074      -0.41987856810429530     
   119.11562457359081      -0.18673790443949670      -0.40477217252146014     
   119.48786090038328      -0.18531695488854363      -0.38951775676042999     
   119.86009722717576      -0.18382560764826092      -0.37411924054502133     
   120.23233355396823      -0.18226423068626488      -0.35858057878711608     
   120.60456988076071      -0.18063320924895729      -0.34290576007938917     
   120.97680620755318      -0.17893294576647231      -0.32709880518073953     
   121.34904253434566      -0.17716385975338281      -0.31116376549611080     
   121.72127886113813      -0.17532638770519102      -0.29510472155242989     
   122.09351518793061      -0.17342098299063005      -0.27892578147243441     
   122.46575151472308      -0.17144811573980220      -0.26263107944806158     
   122.83798784151556      -0.16940827272818096      -0.24622477421511846     
   123.21022416830803      -0.16730195725650640      -0.22971104753091098     
   123.58246049510051      -0.16512968902660394      -0.21309410265651807     
   123.95469682189298      -0.16289200401315476      -0.19637816284531079     
   124.32693314868546      -0.16058945433145297      -0.17956746983936905     
   124.69916947547793      -0.15822260810117852      -0.16266628237532779     
   125.07140580227041      -0.15579204930622290      -0.14567887470125906     
   125.44364212906288      -0.15329837765059964      -0.12860953510603851     
   125.81587845585535      -0.15074220841047611      -0.11146256446269971     
   126.18811478264783      -0.14812417228236330       -9.4242274787183195E-002
   126.56035110944030      -0.14544491522750166       -7.6952987813878701E-002
   126.93258743623278      -0.14270509831247877       -5.9599033589235476E-002
   127.30482376302525      -0.13990539754612147       -4.2184749084787608E-002
   127.67706008981773      -0.13704650371270127       -2.4714476830768498E-002
   128.04929641661019      -0.13412912220149284       -7.1925635714725177E-003
   128.42153274340265      -0.13115397283273075        1.0376641056487095E-002
   128.79376907019511      -0.12812178968000318        2.7988785822051197E-002
   129.16600539698757      -0.12503332088913166        4.5639519172646657E-002
   129.53824172378003      -0.12188932849357681        6.3324490481347889E-002
   129.91047805057249      -0.11869058822641726        8.1039351267392493E-002
   130.28271437736495      -0.11543788932895038        9.8779756389223802E-002
   130.65495070415741      -0.11213203435595806       0.11654136520943809     
   131.02718703094988      -0.10877383897768803       0.13431984273093747     
   131.39942335774234      -0.10536413177860027       0.15211086070372179     
   131.77165968453480      -0.10190375405292579       0.16991009870186391     
   132.14389601132726       -9.8393559597089286E-002  0.18771324517023052     
   132.51613233811972       -9.4834414499048753E-002  0.20551599844057059     
   132.88836866491218       -9.1227196924600518E-002  0.22331406771676529     
   133.26060499170464       -8.7572796900705296E-002  0.24110317402899137     
   133.63284131849710       -8.3872116095886629E-002  0.25887905115671694     
   134.00507764528956       -8.0126067597758838E-002  0.27663744652042166     
   134.37731397208202       -7.6335575687735746E-002  0.29437412204215468     
   134.74955029887448       -7.2501575612977293E-002  0.31208485497498839     
   135.12178662566694       -6.8625013355632869E-002  0.32976543870149755     
   135.49402295245940       -6.4706845399433388E-002  0.34741168350162627     
   135.86625927925186       -6.0748038493692813E-002  0.36501941729017268     
   136.23849560604432       -5.6749569414778461E-002  0.38258448632428294     
   136.61073193283679       -5.2712424725105400E-002  0.40010275588148192     
   136.98296825962925       -4.8637600529716218E-002  0.41757011090872381     
   137.35520458642171       -4.4526102230508513E-002  0.43498245664302060     
   137.72744091321417       -4.0378944278165907E-002  0.45233571920439875     
   138.09967724000663       -3.6197149921858157E-002  0.46962584616182174     
   138.47191356679909       -3.1981750956768640E-002  0.48684880707292544     
   138.84414989359155       -2.7733787469515853E-002  0.50400059399832486     
   139.21638622038401       -2.3454307581526918E-002  0.52107722199147910     
   139.58862254717647       -1.9144367190428460E-002  0.53807472956503100     
   139.96085887396893       -1.4805029709521189E-002  0.55498917913455981     
   140.33309520076139       -1.0437365805397891E-002  0.57181665744089971     
   140.70533152755385       -6.0424531337716220E-003  0.58855327595207108     
   141.07756785434631       -1.6213760735819122E-003  0.60519517124590416     
   141.44980418113877        2.8247745405604457E-003  0.62173850537464537     
   141.82204050793123        7.2949016875210326E-003  0.63817946621268662     
   142.19427683472369        1.1787902430314093E-002  0.65451426778863997     
   142.56651316151616        1.6302668188236238E-002  0.67073915060311151     
   142.93874948830862        2.0838085010393151E-002  0.68685038193344461     
   143.31098581510108        2.5393033850548571E-002  0.70284425612669132     
   143.68322214189354        2.9966390843233368E-002  0.71871709488228386     
   144.05545846868600        3.4557027581041955E-002  0.73446524752566100     
   144.42769479547846        3.9163811393050967E-002  0.75008509127430201     
   144.79993112227092        4.3785605624287308E-002  0.76557303149746037     
   145.17216744906338        4.8421269916181564E-002  0.78092550197109734     
   145.54440377585584        5.3069660487935148E-002  0.79613896512934901     
   145.91664010264830        5.7729630418729597E-002  0.81120991231387729     
   146.28887642944076        6.2400029930712836E-002  0.82613486402258474     
   146.66111275623322        6.7079706672690503E-002  0.84091037015902370     
   147.03334908302568        7.1767506004449783E-002  0.85553301028381012     
   147.40558540981814        7.6462271281650299E-002  0.86999939386949565     
   147.77782173661060        8.1162844141209750E-002  0.88430616056017963     
   148.15005806340307        8.5868064787110940E-002  0.89844998043710467     
   148.52229439019553        9.0576772276565229E-002  0.91242755429164202     
   148.89453071698799        9.5287804806457224E-002  0.92623561390680920     
   149.26676704378045       0.10000000000000339       0.93987092234861824     
   149.63900337057291       0.10471219519354957       0.95333027426833816     
   150.01123969736537       0.10942322772344157       0.96661049621692730     
   150.38347602415783       0.11413193521289584       0.97970844697267445     
   150.75571235095029       0.11883715585879703       0.99262101788306967     
   151.12794867774275       0.12353772871835621        1.0053451332219865     
   151.50018500453521       0.12823249399555697        1.0178777505631105     
   151.87242133132767       0.13292029332731625        1.0302158611704366     
   152.24465765812013       0.13759997006929364        1.0423564904067923     
   152.61689398491259       0.14227036958127712        1.0542966981611341     
   152.98913031170505       0.14693033951207154        1.0660335792952675     
   153.36136663849751       0.15157873008382486        1.0775642641107694     
   153.73360296528998       0.15621439437571935        1.0888859188366555     
   154.10583929208244       0.16083618860695570        1.0999957461382668     
   154.47807561887490       0.16544297241896466        1.1108909856479523     
   154.85031194566736       0.17003360915677324        1.1215689145178382     
   155.22254827245982       0.17460696614945803        1.1320268479950621     
   155.59478459925228       0.17916191498961342        1.1422621400196582     
   155.96702092604474       0.18369733181177003        1.1522721838453300     
   156.33925725283720       0.18821209756969243        1.1620544126831847     
   156.71149357962966       0.19270509831248545        1.1716063003683912     
   157.08372990642212       0.19717522545944574        1.1809253620498064     
   157.45596623321458       0.20162137607358829        1.1900091549023706     
   157.82820256000704       0.20604245313377800        1.1988552788620388     
   158.20043888679950       0.21043736580540395        1.2074613773830447     
   158.57267521359196       0.21480502970952747        1.2158251382170795     
   158.94491154038442       0.21914436719043470        1.2239442942138932     
   159.31714786717689       0.22345430758153312        1.2318166241429367     
   159.68938419396935       0.22773378746952203        1.2394399535353016     
   160.06162052076181       0.23198175095677473        1.2468121555454195     
   160.43385684755427       0.23619714992186422        1.2539311518316567     
   160.80609317434673       0.24037894427817194        1.2607949134550838     
   161.17832950113919       0.24452610223051449        1.2674014617955283     
   161.55056582793165       0.24863760052972214        1.2737488694838490     
   161.92280215472411       0.25271242472511102        1.2798352613495569     
   162.29503848151657       0.25674956941478422        1.2856588153825956     
   162.66727480830903       0.26074803849369854        1.2912177637081272     
   163.03951113510149       0.26470684539943889        1.2965103935731455     
   163.41174746189395       0.26862501335563849        1.3015350483436483     
   163.78398378868641       0.27250157561298288        1.3062901285109410     
   164.15622011547887       0.27633557568774125        1.3107740927057971     
   164.52845644227133       0.28012606759776426        1.3149854587189518     
   164.90069276906380       0.28387211609589202        1.3189228045264922     
   165.27292909585626       0.28757279690071058        1.3225847693185113     
   165.64516542264872       0.29122719692460575        1.3259700545295690     
   166.01740174944118       0.29483441449905390        1.3290774248692372     
   166.38963807623364       0.29839355959709435        1.3319057093510920     
   166.76187440302610       0.30190375405293063        1.3344538023184744     
   167.13411072981856       0.30536413177860522        1.3367206644652909     
   167.50634705661102       0.30877383897769295        1.3387053238500550     
   167.87858338340348       0.31213203435596271        1.3404068769014508     
   168.25081971019594       0.31543788932895511        1.3418244894136104     
   168.62305603698840       0.31869058822642193        1.3429573975292184     
   168.99529236378086       0.32188932849358121        1.3438049087087287     
   169.36752869057332       0.32503332088913617        1.3443664026838054     
   169.73976501736578       0.32812178968000760        1.3446413323930915     
   170.11200134415824       0.33115397283273507        1.3446292248985701     
   170.48423767095071       0.33412912220149704        1.3443296822806232     
   170.85647399774317       0.33704650371270528        1.3437423825099457     
   171.22871032453563       0.33990539754612537        1.3428670802945211     
   171.60094665132809       0.34270509831248230        1.3417036078998466     
   171.97318297812055       0.34544491522750509        1.3402518759406374     
   172.34541930491301       0.34812417228236664        1.3385118741421906     
   172.71765563170547       0.35074220841047909        1.3364836720697328     
   173.08989195849793       0.35329837765060257        1.3341674198240336     
   173.46212828529039       0.35579204930622577        1.3315633487015626     
   173.83436461208285       0.35822260810118101        1.3286717718176155     
   174.20660093887531       0.36058945433145539        1.3254930846908013     
   174.57883726566777       0.36289200401315713        1.3220277657872621     
   174.95107359246023       0.36512968902660614        1.3182763770232788     
   175.32330991925269       0.36730195725650838        1.3142395642246434     
   175.69554624604515       0.36940827272818277        1.3099180575415430     
   176.06778257283761       0.37144811573980396        1.3053126718175077     
   176.44001889963008       0.37342098299063164        1.3004243069112253     
   176.81225522642254       0.37532638770519244        1.2952539479699703     
   177.18449155321500       0.37716385975338418        1.2898026656535189     
   177.55672788000746       0.37893294576647352        1.2840716163074510     
   177.92896420679992       0.38063320924895838        1.2780620420848798     
   178.30120053359238       0.38226423068626592        1.2717752710156367     
   178.67343686038484       0.38382560764826190        1.2652127170220684     
   179.04567318717730       0.38531695488854434        1.2583758798807028     
   179.41790951396976       0.38673790443949740        1.2512663451290695     
   179.79014584076222       0.38808810570308128        1.2438857839170385     
   180.16238216755468       0.38936722553733794        1.2362359528022127     
   180.53461849434714       0.39057494833858786        1.2283186934888830     
   180.90685482113960       0.39171097611930161        1.2201359325102270     
   181.27909114793206       0.39277502858162294        1.2116896808534694     
   181.65132747472452       0.39376684318652844        1.2029820335278256     
   182.02356380151699       0.39468617521860550        1.1940151690751706     
   182.39580012830945       0.39553279784643103        1.1847913490233712     
   182.76803645510191       0.39630650217854024        1.1753129172825123     
   183.14027278189437       0.39700709731496631        1.1655822994840099     
   183.51250910868683       0.39763441039434244        1.1556020022630737     
   183.88474543547929       0.39818828663655315        1.1453746124847615     
   184.25698176227175       0.39866858938092331        1.1349027964141509     
   184.62921808906421       0.39907520011993780        1.1241892988311388     
   185.00145441585667       0.39940801852848096        1.1132369420904984     
   185.37369074264913       0.39966696248859068        1.1020486251279888     
   185.74592706944159       0.39985196810971924        1.0906273224131766     
   186.11816339623405       0.39996298974449807        1.0789760828500676     
   186.49039972302651       0.40000000000000002        1.0670980286263367     
   186.86263604981897       0.39996298974449829        1.0549963540123084     
   187.23487237661143       0.39985196810971968        1.0426743241108409     
   187.60710870340390       0.39966696248859135        1.0301352735592753     
   187.97934503019636       0.39940801852848196        1.0173826051847739     
   188.35158135698882       0.39907520011993902        1.0044197886144162     
   188.72381768378128       0.39866858938092475       0.99125035884147761     
   189.09605401057374       0.39818828663655481       0.97787791474938413     
   189.46829033736620       0.39763441039434444       0.96430611759496210     
   189.84052666415866       0.39700709731496853       0.95053868945252173     
   190.21276299095112       0.39630650217854269       0.93657941162059011     
   190.58499931774358       0.39553279784643369       0.92243212299290900     
   190.95723564453604       0.39468617521860827       0.90810071839560147     
   191.32947197132850       0.39376684318653166       0.89358914689227531     
   191.70170829812096       0.39277502858162616       0.87890141005904032     
   192.07394462491342       0.39171097611930517       0.86404156023128054     
   192.44618095170588       0.39057494833859174       0.84901369872422539     
   192.81841727849834       0.38936722553734193       0.83382197402929426     
   193.19065360529081       0.38808810570308561       0.81847057998828787     
   193.56288993208327       0.38673790443950185       0.80296375394741204     
   193.93512625887573       0.38531695488854900       0.78730577489333453     
   194.30736258566819       0.38382560764826679       0.77150096157327952     
   194.67959891246065       0.38226423068627091       0.75555367060131540     
   195.05183523925311       0.38063320924896371       0.73946829455303331     
   195.42407156604557       0.37893294576647918       0.72324926005060897     
   195.79630789283803       0.37716385975338984       0.70690102584052417     
   196.16854421963049       0.37532638770519844       0.69042808086605090     
   196.54078054642295       0.37342098299063797       0.67383494233651819     
   196.91301687321541       0.37144811573981029       0.65712615379570583     
   197.28525320000787       0.36940827272818944       0.64030628319125438     
   197.65748952680033       0.36730195725651538       0.62337992094729344     
   198.02972585359279       0.36512968902661302       0.60635167804234047     
   198.40196218038525       0.36289200401316435       0.58922618409454441     
   198.77419850717772       0.36058945433146306       0.57200808545616988     
   199.14643483397018       0.35822260810118878       0.55470204331944817     
   199.51867116076264       0.35579204930623365       0.53731273183568973     
   199.89090748755510       0.35329837765061078       0.51984483624946243     
   200.26314381434756       0.35074220841048742       0.50230305104985740     
   200.63538014114002       0.34812417228237513       0.48469207814054388     
   201.00761646793248       0.34544491522751397       0.46701662503040275     
   201.37985279472494       0.34270509831249119       0.44928140304642383     
   201.75208912151740       0.33990539754613447       0.43149112557062941     
   202.12432544830986       0.33704650371271472       0.41365050630239769     
   202.49656177510232       0.33412912220150653       0.39576425754794625     
   202.86879810189478       0.33115397283274473       0.37783708853831610     
   203.24103442868724       0.32812178968001759       0.35987370377722522     
   203.61327075547970       0.32503332088914616       0.34187880142021093     
   203.98550708227216       0.32188932849359153       0.32385707168630362     
   204.35774340906462       0.31869058822643204       0.30581319530325385     
   204.72997973585709       0.31543788932896560       0.28775184198772041     
   205.10221606264955       0.31213203435597359       0.26967766896109391     
   205.47445238944201       0.30877383897770361       0.25159531950220027     
   205.84668871623447       0.30536413177861621       0.23350942153760534     
   206.21892504302693       0.30190375405294201       0.21542458627027672     
   206.59116136981939       0.29839355959710551       0.19734540684742183     
   206.96339769661185       0.29483441449906539       0.17927645706807910     
   207.33563402340431       0.29122719692461757       0.16122229013088693     
   207.70787035019677       0.28757279690072218       0.14318743742268356     
   208.08010667698923       0.28387211609590390       0.12517640734816687     
   208.45234300378169       0.28012606759777658       0.10719368420089091     
   208.82457933057415       0.27633557568775324        8.9243727075873885E-002
   209.19681565736661       0.27250157561299526        7.1330968823941021E-002
   209.56905198415907       0.26862501335565120        5.3459815047662437E-002
   209.94128831095153       0.26470684539945144        3.5634643139079415E-002
   210.31352463774400       0.26074803849371131        1.7859801358921804E-002
   210.68576096453646       0.25674956941479737        1.3960795707610926E-004
   211.05799729132892       0.25271242472512401       -1.7521649665845032E-002
   211.43023361812138       0.24863760052973524       -3.5119715756296917E-002
   211.80246994491384       0.24452610223052793       -5.2650366965520050E-002
   212.17470627170630       0.24037894427818526       -7.0109413067477894E-002
   212.54694259849876       0.23619714992187765       -8.7492697637779546E-002
   212.91917892529122       0.23198175095678855      -0.10479609869430066     
   213.29141525208368       0.22773378746953568      -0.12201552930008899     
   213.66365157887614       0.22345430758154688      -0.13914693812945986     
   214.03588790566860       0.21914436719044880      -0.15618630999825545     
   214.40812423246106       0.21480502970954143      -0.17312966635901367     
   214.78036055925352       0.21043736580541827      -0.18997306576214856     
   215.15259688604598       0.20604245313379188      -0.20671260428432142     
   215.52483321283844       0.20162137607360253      -0.22334441592482929     
   215.89706953963091       0.19717522545946031      -0.23986467297151731     
   216.26930586642337       0.19270509831249955      -0.25626958633714664     
   216.64154219321583       0.18821209756970686      -0.27255540586759947     
   217.01377852000829       0.18369733181178483      -0.28871842062331754     
   217.38601484680075       0.17916191498962775      -0.30475495913512085     
   217.75825117359321       0.17460696614947266      -0.32066138963586210     
   218.13048750038567       0.17003360915678817      -0.33643412026947073     
   218.50272382717813       0.16544297241897915      -0.35206959927857295     
   218.87496015397059       0.16083618860697046      -0.36756431517228361     
   219.24719648076305       0.15621439437573445      -0.38291479687573987     
   219.61943280755551       0.15157873008383976      -0.39811761386267797     
   219.99166913434797       0.14693033951208648      -0.41316937627267131     
   220.36390546114043       0.14227036958129236      -0.42806673501464210     
   220.73614178793289       0.13759997006930863      -0.44280638185799309     
   221.10837811472535       0.13292029332733124      -0.45738504951297532     
   221.48061444151782       0.12823249399557229      -0.47179951170194162     
   221.85285076831028       0.12353772871837126      -0.48604658322279065     
   222.22508709510274       0.11883715585881210      -0.50012312000622661     
   222.59732342189520       0.11413193521291119      -0.51402601916846147     
   222.96955974868766       0.10942322772345665      -0.52775221906060266     
   223.34179607548012       0.10471219519356467      -0.54129869931634234     
   223.71403240227258       0.10000000000001877      -0.55466248089947368     
   224.08626872906504        9.5287804806472323E-002 -0.56784062615243602     
   224.45850505585750        9.0576772276580328E-002 -0.58083023884742346     
   224.83074138264996        8.5868064787126303E-002 -0.59362846424147053     
   225.20297770944242        8.1162844141224821E-002 -0.60623248913665484     
   225.57521403623488        7.6462271281665620E-002 -0.61863954194679560     
   225.94745036302734        7.1767506004464549E-002 -0.63084689277200134     
   226.31968668981980        6.7079706672705519E-002 -0.64285185348196339     
   226.69192301661226        6.2400029930728088E-002 -0.65465177780949158     
   227.06415934340473        5.7729630418744286E-002 -0.66624406145509540     
   227.43639567019719        5.3069660487950067E-002 -0.67762614220376804     
   227.80863199698965        4.8421269916196698E-002 -0.68879550005504564     
   228.18086832378211        4.3785605624301886E-002 -0.69974965736707362     
   228.55310465057457        3.9163811393065760E-002 -0.71048617901564370     
   228.92534097736703        3.4557027581056957E-002 -0.72100267256909523     
   229.29757730415949        2.9966390843247787E-002 -0.73129678847961910     
   229.66981363095195        2.5393033850563199E-002 -0.74136622029173915     
   230.04204995774441        2.0838085010407972E-002 -0.75120870486866653     
   230.41428628453687        1.6302668188250741E-002 -0.76082202263685206     
   230.78652261132933        1.1787902430328526E-002 -0.77020399784931548     
   231.15875893812179        7.2949016875356598E-003 -0.77935249886822755     
   231.53099526491425        2.8247745405747399E-003 -0.78826543846685637     
   231.90323159170671       -1.6213760735676874E-003 -0.79694077415124265     
   232.27546791849917       -6.0424531337572446E-003 -0.80537650850184739     
   232.64770424529164       -1.0437365805383847E-002 -0.81357068953508127     
   233.01994057208410       -1.4805029709507242E-002 -0.82152141108483545     
   233.39217689887656       -1.9144367190414360E-002 -0.82922681320405178     
   233.76441322566902       -2.3454307581513151E-002 -0.83668508258600038     
   234.13664955246148       -2.7733787469502197E-002 -0.84389445300517996     
   234.50888587925394       -3.1981750956754817E-002 -0.85085320577763013     
   234.88112220604640       -3.6197149921844696E-002 -0.85755967024013080     
   235.25335853283886       -4.0378944278152556E-002 -0.86401222424795687     
   235.62559485963132       -4.4526102230495052E-002 -0.87020929469078312     
   235.99783118642378       -4.8637600529703118E-002 -0.87614935802597715     
   236.37006751321624       -5.2712424725092161E-002 -0.88183094082875968     
   236.74230384000870       -5.6749569414765805E-002 -0.88725262035860808     
   237.11454016680116       -6.0748038493680073E-002 -0.89241302514089038     
   237.48677649359362       -6.4706845399420537E-002 -0.89731083556319224     
   237.85901282038608       -6.8625013355620601E-002 -0.90194478448519544     
   238.23124914717854       -7.2501575612964969E-002 -0.90631365786124618     
   238.60348547397101       -7.6335575687723312E-002 -0.91041629537468394     
   238.97572180076347       -8.0126067597746986E-002 -0.91425159108268406     
   239.34795812755593       -8.3872116095874721E-002 -0.91781849407058236     
   239.72019445434839       -8.7572796900693306E-002 -0.92111600911457481     
   240.09243078114085       -9.1227196924589082E-002 -0.92414319735141470     
   240.46466710793331       -9.4834414499037262E-002 -0.92689917695391066     
   240.83690343472577       -9.8393559597077740E-002 -0.92938312381100130     
   241.20913976151823      -0.10190375405291463      -0.93159427221087288     
   241.58137608831069      -0.10536413177858925      -0.93353191552584525     
   241.95361241510315      -0.10877383897767701      -0.93519540689765035     
   242.32584874189561      -0.11213203435594740      -0.93658415992150401     
   242.69808506868807      -0.11543788932893984      -0.93769764932758271     
   243.07032139548053      -0.11869058822640674      -0.93853541165845644     
   243.44255772227299      -0.12188932849356660      -0.93909704594082477     
   243.81479404906545      -0.12503332088912167      -0.93938221435007740     
   244.18703037585792      -0.12812178967999319      -0.93939064286621199     
   244.55926670265038      -0.13115397283272109      -0.93912212191939204     
   244.93150302944284      -0.13412912220148338      -0.93857650702367146     
   245.30373935623530      -0.13704650371269170      -0.93775371939735774     
   245.67597568302776      -0.13990539754611220      -0.93665374656833000     
   246.04821200982022      -0.14270509831246944      -0.93527664296282675     
   246.42044833661268      -0.14544491522749234      -0.93362253047618859     
   246.79268466340514      -0.14812417228235433      -0.93169159902391741     
   247.16492099019760      -0.15074220841046707      -0.92948410707156759     
   247.53715731699006      -0.15329837765059098      -0.92700038214205460     
   247.90939364378252      -0.15579204930621429      -0.92424082129871910     
   248.28162997057498      -0.15822260810116992      -0.92120589160290656     
   248.65386629736744      -0.16058945433144464      -0.91789613054444197     
   249.02610262415990      -0.16289200401314655      -0.91431214644373326     
   249.39833895095236      -0.16512968902659572      -0.91045461882414214     
   249.77057527774483      -0.16730195725649852      -0.90632429875324316     
   250.14281160453729      -0.16940827272817313      -0.90192200915173792     
   250.51504793132975      -0.17144811573979454      -0.89724864506886115     
   250.88728425812221      -0.17342098299062272      -0.89230517392298636     
   251.25952058491467      -0.17532638770518374      -0.88709263570637620     
   251.63175691170713      -0.17716385975337570      -0.88161214315304903     
   252.00399323849959      -0.17893294576646560      -0.87586488186864864     
   252.37622956529205      -0.18063320924895063      -0.86985211042142729     
   252.74846589208451      -0.18226423068625838      -0.86357516039349058     
   253.12070221887697      -0.18382560764825481      -0.85703543639137381     
   253.49293854566943      -0.18531695488853764      -0.85023441601526484     
   253.86517487246189      -0.18673790443949087      -0.84317364978619702     
   254.23741119925435      -0.18808810570307530      -0.83585476103052081     
   254.60964752604681      -0.18936722553733212      -0.82827944572113232     
   254.98188385283927      -0.19057494833858238      -0.82044947227503906     
   255.35412017963174      -0.19171097611929647      -0.81236668130676004     
   255.72635650642420      -0.19277502858161807      -0.80403298533728684     
   256.09859283321668      -0.19376684318652396      -0.79545036845836836     
   256.47082916000915      -0.19468617521860135      -0.78662088595189961     
   256.84306548680161      -0.19553279784642738      -0.77754666386432669     
   257.21530181359407      -0.19630650217853693      -0.76822989853608648     
   257.58753814038653      -0.19700709731496333      -0.75867285608608059     
   257.95977446717899      -0.19763441039433979      -0.74887787185134724     
   258.33201079397145      -0.19818828663655078      -0.73884734978215583     
   258.70424712076391      -0.19866858938092133      -0.72858376179279016     
   259.07648344755637      -0.19907520011993615      -0.71808964706839185     
   259.44871977434883      -0.19940801852847964      -0.70736761132833492     
   259.82095610114129      -0.19966696248858964      -0.69642032604661275     
   260.19319242793375      -0.19985196810971853      -0.68525052762986582     
   260.56542875472621      -0.19996298974449769      -0.67386101655369834     
   260.93766508151867      -0.19999999999999998      -0.66225465645802584     
   261.30990140831113      -0.19996298974449864      -0.65043437320229247     
   261.68213773510359      -0.19985196810972036      -0.63840315388138968     
   262.05437406189606      -0.19966696248859236      -0.62616404580328577     
   262.42661038868852      -0.19940801852848331      -0.61372015542931768     
   262.79884671548098      -0.19907520011994070      -0.60107464727828086     
   263.17108304227344      -0.19866858938092677      -0.58823074279541443     
   263.54331936906590      -0.19818828663655716      -0.57519171918750245     
   263.91555569585836      -0.19763441039434712      -0.56196090822533207     
   264.28779202265082      -0.19700709731497149      -0.54854169501482763     
   264.66002834944328      -0.19630650217854603      -0.53493751673821910     
   265.03226467623574      -0.19553279784643743      -0.52115186136663882     
   265.40450100302820      -0.19468617521861228      -0.50718826634561009     
   265.77673732982066      -0.19376684318653589      -0.49305031725494497     
   266.14897365661312      -0.19277502858163095      -0.47874164644452155     
   266.52120998340558      -0.19171097611931012      -0.46426593164757662     
   266.89344631019804      -0.19057494833859698      -0.44962689457309313     
   267.26568263699050      -0.18936722553734767      -0.43482829947889728     
   267.63791896378297      -0.18808810570309156      -0.41987395172712566     
   268.01015529057543      -0.18673790443950819      -0.40476769632379184     
   268.38239161736789      -0.18531695488855562      -0.38951341644405557     
   268.75462794416035      -0.18382560764827374      -0.37411503194500922     
   269.12686427095281      -0.18226423068627837      -0.35857649786761653     
   269.49910059774527      -0.18063320924897128      -0.34290180292960126     
   269.87133692453773      -0.17893294576648708      -0.32709496801101234     
   270.24357325133019      -0.17716385975339824      -0.31116004463412894     
   270.61580957812265      -0.17532638770520695      -0.29510111343955264     
   270.98804590491511      -0.17342098299064670      -0.27892228266014774     
   271.36028223170757      -0.17144811573981963      -0.26262768659452629     
   271.73251855850003      -0.16940827272819878      -0.24622148408182207     
   272.10475488529249      -0.16730195725652505      -0.22970785697947232     
   272.47699121208495      -0.16512968902662331      -0.21309100864552646     
   272.84922753887741      -0.16289200401317469      -0.19637516242730496     
   273.22146386566988      -0.16058945433147356      -0.17956456015791139     
   273.59370019246234      -0.15822260810119990      -0.16266346066215656     
   273.96593651925480      -0.15579204930624477      -0.14567613827352396     
   274.33817284604726      -0.15329837765062224      -0.12860688136366041     
   274.71040917283972      -0.15074220841049937      -0.11145999088576462     
   275.08264549963218      -0.14812417228238714       -9.4239778933448759E-002
   275.45488182642464      -0.14544491522752623       -7.6950567316360227E-002
   275.82711815321710      -0.14270509831250403       -5.9596686153847840E-002
   276.19935448000956      -0.13990539754614725       -4.2182472488075440E-002
   276.57159080680202      -0.13704650371272778       -2.4712268917717779E-002
   276.94382713359448      -0.13412912220152021       -7.1904222533647616E-003
   277.31606346038694      -0.13115397283275831        1.0378717804148225E-002
   277.68829978717940      -0.12812178968003141        2.7990799961503731E-002
   278.06053611397186      -0.12503332088916058        4.5641472605838444E-002
   278.43277244076432      -0.12188932849360590        6.3326385051814885E-002
   278.80500876755679      -0.11869058822644704        8.1041188762040708E-002
   279.17724509434925      -0.11543788932898047        9.8781538540133121E-002
   279.54948142114171      -0.11213203435598865       0.11654309369553123     
   279.92171774793417      -0.10877383897771925       0.13432151917965068     
   280.29395407472663      -0.10536413177863180       0.15211248669260752     
   280.66619040151909      -0.10190375405295776       0.16991167576011990     
   281.03842672831155       -9.8393559597121927E-002  0.18771477478021142     
   281.41066305510401       -9.4834414499081643E-002  0.20551748203925307     
   281.78289938189647       -9.1227196924634019E-002  0.22331550669712949     
   282.15513570868893       -8.7572796900739214E-002  0.24110456974140743     
   282.52737203548139       -8.3872116095920768E-002  0.25888040491025899     
   282.89960836227385       -8.0126067597793643E-002  0.27663875958412965     
   283.27184468906631       -7.6335575687770912E-002  0.29437539564630588     
   283.64408101585877       -7.2501575613012681E-002  0.31208609031227447     
   284.01631734265123       -6.8625013355668840E-002  0.32976663692818525     
   284.38855366944370       -6.4706845399469748E-002  0.34741284573870301     
   284.76078999623616       -6.0748038493729339E-002  0.36502054462442496     
   285.13302632302862       -5.6749569414815543E-002  0.38258557980934288     
   285.50526264982108       -5.2712424725142815E-002  0.40010381653887589     
   285.87749897661354       -4.8637600529753772E-002  0.41757113972884990     
   286.24973530340600       -4.4526102230546621E-002  0.43498345458609633     
   286.62197163019846       -4.0378944278204598E-002  0.45233668720141595     
   286.99420795699092       -3.6197149921896682E-002  0.46962678511545208     
   287.36644428378338       -3.1981750956807692E-002  0.48684971785834968     
   287.73868061057584       -2.7733787469555488E-002  0.50400147746412305     
   288.11091693736830       -2.3454307581566344E-002  0.52107807896045388     
   288.48315326416076       -1.9144367190468400E-002  0.53807556083495089     
   288.85538959095322       -1.4805029709561143E-002  0.55498998547898803     
   289.22762591774568       -1.0437365805438109E-002  0.57181743960989728     
   289.59986224453814       -6.0424531338123394E-003  0.58855403467293510     
   289.97209857133060       -1.6213760736225880E-003  0.60519590722388383     
   290.34433489812307        2.8247745405195340E-003  0.62173921929358433     
   290.71657122491553        7.2949016874796491E-003  0.63818015873570033     
   291.08880755170799        1.1787902430272751E-002  0.65451493955876516     
   291.46104387850045        1.6302668188194702E-002  0.67073980224389085     
   291.83328020529291        2.0838085010351157E-002  0.68685101404954019     
   292.20551653208537        2.5393033850506688E-002  0.70284486930448131     
   292.57775285887783        2.9966390843191068E-002  0.71871768969038130     
   292.94998918567029        3.4557027580999489E-002  0.73446582451549858     
   293.32222551246275        3.9163811393008625E-002  0.75008565098064017     
   293.69446183925521        4.3785605624244571E-002  0.76557357443888208     
   294.06669816604767        4.8421269916138696E-002  0.78092602865053473     
   294.43893449284013        5.3069660487892446E-002  0.79613947603454593     
   294.81117081963259        5.7729630418686520E-002  0.81121040791783583     
   295.18340714642505        6.2400029930669676E-002  0.82613534478405004     
   295.55564347321751        6.7079706672647538E-002  0.84091083652290077     
   295.92787980000998        7.1767506004406470E-002  0.85553346268157004     
   296.30011612680244        7.6462271281606931E-002  0.86999983271962067     
   296.67235245359490        8.1162844141166590E-002  0.88430658626853798     
   297.04458878038736        8.5868064787067488E-002  0.89845039339732302     
   297.41682510717982        9.0576772276521472E-002  0.91242795488550332     
   297.78906143397228        9.5287804806413981E-002  0.92623600250461968     
   298.16129776076474        9.9999999999959885E-002  0.93987129930950386     
   298.53353408755720       0.10471219519350580       0.95333063994064005     
   298.90577041434966       0.10942322772339834       0.96661085093852384     
   299.27800674114212       0.11413193521285239       0.97970879107125397     
   299.65024306793458       0.11883715585875387       0.99262135167649612     
   300.02247939472704       0.12353772871831310        1.0053454570185585     
   300.39471572151950       0.12823249399551367        1.0178780646618666     
   300.76695204831196       0.13292029332727326        1.0302161658614479     
   301.13918837510442       0.13759997006925073        1.0423567859714085     
   301.51142470189689       0.14227036958123407        1.0542969848722628     
   301.88366102868935       0.14693033951202886        1.0660338574176385     
   302.25589735548181       0.15157873008378225        1.0775645339011584     
   302.62813368227427       0.15621439437567664        1.0888861805441403     
   303.00037000906673       0.16083618860691334        1.0999960000044722     
   303.37260633585919       0.16544297241892220        1.1108912319072413     
   303.74484266265165       0.17003360915673094        1.1215691533975665     
   304.11707898944411       0.17460696614941612        1.1320270797157768     
   304.48931531623657       0.17916191498957146        1.1422623647952834     
   304.86155164302903       0.18369733181172826        1.1522724018834003     
   305.23378796982149       0.18821209756965107        1.1620546241850234     
   305.60602429661395       0.19270509831244403        1.1716065055292813     
   305.97826062340641       0.19717522545940458        1.1809255610592058     
   306.35049695019887       0.20162137607354763        1.1900093479440645     
   306.72273327699133       0.20604245313373731        1.1988554661143052     
   307.09496960378380       0.21043736580536351        1.2074615590188473     
   307.46720593057626       0.21480502970948750        1.2158253144042053     
   307.83944225736872       0.21914436719039476        1.2239444651151088     
   308.21167858416118       0.22345430758149323        1.2318167899161465     
   308.58391491095364       0.22773378746948289        1.2394401143337097     
   308.95615123774610       0.23198175095673565        1.2468123115176244     
   309.32838756453856       0.23619714992182519        1.2539313031218342     
   309.70062389133102       0.24037894427813369        1.2607950602031204     
   310.07286021812348       0.24452610223047636        1.2674016041371039     
   310.44509654491594       0.24863760052968459        1.2737490075506168     
   310.81733287170840       0.25271242472507383        1.2798353952692270     
   311.18956919850086       0.25674956941474714        1.2856589452790688     
   311.56180552529332       0.26074803849366207        1.2912178897016144     
   311.93404185208578       0.26470684539940270        1.2965105157802641     
   312.30627817887824       0.26862501335560252        1.3015351668775370     
   312.67851450567071       0.27250157561294752        1.3062902434813766     
   313.05075083246317       0.27633557568770606        1.3107742042192623     
   313.42298715925563       0.28012606759772951        1.3149855668787707     
   313.79522348604809       0.28387211609585783        1.3189229094329062     
   314.16745981284055       0.28757279690067666        1.3225848710687633     
   314.53969613963301       0.29122719692457222        1.3259701532180084     
   314.91193246642547       0.29483441449902104        1.3290775205874117     
   315.28416879321793       0.29839355959706176        1.3319058021877985     
   315.65640512001039       0.30190375405289849        1.3344538923598814     
   316.02864144680285       0.30536413177857369        1.3367207517949971     
   316.40087777359531       0.30877383897766170        1.3387054085491563     
   316.77311410038777       0.31213203435593195        1.3404069590486380     
   317.14535042718023       0.31543788932892503        1.3418245690852295     
   317.51758675397269       0.31869058822639212        1.3429574747993269     
   317.88982308076515       0.32188932849355190        1.3438049836491961     
   318.26205940755762       0.32503332088910752        1.3443664753643527     
   318.63429573435008       0.32812178967997929        1.3446414028813549     
   319.00653206114254       0.33115397283270720        1.3446292932601815     
   319.37876838793500       0.33412912220147006        1.3443297485792596     
   319.75100471472746       0.33704650371267864        1.3437424468073746     
   320.12324104151992       0.33990539754609905        1.3428671426506769     
   320.49547736831238       0.34270509831245688        1.3417036683728902     
   320.86771369510484       0.34544491522748011        1.3402519345869770     
   321.23995002189730       0.34812417228234238        1.3385119310165672     
   321.61218634868976       0.35074220841045534        1.3364837272252450     
   321.98442267548222       0.35329837765057925        1.3341674733122020     
   322.35665900227468       0.35579204930620312        1.3315634005723820     
   322.72889532906714       0.35822260810115902        1.3286718221195859     
   323.10113165585960       0.36058945433143386        1.3254931334709674     
   323.47336798265206       0.36289200401313626        1.3220278130912839     
   323.84560430944452       0.36512968902658571        1.3182764228954369     
   324.21784063623699       0.36730195725648862        1.3142396087079180     
   324.59007696302945       0.36940827272816379        1.3099181006776239     
   324.96231328982191       0.37144811573978542        1.3053127136468359     
   325.33454961661437       0.37342098299061377        1.3004243474730435     
   325.70678594340683       0.37532638770517524        1.2952539873023514     
   326.07902227019929       0.37716385975336753        1.2898027037933935     
   326.45125859699175       0.37893294576645753        1.2840716532906573     
   326.82349492378421       0.38063320924894317        1.2780620779461864     
   327.19573125057667       0.38226423068625115        1.2717753057887629     
   327.56796757736913       0.38382560764824780        1.2652127507397406     
   327.94020390416159       0.38531695488853102        1.2583759125746750     
   328.31244023095405       0.38673790443948464        1.2512663768301322     
   328.68467655774651       0.38808810570306917        1.2438858146550720     
   329.05691288453897       0.38936722553732650        1.2362359826062035     
   329.42914921133143       0.39057494833857709        1.2283187223869532     
   329.80138553812390       0.39171097611929140        1.2201359605296642     
   330.17362186491636       0.39277502858161339        1.2116897080207396     
   330.54585819170882       0.39376684318651967        1.2029820598686065     
   330.91809451850128       0.39468617521859728        1.1940151946143687     
   331.29033084529374       0.39553279784642359        1.1847913737851621     
   331.66256717208620       0.39630650217853347        1.1753129412903294     
   332.03480349887866       0.39700709731496031        1.1655823227606057     
   332.40703982567112       0.39763441039433711        1.1556020248305019     
   332.77927615246358       0.39818828663654837        1.1453746343644300     
   333.15151247925604       0.39866858938091931        1.1349028176268292     
   333.52374880604850       0.39907520011993447        1.1241893193969612     
   333.89598513284096       0.39940801852847829        1.1132369620290106     
   334.26822145963342       0.39966696248858857        1.1020486444581379     
   334.64045778642588       0.39985196810971790        1.0906273411533602     
   335.01269411321834       0.39996298974449740        1.0789761010181176     
   335.38493044001081       0.40000000000000002        1.0670980462395583     
   335.75716676680327       0.39996298974449895        1.0549963710874846     
   336.12940309359573       0.39985196810972112        1.0426743406642607     
   336.50163942038819       0.39966696248859335        1.0301352896067233     
   336.87387574718065       0.39940801852848473        1.0173826207415766     
   337.24611207397311       0.39907520011994246        1.0044198036954335     
   337.61834840076557       0.39866858938092886       0.99125037346112355     
   337.99058472755803       0.39818828663655959       0.97787792892164638     
   338.36282105435049       0.39763441039434988       0.96430613133339960     
   338.73505738114295       0.39700709731497463       0.95053870277029384     
   339.10729370793541       0.39630650217854946       0.93657942453045551     
   339.47953003472787       0.39553279784644113       0.92243213550725078     
   339.85176636152033       0.39468617521861638       0.90810073052642315     
   340.22400268831279       0.39376684318654043       0.89358915865122623     
   340.59623901510525       0.39277502858163571       0.87890142145741290     
   340.96847534189772       0.39171097611931527       0.86404157128003045     
   341.34071166869018       0.39057494833860251       0.84901370943397925     
   341.71294799548264       0.38936722553735348       0.83382198441036492     
   342.08518432227510       0.38808810570309771       0.81847059005066514     
   342.45742064906756       0.38673790443951461       0.80296376370079714     
   342.82965697586002       0.38531695488856244       0.78730578434713339     
   343.20189330265248       0.38382560764828089       0.77150097073660751     
   343.57412962944494       0.38226423068628579       0.75555367948302510     
   343.94636595623740       0.38063320924897903       0.73946830316169354     
   344.31860228302986       0.37893294576649517       0.72324926839454529     
   344.69083860982232       0.37716385975340661       0.70690103392781367     
   345.06307493661478       0.37532638770521565       0.69042808870450501     
   345.43531126340724       0.37342098299065574       0.67383494993374038     
   345.80754759019970       0.37144811573982894       0.65712616115905698     
   346.17978391699216       0.36940827272820842       0.64030629032786845     
   346.55202024378463       0.36730195725653503       0.62337992786409591     
   346.92425657057709       0.36512968902663356       0.60635168474605372     
   347.29649289736955       0.36289200401318522       0.58922619059166337     
   347.66872922416201       0.36058945433148448       0.57200809175301504     
   348.04096555095447       0.35822260810121098       0.55470204942214929     
   348.41320187774693       0.35579204930625619       0.53731273775017296     
   348.78543820453939       0.35329837765063399       0.51984484198149750     
   349.15767453133185       0.35074220841051140       0.50230305660502650     
   349.52991085812431       0.34812417228239945       0.48469208352425630     
   349.90214718491677       0.34544491522753884       0.46701663024791157     
   350.27438351170923       0.34270509831251694       0.44928140810283057     
   350.64661983850169       0.33990539754616034       0.43149113047085269     
   351.01885616529415       0.33704650371274125       0.41365051105123662     
   351.39109249208661       0.33412912220153390       0.39576426215004551     
   351.76332881887907       0.33115397283277226       0.37783709299816448     
   352.13556514567153       0.32812178968004568       0.35987370809919883     
   352.50780147246400       0.32503332088917475       0.34187880560853851     
   352.88003779925646       0.32188932849362062       0.32385707574508771     
   353.25227412604892       0.31869058822646201       0.30581319923648304     
   353.62451045284138       0.31543788932899569       0.28775184579923641     
   353.99674677963384       0.31213203435600412       0.26967767265464382     
   354.36898310642630       0.30877383897773503       0.25159532308141924     
   354.74121943321876       0.30536413177864774       0.23350942500599201     
   355.11345576001122       0.30190375405297398       0.21542458963125216     
   355.48569208680368       0.29839355959713831       0.19734541010429804     
   355.85792841359614       0.29483441449909831       0.17927646022404362     
   356.23016474038860       0.29122719692465093       0.16122229318905640     
   356.60240106718106       0.28757279690075632       0.14318744038607600     
   356.97463739397352       0.28387211609593810       0.12517641021968692     
   357.34687372076598       0.28012606759781117       0.10719368698337599     
   357.71911004755844       0.27633557568778866        8.9243729772079727E-002
   358.09134637435091       0.27250157561303062        7.1330971436509308E-002
   358.46358270114337       0.26862501335568700        5.3459817579188065E-002
   358.83581902793583       0.26470684539948808        3.5634645592065473E-002
   359.20805535472829       0.26074803849374784        1.7859803735774286E-002
   359.58029168152075       0.25674956941483423        1.3961026015704703E-004
   359.95252800831321       0.25271242472516170       -1.7521647434247618E-002
   360.32476433510567       0.24863760052977282       -3.5119713593997605E-002
   360.69700066189813       0.24452610223056584       -5.2650364870364577E-002
   361.06923698869059       0.24037894427822395       -7.0109411037383162E-002
   361.44147331548305       0.23619714992191618       -8.7492695670754933E-002
   361.81370964227551       0.23198175095682735      -0.10479609678838513     
   362.18594596906797       0.22773378746957529      -0.12201552745337944     
   362.55818229586043       0.22345430758158630      -0.13914693634014558     
   362.93041862265289       0.21914436719048849      -0.15618630826455190     
   363.30265494944535       0.21480502970958137      -0.17312966467919810     
   363.67489127623782       0.21043736580545847      -0.18997306413455065     
   364.04712760303028       0.20604245313383282      -0.20671260270731676     
   364.41936392982274       0.20162137607364317      -0.22334441439687258     
   364.79160025661520       0.19717522545950120      -0.23986467149107335     
   365.16383658340766       0.19270509831254118      -0.25626958490273405     
   365.53607291020012       0.18821209756974816      -0.27255540447781423     
   365.90830923699258       0.18369733181182632      -0.28871841927676506     
   366.28054556378504       0.17916191498966993      -0.30475495783044726     
   366.65278189057750       0.17460696614951454      -0.32066138837179003     
   367.02501821736996       0.17003360915683022      -0.33643411904473036     
   367.39725454416242       0.16544297241902187      -0.35206959809193267     
   367.76949087095488       0.16083618860701282      -0.36756431402258205     
   368.14172719774734       0.15621439437577694      -0.38291479576181914     
   368.51396352453980       0.15157873008388287      -0.39811761278341828     
   368.88619985133226       0.14693033951212919      -0.41316937522701552     
   369.25843617812473       0.14227036958133515      -0.42806673400153517     
   369.63067250491719       0.13759997006935204      -0.44280638087641139     
   370.00290883170965       0.13292029332737423      -0.45738504856196183     
   370.37514515850211       0.12823249399561534      -0.47179951078053628     
   370.74738148529457       0.12353772871841490      -0.48604658233005987     
   371.11961781208703       0.11883715585885525      -0.50012311914130358     
   371.49185413887949       0.11413193521295439      -0.51402601833046646     
   371.86409046567195       0.10942322772350041      -0.52775221824868856     
   372.23632679246441       0.10471219519360790      -0.54129869852972112     
   372.60856311925687       0.10000000000006201      -0.55466248013734443     
   372.98079944604933        9.5287804806516094E-002 -0.56784062541402802     
   373.35303577284179        9.0576772276623543E-002 -0.58083023813202006     
   373.72527209963425        8.5868064787169490E-002 -0.59362846354834276     
   374.09750842642671        8.1162844141267981E-002 -0.60623248846510858     
   374.46974475321917        7.6462271281708738E-002 -0.61863954129616039     
   374.84198108001164        7.1767506004508125E-002 -0.63084689214161505     
   375.21421740680410        6.7079706672748513E-002 -0.64285185287121638     
   375.58645373359656        6.2400029930770991E-002 -0.65465177721776124     
   375.95869006038902        5.7729630418787627E-002 -0.66624406088177901     
   376.33092638718148        5.3069660487992769E-002 -0.67762614164831336     
   376.70316271397394        4.8421269916239303E-002 -0.68879549951688368     
   377.07539904076640        4.3785605624344887E-002 -0.69974965684565549     
   377.44763536755886        3.9163811393108101E-002 -0.71048617851046947     
   377.81987169435132        3.4557027581099159E-002 -0.72100267207964641     
   378.19210802114378        2.9966390843290364E-002 -0.73129678800539533     
   378.56434434793624        2.5393033850605068E-002 -0.74136621983228845     
   378.93658067472870        2.0838085010449661E-002 -0.75120870442351562     
   379.30881700152116        1.6302668188292777E-002 -0.76082202220554451     
   379.68105332831362        1.1787902430369840E-002 -0.77020399743144197     
   380.05328965510608        7.2949016875762801E-003 -0.77935249846336641     
   380.42552598189855        2.8247745406161373E-003 -0.78826543807457161     
   380.79776230869101       -1.6213760735270116E-003 -0.79694077377117423     
   381.16999863548347       -6.0424531337173182E-003 -0.80537650813361283     
   381.54223496227593       -1.0437365805343143E-002 -0.81357068917827979     
   381.91447128906839       -1.4805029709467302E-002 -0.82152141073914409     
   382.28670761586085       -1.9144367190375169E-002 -0.82922681286912103     
   382.65894394265331       -2.3454307581473266E-002 -0.83668508226146521     
   383.03118026944577       -2.7733787469463062E-002 -0.84389445269074692     
   383.40341659623823       -3.1981750956716487E-002 -0.85085320547298304     
   383.77565292303069       -3.6197149921805699E-002 -0.85755966994493438     
   384.14788924982315       -4.0378944278114365E-002 -0.86401222396194799     
   384.52012557661561       -4.4526102230457609E-002 -0.87020929441367145     
   384.89236190340807       -4.8637600529665065E-002 -0.87614935775745728     
   385.26459823020053       -5.2712424725054940E-002 -0.88183094056859501     
   385.63683455699299       -5.6749569414728945E-002 -0.88725262010652661     
   386.00907088378545       -6.0748038493643103E-002 -0.89241302489663010     
   386.38130721057792       -6.4706845399384399E-002 -0.89731083532652933     
   386.75354353737038       -6.8625013355584852E-002 -0.90194478425588176     
   387.12577986416284       -7.2501575612929137E-002 -0.90631365763904359     
   387.49801619095530       -7.6335575687688312E-002 -0.91041629515938949     
   387.87025251774776       -8.0126067597712403E-002 -0.91425159087407248     
   388.24248884454022       -8.3872116095840110E-002 -0.91781849386843617     
   388.61472517133268       -8.7572796900659527E-002 -0.92111600891871059     
   388.98696149812514       -9.1227196924555748E-002 -0.92414319716162718     
   389.35919782491760       -9.4834414499003955E-002 -0.92689917677000211     
   389.73143415171006       -9.8393559597045321E-002 -0.92938312363280573     
   390.10367047850252      -0.10190375405288263      -0.93159427203820311     
   390.47590680529498      -0.10536413177855736      -0.93353191535852154     
   390.84814313208744      -0.10877383897764595      -0.93519540673552193     
   391.22037945887990      -0.11213203435591679      -0.93658415976439913     
   391.59261578567236      -0.11543788932890942      -0.93769764917533982     
   391.96485211246483      -0.11869058822637715      -0.93853541151093867     
   392.33708843925729      -0.12188932849353751      -0.93909704579787512     
   392.70932476604975      -0.12503332088909269      -0.93938221421154744     
   393.08156109284221      -0.12812178967996510      -0.93939064273197925     
   393.45379741963467      -0.13115397283269356      -0.93912212178931553     
   393.82603374642713      -0.13412912220145604      -0.93857650689761507     
   394.19827007321959      -0.13704650371266522      -0.93775371927520856     
   394.57050640001205      -0.13990539754608625      -0.93665374644995891     
   394.94274272680451      -0.14270509831244368      -0.93527664284811118     
   395.31497905359697      -0.14544491522746750      -0.93362253036502885     
   395.68721538038943      -0.14812417228233007      -0.93169159891619546     
   396.05945170718189      -0.15074220841044303      -0.92948410696716866     
   396.43168803397435      -0.15329837765056750      -0.92700038204088164     
   396.80392436076681      -0.15579204930619170      -0.92424082120067974     
   397.17616068755927      -0.15822260810114766      -0.92120589150789045     
   397.54839701435174      -0.16058945433142299      -0.91789613045236285     
   397.92063334114420      -0.16289200401312573      -0.91431214635450297     
   398.29286966793666      -0.16512968902657529      -0.91045461873766287     
   398.66510599472912      -0.16730195725647870      -0.90632429866943209     
   399.03734232152158      -0.16940827272815409      -0.90192200907051812     
   399.40957864831404      -0.17144811573977589      -0.89724864499014279     
   399.78181497510650      -0.17342098299060474      -0.89230517384669750     
   400.15405130189896      -0.17532638770516659      -0.88709263563244567     
   400.52628762869142      -0.17716385975335938      -0.88161214308140212     
   400.89852395548388      -0.17893294576644950      -0.87586488179920186     
   401.27076028227634      -0.18063320924893536      -0.86985211035412502     
   401.64299660906880      -0.18226423068624395      -0.86357516032826509     
   402.01523293586126      -0.18382560764824066      -0.85703543632814994     
   402.38746926265372      -0.18531695488852426      -0.85023441595399241     
   402.75970558944618      -0.18673790443947832      -0.84317364972681608     
   403.13194191623865      -0.18808810570306303      -0.83585476097295974     
   403.50417824303111      -0.18936722553732074      -0.82827944566534928     
   403.87641456982357      -0.19057494833857178      -0.82044947222097586     
   404.24865089661603      -0.19171097611928625      -0.81236668125435496     
   404.62088722340849      -0.19277502858160864      -0.80403298528649658     
   404.99312355020095      -0.19376684318651530      -0.79545036840914285     
   405.36535987699341      -0.19468617521859313      -0.78662088590418267     
   405.73759620378587      -0.19553279784641983      -0.77754666381807847     
   406.10983253057833      -0.19630650217853016      -0.76822989849126200     
   406.48206885737079      -0.19700709731495711      -0.75867285604263079     
   406.85430518416325      -0.19763441039433430      -0.74887787180923548     
   407.22654151095571      -0.19818828663654606      -0.73884734974134147     
   407.59877783774817      -0.19866858938091717      -0.72858376175322692     
   407.97101416454063      -0.19907520011993271      -0.71808964703004496     
   408.34325049133309      -0.19940801852847692      -0.70736761129116621     
   408.71548681812556      -0.19966696248858753      -0.69642032601058490     
   409.08772314491802      -0.19985196810971714      -0.68525052759494554     
   409.45995947171048      -0.19996298974449703      -0.67386101651984986     
   409.83219579850294      -0.19999999999999998      -0.66225465642521741     
   410.20443212529540      -0.19996298974449930      -0.65043437317049091     
   410.57666845208786      -0.19985196810972175      -0.63840315385056634     
   410.94890477888032      -0.19966696248859447      -0.62616404577340767     
   411.32114110567278      -0.19940801852848603      -0.61372015540035507     
   411.69337743246524      -0.19907520011994409      -0.60107464725020687     
   412.06561375925770      -0.19866858938093093      -0.58823074276820364     
   412.43785008605016      -0.19818828663656199      -0.57519171916112644     
   412.81008641284262      -0.19763441039435256      -0.56196090819976463     
   413.18232273963508      -0.19700709731497770      -0.54854169499004768     
   413.55455906642754      -0.19630650217855286      -0.53493751671419554     
   413.92679539322000      -0.19553279784644481      -0.52115186134334979     
   414.29903172001247      -0.19468617521862056      -0.50718826632304015     
   414.67126804680493      -0.19376684318654477      -0.49305031723306691     
   415.04350437359739      -0.19277502858164039      -0.47874164642331279     
   415.41574070038985      -0.19171097611932045      -0.46426593162702084     
   415.78797702718231      -0.19057494833860791      -0.44962689455316734     
   416.16021335397477      -0.18936722553735905      -0.43482829945957818     
   416.53244968076723      -0.18808810570310394      -0.41987395170840525     
   416.90468600755969      -0.18673790443952112      -0.40476769630564169     
   417.27692233435215      -0.18531695488856917      -0.38951341642646148     
   417.64915866114461      -0.18382560764828806      -0.37411503192795809     
   418.02139498793707      -0.18226423068629319      -0.35857649785108586     
   418.39363131472953      -0.18063320924898676      -0.34290180291357880     
   418.76586764152199      -0.17893294576650334      -0.32709496799548338     
   419.13810396831445      -0.17716385975341500      -0.31116004461907254     
   419.51034029510691      -0.17532638770522432      -0.29510111342495909     
   419.88257662189937      -0.17342098299066497      -0.27892228264600710     
   420.25481294869184      -0.17144811573983823      -0.26262768658081276     
   420.62704927548430      -0.16940827272821804      -0.24622148406853103     
   420.99928560227676      -0.16730195725654515      -0.22970785696659304     
   421.37152192906922      -0.16512968902664379      -0.21309100863303829     
   421.74375825586168      -0.16289200401319578      -0.19637516241520031     
   422.11599458265414      -0.16058945433149499      -0.17956456014617397     
   422.48823090944660      -0.15822260810122216      -0.16266346065078346     
   422.86046723623906      -0.15579204930626764      -0.14567613826250120     
   423.23270356303152      -0.15329837765064538      -0.12860688135297010     
   423.60493988982398      -0.15074220841052341      -0.11145999087541061     
   423.97717621661644      -0.14812417228241173       -9.4239778923412773E-002
   424.34941254340890      -0.14544491522755110       -7.6950567306625681E-002
   424.72164887020136      -0.14270509831252975       -5.9596686144419986E-002
   425.09388519699382      -0.13990539754617351       -4.2182472478935418E-002
   425.46612152378628      -0.13704650371275426       -2.4712268908852301E-002
   425.83835785057875      -0.13412912220154757       -7.1904222447797313E-003
   426.21059417737121      -0.13115397283278618        1.0378717812469834E-002
   426.58283050416367      -0.12812178968005949        2.7990799969575542E-002
   426.95506683095613      -0.12503332088918956        4.5641472613653825E-002
   427.32730315774859      -0.12188932849363535        6.3326385059390478E-002
   427.69953948454105      -0.11869058822647666        8.1041188769389663E-002
   428.07177581133351      -0.11543788932901128        9.8781538547240644E-002
   428.44401213812597      -0.11213203435601959       0.11654309370242817     
   428.81624846491843      -0.10877383897775034       0.13432151918634172     
   429.18848479171089      -0.10536413177866411       0.15211248669907684     
   429.56072111850335      -0.10190375405299018       0.16991167576639832     
   429.93295744529581       -9.8393559597154345E-002  0.18771477478630499     
   430.30519377208827       -9.4834414499115338E-002  0.20551748204514086     
   430.67743009888073       -9.1227196924667769E-002  0.22331550670284378     
   431.04966642567319       -8.7572796900772992E-002  0.24110456974695327     
   431.42190275246566       -8.3872116095955823E-002  0.25888040491561515     
   431.79413907925812       -8.0126067597828643E-002  0.27663875958933137     
   432.16637540605058       -7.6335575687805912E-002  0.29437539565135395     
   432.53861173284304       -7.2501575613048930E-002  0.31208609031714823     
   432.91084805963550       -6.8625013355705089E-002  0.32976663693291725     
   433.28308438642796       -6.4706845399505913E-002  0.34741284574329706     
   433.65532071322042       -6.0748038493766754E-002  0.36502054462885847     
   434.02755704001288       -5.6749569414852874E-002  0.38258557981364916     
   434.39979336680534       -5.2712424725180063E-002  0.40010381654305693     
   434.77202969359780       -4.8637600529792269E-002  0.41757113973288185     
   435.14426602039026       -4.4526102230585007E-002  0.43498345459001353     
   435.51650234718272       -4.0378944278242818E-002  0.45233668720522036     
   435.88873867397518       -3.6197149921936150E-002  0.46962678511911837     
   436.26097500076764       -3.1981750956846994E-002  0.48684971786191261     
   436.63321132756010       -2.7733787469594595E-002  0.50400147746758461     
   437.00544765435257       -2.3454307581606715E-002  0.52107807896378688     
   437.37768398114503       -1.9144367190508563E-002  0.53807556083819108     
   437.74992030793749       -1.4805029709601583E-002  0.55498998548212675     
   438.12215663472995       -1.0437365805479284E-002  0.57181743961292841     
   438.49439296152241       -6.0424531338532789E-003  0.58855403467588241     
   438.86662928831487       -1.6213760736637772E-003  0.60519590722673833     
   439.23886561510733        2.8247745404776231E-003  0.62173921929633968     
   439.61110194189979        7.2949016874380296E-003  0.63818015873838052     
   439.98333826869225        1.1787902430230923E-002  0.65451493956136086     
   440.35557459548471        1.6302668188152167E-002  0.67073980224639473     
   440.72781092227717        2.0838085010308940E-002  0.68685101405197690     
   441.10004724906963        2.5393033850464292E-002  0.70284486930684065     
   441.47228357586209        2.9966390843147991E-002  0.71871768969265626     
   441.84451990265455        3.4557027580956787E-002  0.73446582451771381     
   442.21675622944701        3.9163811392965764E-002  0.75008565098278501     
   442.58899255623948        4.3785605624201057E-002  0.76557357444094853     
   442.96122888303194        4.8421269916095591E-002  0.78092602865254823     
   443.33346520982440        5.3069660487849210E-002  0.79613947603649526     
   443.70570153661686        5.7729630418643721E-002  0.81121040791973331     
   444.07793786340932        6.2400029930626252E-002  0.82613534478587602     
   444.45017419020178        6.7079706672604017E-002  0.84091083652466914     
   444.82241051699424        7.1767506004363421E-002  0.85553346268329311     
   445.19464684378670        7.6462271281563299E-002  0.86999983272127823     
   445.56688317057916        8.1162844141122903E-002  0.88430658627014402     
   445.93911949737162        8.5868064787024301E-002  0.89845039339888944     
   446.31135582416408        9.0576772276477729E-002  0.91242795488700879     
   446.68359215095654        9.5287804806370224E-002  0.92623600250607796     
