   3.3333333333333335E-003  0.10000000000000001        2.1650787312858730     
   6.6666666666666671E-003  0.10148260978712252        2.1929177094175500     
   1.0000000000000000E-002  0.10296456925259169        2.2206910945333287     
   1.3333333333333334E-002  0.10444522836000673        2.2483849820086288     
   1.6666666666666666E-002  0.10592393764334691        2.2759855060655272     
   2.0000000000000000E-002  0.10740004849184875        2.3034788458113078     
   2.3333333333333334E-002  0.10887291343450818        2.3308512312579772     
   2.6666666666666668E-002  0.11034188642408270        2.3580889493201957     
   3.0000000000000002E-002  0.11180632312046908        2.3851783497891010     
   3.3333333333333333E-002  0.11326558117333219        2.4121058512794948     
   3.6666666666666667E-002  0.11471902050386111        2.4388579471478806     
   4.0000000000000001E-002  0.11616600358552887        2.4654212113788496     
   4.3333333333333335E-002  0.11760589572373260        2.4917823044373191     
   4.6666666666666669E-002  0.11903806533419162        2.5179279790841624     
   5.0000000000000003E-002  0.12046188421998111        2.5438450861527384     
   5.3333333333333337E-002  0.12187672784708010        2.5695205802839030     
   5.6666666666666671E-002  0.12328197561831276        2.5949415256170334     
   6.0000000000000005E-002  0.12467701114556275        2.6200951014346798     
   6.3333333333333339E-002  0.12606122252014146        2.6449686077584125     
   6.6666666666666666E-002  0.12743400258119134        2.6695494708934930     
   6.9999999999999993E-002  0.12879474918200687        2.6938252489200116     
   7.3333333333333320E-002  0.13014286545415582        2.7177836371281128     
   7.6666666666666647E-002  0.13147776006928552        2.7414124733950036     
   7.9999999999999974E-002  0.13279884749849918        2.7646997435014460     
   8.3333333333333301E-002  0.13410554826918791        2.7876335863854025     
   8.6666666666666628E-002  0.13539728921920691        2.8102022993306193     
   8.9999999999999955E-002  0.13667350374828299        2.8323943430878686     
   9.3333333333333282E-002  0.13793363206654444        2.8541983469266539     
   9.6666666666666609E-002  0.13917712144006328        2.8756031136151683     
   9.9999999999999936E-002  0.14040342643330248        2.8965976243263452     
  0.10333333333333326       0.14161200914836233        2.9171710434678557     
  0.10666666666666659       0.14280233946091994        2.9373127234339358     
  0.10999999999999992       0.14397389525275944        2.9570122092769657     
  0.11333333333333324       0.14512616264079028        2.9762592432967208     
  0.11666666666666657       0.14625863620245325        2.9950437695452794     
  0.11999999999999990       0.14737081919741557        3.0133559382455970     
  0.12333333333333323       0.14846222378545770        3.0311861101217650     
  0.12666666666666657       0.14953237124045607        3.0485248606390090     
  0.12999999999999989       0.15058079216036818        3.0653629841515575     
  0.13333333333333322       0.15160702667312795        3.0816914979564873     
  0.13666666666666655       0.15261062463836073        3.0975016462517186     
  0.13999999999999987       0.15359114584482969        3.1127849039963720     
  0.14333333333333320       0.15454816020352719        3.1275329806717136     
  0.14666666666666653       0.15548124793632584        3.1417378239409874     
  0.14999999999999986       0.15638999976010726        3.1553916232064356     
  0.15333333333333318       0.15727401706628699        3.1684868130618651     
  0.15666666666666651       0.15813291209565744        3.1810160766391746     
  0.15999999999999984       0.15896630810847207        3.1929723488472708     
  0.16333333333333316       0.15977383954969560        3.2043488195018495     
  0.16666666666666649       0.16055515220934877        3.2151389363445912     
  0.16999999999999982       0.16130990337787643        3.2253364079503215     
  0.17333333333333314       0.16203776199647127        3.2349352065207602     
  0.17666666666666647       0.16273840880228729        3.2439295705635409     
  0.17999999999999980       0.16341153646847878        3.2523140074551682     
  0.18333333333333313       0.16405684973900436        3.2600832958867318     
  0.18666666666666645       0.16467406555813574        3.2672324881911337     
  0.18999999999999978       0.16526291319461545        3.2737569125507120     
  0.19333333333333311       0.16582313436040855        3.2796521750841809     
  0.19666666666666643       0.16635448332399624        3.2849141618118245     
  0.19999999999999976       0.16685672701816184        3.2895390404979787     
  0.20333333333333309       0.16732964514222182        3.2935232623698552     
  0.20666666666666642       0.16777303025865681        3.2968635637118466     
  0.20999999999999974       0.16818668788410079        3.2995569673344836     
  0.21333333333333307       0.16857043657464765        3.3016007839172574     
  0.21666666666666640       0.16892410800543881        3.3029926132246423     
  0.21999999999999972       0.16924754704449568        3.3037303451946176     
  0.22333333333333305       0.16954061182076602        3.3038121608991360     
  0.22666666666666638       0.16980317378635304        3.3032365333759661     
  0.22999999999999970       0.17003511777290092        3.3020022283314616     
  0.23333333333333303       0.17023634204211130        3.3001083047138224     
  0.23666666666666636       0.17040675833036922        3.2975541151564967     
  0.23999999999999969       0.17054629188745829        3.2943393062914268     
  0.24333333333333301       0.17065488150934882        3.2904638189319098     
  0.24666666666666634       0.17073247956504364        3.2859278881248768     
  0.24999999999999967       0.17077905201747096        3.2807320430725211     
  0.25333333333333302       0.17079457843841384        3.2748771069231788     
  0.25666666666666638       0.17077905201747096        3.2683641964315071     
  0.25999999999999973       0.17073247956504364        3.2611947214880246     
  0.26333333333333309       0.17065488150934882        3.2533703845181496     
  0.26666666666666644       0.17054629188745832        3.2448931797509450     
  0.26999999999999980       0.17040675833036922        3.2357653923578353     
  0.27333333333333315       0.17023634204211133        3.2259895974616106     
  0.27666666666666651       0.17003511777290092        3.2155686590161232     
  0.27999999999999986       0.16980317378635307        3.2045057285571299     
  0.28333333333333321       0.16954061182076605        3.1928042438247837     
  0.28666666666666657       0.16924754704449571        3.1804679272583760     
  0.28999999999999992       0.16892410800543883        3.1675007843639560     
  0.29333333333333328       0.16857043657464771        3.1539071019555265     
  0.29666666666666663       0.16818668788410082        3.1396914462706182     
  0.29999999999999999       0.16777303025865686        3.1248586609610265     
  0.30333333333333334       0.16732964514222187        3.1094138649596292     
  0.30666666666666670       0.16685672701816190        3.0933624502242312     
  0.31000000000000005       0.16635448332399627        3.0767100793594491     
  0.31333333333333341       0.16582313436040858        3.0594626831176894     
  0.31666666666666676       0.16526291319461547        3.0416264577803860     
  0.32000000000000012       0.16467406555813577        3.0232078624206475     
  0.32333333333333347       0.16405684973900442        3.0042136160485908     
  0.32666666666666683       0.16341153646847881        2.9846506946406537     
  0.33000000000000018       0.16273840880228729        2.9645263280542391     
  0.33333333333333354       0.16203776199647130        2.9438479968291218     
  0.33666666666666689       0.16130990337787643        2.9226234288770909     
  0.34000000000000025       0.16055515220934877        2.9008605960613250     
  0.34333333333333360       0.15977383954969557        2.8785677106671179     
  0.34666666666666696       0.15896630810847204        2.8557532217655481     
  0.35000000000000031       0.15813291209565744        2.8324258114718011     
  0.35333333333333367       0.15727401706628696        2.8085943910998488     
  0.35666666666666702       0.15638999976010723        2.7842680972152936     
  0.36000000000000038       0.15548124793632578        2.7594562875881770     
  0.36333333333333373       0.15454816020352713        2.7341685370476494     
  0.36666666666666708       0.15359114584482961        2.7084146332403916     
  0.37000000000000044       0.15261062463836061        2.6822045722947858     
  0.37333333333333379       0.15160702667312786        2.6555485543928183     
  0.37666666666666715       0.15058079216036807        2.6284569792517596     
  0.38000000000000050       0.14953237124045596        2.6009404415177304     
  0.38333333333333386       0.14846222378545756        2.5730097260732552     
  0.38666666666666721       0.14737081919741543        2.5446758032609957     
  0.39000000000000057       0.14625863620245308        2.5159498240258440     
  0.39333333333333392       0.14512616264079012        2.4868431149776145     
  0.39666666666666728       0.14397389525275930        2.4573671733766305     
  0.40000000000000063       0.14280233946091975        2.4275336620444739     
  0.40333333333333399       0.14161200914836214        2.3973544042022574     
  0.40666666666666734       0.14040342643330228        2.3668413782387736     
  0.41000000000000070       0.13917712144006306        2.3360067124109269     
  0.41333333333333405       0.13793363206654419        2.3048626794788487     
  0.41666666666666741       0.13667350374828274        2.2734216912781626     
  0.42000000000000076       0.13539728921920663        2.2416962932318563     
  0.42333333333333412       0.13410554826918766        2.2096991588042725     
  0.42666666666666747       0.13279884749849888        2.1774430838997079     
  0.43000000000000083       0.13147776006928522        2.1449409812081912     
  0.43333333333333418       0.13014286545415549        2.1122058745009613     
  0.43666666666666754       0.12879474918200653        2.0792508928782509     
  0.44000000000000089       0.12743400258119097        2.0460892649719447     
  0.44333333333333425       0.12606122252014107        2.0127343131057214     
  0.44666666666666760       0.12467701114556237        1.9791994474153149     
  0.45000000000000095       0.12328197561831239        1.9454981599315022     
  0.45333333333333431       0.12187672784707970        1.9116440186284791     
  0.45666666666666766       0.12046188421998068        1.8776506614402790     
  0.46000000000000102       0.11903806533419119        1.8435317902478776     
  0.46333333333333437       0.11760589572373217        1.8093011648396802     
  0.46666666666666773       0.11616600358552845        1.7749725968480472     
  0.47000000000000108       0.11471902050386065        1.7405599436645547     
  0.47333333333333444       0.11326558117333171        1.7060771023366654     
  0.47666666666666779       0.11180632312046861        1.6715380034485028     
  0.48000000000000115       0.11034188642408223        1.6369566049884265     
  0.48333333333333450       0.10887291343450767        1.6023468862060870     
  0.48666666666666786       0.10740004849184824        1.5677228414616671     
  0.49000000000000121       0.10592393764334640        1.5330984740699773     
  0.49333333333333457       0.10444522836000622        1.4984877901421230     
  0.49666666666666792       0.10296456925259113        1.4639047924273960     
  0.50000000000000122       0.10148260978712197        1.4293634741580963     
  0.50333333333333452        9.9999999999999478E-002   1.3948778128999306     
  0.50666666666666782        9.8517390212876962E-002   1.3604617644106822     
  0.51000000000000112        9.7035430747407822E-002   1.3261292565097915     
  0.51333333333333442        9.5554771639992778E-002   1.2918941829615012     
  0.51666666666666772        9.4076062356652626E-002   1.2577703973742203     
  0.52000000000000102        9.2599951508150785E-002   1.2237717071187149     
  0.52333333333333432        9.1127086565491386E-002   1.1899118672677724     
  0.52666666666666762        8.9658113575916895E-002   1.1562045745599161     
  0.53000000000000091        8.8193676879530530E-002   1.1226634613897923     
  0.53333333333333421        8.6734418826667450E-002   1.0893020898277921     
  0.53666666666666751        8.5280979496138512E-002   1.0561339456714787     
  0.54000000000000081        8.3833996414470785E-002   1.0231724325313696     
  0.54333333333333411        8.2394104276267061E-002  0.99043086595360852     
  0.54666666666666741        8.0961934665808075E-002  0.95792246758203548     
  0.55000000000000071        7.9538115780018598E-002  0.92566035936216029     
  0.55333333333333401        7.8123272152919615E-002  0.89365755778951594     
  0.55666666666666731        7.6718024381686956E-002  0.86192696820484338     
  0.56000000000000061        7.5322988854437001E-002  0.83048137913855846     
  0.56333333333333391        7.3938777479858331E-002  0.79933345670690148     
  0.56666666666666721        7.2565997418808426E-002  0.76849573906217505     
  0.57000000000000051        7.1205250817992935E-002  0.73798063089944477     
  0.57333333333333381        6.9857134545843996E-002  0.70780039802202643     
  0.57666666666666710        6.8522239930714296E-002  0.67796716196811879     
  0.58000000000000040        6.7201152501500661E-002  0.64849289470084293     
  0.58333333333333370        6.5894451730811932E-002  0.61938941336398623     
  0.58666666666666700        6.4602710780792938E-002  0.59066837510568027     
  0.59000000000000030        6.3326496251716879E-002  0.56234127197223671     
  0.59333333333333360        6.2066367933455456E-002  0.53441942587432090     
  0.59666666666666690        6.0822878559936636E-002  0.50691398362763340     
  0.60000000000000020        5.9596573566697439E-002  0.47983591207022147     
  0.60333333333333350        5.8387990851637581E-002  0.45319599325851245     
  0.60666666666666680        5.7197660539079993E-002  0.42700481974415383     
  0.61000000000000010        5.6026104747240478E-002  0.40127278993366833     
  0.61333333333333340        5.4873837359209678E-002  0.37601010353295533     
  0.61666666666666670        5.3741363797546716E-002  0.35122675707856915     
  0.62000000000000000        5.2629180802584406E-002  0.32693253955774887     
  0.62333333333333329        5.1537776214542273E-002  0.30313702811905213     
  0.62666666666666659        5.0467628759543928E-002  0.27984958387549158     
  0.62999999999999989        4.9419207839631829E-002  0.25707934780196973     
  0.63333333333333319        4.8392973326872063E-002  0.23483523672881365     
  0.63666666666666649        4.7389375361639327E-002  0.21312593943315095     
  0.63999999999999979        4.6408854155170348E-002  0.19195991282983096     
  0.64333333333333309        4.5451839796472875E-002  0.17134537826356341     
  0.64666666666666639        4.4518752063674213E-002  0.15129031790389785     
  0.64999999999999969        4.3610000239892768E-002  0.13180247124462843     
  0.65333333333333299        4.2725982933713075E-002  0.11288933170916901     
  0.65666666666666629        4.1867087904342605E-002   9.4558143363383113E-002
  0.65999999999999959        4.1033691891528015E-002   7.6815897737345026E-002
  0.66333333333333289        4.0226160450304499E-002   5.9669330757419696E-002
  0.66666666666666619        3.9444847790651306E-002   4.3124919790035757E-002
  0.66999999999999948        3.8690096622123665E-002   2.7188880798473054E-002
  0.67333333333333278        3.7962238003528812E-002   1.1867165613914814E-002
  0.67666666666666608        3.7261591197712829E-002  -2.8345406779904723E-003
  0.67999999999999938        3.6588463531521273E-002  -1.6910822233900318E-002
  0.68333333333333268        3.5943150260995718E-002  -3.0356534831747120E-002
  0.68666666666666598        3.5325934441864354E-002  -4.3166808130849055E-002
  0.68999999999999928        3.4737086805384648E-002  -5.5337047812115611E-002
  0.69333333333333258        3.4176865639591533E-002  -6.6862937597399044E-002
  0.69666666666666588        3.3645516676003837E-002  -7.7740441147055403E-002
  0.69999999999999918        3.3143272981838223E-002  -8.7965803834859121E-002
  0.70333333333333248        3.2670354857778278E-002  -9.7535554399454188E-002
  0.70666666666666578        3.2226969741343273E-002 -0.10644650647157916     
  0.70999999999999908        3.1813312115899300E-002 -0.11469575997636530     
  0.71333333333333238        3.1429563425352414E-002 -0.12228070241005477     
  0.71666666666666567        3.1075891994561289E-002 -0.12919900999054873     
  0.71999999999999897        3.0752452955504411E-002 -0.13544864868123774     
  0.72333333333333227        3.0459388179234062E-002 -0.14102787508764222     
  0.72666666666666557        3.0196826213647027E-002 -0.14593523722643006     
  0.72999999999999887        2.9964882227099157E-002 -0.15016957516644841     
  0.73333333333333217        2.9763657957888767E-002 -0.15373002154145429     
  0.73666666666666547        2.9593241669630843E-002 -0.15661600193429670     
  0.73999999999999877        2.9453708112541749E-002 -0.15882723513235031     
  0.74333333333333207        2.9345118490651231E-002 -0.16036373325407091     
  0.74666666666666537        2.9267520434956382E-002 -0.16122580174658960     
  0.74999999999999867        2.9220947982529083E-002 -0.16141403925433401     
  0.75333333333333197        2.9205421561586176E-002 -0.16092933735871240     
  0.75666666666666527        2.9220947982529055E-002 -0.15977288018896305     
  0.75999999999999857        2.9267520434956340E-002 -0.15794614390432965     
  0.76333333333333186        2.9345118490651162E-002 -0.15545089604778073     
  0.76666666666666516        2.9453708112541638E-002 -0.15228919477154967     
  0.76999999999999846        2.9593241669630718E-002 -0.14846338793483621     
  0.77333333333333176        2.9763657957888601E-002 -0.14397611207406671     
  0.77666666666666506        2.9964882227098977E-002 -0.13883029124616209     
  0.77999999999999836        3.0196826213646832E-002 -0.13302913574533973     
  0.78333333333333166        3.0459388179233840E-002 -0.12657614069401277     
  0.78666666666666496        3.0752452955504161E-002 -0.11947508450842442     
  0.78999999999999826        3.1075891994561011E-002 -0.11173002723970633     
  0.79333333333333156        3.1429563425352108E-002 -0.10334530879110852     
  0.79666666666666486        3.1813312115898981E-002  -9.4325547012206648E-002
  0.79999999999999816        3.2226969741342926E-002  -8.4675635670951460E-002
  0.80333333333333146        3.2670354857777903E-002  -7.4400742304474451E-002
  0.80666666666666476        3.3143272981837835E-002  -6.3506305949629596E-002
  0.80999999999999805        3.3645516676003420E-002  -5.1998034754302605E-002
  0.81333333333333135        3.4176865639591117E-002  -3.9881903470566485E-002
  0.81666666666666465        3.4737086805384176E-002  -2.7164150830836689E-002
  0.81999999999999795        3.5325934441863868E-002  -1.3851276808198342E-002
  0.82333333333333125        3.5943150260995191E-002   4.9960237819000213E-005
  0.82666666666666455        3.6588463531520760E-002   1.4532546528749957E-002
  0.82999999999999785        3.7261591197712260E-002   2.9589215946607666E-002
  0.83333333333333115        3.7962238003528222E-002   4.5212453223827380E-002
  0.83666666666666445        3.8690096622123055E-002   6.1394497242268059E-002
  0.83999999999999775        3.9444847790650675E-002   7.8127344439781560E-002
  0.84333333333333105        4.0226160450303833E-002   9.5402752322802722E-002
  0.84666666666666435        4.1033691891527328E-002  0.11321224308335559     
  0.84999999999999765        4.1867087904341904E-002  0.13154710731884883     
  0.85333333333333095        4.2725982933712353E-002  0.15039840785295669     
  0.85666666666666424        4.3610000239892067E-002  0.16975698365586631     
  0.85999999999999754        4.4518752063673450E-002  0.18961345386210984     
  0.86333333333333084        4.5451839796472090E-002  0.20995822188417351     
  0.86666666666666414        4.6408854155169550E-002  0.23078147962001253     
  0.86999999999999744        4.7389375361638474E-002  0.25207321175258462     
  0.87333333333333074        4.8392973326871237E-002  0.27382320013946299     
  0.87666666666666404        4.9419207839630976E-002  0.29602102829054405     
  0.87999999999999734        5.0467628759543061E-002  0.31865608593186084     
  0.88333333333333064        5.1537776214541385E-002  0.34171757365342714     
  0.88666666666666394        5.2629180802583525E-002  0.36519450763905137     
  0.88999999999999724        5.3741363797545821E-002  0.38907572447599331     
  0.89333333333333054        5.4873837359208741E-002  0.41334988604232564     
  0.89666666666666384        5.6026104747239520E-002  0.43800548446981313     
  0.89999999999999714        5.7197660539079050E-002  0.46303084718011056     
  0.90333333333333043        5.8387990851636623E-002  0.48841414199202515     
  0.90666666666666373        5.9596573566696433E-002  0.51414338229761325     
  0.90999999999999703        6.0822878559935623E-002  0.54020643230477849     
  0.91333333333333033        6.2066367933454394E-002  0.56659101234408860     
  0.91666666666666363        6.3326496251715866E-002  0.59328470423745461     
  0.91999999999999693        6.4602710780791911E-002  0.62027495672631328     
  0.92333333333333023        6.5894451730810849E-002  0.64754909095694035     
  0.92666666666666353        6.7201152501499578E-002  0.67509430602046505     
  0.92999999999999683        6.8522239930713241E-002  0.70289768454518731     
  0.93333333333333013        6.9857134545842914E-002  0.73094619833873486     
  0.93666666666666343        7.1205250817991825E-002  0.75922671407762965     
  0.93999999999999673        7.2565997418807315E-002  0.78772599904174545     
  0.94333333333333003        7.3938777479857179E-002  0.81643072689120710     
  0.94666666666666333        7.5322988854435891E-002  0.84532748348320796     
  0.94999999999999662        7.6718024381685831E-002  0.87440277272622358     
  0.95333333333332992        7.8123272152918449E-002  0.90364302246911465     
  0.95666666666666322        7.9538115780017432E-002  0.93303459042255898     
  0.95999999999999652        8.0961934665806937E-002  0.96256377011027183     
  0.96333333333332982        8.2394104276265909E-002  0.99221679684745623     
  0.96666666666666312        8.3833996414469605E-002   1.0219798537439324     
  0.96999999999999642        8.5280979496137319E-002   1.0518390777293443     
  0.97333333333332972        8.6734418826666215E-002   1.0817805655978985     
  0.97666666666666302        8.8193676879529351E-002   1.1117903800700368     
  0.97999999999999632        8.9658113575915688E-002   1.1418545558684539     
  0.98333333333332962        9.1127086565490178E-002   1.1719591058058918     
  0.98666666666666292        9.2599951508149564E-002   1.2020900268820987     
  0.98999999999999622        9.4076062356651433E-002   1.2322333063873772     
  0.99333333333332952        9.5554771639991584E-002   1.2623749280101124     
  0.99666666666666281        9.7035430747406615E-002   1.2925008779457301     
  0.99999999999999611        9.8517390212875741E-002   1.3225971510044368     
   1.0033333333333294        9.9999999999998285E-002   1.3526497567152136     
   1.0066666666666628       0.10148260978712077        1.3826447254234400     
   1.0099999999999962       0.10296456925258998        1.4125681143795994     
   1.0133333333333296       0.10444522836000507        1.4424060138164667     
   1.0166666666666631       0.10592393764334528        1.4721445530122337     
   1.0199999999999965       0.10740004849184716        1.5017699063369945     
   1.0233333333333299       0.10887291343450661        1.5312682992800479     
   1.0266666666666633       0.11034188642408117        1.5606260144554693     
   1.0299999999999967       0.11180632312046759        1.5898293975834052     
   1.0333333333333301       0.11326558117333074        1.6188648634445879     
   1.0366666666666635       0.11471902050385969        1.6477189018055285     
   1.0399999999999969       0.11616600358552751        1.6763780833118958     
   1.0433333333333303       0.11760589572373127        1.7048290653475935     
   1.0466666666666637       0.11903806533419031        1.7330585978570421     
   1.0499999999999972       0.12046188421997985        1.7610535291282106     
   1.0533333333333306       0.12187672784707890        1.7888008115339431     
   1.0566666666666640       0.12328197561831160        1.8162875072291342     
   1.0599999999999974       0.12467701114556162        1.8435007938013535     
   1.0633333333333308       0.12606122252014035        1.8704279698724859     
   1.0666666666666642       0.12743400258119028        1.8970564606490297     
   1.0699999999999976       0.12879474918200587        1.9233738234186535     
   1.0733333333333310       0.13014286545415485        1.9493677529906961     
   1.0766666666666644       0.13147776006928460        1.9750260870782439     
   1.0799999999999979       0.13279884749849830        2.0003368116195044     
   1.0833333333333313       0.13410554826918708        2.0252880660361683     
   1.0866666666666647       0.13539728921920610        2.0498681484265022     
   1.0899999999999981       0.13667350374828224        2.0740655206909282     
   1.0933333333333315       0.13793363206654374        2.0978688135878709     
   1.0966666666666649       0.13917712144006258        2.1212668317176702     
   1.0999999999999983       0.14040342643330184        2.1442485584323974     
   1.1033333333333317       0.14161200914836172        2.1668031606694282     
   1.1066666666666651       0.14280233946091939        2.1889199937066555     
   1.1099999999999985       0.14397389525275894        2.2105886058372568     
   1.1133333333333320       0.14512616264078981        2.2317987429619541     
   1.1166666666666654       0.14625863620245277        2.2525403530967294     
   1.1199999999999988       0.14737081919741515        2.2728035907940178     
   1.1233333333333322       0.14846222378545731        2.2925788214753857     
   1.1266666666666656       0.14953237124045571        2.3118566256737716     
   1.1299999999999990       0.15058079216036785        2.3306278031833982     
   1.1333333333333324       0.15160702667312767        2.3488833771154582     
   1.1366666666666658       0.15261062463836045        2.3666145978577737     
   1.1399999999999992       0.15359114584482944        2.3838129469366227     
   1.1433333333333326       0.15454816020352696        2.4004701407789555     
   1.1466666666666661       0.15548124793632567        2.4165781343733195     
   1.1499999999999995       0.15638999976010712        2.4321291248277608     
   1.1533333333333329       0.15727401706628685        2.4471155548231192     
   1.1566666666666663       0.15813291209565736        2.4615301159600533     
   1.1599999999999997       0.15896630810847201        2.4753657519982957     
   1.1633333333333331       0.15977383954969554        2.4886156619865796     
   1.1666666666666665       0.16055515220934874        2.5012733032817831     
   1.1699999999999999       0.16130990337787640        2.5133323944558730     
   1.1733333333333333       0.16203776199647130        2.5247869180892342     
   1.1766666666666667       0.16273840880228729        2.5356311234490940     
   1.1800000000000002       0.16341153646847884        2.5458595290517150     
   1.1833333333333336       0.16405684973900442        2.5554669251071402     
   1.1866666666666670       0.16467406555813580        2.5644483758452941     
   1.1900000000000004       0.16526291319461553        2.5727992217222901     
   1.1933333333333338       0.16582313436040863        2.5805150815058924     
   1.1966666666666672       0.16635448332399633        2.5875918542390361     
   1.2000000000000006       0.16685672701816195        2.5940257210804867     
   1.2033333333333340       0.16732964514222193        2.5998131470216537     
   1.2066666666666674       0.16777303025865692        2.6049508824787240     
   1.2100000000000009       0.16818668788410090        2.6094359647592786     
   1.2133333333333343       0.16857043657464779        2.6132657194026159     
   1.2166666666666677       0.16892410800543892        2.6164377613930956     
   1.2200000000000011       0.16924754704449579        2.6189499962458451     
   1.2233333333333345       0.16954061182076613        2.6208006209642307     
   1.2266666666666679       0.16980317378635312        2.6219881248685590     
   1.2300000000000013       0.17003511777290098        2.6225112902955452     
   1.2333333333333347       0.17023634204211138        2.6223691931681303     
   1.2366666666666681       0.17040675833036928        2.6215612034352733     
   1.2400000000000015       0.17054629188745837        2.6200869853814615     
   1.2433333333333350       0.17065488150934888        2.6179464978056606     
   1.2466666666666684       0.17073247956504367        2.6151399940695810     
   1.2500000000000018       0.17077905201747096        2.6116680220151149     
   1.2533333333333352       0.17079457843841384        2.6075314237509102     
   1.2566666666666686       0.17077905201747093        2.6027313353081012     
   1.2600000000000020       0.17073247956504362        2.5972691861652728     
   1.2633333333333354       0.17065488150934877        2.5911466986427913     
   1.2666666666666688       0.17054629188745823        2.5843658871667112     
   1.2700000000000022       0.17040675833036911        2.5769290574025385     
   1.2733333333333356       0.17023634204211119        2.5688388052591553     
   1.2766666666666691       0.17003511777290078        2.5600980157633222     
   1.2800000000000025       0.16980317378635290        2.5507098618052093     
   1.2833333333333359       0.16954061182076585        2.5406778027554631     
   1.2866666666666693       0.16924754704449546        2.5300055829544199     
   1.2900000000000027       0.16892410800543858        2.5186972300740873     
   1.2933333333333361       0.16857043657464743        2.5067570533536014     
   1.2966666666666695       0.16818668788410052        2.4941896417089580     
   1.3000000000000029       0.16777303025865650        2.4809998617178164     
   1.3033333333333363       0.16732964514222148        2.4671928554802918     
   1.3066666666666698       0.16685672701816148        2.4527740383566696     
   1.3100000000000032       0.16635448332399583        2.4377490965830937     
   1.3133333333333366       0.16582313436040810        2.4221239847662503     
   1.3166666666666700       0.16526291319461495        2.4059049232582330     
   1.3200000000000034       0.16467406555813519        2.3890983954127480     
   1.3233333333333368       0.16405684973900381        2.3717111447239216     
   1.3266666666666702       0.16341153646847820        2.3537501718490161     
   1.3300000000000036       0.16273840880228663        2.3352227315164211     
   1.3333333333333370       0.16203776199647058        2.3161363293203396     
   1.3366666666666704       0.16130990337787568        2.2964987184036310     
   1.3400000000000039       0.16055515220934796        2.2763178960303576     
   1.3433333333333373       0.15977383954969476        2.2556021000496105     
   1.3466666666666707       0.15896630810847118        2.2343598052522289     
   1.3500000000000041       0.15813291209565652        2.2125997196221308     
   1.3533333333333375       0.15727401706628599        2.1903307804839569     
   1.3566666666666709       0.15638999976010623        2.1675621505488314     
   1.3600000000000043       0.15548124793632478        2.1443032138600602     
   1.3633333333333377       0.15454816020352605        2.1205635716406399     
   1.3666666666666711       0.15359114584482850        2.0963530380445126     
   1.3700000000000045       0.15261062463835948        2.0716816358135262     
   1.3733333333333380       0.15160702667312667        2.0465595918420938     
   1.3766666666666714       0.15058079216036685        2.0209973326516391     
   1.3800000000000048       0.14953237124045465        1.9950054797768839     
   1.3833333333333382       0.14846222378545615        1.9685948450661204     
   1.3866666666666716       0.14737081919741396        1.9417764258976551     
   1.3900000000000050       0.14625863620245158        1.9145614003145957     
   1.3933333333333384       0.14512616264078856        1.8869611220802434     
   1.3966666666666718       0.14397389525275767        1.8589871156563760     
   1.4000000000000052       0.14280233946091811        1.8306510711066883     
   1.4033333333333387       0.14161200914836045        1.8019648389277760     
   1.4066666666666721       0.14040342643330053        1.7729404248099954     
   1.4100000000000055       0.13917712144006125        1.7435899843306168     
   1.4133333333333389       0.13793363206654238        1.7139258175816874     
   1.4166666666666723       0.13667350374828086        1.6839603637350471     
   1.4200000000000057       0.13539728921920471        1.6537061955469901     
   1.4233333333333391       0.13410554826918569        1.6231760138050546     
   1.4266666666666725       0.13279884749849688        1.5923826417194613     
   1.4300000000000059       0.13147776006928319        1.5613390192617498     
   1.4333333333333393       0.13014286545415341        1.5300581974531646     
   1.4366666666666728       0.12879474918200440        1.4985533326053648     
   1.4400000000000062       0.12743400258118884        1.4668376805160650     
   1.4433333333333396       0.12606122252013888        1.4349245906221908     
   1.4466666666666730       0.12467701114556012        1.4028275001132102     
   1.4500000000000064       0.12328197561831010        1.3705599280072283     
   1.4533333333333398       0.12187672784707738        1.3381354691925322     
   1.4566666666666732       0.12046188421997832        1.3055677884372250     
   1.4600000000000066       0.11903806533418879        1.2728706143696078     
   1.4633333333333400       0.11760589572372973        1.2400577334320020     
   1.4666666666666734       0.11616600358552595        1.2071429838106709     
   1.4700000000000069       0.11471902050385814        1.1741402493445445     
   1.4733333333333403       0.11326558117332917        1.1410634534154187     
   1.4766666666666737       0.11180632312046601        1.1079265528223301     
   1.4800000000000071       0.11034188642407960        1.0747435316428056     
   1.4833333333333405       0.10887291343450503        1.0415283950836600     
   1.4866666666666739       0.10740004849184558        1.0082951633240647     
   1.4900000000000073       0.10592393764334369       0.97505786535355121     
   1.4933333333333407       0.10444522836000347       0.94183053280765805     
   1.4966666666666741       0.10296456925258839       0.90862719380389989     
   1.5000000000000075       0.10148260978711918       0.87546186678074045     
   1.5033333333333410        9.9999999999996633E-002  0.84234855434224065     
   1.5066666666666744        9.8517390212874090E-002  0.80930123711106727     
   1.5100000000000078        9.7035430747404894E-002  0.77633386759249756     
   1.5133333333333412        9.5554771639989808E-002  0.74346036405209470     
   1.5166666666666746        9.4076062356649601E-002  0.71069460440968801     
   1.5200000000000080        9.2599951508147732E-002  0.67805042015229011     
   1.5233333333333414        9.1127086565488291E-002  0.64554159026857416     
   1.5266666666666748        8.9658113575913745E-002  0.61318183520751857     
   1.5300000000000082        8.8193676879527352E-002  0.58098481086381681     
   1.5333333333333417        8.6734418826664217E-002  0.54896410259263229     
   1.5366666666666751        8.5280979496135279E-002  0.51713321925627087     
   1.5400000000000085        8.3833996414467496E-002  0.48550558730530508     
   1.5433333333333419        8.2394104276263758E-002  0.45409454489671264     
   1.5466666666666753        8.0961934665804730E-002  0.42291333605151393     
   1.5500000000000087        7.9538115780015239E-002  0.39197510485443293     
   1.5533333333333421        7.8123272152916229E-002  0.36129288969805079     
   1.5566666666666755        7.6718024381683556E-002  0.33087961757390627     
   1.5600000000000089        7.5322988854433573E-002  0.30074809841299471     
   1.5633333333333423        7.3938777479854875E-002  0.27091101947807228     
   1.5666666666666758        7.2565997418804970E-002  0.24138093981016515     
   1.5700000000000092        7.1205250817989452E-002  0.21217028473165736     
   1.5733333333333426        6.9857134545840513E-002  0.18329134040829934     
   1.5766666666666760        6.8522239930710799E-002  0.15475624847247113     
   1.5800000000000094        6.7201152501497163E-002  0.12657700070998357     
   1.5833333333333428        6.5894451730808407E-002   9.8765433812707790E-002
   1.5866666666666762        6.4602710780789441E-002   7.1333224199262135E-002
   1.5900000000000096        6.3326496251713382E-002   4.4291882905979352E-002
   1.5933333333333430        6.2066367933451931E-002   1.7652750550346024E-002
   1.5966666666666764        6.0822878559933145E-002  -8.5730076309272138E-003
   1.6000000000000099        5.9596573566693942E-002  -3.4374406667083371E-002
   1.6033333333333433        5.8387990851634118E-002  -5.9740646659635431E-002
   1.6066666666666767        5.7197660539076524E-002  -8.4661117507757830E-002
   1.6100000000000101        5.6026104747237036E-002 -0.10912540355072659     
   1.6133333333333435        5.4873837359206243E-002 -0.13312328812539315     
   1.6166666666666769        5.3741363797543330E-002 -0.15664475803673758     
   1.6200000000000103        5.2629180802581034E-002 -0.17968000793955935     
   1.6233333333333437        5.1537776214538936E-002 -0.20221944462941627     
   1.6266666666666771        5.0467628759540618E-002 -0.22425369124094469     
   1.6300000000000106        4.9419207839628540E-002 -0.24577359135174293     
   1.6333333333333440        4.8392973326868823E-002 -0.26677021299002962     
   1.6366666666666774        4.7389375361636107E-002 -0.28723485254433273     
   1.6400000000000108        4.6408854155167198E-002 -0.30715903857349580     
   1.6433333333333442        4.5451839796469752E-002 -0.32653453551534883     
   1.6466666666666776        4.4518752063671126E-002 -0.34535334729239880     
   1.6500000000000110        4.3610000239889785E-002 -0.36360772081297293     
   1.6533333333333444        4.2725982933710126E-002 -0.38129014936626654     
   1.6566666666666778        4.1867087904339712E-002 -0.39839337590979318     
   1.6600000000000112        4.1033691891525170E-002 -0.41491039624779547     
   1.6633333333333447        4.0226160450301710E-002 -0.43083446209919751     
   1.6666666666666781        3.9444847790648614E-002 -0.44615908405374038     
   1.6700000000000115        3.8690096622121035E-002 -0.46087803441498593     
   1.6733333333333449        3.7962238003526251E-002 -0.47498534992891694     
   1.6766666666666783        3.7261591197710317E-002 -0.48847533439691537     
   1.6800000000000117        3.6588463531518886E-002 -0.50134256117194231     
   1.6833333333333451        3.5943150260993401E-002 -0.51358187553680545     
   1.6866666666666785        3.5325934441862120E-002 -0.52518839696342789     
   1.6900000000000119        3.4737086805382497E-002 -0.53615752125211047     
   1.6933333333333453        3.4176865639589479E-002 -0.54648492254980674     
   1.6966666666666788        3.3645516676001880E-002 -0.55616655524649716     
   1.7000000000000122        3.3143272981836350E-002 -0.56519865574879580     
   1.7033333333333456        3.2670354857776487E-002 -0.57357774412997864     
   1.7066666666666790        3.2226969741341593E-002 -0.58130062565566709     
   1.7100000000000124        3.1813312115897732E-002 -0.58836439218447956     
   1.7133333333333458        3.1429563425350943E-002 -0.59476642344298114     
   1.7166666666666792        3.1075891994559929E-002 -0.60050438817435525     
   1.7200000000000126        3.0752452955503162E-002 -0.60557624516025033     
   1.7233333333333460        3.0459388179232938E-002 -0.60998024411532459     
   1.7266666666666795        3.0196826213646014E-002 -0.61371492645406434     
   1.7300000000000129        2.9964882227098255E-002 -0.61677912592950590     
   1.7333333333333463        2.9763657957887990E-002 -0.61917196914355765     
   1.7366666666666797        2.9593241669630191E-002 -0.62089287592866771     
   1.7400000000000131        2.9453708112541221E-002 -0.62194155960064346     
   1.7433333333333465        2.9345118490650829E-002 -0.62231802708249429     
   1.7466666666666799        2.9267520434956118E-002 -0.62202257889921375     
   1.7500000000000133        2.9220947982528944E-002 -0.62105580904349522     
   1.7533333333333467        2.9205421561586176E-002 -0.61941860471241250     
   1.7566666666666801        2.9220947982529194E-002 -0.61711214591517893     
   1.7600000000000136        2.9267520434956618E-002 -0.61413790495213572     
   1.7633333333333470        2.9345118490651578E-002 -0.61049764576520094     
   1.7666666666666804        2.9453708112542193E-002 -0.60619342316004809     
   1.7700000000000138        2.9593241669631426E-002 -0.60122758190036418     
   1.7733333333333472        2.9763657957889461E-002 -0.59560275567458165     
   1.7766666666666806        2.9964882227099976E-002 -0.58932186593553826     
   1.7800000000000140        3.0196826213647984E-002 -0.58238812061358836     
   1.7833333333333474        3.0459388179235145E-002 -0.57480501270374018     
   1.7866666666666808        3.0752452955505605E-002 -0.56657631872744751     
   1.7900000000000142        3.1075891994562607E-002 -0.55770609706975482     
   1.7933333333333477        3.1429563425353871E-002 -0.54819868619254275     
   1.7966666666666811        3.1813312115900896E-002 -0.53805870272468326     
   1.8000000000000145        3.2226969741344993E-002 -0.52729103942996480     
   1.8033333333333479        3.2670354857780137E-002 -0.51590086305371496     
   1.8066666666666813        3.3143272981840222E-002 -0.50389361204909522     
   1.8100000000000147        3.3645516676005974E-002 -0.49127499418409953     
   1.8133333333333481        3.4176865639593809E-002 -0.47805098403034535     
   1.8166666666666815        3.4737086805387049E-002 -0.46422782033480153     
   1.8200000000000149        3.5325934441866907E-002 -0.44981200327564552     
   1.8233333333333483        3.5943150260998397E-002 -0.43481029160350326     
   1.8266666666666818        3.6588463531524118E-002 -0.41922969966936602     
   1.8300000000000152        3.7261591197715771E-002 -0.40307749434054885     
   1.8333333333333486        3.7962238003531906E-002 -0.38636119180607764     
   1.8366666666666820        3.8690096622126913E-002 -0.36908855427297454     
   1.8400000000000154        3.9444847790654707E-002 -0.35126758655493501     
   1.8433333333333488        4.0226160450308003E-002 -0.33290653255494573     
   1.8466666666666822        4.1033691891531679E-002 -0.31401387164344852     
   1.8500000000000156        4.1867087904346428E-002 -0.29459831493368716     
   1.8533333333333490        4.2725982933717037E-002 -0.27466880145593076     
   1.8566666666666825        4.3610000239896890E-002 -0.25423449423230465     
   1.8600000000000159        4.4518752063678439E-002 -0.23330477625400894     
   1.8633333333333493        4.5451839796477253E-002 -0.21188924636273757     
   1.8666666666666827        4.6408854155174879E-002 -0.18999771503816495     
   1.8700000000000161        4.7389375361643976E-002 -0.16764020009339881     
   1.8733333333333495        4.8392973326876872E-002 -0.14482692228033253     
   1.8766666666666829        4.9419207839636776E-002 -0.12156830080688596     
   1.8800000000000163        5.0467628759549021E-002  -9.7874948768133616E-002
   1.8833333333333497        5.1537776214547512E-002  -7.3757668493384720E-002
   1.8866666666666831        5.2629180802589777E-002  -4.9227446811288128E-002
   1.8900000000000166        5.3741363797552233E-002  -2.4295450235085031E-002
   1.8933333333333500        5.4873837359215319E-002   1.0269799298418258E-003
   1.8966666666666834        5.6026104747246265E-002   2.6728332553944575E-002
   1.9000000000000168        5.7197660539085891E-002   5.2796931724800364E-002
   1.9033333333333502        5.8387990851643638E-002   7.9220941859472038E-002
   1.9066666666666836        5.9596573566703601E-002  0.10598837288568208     
   1.9100000000000170        6.0822878559942943E-002  0.13308708548949932     
   1.9133333333333504        6.2066367933461868E-002  0.16050479642722335     
   1.9166666666666838        6.3326496251723444E-002  0.18822908389912676     
   1.9200000000000172        6.4602710780799627E-002  0.21624739298268381     
   1.9233333333333507        6.5894451730818718E-002  0.24454704112291356     
   1.9266666666666841        6.7201152501507572E-002  0.27311522367740892     
   1.9300000000000175        6.8522239930721318E-002  0.30193901951364932     
   1.9333333333333509        6.9857134545851157E-002  0.33100539665613576     
   1.9366666666666843        7.1205250818000193E-002  0.36030121798089343     
   1.9400000000000177        7.2565997418815809E-002  0.38981324695486480     
   1.9433333333333511        7.3938777479865811E-002  0.41952815341769939     
   1.9466666666666845        7.5322988854444592E-002  0.44943251940343593     
   1.9500000000000179        7.6718024381694658E-002  0.47951284499955538     
   1.9533333333333514        7.8123272152927400E-002  0.50975555424087904     
   1.9566666666666848        7.9538115780026494E-002  0.54014700103576674     
   1.9600000000000182        8.0961934665816068E-002  0.57067347512206568     
   1.9633333333333516        8.2394104276275137E-002  0.60132120805025080     
   1.9666666666666850        8.3833996414478945E-002  0.63207637919119641     
   1.9700000000000184        8.5280979496146769E-002  0.66292512176599105     
   1.9733333333333518        8.6734418826675777E-002  0.69385352889523411     
   1.9766666666666852        8.8193676879538940E-002  0.72484765966521836     
   1.9800000000000186        8.9658113575925499E-002  0.75589354520842433     
   1.9833333333333520        9.1127086565500073E-002  0.78697719479570771     
   1.9866666666666855        9.2599951508159556E-002  0.81808460193764398     
   1.9900000000000189        9.4076062356661452E-002  0.84920175049237223     
   1.9933333333333523        9.5554771640001673E-002  0.88031462077739020     
   1.9966666666666857        9.7035430747416773E-002  0.91140919568269496     
   2.0000000000000191        9.8517390212885969E-002  0.94247146678268023     
   2.0033333333333525       0.10000000000000853       0.97348744044420210     
   2.0066666666666859       0.10148260978713107        1.0044431439282295     
   2.0100000000000193       0.10296456925260027        1.0353246314824998     
   2.0133333333333527       0.10444522836001534        1.0661179904226135     
   2.0166666666666861       0.10592393764335555        1.0968093471989759     
   2.0200000000000196       0.10740004849185740        1.1273848734470571     
   2.0233333333333530       0.10887291343451683        1.1578307920183804     
   2.0266666666666864       0.11034188642409136        1.1881333829897294     
   2.0300000000000198       0.11180632312047774        1.2182789896479913     
   2.0333333333333532       0.11326558117334085        1.2482540244481639     
   2.0366666666666866       0.11471902050386977        1.2780449749419518     
   2.0400000000000200       0.11616600358553753        1.3076384096744949     
   2.0433333333333534       0.11760589572374125        1.3370209840467000     
   2.0466666666666868       0.11903806533420024        1.3661794461407184     
   2.0500000000000203       0.12046188421998970        1.3951006425060861     
   2.0533333333333537       0.12187672784708868        1.4237715239040845     
   2.0566666666666871       0.12328197561832131        1.4521791510078701     
   2.0600000000000205       0.12467701114557127        1.4803107000559770     
   2.0633333333333539       0.12606122252014992        1.5081534684567530     
   2.0666666666666873       0.12743400258119977        1.5356948803413644     
   2.0700000000000207       0.12879474918201528        1.5629224920630020     
   2.0733333333333541       0.13014286545416415        1.5898239976399124     
   2.0766666666666875       0.13147776006929382        1.6163872341399532     
   2.0800000000000209       0.13279884749850740        1.6426001870043445     
   2.0833333333333544       0.13410554826919610        1.6684509953083304     
   2.0866666666666878       0.13539728921921501        1.6939279569564856     
   2.0900000000000212       0.13667350374829104        1.7190195338104195     
   2.0933333333333546       0.13793363206655243        1.7437143567466673     
   2.0966666666666880       0.13917712144007116        1.7680012306425499     
   2.1000000000000214       0.14040342643331030        1.7918691392878690     
   2.1033333333333548       0.14161200914837008        1.8153072502202523     
   2.1066666666666882       0.14280233946092757        1.8383049194820578     
   2.1100000000000216       0.14397389525276699        1.8608516962967530     
   2.1133333333333550       0.14512616264079772        1.8829373276626791     
   2.1166666666666885       0.14625863620246057        1.9045517628622082     
   2.1200000000000219       0.14737081919742279        1.9256851578842635     
   2.1233333333333553       0.14846222378546484        1.9463278797582582     
   2.1266666666666887       0.14953237124046306        1.9664705107974874     
   2.1300000000000221       0.15058079216037507        1.9861038527501185     
   2.1333333333333555       0.15160702667313472        2.0052189308558646     
   2.1366666666666889       0.15261062463836733        2.0238069978065316     
   2.1400000000000223       0.15359114584483619        2.0418595376086563     
   2.1433333333333557       0.15454816020353354        2.0593682693464390     
   2.1466666666666891       0.15548124793633206        2.0763251508432905     
   2.1500000000000226       0.15638999976011334        2.0927223822202934     
   2.1533333333333560       0.15727401706629290        2.1085524093499250     
   2.1566666666666894       0.15813291209566324        2.1238079272034676     
   2.1600000000000228       0.15896630810847770        2.1384818830905310     
   2.1633333333333562       0.15977383954970106        2.1525674797891683     
   2.1666666666666896       0.16055515220935407        2.1660581785651321     
   2.1700000000000230       0.16130990337788156        2.1789477020788226     
   2.1733333333333564       0.16203776199647624        2.1912300371785602     
   2.1766666666666898       0.16273840880229207        2.2028994375788487     
   2.1800000000000233       0.16341153646848341        2.2139504264223255     
   2.1833333333333567       0.16405684973900880        2.2243777987241886     
   2.1866666666666901       0.16467406555813999        2.2341766236978846     
   2.1900000000000235       0.16526291319461950        2.2433422469609328     
   2.1933333333333569       0.16582313436041243        2.2518702926197993     
   2.1966666666666903       0.16635448332399994        2.2597566652327759     
   2.2000000000000237       0.16685672701816534        2.2669975516498857     
   2.2033333333333571       0.16732964514222509        2.2735894227288984     
   2.2066666666666905       0.16777303025865992        2.2795290349265525     
   2.2100000000000239       0.16818668788410368        2.2848134317641948     
   2.2133333333333574       0.16857043657465035        2.2894399451670577     
   2.2166666666666908       0.16892410800544128        2.2934061966764681     
   2.2200000000000242       0.16924754704449790        2.2967100985343385     
   2.2233333333333576       0.16954061182076802        2.2993498546393649     
   2.2266666666666910       0.16980317378635484        2.3013239613743641     
   2.2300000000000244       0.17003511777290251        2.3026312083043114     
   2.2333333333333578       0.17023634204211269        2.3032706787446537     
   2.2366666666666912       0.17040675833037036        2.3032417501995295     
   2.2400000000000246       0.17054629188745923        2.3025440946696265     
   2.2433333333333580       0.17065488150934949        2.3011776788294247     
   2.2466666666666915       0.17073247956504412        2.2991427640736730     
   2.2500000000000249       0.17077905201747118        2.2964399064329775     
   2.2533333333333583       0.17079457843841384        2.2930699563584604     
   2.2566666666666917       0.17077905201747071        2.2890340583755107     
   2.2600000000000251       0.17073247956504317        2.2843336506067016     
   2.2633333333333585       0.17065488150934810        2.2789704641640123     
   2.2666666666666919       0.17054629188745737        2.2729465224105732     
   2.2700000000000253       0.17040675833036806        2.2662641400921975     
   2.2733333333333587       0.17023634204210991        2.2589259223390172     
   2.2766666666666922       0.17003511777289929        2.2509347635376482     
   2.2800000000000256       0.16980317378635118        2.2422938460743200     
   2.2833333333333590       0.16954061182076391        2.2330066389494849     
   2.2866666666666924       0.16924754704449335        2.2230768962645318     
   2.2900000000000258       0.16892410800543622        2.2125086555811997     
   2.2933333333333592       0.16857043657464488        2.2013062361544340     
   2.2966666666666926       0.16818668788409774        2.1894742370394606     
   2.3000000000000260       0.16777303025865353        2.1770175350738743     
   2.3033333333333594       0.16732964514221829        2.1639412827356885     
   2.3066666666666928       0.16685672701815810        2.1502509058782491     
   2.3100000000000263       0.16635448332399225        2.1359521013430833     
   2.3133333333333597       0.16582313436040430        2.1210508344517076     
   2.3166666666666931       0.16526291319461095        2.1055533363775596     
   2.3200000000000265       0.16467406555813102        2.0894661013992550     
   2.3233333333333599       0.16405684973899942        2.0727958840363874     
   2.3266666666666933       0.16341153646847362        2.0555496960692206     
   2.3300000000000267       0.16273840880228185        2.0377348034436027     
   2.3333333333333601       0.16203776199646563        2.0193587230625551     
   2.3366666666666935       0.16130990337787052        2.0004292194659854     
   2.3400000000000269       0.16055515220934263        1.9809543014000746     
   2.3433333333333604       0.15977383954968927        1.9609422182779053     
   2.3466666666666938       0.15896630810846549        1.9404014565329717     
   2.3500000000000272       0.15813291209565067        1.9193407358672709     
   2.3533333333333606       0.15727401706627994        1.8977690053956737     
   2.3566666666666940       0.15638999976010001        1.8756954396884069     
   2.3600000000000274       0.15548124793631837        1.8531294347134415     
   2.3633333333333608       0.15454816020351947        1.8300806036806774     
   2.3666666666666942       0.15359114584482178        1.8065587727898551     
   2.3700000000000276       0.15261062463835259        1.7825739768841522     
   2.3733333333333611       0.15160702667311962        1.7581364550114829     
   2.3766666666666945       0.15058079216035963        1.7332566458955458     
   2.3800000000000279       0.14953237124044733        1.7079451833187189     
   2.3833333333333613       0.14846222378544877        1.6822128914189336     
   2.3866666666666947       0.14737081919740641        1.6560707799026921     
   2.3900000000000281       0.14625863620244389        1.6295300391764462     
   2.3933333333333615       0.14512616264078074        1.6026020353985611     
   2.3966666666666949       0.14397389525274973        1.5752983054541698     
   2.4000000000000283       0.14280233946091003        1.5476305518551841     
   2.4033333333333617       0.14161200914835220        1.5196106375678489     
   2.4066666666666952       0.14040342643329218        1.4912505807701788     
   2.4100000000000286       0.13917712144005279        1.4625625495416770     
   2.4133333333333620       0.13793363206653381        1.4335588564877801     
   2.4166666666666954       0.13667350374827217        1.4042519533014655     
   2.4200000000000288       0.13539728921919592        1.3746544252644943     
   2.4233333333333622       0.13410554826917678        1.3447789856908094     
   2.4266666666666956       0.13279884749848786        1.3146384703145806     
   2.4300000000000290       0.13147776006927409        1.2842458316254681     
   2.4333333333333624       0.13014286545414419        1.2536141331536368     
   2.4366666666666958       0.12879474918199513        1.2227565437071253     
   2.4400000000000293       0.12743400258117946        1.1916863315641426     
   2.4433333333333627       0.12606122252012941        1.1604168586229198     
   2.4466666666666961       0.12467701114555059        1.1289615745117298     
   2.4500000000000295       0.12328197561830048        1.0973340106617160     
   2.4533333333333629       0.12187672784706771        1.0655477743451733     
   2.4566666666666963       0.12046188421996859        1.0336165426819490     
   2.4600000000000297       0.11903806533417899        1.0015540566166206     
   2.4633333333333631       0.11760589572371988       0.96937411486912928     
   2.4666666666666965       0.11616600358551604       0.93709056786154410     
   2.4700000000000299       0.11471902050384820       0.90471731162365998     
   2.4733333333333634       0.11326558117331918       0.87226828168009130     
   2.4766666666666968       0.11180632312045599       0.83975744692158516     
   2.4800000000000302       0.11034188642406954       0.80719880346322048     
   2.4833333333333636       0.10887291343449496       0.77460636849221343     
   2.4866666666666970       0.10740004849183546       0.74199417410800195     
   2.4900000000000304       0.10592393764333356       0.70937626115732333     
   2.4933333333333638       0.10444522835999333       0.67676667306695215     
   2.4966666666666972       0.10296456925257823       0.64417944967681040     
   2.5000000000000306       0.10148260978710902       0.61162862107611482     
   2.5033333333333641        9.9999999999986461E-002  0.57912820144524235     
   2.5066666666666975        9.8517390212863931E-002  0.54669218290599109     
   2.5100000000000309        9.7035430747394735E-002  0.51433452938288060     
   2.5133333333333643        9.5554771639979663E-002  0.48206917047816988     
   2.5166666666666977        9.4076062356639470E-002  0.44990999536322351     
   2.5200000000000311        9.2599951508137629E-002  0.41787084668884583     
   2.5233333333333645        9.1127086565478202E-002  0.38596551451724098     
   2.5266666666666979        8.9658113575903683E-002  0.35420773027817226     
   2.5300000000000313        8.8193676879517319E-002  0.32261116075193796     
   2.5333333333333647        8.6734418826654225E-002  0.29118940208174415     
   2.5366666666666982        8.5280979496125328E-002  0.25995597381803326     
   2.5400000000000316        8.3833996414457601E-002  0.22892431299732724     
   2.5433333333333650        8.2394104276253904E-002  0.19810776825812548     
   2.5466666666666984        8.0961934665794946E-002  0.16751959399635813     
   2.5500000000000318        7.9538115780005497E-002  0.13717294456291287     
   2.5533333333333652        7.8123272152906431E-002  0.10708086850570334     
   2.5566666666666986        7.6718024381673952E-002   7.7256302858755746E-002
   2.5600000000000320        7.5322988854423928E-002   4.7712067480704029E-002
   2.5633333333333654        7.3938777479845424E-002   1.8460859445213196E-002
   2.5666666666666988        7.2565997418795491E-002  -1.0484752514417375E-002
   2.5700000000000323        7.1205250817980154E-002  -3.9112333503934262E-002
   2.5733333333333657        6.9857134545831201E-002  -6.7409587907915514E-002
   2.5766666666666991        6.8522239930701681E-002  -9.5364364768162013E-002
   2.5800000000000325        6.7201152501488032E-002 -0.12296466309857723     
   2.5833333333333659        6.5894451730799497E-002 -0.15019863713407811     
   2.5866666666666993        6.4602710780780531E-002 -0.17705460151147265     
   2.5900000000000327        6.3326496251704681E-002 -0.20352103637991817     
   2.5933333333333661        6.2066367933443251E-002 -0.22958659243892382     
   2.5966666666666995        6.0822878559924680E-002 -0.25524009590159424     
   2.6000000000000330        5.9596573566685497E-002 -0.28047055338112864     
   2.6033333333333664        5.8387990851625896E-002 -0.30526715669832771     
   2.6066666666666998        5.7197660539068329E-002 -0.32961928760819437     
   2.6100000000000332        5.6026104747229077E-002 -0.35351652244343773     
   2.6133333333333666        5.4873837359198326E-002 -0.37694863667303591     
   2.6166666666667000        5.3741363797535635E-002 -0.39990560937373815     
   2.6200000000000334        5.2629180802573387E-002 -0.42237762761271408     
   2.6233333333333668        5.1537776214531525E-002 -0.44435509073932539     
   2.6266666666667002        5.0467628759533270E-002 -0.46582861458428232     
   2.6300000000000336        4.9419207839621435E-002 -0.48678903556423819     
   2.6333333333333671        4.8392973326861773E-002 -0.50722741469015842     
   2.6366666666667005        4.7389375361629314E-002 -0.52713504147759827     
   2.6400000000000339        4.6408854155160467E-002 -0.54650343775730403     
   2.6433333333333673        4.5451839796463271E-002 -0.56532436138434417     
   2.6466666666667007        4.4518752063664742E-002 -0.58358980984427133     
   2.6500000000000341        4.3610000239883630E-002 -0.60129202375461166     
   2.6533333333333675        4.2725982933704075E-002 -0.61842349026025201     
   2.6566666666667009        4.1867087904333904E-002 -0.63497694632112411     
   2.6600000000000343        4.1033691891519473E-002 -0.65094538189082818     
   2.6633333333333677        4.0226160450296262E-002 -0.66632204298469722     
   2.6666666666667012        3.9444847790643278E-002 -0.68110043463603009     
   2.6700000000000346        3.8690096622115949E-002 -0.69527432373908216     
   2.6733333333333680        3.7962238003521290E-002 -0.70883774177764658     
   2.6766666666667014        3.7261591197705612E-002 -0.72178498743789909     
   2.6800000000000348        3.6588463531514306E-002 -0.73411062910443969     
   2.6833333333333682        3.5943150260989071E-002 -0.74580950723831207     
   2.6866666666667016        3.5325934441857929E-002 -0.75687673663601307     
   2.6900000000000350        3.4737086805378556E-002 -0.76730770856839425     
   2.6933333333333684        3.4176865639585691E-002 -0.77709809279855901     
   2.6966666666667019        3.3645516675998327E-002 -0.78624383947776599     
   2.7000000000000353        3.3143272981832964E-002 -0.79474118091853874     
   2.7033333333333687        3.2670354857773351E-002 -0.80258663324411172     
   2.7066666666667021        3.2226969741338610E-002 -0.80977699791350932     
   2.7100000000000355        3.1813312115894998E-002 -0.81630936312149938     
   2.7133333333333689        3.1429563425348389E-002 -0.82218110507282849     
   2.7166666666667023        3.1075891994557597E-002 -0.82738988913009337     
   2.7200000000000357        3.0752452955501011E-002 -0.83193367083475744     
   2.7233333333333691        3.0459388179231037E-002 -0.83581069680079356     
   2.7266666666667025        3.0196826213644307E-002 -0.83901950548056736     
   2.7300000000000360        2.9964882227096770E-002 -0.84155892780255148     
   2.7333333333333694        2.9763657957886699E-002 -0.84342808768060995     
   2.7366666666667028        2.9593241669629122E-002 -0.84462640239456199     
   2.7400000000000362        2.9453708112540361E-002 -0.84515358284185715     
   2.7433333333333696        2.9345118490650204E-002 -0.84500963366021942     
   2.7466666666667030        2.9267520434955688E-002 -0.84419485322118948     
   2.7500000000000364        2.9220947982528722E-002 -0.84270983349454354     
   2.7533333333333698        2.9205421561586176E-002 -0.84055545978364121     
   2.7566666666667032        2.9220947982529402E-002 -0.83773291033179731     
   2.7600000000000366        2.9267520434957048E-002 -0.83424365579984416     
   2.7633333333333701        2.9345118490652217E-002 -0.83008945861510575     
   2.7666666666667035        2.9453708112543067E-002 -0.82527237219206195     
   2.7700000000000369        2.9593241669632481E-002 -0.81979474002504971     
   2.7733333333333703        2.9763657957890752E-002 -0.81365919465338987     
   2.7766666666667037        2.9964882227101461E-002 -0.80686865649941353     
   2.7800000000000371        3.0196826213649691E-002 -0.79942633257988671     
   2.7833333333333705        3.0459388179237046E-002 -0.79133571509143363     
   2.7866666666667039        3.0752452955507742E-002 -0.78260057987056730     
   2.7900000000000373        3.1075891994564925E-002 -0.77322498472904522     
   2.7933333333333707        3.1429563425356424E-002 -0.76321326766527853     
   2.7966666666667042        3.1813312115903630E-002 -0.75257004495262836     
   2.8000000000000376        3.2226969741347963E-002 -0.74130020910542593     
   2.8033333333333710        3.2670354857783274E-002 -0.72940892672366908     
   2.8066666666667044        3.3143272981843608E-002 -0.71690163621734437     
   2.8100000000000378        3.3645516676009526E-002 -0.70378404541143880     
   2.8133333333333712        3.4176865639597598E-002 -0.69006212903269526     
   2.8166666666667046        3.4737086805390990E-002 -0.67574212607929540     
   2.8200000000000380        3.5325934441871085E-002 -0.66083053707462180     
   2.8233333333333714        3.5943150261002740E-002 -0.64533412120639944     
   2.8266666666667049        3.6588463531528684E-002 -0.62925989335246579     
   2.8300000000000383        3.7261591197720489E-002 -0.61261512099457560     
   2.8333333333333717        3.7962238003536874E-002 -0.59540732102159399     
   2.8366666666667051        3.8690096622131999E-002 -0.57764425642358541     
   2.8400000000000385        3.9444847790660036E-002 -0.55933393287824285     
   2.8433333333333719        4.0226160450313457E-002 -0.54048459523127435     
   2.8466666666667053        4.1033691891537369E-002 -0.52110472387227569     
   2.8500000000000387        4.1867087904352229E-002 -0.50120303100780850     
   2.8533333333333721        4.2725982933723088E-002 -0.48078845683329435     
   2.8566666666667055        4.3610000239903031E-002 -0.45987016560554389     
   2.8600000000000390        4.4518752063684837E-002 -0.43845754161761130     
   2.8633333333333724        4.5451839796483727E-002 -0.41656018507788806     
   2.8666666666667058        4.6408854155181603E-002 -0.39418790789519237     
   2.8700000000000392        4.7389375361650957E-002 -0.37135072937186830     
   2.8733333333333726        4.8392973326883922E-002 -0.34805887180673739     
   2.8766666666667060        4.9419207839644069E-002 -0.32432275600992710     
   2.8800000000000394        5.0467628759556377E-002 -0.30015299673161561     
   2.8833333333333728        5.1537776214555103E-002 -0.27556039800666432     
   2.8866666666667062        5.2629180802597424E-002 -0.25055594841732926     
   2.8900000000000396        5.3741363797560122E-002 -0.22515081627605288     
   2.8933333333333731        5.4873837359223250E-002 -0.19935634473060865     
   2.8966666666667065        5.6026104747254425E-002 -0.17318404679365587     
   2.9000000000000399        5.7197660539094093E-002 -0.14664560029904103     
   2.9033333333333733        5.8387990851652062E-002 -0.11975284278695937     
   2.9066666666667067        5.9596573566712052E-002  -9.2517766320375658E-002
   2.9100000000000401        6.0822878559951617E-002  -6.4952512234856458E-002
   2.9133333333333735        6.2066367933470555E-002  -3.7069365824284134E-002
   2.9166666666667069        6.3326496251732339E-002  -8.8807509646390594E-003
   2.9200000000000403        6.4602710780808537E-002   1.9600775321628038E-002
   2.9233333333333738        6.5894451730827849E-002   4.8362528358401422E-002
   2.9266666666667072        6.7201152501516703E-002   7.7391701363319521E-002
   2.9300000000000406        6.8522239930730658E-002  0.10667537104754057     
   2.9333333333333740        6.9857134545860469E-002  0.13620050326524685     
   2.9366666666667074        7.1205250818009713E-002  0.16595395871059027     
   2.9400000000000408        7.2565997418825301E-002  0.19592249865943104     
   2.9433333333333742        7.3938777479875498E-002  0.22609279075355149     
   2.9466666666667076        7.5322988854454237E-002  0.25645141482466183     
   2.9500000000000410        7.6718024381704497E-002  0.28698486875585150     
   2.9533333333333744        7.8123272152937198E-002  0.31767957437778660     
   2.9566666666667079        7.9538115780036472E-002  0.34852188339727391     
   2.9600000000000413        8.0961934665825977E-002  0.37949808335548374     
   2.9633333333333747        8.2394104276285240E-002  0.41059440361342309     
   2.9666666666667081        8.3833996414488965E-002  0.44179702136194177     
   2.9700000000000415        8.5280979496156969E-002  0.47309206765385309     
   2.9733333333333749        8.6734418826685880E-002  0.50446563345542139     
   2.9766666666667083        8.8193676879549224E-002  0.53590377571481351     
   2.9800000000000417        8.9658113575935561E-002  0.56739252344473878     
   2.9833333333333751        9.1127086565510287E-002  0.59891788381687538     
   2.9866666666667085        9.2599951508169673E-002  0.63046584826530339     
   2.9900000000000420        9.4076062356671708E-002  0.66202239859653622     
   2.9933333333333754        9.5554771640011818E-002  0.69357351310337612     
   2.9966666666667088        9.7035430747427057E-002  0.72510517268018215     
   3.0000000000000422        9.8517390212896142E-002  0.75660336693677588     
