   3.3333333333333335E-003  0.10000000000000001        2.1650787312858730     
   6.6666666666666671E-003  0.10166351554168017        2.1968353094978825     
   1.0000000000000000E-002  0.10332630141046405        2.2285169593269840     
   1.3333333333333334E-002  0.10498762825351401        2.2601080852568440     
   1.6666666666666666E-002  0.10664676735796932        2.2915931352842871     
   2.0000000000000000E-002  0.10830299097058371        2.3229566076865042     
   2.3333333333333334E-002  0.10995557261694200        2.3541830577669582     
   2.6666666666666668E-002  0.11160378742011573        2.3852571045771560     
   3.0000000000000002E-002  0.11324691241861824        2.4161634376114898     
   3.3333333333333333E-002  0.11488422688351940        2.4468868234723375     
   3.6666666666666667E-002  0.11651501263458115        2.4774121125026261     
   4.0000000000000001E-002  0.11813855435527509        2.5077242453830744     
   4.3333333333333335E-002  0.11975413990654400        2.5378082596913707     
   4.6666666666666669E-002  0.12136106063916946        2.5676492964205058     
   5.0000000000000003E-002  0.12295861170460892        2.5972326064535407     
   5.3333333333333337E-002  0.12454609236416554        2.6265435569920728     
   5.6666666666666671E-002  0.12612280629635531        2.6555676379357114     
   6.0000000000000005E-002  0.12768806190233664        2.6842904682098538     
   6.3333333333333339E-002  0.12924117260926862        2.7126978020391004     
   6.6666666666666666E-002  0.13078145717146439        2.7407755351636482     
   6.9999999999999993E-002  0.13230823996920807        2.7685097109960348     
   7.3333333333333320E-002  0.13382085130510396        2.7958865267156097     
   7.6666666666666647E-002  0.13531862769782782        2.8228923392981455     
   7.9999999999999974E-002  0.13680091217315188        2.8495136714780034     
   8.3333333333333301E-002  0.13826705455211524        2.8757372176403253     
   8.6666666666666628E-002  0.13971641173621407        2.9015498496406957     
   8.9999999999999955E-002  0.14114834798948575        2.9269386225497933     
   9.3333333333333282E-002  0.14256223521736361        2.9518907803205381     
   9.6666666666666609E-002  0.14395745324218009        2.9763937613752889     
   9.9999999999999936E-002  0.14533339007519713        3.0004352041106768     
  0.10333333333333326       0.14668944218504468        3.0240029523176362     
  0.10666666666666659       0.14802501476244934        3.0470850605143069     
  0.10999999999999992       0.14933952198113762        3.0696697991894588     
  0.11333333333333324       0.15063238725479852        3.0917456599540856     
  0.11666666666666657       0.15190304348999342        3.1133013605989572     
  0.11999999999999990       0.15315093333490198        3.1343258500558329     
  0.12333333333333323       0.15437550942379510        3.1548083132601410     
  0.12666666666666657       0.15557623461712755        3.1747381759129385     
  0.12999999999999989       0.15675258223714517        3.1941051091400285     
  0.13333333333333322       0.15790403629890323        3.2128990340461026     
  0.13666666666666655       0.15903009173659427        3.2311101261618544     
  0.13999999999999987       0.16013025462508690        3.2487288197820350     
  0.14333333333333320       0.16120404239657743        3.2657458121924470     
  0.14666666666666653       0.16225098405226032        3.2821520677839580     
  0.14999999999999986       0.16327062036892365        3.2979388220515795     
  0.15333333333333318       0.16426250410037960        3.3130975854768003     
  0.15666666666666651       0.16522620017364148        3.3276201472913103     
  0.15999999999999984       0.16616128587976117        3.3414985791203828     
  0.16333333333333316       0.16706735105924303        3.3547252385041308     
  0.16666666666666649       0.16794399828195361        3.3672927722950399     
  0.16999999999999982       0.16879084302144762        3.3791941199300570     
  0.17333333333333314       0.16960751382363379        3.3904225165757289     
  0.17666666666666647       0.17039365246970706        3.4009714961448183     
  0.17999999999999980       0.17114891413327515        3.4108348941829352     
  0.18333333333333313       0.17187296753161080        3.4200068506237642     
  0.18666666666666645       0.17256549507096330        3.4284818124115155     
  0.18999999999999978       0.17322619298586564        3.4362545359892764     
  0.19333333333333311       0.17385477147237605        3.4433200896520302     
  0.19666666666666643       0.17445095481519568        3.4496738557631308     
  0.19999999999999976       0.17501448150860630        3.4553115328330835     
  0.20333333333333309       0.17554510437117543        3.4602291374595771     
  0.20666666666666642       0.17604259065417832        3.4644230061277370     
  0.20999999999999974       0.17650672214368918        3.4678897968696352     
  0.21333333333333307       0.17693729525629698        3.4706264907821778     
  0.21666666666666640       0.17733412112840402        3.4726303934025387     
  0.21999999999999972       0.17769702569906753        3.4738991359403579     
  0.22333333333333305       0.17802584978634872        3.4744306763660404     
  0.22666666666666638       0.17832044915713519        3.4742233003544793     
  0.22999999999999970       0.17858069459040626        3.4732756220836727     
  0.23333333333333303       0.17880647193391372        3.4715865848877283     
  0.23666666666666636       0.17899768215425277        3.4691554617638016     
  0.23999999999999969       0.17915424138030112        3.4659818557326481     
  0.24333333333333301       0.17927608094000791        3.4620657000524750     
  0.24666666666666634       0.17936314739051548        3.4574072582858708     
  0.24999999999999967       0.17941540254160099        3.4520071242196764     
  0.25333333333333302       0.17943282347242820        3.4458662216377061     
  0.25666666666666638       0.17941540254160102        3.4389858039463270     
  0.25999999999999973       0.17936314739051551        3.4313674536529564     
  0.26333333333333309       0.17927608094000794        3.4230130816976025     
  0.26666666666666644       0.17915424138030112        3.4139249266376872     
  0.26999999999999980       0.17899768215425277        3.4041055536863993     
  0.27333333333333315       0.17880647193391375        3.3935578536049684     
  0.27666666666666651       0.17858069459040626        3.3822850414492605     
  0.27999999999999986       0.17832044915713519        3.3702906551712126     
  0.28333333333333321       0.17802584978634878        3.3575785540756637     
  0.28666666666666657       0.17769702569906759        3.3441529171332638     
  0.28999999999999992       0.17733412112840408        3.3300182411501233     
  0.29333333333333328       0.17693729525629703        3.3151793387950481     
  0.29666666666666663       0.17650672214368923        3.2996413364851898     
  0.29999999999999999       0.17604259065417838        3.2834096721310453     
  0.30333333333333334       0.17554510437117549        3.2664900927418334     
  0.30666666666666670       0.17501448150860632        3.2488886518922895     
  0.31000000000000005       0.17445095481519574        3.2306117070520473     
  0.31333333333333341       0.17385477147237610        3.2116659167788093     
  0.31666666666666676       0.17322619298586567        3.1920582377765818     
  0.32000000000000012       0.17256549507096336        3.1717959218203342     
  0.32333333333333347       0.17187296753161085        3.1508865125484915     
  0.32666666666666683       0.17114891413327518        3.1293378421247424     
  0.33000000000000018       0.17039365246970706        3.1071580277706934     
  0.33333333333333354       0.16960751382363382        3.0843554681710126     
  0.33666666666666689       0.16879084302144765        3.0609388397526898     
  0.34000000000000025       0.16794399828195361        3.0369170928401883     
  0.34333333333333360       0.16706735105924300        3.0122994476882554     
  0.34666666666666696       0.16616128587976114        2.9870953903942534     
  0.35000000000000031       0.16522620017364148        2.9613146686919247     
  0.35333333333333367       0.16426250410037957        2.9349672876285609     
  0.35666666666666702       0.16327062036892359        2.9080635051275880     
  0.36000000000000038       0.16225098405226027        2.8806138274386686     
  0.36333333333333373       0.16120404239657737        2.8526290044774236     
  0.36666666666666708       0.16013025462508682        2.8241200250569740     
  0.37000000000000044       0.15903009173659419        2.7950981120135463     
  0.37333333333333379       0.15790403629890312        2.7655747172283891     
  0.37666666666666715       0.15675258223714506        2.7355615165483598     
  0.38000000000000050       0.15557623461712741        2.7050704046075427     
  0.38333333333333386       0.15437550942379494        2.6741134895523091     
  0.38666666666666721       0.15315093333490185        2.6427030876723001     
  0.39000000000000057       0.15190304348999326        2.6108517179398105     
  0.39333333333333392       0.15063238725479833        2.5785720964601295     
  0.39666666666666728       0.14933952198113742        2.5458771308354047     
  0.40000000000000063       0.14802501476244911        2.5127799144446570     
  0.40333333333333399       0.14668944218504446        2.4792937206425876     
  0.40666666666666734       0.14533339007519691        2.4454319968798366     
  0.41000000000000070       0.14395745324217984        2.4112083587474680     
  0.41333333333333405       0.14256223521736333        2.3766365839483408     
  0.41666666666666741       0.14114834798948545        2.3417306061982037     
  0.42000000000000076       0.13971641173621380        2.3065045090592831     
  0.42333333333333412       0.13826705455211494        2.2709725197091699     
  0.42666666666666747       0.13680091217315152        2.2351490026478924     
  0.43000000000000083       0.13531862769782746        2.1990484533459984     
  0.43333333333333418       0.13382085130510360        2.1626854918365663     
  0.43666666666666754       0.13230823996920771        2.1260748562540219     
  0.44000000000000089       0.13078145717146397        2.0892313963227100     
  0.44333333333333425       0.12924117260926821        2.0521700667981464     
  0.44666666666666760       0.12768806190233623        2.0149059208638915     
  0.45000000000000095       0.12612280629635486        1.9774541034870352     
  0.45333333333333431       0.12454609236416508        1.9398298447352460     
  0.45666666666666766       0.12295861170460845        1.9020484530583845     
  0.46000000000000102       0.12136106063916899        1.8641253085376690     
  0.46333333333333437       0.11975413990654352        1.8260758561053876     
  0.46666666666666773       0.11813855435527462        1.7879155987381874     
  0.47000000000000108       0.11651501263458064        1.7496600906269144     
  0.47333333333333444       0.11488422688351888        1.7113249303260567     
  0.47666666666666779       0.11324691241861772        1.6729257538857785     
  0.48000000000000115       0.11160378742011520        1.6344782279695662     
  0.48333333333333450       0.10995557261694143        1.5959980429605203     
  0.48666666666666786       0.10830299097058314        1.5575009060592799     
  0.49000000000000121       0.10664676735796874        1.5190025343766071     
  0.49333333333333457       0.10498762825351343        1.4805186480236272     
  0.49666666666666792       0.10332630141046342        1.4420649632027369     
  0.50000000000000122       0.10166351554167954        1.4036571853021660     
  0.50333333333333452        9.9999999999999409E-002   1.3653110019971715     
  0.50666666666666782        9.8336484458319245E-002   1.3270420763608597     
  0.51000000000000112        9.6673698589535409E-002   1.2888660399875949     
  0.51333333333333442        9.5012371746485441E-002   1.2507984861319430     
  0.51666666666666772        9.3353232642030159E-002   1.2128549628661172     
  0.52000000000000102        9.1697009029415771E-002   1.1750509662588371     
  0.52333333333333432        9.0044427383057513E-002   1.1374019335785388     
  0.52666666666666762        8.8396212579883809E-002   1.0999232365238232     
  0.53000000000000091        8.6753087581381311E-002   1.0626301744840507     
  0.53333333333333421        8.5115773116480178E-002   1.0255379678329464     
  0.53666666666666751        8.3484987365418428E-002  0.98866175125806566     
  0.54000000000000081        8.1861445644724515E-002  0.95201656712897886     
  0.54333333333333411        8.0245860093455620E-002  0.91561735890696827     
  0.54666666666666741        7.8638939360830190E-002  0.87947896459906783     
  0.55000000000000071        7.7041388295390728E-002  0.84361611025919025     
  0.55333333333333401        7.5453907635834150E-002  0.80804340353913662     
  0.55666666666666731        7.3877193703644400E-002  0.77277532729218978     
  0.56000000000000061        7.2311938097663078E-002  0.73782623323203667     
  0.56333333333333391        7.0758827390731124E-002  0.70321033564968349     
  0.56666666666666721        6.9218542828535359E-002  0.66894170519103957     
  0.57000000000000051        6.7691760030791720E-002  0.63503426269781738     
  0.57333333333333381        6.6179148694895829E-002  0.60150177311433961     
  0.57666666666666710        6.4681372302171983E-002  0.56835783946287033     
  0.58000000000000040        6.3199087826847938E-002  0.53561589688999767     
  0.58333333333333370        6.1732945447884595E-002  0.50328920678662414     
  0.58666666666666700        6.0283588263785742E-002  0.47139085098404554     
  0.59000000000000030        5.8851652010514122E-002  0.43993372602861036     
  0.59333333333333360        5.7437764782636291E-002  0.40893053753737330     
  0.59666666666666690        5.6042546757819792E-002  0.37839379463717571     
  0.60000000000000020        5.4666609924802774E-002  0.34833580448951990     
  0.60333333333333350        5.3310557814955237E-002  0.31876866690356148     
  0.60666666666666680        5.1974985237550599E-002  0.28970426903956847     
  0.61000000000000010        5.0660478018862316E-002  0.26115428020507148     
  0.61333333333333340        4.9367612745201433E-002  0.23313014674598365     
  0.61666666666666670        4.8096956510006519E-002  0.20564308703485940     
  0.62000000000000000        4.6849066665097978E-002  0.17870408655847955     
  0.62333333333333329        4.5624490576204872E-002  0.15232389310686159     
  0.62666666666666659        4.4423765382872453E-002  0.12651301206580395     
  0.62999999999999989        4.3247417762854838E-002  0.10128170181499054     
  0.63333333333333319        4.2095963701096799E-002   7.6639969233665617E-002
  0.63666666666666649        4.0969908263405762E-002   5.2597565315842615E-002
  0.63999999999999979        3.9869745374913147E-002   2.9163980896956838E-002
  0.64333333333333309        3.8795957603422616E-002   6.3484424938460241E-003
  0.64666666666666639        3.7749015947739738E-002  -1.5840091740123016E-002
  0.64999999999999969        3.6729379631076392E-002  -3.7392935942989987E-002
  0.65333333333333299        3.5737495899620469E-002  -5.8301680353458236E-002
  0.65666666666666629        3.4773799826358573E-002  -7.8558194999806236E-002
  0.65999999999999959        3.3838714120238936E-002  -9.8154633266777883E-002
  0.66333333333333289        3.2932648940757078E-002 -0.11708343533889454     
  0.66666666666666619        3.2056001718046456E-002 -0.13533733151862104     
  0.66999999999999948        3.1209156978552477E-002 -0.15290934541791221     
  0.67333333333333278        3.0392486176366307E-002 -0.16979279702169775     
  0.67666666666666608        2.9606347530293037E-002 -0.18598130562191417     
  0.67999999999999938        2.8851085866724913E-002 -0.20146879262076245     
  0.68333333333333268        2.8127032468389282E-002 -0.21624948420190601     
  0.68666666666666598        2.7434504929036790E-002 -0.23031791386839923     
  0.68999999999999928        2.6773807014134468E-002 -0.24366892484616795     
  0.69333333333333258        2.6145228527624034E-002 -0.25629767235195011     
  0.69666666666666588        2.5549045184804414E-002 -0.26819962572463313     
  0.69999999999999918        2.4985518491393813E-002 -0.27937057041901164     
  0.70333333333333248        2.4454895628824677E-002 -0.28980660986102480     
  0.70666666666666578        2.3957409345821787E-002 -0.29950416716360773     
  0.70999999999999908        2.3493277856310918E-002 -0.30845998670234853     
  0.71333333333333238        2.3062704743703089E-002 -0.31667113555019966     
  0.71666666666666567        2.2665878871596060E-002 -0.32413500477056706     
  0.71999999999999897        2.2302974300932560E-002 -0.33084931056814548     
  0.72333333333333227        2.1974150213651358E-002 -0.33681209529695161     
  0.72666666666666557        2.1679550842864909E-002 -0.34202172832505112     
  0.72999999999999887        2.1419305409593831E-002 -0.34647690675556359     
  0.73333333333333217        2.1193528066086334E-002 -0.35017665600356990     
  0.73666666666666547        2.1002317845747312E-002 -0.35312033022863015     
  0.73999999999999877        2.0845758619698937E-002 -0.35530761262268201     
  0.74333333333333207        2.0723919059992116E-002 -0.35673851555314756     
  0.74666666666666537        2.0636852609484543E-002 -0.35741338056115929     
  0.74999999999999867        2.0584597458399009E-002 -0.35733287821486509     
  0.75333333333333197        2.0567176527571812E-002 -0.35649800781785529     
  0.75666666666666527        2.0584597458398982E-002 -0.35491009697281228     
  0.75999999999999857        2.0636852609484502E-002 -0.35257080100055249     
  0.76333333333333186        2.0723919059992033E-002 -0.34948210221470555     
  0.76666666666666516        2.0845758619698826E-002 -0.34564630905232813     
  0.76999999999999846        2.1002317845747173E-002 -0.34106605506083704     
  0.77333333333333176        2.1193528066086167E-002 -0.33574429774169873     
  0.77666666666666506        2.1419305409593636E-002 -0.32968431725138181     
  0.77999999999999836        2.1679550842864687E-002 -0.32288971496015889     
  0.78333333333333166        2.1974150213651109E-002 -0.31536441186939251     
  0.78666666666666496        2.2302974300932282E-002 -0.30711264688802348     
  0.78999999999999826        2.2665878871595754E-002 -0.29813897496903680     
  0.79333333333333156        2.3062704743702755E-002 -0.28844826510674632     
  0.79666666666666486        2.3493277856310557E-002 -0.27804569819581543     
  0.79999999999999816        2.3957409345821384E-002 -0.26693676475298167     
  0.80333333333333146        2.4454895628824261E-002 -0.25512726250252804     
  0.80666666666666476        2.4985518491393369E-002 -0.24262329382660577     
  0.80999999999999805        2.5549045184803942E-002 -0.22943126308157327     
  0.81333333333333135        2.6145228527623562E-002 -0.21555787378158578     
  0.81666666666666465        2.6773807014133941E-002 -0.20101012565072424     
  0.81999999999999795        2.7434504929036249E-002 -0.18579531154501538     
  0.82333333333333125        2.8127032468388699E-002 -0.16992101424576536     
  0.82666666666666455        2.8851085866724344E-002 -0.15339510312566926     
  0.82999999999999785        2.9606347530292412E-002 -0.13622573068924118     
  0.83333333333333115        3.0392486176365641E-002 -0.11842132898914025     
  0.83666666666666445        3.1209156978551783E-002  -9.9990605920051420E-002
  0.83999999999999775        3.2056001718045748E-002  -8.0942541391820888E-002
  0.84333333333333105        3.2932648940756343E-002  -6.1286383383596009E-002
  0.84666666666666435        3.3838714120238159E-002  -4.1031643880789045E-002
  0.84999999999999765        3.4773799826357796E-002  -2.0188094696718256E-002
  0.85333333333333095        3.5737495899619651E-002   1.2342368191490035E-003
  0.85666666666666424        3.6729379631075615E-002   2.3225072184399002E-002
  0.85999999999999754        3.7749015947738884E-002   4.5773886296297632E-002
  0.86333333333333084        3.8795957603421735E-002   6.8869912051791729E-002
  0.86666666666666414        3.9869745374912245E-002   9.2502145072768049E-002
  0.86999999999999744        4.0969908263404811E-002  0.11665934853442372     
  0.87333333333333074        4.2095963701095869E-002  0.14133005809455990     
  0.87666666666666404        4.3247417762853874E-002  0.16650258692154876     
  0.87999999999999734        4.4423765382871482E-002  0.19216503081871564     
  0.88333333333333064        4.5624490576203873E-002  0.21830527344279921     
  0.88666666666666394        4.6849066665096993E-002  0.24491099161415039     
  0.88999999999999724        4.8096956510005513E-002  0.27196966071626683     
  0.89333333333333054        4.9367612745200379E-002  0.29946856018225293     
  0.89666666666666384        5.0660478018861241E-002  0.32739477906572151     
  0.89999999999999714        5.1974985237549537E-002  0.35573522169366534     
  0.90333333333333043        5.3310557814954161E-002  0.38447661339875638     
  0.90666666666666373        5.4666609924801643E-002  0.41360550632854159     
  0.90999999999999703        5.6042546757818654E-002  0.44310828532892144     
  0.91333333333333033        5.7437764782635105E-002  0.47297117389933063     
  0.91666666666666363        5.8851652010512970E-002  0.50318024021696994     
  0.91999999999999693        6.0283588263784597E-002  0.53372140322743034     
  0.92333333333333023        6.1732945447883394E-002  0.56458043879903863     
  0.92666666666666353        6.3199087826846731E-002  0.59574298593820507     
  0.92999999999999683        6.4681372302170803E-002  0.62719455306306071     
  0.93333333333333013        6.6179148694894621E-002  0.65892052433262760     
  0.93666666666666343        6.7691760030790457E-002  0.69090616602878874     
  0.93999999999999673        6.9218542828534110E-002  0.72313663298823994     
  0.94333333333333003        7.0758827390729834E-002  0.75559697508167167     
  0.94666666666666333        7.2311938097661829E-002  0.78827214373734078     
  0.94999999999999662        7.3877193703643138E-002  0.82114699850623873     
  0.95333333333332992        7.5453907635832845E-002  0.85420631366601363     
  0.95666666666666322        7.7041388295389410E-002  0.88743478486080241     
  0.95999999999999652        7.8638939360828899E-002  0.92081703577413432     
  0.96333333333332982        8.0245860093454330E-002  0.95433762483202766     
  0.96666666666666312        8.1861445644723183E-002  0.98798105193344976     
  0.96999999999999642        8.3484987365417096E-002   1.0217317652052234     
  0.97333333333332972        8.5115773116478805E-002   1.0555741677785424     
  0.97666666666666302        8.6753087581379992E-002   1.0894926245841956     
  0.97999999999999632        8.8396212579882463E-002   1.1234714691636216     
  0.98333333333332962        9.0044427383056166E-002   1.1574950104929143     
  0.98666666666666292        9.1697009029414397E-002   1.1915475398168898     
  0.98999999999999622        9.3353232642028827E-002   1.2256133374903280     
  0.99333333333332952        9.5012371746484109E-002   1.2596766798235017     
  0.99666666666666281        9.6673698589534035E-002   1.2937218459291280     
  0.99999999999999611        9.8336484458317885E-002   1.3277331245678432     
   1.0033333333333294        9.9999999999998077E-002   1.3616948209893283     
   1.0066666666666628       0.10166351554167821        1.3955912637662269     
   1.0099999999999962       0.10332630141046213        1.4294068116179717     
   1.0133333333333296       0.10498762825351213        1.4631258602216766     
   1.0166666666666631       0.10664676735796749        1.4967328490072302     
   1.0199999999999965       0.10830299097058192        1.5302122679337431     
   1.0233333333333299       0.10995557261694024        1.5635486642445331     
   1.0266666666666633       0.11160378742011402        1.5967266491977889     
   1.0299999999999967       0.11324691241861658        1.6297309047701252     
   1.0333333333333301       0.11488422688351778        1.6625461903302068     
   1.0366666666666635       0.11651501263457957        1.6951573492796510     
   1.0399999999999969       0.11813855435527357        1.7275493156584198     
   1.0433333333333303       0.11975413990654250        1.7597071207119543     
   1.0466666666666637       0.12136106063916802        1.7916158994172620     
   1.0499999999999972       0.12295861170460752        1.8232608969652473     
   1.0533333333333306       0.12454609236416418        1.8546274751965459     
   1.0566666666666640       0.12612280629635397        1.8857011189881485     
   1.0599999999999974       0.12768806190233536        1.9164674425881416     
   1.0633333333333308       0.12924117260926740        1.9469121958958628     
   1.0666666666666642       0.13078145717146322        1.9770212706848402     
   1.0699999999999976       0.13230823996920693        2.0067807067658623     
   1.0733333333333310       0.13382085130510285        2.0361766980875724     
   1.0766666666666644       0.13531862769782679        2.0651955987719850     
   1.0799999999999979       0.13680091217315088        2.0938239290823364     
   1.0833333333333313       0.13826705455211430        2.1220483813207580     
   1.0866666666666647       0.13971641173621319        2.1498558256531948     
   1.0899999999999981       0.14114834798948489        2.1772333158590924     
   1.0933333333333315       0.14256223521736278        2.2041680950033706     
   1.0966666666666649       0.14395745324217932        2.2306476010282235     
   1.0999999999999983       0.14533339007519641        2.2566594722623141     
   1.1033333333333317       0.14668944218504398        2.2821915528449841     
   1.1066666666666651       0.14802501476244870        2.3072318980630810     
   1.1099999999999985       0.14933952198113704        2.3317687795980859     
   1.1133333333333320       0.15063238725479797        2.3557906906812143     
   1.1166666666666654       0.15190304348999292        2.3792863511542182     
   1.1199999999999988       0.15315093333490154        2.4022447124336419     
   1.1233333333333322       0.15437550942379469        2.4246549623763176     
   1.1266666666666656       0.15557623461712716        2.4465065300439250     
   1.1299999999999990       0.15675258223714481        2.4677890903644668     
   1.1333333333333324       0.15790403629890290        2.4884925686885606     
   1.1366666666666658       0.15903009173659399        2.5086071452384702     
   1.1399999999999992       0.16013025462508662        2.5281232594478511     
   1.1433333333333326       0.16120404239657721        2.5470316141902427     
   1.1466666666666661       0.16225098405226013        2.5653231798943001     
   1.1499999999999995       0.16327062036892348        2.5829891985439328     
   1.1533333333333329       0.16426250410037946        2.6000211875614228     
   1.1566666666666663       0.16522620017364137        2.6164109435717591     
   1.1599999999999997       0.16616128587976109        2.6321505460463728     
   1.1633333333333331       0.16706735105924297        2.6472323608245580     
   1.1666666666666665       0.16794399828195361        2.6616490435109310     
   1.1699999999999999       0.16879084302144762        2.6753935427472406     
   1.1733333333333333       0.16960751382363382        2.6884591033570149     
   1.1766666666666667       0.17039365246970709        2.7008392693614587     
   1.1800000000000002       0.17114891413327521        2.7125278868651770     
   1.1833333333333336       0.17187296753161085        2.7235191068102624     
   1.1866666666666670       0.17256549507096336        2.7338073875974116     
   1.1900000000000004       0.17322619298586572        2.7433874975727264     
   1.1933333333333338       0.17385477147237616        2.7522545173789896     
   1.1966666666666672       0.17445095481519579        2.7604038421701733     
   1.2000000000000006       0.17501448150860641        2.7678311836880787     
   1.2033333333333340       0.17554510437117554        2.7745325721999996     
   1.2066666666666674       0.17604259065417843        2.7805043582964371     
   1.2100000000000009       0.17650672214368929        2.7857432145478542     
   1.2133333333333343       0.17693729525629714        2.7902461370196256     
   1.2166666666666677       0.17733412112840413        2.7940104466443434     
   1.2200000000000011       0.17769702569906765        2.7970337904507043     
   1.2233333333333345       0.17802584978634883        2.7993141426482944     
   1.2266666666666679       0.17832044915713527        2.8008498055676343     
   1.2300000000000013       0.17858069459040635        2.8016394104549320     
   1.2333333333333347       0.17880647193391380        2.8016819181210346     
   1.2366666666666681       0.17899768215425282        2.8009766194441630     
   1.2400000000000015       0.17915424138030117        2.7995231357260661     
   1.2433333333333350       0.17927608094000799        2.7973214189013089     
   1.2466666666666684       0.17936314739051551        2.7943717515994866     
   1.2500000000000018       0.17941540254160104        2.7906747470602018     
   1.2533333333333352       0.17943282347242820        2.7862313489007366     
   1.2566666666666686       0.17941540254160099        2.7810428307364314     
   1.2600000000000020       0.17936314739051545        2.7751107956538159     
   1.2633333333333354       0.17927608094000785        2.7684371755366444     
   1.2666666666666688       0.17915424138030103        2.7610242302450581     
   1.2700000000000022       0.17899768215425266        2.7528745466481350     
   1.2733333333333356       0.17880647193391361        2.7439910375102268     
   1.2766666666666691       0.17858069459040610        2.7343769402314662     
   1.2800000000000025       0.17832044915713502        2.7240358154429920     
   1.2833333333333359       0.17802584978634853        2.7129715454574366     
   1.2866666666666693       0.17769702569906731        2.7011883325753550     
   1.2900000000000027       0.17733412112840380        2.6886906972482896     
   1.2933333333333361       0.17693729525629673        2.6754834760992749     
   1.2966666666666695       0.17650672214368887        2.6615718198016722     
   1.3000000000000029       0.17604259065417799        2.6469611908172146     
   1.3033333333333363       0.17554510437117504        2.6316573609943332     
   1.3066666666666698       0.17501448150860588        2.6156664090277877     
   1.3100000000000032       0.17445095481519521        2.5989947177807955     
   1.3133333333333366       0.17385477147237555        2.5816489714708393     
   1.3166666666666700       0.17322619298586509        2.5636361527204503     
   1.3200000000000034       0.17256549507096269        2.5449635394743240     
   1.3233333333333368       0.17187296753161019        2.5256387017841906     
   1.3266666666666702       0.17114891413327449        2.5056694984628978     
   1.3300000000000036       0.17039365246970634        2.4850640736092902     
   1.3333333333333370       0.16960751382363301        2.4638308530054762     
   1.3366666666666704       0.16879084302144678        2.4419785403881606     
   1.3400000000000039       0.16794399828195275        2.4195161135957912     
   1.3433333333333373       0.16706735105924209        2.3964528205932973     
   1.3466666666666707       0.16616128587976017        2.3727981753763068     
   1.3500000000000041       0.16522620017364043        2.3485619537567177     
   1.3533333333333375       0.16426250410037849        2.3237541890316509     
   1.3566666666666709       0.16327062036892248        2.2983851675377420     
   1.3600000000000043       0.16225098405225913        2.2724654240929256     
   1.3633333333333377       0.16120404239657615        2.2460057373277968     
   1.3666666666666711       0.16013025462508557        2.2190171249087602     
   1.3700000000000045       0.15903009173659288        2.1915108386551903     
   1.3733333333333380       0.15790403629890179        2.1634983595529036     
   1.3766666666666714       0.15675258223714367        2.1349913926662611     
   1.3800000000000048       0.15557623461712597        2.1060018619512810     
   1.3833333333333382       0.15437550942379336        2.0765419049721863     
   1.3866666666666716       0.15315093333490021        2.0466238675238579     
   1.3900000000000050       0.15190304348999156        2.0162602981626740     
   1.3933333333333384       0.15063238725479661        1.9854639426483123     
   1.3966666666666718       0.14933952198113562        1.9542477382990722     
   1.4000000000000052       0.14802501476244728        1.9226248082633486     
   1.4033333333333387       0.14668944218504254        1.8906084557098957     
   1.4066666666666721       0.14533339007519497        1.8582121579395827     
   1.4100000000000055       0.14395745324217785        1.8254495604213474     
   1.4133333333333389       0.14256223521736128        1.7923344707550941     
   1.4166666666666723       0.14114834798948336        1.7588808525643074     
   1.4200000000000057       0.13971641173621163        1.7251028193212026     
   1.4233333333333391       0.13826705455211274        1.6910146281071992     
   1.4266666666666725       0.13680091217314930        1.6566306733116056     
   1.4300000000000059       0.13531862769782518        1.6219654802713601     
   1.4333333333333393       0.13382085130510124        1.5870336988547309     
   1.4366666666666728       0.13230823996920532        1.5518500969918789     
   1.4400000000000062       0.13078145717146156        1.5164295541552011     
   1.4433333333333396       0.12924117260926574        1.4807870547924240     
   1.4466666666666730       0.12768806190233370        1.4449376817153610     
   1.4500000000000064       0.12612280629635231        1.4088966094473387     
   1.4533333333333398       0.12454609236416248        1.3726790975322558     
   1.4566666666666732       0.12295861170460581        1.3363004838082555     
   1.4600000000000066       0.12136106063916630        1.2997761776490298     
   1.4633333333333400       0.11975413990654078        1.2631216531757341     
   1.4666666666666734       0.11813855435527182        1.2263524424425456     
   1.4700000000000069       0.11651501263457782        1.1894841285988640     
   1.4733333333333403       0.11488422688351602        1.1525323390311775     
   1.4766666666666737       0.11324691241861481        1.1155127384876093     
   1.4800000000000071       0.11160378742011225        1.0784410221881624     
   1.4833333333333405       0.10995557261693847        1.0413329089236965     
   1.4866666666666739       0.10830299097058015        1.0042041341466208     
   1.4900000000000073       0.10664676735796570       0.96707044305635137     
   1.4933333333333407       0.10498762825351035       0.92994758368251307     
   1.4966666666666741       0.10332630141046034       0.89285129996890933     
   1.5000000000000075       0.10166351554167642       0.85579732486124116     
   1.5033333333333410        9.9999999999996231E-002  0.81880137340157566     
   1.5066666666666744        9.8336484458316026E-002  0.78187913583253443     
   1.5100000000000078        9.6673698589532106E-002  0.74504627071418283     
   1.5133333333333412        9.5012371746482110E-002  0.70831839805656704     
   1.5166666666666746        9.3353232642026773E-002  0.67171109247086169     
   1.5200000000000080        9.1697009029412344E-002  0.63523987634204904     
   1.5233333333333414        9.0044427383054043E-002  0.59892021302606613     
   1.5266666666666748        8.8396212579880284E-002  0.56276750007430665     
   1.5300000000000082        8.6753087581377744E-002  0.52679706248839697     
   1.5333333333333417        8.5115773116476556E-002  0.49102414600810024     
   1.5366666666666751        8.3484987365414792E-002  0.45546391043521023     
   1.5400000000000085        8.1861445644720823E-002  0.42013142299628675     
   1.5433333333333419        8.0245860093451915E-002  0.38504165174704186     
   1.5466666666666753        7.8638939360826443E-002  0.35020945902118283     
   1.5500000000000087        7.7041388295386967E-002  0.31564959492649775     
   1.5533333333333421        7.5453907635830347E-002  0.28137669089093442     
   1.5566666666666755        7.3877193703640584E-002  0.24740525326141782     
   1.5600000000000089        7.2311938097659234E-002  0.21374965695811901     
   1.5633333333333423        7.0758827390727252E-002  0.18042413918686220     
   1.5666666666666758        6.9218542828531487E-002  0.14744279321234224     
   1.5700000000000092        6.7691760030787793E-002  0.11481956219479197     
   1.5733333333333426        6.6179148694891915E-002   8.2568233092706056E-002
   1.5766666666666760        6.4681372302168055E-002   5.0702430634224784E-002
   1.5800000000000094        6.3199087826844025E-002   1.9235611359721544E-002
   1.5833333333333428        6.1732945447880647E-002  -1.1818942261866141E-002
   1.5866666666666762        6.0283588263781815E-002  -4.2448127640457967E-002
   1.5900000000000096        5.8851652010510173E-002  -7.2639027793543059E-002
   1.5933333333333430        5.7437764782632343E-002 -0.10237891699373046     
   1.5966666666666764        5.6042546757815878E-002 -0.13165526633273925     
   1.6000000000000099        5.4666609924798847E-002 -0.16045574919944314     
   1.6033333333333433        5.3310557814951351E-002 -0.18876824666963507     
   1.6066666666666767        5.1974985237546706E-002 -0.21658085280519823     
   1.6100000000000101        5.0660478018858451E-002 -0.24388187986040941     
   1.6133333333333435        4.9367612745197582E-002 -0.27065986339314602     
   1.6166666666666769        4.8096956510002717E-002 -0.29690356727878303     
   1.6200000000000103        4.6849066665094197E-002 -0.32260198862462852     
   1.6233333333333437        4.5624490576201132E-002 -0.34774436258276914     
   1.6266666666666771        4.4423765382868741E-002 -0.37232016705924142     
   1.6300000000000106        4.3247417762851140E-002 -0.39631912731748431     
   1.6333333333333440        4.2095963701093156E-002 -0.41973122047406985     
   1.6366666666666774        4.0969908263402154E-002 -0.44254667988475488     
   1.6400000000000108        3.9869745374909608E-002 -0.46475599941892998     
   1.6433333333333442        3.8795957603419119E-002 -0.48634993762059658     
   1.6466666666666776        3.7749015947736282E-002 -0.50731952175404016     
   1.6500000000000110        3.6729379631073047E-002 -0.52765605173242047     
   1.6533333333333444        3.5737495899617167E-002 -0.54735110392753838     
   1.6566666666666778        3.4773799826355326E-002 -0.56639653485909125     
   1.6600000000000112        3.3838714120235744E-002 -0.58478448476177824     
   1.6633333333333447        3.2932648940753956E-002 -0.60250738102866630     
   1.6666666666666781        3.2056001718043431E-002 -0.61955794152926724     
   1.6700000000000115        3.1209156978549521E-002 -0.63592917780084990     
   1.6733333333333449        3.0392486176363434E-002 -0.65161439811154087     
   1.6766666666666783        2.9606347530290233E-002 -0.66660721039383231     
   1.6800000000000117        2.8851085866722234E-002 -0.68090152504716628     
   1.6833333333333451        2.8127032468386687E-002 -0.69449155760832493     
   1.6866666666666785        2.7434504929034279E-002 -0.70737183128839576     
   1.6900000000000119        2.6773807014132053E-002 -0.71953717937516226     
   1.6933333333333453        2.6145228527621731E-002 -0.73098274749980674     
   1.6966666666666788        2.5549045184802208E-002 -0.74170399576687407     
   1.7000000000000122        2.4985518491391717E-002 -0.75169670074651773     
   1.7033333333333456        2.4454895628822679E-002 -0.76095695732809132     
   1.7066666666666790        2.3957409345819899E-002 -0.76948118043421754     
   1.7100000000000124        2.3493277856309155E-002 -0.77726610659453088     
   1.7133333333333458        2.3062704743701451E-002 -0.78430879537834497     
   1.7166666666666792        2.2665878871594533E-002 -0.79060663068556447     
   1.7200000000000126        2.2302974300931158E-002 -0.79615732189521660     
   1.7233333333333460        2.1974150213650095E-002 -0.80095890487105303     
   1.7266666666666795        2.1679550842863771E-002 -0.80500974282372406     
   1.7300000000000129        2.1419305409592818E-002 -0.80830852702910039     
   1.7333333333333463        2.1193528066085474E-002 -0.81085427740238203     
   1.7366666666666797        2.1002317845746576E-002 -0.81264634292769700     
   1.7400000000000131        2.0845758619698354E-002 -0.81368440194295910     
   1.7433333333333465        2.0723919059991672E-002 -0.81396846227982156     
   1.7466666666666799        2.0636852609484252E-002 -0.81349886125863524     
   1.7500000000000133        2.0584597458398871E-002 -0.81227626553837329     
   1.7533333333333467        2.0567176527571812E-002 -0.81030167082156812     
   1.7566666666666801        2.0584597458399134E-002 -0.80757640141436182     
   1.7600000000000136        2.0636852609484807E-002 -0.80410210964184559     
   1.7633333333333470        2.0723919059992504E-002 -0.79988077511892985     
   1.7666666666666804        2.0845758619699450E-002 -0.79491470387705077     
   1.7700000000000138        2.1002317845747950E-002 -0.78920652734709174     
   1.7733333333333472        2.1193528066087111E-002 -0.78275920119897013     
   1.7766666666666806        2.1419305409594747E-002 -0.77557600403838789     
   1.7800000000000140        2.1679550842865977E-002 -0.76766053596133987     
   1.7833333333333474        2.1974150213652566E-002 -0.75901671696701767     
   1.7866666666666808        2.2302974300933906E-002 -0.74964878522982603     
   1.7900000000000142        2.2665878871597558E-002 -0.73956129523129099     
   1.7933333333333477        2.3062704743704726E-002 -0.72875911575270746     
   1.7966666666666811        2.3493277856312708E-002 -0.71724742772943662     
   1.8000000000000145        2.3957409345823702E-002 -0.70503172196783437     
   1.8033333333333479        2.4454895628826759E-002 -0.69211779672584584     
   1.8066666666666813        2.4985518491396047E-002 -0.67851175515838269     
   1.8100000000000147        2.5549045184806801E-002 -0.66422000262864311     
   1.8133333333333481        2.6145228527626588E-002 -0.64924924388661343     
   1.8166666666666815        2.6773807014137160E-002 -0.63360648011604681     
   1.8200000000000149        2.7434504929039649E-002 -0.61729900585126807     
   1.8233333333333483        2.8127032468392293E-002 -0.60033440576522978     
   1.8266666666666818        2.8851085866728104E-002 -0.58272055133029077     
   1.8300000000000152        2.9606347530296354E-002 -0.56446559735325408     
   1.8333333333333486        3.0392486176369776E-002 -0.54557797838625388     
   1.8366666666666820        3.1209156978556113E-002 -0.52606640501514468     
   1.8400000000000154        3.2056001718050273E-002 -0.50593986002709668     
   1.8433333333333488        3.2932648940761020E-002 -0.48520759445915174     
   1.8466666666666822        3.3838714120243044E-002 -0.46387912352956079     
   1.8500000000000156        3.4773799826362861E-002 -0.44196422245376299     
   1.8533333333333490        3.5737495899624910E-002 -0.41947292214692178     
   1.8566666666666825        3.6729379631081013E-002 -0.39641550481498961     
   1.8600000000000159        3.7749015947744484E-002 -0.37280249943630989     
   1.8633333333333493        3.8795957603427529E-002 -0.34864467713582503     
   1.8666666666666827        3.9869745374918227E-002 -0.32395304645399026     
   1.8700000000000161        4.0969908263410980E-002 -0.29873884851255778     
   1.8733333333333495        4.2095963701102183E-002 -0.27301355207941752     
   1.8766666666666829        4.3247417762860382E-002 -0.24678884853474031     
   1.8800000000000163        4.4423765382878164E-002 -0.22007664674070226     
   1.8833333333333497        4.5624490576210756E-002 -0.19288906781710480     
   1.8866666666666831        4.6849066665104001E-002 -0.16523843982525643     
   1.8900000000000166        4.8096956510012709E-002 -0.13713729236249919     
   1.8933333333333500        4.9367612745207762E-002 -0.10859835106982174     
   1.8966666666666834        5.0660478018868804E-002  -7.9634532055012225E-002
   1.9000000000000168        5.1974985237557218E-002  -5.0258936233850873E-002
   1.9033333333333502        5.3310557814962030E-002  -2.0484843591868758E-002
   1.9066666666666836        5.4666609924809685E-002   9.6742926307675850E-003
   1.9100000000000170        5.6042546757826869E-002   4.0204851828667378E-002
   1.9133333333333504        5.7437764782643487E-002   7.1093051992305409E-002
   1.9166666666666838        5.8851652010521477E-002  0.10232495573815130     
   1.9200000000000172        6.0283588263793250E-002  0.13388647640518317     
   1.9233333333333507        6.1732945447892214E-002  0.16576338421509410     
   1.9266666666666841        6.3199087826855710E-002  0.19794131249348659     
   1.9300000000000175        6.4681372302179879E-002  0.23040576394933371     
   1.9333333333333509        6.6179148694903850E-002  0.26314211700995149     
   1.9366666666666843        6.7691760030799852E-002  0.29613563220873007     
   1.9400000000000177        6.9218542828543644E-002  0.32937145862283218     
   1.9433333333333511        7.0758827390739520E-002  0.36283464035808077     
   1.9466666666666845        7.2311938097671599E-002  0.39651012307820493     
   1.9500000000000179        7.3877193703653032E-002  0.43038276057564540     
   1.9533333333333514        7.5453907635842893E-002  0.46443732138107002     
   1.9566666666666848        7.7041388295399596E-002  0.49865849540876500     
   1.9600000000000182        7.8638939360839155E-002  0.53303090063504632     
   1.9633333333333516        8.0245860093464683E-002  0.56753908980683287     
   1.9666666666666850        8.1861445644733674E-002  0.60216755717751069     
   1.9700000000000184        8.3484987365427699E-002  0.63690074526721741     
   1.9733333333333518        8.5115773116489518E-002  0.67172305164467117     
   1.9766666666666852        8.6753087581390748E-002  0.70661883572765516     
   1.9800000000000186        8.8396212579893468E-002  0.74157242559928471     
   1.9833333333333520        9.0044427383067269E-002  0.77656812483714455     
   1.9866666666666855        9.1697009029425611E-002  0.81159021935246223     
   1.9900000000000189        9.3353232642040054E-002  0.84662298423636217     
   1.9933333333333523        9.5012371746495433E-002  0.88165069061036427     
   1.9966666666666857        9.6673698589545429E-002  0.91665761247822530     
   2.0000000000000191        9.8336484458329362E-002  0.95162803357624237     
   2.0033333333333525       0.10000000000000957       0.98654625421914011     
   2.0066666666666859       0.10166351554168976        1.0213965981386757     
   2.0100000000000193       0.10332630141047368        1.0561634193120790     
   2.0133333333333527       0.10498762825352366        1.0908311087774898     
   2.0166666666666861       0.10664676735797900        1.1253841014335075     
   2.0200000000000196       0.10830299097059341        1.1598068828200381     
   2.0233333333333530       0.10995557261695170        1.1940839958775760     
   2.0266666666666864       0.11160378742012544        1.2282000476821044     
   2.0300000000000198       0.11324691241862797        1.2621397161527925     
   2.0333333333333532       0.11488422688352912        1.2958877567296836     
   2.0366666666666866       0.11651501263459087        1.3294290090185732     
   2.0400000000000200       0.11813855435528481        1.3627484034002988     
   2.0433333333333534       0.11975413990655370        1.3958309676016756     
   2.0466666666666868       0.12136106063917913        1.4286618332252998     
   2.0500000000000203       0.12295861170461858        1.4612262422355107     
   2.0533333333333537       0.12454609236417516        1.4935095533977563     
   2.0566666666666871       0.12612280629636488        1.5254972486686669     
   2.0600000000000205       0.12768806190234619        1.5571749395341421     
   2.0633333333333539       0.12924117260927814        1.5885283732927702     
   2.0666666666666873       0.13078145717147385        1.6195434392819268     
   2.0700000000000207       0.13230823996921748        1.6502061750439170     
   2.0733333333333541       0.13382085130511331        1.6805027724295383     
   2.0766666666666875       0.13531862769783712        1.7104195836364642     
   2.0800000000000209       0.13680091217316109        1.7399431271798900     
   2.0833333333333544       0.13826705455212443        1.7690600937928631     
   2.0866666666666878       0.13971641173622318        1.7977573522537906     
   2.0900000000000212       0.14114834798949477        1.8260219551386054     
   2.0933333333333546       0.14256223521737255        1.8538411444951086     
   2.0966666666666880       0.14395745324218895        1.8812023574370538     
   2.1000000000000214       0.14533339007520590        1.9080932316555155     
   2.1033333333333548       0.14668944218505334        1.9345016108451683     
   2.1066666666666882       0.14802501476245791        1.9604155500430911     
   2.1100000000000216       0.14933952198114608        1.9858233208777534     
   2.1133333333333550       0.15063238725480688        2.0107134167258893     
   2.1166666666666885       0.15190304349000167        2.0350745577749554     
   2.1200000000000219       0.15315093333491012        2.0588956959889488     
   2.1233333333333553       0.15437550942380310        2.0821660199753569     
   2.1266666666666887       0.15557623461713541        2.1048749597510650     
   2.1300000000000221       0.15675258223715291        2.1270121914050804     
   2.1333333333333555       0.15790403629891081        2.1485676416559687     
   2.1366666666666889       0.15903009173660171        2.1695314923019247     
   2.1400000000000223       0.16013025462509417        2.1898941845614583     
   2.1433333333333557       0.16120404239658456        2.2096464233027038     
   2.1466666666666891       0.16225098405226732        2.2287791811593989     
   2.1500000000000226       0.16327062036893047        2.2472837025316386     
   2.1533333333333560       0.16426250410038623        2.2651515074695259     
   2.1566666666666894       0.16522620017364797        2.2823743954379156     
   2.1600000000000228       0.16616128587976747        2.2989444489604733     
   2.1633333333333562       0.16706735105924914        2.3148540371413158     
   2.1666666666666896       0.16794399828195958        2.3300958190625787     
   2.1700000000000230       0.16879084302145339        2.3446627470562484     
   2.1733333333333564       0.16960751382363937        2.3585480698487138     
   2.1766666666666898       0.17039365246971244        2.3717453355764850     
   2.1800000000000233       0.17114891413328034        2.3842483946716300     
   2.1833333333333567       0.17187296753161579        2.3960514026154738     
   2.1866666666666901       0.17256549507096808        2.4071488225592330     
   2.1900000000000235       0.17322619298587019        2.4175354278102450     
   2.1933333333333569       0.17385477147238040        2.4272063041825596     
   2.1966666666666903       0.17445095481519979        2.4361568522106807     
   2.2000000000000237       0.17501448150861021        2.4443827892253349     
   2.2033333333333571       0.17554510437117909        2.4518801512901796     
   2.2066666666666905       0.17604259065418179        2.4586452949984574     
   2.2100000000000239       0.17650672214369240        2.4646748991286107     
   2.2133333333333574       0.17693729525630000        2.4699659661579942     
   2.2166666666666908       0.17733412112840680        2.4745158236338489     
   2.2200000000000242       0.17769702569907006        2.4783221254007741     
   2.2233333333333576       0.17802584978635100        2.4813828526840074     
   2.2266666666666910       0.17832044915713718        2.4836963150278843     
   2.2300000000000244       0.17858069459040804        2.4852611510889036     
   2.2333333333333578       0.17880647193391527        2.4860763292829255     
   2.2366666666666912       0.17899768215425405        2.4861411482860509     
   2.2400000000000246       0.17915424138030214        2.4854552373888623     
   2.2433333333333580       0.17927608094000869        2.4840185567036852     
   2.2466666666666915       0.17936314739051601        2.4818313972247350     
   2.2500000000000249       0.17941540254160127        2.4788943807409023     
   2.2533333333333583       0.17943282347242820        2.4752084596012054     
   2.2566666666666917       0.17941540254160077        2.4707749163328323     
   2.2600000000000251       0.17936314739051495        2.4655953631118877     
   2.2633333333333585       0.17927608094000713        2.4596717410869591     
   2.2666666666666919       0.17915424138030006        2.4530063195557386     
   2.2700000000000253       0.17899768215425144        2.4456016949949708     
   2.2733333333333587       0.17880647193391219        2.4374607899441121     
   2.2766666666666922       0.17858069459040443        2.4285868517430864     
   2.2800000000000256       0.17832044915713308        2.4189834511247197     
   2.2833333333333590       0.17802584978634636        2.4086544806623422     
   2.2866666666666924       0.17769702569906493        2.3976041530732863     
   2.2900000000000258       0.17733412112840113        2.3858369993789563     
   2.2933333333333592       0.17693729525629384        2.3733578669222930     
   2.2966666666666926       0.17650672214368573        2.3601719172434703     
   2.3000000000000260       0.17604259065417463        2.3462846238148041     
   2.3033333333333594       0.17554510437117146        2.3317017696358362     
   2.3066666666666928       0.17501448150860205        2.3164294446897093     
   2.3100000000000263       0.17445095481519118        2.3004740432619601     
   2.3133333333333597       0.17385477147237130        2.2838422611229614     
   2.3166666666666931       0.17322619298586062        2.2665410925752867     
   2.3200000000000265       0.17256549507095803        2.2485778273673622     
   2.3233333333333599       0.17187296753160525        2.2299600474748256     
   2.3266666666666933       0.17114891413326933        2.2106956237510675     
   2.3300000000000267       0.17039365246970098        2.1907927124485145     
   2.3333333333333601       0.16960751382362743        2.1702597516122677     
   2.3366666666666935       0.16879084302144101        2.1491054573477775     
   2.3400000000000269       0.16794399828194675        2.1273388199642826     
   2.3433333333333604       0.16706735105923590        2.1049690999958259     
   2.3466666666666938       0.16616128587975376        2.0820058241017025     
   2.3500000000000272       0.16522620017363387        2.0584587808482460     
   2.3533333333333606       0.16426250410037169        2.0343380163739435     
   2.3566666666666940       0.16327062036891549        2.0096538299399112     
   2.3600000000000274       0.16225098405225194        1.9844167693677834     
   2.3633333333333608       0.16120404239656880        1.9586376263672005     
   2.3666666666666942       0.16013025462507802        1.9323274317550307     
   2.3700000000000276       0.15903009173658517        1.9054974505686202     
   2.3733333333333611       0.15790403629889388        1.8781591770753026     
   2.3766666666666945       0.15675258223713559        1.8503243296805518     
   2.3800000000000279       0.15557623461711773        1.8220048457371125     
   2.3833333333333613       0.15437550942378506        1.7932128762575716     
   2.3866666666666947       0.15315093333489171        1.7639607805328075     
   2.3900000000000281       0.15190304348998293        1.7342611206588396     
   2.3933333333333615       0.15063238725478781        1.7041266559746169     
   2.3966666666666949       0.14933952198112668        1.6735703374133295     
   2.4000000000000283       0.14802501476243821        1.6426053017698690     
   2.4033333333333617       0.14668944218503333        1.6112448658870844     
   2.4066666666666952       0.14533339007518559        1.5795025207635205     
   2.4100000000000286       0.14395745324216835        1.5473919255853650     
   2.4133333333333620       0.14256223521735165        1.5149269016853424     
   2.4166666666666954       0.14114834798947362        1.4821214264313387     
   2.4200000000000288       0.13971641173620175        1.4489896270475464     
   2.4233333333333622       0.13826705455210275        1.4155457743709792     
   2.4266666666666956       0.13680091217313917        1.3818042765461755     
   2.4300000000000290       0.13531862769781497        1.3477796726610030     
   2.4333333333333624       0.13382085130509092        1.3134866263264013     
   2.4366666666666958       0.13230823996919489        1.2789399192030404     
   2.4400000000000293       0.13078145717145104        1.2441544444777575     
   2.4433333333333627       0.12924117260925513        1.2091452002927665     
   2.4466666666666961       0.12768806190232301        1.1739272831305576     
   2.4500000000000295       0.12612280629634151        1.1385158811574878     
   2.4533333333333629       0.12454609236415162        1.1029262675290303     
   2.4566666666666963       0.12295861170459489        1.0671737936596553     
   2.4600000000000297       0.12136106063915530        1.0312738824603829     
   2.4633333333333631       0.11975413990652972       0.99524202154697039     
   2.4666666666666965       0.11813855435526072       0.95909375642177341     
   2.4700000000000299       0.11651501263456666       0.92284468363228278     
   2.4733333333333634       0.11488422688350482       0.88651044390936085     
   2.4766666666666968       0.11324691241860356       0.85010671528819459     
   2.4800000000000302       0.11160378742010096       0.81364920621498760     
   2.4833333333333636       0.10995557261692715       0.77715364864240666     
   2.4866666666666970       0.10830299097056879       0.74063579111680700     
   2.4900000000000304       0.10664676735795434       0.70411139186024641     
   2.4933333333333638       0.10498762825349896       0.66759621185029105     
   2.4966666666666972       0.10332630141044895       0.63110600790063220     
   2.5000000000000306       0.10166351554166501       0.59465652574550032     
   2.5033333333333641        9.9999999999984809E-002  0.55826349313086876     
   2.5066666666666975        9.8336484458304618E-002  0.52194261291543176     
   2.5100000000000309        9.6673698589520712E-002  0.48570955618432499     
   2.5133333333333643        9.5012371746470731E-002  0.44957995537854878     
   2.5166666666666977        9.3353232642015394E-002  0.41356939744304672     
   2.5200000000000311        9.1697009029401005E-002  0.37769341699637837     
   2.5233333333333645        9.0044427383042719E-002  0.34196748952489614     
   2.5266666666666979        8.8396212579868988E-002  0.30640702460435248     
   2.5300000000000313        8.6753087581366489E-002  0.27102735915181536     
   2.5333333333333647        8.5115773116465357E-002  0.23584375071078267     
   2.5366666666666982        8.3484987365403635E-002  0.20087137077233225     
   2.5400000000000316        8.1861445644709721E-002  0.16612529813518512     
   2.5433333333333650        8.0245860093440868E-002  0.13162051230746116     
   2.5466666666666984        7.8638939360815452E-002   9.7371886952968403E-002
   2.5500000000000318        7.7041388295376032E-002   6.3394183384782185E-002
   2.5533333333333652        7.5453907635819356E-002   2.9702044108884818E-002
   2.5566666666666986        7.3877193703629801E-002  -3.6900135793842856E-003
   2.5600000000000320        7.2311938097648409E-002  -3.6767603943400722E-002
   2.5633333333333654        7.0758827390716636E-002  -6.9516479095060674E-002
   2.5666666666666988        6.9218542828520829E-002 -0.10192253522379283     
   2.5700000000000323        6.7691760030777370E-002 -0.13397181876196834     
   2.5733333333333657        6.6179148694881465E-002 -0.16565053248427802     
   2.5766666666666991        6.4681372302157841E-002 -0.19694504153829509     
   2.5800000000000325        6.3199087826833783E-002 -0.22784187940385286     
   2.5833333333333659        6.1732945447870655E-002 -0.25832775377852529     
   2.5866666666666993        6.0283588263771823E-002 -0.28838955238688446     
   2.5900000000000327        5.8851652010500424E-002 -0.31801434871088285     
   2.5933333333333661        5.7437764782622601E-002 -0.34718940763910267     
   2.5966666666666995        5.6042546757806379E-002 -0.37590219103228234     
   2.6000000000000330        5.4666609924789368E-002 -0.40414036320291757     
   2.6033333333333664        5.3310557814942122E-002 -0.43189179630642677     
   2.6066666666666998        5.1974985237537512E-002 -0.45914457564173200     
   2.6100000000000332        5.0660478018849521E-002 -0.48588700485883124     
   2.6133333333333666        4.9367612745188694E-002 -0.51210761107126723     
   2.6166666666667000        4.8096956509994085E-002 -0.53779514987115440     
   2.6200000000000334        4.6849066665085620E-002 -0.56293861024473602     
   2.6233333333333668        4.5624490576192812E-002 -0.58752721938621444     
   2.6266666666667002        4.4423765382860490E-002 -0.61155044740790332     
   2.6300000000000336        4.3247417762843174E-002 -0.63499801194452044     
   2.6333333333333671        4.2095963701085246E-002 -0.65785988264975981     
   2.6366666666667005        4.0969908263394528E-002 -0.68012628558303789     
   2.6400000000000339        3.9869745374902059E-002 -0.70178770748463992     
   2.6433333333333673        3.8795957603411840E-002 -0.72283489993725192     
   2.6466666666667007        3.7749015947729114E-002 -0.74325888341218638     
   2.6500000000000341        3.6729379631066136E-002 -0.76305095119838795     
   2.6533333333333675        3.5737495899610366E-002 -0.78220267321260339     
   2.6566666666667009        3.4773799826348817E-002 -0.80070589968891781     
   2.6600000000000343        3.3838714120229346E-002 -0.81855276474611849     
   2.6633333333333677        3.2932648940747836E-002 -0.83573568983119717     
   2.6666666666667012        3.2056001718037450E-002 -0.85224738703754999     
   2.6700000000000346        3.1209156978543817E-002 -0.86808086229628578     
   2.6733333333333680        3.0392486176357869E-002 -0.88322941843930380     
   2.6766666666667014        2.9606347530284960E-002 -0.89768665813266302     
   2.6800000000000348        2.8851085866717099E-002 -0.91144648667900630     
   2.6833333333333682        2.8127032468381816E-002 -0.92450311468767110     
   2.6866666666667016        2.7434504929029588E-002 -0.93685106061135826     
   2.6900000000000350        2.6773807014127626E-002 -0.94848515314811255     
   2.6933333333333684        2.6145228527617470E-002 -0.95940053350758714     
   2.6966666666667019        2.5549045184798239E-002 -0.96959265754046431     
   2.7000000000000353        2.4985518491387915E-002 -0.97905729773013450     
   2.7033333333333687        2.4454895628819154E-002 -0.98779054504560992     
   2.7066666666667021        2.3957409345816555E-002 -0.99578881065489289     
   2.7100000000000355        2.3493277856306088E-002  -1.0030488274979192     
   2.7133333333333689        2.3062704743698578E-002  -1.0095676517183891     
   2.7166666666667023        2.2665878871591938E-002  -1.0153426639537555     
   2.7200000000000357        2.2302974300928743E-002  -1.0203715704827936     
   2.7233333333333691        2.1974150213647958E-002  -1.0246524042301541     
   2.7266666666667025        2.1679550842861842E-002  -1.0281835256274550     
   2.7300000000000360        2.1419305409591152E-002  -1.0309636233304302     
   2.7333333333333694        2.1193528066084016E-002  -1.0329917147918366     
   2.7366666666667028        2.1002317845745383E-002  -1.0342671466897664     
   2.7400000000000362        2.0845758619697397E-002  -1.0347895952111767     
   2.7433333333333696        2.0723919059990964E-002  -1.0345590661904529     
   2.7466666666667030        2.0636852609483766E-002  -1.0335758951029179     
   2.7500000000000364        2.0584597458398621E-002  -1.0318407469132567     
   2.7533333333333698        2.0567176527571812E-002  -1.0293546157788960     
   2.7566666666667032        2.0584597458399370E-002  -1.0261188246084461     
   2.7600000000000366        2.0636852609485293E-002  -1.0221350244753773     
   2.7633333333333701        2.0723919059993212E-002  -1.0174051938871764     
   2.7666666666667035        2.0845758619700422E-002  -1.0119316379102878     
   2.7700000000000369        2.1002317845749144E-002  -1.0057169871512244     
   2.7733333333333703        2.1193528066088568E-002 -0.99876419659428528     
   2.7766666666667037        2.1419305409596412E-002 -0.99107654429640368     
   2.7800000000000371        2.1679550842867892E-002 -0.98265762993969152     
   2.7833333333333705        2.1974150213654703E-002 -0.97351137324234716     
   2.7866666666667039        2.2302974300936293E-002 -0.96364201222861945     
   2.7900000000000373        2.2665878871600154E-002 -0.95305410135863355     
   2.7933333333333707        2.3062704743707599E-002 -0.94175250951889566     
   2.7966666666667042        2.3493277856315775E-002 -0.92974241787443068     
   2.8000000000000376        2.3957409345827047E-002 -0.91702931758348305     
   2.8033333333333710        2.4454895628830284E-002 -0.90361900737587453     
   2.8066666666667044        2.4985518491399850E-002 -0.88951759099607564     
   2.8100000000000378        2.5549045184810798E-002 -0.87473147451221578     
   2.8133333333333712        2.6145228527630834E-002 -0.85926736349220967     
   2.8166666666667046        2.6773807014141587E-002 -0.84313226004835129     
   2.8200000000000380        2.7434504929044340E-002 -0.82633345975167982     
   2.8233333333333714        2.8127032468397151E-002 -0.80887854841758788     
   2.8266666666667049        2.8851085866733239E-002 -0.79077539876409420     
   2.8300000000000383        2.9606347530301641E-002 -0.77203216694437982     
   2.8333333333333717        3.0392486176375355E-002 -0.75265728895510364     
   2.8366666666667051        3.1209156978561817E-002 -0.73265947692224354     
   2.8400000000000385        3.2056001718056240E-002 -0.71204771526606181     
   2.8433333333333719        3.2932648940767140E-002 -0.69083125674706403     
   2.8466666666667053        3.3838714120249427E-002 -0.66901961839466384     
   2.8500000000000387        3.4773799826369370E-002 -0.64662257732051354     
   2.8533333333333721        3.5737495899631710E-002 -0.62365016641832483     
   2.8566666666667055        3.6729379631087911E-002 -0.60011266995225376     
   2.8600000000000390        3.7749015947751659E-002 -0.57602061903573909     
   2.8633333333333724        3.8795957603434794E-002 -0.55138478700299953     
   2.8666666666667058        3.9869745374925776E-002 -0.52621618467515430     
   2.8700000000000392        4.0969908263418814E-002 -0.50052605552325913     
   2.8733333333333726        4.2095963701110094E-002 -0.47432587073034810     
   2.8766666666667060        4.3247417762868570E-002 -0.44762732415476236     
   2.8800000000000394        4.4423765382886421E-002 -0.42044232719709296     
   2.8833333333333728        4.5624490576219270E-002 -0.39278300357294760     
   2.8866666666667062        4.6849066665112585E-002 -0.36466168399403726     
   2.8900000000000396        4.8096956510021556E-002 -0.33609090075983600     
   2.8933333333333731        4.9367612745216657E-002 -0.30708338226238391     
   2.8966666666667065        5.0660478018877964E-002 -0.27765204740656280     
   2.9000000000000399        5.1974985237566419E-002 -0.24780999994847649     
   2.9033333333333733        5.3310557814971481E-002 -0.21757052275432159     
   2.9066666666667067        5.4666609924819164E-002 -0.18694707198246066     
   2.9100000000000401        5.6042546757836605E-002 -0.15595327119112160     
   2.9133333333333735        5.7437764782653236E-002 -0.12460290537450235     
   2.9166666666667069        5.8851652010531469E-002  -9.2909914929752035E-002
   2.9200000000000403        6.0283588263803249E-002  -6.0888389557662168E-002
   2.9233333333333738        6.1732945447902456E-002  -2.8552562099581763E-002
   2.9266666666667072        6.3199087826865952E-002   4.0831976865640194E-003
   2.9300000000000406        6.4681372302190343E-002   3.7004389408595573E-002
   2.9333333333333740        6.6179148694914314E-002   7.0196388377821425E-002
   2.9366666666667074        6.7691760030810538E-002  0.10364445199961224     
   2.9400000000000408        6.9218542828554303E-002  0.13733372621384773     
   2.9433333333333742        7.0758827390750387E-002  0.17124925198262012     
   2.9466666666667076        7.2311938097682424E-002  0.20537597182220532     
   2.9500000000000410        7.3877193703664079E-002  0.23969873637665731     
   2.9533333333333744        7.5453907635853870E-002  0.27420231103001219     
   2.9566666666667079        7.7041388295410781E-002  0.30887138255444063     
   2.9600000000000413        7.8638939360850271E-002  0.34369056579131213     
   2.9633333333333747        8.0245860093476021E-002  0.37864441036248969     
   2.9666666666667081        8.1861445644744915E-002  0.41371740740880647     
   2.9700000000000415        8.3484987365439134E-002  0.44889399635303512     
   2.9733333333333749        8.5115773116500870E-002  0.48415857168428250     
   2.9766666666667083        8.6753087581402280E-002  0.51949548976111237     
   2.9800000000000417        8.8396212579904765E-002  0.55488907563032897     
   2.9833333333333751        9.0044427383078732E-002  0.59032362985871556     
   2.9866666666667085        9.1697009029436949E-002  0.62578343537465442     
   2.9900000000000420        9.3353232642051573E-002  0.66125276431693192     
   2.9933333333333754        9.5012371746506813E-002  0.69671588488764102     
   2.9966666666667088        9.6673698589556975E-002  0.73215706820650484     
   3.0000000000000422        9.8336484458340770E-002  0.76756059516352804     
