   5.0000000000000001E-003  0.10000000000000001        2.1640108048389406     
   1.0000000000000000E-002  0.15585710612232873        3.3668665486262501     
   1.4999999999999999E-002  0.21165908802462485        4.5656430872317895     
   2.0000000000000000E-002  0.26735087588780571        5.7594111128975225     
   2.5000000000000001E-002  0.32287750864100151        6.9472479327871115     
   3.0000000000000002E-002  0.37818418820149624        8.1282362373570152     
   3.5000000000000003E-002  0.43321633355382017        9.3014629048672219     
   4.0000000000000001E-002  0.48791963461462207        10.466017866802479     
   4.4999999999999998E-002  0.54224010583016424        11.620993052977466     
   4.9999999999999996E-002  0.59612413945354714        12.765481428616633     
   5.4999999999999993E-002  0.64951855844908257        13.898576129110699     
   5.9999999999999991E-002  0.70237066897160827        15.019369691837028     
   6.4999999999999988E-002  0.75462831236895123        16.126953378745227     
   6.9999999999999993E-002  0.80623991665622008        17.220416578668598     
   7.4999999999999997E-002  0.85715454741112773        18.298846274787309     
   8.0000000000000002E-002  0.90732195804011684        19.361326560535463     
   8.5000000000000006E-002  0.95669263936568172        20.406938186638513     
   9.0000000000000011E-002   1.0052178684859483        21.434758122941293     
   9.5000000000000015E-002   1.0528497568582971        22.443859121225472     
  0.10000000000000002        1.0995412975595718        23.433309269233689     
  0.10500000000000002        1.1452464116762389        24.402171531474217     
  0.11000000000000003        1.1899199937787097        25.349503278876846     
  0.11500000000000003        1.2335179564349565        26.274355816764036     
  0.12000000000000004        1.2759972737194836        27.175773928605622     
  0.12500000000000003        1.3173160236747208        28.052795461319192     
  0.13000000000000003        1.3574334296829358        28.904450986111289     
  0.13500000000000004        1.3963099007078310        29.729763576647990     
  0.14000000000000004        1.4339070703661190        30.527748753306170     
  0.14500000000000005        1.4701878347905080        31.297414647977952     
  0.15000000000000005        1.5051163892467405        32.037762447979702     
  0.15500000000000005        1.5386582634685444        32.747787179657990     
  0.16000000000000006        1.5707803556756215        33.426478891929030     
  0.16500000000000006        1.6014509652411111        34.072824296926363     
  0.17000000000000007        1.6306398239762796        34.685808918931407     
  0.17500000000000007        1.6583181260015691        35.264419793693165     
  0.18000000000000008        1.6844585561745222        35.807648748102963     
  0.18500000000000008        1.7090353170465309        36.314496275126999     
  0.19000000000000009        1.7320241543218029        36.783976001228801     
  0.19500000000000009        1.7534023807934229        37.215119723731945     
  0.20000000000000009        1.7731488987328885        37.606982974352697     
  0.20500000000000010        1.7912442207110193        37.958651043308770     
  0.21000000000000010        1.8076704888296975        38.269245376952973     
  0.21500000000000011        1.8224114923454575        38.537930241853878     
  0.22000000000000011        1.8354526836675320        38.763919530739919     
  0.22500000000000012        1.8467811927145683        38.946483571805430     
  0.23000000000000012        1.8563858396158444        39.084955793500136     
  0.23500000000000013        1.8642571457444519        39.178739092865662     
  0.24000000000000013        1.8703873430715563        39.227311757273021     
  0.24500000000000013        1.8747703818325030        39.230232797282731     
  0.25000000000000011        1.8774019364972063        39.187146562187287     
  0.25500000000000012        1.8782794100389228        39.097786529146866     
  0.26000000000000012        1.8774019364972061        38.961978180903230     
  0.26500000000000012        1.8747703818325030        38.779640914766127     
  0.27000000000000013        1.8703873430715561        38.550788955597206     
  0.27500000000000013        1.8642571457444517        38.275531276403818     
  0.28000000000000014        1.8563858396158439        37.954070560387599     
  0.28500000000000014        1.8467811927145676        37.586701266404404     
  0.29000000000000015        1.8354526836675313        37.173806884467318     
  0.29500000000000015        1.8224114923454566        36.715856488072795     
  0.30000000000000016        1.8076704888296968        36.213400704957444     
  0.30500000000000016        1.7912442207110184        35.667067236932979     
  0.31000000000000016        1.7731488987328878        35.077556062591427     
  0.31500000000000017        1.7534023807934220        34.445634454133256     
  0.32000000000000017        1.7320241543218018        33.772131931869460     
  0.32500000000000018        1.7090353170465300        33.057935267849203     
  0.33000000000000018        1.6844585561745211        32.303983634500597     
  0.33500000000000019        1.6583181260015680        31.511263976195213     
  0.34000000000000019        1.6306398239762787        30.680806662325665     
  0.34500000000000020        1.6014509652411100        29.813681460864426     
  0.35000000000000020        1.5707803556756204        28.910993852393776     
  0.35500000000000020        1.5386582634685428        27.973881687079913     
  0.36000000000000021        1.5051163892467394        27.003512171652257     
  0.36500000000000021        1.4701878347905062        26.001079160617021     
  0.37000000000000022        1.4339070703661176        24.967800715975105     
  0.37500000000000022        1.3963099007078292        23.904916892754507     
  0.38000000000000023        1.3574334296829340        22.813687703680738     
  0.38500000000000023        1.3173160236747186        21.695391215148891     
  0.39000000000000024        1.2759972737194814        20.551321728072743     
  0.39500000000000024        1.2335179564349543        19.382788000847775     
  0.40000000000000024        1.1899199937787075        18.191111477198945     
  0.40500000000000025        1.1452464116762369        16.977624488684761     
  0.41000000000000025        1.0995412975595695        15.743668409681188     
  0.41500000000000026        1.0528497568582951        14.490591751356336     
  0.42000000000000026        1.0052178684859459        13.219748190067293     
  0.42500000000000027       0.95669263936567950        11.932494534385464     
  0.43000000000000027       0.90732195804011428        10.630188643228948     
  0.43500000000000028       0.85715454741112540        9.3141873150346157     
  0.44000000000000028       0.80623991665621741        7.9858441742504276     
  0.44500000000000028       0.75462831236894878        6.6465075864387577     
  0.45000000000000029       0.70237066897160527        5.2975186367584675     
  0.45500000000000029       0.64951855844907980        3.9402092084116247     
  0.46000000000000030       0.59612413945354381        2.5759001977246032     
  0.46500000000000030       0.54224010583016125        1.2058999008857159     
  0.47000000000000031       0.48791963461461929      -0.16849739595227120     
  0.47500000000000031       0.43321633355381695       -1.5460125963291629     
  0.48000000000000032       0.37818418820149335       -2.9253827221606237     
  0.48500000000000032       0.32287750864099807       -4.3053615778856464     
  0.49000000000000032       0.26735087588780265       -5.6847201443838209     
  0.49500000000000033       0.21165908802462130       -7.0622467051632114     
  0.50000000000000033       0.15585710612232548       -8.4367467154451532     
  0.50500000000000034        9.9999999999996272E-002  -9.8070424324406016     
  0.51000000000000034        4.4142893877667885E-002  -11.171972331948142     
  0.51500000000000035       -1.1659088024628714E-002  -12.530390342086342     
  0.52000000000000035       -6.7350875887809275E-002  -13.881164929236032     
  0.52500000000000036      -0.12287750864100547       -15.223178073936436     
  0.53000000000000036      -0.17818418820149992       -16.555324175459237     
  0.53500000000000036      -0.23321633355382351       -17.876508923090729     
  0.54000000000000037      -0.28791963461462577       -19.185648169883187     
  0.54500000000000037      -0.34224010583016773       -20.481666840989458     
  0.55000000000000038      -0.39612413945355107       -21.763497903932407     
  0.55500000000000038      -0.44951855844908617       -23.030081422606308     
  0.56000000000000039      -0.50237066897161242       -24.280363710818904     
  0.56500000000000039      -0.55462831236895505       -25.513296595126079     
  0.57000000000000040      -0.60623991665622423       -26.727836790948771     
  0.57500000000000040      -0.65715454741113155       -27.922945390817450     
  0.58000000000000040      -0.70732195804012110       -29.097587459348315     
  0.58500000000000041      -0.75669263936568532       -30.250731726432413     
  0.59000000000000041      -0.80521786848595223       -31.381350368268759     
  0.59500000000000042      -0.85284975685830056       -32.488418865368040     
  0.60000000000000042      -0.89954129755957568       -33.570915927501723     
  0.60500000000000043      -0.94524641167624213       -34.627823477700879     
  0.61000000000000043      -0.98991999377871276       -35.658126690693010     
  0.61500000000000044       -1.0335179564349599       -36.660814085412788     
  0.62000000000000044       -1.0759972737194863       -37.634877676201718     
  0.62500000000000044       -1.1173160236747237       -38.579313192750718     
  0.63000000000000045       -1.1574334296829383       -39.493120384438242     
  0.63500000000000045       -1.1963099007078342       -40.375303430161544     
  0.64000000000000046       -1.2339070703661219       -41.224871479721898     
  0.64500000000000046       -1.2701878347905109       -42.040839356990176     
  0.65000000000000047       -1.3051163892467432       -42.822228458132457     
  0.65500000000000047       -1.3386582634685464       -43.568067879838672     
  0.66000000000000048       -1.3707803556756244       -44.277395812518591     
  0.66500000000000048       -1.4014509652411136       -44.949261231614628     
  0.67000000000000048       -1.4306398239762819       -45.582725916394224     
  0.67500000000000049       -1.4583181260015710       -46.176866819769614     
  0.68000000000000049       -1.4844585561745238       -46.730778804882860     
  0.68500000000000050       -1.5090353170465329       -47.243577754521667     
  0.69000000000000050       -1.5320241543218045       -47.714404048134313     
  0.69500000000000051       -1.5534023807934243       -48.142426388641880     
  0.70000000000000051       -1.5731488987328894       -48.526845947848372     
  0.70500000000000052       -1.5912442207110207       -48.866900785572668     
  0.71000000000000052       -1.6076704888296984       -49.161870484277394     
  0.71500000000000052       -1.6224114923454582       -49.411080928614140     
  0.72000000000000053       -1.6354526836675325       -49.613909148596463     
  0.72500000000000053       -1.6467811927145690       -49.769788136697429     
  0.73000000000000054       -1.6563858396158448       -49.878211543598077     
  0.73500000000000054       -1.6642571457444524       -49.938738155041918     
  0.74000000000000055       -1.6703873430715566       -49.950996053567010     
  0.74500000000000055       -1.6747703818325033       -49.914686373912133     
  0.75000000000000056       -1.6774019364972061       -49.829586569536815     
  0.75500000000000056       -1.6782794100389227       -49.695553119674727     
  0.76000000000000056       -1.6774019364972059       -49.512523621169706     
  0.76500000000000057       -1.6747703818325024       -49.280518226373530     
  0.77000000000000057       -1.6703873430715552       -48.999640406831539     
  0.77500000000000058       -1.6642571457444508       -48.670077041477256     
  0.78000000000000058       -1.6563858396158431       -48.292097846702291     
  0.78500000000000059       -1.6467811927145668       -47.866054183096061     
  0.79000000000000059       -1.6354526836675300       -47.392377289071959     
  0.79500000000000060       -1.6224114923454553       -46.871576004357607     
  0.80000000000000060       -1.6076704888296951       -46.304234055939311     
  0.80500000000000060       -1.5912442207110169       -45.691006985218820     
  0.81000000000000061       -1.5731488987328859       -45.032618797768400     
  0.81500000000000061       -1.5534023807934199       -44.329858416267456     
  0.82000000000000062       -1.5320241543217996       -43.583576013243672     
  0.82500000000000062       -1.5090353170465278       -42.794679293565437     
  0.83000000000000063       -1.4844585561745192       -41.964129787777438     
  0.83500000000000063       -1.4583181260015654       -41.092939206957752     
  0.84000000000000064       -1.4306398239762759       -40.182165898448076     
  0.84500000000000064       -1.4014509652411073       -39.232911430204297     
  0.85000000000000064       -1.3707803556756175       -38.246317320226666     
  0.85500000000000065       -1.3386582634685396       -37.223561917075536     
  0.86000000000000065       -1.3051163892467361       -36.165857428292824     
  0.86500000000000066       -1.2701878347905033       -35.074447085953295     
  0.87000000000000066       -1.2339070703661146       -33.950602432784081     
  0.87500000000000067       -1.1963099007078266       -32.795620708426007     
  0.88000000000000067       -1.1574334296829301       -31.610822313479858     
  0.88500000000000068       -1.1173160236747151       -30.397548328907764     
  0.89000000000000068       -1.0759972737194778       -29.157158069994907     
  0.89500000000000068       -1.0335179564349510       -27.891026657204321     
  0.90000000000000069      -0.98991999377870321       -26.600542590617135     
  0.90500000000000069      -0.94524641167623236       -25.287105319946384     
  0.91000000000000070      -0.89954129755956580       -23.952122808024381     
  0.91500000000000070      -0.85284975685829112       -22.597009091865065     
  0.92000000000000071      -0.80521786848594123       -21.223181851560831     
  0.92500000000000071      -0.75669263936567477       -19.832060003072296     
  0.93000000000000071      -0.70732195804011033       -18.425061336107799     
  0.93500000000000072      -0.65715454741112145       -17.003600222500800     
  0.94000000000000072      -0.60623991665621402       -15.569085423545612     
  0.94500000000000073      -0.55462831236894394       -14.122918026468081     
  0.95000000000000073      -0.50237066897160099       -12.666489540465918     
  0.95500000000000074      -0.44951855844907551       -11.201180181496323     
  0.96000000000000074      -0.39612413945354019       -9.7283573722371539     
  0.96500000000000075      -0.34224010583015607       -8.2493744794877610     
  0.97000000000000075      -0.28791963461461412       -6.7655698058777149     
  0.97500000000000075      -0.23321633355381252       -5.2782658463466756     
  0.98000000000000076      -0.17818418820148887       -3.7887688127459516     
  0.98500000000000076      -0.12287750864099278       -2.2983684224290606     
  0.99000000000000077       -6.7350875887797368E-002 -0.80833793922164110     
  0.99500000000000077       -1.1659088024616765E-002  0.68006555193476725     
   1.0000000000000007        4.4142893877679064E-002   2.1656006617132428     
   1.0050000000000006       0.10000000000000747        3.6470410348200906     
   1.0100000000000005       0.15585710612233428        5.1231745443249572     
   1.0150000000000003       0.21165908802463007        6.5928023784860850     
   1.0200000000000002       0.26735087588780904        8.0547380573524876     
   1.0250000000000001       0.32287750864100295        9.5078064154518334     
   1.0300000000000000       0.37818418820149735        10.950842584305109     
   1.0349999999999999       0.43321633355381950        12.382691004529034     
   1.0399999999999998       0.48791963461462096        13.802204492142780     
   1.0449999999999997       0.54224010583016136        15.208243377705005     
   1.0499999999999996       0.59612413945354403        16.599674730434270     
   1.0549999999999995       0.64951855844907769        17.975371672882975     
   1.0599999999999994       0.70237066897160327        19.334212785430744     
   1.0649999999999993       0.75462831236894456        20.675081594182657     
   1.0699999999999992       0.80623991665621320        21.996866131128261     
   1.0749999999999991       0.85715454741111918        23.298458551887592     
   1.0799999999999990       0.90732195804010674        24.578754794248148     
   1.0849999999999989       0.95669263936567128        25.836654260096427     
   1.0899999999999987        1.0052178684859365        27.071059504331849     
   1.0949999999999986        1.0528497568582851        28.280875916897084     
   1.0999999999999985        1.0995412975595587        29.465011388084662     
   1.1049999999999984        1.1452464116762255        30.622375952646514     
   1.1099999999999983        1.1899199937786953        31.751881414736118     
   1.1149999999999982        1.2335179564349423        32.852440963116308     
   1.1199999999999981        1.2759972737194680        33.922968794076930     
   1.1249999999999980        1.3173160236747044        34.962379767809701     
   1.1299999999999979        1.3574334296829196        35.969589132227540     
   1.1349999999999978        1.3963099007078144        36.943512356018239     
   1.1399999999999977        1.4339070703661025        37.883065119692716     
   1.1449999999999976        1.4701878347904906        38.787163519116589     
   1.1499999999999975        1.5051163892467239        39.654724540101753     
   1.1549999999999974        1.5386582634685271        40.484666864682318     
   1.1599999999999973        1.5707803556756050        41.275912069351875     
   1.1649999999999971        1.6014509652410942        42.027386272484129     
   1.1699999999999970        1.6306398239762627        42.738022282167421     
   1.1749999999999969        1.6583181260015529        43.406762286620804     
   1.1799999999999968        1.6844585561745060        44.032561117228454     
   1.1849999999999967        1.7090353170465156        44.614390099171622     
   1.1899999999999966        1.7320241543217876        45.151241486973468     
   1.1949999999999965        1.7534023807934087        45.642133462498933     
   1.1999999999999964        1.7731488987328747        46.086115651736080     
   1.2049999999999963        1.7912442207110066        46.482275094868804     
   1.2099999999999962        1.8076704888296855        46.829742582700646     
   1.2149999999999961        1.8224114923454462        47.127699252468084     
   1.2199999999999960        1.8354526836675220        47.375383318582344     
   1.2249999999999959        1.8467811927145594        47.572096799926655     
   1.2299999999999958        1.8563858396158370        47.717212095965422     
   1.2349999999999957        1.8642571457444457        47.810178259867783     
   1.2399999999999956        1.8703873430715516        47.850526818645577     
   1.2449999999999954        1.8747703818324999        47.837876998176959     
   1.2499999999999953        1.8774019364972045        47.771940224831752     
   1.2549999999999952        1.8782794100389228        47.652523794768697     
   1.2599999999999951        1.8774019364972079        47.479533626054796     
   1.2649999999999950        1.8747703818325063        47.252976036470436     
   1.2699999999999949        1.8703873430715614        46.972958519898128     
   1.2749999999999948        1.8642571457444590        46.639689525085608     
   1.2799999999999947        1.8563858396158535        46.253477270808503     
   1.2849999999999946        1.8467811927145792        45.814727659574103     
   1.2899999999999945        1.8354526836675447        45.323941376686840     
   1.2949999999999944        1.8224114923454728        44.781710281646234     
   1.2999999999999943        1.8076704888297148        44.188713213678760     
   1.3049999999999942        1.7912442207110386        43.545711342249533     
   1.3099999999999941        1.7731488987329109        42.853543196543995     
   1.3149999999999940        1.7534023807934473        42.113119505374691     
   1.3199999999999938        1.7320241543218295        41.325417971268905     
   1.3249999999999937        1.7090353170465598        40.491478090392789     
   1.3299999999999936        1.6844585561745546        39.612396114408725     
   1.3349999999999935        1.6583181260016036        38.689320232384475     
   1.3399999999999934        1.6306398239763162        37.723446031553912     
   1.3449999999999933        1.6014509652411499        36.716012276108103     
   1.3499999999999932        1.5707803556756641        35.668297024219314     
   1.3549999999999931        1.5386582634685890        34.581614085982586     
   1.3599999999999930        1.5051163892467876        33.457309809549415     
   1.3649999999999929        1.4701878347905590        32.296760169894696     
   1.3699999999999928        1.4339070703661723        31.101368124700755     
   1.3749999999999927        1.3963099007078863        29.872561194880625     
   1.3799999999999926        1.3574334296829931        28.611789223276212     
   1.3849999999999925        1.3173160236747823        27.320522263906504     
   1.3899999999999924        1.2759972737195471        26.000248555551451     
   1.3949999999999922        1.2335179564350220        24.652472537118342     
   1.3999999999999921        1.1899199937787797        23.278712867768853     
   1.4049999999999920        1.1452464116763106        21.880500421784877     
   1.4099999999999919        1.0995412975596455        20.459376236202864     
   1.4149999999999918        1.0528497568583726        19.016889397928590     
   1.4199999999999917        1.0052178684860285        17.554594865966543     
   1.4249999999999916       0.95669263936576365        16.074051233167278     
   1.4299999999999915       0.90732195804020055        14.576818440169747     
   1.4349999999999914       0.85715454741121311        13.064455461662295     
   1.4399999999999913       0.80623991665630990        11.538517991436150     
   1.4449999999999912       0.75462831236904249        10.000556157708200     
   1.4499999999999911       0.70237066897170086        8.4521123036677501     
   1.4549999999999910       0.64951855844917938        6.8947188700126354     
   1.4599999999999909       0.59612413945364517        5.3298964163238427     
   1.4649999999999908       0.54224010583026339        3.7591518164757738     
   1.4699999999999906       0.48791963461472221        2.1839766599602664     
   1.4749999999999905       0.43321633355392442       0.60584588616801449     
   1.4799999999999904       0.37818418820160138      -0.97378332747712193     
   1.4849999999999903       0.32287750864110742       -2.5534724098081076     
   1.4899999999999902       0.26735087588791551       -4.1318019667822101     
   1.4949999999999901       0.21165908802473521       -5.7073720812748041     
   1.4999999999999900       0.15585710612243958       -7.2788023522798087     
   1.5049999999999899       0.10000000000011122       -8.8447316916709813     
   1.5099999999999898        4.4142893877785923E-002  -10.403817903516774     
   1.5149999999999897       -1.1659088024510086E-002  -11.954737076629959     
   1.5199999999999896       -6.7350875887690953E-002  -13.496182825299734     
   1.5249999999999895      -0.12287750864088673       -15.026865415829349     
   1.5299999999999894      -0.17818418820137863       -16.545510817485560     
   1.5349999999999893      -0.23321633355370283       -18.050859715778522     
   1.5399999999999892      -0.28791963461450509       -19.541666523725691     
   1.5449999999999890      -0.34224010583004483       -21.016698423113699     
   1.5499999999999889      -0.39612413945342839       -22.474734463012787     
   1.5549999999999888      -0.44951855844896482       -23.914564737249719     
   1.5599999999999887      -0.50237066897149152       -25.334989656563625     
   1.5649999999999886      -0.55462831236883281       -26.734819325116106     
   1.5699999999999885      -0.60623991665610288       -28.112873025271114     
   1.5749999999999884      -0.65715454741101176       -29.467978809420426     
   1.5799999999999883      -0.70732195804000242       -30.798973193396598     
   1.5849999999999882      -0.75669263936556597       -32.104700942895953     
   1.5899999999999881      -0.80521786848583443       -33.384014942491071     
   1.5949999999999880      -0.85284975685818487       -34.635776136312053     
   1.5999999999999879      -0.89954129755945922       -35.858853530331302     
   1.6049999999999878      -0.94524641167612822       -37.052124248320354     
   1.6099999999999877      -0.98991999377860151       -38.214473636836551     
   1.6149999999999876       -1.0335179564348507       -39.344795418852456     
   1.6199999999999875       -1.0759972737193777       -40.441991900623499     
   1.6249999999999873       -1.1173160236746176       -41.504974241834901     
   1.6299999999999872       -1.1574334296828355       -42.532662804672540     
   1.6349999999999871       -1.1963099007077318       -43.523987602913564     
   1.6399999999999870       -1.2339070703660229       -44.477888877101137     
   1.6449999999999869       -1.2701878347904150       -45.393317826036622     
   1.6499999999999868       -1.3051163892466509       -46.269237527884940     
   1.6549999999999867       -1.3386582634684563       -47.104624085853729     
   1.6599999999999866       -1.3707803556755371       -47.898468033435904     
   1.6649999999999865       -1.4014509652410307       -48.649776032393781     
   1.6699999999999864       -1.4306398239762030       -49.357572892882942     
   1.6749999999999863       -1.4583181260014946       -50.020903939302841     
   1.6799999999999862       -1.4844585561744519       -50.638837737656885     
   1.6849999999999861       -1.5090353170464648       -51.210469190535946     
   1.6899999999999860       -1.5320241543217397       -51.734922994549258     
   1.6949999999999859       -1.5534023807933643       -52.211357442458805     
   1.6999999999999857       -1.5731488987328341       -52.638968538880775     
   1.7049999999999856       -1.5912442207109696       -53.016994384746894     
   1.7099999999999855       -1.6076704888296518       -53.344719772372457     
   1.7149999999999854       -1.6224114923454165       -53.621480920626738     
   1.7199999999999853       -1.6354526836674961       -53.846670268998345     
   1.7249999999999852       -1.6467811927145366       -54.019741240936540     
   1.7299999999999851       -1.6563858396158180       -54.140212881284526     
   1.7349999999999850       -1.6642571457444308       -54.207674270350402     
   1.7399999999999849       -1.6703873430715401       -54.221788618485888     
   1.7449999999999848       -1.6747703818324922       -54.182296950066927     
   1.7499999999999847       -1.6774019364972006       -54.089021294420419     
   1.7549999999999846       -1.6782794100389227       -53.941867313222986     
   1.7599999999999845       -1.6774019364972115       -53.740826308729837     
   1.7649999999999844       -1.6747703818325139       -53.485976574226711     
   1.7699999999999843       -1.6703873430715726       -53.177484066546270     
   1.7749999999999841       -1.6642571457444737       -52.815602399487858     
   1.7799999999999840       -1.6563858396158722       -52.400672175629580     
   1.7849999999999839       -1.6467811927146014       -51.933119691448866     
   1.7899999999999838       -1.6354526836675707       -51.413455066096205     
   1.7949999999999837       -1.6224114923455017       -50.842269856925995     
   1.7999999999999836       -1.6076704888297484       -50.220234234506563     
   1.8049999999999835       -1.5912442207110755       -49.548093795998049     
   1.8099999999999834       -1.5731488987329505       -48.826666098420020     
   1.8149999999999833       -1.5534023807934916       -48.056836992525902     
   1.8199999999999832       -1.5320241543218771       -47.239556834045686     
   1.8249999999999831       -1.5090353170466109       -46.375836642381429     
   1.8299999999999830       -1.4844585561746075       -45.466744267987742     
   1.8349999999999829       -1.4583181260016613       -44.513400619255798     
   1.8399999999999828       -1.4306398239763773       -43.516975988394272     
   1.8449999999999827       -1.4014509652412142       -42.478686504197789     
   1.8499999999999825       -1.3707803556757296       -41.399790728303756     
   1.8549999999999824       -1.3386582634686595       -40.281586401088276     
   1.8599999999999823       -1.3051163892468609       -39.125407334164365     
   1.8649999999999822       -1.2701878347906335       -37.932620438851735     
   1.8699999999999821       -1.2339070703662516       -36.704622874199195     
   1.8749999999999820       -1.1963099007079685       -35.442839294278471     
   1.8799999999999819       -1.1574334296830777       -34.148719172535863     
   1.8849999999999818       -1.1173160236748674       -32.823734180915352     
   1.8899999999999817       -1.0759972737196370       -31.469375603101255     
   1.8949999999999816       -1.0335179564351147       -30.087151764355145     
   1.8999999999999815      -0.98991999377887219       -28.678585464781854     
   1.9049999999999814      -0.94524641167640777       -27.245211408151530     
   1.9099999999999813      -0.89954129755974499       -25.788573624318531     
   1.9149999999999812      -0.85284975685847408       -24.310222889476673     
   1.9199999999999811      -0.80521786848612920       -22.811714154646481     
   1.9249999999999809      -0.75669263936586895       -21.294603998589352     
   1.9299999999999808      -0.70732195804030773       -19.760448126478703     
   1.9349999999999807      -0.65715454741132184       -18.210798939869544     
   1.9399999999999806      -0.60623991665641730       -16.647203206555940     
   1.9449999999999805      -0.55462831236915433       -15.071199860622997     
   1.9499999999999804      -0.50237066897181404       -13.484317963253197     
   1.9549999999999803      -0.44951855844929078       -11.888074853591370     
   1.9599999999999802      -0.39612413945376057       -10.283974516214121     
   1.9649999999999801      -0.34224010583037989       -8.6735061875911619     
   1.9699999999999800      -0.28791963461483960       -7.0581432185246005     
   1.9749999999999799      -0.23321633355403945       -5.4393422031432150     
   1.9799999999999798      -0.17818418820172019       -3.8185423779151231     
   1.9849999999999797      -0.12287750864122676       -2.1971652866553137     
   1.9899999999999796       -6.7350875888032069E-002 -0.57661470002604176     
   1.9949999999999795       -1.1659088024852049E-002   1.0417232290726335     
   1.9999999999999793        4.4142893877440248E-002   2.6564795991689580     
   2.0049999999999795        9.9999999999768538E-002   4.2663022131585651     
   2.0099999999999794       0.15585710612209705        5.8698548846441074     
   2.0149999999999793       0.21165908802439320        7.4658166341691139     
   2.0199999999999791       0.26735087588757434        9.0528808125388558     
   2.0249999999999790       0.32287750864077058        10.629754187451546     
   2.0299999999999789       0.37818418820126298        12.195156027100301     
   2.0349999999999788       0.43321633355358780        13.747817210428613     
   2.0399999999999787       0.48791963461439081        15.286479388579707     
   2.0449999999999786       0.54224010582993454        16.809894216097266     
   2.0499999999999785       0.59612413945331599        18.316822663960419     
   2.0549999999999784       0.64951855844885342        19.806034419961648     
   2.0599999999999783       0.70237066897138134        21.276307375630171     
   2.0649999999999782       0.75462831236872385        22.726427193233047     
   2.0699999999999781       0.80623991665599526        24.155186941654375     
   2.0749999999999780       0.85715454741090580        25.561386786430525     
   2.0799999999999779       0.90732195803989801        26.943833717100077     
   2.0849999999999778       0.95669263936546345        28.301341294430067     
   2.0899999999999777        1.0052178684857336        29.632729401069049     
   2.0949999999999775        1.0528497568580861        30.936823981725112     
   2.0999999999999774        1.0995412975593621        32.212456763001001     
   2.1049999999999773        1.1452464116760335        33.458464948384467     
   2.1099999999999772        1.1899199937785090        34.673690890400934     
   2.1149999999999771        1.2335179564347607        35.856981749343738     
   2.1199999999999770        1.2759972737192902        37.007189156009524     
   2.1249999999999769        1.3173160236745325        38.123168904175927     
   2.1299999999999768        1.3574334296827528        39.203780706799435     
   2.1349999999999767        1.3963099007076540        40.247888057721632     
   2.1399999999999766        1.4339070703659456        41.254358247641164     
   2.1449999999999765        1.4701878347903405        42.222062588846086     
   2.1499999999999764        1.5051163892465795        43.149876907287727     
   2.1549999999999763        1.5386582634683876        44.036682362633307     
   2.1599999999999762        1.5707803556754716        44.881366656587147     
   2.1649999999999761        1.6014509652409681        45.682825686720221     
   2.1699999999999759        1.6306398239761435        46.439965697060245     
   2.1749999999999758        1.6583181260014384        47.151705967634399     
   2.1799999999999757        1.6844585561743990        47.816982073029614     
   2.1849999999999756        1.7090353170464152        48.434749724979795     
   2.1899999999999755        1.7320241543216932        49.003989196331929     
   2.1949999999999754        1.7534023807933214        49.523710303969679     
   2.1999999999999753        1.7731488987327948        49.992957907061339     
   2.2049999999999752        1.7912442207109338        50.410817855187894     
   2.2099999999999751        1.8076704888296191        50.776423299456447     
   2.2149999999999750        1.8224114923453876        51.088961259687999     
   2.2199999999999749        1.8354526836674705        51.347679323271265     
   2.2249999999999748        1.8467811927145155        51.551892337365814     
   2.2299999999999747        1.8563858396157999        51.700988946768639     
   2.2349999999999746        1.8642571457444161        51.794437825708194     
   2.2399999999999745        1.8703873430715294        51.831793453629338     
   2.2449999999999743        1.8747703818324848        51.812701292906929     
   2.2499999999999742        1.8774019364971972        51.736902240272542     
   2.2549999999999741        1.8782794100389228        51.604236243095116     
   2.2599999999999740        1.8774019364972152        51.414644995739593     
   2.2649999999999739        1.8747703818325214        51.168173658941555     
   2.2699999999999738        1.8703873430715838        50.864971575173961     
   2.2749999999999737        1.8642571457444885        50.505291983875381     
   2.2799999999999736        1.8563858396158901        50.089490770646485     
   2.2849999999999735        1.8467811927146236        49.618024312639207     
   2.2899999999999734        1.8354526836675964        49.091446507043806     
   2.2949999999999733        1.8224114923455310        48.510405089730796     
   2.2999999999999732        1.8076704888297810        47.875637365937180     
   2.3049999999999731        1.7912442207111121        47.187965483931464     
   2.3099999999999730        1.7731488987329902        46.448291385739076     
   2.3149999999999729        1.7534023807935337        45.657591566473897     
   2.3199999999999728        1.7320241543219237        44.816911766124676     
   2.3249999999999726        1.7090353170466608        43.927361705546119     
   2.3299999999999725        1.6844585561746610        42.990109962846034     
   2.3349999999999724        1.6583181260017179        42.006379068381747     
   2.3399999999999723        1.6306398239764370        40.977440877262396     
   2.3449999999999722        1.6014509652412769        39.904612258633108     
   2.3499999999999721        1.5707803556757958        38.789251122039389     
   2.3549999999999720        1.5386582634687285        37.632752783655960     
   2.3599999999999719        1.5051163892469328        36.436546659750427     
   2.3649999999999718        1.4701878347907082        35.202093261923636     
   2.3699999999999717        1.4339070703663273        33.930881458706473     
   2.3749999999999716        1.3963099007080488        32.624425961134882     
   2.3799999999999715        1.3574334296831607        31.284264985936741     
   2.3849999999999714        1.3173160236749530        29.911958048804088     
   2.3899999999999713        1.2759972737197252        28.509083841633498     
   2.3949999999999712        1.2335179564352050        27.077238151278770     
   2.3999999999999710        1.1899199937789648        25.618031782892402     
   2.4049999999999709        1.1452464116765002        24.133088457928981     
   2.4099999999999708        1.0995412975598420        22.624042664936187     
   2.4149999999999707        1.0528497568585733        21.092537449940849     
   2.4199999999999706        1.0052178684862303        19.540222142158644     
   2.4249999999999705       0.95669263936597171        17.968750019523675     
   2.4299999999999704       0.90732195804041205        16.379775926806289     
   2.4349999999999703       0.85715454741142771        14.774953866536928     
   2.4399999999999702       0.80623991665652484        13.155934589296784     
   2.4449999999999701       0.75462831236926320        11.524363214943339     
   2.4499999999999700       0.70237066897192413        9.8818769198108090     
   2.4549999999999699       0.64951855844940209        8.2301027267398990     
   2.4599999999999698       0.59612413945386999        6.5706554348683559     
   2.4649999999999697       0.54224010583049331        4.9051357244632010     
   2.4699999999999696       0.48791963461495391        3.2351284687550335     
   2.4749999999999694       0.43321633355415445        1.5622012798979550     
   2.4799999999999693       0.37818418820183586      -0.11209668997178035     
   2.4849999999999692       0.32287750864134290       -1.7862356787799443     
   2.4899999999999691       0.26735087588814865       -3.4587059697372133     
   2.4949999999999690       0.21165908802496894       -5.1280182740197731     
   2.4999999999999689       0.15585710612267681       -6.7927038513164550     
   2.5049999999999688       0.10000000000034857       -8.4513143863275175     
   2.5099999999999687        4.4142893878019999E-002  -10.102421646141124     
   2.5149999999999686       -1.1659088024273193E-002  -11.744616949105074     
   2.5199999999999685       -6.7350875887454614E-002  -13.376510480079848     
   2.5249999999999684      -0.12287750864065125       -14.996730489633308     
   2.5299999999999683      -0.17818418820114726       -16.603922415728956     
   2.5349999999999682      -0.23321633355346968       -18.196747965768264     
   2.5399999999999681      -0.28791963461427350       -19.773884194590114     
   2.5449999999999680      -0.34224010582981801       -21.334022610387496     
   2.5499999999999678      -0.39612413945320357       -22.875868335750290     
   2.5549999999999677      -0.44951855844874211       -24.398139345493675     
   2.5599999999999676      -0.50237066897126825       -25.899565796952022     
   2.5649999999999675      -0.55462831236861210       -27.378889462370353     
   2.5699999999999674      -0.60623991665588794       -28.834863267268830     
   2.5749999999999673      -0.65715454741079704       -30.266250933521373     
   2.5799999999999672      -0.70732195803978815       -31.671826721657432     
   2.5849999999999671      -0.75669263936536069       -33.050375263776878     
   2.5899999999999670      -0.80521786848562993       -34.400691476629966     
   2.5949999999999669      -0.85284975685798703       -35.721580543918670     
   2.5999999999999668      -0.89954129755926526       -37.011857957725766     
   2.6049999999999667      -0.94524641167593615       -38.270349611125347     
   2.6099999999999666      -0.98991999377841633       -39.495891937311043     
   2.6149999999999665       -1.0335179564346677       -40.687332094840329     
   2.6199999999999664       -1.0759972737191996       -41.843528203579602     
   2.6249999999999662       -1.1173160236744468       -42.963349641378009     
   2.6299999999999661       -1.1574334296826674       -44.045677417109310     
   2.6349999999999660       -1.1963099007075693       -45.089404641172649     
   2.6399999999999659       -1.2339070703658679       -46.093437119512060     
   2.6449999999999658       -1.2701878347902638       -47.056694101390590     
   2.6499999999999657       -1.3051163892465074       -47.978109214216559     
   2.6549999999999656       -1.3386582634683184       -48.856631620386224     
   2.6599999999999655       -1.3707803556754037       -49.691227431142821     
   2.6649999999999654       -1.4014509652409051       -50.480881410637544     
   2.6699999999999653       -1.4306398239760820       -51.224598999604027     
   2.6749999999999652       -1.4583181260013804       -51.921408682249080     
   2.6799999999999651       -1.4844585561743457       -52.570364712157613     
   2.6849999999999650       -1.5090353170463637       -53.170550203346558     
   2.6899999999999649       -1.5320241543216453       -53.721080581313693     
   2.6949999999999648       -1.5534023807932780       -54.221107376359576     
   2.6999999999999647       -1.5731488987327540       -54.669822328074630     
   2.7049999999999645       -1.5912442207108954       -55.066461756211211     
   2.7099999999999644       -1.6076704888295863       -55.410311139818120     
   2.7149999999999643       -1.6224114923453576       -55.700709834165657     
   2.7199999999999642       -1.6354526836674448       -55.937055844288992     
   2.7249999999999641       -1.6467811927144929       -56.118810565566662     
   2.7299999999999640       -1.6563858396157809       -56.245503396188560     
   2.7349999999999639       -1.6642571457444013       -56.316736124100601     
   2.7399999999999638       -1.6703873430715177       -56.332186992336482     
   2.7449999999999637       -1.6747703818324773       -56.291614351676230     
   2.7499999999999636       -1.6774019364971933       -56.194859818220607     
   2.7549999999999635       -1.6782794100389227       -56.041850865454307     
   2.7599999999999634       -1.6774019364972188       -55.832602795205702     
   2.7649999999999633       -1.6747703818325286       -55.567220048945728     
   2.7699999999999632       -1.6703873430715948       -55.245896839319428     
   2.7749999999999631       -1.6642571457445030       -54.868917100802953     
   2.7799999999999629       -1.6563858396159086       -54.436653777028084     
   2.7849999999999628       -1.6467811927146458       -53.949567479748708     
   2.7899999999999627       -1.6354526836676218       -53.408204569848401     
   2.7949999999999626       -1.6224114923455606       -52.813194723553863     
   2.7999999999999625       -1.6076704888298143       -52.165248056633729     
   2.8049999999999624       -1.5912442207111479       -51.465151885533430     
   2.8099999999999623       -1.5731488987330309       -50.713767207028290     
   2.8149999999999622       -1.5534023807935788       -49.912024977174610     
   2.8199999999999621       -1.5320241543219699       -49.060922266383564     
   2.8249999999999620       -1.5090353170467119       -48.161518360766621     
   2.8299999999999619       -1.4844585561747139       -47.214930871047414     
   2.8349999999999618       -1.4583181260017741       -46.222331899926914     
   2.8399999999999617       -1.4306398239764981       -45.184944307458338     
   2.8449999999999616       -1.4014509652413396       -44.104038102389715     
   2.8499999999999615       -1.3707803556758631       -42.980926976142506     
   2.8549999999999613       -1.3386582634687991       -41.816964985641945     
   2.8599999999999612       -1.3051163892470046       -40.613543382032049     
   2.8649999999999611       -1.2701878347907847       -39.372087574710399     
   2.8699999999999610       -1.2339070703664086       -38.094054214331770     
   2.8749999999999609       -1.1963099007081288       -36.780928374567978     
   2.8799999999999608       -1.1574334296832456       -35.434220810477761     
   2.8849999999999607       -1.1173160236750428       -34.055465271266684     
   2.8899999999999606       -1.0759972737198127       -32.646215846855483     
   2.8949999999999605       -1.0335179564352974       -31.208044330797645     
   2.8999999999999604      -0.98991999377905715       -29.742537586446225     
   2.9049999999999603      -0.94524641167659740       -28.251294908568624     
   2.9099999999999602      -0.89954129755994150       -26.735925378511475     
   2.9149999999999601      -0.85284975685867193       -25.198045217224660     
   2.9199999999999600      -0.80521786848633370       -23.639275146605229     
   2.9249999999999599      -0.75669263936607711       -22.061237775418789     
   2.9299999999999597      -0.70732195804051645       -20.465555031196793     
   2.9349999999999596      -0.65715454741153656       -18.853845663711958     
   2.9399999999999595      -0.60623991665663812       -17.227722848684632     
   2.9449999999999594      -0.55462831236937205       -15.588791922090605     
   2.9499999999999593      -0.50237066897203730       -13.938648275691371     
   2.9549999999999592      -0.44951855844951349       -12.278875443148108     
   2.9599999999999591      -0.39612413945398550       -10.611043403331223     
   2.9649999999999590      -0.34224010583060971       -8.9367071232651920     
   2.9699999999999589      -0.28791963461506809       -7.2574053577560491     
   2.9749999999999588      -0.23321633355427260       -5.5746597163348302     
   2.9799999999999587      -0.17818418820195456       -3.8899740010327033     
   2.9849999999999586      -0.12287750864145902       -2.2048338110226817     
   2.9899999999999585       -6.7350875888268380E-002 -0.52070640267577950     
   2.9949999999999584       -1.1659088025092107E-002   1.1609592135194489     
   2.9999999999999583        4.4142893877206171E-002   2.8387319640684585     
