   5.0000000000000001E-003  0.10000000000000001        2.1640108048389406     
   1.0000000000000000E-002  0.19932954172169604        4.3084250948176592     
   1.4999999999999999E-002  0.29856105717791359        6.4470275739019423     
   2.0000000000000000E-002  0.39759661684326353        8.5790847993645478     
   2.5000000000000001E-002  0.49633848457706420        10.703887208584785     
   3.0000000000000002E-002  0.59468921407711239        12.820743321130218     
   3.5000000000000003E-002  0.69255174504741901        14.928977233768407     
   4.0000000000000001E-002  0.78982949898500310        17.027929921661542     
   4.4999999999999998E-002  0.88642647449121370        19.116964598342264     
   4.9999999999999996E-002  0.98224734201352037        21.195476126545113     
   5.4999999999999993E-002   1.0771975379242720        23.262904230404047     
   5.9999999999999991E-002   1.1711833578435809        25.318750050318272     
   6.4999999999999988E-002   1.2641120491142321        27.362595411526755     
   6.9999999999999993E-002   1.3558919023373586        29.394124045552633     
   7.4999999999999997E-002   1.4464323418785452        31.413143903055577     
   8.0000000000000002E-002   1.5356440152550443        33.419609614944989     
   8.5000000000000006E-002   1.6234388813158893        35.413644080238598     
   9.0000000000000011E-002   1.7097302971278803        37.395558067337596     
   9.5000000000000015E-002   1.7944331034817000        39.365866594473097     
  0.10000000000000002        1.8774637089337709        41.325300692697823     
  0.10500000000000002        1.9587401723009190        43.274812944021406     
  0.11000000000000003        2.0381822835264263        45.215574928682614     
  0.11500000000000003        2.1157116428376761        47.148964419240841     
  0.12000000000000004        2.1912517381172605        49.076539846909668     
  0.12500000000000003        2.2647280204112055        50.999999272672241     
  0.13000000000000003        2.3360679774997859        52.921120872736637     
  0.13500000000000004        2.4052012054583316        54.841681861310391     
  0.14000000000000004        2.4720594781374055        56.763352905271020     
  0.14500000000000005        2.5365768144937686        58.687565529041393     
  0.15000000000000005        2.5986895437057100        60.615350863506166     
  0.15500000000000005        2.6583363680084591        62.547149454684131     
  0.16000000000000006        2.7154584231876759        64.482593789852871     
  0.16500000000000006        2.7699993366713289        66.420267753300493     
  0.17000000000000007        2.8219052831626139        68.357450357836001     
  0.17500000000000007        2.8711250377590245        70.289854688264342     
  0.18000000000000008        2.9176100265051472        72.211376804318746     
  0.18500000000000008        2.9613143743292905        74.113873025128072     
  0.19000000000000009        3.0021949503166416        75.986987079581866     
  0.19500000000000009        3.0402114102742726        77.818050492373743     
  0.20000000000000009        3.0753262365459881        79.592079687225294     
  0.20500000000000010        3.1075047750377229        81.291891082016093     
  0.21000000000000010        3.1367152694169471        82.898350538240550     
  0.21500000000000011        3.1629288924523342        84.390765792678224     
  0.22000000000000011        3.1861197744627576        85.747420194547090     
  0.22500000000000012        3.2062650288475418        86.946233876560541     
  0.23000000000000012        3.2233447746727752        87.965525505963342     
  0.23500000000000013        3.2373421562913913        88.784835432178568     
  0.24000000000000013        3.2482433599776566        89.385760981746330     
  0.24500000000000013        3.2560376275596510        89.752748396458060     
  0.25000000000000011        3.2607172670362843        89.873784689133856     
  0.25500000000000012        3.2622776601683730        89.740937157193741     
  0.26000000000000012        3.2607172670362838        89.350698363479182     
  0.26500000000000012        3.2560376275596510        88.704109193632291     
  0.27000000000000013        3.2482433599776566        87.806650554644932     
  0.27500000000000013        3.2373421562913909        86.667913331497346     
  0.28000000000000014        3.2233447746727744        85.301074139108493     
  0.28500000000000014        3.2062650288475409        83.722219141658059     
  0.29000000000000015        3.1861197744627567        81.949568194691153     
  0.29500000000000015        3.1629288924523329        80.002655935946962     
  0.30000000000000016        3.1367152694169458        77.901525137352053     
  0.30500000000000016        3.1075047750377216        75.665981298222675     
  0.31000000000000016        3.0753262365459868        73.314947339017635     
  0.31500000000000017        3.0402114102742712        70.865944898572081     
  0.32000000000000017        3.0021949503166399        68.334715757161490     
  0.32500000000000018        2.9613143743292887        65.734984740817850     
  0.33000000000000018        2.9176100265051450        63.078355206523241     
  0.33500000000000019        2.8711250377590227        60.374320536313832     
  0.34000000000000019        2.8219052831626121        57.630370225809003     
  0.34500000000000020        2.7699993366713267        54.852167015892263     
  0.35000000000000020        2.7154584231876737        52.043771692716234     
  0.35500000000000020        2.6583363680084564        49.207894122324035     
  0.36000000000000021        2.5986895437057078        46.346152193001330     
  0.36500000000000021        2.5365768144937655        43.459324045905745     
  0.37000000000000022        2.4720594781374028        40.547582807606176     
  0.37500000000000022        2.4052012054583285        37.610706640481055     
  0.38000000000000023        2.3360679774997823        34.648260065524482     
  0.38500000000000023        2.2647280204112015        31.659745065698075     
  0.39000000000000024        2.1912517381172569        28.644722415487827     
  0.39500000000000024        2.1157116428376717        25.602905037838148     
  0.40000000000000024        2.0381822835264223        22.534226038200970     
  0.40500000000000025        1.9587401723009157        19.438884502519535     
  0.41000000000000025        1.8774637089337671        16.317372271781689     
  0.41500000000000026        1.7944331034816965        13.170484814503510     
  0.42000000000000026        1.7097302971278756        9.9993190919025565     
  0.42500000000000027        1.6234388813158853        6.8052610148833388     
  0.43000000000000027        1.5356440152550397        3.5899647774685839     
  0.43500000000000028        1.4464323418785412       0.35532605291740360     
  0.44000000000000028        1.3558919023373539       -2.8965492222045337     
  0.44500000000000028        1.2641120491142277       -6.1633789645398513     
  0.45000000000000029        1.1711833578435755       -9.4427406159804832     
  0.45500000000000029        1.0771975379242671       -12.732107152337207     
  0.46000000000000030       0.98224734201351438       -16.028882308149711     
  0.46500000000000030       0.88642647449120826       -19.330433983450973     
  0.47000000000000031       0.78982949898499821       -22.634124889130074     
  0.47500000000000031       0.69255174504741335       -25.937339598247036     
  0.48000000000000032       0.59468921407710718       -29.237507313211957     
  0.48500000000000032       0.49633848457705809       -32.532119839838387     
  0.49000000000000032       0.39759661684325809       -35.818744479034436     
  0.49500000000000033       0.29856105717790726       -39.095031798293910     
  0.50000000000000033       0.19932954172169026       -42.358718514446345     
  0.50500000000000034        9.9999999999993372E-002  -45.607625987280123     
  0.51000000000000034        6.7045827829793903E-004  -48.839655068595093     
  0.51500000000000035       -9.8561057177920491E-002  -52.052778250816914     
  0.52000000000000035      -0.19759661684326987       -55.245030194306899     
  0.52500000000000036      -0.29633848457707135       -58.414497769476050     
  0.53000000000000036      -0.39468921407711899       -61.559310722987476     
  0.53500000000000036      -0.49255174504742505       -64.677633969504484     
  0.54000000000000037      -0.58982949898500991       -67.767662332513055     
  0.54500000000000037      -0.68642647449121985       -70.827618327145473     
  0.55000000000000038      -0.78224734201352719       -73.855753316076800     
  0.55500000000000038      -0.87719753792427824       -76.850352098921363     
  0.56000000000000039      -0.97118335784358789       -79.809740736725558     
  0.56500000000000039       -1.0641120491142386       -82.732297182415692     
  0.57000000000000040       -1.1558919023373659       -85.616464095819524     
  0.57500000000000040       -1.2464323418785519       -88.460763071996396     
  0.58000000000000040       -1.3356440152550515       -91.263809401806725     
  0.58500000000000041       -1.4234388813158954       -94.024326406643894     
  0.59000000000000041       -1.5097302971278870       -96.741158334565753     
  0.59500000000000042       -1.5944331034817063       -99.413280761053386     
  0.60000000000000042       -1.6774637089337778       -102.03980739367093     
  0.60500000000000043       -1.7587401723009248       -104.61999212836174     
  0.61000000000000043       -1.8381822835264316       -107.15322514316324     
  0.61500000000000044       -1.9157116428376817       -109.63902174611921     
  0.62000000000000044       -1.9912517381172656       -112.07700262882716     
  0.62500000000000044       -2.0647280204112111       -114.46686413405780     
  0.63000000000000045       -2.1360679774997906       -116.80833715205198     
  0.63500000000000045       -2.2052012054583372       -119.10113334989461     
  0.64000000000000046       -2.2720594781374102       -121.34487765232360     
  0.64500000000000046       -2.3365768144937737       -123.53902627440414     
  0.65000000000000047       -2.3986895437057147       -125.68277019961512     
  0.65500000000000047       -2.4583363680084629       -127.77492483684375     
  0.66000000000000048       -2.5154584231876811       -129.81380769711964     
  0.66500000000000048       -2.5699993366713332       -131.79710730140431     
  0.67000000000000048       -2.6219052831626177       -133.72174812509780     
  0.67500000000000049       -2.6711250377590279       -135.58375811932802     
  0.68000000000000049       -2.7176100265051502       -137.37814708876957     
  0.68500000000000050       -2.7613143743292943       -139.09880576389560     
  0.69000000000000050       -2.8021949503166446       -140.73843655074091     
  0.69500000000000051       -2.8402114102742750       -142.28852741503550     
  0.70000000000000051       -2.8753262365459902       -143.73937990386324     
  0.70500000000000052       -2.9075047750377254       -145.08020071258071     
  0.71000000000000052       -2.9367152694169492       -146.29926334120833     
  0.71500000000000052       -2.9629288924523358       -147.38414226007859     
  0.72000000000000053       -2.9861197744627588       -148.32201679615829     
  0.72500000000000053       -3.0062650288475434       -149.10003602258490     
  0.73000000000000054       -3.0233447746727764       -149.70572982257215     
  0.73500000000000054       -3.0373421562913920       -150.12744567212334     
  0.74000000000000055       -3.0482433599776573       -150.35478626232577     
  0.74500000000000055       -3.0560376275596512       -150.37902052893747     
  0.75000000000000056       -3.0607172670362846       -150.19344048095937     
  0.75500000000000056       -3.0622776601683728       -149.79363866787077     
  0.76000000000000056       -3.0607172670362837       -149.17768611942614     
  0.76500000000000057       -3.0560376275596499       -148.34619771411838     
  0.77000000000000057       -3.0482433599776551       -147.30228046552372     
  0.77500000000000058       -3.0373421562913898       -146.05136923846445     
  0.78000000000000058       -3.0233447746727733       -144.60096292615549     
  0.78500000000000059       -3.0062650288475394       -142.96028121597803     
  0.79000000000000059       -2.9861197744627543       -141.13986703183744     
  0.79500000000000060       -2.9629288924523305       -139.15116215177034     
  0.80000000000000060       -2.9367152694169434       -137.00608328787575     
  0.80500000000000060       -2.9075047750377188       -134.71662333342633     
  0.81000000000000061       -2.8753262365459840       -132.29449803919235     
  0.81500000000000061       -2.8402114102742675       -129.75085274731893     
  0.82000000000000062       -2.8021949503166361       -127.09603770542995     
  0.82500000000000062       -2.7613143743292849       -124.33945457223044     
  0.83000000000000063       -2.7176100265051417       -121.48947154461575     
  0.83500000000000063       -2.6711250377590177       -118.55340044573505     
  0.84000000000000064       -2.6219052831626071       -115.53752628743349     
  0.84500000000000064       -2.5699993366713221       -112.44717826321501     
  0.85000000000000064       -2.5154584231876691       -109.28683071043798     
  0.85500000000000065       -2.4583363680084509       -106.06022308675691     
  0.86000000000000065       -2.3986895437057023       -102.77048917864137     
  0.86500000000000066       -2.3365768144937604       -99.420287340249018     
  0.87000000000000066       -2.2720594781373973       -96.011925317652683     
  0.87500000000000067       -2.2052012054583239       -92.547474960135588     
  0.88000000000000067       -2.1360679774997755       -89.028873722964704     
  0.88500000000000068       -2.0647280204111955       -85.458011241790047     
  0.89000000000000068       -1.9912517381172505       -81.836800369180651     
  0.89500000000000068       -1.9157116428376662       -78.167232905299954     
  0.90000000000000069       -1.8381822835264148       -74.451420848501400     
  0.90500000000000069       -1.7587401723009077       -70.691624373901504     
  0.91000000000000070       -1.6774637089337603       -66.890267961934185     
  0.91500000000000070       -1.5944331034816894       -63.049946188540787     
  0.92000000000000071       -1.5097302971278674       -59.173420694493124     
  0.92500000000000071       -1.4234388813158767       -55.263609807697350     
  0.93000000000000071       -1.3356440152550324       -51.323572225784616     
  0.93500000000000072       -1.2464323418785337       -47.356486095329203     
  0.94000000000000072       -1.1558919023373475       -43.365624759095354     
  0.94500000000000073       -1.0641120491142189       -39.354330387011736     
  0.95000000000000073      -0.97118335784356769       -35.325986657135331     
  0.95500000000000074      -0.87719753792425925       -31.283991602048886     
  0.96000000000000074      -0.78224734201350787       -27.231731673393917     
  0.96500000000000075      -0.68642647449119909       -23.172557991125920     
  0.97000000000000075      -0.58982949898498904       -19.109765624412208     
  0.97500000000000075      -0.49255174504740551       -15.046576590968613     
  0.98000000000000076      -0.39468921407709934       -10.986127059192789     
  0.98500000000000076      -0.29633848457704881       -6.9314589969756248     
  0.99000000000000077      -0.19759661684324867       -2.8855162433347088     
  0.99500000000000077       -9.8561057177899258E-002   1.1488552994293157     
   1.0000000000000007        6.7045827831781202E-004   5.1689039237549350     
   1.0050000000000006       0.10000000000001327        9.1719656316475451     
   1.0100000000000005       0.19932954172170592        13.155455895127695     
   1.0150000000000003       0.29856105717792292        17.116860762473394     
   1.0200000000000002       0.39759661684326952        21.053728440462418     
   1.0250000000000001       0.49633848457706675        24.963662429218836     
   1.0300000000000000       0.59468921407711439        28.844317155231955     
   1.0349999999999999       0.69255174504741779        32.693396853508801     
   1.0399999999999998       0.78982949898500121        36.508658211082121     
   1.0449999999999997       0.88642647449120859        40.287917023489548     
   1.0499999999999996       0.98224734201351471        44.029058855375006     
   1.0549999999999995        1.0771975379242633        47.730053454846740     
   1.0599999999999994        1.1711833578435717        51.388972462077987     
   1.0649999999999993        1.2641120491142201        55.004009782423175     
   1.0699999999999992        1.3558919023373464        58.573503862504111     
   1.0749999999999991        1.4464323418785301        62.095961007145917     
   1.0799999999999990        1.5356440152550261        65.570078793419313     
   1.0849999999999989        1.6234388813158707        68.994768559727035     
   1.0899999999999987        1.7097302971278592        72.369175856117550     
   1.0949999999999986        1.7944331034816789        75.692697621148568     
   1.0999999999999985        1.8774637089337478        78.964994688294198     
   1.1049999999999984        1.9587401723008957        82.185998014175198     
   1.1099999999999983        2.0381822835264005        85.355906762334698     
   1.1149999999999982        2.1157116428376503        88.475176080033776     
   1.1199999999999981        2.1912517381172330        91.544492093329779     
   1.1249999999999980        2.2647280204111762        94.564731352877502     
   1.1299999999999979        2.3360679774997570        97.536901739961209     
   1.1349999999999978        2.4052012054583018        100.46206175574459     
   1.1399999999999977        2.4720594781373757        103.34121524837479     
   1.1449999999999976        2.5365768144937380        106.17517907636082     
   1.1499999999999975        2.5986895437056807        108.96442206222953     
   1.1549999999999974        2.6583363680084284        111.70887495239008     
   1.1599999999999973        2.7154584231876466        114.40771304117175     
   1.1649999999999971        2.7699993366712987        117.05911567152947     
   1.1699999999999970        2.8219052831625837        119.66000995891758     
   1.1749999999999969        2.8711250377589956        122.20580967495621     
   1.1799999999999968        2.9176100265051184        124.69016403884683     
   1.1849999999999967        2.9613143743292629        127.10473483913648     
   1.1899999999999966        3.0021949503166145        129.43902337074201     
   1.1949999999999965        3.0402114102742472        131.68027055763460     
   1.1999999999999964        3.0753262365459637        133.81345374332759     
   1.2049999999999963        3.1075047750377003        135.82140142459497     
   1.2099999999999962        3.1367152694169258        137.68504229157412     
   1.2149999999999961        3.1629288924523142        139.38379720292471     
   1.2199999999999960        3.1861197744627403        140.89611242012700     
   1.2249999999999959        3.2062650288475263        142.20012023020314     
   1.2299999999999958        3.2233447746727624        143.27440010383634     
   1.2349999999999957        3.2373421562913802        144.09880120645056     
   1.2399999999999956        3.2482433599776481        144.65527701390471     
   1.2449999999999954        3.2560376275596452        144.92867652971211     
   1.2499999999999953        3.2607172670362816        144.90743537926608     
   1.2549999999999952        3.2622776601683730        144.58411452230229     
   1.2599999999999951        3.2607172670362869        143.95574439414548     
   1.2649999999999950        3.2560376275596568        143.02394708618880     
   1.2699999999999949        3.2482433599776659        141.79482713136917     
   1.2749999999999948        3.2373421562914038        140.27864051275134     
   1.2799999999999947        3.2233447746727912        138.48926943364830     
   1.2849999999999946        3.2062650288475614        136.44354512257729     
   1.2899999999999945        3.1861197744627803        134.16047092971928     
   1.2949999999999944        3.1629288924523618        131.66040234209848     
   1.2999999999999943        3.1367152694169782        128.96423923122941     
   1.3049999999999942        3.1075047750377571        126.09267931458479     
   1.3099999999999941        3.0753262365460281        123.06557169156397     
   1.3149999999999940        3.0402114102743161        119.90139695823791     
   1.3199999999999938        3.0021949503166891        116.61688742459094     
   1.3249999999999937        2.9613143743293415        113.22678879104441     
   1.3299999999999936        2.9176100265052050        109.74375438528602     
   1.3349999999999935        2.8711250377590858        106.17835538882468     
   1.3399999999999934        2.8219052831626787        102.53918564019827     
   1.3449999999999933        2.7699993366713977        98.833037464963084     
   1.3499999999999932        2.7154584231877519        95.065125159059761     
   1.3549999999999931        2.6583363680085381        91.239334693264539     
   1.3599999999999930        2.5986895437057935        87.358481313263809     
   1.3649999999999929        2.5365768144938592        83.424560417320748     
   1.3699999999999928        2.4720594781374996        79.438980926587647     
   1.3749999999999927        2.4052012054584302        75.402773965438683     
   1.3799999999999926        2.3360679774998876        71.316772807781462     
   1.3849999999999925        2.2647280204113147        67.181762598905749     
   1.3899999999999924        2.1912517381173733        62.998600299928157     
   1.3949999999999922        2.1157116428377920        58.768306657411017     
   1.3999999999999921        2.0381822835265506        54.492132849277517     
   1.4049999999999920        1.9587401723010469        50.171604895226395     
   1.4099999999999919        1.8774637089339024        45.808549045651311     
   1.4149999999999918        1.7944331034818346        41.405101271778619     
   1.4199999999999917        1.7097302971280228        36.963703753129550     
   1.4249999999999916        1.6234388813160348        32.487090962753136     
   1.4299999999999915        1.5356440152551931        27.978267636180718     
   1.4349999999999914        1.4464323418786971        23.440480611630633     
   1.4399999999999913        1.3558919023375184        18.877186268009410     
   1.4449999999999912        1.2641120491143942        14.292015073424208     
   1.4499999999999911        1.1711833578437454        9.6887345905059057     
   1.4549999999999910        1.0771975379244441        5.0712121586479704     
   1.4599999999999909       0.98224734201369468       0.44337837484351184     
   1.4649999999999908       0.88642647449139000       -4.1908075915255125     
   1.4699999999999906       0.78982949898518118       -8.8273899054522147     
   1.4749999999999905       0.69255174504760442       -13.462444360856173     
   1.4799999999999904       0.59468921407729936       -18.092102371747266     
   1.4849999999999903       0.49633848457725260       -22.712570149944845     
   1.4899999999999902       0.39759661684345882       -27.320142779087895     
   1.4949999999999901       0.29856105717810988       -31.911213146089828     
   1.4999999999999900       0.19932954172189313       -36.482275960520560     
   1.5049999999999899       0.10000000000019778       -41.029927360589340     
   1.5099999999999898        6.7045827850784057E-004  -45.550860849368910     
   1.5149999999999897       -9.8561057177709549E-002  -50.041860504513451     
   1.5199999999999896      -0.19759661684305943       -54.499792539752995     
   1.5249999999999895      -0.29633848457686018       -58.921596353461290     
   1.5299999999999894      -0.39468921407690327       -63.304276172796719     
   1.5349999999999893      -0.49255174504721044       -67.644894294127894     
   1.5399999999999892      -0.58982949898479531       -71.940566742556669     
   1.5449999999999890      -0.68642647449100136       -76.188461942792458     
   1.5499999999999889      -0.78224734201330914       -80.385802731804048     
   1.5549999999999888      -0.87719753792406252       -84.529871773069061     
   1.5599999999999887      -0.97118335784337317       -88.618020173450532     
   1.5649999999999886       -1.0641120491140210       -92.647678873023438     
   1.5699999999999885       -1.1558919023371499       -96.616372185973660     
   1.5749999999999884       -1.2464323418783387       -100.52173272084275     
   1.5799999999999883       -1.3356440152548406       -104.36151679862965     
   1.5849999999999882       -1.4234388813156831       -108.13361941028376     
   1.5899999999999881       -1.5097302971276774       -111.83608770048025     
   1.5949999999999880       -1.5944331034815005       -115.46713192059195     
   1.5999999999999879       -1.6774637089335707       -119.02513274986062     
   1.6049999999999878       -1.7587401723007223       -122.50864383226684     
   1.6099999999999877       -1.8381822835262338       -125.91638831467743     
   1.6149999999999876       -1.9157116428374876       -129.24724810289385     
   1.6199999999999875       -1.9912517381170725       -132.50024448691070     
   1.6249999999999873       -2.0647280204110219       -135.67450874373418     
   1.6299999999999872       -2.1360679774996076       -138.76924133231569     
   1.6349999999999871       -2.2052012054581556       -141.78365838498473     
   1.6399999999999870       -2.2720594781372343       -144.71692441376354     
   1.6449999999999869       -2.3365768144936032       -147.56807053204648     
   1.6499999999999868       -2.3986895437055509       -150.33589808528947     
   1.6549999999999867       -2.4583363680083026       -153.01886842433117     
   1.6599999999999866       -2.5154584231875257       -155.61498066234100     
   1.6649999999999865       -2.5699993366711857       -158.12164062690806     
   1.6699999999999864       -2.6219052831624774       -160.53552581316302     
   1.6749999999999863       -2.6711250377588920       -162.85245287826675     
   1.6799999999999862       -2.7176100265050218       -165.06725595730660     
   1.6849999999999861       -2.7613143743291730       -167.17368563883571     
   1.6899999999999860       -2.8021949503165295       -169.16433958349802     
   1.6949999999999859       -2.8402114102741685       -171.03063624298755     
   1.6999999999999857       -2.8753262365458920       -172.76284268292270     
   1.7049999999999856       -2.9075047750376348       -174.35016591782556     
   1.7099999999999855       -2.9367152694168661       -175.78091430289840     
   1.7149999999999854       -2.9629288924522617       -177.04273140289595     
   1.7199999999999853       -2.9861197744626939       -178.12289955004880     
   1.7249999999999852       -3.0062650288474861       -179.00870437414571     
   1.7299999999999851       -3.0233447746727289       -179.68784547652035     
   1.7349999999999850       -3.0373421562913538       -180.14887279300154     
   1.7399999999999849       -3.0482433599776280       -180.38162376724131     
   1.7449999999999848       -3.0560376275596317       -180.37763390280026     
   1.7499999999999847       -3.0607172670362743       -180.13049308637278     
   1.7549999999999846       -3.0622776601683728       -179.63612252254106     
   1.7599999999999845       -3.0607172670362934       -178.89295211469084     
   1.7649999999999844       -3.0560376275596703       -177.90198524894549     
   1.7699999999999843       -3.0482433599776857       -176.66674647110975     
   1.7749999999999841       -3.0373421562914302       -175.19311656934801     
   1.7799999999999840       -3.0233447746728248       -173.48906809457563     
   1.7849999999999839       -3.0062650288476012       -171.56432144702936     
   1.7899999999999838       -2.9861197744628267       -169.42994661782060     
   1.7949999999999837       -2.9629288924524131       -167.09793808498816     
   1.7999999999999836       -2.9367152694170375       -164.58079015200090     
   1.8049999999999835       -2.9075047750378231       -161.89109743444607     
   1.8099999999999834       -2.8753262365460985       -159.04120075783598     
   1.8149999999999833       -2.8402114102743949       -156.04289309577521     
   1.8199999999999832       -2.8021949503167738       -152.90719407208229     
   1.8249999999999831       -2.7613143743294324       -149.64419563906253     
   1.8299999999999830       -2.7176100265052989       -146.26297636287293     
   1.8349999999999829       -2.6711250377591886       -142.77157765636849     
   1.8399999999999828       -2.6219052831627874       -139.17703247380027     
   1.8449999999999827       -2.5699993366715121       -135.48543542446254     
   1.8499999999999825       -2.5154584231878685       -131.70204284495125     
   1.8549999999999824       -2.4583363680086636       -127.83139187601263     
   1.8599999999999823       -2.3986895437059244       -123.87742876277011     
   1.8649999999999822       -2.3365768144939918       -119.84363817757267     
   1.8699999999999821       -2.2720594781376411       -115.73316712142457     
   1.8749999999999820       -2.2052012054585761       -111.54893870667448     
   1.8799999999999819       -2.1360679775000384       -107.29375272633553     
   1.8849999999999818       -2.0647280204114660       -102.97037129113927     
   1.8899999999999817       -1.9912517381175334       -98.581588925793625     
   1.8949999999999816       -1.9157116428379570       -94.130287357391580     
   1.8999999999999815       -1.8381822835267150       -89.619475822704445     
   1.9049999999999814       -1.7587401723012195       -85.052318103347275     
   1.9099999999999813       -1.6774637089340791       -80.432147711758304     
   1.9149999999999812       -1.5944331034820147       -75.762472740568697     
   1.9199999999999811       -1.5097302971282016       -71.046971893774014     
   1.9249999999999809       -1.4234388813162220       -66.289483174461509     
   1.9299999999999808       -1.3356440152553835       -61.493986637294341     
   1.9349999999999807       -1.2464323418788903       -56.664582542978764     
   1.9399999999999806       -1.1558919023377092       -51.805466186983701     
   1.9449999999999805       -1.0641120491145930       -46.920900619074459     
   1.9499999999999804      -0.97118335784394649       -42.015188420764396     
   1.9549999999999803      -0.87719753792464217       -37.092643656965635     
   1.9599999999999802      -0.78224734201389989       -32.157565055350169     
   1.9649999999999801      -0.68642647449159722       -27.214211380812976     
   1.9699999999999800      -0.58982949898539005       -22.266779852742740     
   1.9749999999999799      -0.49255174504780908       -17.319388292660960     
   1.9799999999999798      -0.39468921407751056       -12.376061487339058     
   1.9849999999999797      -0.29633848457746481       -7.4407220120051072     
   1.9899999999999796      -0.19759661684366606       -2.5171854905003004     
   1.9949999999999795       -9.8561057178317674E-002   2.3908400092240467     
   1.9999999999999793        6.7045827789313783E-004   7.2797510142946225     
   2.0049999999999795        9.9999999999588390E-002   12.146042926764460     
   2.0099999999999794       0.19932954172128403        16.986302532300172     
   2.0149999999999793       0.29856105717750170        21.797199837275286     
   2.0199999999999791       0.39759661684285219        26.575480363883599     
   2.0249999999999790       0.49633848457665353        31.317958979308422     
   2.0299999999999789       0.59468921407669750        36.021516203973185     
   2.0349999999999788       0.69255174504700578        40.683097749313241     
   2.0399999999999787       0.78982949898459198        45.299717796786965     
   2.0449999999999786       0.88642647449080514        49.868466269275054     
   2.0499999999999785       0.98224734201310926        54.386520085560178     
   2.0549999999999784        1.0771975379238645        58.851158147100975     
   2.0599999999999783        1.1711833578431772        63.259779597175836     
   2.0649999999999782        1.2641120491138276        67.609924722300264     
   2.0699999999999781        1.3558919023369589        71.899297734012237     
   2.0749999999999780        1.4464323418781504        76.125790568578637     
   2.0799999999999779        1.5356440152546551        80.287506760577344     
   2.0849999999999778        1.6234388813155010        84.382784368012693     
   2.0899999999999777        1.7097302971274981        88.410216834896787     
   2.0949999999999775        1.7944331034813250        92.368670556386533     
   2.0999999999999774        1.8774637089333985        96.257297749274301     
   2.1049999999999773        1.9587401723005540        100.07554301993017     
   2.1099999999999772        2.0381822835260692        103.82314176326624     
   2.1149999999999771        2.1157116428373275        107.50010823007383     
   2.1199999999999770        2.1912517381169168        111.10671078789250     
   2.1249999999999769        2.2647280204108706        114.64343160777605     
   2.1299999999999768        2.3360679774994608        118.11090778641096     
   2.1349999999999767        2.4052012054580167        121.50985082654982     
   2.1399999999999766        2.4720594781370968        124.84094153039246     
   2.1449999999999765        2.5365768144934706        128.10469780435969     
   2.1499999999999764        2.5986895437054236        131.30131372930731     
   2.1549999999999763        2.6583363680081802        134.43046961218502     
   2.1599999999999762        2.7154584231874090        137.49111467719990     
   2.1649999999999761        2.7699993366710745        140.48122660909451     
   2.1699999999999759        2.8219052831623714        143.39755529518541     
   2.1749999999999758        2.8711250377587918        146.23536170294943     
   2.1799999999999757        2.9176100265049278        148.98816664130277     
   2.1849999999999756        2.9613143743290844        151.64752782837718     
   2.1899999999999755        3.0021949503164467        154.20286675094593     
   2.1949999999999754        3.0402114102740918        156.64136868614122     
   2.1999999999999753        3.0753262365458216        158.94797936788794     
   2.2049999999999752        3.1075047750375711        161.10551957377245     
   2.2099999999999751        3.1367152694168077        163.09493399581581     
   2.2149999999999750        3.1629288924522099        164.89568302415725     
   2.2199999999999749        3.1861197744626484        166.48627576808451     
   2.2249999999999748        3.2062650288474481        167.84493044406935     
   2.2299999999999747        3.2233447746726962        168.95033527816975     
   2.2349999999999746        3.2373421562913278        169.78247074077626     
   2.2399999999999745        3.2482433599776090        170.32344386577347     
   2.2449999999999743        3.2560376275596186        170.55827915147853     
   2.2499999999999742        3.2607172670362683        170.47560931929297     
   2.2549999999999741        3.2622776601683730        170.06821367176565     
   2.2599999999999740        3.2607172670363003        169.33336186111592     
   2.2649999999999739        3.2560376275596834        168.27293567915831     
   2.2699999999999738        3.2482433599777054        166.89331943491453     
   2.2749999999999737        3.2373421562914566        165.20506853855119     
   2.2799999999999736        3.2233447746728565        163.22238383061932     
   2.2849999999999735        3.2062650288476404        160.96243393044412     
   2.2899999999999734        3.1861197744628726        158.44457786090138     
   2.2949999999999733        3.1629288924524652        155.68954457737345     
   2.2999999999999732        3.1367152694170959        152.71862471521789     
   2.3049999999999731        3.1075047750378877        149.55292353769789     
   2.3099999999999730        3.0753262365461693        146.21271394565844     
   2.3149999999999729        3.0402114102744693        142.71691605383938     
   2.3199999999999728        3.0021949503168566        139.08271685815919     
   2.3249999999999726        2.9613143743295209        135.32533135138704     
   2.3299999999999725        2.9176100265053937        131.45789618885826     
   2.3349999999999724        2.8711250377592892        127.49147933428846     
   2.3399999999999723        2.8219052831628937        123.43518427325542     
   2.3449999999999722        2.7699993366716238        119.29632524513136     
   2.3499999999999721        2.7154584231879855        115.08065012070092     
   2.3549999999999720        2.6583363680087864        110.79258949383285     
   2.3599999999999719        2.5986895437060520        106.43551366239392     
   2.3649999999999718        2.5365768144941248        102.01198288103431     
   2.3699999999999717        2.4720594781377754        97.523980101551700     
   2.3749999999999716        2.4052012054587188        92.973119018864878     
   2.3799999999999715        2.3360679775001860        88.360823379214224     
   2.3849999999999714        2.2647280204116185        83.688476060802614     
   2.3899999999999713        2.1912517381176899        78.957538374587145     
   2.3949999999999712        2.1157116428381175        74.169641388449136     
   2.3999999999999710        2.0381822835268797        69.326651926518338     
   2.4049999999999709        1.9587401723013840        64.430716332493361     
   2.4099999999999708        1.8774637089342516        59.484285211603648     
   2.4149999999999707        1.7944331034821912        54.490122274564001     
   2.4199999999999706        1.7097302971283816        49.451300180257341     
   2.4249999999999705        1.6234388813164049        44.371185978213148     
   2.4299999999999704        1.5356440152555690        39.253418437448261     
   2.4349999999999703        1.4464323418790788        34.101879249814758     
   2.4399999999999702        1.3558919023379006        28.920659834995082     
   2.4449999999999701        1.2641120491147868        23.714025260459653     
   2.4499999999999700        1.1711833578441426        18.486376623264206     
   2.4549999999999699        1.0771975379248402        13.242213114377019     
   2.4599999999999698       0.98224734201409436        7.9860948877764102     
   2.4649999999999697       0.88642647449179879        2.7226077702304288     
   2.4699999999999696       0.78982949898559318       -2.5436692432000996     
   2.4749999999999694       0.69255174504801353       -7.8081928736349617     
   2.4799999999999693       0.59468921407771624       -13.066480131129701     
   2.4849999999999692       0.49633848457767138       -18.314128065146754     
   2.4899999999999691       0.39759661684387337       -23.546828401972583     
   2.4949999999999690       0.29856105717852555       -28.760377029757542     
   2.4999999999999689       0.19932954172231498       -33.950678561187132     
   2.5049999999999688       0.10000000000061984       -39.113746471998212     
   2.5099999999999687        6.7045827892409093E-004  -44.245699558536018     
   2.5149999999999686       -9.8561057177288275E-002  -49.342755657177044     
   2.5199999999999685      -0.19759661684263921       -54.401223703486238     
   2.5249999999999684      -0.29633848457644141       -59.417495265997204     
   2.5299999999999683      -0.39468921407649182       -64.388036662739168     
   2.5349999999999682      -0.49255174504679589       -69.309382660844591     
   2.5399999999999681      -0.58982949898438342       -74.178132581703366     
   2.5449999999999680      -0.68642647449059813       -78.990949403569161     
   2.5499999999999678      -0.78224734201290935       -83.744562191730211     
   2.5549999999999677      -0.87719753792366650       -88.435771915756263     
   2.5599999999999676      -0.97118335784297594       -93.061460454558102     
   2.5649999999999675       -1.0641120491136287       -97.618602359314664     
   2.5699999999999674       -1.1558919023367678       -102.10427875212876     
   2.5749999999999673       -1.2464323418779568       -106.51569258844901     
   2.5799999999999672       -1.3356440152544593       -110.85018440154829     
   2.5849999999999671       -1.4234388813153180       -115.10524757038216     
   2.5899999999999670       -1.5097302971273137       -119.27854209753201     
   2.5949999999999669       -1.5944331034811488       -123.36790583998513     
   2.5999999999999668       -1.6774637089332260       -127.37136209158420     
   2.6049999999999667       -1.7587401723003808       -131.28712236452591     
   2.6099999999999666       -1.8381822835259043       -135.11358315535858     
   2.6149999999999665       -1.9157116428371621       -138.84931541200135     
   2.6199999999999664       -1.9912517381167554       -142.49304535301729     
   2.6249999999999662       -2.0647280204107186       -146.04362524741214     
   2.6299999999999661       -2.1360679774993088       -149.49999276947113     
   2.6349999999999660       -2.2052012054578665       -152.86111763298669     
   2.6399999999999659       -2.2720594781369590       -156.12593442323436     
   2.6449999999999658       -2.3365768144933341       -159.29326092719009     
   2.6499999999999657       -2.3986895437052955       -162.36170185565024     
   2.6549999999999656       -2.4583363680080574       -165.32953869090341     
   2.6599999999999655       -2.5154584231872890       -168.19460750101081     
   2.6649999999999654       -2.5699993366709624       -170.95416793226678     
   2.6699999999999653       -2.6219052831622625       -173.60476818581969     
   2.6749999999999652       -2.6711250377586890       -176.14211251888577     
   2.6799999999999651       -2.7176100265048331       -178.56093955070918     
   2.6849999999999650       -2.7613143743289932       -180.85492121163648     
   2.6899999999999649       -2.8021949503163617       -183.01659331889249     
   2.6949999999999648       -2.8402114102740148       -185.03732923646555     
   2.6999999999999647       -2.8753262365457490       -186.90736762285971     
   2.7049999999999645       -2.9075047750375029       -188.61590367509302     
   2.7099999999999644       -2.9367152694167498       -190.15125041383754     
   2.7149999999999643       -2.9629288924521568       -191.50107243021432     
   2.7199999999999642       -2.9861197744626029       -192.65268930643666     
   2.7249999999999641       -3.0062650288474080       -193.59343999364648     
   2.7299999999999640       -3.0233447746726627       -194.31109331894942     
   2.7349999999999639       -3.0373421562913014       -194.79428416697826     
   2.7399999999999638       -3.0482433599775884       -195.03295045767811     
   2.7449999999999637       -3.0560376275596051       -195.01874348898997     
   2.7499999999999636       -3.0607172670362615       -194.74538403711495     
   2.7549999999999635       -3.0622776601683728       -194.20893905507054     
   2.7599999999999634       -3.0607172670363072       -193.40799880449177     
   2.7649999999999633       -3.0560376275596961       -192.34374137787671     
   2.7699999999999632       -3.0482433599777252       -191.01988010161028     
   2.7749999999999631       -3.0373421562914822       -189.44249833284957     
   2.7799999999999629       -3.0233447746728901       -187.61978468261285     
   2.7849999999999628       -3.0062650288476802       -185.56168879391467     
   2.7899999999999627       -2.9861197744629178       -183.27952276412884     
   2.7949999999999626       -2.9629288924525183       -180.78553571149078     
   2.7999999999999625       -2.9367152694171552       -178.09248877408112     
   2.8049999999999624       -2.9075047750379519       -175.21325524743511     
   2.8099999999999623       -2.8753262365462415       -172.16046612411833     
   2.8149999999999622       -2.8402114102745499       -168.94621566492685     
   2.8199999999999621       -2.8021949503169385       -165.58183552573001     
   2.8249999999999620       -2.7613143743296122       -162.07774005257772     
   2.8299999999999619       -2.7176100265054881       -158.44334017644258     
   2.8349999999999618       -2.6711250377593894       -154.68701924842946     
   2.8399999999999617       -2.6219052831630023       -150.81616133025216     
   2.8449999999999616       -2.5699993366717351       -146.83722089752479     
   2.8499999999999615       -2.5154584231881056       -142.75582249597497     
   2.8549999999999613       -2.4583363680089119       -138.57687939699935     
   2.8599999999999612       -2.3986895437061797       -134.30472147180811     
   2.8649999999999611       -2.3365768144942609       -129.94322408384787     
   2.8699999999999610       -2.2720594781379200       -125.49593155591307     
   2.8749999999999609       -2.2052012054588612       -120.96617051508380     
   2.8799999999999608       -2.1360679775003368       -116.35715002130846     
   2.8849999999999607       -2.0647280204117782       -111.67204676118718     
   2.8899999999999606       -1.9912517381178461       -106.91407469888135     
   2.8949999999999605       -1.9157116428382821       -102.08653941754744     
   2.8999999999999604       -1.8381822835270440       -97.192877978466726     
   2.9049999999999603       -1.7587401723015568       -92.236685507324381     
   2.9099999999999602       -1.6774637089344284       -87.221729931005754     
   2.9149999999999601       -1.5944331034823667       -82.151956377938831     
   2.9199999999999600       -1.5097302971285653       -77.031482760831722     
   2.9249999999999599       -1.4234388813165919       -71.864588016985408     
   2.9299999999999597       -1.3356440152557545       -66.655694414825518     
   2.9349999999999596       -1.2464323418792720       -61.409345264296597     
   2.9399999999999595       -1.1558919023381018       -56.130179303809157     
   2.9449999999999594       -1.0641120491149800       -50.822902980723207     
   2.9499999999999593      -0.97118335784434373       -45.492261792880456     
   2.9549999999999592      -0.87719753792503818       -40.143011807860006     
   2.9599999999999591      -0.78224734201429980       -34.779892413887190     
   2.9649999999999590      -0.68642647449200589       -29.407601270157546     
   2.9699999999999589      -0.58982949898579640       -24.030772304678710     
   2.9749999999999588      -0.49255174504822363       -18.653957447566963     
   2.9799999999999587      -0.39468921407792745       -13.281612585267533     
   2.9849999999999586      -0.29633848457787793       -7.9180879806857778     
   2.9899999999999585      -0.19759661684408628       -2.5676231364326840     
   2.9949999999999584       -9.8561057178744527E-002   2.7656542000799451     
   2.9999999999999583        6.7045827747688747E-004   8.0777254593778771     
