   5.0000000000000001E-003  0.10000000000000001        2.1640108048389406     
   1.0000000000000000E-002  0.27663567885229379        5.9840559549712955     
   1.4999999999999999E-002  0.45309703961504433        9.8005487716647295     
   2.0000000000000000E-002  0.62920993622961696        13.617363626604501     
   2.5000000000000001E-002  0.80480056652942111        17.438643111088730     
   3.0000000000000002E-002  0.97969564376166407        21.268998849341024     
   3.5000000000000003E-002   1.1537225676004565        25.113900618789998     
   4.0000000000000001E-002   1.3267095944824947        28.980304907420091     
   4.4999999999999998E-002   1.4984860070972228        32.877587663997254     
   4.9999999999999996E-002   1.6688822828642076        36.818877945558825     
   5.4999999999999993E-002   1.8377302612314588        40.822948027192666     
   5.9999999999999991E-002   2.0048633096295911        44.916913703935165     
   6.4999999999999988E-002   2.1701164879180541        49.140155902393673     
   6.9999999999999993E-002   2.3333267111611340        53.550124896759868     
   7.4999999999999997E-002   2.4943329105731000        58.231088547392488     
   8.0000000000000002E-002   2.6529761924736452        63.307533246818025     
   8.5000000000000006E-002   2.8090999950967706        68.964985656510294     
   9.0000000000000011E-002   2.9625502430983408        75.482774995040472     
   9.5000000000000015E-002   3.1131754996098526        83.286176014053240     
  0.10000000000000002        3.2608271156883357        93.030273140386157     
  0.10500000000000002        3.4053593770149173        105.73614780779889     
  0.11000000000000003        3.5466296476972587        123.01395938962980     
  0.11500000000000003        3.6844985110339632        147.43112589280599     
  0.12000000000000004        3.8188299071020264        183.12373522126563     
  0.12500000000000003        3.9494912670315561        236.81643513606173     
  0.13000000000000003        4.0763536438352377        319.52792015277191     
  0.13500000000000004        4.1992918396634469        449.42314004323225     
  0.14000000000000004        4.3181845293594110        656.57022905813665     
  0.14500000000000005        4.4329143801924875        990.82623973909722     
  0.15000000000000005        4.5433681676514057        1534.7799165478555     
  0.15500000000000005        4.6494368871831933        2424.6863379421411     
  0.16000000000000006        4.7510158617675016        3883.6511286273380     
  0.16500000000000006        4.8480048452201956        6272.8270167017472     
  0.17000000000000007        4.9403081211242297        10167.618699067782     
  0.17500000000000007        5.0278345972901954        16465.828785324033     
  0.18000000000000008        5.1104978956533165        26531.456285396300     
  0.18500000000000008        5.1882164375181690        42368.696287930710     
  0.19000000000000009        5.2609135240670071        66802.378091172199     
  0.19500000000000009        5.3285174120522312        103611.63014525780     
  0.20000000000000009        5.3909613845983175        157525.39979335386     
  0.20500000000000010        5.4481838170433141        233952.72048078664     
  0.21000000000000010        5.5001282377549465        338310.26671641925     
  0.21500000000000011        5.5467433838612967        474856.98699835222     
  0.22000000000000011        5.5879832518410746        645078.69341523852     
  0.22500000000000012        5.6238071429235328        845883.96110795438     
  0.23000000000000012        5.6541797032532433        1068120.9081125166     
  0.23500000000000013        5.6790709587800858        1296085.0340530351     
  0.24000000000000013        5.6984563448400118        1508619.1677655168     
  0.24500000000000013        5.7123167303974061        1682023.5109264031     
  0.25000000000000011        5.7206384369251086        1794360.3867534101     
  0.25500000000000012        5.7234132519034677        1830092.9415124618     
  0.26000000000000012        5.7206384369251078        1783663.9893123880     
  0.26500000000000012        5.7123167303974061        1660830.0760339722     
  0.27000000000000013        5.6984563448400110        1477289.0481852330     
  0.27500000000000013        5.6790709587800849        1255072.4524528794     
  0.28000000000000014        5.6541797032532424        1017893.9840612281     
  0.28500000000000014        5.6238071429235310        786848.93456108868     
  0.29000000000000015        5.5879832518410728        577521.69204078708     
  0.29500000000000015        5.5467433838612941        398910.17297072709     
  0.30000000000000016        5.5001282377549439        253942.47132781008     
  0.30500000000000016        5.4481838170433114        140979.74934309768     
  0.31000000000000016        5.3909613845983149        55632.906837859889     
  0.31500000000000017        5.3285174120522285       -7616.4539327137172     
  0.32000000000000017        5.2609135240670044       -54250.553114620394     
  0.32500000000000018        5.1882164375181663       -89046.251665225078     
  0.33000000000000018        5.1104978956533129       -115810.07893989905     
  0.33500000000000019        5.0278345972901919       -137378.67415389745     
  0.34000000000000019        4.9403081211242270       -155756.77940658596     
  0.34500000000000020        4.8480048452201920       -172301.11567523831     
  0.35000000000000020        4.7510158617674980       -187896.92285747943     
  0.35500000000000020        4.6494368871831888       -203103.53640316112     
  0.36000000000000021        4.5433681676514022       -218263.72766823578     
  0.36500000000000021        4.4329143801924822       -233580.68702810886     
  0.37000000000000022        4.3181845293594066       -249169.71730104391     
  0.37500000000000022        4.1992918396634416       -265091.73213092412     
  0.38000000000000023        4.0763536438352324       -281374.38984252792     
  0.38500000000000023        3.9494912670315490       -298025.16482433665     
  0.39000000000000024        3.8188299071020197       -315039.31929660635     
  0.39500000000000024        3.6844985110339556       -332404.72094187600     
  0.40000000000000024        3.5466296476972516       -350104.74087338470     
  0.40500000000000025        3.4053593770149111       -368119.99610787694     
  0.41000000000000025        3.2608271156883286       -386429.40128601511     
  0.41500000000000026        3.1131754996098464       -405010.80886341870     
  0.42000000000000026        2.9625502430983328       -423841.40423616336     
  0.42500000000000027        2.8090999950967634       -442897.95462882071     
  0.43000000000000027        2.6529761924736373       -462156.97034750530     
  0.43500000000000028        2.4943329105730925       -481594.81319015980     
  0.44000000000000028        2.3333267111611256       -501187.77273680369     
  0.44500000000000028        2.1701164879180461       -520912.12292220176     
  0.45000000000000029        2.0048633096295818       -540744.16635892366     
  0.45500000000000029        1.8377302612314499       -560660.27093847981     
  0.46000000000000030        1.6688822828641972       -580636.90147498494     
  0.46500000000000030        1.4984860070972130       -600650.64808969572     
  0.47000000000000031        1.3267095944824860       -620678.25238373841     
  0.47500000000000031        1.1537225676004463       -640696.63204418612     
  0.48000000000000032       0.97969564376165486       -660682.90427751013     
  0.48500000000000032       0.80480056652941012       -680614.40830678446     
  0.49000000000000032       0.62920993622960719       -700468.72707095975     
  0.49500000000000033       0.45309703961503311       -720223.70820607746     
  0.50000000000000033       0.27663567885228357       -739857.48435681337     
  0.50500000000000034        9.9999999999988209E-002  -759348.49285368423     
  0.51000000000000034       -7.6635678852304573E-002  -778675.49478958675     
  0.51500000000000035      -0.25309703961505658       -797817.59353325644     
  0.52000000000000035      -0.42920993622962833       -816754.25272173306     
  0.52500000000000036      -0.60480056652943381       -835465.31377575081     
  0.53000000000000036      -0.77969564376167577       -853931.01297984750     
  0.53500000000000036      -0.95372256760046714       -872131.99816401408     
  0.54000000000000037       -1.1267095944825065       -890049.34501888161     
  0.54500000000000037       -1.2984860070972335       -907664.57307623187     
  0.55000000000000038       -1.4688822828642196       -924959.66139606829     
  0.55500000000000038       -1.6377302612314697       -941917.06402613898     
  0.56000000000000039       -1.8048633096296038       -958519.72534610284     
  0.56500000000000039       -1.9701164879180655       -974751.09548512206     
  0.57000000000000040       -2.1333267111611471       -990595.14612214954     
  0.57500000000000040       -2.2943329105731114       -1006036.3871649102     
  0.58000000000000040       -2.4529761924736584       -1021059.8850939609     
  0.58500000000000041       -2.6090999950967815       -1035651.2842141436     
  0.59000000000000041       -2.7625502430983531       -1049796.8327790257     
  0.59500000000000042       -2.9131754996098636       -1063483.4171107137     
  0.60000000000000042       -3.0608271156883480       -1076698.6086982230     
  0.60500000000000043       -3.2053593770149278       -1089430.7322604191     
  0.61000000000000043       -3.3466296476972683       -1101668.9676094227     
  0.61500000000000044       -3.4844985110339732       -1113403.5059704715     
  0.62000000000000044       -3.6188299071020356       -1124625.7939666668     
  0.62500000000000044       -3.7494912670315657       -1135328.9184656716     
  0.63000000000000045       -3.8763536438352468       -1145508.2169262767     
  0.63500000000000045       -3.9992918396634578       -1155162.2464613917     
  0.64000000000000046       -4.1181845293594215       -1164294.3180154746     
  0.64500000000000046       -4.2329143801924980       -1172914.9084219632     
  0.65000000000000047       -4.3433681676514153       -1181045.4099104335     
  0.65500000000000047       -4.4494368871832011       -1188723.8638328626     
  0.66000000000000048       -4.5510158617675120       -1196013.5337329297     
  0.66500000000000048       -4.6480048452202052       -1203015.3435468432     
  0.67000000000000048       -4.7403081211242375       -1209885.2117409129     
  0.67500000000000049       -4.8278345972902024       -1216856.9216699265     
  0.68000000000000049       -4.9104978956533225       -1224270.0338160396     
  0.68500000000000050       -4.9882164375181768       -1232600.0395117027     
  0.69000000000000050       -5.0609135240670140       -1242484.1305537957     
  0.69500000000000051       -5.1285174120522372       -1254730.6837772112     
  0.70000000000000051       -5.1909613845983218       -1270294.8313650894     
  0.70500000000000052       -5.2481838170433193       -1290198.7467062711     
  0.71000000000000052       -5.3001282377549508       -1315377.4983073317     
  0.71500000000000052       -5.3467433838613010       -1346444.0712302951     
  0.72000000000000053       -5.3879832518410780       -1383393.1138660288     
  0.72500000000000053       -5.4238071429235371       -1425299.3610911740     
  0.73000000000000054       -5.4541797032532466       -1470102.3702217857     
  0.73500000000000054       -5.4790709587800883       -1514585.4778827364     
  0.74000000000000055       -5.4984563448400134       -1554634.4117370243     
  0.74500000000000055       -5.5123167303974077       -1585791.8573142262     
  0.75000000000000056       -5.5206384369251094       -1604022.9754990786     
  0.75500000000000056       -5.5234132519034684       -1606511.1673932094     
  0.76000000000000056       -5.5206384369251085       -1592259.8110622400     
  0.76500000000000057       -5.5123167303974050       -1562314.4267128073     
  0.77000000000000057       -5.4984563448400099       -1519533.8395260070     
  0.77500000000000058       -5.4790709587800839       -1467983.3305060589     
  0.78000000000000058       -5.4541797032532413       -1412136.3747315104     
  0.78500000000000059       -5.4238071429235291       -1356109.5022908598     
  0.79000000000000059       -5.3879832518410700       -1303110.4691258688     
  0.79500000000000060       -5.3467433838612912       -1255183.7337281820     
  0.80000000000000060       -5.3001282377549401       -1213235.8295072890     
  0.80500000000000060       -5.2481838170433077       -1177254.3177151789     
  0.81000000000000061       -5.1909613845983102       -1146611.9284146489     
  0.81500000000000061       -5.1285174120522230       -1120364.1626831612     
  0.82000000000000062       -5.0609135240669989       -1097484.5936225231     
  0.82500000000000062       -4.9882164375181608       -1077018.6269074548     
  0.83000000000000063       -4.9104978956533074       -1058162.4460223936     
  0.83500000000000063       -4.8278345972901846       -1040286.5476249291     
  0.84000000000000064       -4.7403081211242188       -1022925.4045941342     
  0.84500000000000064       -4.6480048452201848       -1005750.9713138014     
  0.85000000000000064       -4.5510158617674907       -988541.95830024313     
  0.85500000000000065       -4.4494368871831798       -971155.49303326942     
  0.86000000000000065       -4.3433681676513931       -953503.94277463353     
  0.86500000000000066       -4.2329143801924740       -935537.36542482593     
  0.87000000000000066       -4.1181845293593984       -917230.92254868289     
  0.87500000000000067       -3.9992918396634338       -898576.20331256953     
  0.88000000000000067       -3.8763536438352206       -879575.41843073349     
  0.88500000000000068       -3.7494912670315386       -860237.59842678159     
  0.89000000000000068       -3.6188299071020089       -840576.14234361926     
  0.89500000000000068       -3.4844985110339461       -820607.25271189515     
  0.90000000000000069       -3.3466296476972386       -800348.94107474119     
  0.90500000000000069       -3.2053593770148971       -779820.39583895169     
  0.91000000000000070       -3.0608271156883164       -759041.57811055356     
  0.91500000000000070       -2.9131754996098338       -738032.96019426454     
  0.92000000000000071       -2.7625502430983184       -716815.35315097391     
  0.92500000000000071       -2.6090999950967482       -695409.78996343468     
  0.93000000000000071       -2.4529761924736242       -673837.44351442298     
  0.93500000000000072       -2.2943329105730794       -652119.56646301108     
  0.94000000000000072       -2.1333267111611147       -630277.44499124819     
  0.94500000000000073       -1.9701164879180304       -608332.36141829984     
  0.95000000000000073       -1.8048633096295681       -586305.56255281228     
  0.95500000000000074       -1.6377302612314362       -564218.23181853478     
  0.96000000000000074       -1.4688822828641854       -542091.46391566948     
  0.96500000000000075       -1.2984860070971966       -519946.24123845017     
  0.97000000000000075       -1.1267095944824694       -497803.41156067699     
  0.97500000000000075      -0.95372256760043228       -475683.66668767913     
  0.98000000000000076      -0.77969564376164080       -453607.52189318644     
  0.98500000000000076      -0.60480056652939362       -431595.29603535333     
  0.99000000000000077      -0.42920993622959058       -409667.09229146858     
  0.99500000000000077      -0.25309703961501884       -387842.77947442973     
   1.0000000000000007       -7.6635678852269212E-002  -366141.97390241880     
   1.0050000000000006       0.10000000000002360       -344584.02179189440     
   1.0100000000000005       0.27663567885231144       -323187.98213820334     
   1.0150000000000003       0.45309703961506087       -301972.61004217528     
   1.0200000000000002       0.62920993622962751       -280956.34043805010     
   1.0250000000000001       0.80480056652942555       -260157.27217897592     
   1.0300000000000000       0.97969564376166762       -239593.15243991368     
   1.0349999999999999        1.1537225676004543       -219281.36140065145     
   1.0399999999999998        1.3267095944824914       -199238.89716892867     
   1.0449999999999997        1.4984860070972137       -179482.36088950463     
   1.0499999999999996        1.6688822828641976       -160027.94195245640     
   1.0549999999999995        1.8377302612314435       -140891.40315459328     
   1.0599999999999994        2.0048633096295752       -122088.06556909494     
   1.0649999999999993        2.1701164879180328       -103632.79272054805     
   1.0699999999999992        2.3333267111611122       -85539.973411754996     
   1.0749999999999991        2.4943329105730729       -67823.502148011932     
   1.0799999999999990        2.6529761924736133       -50496.755456662388     
   1.0849999999999989        2.8090999950967377       -33572.561339768523     
   1.0899999999999987        2.9625502430983035       -17063.157345454034     
   1.0949999999999986        3.1131754996098153       -980.12982249970082     
   1.0999999999999985        3.2608271156882944        14665.677978143678     
   1.1049999999999984        3.4053593770148756        29864.309553430707     
   1.1099999999999983        3.5466296476972130        44606.925117339415     
   1.1149999999999982        3.6844985110339175        58886.176092857204     
   1.1199999999999981        3.8188299071019771        72696.822255870153     
   1.1249999999999980        3.9494912670315041        86036.756777918898     
   1.1299999999999979        4.0763536438351871        98908.716285463306     
   1.1349999999999978        4.1992918396633945        111323.13706031407     
   1.1399999999999977        4.3181845293593586        123302.91538091307     
   1.1449999999999976        4.4329143801924324        134891.29608945339     
   1.1499999999999975        4.5433681676513533        146164.81762177491     
   1.1549999999999974        4.6494368871831391        157254.24833090429     
   1.1599999999999973        4.7510158617674492        168377.77180878591     
   1.1649999999999971        4.8480048452201423        179892.18398425766     
   1.1699999999999970        4.9403081211241764        192369.09796453887     
   1.1749999999999969        5.0278345972901439        206703.08939484975     
   1.1799999999999968        5.1104978956532650        224255.49380635726     
   1.1849999999999967        5.1882164375181210        247028.40460491832     
   1.1899999999999966        5.2609135240669591        277845.10896827502     
   1.1949999999999965        5.3285174120521868        320483.75001709454     
   1.1999999999999964        5.3909613845982740        379672.84325416130     
   1.2049999999999963        5.4481838170432741        460821.53994831350     
   1.2099999999999962        5.5001282377549083        569347.17775515607     
   1.2149999999999961        5.5467433838612612        709509.90879503824     
   1.2199999999999960        5.5879832518410435        882797.28390815016     
   1.2249999999999959        5.6238071429235053        1086120.1462808140     
   1.2299999999999958        5.6541797032532202        1310329.4049733840     
   1.2349999999999957        5.6790709587800663        1539723.8668283410     
   1.2399999999999956        5.6984563448399967        1753150.1768501289     
   1.2449999999999954        5.7123167303973954        1926912.8541409001     
   1.2499999999999953        5.7206384369251033        2039079.0324713029     
   1.2549999999999952        5.7234132519034677        2074117.1532309763     
   1.2599999999999951        5.7206384369251131        2026475.8012528680     
   1.2649999999999950        5.7123167303974158        1901917.7593693621     
   1.2699999999999949        5.6984563448400278        1716147.5675052777     
   1.2749999999999948        5.6790709587801080        1491203.9120892715     
   1.2799999999999947        5.6541797032532726        1250808.0639091451     
   1.2849999999999946        5.6238071429235674        1016063.3150458224     
   1.2899999999999945        5.5879832518411154        802562.46789204795     
   1.2949999999999944        5.5467433838613456        619312.25548084266     
   1.2999999999999943        5.5001282377550007        469249.97878383333     
   1.3049999999999942        5.4481838170433754        350746.38533716369     
   1.3099999999999941        5.3909613845983886        259422.32617412624     
   1.3149999999999940        5.3285174120523084        189769.70799846723     
   1.3199999999999938        5.2609135240670915        136316.95542641974     
   1.3249999999999937        5.1882164375182604        94298.179415903287     
   1.3299999999999936        5.1104978956534186        59918.136296422221     
   1.3349999999999935        5.0278345972903047        30351.772715818952     
   1.3399999999999934        4.9403081211243451        3606.2188318554545     
   1.3449999999999933        4.8480048452203182       -21663.101643512957     
   1.3499999999999932        4.7510158617676366       -46329.025611023651     
   1.3549999999999931        4.6494368871833345       -70938.241487730062     
   1.3599999999999930        4.5433681676515549       -95820.643964645104     
   1.3649999999999929        4.4329143801926492       -121166.33164065203     
   1.3699999999999928        4.3181845293595789       -147077.31506796693     
   1.3749999999999927        4.1992918396636219       -173601.02984319546     
   1.3799999999999926        4.0763536438354189       -200751.48524196306     
   1.3849999999999925        3.9494912670317501       -228522.35043693311     
   1.3899999999999924        3.8188299071022271       -256894.94114186149     
   1.3949999999999922        3.6844985110341697       -285843.05214380915     
   1.3999999999999921        3.5466296476974795       -315335.87018406962     
   1.4049999999999920        3.4053593770151447       -345339.73133945023     
   1.4099999999999919        3.2608271156885689       -375819.18763238692     
   1.4149999999999918        3.1131754996100915       -406737.66207837232     
   1.4199999999999917        2.9625502430985944       -438057.85862005514     
   1.4249999999999916        2.8090999950970295       -469742.02576184436     
   1.4299999999999915        2.6529761924739099       -501752.13249334018     
   1.4349999999999914        2.4943329105733696       -534049.99127994489     
   1.4399999999999913        2.3333267111614182       -566597.34882961819     
   1.4449999999999912        2.1701164879183423       -599355.95702474238     
   1.4499999999999911        2.0048633096298842       -632287.63147373474     
   1.4549999999999910        1.8377302612317650       -665354.30219707591     
   1.4599999999999909        1.6688822828645176       -698518.05919934809     
   1.4649999999999908        1.4984860070975363       -731741.19461306231     
   1.4699999999999906        1.3267095944828113       -764986.24244930514     
   1.4749999999999905        1.1537225676007863       -798216.01658831374     
   1.4799999999999904       0.97969564376199647       -831393.64739227714     
   1.4849999999999903       0.80480056652975607       -864482.61716525094     
   1.4899999999999902       0.62920993622996413       -897446.79458740004     
   1.4949999999999901       0.45309703961539338       -930250.46819256444     
   1.4999999999999900       0.27663567885264428       -962858.37892701686     
   1.5049999999999899       0.10000000000035170       -995235.75181456853     
   1.5099999999999898       -7.6635678851931288E-002  -1027348.3267518173     
   1.5149999999999897      -0.25309703961468144       -1059162.3884616194     
   1.5199999999999896      -0.42920993622925407       -1090644.7956376760     
   1.5249999999999895      -0.60480056652905823       -1121763.0093153710     
   1.5299999999999894      -0.77969564376129219       -1152485.1205021753     
   1.5349999999999893      -0.95372256760008545       -1182779.8770963652     
   1.5399999999999892       -1.1267095944821250       -1212616.7101183105     
   1.5449999999999890       -1.2984860070968449       -1241965.7592788122     
   1.5499999999999889       -1.4688822828638319       -1270797.8979187445     
   1.5549999999999888       -1.6377302612310862       -1299084.7573793081     
   1.5599999999999887       -1.8048633096292219       -1326798.7509089219     
   1.5649999999999886       -1.9701164879176791       -1353913.0972897201     
   1.5699999999999885       -2.1333267111607630       -1380401.8444875344     
   1.5749999999999884       -2.2943329105727326       -1406239.8938163258     
   1.5799999999999883       -2.4529761924732831       -1431403.0253988765     
   1.5849999999999882       -2.6090999950964044       -1455867.9261618198     
   1.5899999999999881       -2.7625502430979805       -1479612.2223268053     
   1.5949999999999880       -2.9131754996094976       -1502614.5195167591     
   1.5999999999999879       -3.0608271156879794       -1524854.4554574406     
   1.6049999999999878       -3.2053593770145676       -1546312.7732576830     
   1.6099999999999877       -3.3466296476969162       -1566971.4281020071     
   1.6149999999999876       -3.4844985110336282       -1586813.7480098037     
   1.6199999999999875       -3.6188299071016918       -1605824.6818680977     
   1.6249999999999873       -3.7494912670312299       -1623991.1879339558     
   1.6299999999999872       -3.8763536438349213       -1641302.8474438193     
   1.6349999999999871       -3.9992918396631345       -1657752.8365461254     
   1.6399999999999870       -4.1181845293591088       -1673339.4629553712     
   1.6449999999999869       -4.2329143801921942       -1688068.5800937400     
   1.6499999999999868       -4.3433681676511240       -1701957.3382909596     
   1.6549999999999867       -4.4494368871829160       -1715039.9198130718     
   1.6599999999999866       -4.5510158617672358       -1727376.1128457412     
   1.6649999999999865       -4.6480048452199423       -1739063.7502226443     
   1.6699999999999864       -4.7403081211239879       -1750256.0437065880     
   1.6749999999999863       -4.8278345972899608       -1761184.4541101919     
   1.6799999999999862       -4.9104978956530951       -1772186.6029189930     
   1.6849999999999861       -4.9882164375179618       -1783736.4250239681     
   1.6899999999999860       -5.0609135240668088       -1796469.9369744840     
   1.6949999999999859       -5.1285174120520471       -1811194.7198240904     
   1.6999999999999857       -5.1909613845981468       -1828865.4873508248     
   1.7049999999999856       -5.2481838170431585       -1850504.3694674470     
   1.7099999999999855       -5.3001282377548025       -1877046.7633340824     
   1.7149999999999854       -5.3467433838611687       -1909106.3516498168     
   1.7199999999999853       -5.3879832518409625       -1946678.8459389741     
   1.7249999999999852       -5.4238071429234340       -1988840.4058859823     
   1.7299999999999851       -5.4541797032531614       -2033532.3711383417     
   1.7349999999999850       -5.4790709587800199       -2077540.2137032417     
   1.7399999999999849       -5.4984563448399619       -2116752.1448889831     
   1.7449999999999848       -5.5123167303973730       -2146713.6770374118     
   1.7499999999999847       -5.5206384369250916       -2163393.1356158406     
   1.7549999999999846       -5.5234132519034684       -2163977.4183889856     
   1.7599999999999845       -5.5206384369251262       -2147473.7261910611     
   1.7649999999999844       -5.5123167303974414       -2114931.7218505996     
   1.7699999999999843       -5.4984563448400641       -2069214.6865027319     
   1.7749999999999841       -5.4790709587801558       -2014392.6636563246     
   1.7799999999999840       -5.4541797032533328       -1954944.1904118091     
   1.7849999999999839       -5.4238071429236392       -1894991.1511205195     
   1.7899999999999838       -5.3879832518411988       -1837746.9407178289     
   1.7949999999999837       -5.3467433838614378       -1785261.9336848382     
   1.7999999999999836       -5.3001282377551080       -1738448.8484660266     
   1.8049999999999835       -5.2481838170434933       -1697301.6922376533     
   1.8099999999999834       -5.1909613845985145       -1661199.8935235313     
   1.8149999999999833       -5.1285174120524504       -1629205.8958597234     
   1.8199999999999832       -5.0609135240672432       -1600300.4500883212     
   1.8249999999999831       -4.9882164375184228       -1573536.3660232956     
   1.8299999999999830       -4.9104978956535872       -1548117.4486477715     
   1.8349999999999829       -4.8278345972904884       -1523422.0242912415     
   1.8399999999999828       -4.7403081211245395       -1498992.5943551473     
   1.8449999999999827       -4.6480048452205232       -1474509.3311470710     
   1.8499999999999825       -4.5510158617678451       -1449759.3429434500     
   1.8549999999999824       -4.4494368871835590       -1424608.3251497610     
   1.8599999999999823       -4.3433681676517883       -1398977.3733527763     
   1.8649999999999822       -4.2329143801928852       -1372825.4243261528     
   1.8699999999999821       -4.1181845293598318       -1346136.6591301435     
   1.8749999999999820       -3.9992918396638824       -1318911.8170585623     
   1.8799999999999819       -3.8763536438356874       -1291162.3795409349     
   1.8849999999999818       -3.7494912670320195       -1262906.7583160871     
   1.8899999999999817       -3.6188299071025121       -1234167.8340207967     
   1.8949999999999816       -3.4844985110344631       -1204971.3810137722     
   1.8999999999999815       -3.3466296476977724       -1175345.0627429402     
   1.9049999999999814       -3.2053593770154518       -1145317.7894362772     
   1.9099999999999813       -3.0608271156888835       -1114919.3037841877     
   1.9149999999999812       -2.9131754996104124       -1084179.9093028863     
   1.9199999999999811       -2.7625502430989126       -1053130.2877827631     
   1.9249999999999809       -2.6090999950973623       -1021801.3723817000     
   1.9299999999999808       -2.4529761924742486       -990224.25557723222     
   1.9349999999999807       -2.2943329105737136       -958430.11907275638     
   1.9399999999999806       -2.1333267111617578       -926450.17763945321     
   1.9449999999999805       -1.9701164879186961       -894315.63190027676     
   1.9499999999999804       -1.8048633096302418       -862057.62693587958     
   1.9549999999999803       -1.6377302612321170       -829707.21475651232     
   1.9599999999999802       -1.4688822828648824       -797295.31941115251     
   1.9649999999999801       -1.2984860070979045       -764852.70396302862     
   1.9699999999999800       -1.1267095944831826       -732409.93885175767     
   1.9749999999999799      -0.95372256760114993       -699997.37134884158     
   1.9799999999999798      -0.77969564376237221       -667645.09593312535     
   1.9849999999999797      -0.60480056653013348       -635382.92548836698     
   1.9899999999999796      -0.42920993623033288       -603240.36327018705     
   1.9949999999999795      -0.25309703961576291       -571246.57561296108     
   1.9999999999999793       -7.6635678853024414E-002  -539430.36535540223     
   2.0049999999999795        9.9999999999268036E-002  -507820.14596201852     
   2.0099999999999794       0.27663567885156121       -476443.91631162498     
   2.0149999999999793       0.45309703961431180       -445329.23611787282     
   2.0199999999999791       0.62920993622888532       -414503.20194355672     
   2.0249999999999790       0.80480056652869081       -383992.42377110024     
   2.0299999999999789       0.97969564376092622       -353823.00209496048     
   2.0349999999999788        1.1537225675997218       -324020.50550432212     
   2.0399999999999787        1.3267095944817637       -294609.94872153283     
   2.0449999999999786        1.4984860070964963       -265615.77104723535     
   2.0499999999999785        1.6688822828634766       -237061.81513043941     
   2.0549999999999784        1.8377302612307342       -208971.30592203524     
   2.0599999999999783        2.0048633096288735       -181366.82957129559     
   2.0649999999999782        2.1701164879173347       -154270.31186661700     
   2.0699999999999781        2.3333267111604235       -127702.99557077431     
   2.0749999999999780        2.4943329105723979       -101685.41559997638     
   2.0799999999999779        2.6529761924729534       -76237.370347840362     
   2.0849999999999778        2.8090999950960800       -51377.886395200389     
   2.0899999999999777        2.9625502430976618       -27125.172094071400     
   2.0949999999999775        3.1131754996091856       -3496.5525928957504     
   2.0999999999999774        3.2608271156876731        19491.626031065825     
   2.1049999999999773        3.4053593770142681        41824.144128703105     
   2.1099999999999772        3.5466296476966237        63487.141891149746     
   2.1149999999999771        3.6844985110333432        84468.497019412694     
   2.1199999999999770        3.8188299071014149        104758.44477940915     
   2.1249999999999769        3.9494912670309605        124350.60568849993     
   2.1299999999999768        4.0763536438346595        143243.69795053254     
   2.1349999999999767        4.1992918396628873        161444.39576373179     
   2.1399999999999766        4.3181845293588621        178972.09150101256     
   2.1449999999999765        4.4329143801919573        195866.78584791778     
   2.1499999999999764        4.5433681676508968        212202.03413553094     
   2.1549999999999763        4.6494368871826977        228105.88369997626     
   2.1599999999999762        4.7510158617670273        243794.05997398886     
   2.1649999999999761        4.8480048452197435        259621.16408983117     
   2.1699999999999759        4.9403081211237989        276156.87796230166     
   2.1749999999999758        5.0278345972897815        294294.10962816136     
   2.1799999999999757        5.1104978956529257        315392.79031414323     
   2.1849999999999756        5.1882164375178030        341453.87188819371     
   2.1899999999999755        5.2609135240666607        375299.76196406980     
   2.1949999999999754        5.3285174120519105        420707.98502733553     
   2.1999999999999753        5.3909613845980209        482406.69757995661     
   2.2049999999999752        5.4481838170430432        565804.94998322031     
   2.2099999999999751        5.5001282377546978        676320.23529434949     
   2.2149999999999750        5.5467433838610756        818213.11532085761     
   2.2199999999999749        5.5879832518408810        992971.80261620972     
   2.2249999999999748        5.6238071429233667        1197508.0516149309     
   2.2299999999999747        5.6541797032531029        1422673.9294415787     
   2.2349999999999746        5.6790709587799730        1652769.6448768489     
   2.2399999999999745        5.6984563448399266        1866643.4855763093     
   2.2449999999999743        5.7123167303973483        2040601.8506313376     
   2.2499999999999742        5.7206384369250793        2152713.9875558764     
   2.2549999999999741        5.7234132519034677        2187450.6814487986     
   2.2599999999999740        5.7206384369251371        2139263.0868312940     
   2.2649999999999739        5.7123167303974638        2013916.7780227140     
   2.2699999999999738        5.6984563448400989        1827119.3038651906     
   2.2749999999999737        5.6790709587802013        1600912.5725846551     
   2.2799999999999736        5.6541797032533880        1359021.2849192247     
   2.2849999999999735        5.6238071429237078        1122552.3661557157     
   2.2899999999999734        5.5879832518412789        907102.45008656755     
   2.2949999999999733        5.5467433838615294        721682.29411836434     
   2.2999999999999732        5.5001282377552103        569233.41119821975     
   2.3049999999999731        5.4481838170436072        448130.94292216143     
   2.3099999999999730        5.3909613845986391        354000.31081139337     
   2.3149999999999729        5.3285174120525820        281338.16269663727     
   2.3199999999999728        5.2609135240673899        224677.82904543611     
   2.3249999999999726        5.1882164375185793        179258.48535760283     
   2.3299999999999725        5.1104978956537543        141290.10504910070     
   2.3349999999999724        5.0278345972906662        107952.99814738496     
   2.3399999999999723        4.9403081211247271        77259.798133078963     
   2.3449999999999722        4.8480048452207205        47871.565542867174     
   2.3499999999999721        4.7510158617680522        18921.227276676102     
   2.3549999999999720        4.6494368871837759       -10132.020909339190     
   2.3599999999999719        4.5433681676520141       -39612.075834296877     
   2.3649999999999718        4.4329143801931208       -69702.931263678474     
   2.3699999999999717        4.3181845293600691       -100500.39274826972     
   2.3749999999999716        4.1992918396641361       -132045.59755789954     
   2.3799999999999715        4.0763536438359500       -164346.17020085431     
   2.3849999999999714        3.9494912670322901       -197389.31556172704     
   2.3899999999999713        3.8188299071027902       -231149.81249329646     
   2.3949999999999712        3.6844985110347483       -265594.85331755434     
   2.3999999999999710        3.5466296476980652       -300686.96368938056     
   2.4049999999999709        3.4053593770157442       -336385.76696760941     
   2.4099999999999708        3.2608271156891901       -372649.05781502859     
   2.4149999999999707        3.1131754996107261       -409433.46422892588     
   2.4199999999999706        2.9625502430992325       -446694.86444472242     
   2.4249999999999705        2.8090999950976876       -484388.65751980606     
   2.4299999999999704        2.6529761924745787       -522469.94617922301     
   2.4349999999999703        2.4943329105740486       -560893.66669492796     
   2.4399999999999702        2.3333267111620977       -599614.68650110206     
   2.4449999999999701        2.1701164879190404       -638587.88192803087     
   2.4499999999999700        2.0048633096305903       -677768.20350288833     
   2.4549999999999699        1.8377302612324693       -717110.73332578642     
   2.4599999999999698        1.6688822828652286       -756570.73726661620     
   2.4649999999999697        1.4984860070982631       -796103.71366240468     
   2.4699999999999696        1.3267095944835441       -835665.43954430742     
   2.4749999999999694        1.1537225676015137       -875212.01502153347     
   2.4799999999999693       0.97969564376273788       -914699.90619885956     
   2.4849999999999692       0.80480056653050069       -954085.98684708565     
   2.4899999999999691       0.62920993623070143       -993327.57894817798     
   2.4949999999999690       0.45309703961613246       -1032382.4921788842     
   2.4999999999999689       0.27663567885339452       -1071209.0623655394     
   2.5049999999999688       0.10000000000110226       -1109766.1889302246     
   2.5099999999999687       -7.6635678851191075E-002  -1148013.3713472236     
   2.5149999999999686      -0.25309703961393237       -1185910.7446332006     
   2.5199999999999685      -0.42920993622850678       -1223419.1138994675     
   2.5249999999999684      -0.60480056652831360       -1260499.9879970527     
   2.5299999999999683      -0.77969564376056055       -1297115.6122837465     
   2.5349999999999682      -0.95372256759934826       -1333229.0005377750     
   2.5399999999999681       -1.1267095944813925       -1368803.9660385412     
   2.5449999999999680       -1.2984860070961277       -1403805.1518351343     
   2.5499999999999678       -1.4688822828631209       -1438198.0602333953     
   2.5549999999999677       -1.6377302612303819       -1471949.0815574746     
   2.5599999999999676       -1.8048633096285158       -1505025.5222887038     
   2.5649999999999675       -1.9701164879169810       -1537395.6327617904     
   2.5699999999999674       -2.1333267111600835       -1569028.6347193499     
   2.5749999999999673       -2.2943329105720536       -1599894.7492131409     
   2.5799999999999672       -2.4529761924726055       -1629965.2256313600     
   2.5849999999999671       -2.6090999950957552       -1659212.3730877666     
   2.5899999999999670       -2.7625502430973339       -1687609.5961323678     
   2.5949999999999669       -2.9131754996088723       -1715131.4379007828     
   2.5999999999999668       -3.0608271156873665       -1741753.6356806499     
   2.6049999999999667       -3.2053593770139601       -1767453.1968770758     
   2.6099999999999666       -3.3466296476963309       -1792208.5082093789     
   2.6149999999999665       -3.4844985110330495       -1815999.4987921966     
   2.6199999999999664       -3.6188299071011287       -1838807.8903070479     
   2.6249999999999662       -3.7494912670306899       -1860617.5874595507     
   2.6299999999999661       -3.8763536438343902       -1881415.2933590510     
   2.6349999999999660       -3.9992918396626203       -1901191.4830365921     
   2.6399999999999659       -4.1181845293586186       -1919941.9414991376     
   2.6449999999999658       -4.2329143801917164       -1937670.1790861343     
   2.6499999999999657       -4.3433681676506701       -1954391.1836992525     
   2.6549999999999656       -4.4494368871824808       -1970137.1566762296     
   2.6599999999999655       -4.5510158617668148       -1984966.0874350187     
   2.6649999999999654       -4.6480048452195453       -1998974.1926794071     
   2.6699999999999653       -4.7403081211236060       -2012313.2509745937     
   2.6749999999999652       -4.8278345972895993       -2025213.4729806324     
   2.6799999999999651       -4.9104978956527585       -2038011.4130077241     
   2.6849999999999650       -4.9882164375176421       -2051180.1215017433     
   2.6899999999999649       -5.0609135240665104       -2065354.9128725440     
   2.6949999999999648       -5.1285174120517745       -2081342.8477391060     
   2.6999999999999647       -5.1909613845978928       -2100098.3003750579     
   2.7049999999999645       -5.2481838170429240       -2122643.2411720129     
   2.7099999999999644       -5.3001282377545964       -2149913.0866353107     
   2.7149999999999643       -5.3467433838609821       -2182521.7163910205     
   2.7199999999999642       -5.3879832518408008       -2220465.2150224643     
   2.7249999999999641       -5.4238071429232955       -2262820.2897926103     
   2.7299999999999640       -5.4541797032530441       -2307529.0006747502     
   2.7349999999999639       -5.4790709587799276       -2351377.7108197766     
   2.7399999999999638       -5.4984563448398918       -2390255.6914142114     
   2.7449999999999637       -5.5123167303973251       -2419709.6811784613     
   2.7499999999999636       -5.5206384369250685       -2435709.3960768399     
   2.7549999999999635       -5.5234132519034684       -2435443.2859633979     
   2.7599999999999634       -5.5206384369251493       -2417920.2626872011     
   2.7649999999999633       -5.5123167303974876       -2384191.8562131436     
   2.7699999999999632       -5.4984563448401351       -2337123.3679968268     
   2.7749999999999631       -5.4790709587802491       -2280787.0119846817     
   2.7799999999999629       -5.4541797032534483       -2219663.6426391155     
   2.7849999999999628       -5.4238071429237795       -2157877.6052834867     
   2.7899999999999627       -5.3879832518413604       -2098644.8960032840     
   2.7949999999999626       -5.3467433838616252       -2044018.6270625561     
   2.7999999999999625       -5.3001282377553167       -1994914.3876671006     
   2.8049999999999624       -5.2481838170437225       -1951329.1849737396     
   2.8099999999999623       -5.1909613845987685       -1912645.5728465556     
   2.8149999999999622       -5.1285174120527257       -1877929.2415662180     
   2.8199999999999621       -5.0609135240675371       -1846164.3060770836     
   2.8249999999999620       -4.9882164375187426       -1816407.0535196480     
   2.8299999999999619       -4.9104978956539229       -1787864.8752123513     
   2.8349999999999618       -4.8278345972908454       -1759919.7885359984     
   2.8399999999999617       -4.7403081211249214       -1732118.0862938911     
   2.8449999999999616       -4.6480048452209193       -1704143.8281127561     
   2.8499999999999615       -4.5510158617682670       -1675788.1010091843     
   2.8549999999999613       -4.4494368871839995       -1646920.6659953163     
   2.8599999999999612       -4.3433681676522422       -1617466.7665233193     
   2.8649999999999611       -4.2329143801933640       -1587389.5648347302     
   2.8699999999999610       -4.1181845293603274       -1556677.5403603623     
   2.8749999999999609       -3.9992918396643895       -1525335.7989288345     
   2.8799999999999608       -3.8763536438362181       -1493380.2518965253     
   2.8849999999999607       -3.7494912670325746       -1460833.7995201021     
   2.8899999999999606       -3.6188299071030676       -1427723.8647201764     
   2.8949999999999605       -3.4844985110350408       -1394080.8130612234     
   2.8999999999999604       -3.3466296476983572       -1359936.9432605570     
   2.9049999999999603       -3.2053593770160518       -1325325.8400115552     
   2.9099999999999602       -3.0608271156895048       -1290281.9547938381     
   2.9149999999999601       -2.9131754996110382       -1254840.3293647314     
   2.9199999999999600       -2.7625502430995597       -1219036.4083407354     
   2.9249999999999599       -2.6090999950980205       -1182905.9074336356     
   2.9299999999999597       -2.4529761924749085       -1146484.7165599104     
   2.9349999999999596       -2.2943329105743926       -1109808.8249232043     
   2.9399999999999595       -2.1333267111624554       -1072914.2600561124     
   2.9449999999999594       -1.9701164879193844       -1035837.0358321997     
   2.9499999999999593       -1.8048633096309479       -998613.10633256240     
   2.9549999999999592       -1.6377302612328211       -961278.32361531968     
   2.9599999999999591       -1.4688822828655934       -923868.39816373843     
   2.9649999999999590       -1.2984860070986313       -886418.86124630226     
   2.9699999999999589       -1.1267095944839052       -848965.02871320304     
   2.9749999999999588      -0.95372256760188712       -811541.96594011353     
   2.9799999999999587      -0.77969564376311340       -774184.45374980476     
   2.9849999999999586      -0.60480056653086800       -736926.95521779789     
   2.9899999999999585      -0.42920993623108006       -699803.58331311366     
   2.9949999999999584      -0.25309703961652197       -662848.06934844516     
   2.9999999999999583       -7.6635678853764627E-002  -626093.73222221958     
