   5.0000000000000001E-003  0.10000000000000001        2.1640108048389406     
   1.0000000000000000E-002  0.10070319930326684        2.1728385727566017     
   1.4999999999999999E-002  0.10140570463371963        2.1816318484392836     
   2.0000000000000000E-002  0.10210682270341170        2.1903757451453125     
   2.5000000000000001E-002  0.10280586159345531        2.1990554488708653     
   3.0000000000000002E-002  0.10350213143686195        2.2076562328596934     
   3.5000000000000003E-002  0.10419494509935787        2.2161634720283652     
   4.0000000000000001E-002  0.10488361885750257        2.2245626572928368     
   4.4999999999999998E-002  0.10556747307344136        2.2328394097823048     
   4.9999999999999996E-002  0.10624583286562585        2.2409794949263508     
   5.4999999999999993E-002  0.10691802877484050        2.2489688364015397     
   5.9999999999999991E-002  0.10758339742487810        2.2567935299237605     
   6.4999999999999988E-002  0.10824128217721203        2.2644398568727384     
   6.9999999999999993E-002  0.10889103377901911        2.2718942977353018     
   7.4999999999999997E-002  0.10953201100391381        2.2791435453541884     
   8.0000000000000002E-002  0.11016358128476128        2.2861745179693140     
   8.5000000000000006E-002  0.11078512133794474        2.2929743720386697     
   9.0000000000000011E-002  0.11139601777847111        2.2995305148261957     
   9.5000000000000015E-002  0.11199566772530804        2.3058306167442075     
  0.10000000000000002       0.11258347939635460        2.3118626234381918     
  0.10500000000000002       0.11315887269245885        2.3176147676020329     
  0.11000000000000003       0.11372127976990559        2.3230755805119792     
  0.11500000000000003       0.11427014560080961        2.3282339032679400     
  0.12000000000000004       0.11480492852086119        2.3330788977309811     
  0.12500000000000003       0.11532510076388336        2.3376000571461786     
  0.13000000000000003       0.11583014898267342        2.3417872164402880     
  0.13500000000000004       0.11631957475561464        2.3456305621840055     
  0.14000000000000004       0.11679289507855818        2.3491206422089208     
  0.14500000000000005       0.11724964284148999        2.3522483748695984     
  0.15000000000000005       0.11768936728951186        2.3550050579415487     
  0.15500000000000005       0.11811163446768219        2.3573823771462301     
  0.16000000000000006       0.11851602764927704        2.3593724142945720     
  0.16500000000000006       0.11890214774704916        2.3609676550408683     
  0.17000000000000007       0.11926961370707889        2.3621609962392967     
  0.17500000000000007       0.11961806288482840        2.3629457528956794     
  0.18000000000000008       0.11994715140302803        2.3633156647075220     
  0.18500000000000008       0.12025655449104163        2.3632649021857426     
  0.19000000000000009       0.12054596680537603        2.3627880723519405     
  0.19500000000000009       0.12081510273101817        2.3618802240054491     
  0.20000000000000009       0.12106369666330259        2.3605368525548567     
  0.20500000000000010       0.12129150327003126        2.3587539044090913     
  0.21000000000000010       0.12149829773358674        2.3565277809236251     
  0.21500000000000011       0.12168387597280012        2.3538553418977566     
  0.22000000000000011       0.12184805484435440        2.3507339086194139     
  0.22500000000000012       0.12199067232352495        2.3471612664543438     
  0.23000000000000012       0.12211158766407822        2.3431356669770058     
  0.23500000000000013       0.12221068153717136        2.3386558296409570     
  0.24000000000000013       0.12228785614911541        2.3337209429869707     
  0.24500000000000013       0.12234303533788576        2.3283306653875728     
  0.25000000000000011       0.12237616464828496        2.3224851253271726     
  0.25500000000000012       0.12238721138568340        2.3161849212174053     
  0.26000000000000012       0.12237616464828496        2.3094311207477696     
  0.26500000000000012       0.12234303533788576        2.3022252597721353     
  0.27000000000000013       0.12228785614911541        2.2945693407321142     
  0.27500000000000013       0.12221068153717136        2.2864658306188028     
  0.28000000000000014       0.12211158766407820        2.2779176584748280     
  0.28500000000000014       0.12199067232352494        2.2689282124391106     
  0.29000000000000015       0.12184805484435440        2.2595013363372138     
  0.29500000000000015       0.12168387597280010        2.2496413258206016     
  0.30000000000000016       0.12149829773358672        2.2393529240585965     
  0.30500000000000016       0.12129150327003124        2.2286413169872383     
  0.31000000000000016       0.12106369666330258        2.2175121281197550     
  0.31500000000000017       0.12081510273101816        2.2059714129237276     
  0.32000000000000017       0.12054596680537602        2.1940256527705300     
  0.32500000000000018       0.12025655449104161        2.1816817484630078     
  0.33000000000000018       0.11994715140302802        2.1689470133478070     
  0.33500000000000019       0.11961806288482840        2.1558291660191875     
  0.34000000000000019       0.11926961370707889        2.1423363226215417     
  0.34500000000000020       0.11890214774704914        2.1284769887582788     
  0.35000000000000020       0.11851602764927702        2.1142600510150866     
  0.35500000000000020       0.11811163446768218        2.0996947681060134     
  0.36000000000000021       0.11768936728951185        2.0847907616511563     
  0.36500000000000021       0.11724964284148998        2.0695580065951411     
  0.37000000000000022       0.11679289507855817        2.0540068212759102     
  0.37500000000000022       0.11631957475561461        2.0381478571537102     
  0.38000000000000023       0.11583014898267341        2.0219920882104887     
  0.38500000000000023       0.11532510076388333        2.0055508000302602     
  0.39000000000000024       0.11480492852086116        1.9888355785713048     
  0.39500000000000024       0.11427014560080959        1.9718582986413635     
  0.40000000000000024       0.11372127976990556        1.9546311120873228     
  0.40500000000000025       0.11315887269245882        1.9371664357111062     
  0.41000000000000025       0.11258347939635457        1.9194769389238402     
  0.41500000000000026       0.11199566772530802        1.9015755311505362     
  0.42000000000000026       0.11139601777847108        1.8834753489978355     
  0.42500000000000027       0.11078512133794470        1.8651897431975821     
  0.43000000000000027       0.11016358128476125        1.8467322653391980     
  0.43500000000000028       0.10953201100391378        1.8281166544040437     
  0.44000000000000028       0.10889103377901907        1.8093568231151602     
  0.44500000000000028       0.10824128217721200        1.7904668441159373     
  0.45000000000000029       0.10758339742487807        1.7714609359914368     
  0.45500000000000029       0.10691802877484045        1.7523534491462653     
  0.46000000000000030       0.10624583286562581        1.7331588515529861     
  0.46500000000000030       0.10556747307344132        1.7138917143852272     
  0.47000000000000031       0.10488361885750253        1.6945666975497309     
  0.47500000000000031       0.10419494509935782        1.6751985351316785     
  0.48000000000000032       0.10350213143686192        1.6558020207677300     
  0.48500000000000032       0.10280586159345527        1.6363919929612520     
  0.49000000000000032       0.10210682270341168        1.6169833203542883     
  0.49500000000000033       0.10140570463371958        1.5975908869708462     
  0.50000000000000033       0.10070319930326679        1.5782295774461010     
  0.50500000000000034        9.9999999999999964E-002   1.5589142622561263     
  0.51000000000000034        9.9296800696733134E-002   1.5396597829627678     
  0.51500000000000035        9.8594295366280338E-002   1.5204809374882196     
  0.52000000000000035        9.7893177296588252E-002   1.5013924654338815     
  0.52500000000000036        9.7194138406544645E-002   1.4824090334579769     
  0.53000000000000036        9.6497868563138009E-002   1.4635452207263699     
  0.53500000000000036        9.5805054900642103E-002   1.4448155044509645     
  0.54000000000000037        9.5116381142497403E-002   1.4262342455299206     
  0.54500000000000037        9.4432526926558610E-002   1.4078156743038770     
  0.55000000000000038        9.3754167134374122E-002   1.3895738764422212     
  0.55500000000000038        9.3081971225159474E-002   1.3715227789733173     
  0.56000000000000039        9.2416602575121853E-002   1.3536761364724494     
  0.56500000000000039        9.1758717822787939E-002   1.3360475174211168     
  0.57000000000000040        9.1108966220980858E-002   1.3186502907510884     
  0.57500000000000040        9.0467988996086157E-002   1.3014976125864843     
  0.58000000000000040        8.9836418715238675E-002   1.2846024131969325     
  0.58500000000000041        8.9214878662055228E-002   1.2679773841746478     
  0.59000000000000041        8.8603982221528849E-002   1.2516349658480466     
  0.59500000000000042        8.8004332274691927E-002   1.2355873349442896     
  0.60000000000000042        8.7416520603645353E-002   1.2198463925128851     
  0.60500000000000043        8.6841127307541122E-002   1.2044237521222407     
  0.61000000000000043        8.6278720230094391E-002   1.1893307283407561     
  0.61500000000000044        8.5729854399190356E-002   1.1745783255138085     
  0.62000000000000044        8.5195071479138781E-002   1.1601772268476478     
  0.62500000000000044        8.4674899236116610E-002   1.1461377838109361     
  0.63000000000000045        8.4169851017326547E-002   1.1324700058643642     
  0.63500000000000045        8.3680425244385348E-002   1.1191835505284258     
  0.64000000000000046        8.3207104921441788E-002   1.1062877137991209     
  0.64500000000000046        8.2750357158509980E-002   1.0937914209210038     
  0.65000000000000047        8.2310632710488107E-002   1.0817032175266446     
  0.65500000000000047        8.1888365532317792E-002   1.0700312611512159     
  0.66000000000000048        8.1483972350722939E-002   1.0587833131305300     
  0.66500000000000048        8.1097852252950825E-002   1.0479667308905021     
  0.67000000000000048        8.0730386292921077E-002   1.0375884606356056     
  0.67500000000000049        8.0381937115171581E-002   1.0276550304434942     
  0.68000000000000049        8.0052848596971968E-002   1.0181725437725921     
  0.68500000000000050        7.9743445508958358E-002   1.0091466733890067     
  0.69000000000000050        7.9454033194623949E-002   1.0005826557187381     
  0.69500000000000051        7.9184897268981827E-002  0.99248528563073046     
  0.70000000000000051        7.8936303336697405E-002  0.98485891165586770     
  0.70500000000000052        7.8708496729968741E-002  0.97770743164662510     
  0.71000000000000052        7.8501702266413259E-002  0.97103428888161658     
  0.71500000000000052        7.8316124027199882E-002  0.96484246861885592     
  0.72000000000000053        7.8151945155645594E-002  0.95913449510110993     
  0.72500000000000053        7.8009327676475046E-002  0.95391242901627082     
  0.73000000000000054        7.7888412335921781E-002  0.94917786541522664     
  0.73500000000000054        7.7789318462828633E-002  0.94493193208924853     
  0.74000000000000055        7.7712143850884596E-002  0.94117528840849163     
  0.74500000000000055        7.7656964662114247E-002  0.93790812462270456     
  0.75000000000000056        7.7623835351715048E-002  0.93513016162482543     
  0.75500000000000056        7.7612788614316613E-002  0.93284065117766879     
  0.76000000000000056        7.7623835351715048E-002  0.93103837660344857     
  0.76500000000000057        7.7656964662114261E-002  0.92972165393543238     
  0.77000000000000057        7.7712143850884610E-002  0.92888833353056477     
  0.77500000000000058        7.7789318462828660E-002  0.92853580214143960     
  0.78000000000000058        7.7888412335921808E-002  0.92866098544554820     
  0.78500000000000059        7.8009327676475088E-002  0.92926035102927951     
  0.79000000000000059        7.8151945155645622E-002  0.93032991182370406     
  0.79500000000000060        7.8316124027199924E-002  0.93186522998872112     
  0.80000000000000060        7.8501702266413301E-002  0.93386142124170890     
  0.80500000000000060        7.8708496729968783E-002  0.93631315962637829     
  0.81000000000000061        7.8936303336697447E-002  0.93921468271710540     
  0.81500000000000061        7.9184897268981883E-002  0.94255979725356731     
  0.82000000000000062        7.9454033194624019E-002  0.94634188520011298     
  0.82500000000000062        7.9743445508958427E-002  0.95055391022385149     
  0.83000000000000063        8.0052848596972023E-002  0.95518842458505338     
  0.83500000000000063        8.0381937115171651E-002  0.96023757643303798     
  0.84000000000000064        8.0730386292921161E-002  0.96569311750032749     
  0.84500000000000064        8.1097852252950894E-002  0.97154641118746299     
  0.85000000000000064        8.1483972350723022E-002  0.97778844103048634     
  0.85500000000000065        8.1888365532317875E-002  0.98440981954271178     
  0.86000000000000065        8.2310632710488205E-002  0.99140079742206733     
  0.86500000000000066        8.2750357158510077E-002  0.99875127311489653     
  0.87000000000000066        8.3207104921441885E-002   1.0064508027267896     
  0.87500000000000067        8.3680425244385431E-002   1.0144886102706556     
  0.88000000000000067        8.4169851017326658E-002   1.0228535982419296     
  0.88500000000000068        8.4674899236116707E-002   1.0315343585104801     
  0.89000000000000068        8.5195071479138892E-002   1.0405191835184890     
  0.89500000000000068        8.5729854399190467E-002   1.0497960777732500     
  0.90000000000000069        8.6278720230094502E-002   1.0593527696235820     
  0.90500000000000069        8.6841127307541247E-002   1.0691767233082425     
  0.91000000000000070        8.7416520603645478E-002   1.0792551512644875     
  0.91500000000000070        8.8004332274692038E-002   1.0895750266846638     
  0.92000000000000071        8.8603982221528987E-002   1.1001230963084705     
  0.92500000000000071        8.9214878662055366E-002   1.1108858934383117     
  0.93000000000000071        8.9836418715238814E-002   1.1218497511649428     
  0.93500000000000072        9.0467988996086282E-002   1.1330008157904059     
  0.94000000000000072        9.1108966220980983E-002   1.1443250604350608     
  0.94500000000000073        9.1758717822788077E-002   1.1558082988153415     
  0.95000000000000073        9.2416602575121992E-002   1.1674361991787099     
  0.95500000000000074        9.3081971225159613E-002   1.1791942983821124     
  0.96000000000000074        9.3754167134374261E-002   1.1910680161001233     
  0.96500000000000075        9.4432526926558749E-002   1.2030426691488159     
  0.97000000000000075        9.5116381142497541E-002   1.2151034859113152     
  0.97500000000000075        9.5805054900642242E-002   1.2272356208508726     
  0.98000000000000076        9.6497868563138148E-002   1.2394241690972037     
  0.98500000000000076        9.7194138406544811E-002   1.2516541810918025     
  0.99000000000000077        9.7893177296588405E-002   1.2639106772778499     
  0.99500000000000077        9.8594295366280491E-002   1.2761786628203120     
   1.0000000000000007        9.9296800696733273E-002   1.2884431423417713     
   1.0050000000000006       0.10000000000000010        1.3006891346595613     
   1.0100000000000005       0.10070319930326690        1.3129016875097264     
   1.0150000000000003       0.10140570463371969        1.3250658922433758     
   1.0200000000000002       0.10210682270341175        1.3371668984809921     
   1.0250000000000001       0.10280586159345534        1.3491899287103437     
   1.0300000000000000       0.10350213143686196        1.3611202928136472     
   1.0349999999999999       0.10419494509935785        1.3729434025097360     
   1.0399999999999998       0.10488361885750255        1.3846447856970545     
   1.0449999999999997       0.10556747307344133        1.3962101006833803     
   1.0499999999999996       0.10624583286562581        1.4076251502883186     
   1.0549999999999995       0.10691802877484043        1.4188758958046843     
   1.0599999999999994       0.10758339742487805        1.4299484708050754     
   1.0649999999999993       0.10824128217721195        1.4408291947800340     
   1.0699999999999992       0.10889103377901901        1.4515045865944067     
   1.0749999999999991       0.10953201100391370        1.4619613777486342     
   1.0799999999999990       0.11016358128476116        1.4721865254319300     
   1.0849999999999989       0.11078512133794460        1.4821672253544769     
   1.0899999999999987       0.11139601777847097        1.4918909243460055     
   1.0949999999999986       0.11199566772530789        1.5013453327083055     
   1.0999999999999985       0.11258347939635444        1.5105184363095037     
   1.1049999999999984       0.11315887269245868        1.5193985084081478     
   1.1099999999999983       0.11372127976990540        1.5279741211954108     
   1.1149999999999982       0.11427014560080943        1.5362341570440061     
   1.1199999999999981       0.11480492852086099        1.5441678194526780     
   1.1249999999999980       0.11532510076388316        1.5517646436754160     
   1.1299999999999979       0.11583014898267321        1.5590145070248675     
   1.1349999999999978       0.11631957475561441        1.5659076388397102     
   1.1399999999999977       0.11679289507855797        1.5724346301060981     
   1.1449999999999976       0.11724964284148977        1.5785864427235983     
   1.1499999999999975       0.11768936728951165        1.5843544184064096     
   1.1549999999999974       0.11811163446768197        1.5897302872109844     
   1.1599999999999973       0.11851602764927682        1.5947061756815559     
   1.1649999999999971       0.11890214774704895        1.5992746146054211     
   1.1699999999999970       0.11926961370707868        1.6034285463702451     
   1.1749999999999969       0.11961806288482821        1.6071613319159972     
   1.1799999999999968       0.11994715140302782        1.6104667572745746     
   1.1849999999999967       0.12025655449104143        1.6133390396905121     
   1.1899999999999966       0.12054596680537584        1.6157728333166499     
   1.1949999999999965       0.12081510273101799        1.6177632344790172     
   1.1999999999999964       0.12106369666330243        1.6193057865055887     
   1.2049999999999963       0.12129150327003110        1.6203964841140659     
   1.2099999999999962       0.12149829773358659        1.6210317773542022     
   1.2149999999999961       0.12168387597279998        1.6212085751006726     
   1.2199999999999960       0.12184805484435428        1.6209242480929220     
   1.2249999999999959       0.12199067232352484        1.6201766315188721     
   1.2299999999999958       0.12211158766407812        1.6189640271398169     
   1.2349999999999957       0.12221068153717130        1.6172852049543058     
   1.2399999999999956       0.12228785614911535        1.6151394043992588     
   1.2449999999999954       0.12234303533788572        1.6125263350870265     
   1.2499999999999953       0.12237616464828494        1.6094461770775585     
   1.2549999999999952       0.12238721138568340        1.6058995806853431     
   1.2599999999999951       0.12237616464828498        1.6018876658211767     
   1.2649999999999950       0.12234303533788579        1.5974120208693825     
   1.2699999999999949       0.12228785614911547        1.5924747011014710     
   1.2749999999999948       0.12221068153717146        1.5870782266277579     
   1.2799999999999947       0.12211158766407833        1.5812255798889021     
   1.2849999999999946       0.12199067232352509        1.5749202026897793     
   1.2899999999999945       0.12184805484435457        1.5681659927785747     
   1.2949999999999944       0.12168387597280031        1.5609672999744446     
   1.2999999999999943       0.12149829773358696        1.5533289218475275     
   1.3049999999999942       0.12129150327003151        1.5452560989555584     
   1.3099999999999941       0.12106369666330288        1.5367545096417736     
   1.3149999999999940       0.12081510273101848        1.5278302643992312     
   1.3199999999999938       0.12054596680537637        1.5184898998071319     
   1.3249999999999937       0.12025655449104199        1.5087403720451200     
   1.3299999999999936       0.11994715140302843        1.4985890499919976     
   1.3349999999999935       0.11961806288482885        1.4880437079156967     
   1.3399999999999934       0.11926961370707936        1.4771125177617528     
   1.3449999999999933       0.11890214774704964        1.4658040410479374     
   1.3499999999999932       0.11851602764927757        1.4541272203731181     
   1.3549999999999931       0.11811163446768275        1.4420913705487490     
   1.3599999999999930       0.11768936728951246        1.4297061693618547     
   1.3649999999999929       0.11724964284149063        1.4169816479786532     
   1.3699999999999928       0.11679289507855885        1.4039281809983943     
   1.3749999999999927       0.11631957475561533        1.3905564761672939     
   1.3799999999999926       0.11583014898267414        1.3768775637628068     
   1.3849999999999925       0.11532510076388414        1.3629027856588041     
   1.3899999999999924       0.11480492852086199        1.3486437840825332     
   1.3949999999999922       0.11427014560081043        1.3341124900745591     
   1.3999999999999921       0.11372127976990647        1.3193211116631651     
   1.4049999999999920       0.11315887269245975        1.3042821217649809     
   1.4099999999999919       0.11258347939635553        1.2890082458238881     
   1.4149999999999918       0.11199566772530900        1.2735124492004850     
   1.4199999999999917       0.11139601777847212        1.2578079243246643     
   1.4249999999999916       0.11078512133794577        1.2419080776240794     
   1.4299999999999915       0.11016358128476234        1.2258265162414990     
   1.4349999999999914       0.10953201100391488        1.2095770345542363     
   1.4399999999999913       0.10889103377902024        1.1931736005090776     
   1.4449999999999912       0.10824128217721318        1.1766303417862443     
   1.4499999999999911       0.10758339742487927        1.1599615318061771     
   1.4549999999999910       0.10691802877484170        1.1431815755929957     
   1.4599999999999909       0.10624583286562708        1.1263049955086735     
   1.4649999999999908       0.10556747307344261        1.1093464168720961     
   1.4699999999999906       0.10488361885750383        1.0923205534772422     
   1.4749999999999905       0.10419494509935917        1.0752421930248508     
   1.4799999999999904       0.10350213143686328        1.0581261824820223     
   1.4849999999999903       0.10280586159345664        1.0409874133842392     
   1.4899999999999902       0.10210682270341309        1.0238408070943703     
   1.4949999999999901       0.10140570463372102        1.0067013000332401     
   1.4999999999999900       0.10070319930326824       0.98958382889639529     
   1.5049999999999899       0.10000000000000141       0.97250331587166006     
   1.5099999999999898        9.9296800696734619E-002  0.95547465387212815     
   1.5149999999999897        9.8594295366281837E-002  0.93851269179915131     
   1.5199999999999896        9.7893177296589751E-002  0.92163221984992105     
   1.5249999999999895        9.7194138406546143E-002  0.90484795488411962     
   1.5299999999999894        9.6497868563139536E-002  0.88817452586410528     
   1.5349999999999893        9.5805054900643630E-002  0.87162645938299910     
   1.5399999999999892        9.5116381142498915E-002  0.85521816529494721     
   1.5449999999999890        9.4432526926560151E-002  0.83896392246173224     
   1.5499999999999889        9.3754167134375663E-002  0.82287786462978174     
   1.5549999999999888        9.3081971225161000E-002  0.80697396645151365     
   1.5599999999999887        9.2416602575123380E-002  0.79126602966476045     
   1.5649999999999886        9.1758717822789465E-002  0.77576766944391928     
   1.5699999999999885        9.1108966220982385E-002  0.76049230093625053     
   1.5749999999999884        9.0467988996087656E-002  0.74545312599658753     
   1.5799999999999883        8.9836418715240174E-002  0.73066312013352042     
   1.5849999999999882        8.9214878662056740E-002  0.71613501967989035     
   1.5899999999999881        8.8603982221530334E-002  0.70188130920022740     
   1.5949999999999880        8.8004332274693384E-002  0.68791420914752544     
   1.5999999999999879        8.7416520603646825E-002  0.67424566378147821     
   1.6049999999999878        8.6841127307542551E-002  0.66088732936007488     
   1.6099999999999877        8.6278720230095779E-002  0.64785056261616014     
   1.6149999999999876        8.5729854399191729E-002  0.63514640953029289     
   1.6199999999999875        8.5195071479140155E-002  0.62278559441093284     
   1.6249999999999873        8.4674899236117943E-002  0.61077850929269162     
   1.6299999999999872        8.4169851017327851E-002  0.59913520366308215     
   1.6349999999999871        8.3680425244386625E-002  0.58786537452783760     
   1.6399999999999870        8.3207104921443037E-002  0.57697835682458221     
   1.6449999999999869        8.2750357158511187E-002  0.56648311419426367     
   1.6499999999999868        8.2310632710489273E-002  0.55638823011941763     
   1.6549999999999867        8.1888365532318930E-002  0.54670189943797032     
   1.6599999999999866        8.1483972350724035E-002  0.53743192024090491     
   1.6649999999999865        8.1097852252951866E-002  0.52858568616176982     
   1.6699999999999864        8.0730386292922077E-002  0.52017017906557872     
   1.6749999999999863        8.0381937115172539E-002  0.51219196214429541     
   1.6799999999999862        8.0052848596972870E-002  0.50465717342567562     
   1.6849999999999861        7.9743445508959204E-002  0.49757151970184060     
   1.6899999999999860        7.9454033194624768E-002  0.49094027088353742     
   1.6949999999999859        7.9184897268982576E-002  0.48476825478562569     
   1.6999999999999857        7.8936303336698099E-002  0.47905985234890708     
   1.7049999999999856        7.8708496729969379E-002  0.47381899330297605     
   1.7099999999999855        7.8501702266413842E-002  0.46904915227434890     
   1.7149999999999854        7.8316124027200409E-002  0.46475334534367085     
   1.7199999999999853        7.8151945155646052E-002  0.46093412705538422     
   1.7249999999999852        7.8009327676475462E-002  0.45759358788276139     
   1.7299999999999851        7.7888412335922128E-002  0.45473335215078942     
   1.7349999999999850        7.7789318462828910E-002  0.45235457641892030     
   1.7399999999999849        7.7712143850884804E-002  0.45045794832525587     
   1.7449999999999848        7.7656964662114386E-002  0.44904368589327581     
   1.7499999999999847        7.7623835351715118E-002  0.44811153730177278     
   1.7549999999999846        7.7612788614316613E-002  0.44766078111818397     
   1.7599999999999845        7.7623835351714979E-002  0.44769022699506228     
   1.7649999999999844        7.7656964662114109E-002  0.44819821682897587     
   1.7699999999999843        7.7712143850884402E-002  0.44918262638065870     
   1.7749999999999841        7.7789318462828369E-002  0.45064086735478093     
   1.7799999999999840        7.7888412335921448E-002  0.45256988993727276     
   1.7849999999999839        7.8009327676474643E-002  0.45496618578764508     
   1.7899999999999838        7.8151945155645108E-002  0.45782579148335173     
   1.7949999999999837        7.8316124027199341E-002  0.46114429241274235     
   1.7999999999999836        7.8501702266412621E-002  0.46491682711275040     
   1.8049999999999835        7.8708496729968047E-002  0.46913809204700696     
   1.8099999999999834        7.8936303336696628E-002  0.47380234681962657     
   1.8149999999999833        7.9184897268980980E-002  0.47890341981950590     
   1.8199999999999832        7.9454033194623033E-002  0.48443471428953822     
   1.8249999999999831        7.9743445508957372E-002  0.49038921481471887     
   1.8299999999999830        8.0052848596970913E-002  0.49675949422272903     
   1.8349999999999829        8.0381937115170443E-002  0.50353772089015936     
   1.8399999999999828        8.0730386292919884E-002  0.51071566644714939     
   1.8449999999999827        8.1097852252949548E-002  0.51828471387280672     
   1.8499999999999825        8.1483972350721606E-002  0.52623586597342553     
   1.8549999999999824        8.1888365532316376E-002  0.53455975423509761     
   1.8599999999999823        8.2310632710486623E-002  0.54324664804199896     
   1.8649999999999822        8.2750357158508439E-002  0.55228646425121308     
   1.8699999999999821        8.3207104921440164E-002  0.56166877711466845     
   1.8749999999999820        8.3680425244383655E-002  0.57138282853838562     
   1.8799999999999819        8.4169851017324798E-002  0.58141753866890178     
   1.8849999999999818        8.4674899236114792E-002  0.59176151679645006     
   1.8899999999999817        8.5195071479136880E-002  0.60240307256413683     
   1.8949999999999816        8.5729854399188413E-002  0.61333022747206623     
   1.8999999999999815        8.6278720230092379E-002  0.62453072666507847     
   1.9049999999999814        8.6841127307539040E-002  0.63599205099249967     
   1.9099999999999813        8.7416520603643216E-002  0.64770142932802410     
   1.9149999999999812        8.8004332274689734E-002  0.65964585113760155     
   1.9199999999999811        8.8603982221526628E-002  0.67181207928296593     
   1.9249999999999809        8.9214878662052924E-002  0.68418666304821507     
   1.9299999999999808        8.9836418715236330E-002  0.69675595137662860     
   1.9349999999999807        9.0467988996083756E-002  0.70950610630470767     
   1.9399999999999806        9.1108966220978416E-002  0.72242311658024394     
   1.9449999999999805        9.1758717822785427E-002  0.73549281145103029     
   1.9499999999999804        9.2416602575119314E-002  0.74870087461067258     
   1.9549999999999803        9.3081971225156906E-002  0.76203285828779954     
   1.9599999999999802        9.3754167134371486E-002  0.77547419746485480     
   1.9649999999999801        9.4432526926555932E-002  0.78901022421249800     
   1.9699999999999800        9.5116381142494710E-002  0.80262618212554548     
   1.9749999999999799        9.5805054900639383E-002  0.81630724084629491     
   1.9799999999999798        9.6497868563135233E-002  0.83003851066098500     
   1.9849999999999797        9.7194138406541855E-002  0.84380505715505671     
   1.9899999999999796        9.7893177296585449E-002  0.85759191591284623     
   1.9949999999999795        9.8594295366277521E-002  0.87138410724729920     
   1.9999999999999793        9.9296800696730261E-002  0.88516665094524305     
   2.0049999999999795        9.9999999999997091E-002  0.89892458101377215     
   2.0099999999999794       0.10070319930326392       0.91264296041325410     
   2.0149999999999793       0.10140570463371670       0.92630689576253744     
   2.0199999999999791       0.10210682270340880       0.93990155200191261     
   2.0249999999999790       0.10280586159345241       0.95341216699944231     
   2.0299999999999789       0.10350213143685902       0.96682406608633631     
   2.0349999999999788       0.10419494509935494       0.98012267650710494     
   2.0399999999999787       0.10488361885749965       0.99329354177028795     
   2.0449999999999786       0.10556747307343847        1.0063223358856970     
   2.0499999999999785       0.10624583286562293        1.0191948774741668     
   2.0549999999999784       0.10691802877483761        1.0318971437359576     
   2.0599999999999783       0.10758339742487524        1.0444152842640853     
   2.0649999999999782       0.10824128217720917        1.0567356346889953     
   2.0699999999999781       0.10889103377901628        1.0688447301411590     
   2.0749999999999780       0.10953201100391101        1.0807293185183389     
   2.0799999999999779       0.11016358128475853        1.0923763735444838     
   2.0849999999999778       0.11078512133794198        1.1037731076073507     
   2.0899999999999777       0.11139601777846841        1.1149069843622534     
   2.0949999999999775       0.11199566772530539        1.1257657310894456     
   2.0999999999999774       0.11258347939635197        1.1363373507930112     
   2.1049999999999773       0.11315887269245627        1.1466101340292629     
   2.1099999999999772       0.11372127976990307        1.1565726704529786     
   2.1149999999999771       0.11427014560080714        1.1662138600700742     
   2.1199999999999770       0.11480492852085876        1.1755229241855532     
   2.1249999999999769       0.11532510076388100        1.1844894160358972     
   2.1299999999999768       0.11583014898267112        1.1931032310953678     
   2.1349999999999767       0.11631957475561240        1.2013546170459763     
   2.1399999999999766       0.11679289507855600        1.2092341834012401     
   2.1449999999999765       0.11724964284148788        1.2167329107741454     
   2.1499999999999764       0.11768936728950984        1.2238421597800961     
   2.1549999999999763       0.11811163446768022        1.2305536795659835     
   2.1599999999999762       0.11851602764927516        1.2368596159568785     
   2.1649999999999761       0.11890214774704735        1.2427525192121893     
   2.1699999999999759       0.11926961370707719        1.2482253513835602     
   2.1749999999999758       0.11961806288482676        1.2532714932671225     
   2.1799999999999757       0.11994715140302648        1.2578847509431492     
   2.1849999999999756       0.12025655449104017        1.2620593618965248     
   2.1899999999999755       0.12054596680537466        1.2657900007119025     
   2.1949999999999754       0.12081510273101689        1.2690717843377888     
   2.1999999999999753       0.12106369666330141        1.2719002769142573     
   2.2049999999999752       0.12129150327003019        1.2742714941594051     
   2.2099999999999751       0.12149829773358575        1.2761819073100988     
   2.2149999999999750       0.12168387597279923        1.2776284466130126     
   2.2199999999999749       0.12184805484435363        1.2786085043623789     
   2.2249999999999748       0.12199067232352429        1.2791199374813653     
   2.2299999999999747       0.12211158766407765        1.2791610696443823     
   2.2349999999999746       0.12221068153717092        1.2787306929381503     
   2.2399999999999745       0.12228785614911507        1.2778280690597550     
   2.2449999999999743       0.12234303533788553        1.2764529300504253     
   2.2499999999999742       0.12237616464828485        1.2746054785641909     
   2.2549999999999741       0.12238721138568340        1.2722863876710930     
   2.2599999999999740       0.12237616464828507        1.2694968001950180     
   2.2649999999999739       0.12234303533788599        1.2662383275867626     
   2.2699999999999738       0.12228785614911575        1.2625130483333451     
   2.2749999999999737       0.12221068153717182        1.2583235059050881     
   2.2799999999999736       0.12211158766407879        1.2536727062424109     
   2.2849999999999735       0.12199067232352565        1.2485641147847946     
   2.2899999999999734       0.12184805484435522        1.2430016530447825     
   2.2949999999999733       0.12168387597280104        1.2369896947303758     
   2.2999999999999732       0.12149829773358779        1.2305330614196295     
   2.3049999999999731       0.12129150327003242        1.2236370177916795     
   2.3099999999999730       0.12106369666330388        1.2163072664189214     
   2.3149999999999729       0.12081510273101956        1.2085499421254644     
   2.3199999999999728       0.12054596680537756        1.2003716059174434     
   2.3249999999999726       0.12025655449104326        1.1917792384911896     
   2.3299999999999725       0.11994715140302978        1.1827802333256923     
   2.3349999999999724       0.11961806288483029        1.1733823893662092     
   2.3399999999999723       0.11926961370708088        1.1635939033062637     
   2.3449999999999722       0.11890214774705125        1.1534233614757181     
   2.3499999999999721       0.11851602764927924        1.1428797313429659     
   2.3549999999999720       0.11811163446768451        1.1319723526396932     
   2.3599999999999719       0.11768936728951429        1.1207109281170318     
   2.3649999999999718       0.11724964284149252        1.1091055139423098     
   2.3699999999999717       0.11679289507856080        1.0971665097459415     
   2.3749999999999716       0.11631957475561737        1.0849046483283644     
   2.3799999999999715       0.11583014898267625        1.0723309850372691     
   2.3849999999999714       0.11532510076388629        1.0594568868257010     
   2.3899999999999713       0.11480492852086423        1.0462940210019103     
   2.3949999999999712       0.11427014560081274        1.0328543436821571     
   2.3999999999999710       0.11372127976990880        1.0191500879579722     
   2.4049999999999709       0.11315887269246214        1.0051937517896274     
   2.4099999999999708       0.11258347939635800       0.99099808563788727     
   2.4149999999999707       0.11199566772531153       0.97657607984632600     
   2.4199999999999706       0.11139601777847466       0.96194095178677508     
   2.4249999999999705       0.11078512133794838       0.94710613278067890     
   2.4299999999999704       0.11016358128476500       0.93208525480936355     
   2.4349999999999703       0.10953201100391759       0.91689213702642480     
   2.4399999999999702       0.10889103377902294       0.90154077208564687     
   2.4449999999999701       0.10824128217721596       0.88604531229801964     
   2.4499999999999700       0.10758339742488209       0.87042005563161640     
   2.4549999999999699       0.10691802877484451       0.85467943156822301     
   2.4599999999999698       0.10624583286562991       0.83883798683075150     
   2.4649999999999697       0.10556747307344551       0.82291037099560371     
   2.4699999999999696       0.10488361885750674       0.80691132200424354     
   2.4749999999999694       0.10419494509936207       0.79085565158835824     
   2.4799999999999693       0.10350213143686623       0.77475823062302374     
   2.4849999999999692       0.10280586159345961       0.75863397442240665     
   2.4899999999999691       0.10210682270341603       0.74249782799254949     
   2.4949999999999690       0.10140570463372396       0.72636475125583977     
   2.4999999999999689       0.10070319930327122       0.71024970426178391     
   2.5049999999999688       0.10000000000000439       0.69416763239869539     
   2.5099999999999687        9.9296800696737561E-002  0.67813345162095084     
   2.5149999999999686        9.8594295366284807E-002  0.66216203370637694     
   2.5199999999999685        9.7893177296592720E-002  0.64626819155835580     
   2.5249999999999684        9.7194138406549113E-002  0.63046666456715705     
   2.5299999999999683        9.6497868563142450E-002  0.61477210404493876     
   2.5349999999999682        9.5805054900646558E-002  0.59919905874881174     
   2.5399999999999681        9.5116381142501830E-002  0.58376196050621809     
   2.5449999999999680        9.4432526926563010E-002  0.56847510995683570     
   2.5499999999999678        9.3754167134378494E-002  0.55335266242503411     
   2.5549999999999677        9.3081971225163804E-002  0.53840861393682571     
   2.5599999999999676        9.2416602575126183E-002  0.52365678739508459     
   2.5649999999999675        9.1758717822792241E-002  0.50911081892663956     
   2.5699999999999674        9.1108966220985091E-002  0.49478414441471391     
   2.5749999999999673        9.0467988996090362E-002  0.48068998622994252     
   2.5799999999999672        8.9836418715242866E-002  0.46684134017304219     
   2.5849999999999671        8.9214878662059321E-002  0.45325096264198067     
   2.5899999999999670        8.8603982221532901E-002  0.43993135803628264     
   2.5949999999999669        8.8004332274695868E-002  0.42689476641083751     
   2.5999999999999668        8.7416520603649267E-002  0.41415315139138342     
   2.6049999999999667        8.6841127307544966E-002  0.40171818836352230     
   2.6099999999999666        8.6278720230098110E-002  0.38960125294690434     
   2.6149999999999665        8.5729854399194033E-002  0.37781340976589817     
   2.6199999999999664        8.5195071479142390E-002  0.36636540152778091     
   2.6249999999999662        8.4674899236120094E-002  0.35526763841919823     
   2.6299999999999661        8.4169851017329961E-002  0.34453018783130945     
   2.6349999999999660        8.3680425244388679E-002  0.33416276442369858     
   2.6399999999999659        8.3207104921444994E-002  0.32417472053683949     
   2.6449999999999658        8.2750357158513088E-002  0.31457503696251760     
   2.6499999999999657        8.2310632710491077E-002  0.30537231408127302     
   2.6549999999999656        8.1888365532320664E-002  0.29657476337558625     
   2.6599999999999655        8.1483972350725714E-002  0.28819019932712225     
   2.6649999999999654        8.1097852252953434E-002  0.28022603170599980     
   2.6699999999999653        8.0730386292923589E-002  0.27268925825966839     
   2.6749999999999652        8.0381937115173982E-002  0.26558645780853596     
   2.6799999999999651        8.0052848596974202E-002  0.25892378375516345     
   2.6849999999999650        7.9743445508960481E-002  0.25270695801337922     
   2.6899999999999649        7.9454033194625961E-002  0.24694126536325650     
   2.6949999999999648        7.9184897268983673E-002  0.24163154823751681     
   2.6999999999999647        7.8936303336699112E-002  0.23678220194445390     
   2.7049999999999645        7.8708496729970309E-002  0.23239717033206059     
   2.7099999999999644        7.8501702266414661E-002  0.22847994189761484     
   2.7149999999999643        7.8316124027201145E-002  0.22503354634652725     
   2.7199999999999642        7.8151945155646690E-002  0.22206055160380847     
   2.7249999999999641        7.8009327676476004E-002  0.21956306128109146     
   2.7299999999999640        7.7888412335922586E-002  0.21754271260166352     
   2.7349999999999639        7.7789318462829271E-002  0.21600067478552962     
   2.7399999999999638        7.7712143850885082E-002  0.21493764789607861     
   2.7449999999999637        7.7656964662114580E-002  0.21435386214944804     
   2.7499999999999636        7.7623835351715215E-002  0.21424907768725046     
   2.7549999999999635        7.7612788614316613E-002  0.21462258481285162     
   2.7599999999999634        7.7623835351714882E-002  0.21547320469093612     
   2.7649999999999633        7.7656964662113928E-002  0.21679929050964203     
   2.7699999999999632        7.7712143850884111E-002  0.21859872910408876     
   2.7749999999999631        7.7789318462827994E-002  0.22086894303966922     
   2.7799999999999629        7.7888412335920990E-002  0.22360689315300913     
   2.7849999999999628        7.8009327676474088E-002  0.22680908154807253     
   2.7899999999999627        7.8151945155644470E-002  0.23047155504441411     
   2.7949999999999626        7.8316124027198591E-002  0.23458990907415395     
   2.7999999999999625        7.8501702266411788E-002  0.23915929202379499     
   2.8049999999999624        7.8708496729967131E-002  0.24417441001657805     
   2.8099999999999623        7.8936303336695629E-002  0.24962953213061156     
   2.8149999999999622        7.9184897268979870E-002  0.25551849604762106     
   2.8199999999999621        7.9454033194621868E-002  0.26183471412670117     
   2.8249999999999620        7.9743445508956096E-002  0.26857117989705304     
   2.8299999999999619        8.0052848596969567E-002  0.27572047496328989     
   2.8349999999999618        8.0381937115169028E-002  0.28327477631645459     
   2.8399999999999617        8.0730386292918357E-002  0.29122586404353001     
   2.8449999999999616        8.1097852252947966E-002  0.29956512942781327     
   2.8499999999999615        8.1483972350719927E-002  0.30828358343212742     
   2.8549999999999613        8.1888365532314614E-002  0.31737186555651459     
   2.8599999999999612        8.2310632710484818E-002  0.32682025306163803     
   2.8649999999999611        8.2750357158506538E-002  0.33661867054878220     
   2.8699999999999610        8.3207104921438180E-002  0.34675669988700863     
   2.8749999999999609        8.3680425244381629E-002  0.35722359047765750     
   2.8799999999999608        8.4169851017322689E-002  0.36800826984606244     
   2.8849999999999607        8.4674899236112586E-002  0.37909935455005528     
   2.8899999999999606        8.5195071479134674E-002  0.39048516139448081     
   2.8949999999999605        8.5729854399186109E-002  0.40215371894068114     
   2.8999999999999604        8.6278720230090047E-002  0.41409277929961824     
   2.9049999999999603        8.6841127307536639E-002  0.42628983019699490     
   2.9099999999999602        8.7416520603640746E-002  0.43873210729853107     
   2.9149999999999601        8.8004332274687250E-002  0.45140660678323230     
   2.9199999999999600        8.8603982221524047E-002  0.46430009815228912     
   2.9249999999999599        8.9214878662050301E-002  0.47739913726103195     
   2.9299999999999597        8.9836418715233707E-002  0.49069007956108618     
   2.9349999999999596        9.0467988996081050E-002  0.50415909353973531     
   2.9399999999999595        9.1108966220975640E-002  0.51779217434329916     
   2.9449999999999594        9.1758717822782679E-002  0.53157515757109719     
   2.9499999999999593        9.2416602575116510E-002  0.54549373322649453     
   2.9549999999999592        9.3081971225154103E-002  0.55953345981130476     
   2.9599999999999591        9.3754167134368654E-002  0.57367977854971408     
   2.9649999999999590        9.4432526926553045E-002  0.58791802772778168     
   2.9699999999999589        9.5116381142491838E-002  0.60223345713441456     
   2.9749999999999588        9.5805054900636455E-002  0.61661124258967137     
   2.9799999999999587        9.6497868563132291E-002  0.63103650054613580     
   2.9849999999999586        9.7194138406538941E-002  0.64549430274902719     
   2.9899999999999585        9.7893177296582479E-002  0.65996969094065772     
   2.9949999999999584        9.8594295366274509E-002  0.67444769159486706     
   2.9999999999999583        9.9296800696727319E-002  0.68891333066689908     
