   1.0000000000000000E-002   261.66520036846799        73.058236657083896       0.27920501677030718     
   1.1220184543019634E-002   240.21544344981939        61.676842964296611       0.25675636036773297     
   1.2589254117941673E-002   220.95824616246256        51.825288757204603       0.23454788249495498     
   1.4125375446227544E-002   203.67906009910544        43.293320698848682       0.21255656167002721     
   1.5848931924611138E-002   187.39453411567587        39.831937847384665       0.21255656167002715     
   1.7782794100389229E-002   173.65250194966623        33.125986387679170       0.19076020221857126     
   1.9952623149688795E-002   161.34276137372981        27.289085446992210       0.16913733975198642     
   2.2387211385683396E-002   149.83777841911044        25.343163236155942       0.16913733975198642     
   2.5118864315095801E-002   139.62875923118213        23.616436889232762       0.16913733975198642     
   2.8183829312644539E-002   131.02538725508805        19.348145855305781       0.14766715260789617     
   3.1622776601683791E-002   123.00519863271221        18.163827438061293       0.14766715260789615     
   3.5481338923357544E-002   116.26316777885775        14.687453721679033       0.12632937844611111     
   3.9810717055349720E-002   110.02825092941870        13.899800551426214       0.12632937844611114     
   4.4668359215096320E-002   104.56940499285068        13.210187937226495       0.12632937844611111     
   5.0118723362727241E-002   99.820021175466550        12.610201231574340       0.12632937844611111     
   5.6234132519034918E-002   95.960755126261006        10.085881783062739       0.10510423526567890     
   6.3095734448019358E-002   92.472885761047095        9.7192919407253431       0.10510423526567891     
   7.0794578438413830E-002   89.563191311342038        9.4134707307323033       0.10510423526567891     
   7.9432823472428193E-002   87.210876272310813        9.1662324574509704       0.10510423526567891     
   8.9125093813374620E-002   85.408687830754857        8.9768148194965853       0.10510423526567890     
  0.10000000000000006        84.337222750836716        7.0819944638060708        8.3972346169483153E-002
  0.11220184543019641        83.556186489732468        7.0164090165177067        8.3972346169483153E-002
  0.12589254117941681        83.337502634782496        6.9980456201481696        8.3972346169483153E-002
  0.14125375446227556        83.822005306831883        7.0387304462455411        8.3972346169483153E-002
  0.15848931924611148        85.301776397357102        5.3667328781850800        6.2914667253651205E-002
  0.17782794100389246        87.749590886777341        5.5207363122856208        6.2914667253651205E-002
  0.19952623149688820        91.620622578031814        5.7642809830692343        6.2914667253651205E-002
  0.22387211385683423        97.426453372437791        6.1295528956302885        6.2914667253651205E-002
  0.25118864315095835        106.10299458481008        4.4470330644182425        4.1912418040790045E-002
  0.28183829312644582        118.78828074635237        4.9787040809878516        4.1912418040790045E-002
  0.31622776601683844        137.90439483015228        5.7799066457835080        4.1912418040790045E-002
